[1656527400] LOG ROTATION: DAILY
[1656527400] LOG VERSION: 2.0
[1656527400] CURRENT HOST STATE: AP_Main_Bldg;DOWN;HARD;10;CRITICAL - Host Unreachable (10.3.1.25)
[1656527400] CURRENT HOST STATE: Director_Bldg;UP;HARD;1;PING OK - Packet loss = 0%, RTA = 0.59 ms
[1656527400] CURRENT HOST STATE: Director_Resident;UP;HARD;1;PING OK - Packet loss = 0%, RTA = 0.42 ms
[1656527400] CURRENT HOST STATE: Switch_29;UP;HARD;1;PING OK - Packet loss = 0%, RTA = 7.32 ms
[1656527400] CURRENT HOST STATE: Switch_30;UP;HARD;1;PING OK - Packet loss = 0%, RTA = 0.85 ms
[1656527400] CURRENT HOST STATE: Switch_31;UP;HARD;1;PING OK - Packet loss = 0%, RTA = 6.23 ms
[1656527400] CURRENT HOST STATE: Switch_32;UP;HARD;1;PING OK - Packet loss = 0%, RTA = 7.12 ms
[1656527400] CURRENT HOST STATE: Switch_33;UP;HARD;1;PING OK - Packet loss = 0%, RTA = 0.79 ms
[1656527400] CURRENT HOST STATE: Switch_34;UP;HARD;1;PING OK - Packet loss = 0%, RTA = 1.90 ms
[1656527400] CURRENT HOST STATE: esxi01;UP;HARD;1;PING OK - Packet loss = 0%, RTA = 0.47 ms
[1656527400] CURRENT HOST STATE: esxi02;UP;HARD;1;PING OK - Packet loss = 0%, RTA = 0.50 ms
[1656527400] CURRENT HOST STATE: esxi03;UP;HARD;1;PING OK - Packet loss = 0%, RTA = 0.46 ms
[1656527400] CURRENT HOST STATE: esxi04;UP;HARD;1;PING OK - Packet loss = 0%, RTA = 0.58 ms
[1656527400] CURRENT HOST STATE: esxi05;UP;HARD;1;PING OK - Packet loss = 0%, RTA = 0.51 ms
[1656527400] CURRENT HOST STATE: esxi06;UP;HARD;1;PING OK - Packet loss = 0%, RTA = 0.62 ms
[1656527400] CURRENT HOST STATE: esxi07;UP;HARD;1;PING OK - Packet loss = 0%, RTA = 0.52 ms
[1656527400] CURRENT HOST STATE: esxi08;UP;HARD;1;PING OK - Packet loss = 0%, RTA = 0.58 ms
[1656527400] CURRENT HOST STATE: esxi09;UP;HARD;1;PING OK - Packet loss = 0%, RTA = 0.51 ms
[1656527400] CURRENT HOST STATE: localhost;UP;HARD;1;PING OK - Packet loss = 0%, RTA = 0.05 ms
[1656527400] CURRENT HOST STATE: vmware10gswitch;UP;HARD;1;PING OK - Packet loss = 0%, RTA = 1.41 ms
[1656527400] CURRENT HOST STATE: vmwaremgmtswitch;UP;HARD;1;PING OK - Packet loss = 0%, RTA = 1.05 ms
[1656527400] CURRENT SERVICE STATE: AP_Main_Bldg;check-host-alive;CRITICAL;HARD;3;CRITICAL - Host Unreachable (10.3.1.25)
[1656527400] CURRENT SERVICE STATE: Director_Bldg;check-host-alive;OK;HARD;1;PING OK - Packet loss = 0%, RTA = 0.64 ms
[1656527400] CURRENT SERVICE STATE: Director_Resident;check-host-alive;OK;HARD;1;PING OK - Packet loss = 0%, RTA = 0.42 ms
[1656527400] CURRENT SERVICE STATE: Switch_29;check-host-alive;OK;HARD;1;PING OK - Packet loss = 0%, RTA = 1.02 ms
[1656527400] CURRENT SERVICE STATE: Switch_30;check-host-alive;OK;HARD;1;PING OK - Packet loss = 0%, RTA = 1.11 ms
[1656527400] CURRENT SERVICE STATE: Switch_31;check-host-alive;OK;HARD;1;PING OK - Packet loss = 0%, RTA = 1.47 ms
[1656527400] CURRENT SERVICE STATE: Switch_32;check-host-alive;OK;HARD;1;PING OK - Packet loss = 0%, RTA = 3.93 ms
[1656527400] CURRENT SERVICE STATE: Switch_33;check-host-alive;OK;HARD;1;PING OK - Packet loss = 0%, RTA = 0.80 ms
[1656527400] CURRENT SERVICE STATE: Switch_34;check-host-alive;OK;HARD;1;PING OK - Packet loss = 0%, RTA = 1.60 ms
[1656527400] CURRENT SERVICE STATE: esxi01;ESXi Hardware Check;OK;HARD;1;OK - Server: Cisco Systems Inc UCSC-C220-M4S s/n: FCH22157EQH Chassis S/N: FCH2216V0WN  System BIOS: C220M4.4.1.2c.0.0202211901 2021-02-02
[1656527400] CURRENT SERVICE STATE: esxi01;PING;OK;HARD;1;PING OK - Packet loss = 0%, RTA = 0.47 ms
[1656527400] CURRENT SERVICE STATE: esxi02;ESXi Hardware Check;OK;HARD;1;OK - Server: Cisco Systems Inc UCSC-C220-M4S s/n: FCH22157E1D Chassis S/N: FCH2216V0Y6  System BIOS: C220M4.4.1.2c.0.0202211901 2021-02-02
[1656527400] CURRENT SERVICE STATE: esxi02;PING;OK;HARD;1;PING OK - Packet loss = 0%, RTA = 0.72 ms
[1656527400] CURRENT SERVICE STATE: esxi03;ESXi Hardware Check;OK;HARD;1;OK - Server: Cisco Systems Inc UCSC-C220-M4S s/n: FCH22157ESB Chassis S/N: FCH2216V0TW  System BIOS: C220M4.4.1.2c.0.0202211901 2021-02-02
[1656527400] CURRENT SERVICE STATE: esxi03;PING;OK;HARD;1;PING OK - Packet loss = 0%, RTA = 0.62 ms
[1656527400] CURRENT SERVICE STATE: esxi04;ESXi Hardware Check;OK;HARD;1;OK - Server: Cisco Systems Inc UCSC-C220-M4S s/n: FCH20177WVC Chassis S/N: FCH2018V06M  System BIOS: C220M4.4.1.2c.0.0202211901 2021-02-02
[1656527400] CURRENT SERVICE STATE: esxi04;PING;OK;HARD;1;PING OK - Packet loss = 0%, RTA = 0.49 ms
[1656527400] CURRENT SERVICE STATE: esxi05;ESXi Hardware Check;OK;HARD;1;OK - Server: Cisco Systems Inc UCSC-C220-M4S s/n: FCH22157EPD Chassis S/N: FCH2216V0Z0  System BIOS: C220M4.4.1.2c.0.0202211901 2021-02-02
[1656527400] CURRENT SERVICE STATE: esxi05;PING;OK;HARD;1;PING OK - Packet loss = 0%, RTA = 0.59 ms
[1656527400] CURRENT SERVICE STATE: esxi06;ESXi Haradware Check;OK;HARD;1;OK - Server: Cisco Systems Inc UCSC-C220-M4S s/n: FCH22157ERW Chassis S/N: FCH2216V0X8  System BIOS: C220M4.4.1.2c.0.0202211901 2021-02-02
[1656527400] CURRENT SERVICE STATE: esxi06;PING;OK;HARD;1;PING OK - Packet loss = 0%, RTA = 0.56 ms
[1656527400] CURRENT SERVICE STATE: esxi07;ESXi Hardware Check;OK;HARD;1;OK - Server: Cisco Systems Inc UCSC-C220-M4S s/n: FCH22157EV7 Chassis S/N: FCH2216V0Y8  System BIOS: C220M4.4.1.2c.0.0202211901 2021-02-02
[1656527400] CURRENT SERVICE STATE: esxi07;PING;OK;HARD;1;PING OK - Packet loss = 0%, RTA = 0.48 ms
[1656527400] CURRENT SERVICE STATE: esxi08;ESXi Hardware Check;OK;HARD;1;OK - Server: Cisco Systems Inc UCSC-C220-M4S s/n: FCH22137QJN Chassis S/N: FCH2216V0YV  System BIOS: C220M4.4.1.2c.0.0202211901 2021-02-02
[1656527400] CURRENT SERVICE STATE: esxi08;PING;OK;HARD;1;PING OK - Packet loss = 0%, RTA = 0.50 ms
[1656527400] CURRENT SERVICE STATE: esxi09;ESXi Hardware Check;OK;HARD;1;OK - Server: Cisco Systems Inc UCSC-C220-M4S s/n: FCH22157ERY Chassis S/N: FCH2216V0YN  System BIOS: C220M4.4.1.2c.0.0202211901 2021-02-02
[1656527400] CURRENT SERVICE STATE: esxi09;PING;OK;HARD;1;PING OK - Packet loss = 0%, RTA = 0.49 ms
[1656527400] CURRENT SERVICE STATE: localhost;Current Load;OK;HARD;1;OK - load average: 0.01, 0.01, 0.00
[1656527400] CURRENT SERVICE STATE: localhost;Current Users;OK;HARD;1;USERS OK - 0 users currently logged in
[1656527400] CURRENT SERVICE STATE: localhost;PING;OK;HARD;1;PING OK - Packet loss = 0%, RTA = 0.05 ms
[1656527400] CURRENT SERVICE STATE: localhost;Root Partition;OK;HARD;1;DISK OK - free space: / 42461 MB (82.97% inode=99%):
[1656527400] CURRENT SERVICE STATE: localhost;SSH;OK;HARD;1;SSH OK - OpenSSH_7.4 (protocol 2.0)
[1656527400] CURRENT SERVICE STATE: localhost;Swap Usage;OK;HARD;1;SWAP OK - 100% free (3967 MB out of 3967 MB)
[1656527400] CURRENT SERVICE STATE: localhost;Total Processes;OK;HARD;1;PROCS OK: 112 processes with STATE = RSZDT
[1656527400] CURRENT SERVICE STATE: vmware10gswitch;check-host-alive;OK;HARD;1;PING OK - Packet loss = 0%, RTA = 1.36 ms
[1656527400] CURRENT SERVICE STATE: vmwaremgmtswitch;check-host-alive;OK;HARD;1;PING OK - Packet loss = 0%, RTA = 1.37 ms
[1656530924] Auto-save of retention data completed successfully.
[1656534524] Auto-save of retention data completed successfully.
[1656538124] Auto-save of retention data completed successfully.
[1656541724] Auto-save of retention data completed successfully.
[1656545324] Auto-save of retention data completed successfully.
[1656548924] Auto-save of retention data completed successfully.
[1656552524] Auto-save of retention data completed successfully.
[1656554657] SERVICE ALERT: esxi03;PING;WARNING;SOFT;1;PING WARNING - Packet loss = 20%, RTA = 1.99 ms
[1656554721] SERVICE ALERT: esxi03;PING;OK;SOFT;2;PING OK - Packet loss = 0%, RTA = 0.40 ms
[1656556124] Auto-save of retention data completed successfully.
[1656559724] Auto-save of retention data completed successfully.
[1656561725] SERVICE ALERT: esxi07;PING;WARNING;SOFT;1;PING WARNING - Packet loss = 20%, RTA = 0.42 ms
[1656561789] SERVICE ALERT: esxi07;PING;OK;SOFT;2;PING OK - Packet loss = 0%, RTA = 0.44 ms
[1656563324] Auto-save of retention data completed successfully.
[1656565592] SERVICE ALERT: esxi03;PING;CRITICAL;SOFT;1;CRITICAL - Plugin timed out
[1656565622] wproc: Core Worker 1300: job 258721 (pid=25872) timed out. Killing it
[1656565622] wproc: CHECK job 258721 from worker Core Worker 1300 timed out after 30.01s
[1656565622] wproc:   host=esxi03; service=(null);
[1656565622] wproc:   early_timeout=1; exited_ok=0; wait_status=0; error_code=62;
[1656565622] Warning: Check of host 'esxi03' timed out after 30.01 seconds
[1656565622] HOST ALERT: esxi03;DOWN;SOFT;1;(Host check timed out after 30.01 seconds)
[1656565622] wproc: Core Worker 1300: job 258721 (pid=25872): Dormant child reaped
[1656565663] SERVICE ALERT: esxi03;PING;CRITICAL;HARD;4;CRITICAL - Plugin timed out
[1656565712] wproc: Core Worker 1300: job 258724 (pid=25903) timed out. Killing it
[1656565712] wproc: CHECK job 258724 from worker Core Worker 1300 timed out after 30.03s
[1656565712] wproc:   host=esxi03; service=(null);
[1656565712] wproc:   early_timeout=1; exited_ok=0; wait_status=0; error_code=62;
[1656565712] Warning: Check of host 'esxi03' timed out after 30.03 seconds
[1656565712] HOST ALERT: esxi03;DOWN;SOFT;2;(Host check timed out after 30.03 seconds)
[1656565712] wproc: Core Worker 1300: job 258724 (pid=25903): Dormant child reaped
[1656565802] wproc: Core Worker 1301: job 258726 (pid=25941) timed out. Killing it
[1656565802] wproc: CHECK job 258726 from worker Core Worker 1301 timed out after 30.02s
[1656565802] wproc:   host=esxi03; service=(null);
[1656565802] wproc:   early_timeout=1; exited_ok=0; wait_status=0; error_code=62;
[1656565802] Warning: Check of host 'esxi03' timed out after 30.02 seconds
[1656565802] HOST ALERT: esxi03;DOWN;SOFT;3;(Host check timed out after 30.02 seconds)
[1656565802] wproc: Core Worker 1301: job 258726 (pid=25941): Dormant child reaped
[1656565830] SERVICE ALERT: esxi03;ESXi Hardware Check;UNKNOWN;HARD;1;UNKNOWN: (0, 'Socket error: [Errno 113] No route to host')
[1656565863] HOST ALERT: esxi03;DOWN;SOFT;4;CRITICAL - Host Unreachable (10.5.5.53)
[1656565924] HOST ALERT: esxi03;DOWN;SOFT;5;CRITICAL - Host Unreachable (10.5.5.53)
[1656565985] HOST ALERT: esxi03;DOWN;SOFT;6;CRITICAL - Host Unreachable (10.5.5.53)
[1656566046] HOST ALERT: esxi03;DOWN;SOFT;7;CRITICAL - Host Unreachable (10.5.5.53)
[1656566107] HOST ALERT: esxi03;DOWN;SOFT;8;CRITICAL - Host Unreachable (10.5.5.53)
[1656566168] HOST ALERT: esxi03;DOWN;SOFT;9;CRITICAL - Host Unreachable (10.5.5.53)
[1656566229] HOST NOTIFICATION: nagiosadmin;esxi03;DOWN;notify-host-by-email;CRITICAL - Host Unreachable (10.5.5.53)
[1656566229] HOST ALERT: esxi03;DOWN;HARD;10;CRITICAL - Host Unreachable (10.5.5.53)
[1656566424] SERVICE ALERT: esxi03;ESXi Hardware Check;OK;HARD;3;OK - Server: Cisco Systems Inc UCSC-C220-M4S s/n: FCH22157ESB Chassis S/N: FCH2216V0TW  System BIOS: C220M4.4.1.2c.0.0202211901 2021-02-02
[1656566428] HOST NOTIFICATION: nagiosadmin;esxi03;UP;notify-host-by-email;PING OK - Packet loss = 0%, RTA = 0.54 ms
[1656566428] HOST ALERT: esxi03;UP;HARD;1;PING OK - Packet loss = 0%, RTA = 0.54 ms
[1656566556] SERVICE ALERT: esxi03;PING;OK;HARD;4;PING OK - Packet loss = 0%, RTA = 0.45 ms
[1656566924] Auto-save of retention data completed successfully.
[1656566937] SERVICE ALERT: esxi09;PING;WARNING;SOFT;1;PING WARNING - Packet loss = 20%, RTA = 0.32 ms
[1656566954] SERVICE ALERT: esxi07;PING;WARNING;SOFT;1;PING WARNING - Packet loss = 40%, RTA = 0.42 ms
[1656567001] SERVICE ALERT: esxi09;PING;OK;SOFT;2;PING OK - Packet loss = 0%, RTA = 0.58 ms
[1656567018] SERVICE ALERT: esxi07;PING;OK;SOFT;2;PING OK - Packet loss = 0%, RTA = 0.43 ms
[1656570524] Auto-save of retention data completed successfully.
[1656573977] SERVICE ALERT: esxi04;PING;WARNING;SOFT;1;PING WARNING - Packet loss = 40%, RTA = 0.59 ms
[1656573978] SERVICE ALERT: esxi02;PING;WARNING;SOFT;1;PING WARNING - Packet loss = 40%, RTA = 0.46 ms
[1656574041] SERVICE ALERT: esxi04;PING;OK;SOFT;2;PING OK - Packet loss = 0%, RTA = 0.47 ms
[1656574042] SERVICE ALERT: esxi02;PING;OK;SOFT;2;PING OK - Packet loss = 0%, RTA = 0.56 ms
[1656574124] Auto-save of retention data completed successfully.
[1656577724] Auto-save of retention data completed successfully.
[1656581324] Auto-save of retention data completed successfully.
[1656584924] Auto-save of retention data completed successfully.
[1656586283] SERVICE ALERT: esxi07;PING;WARNING;SOFT;1;PING WARNING - Packet loss = 40%, RTA = 0.59 ms
[1656586313] wproc: Core Worker 1302: job 259518 (pid=12852) timed out. Killing it
[1656586313] wproc: CHECK job 259518 from worker Core Worker 1302 timed out after 30.01s
[1656586313] wproc:   host=esxi07; service=(null);
[1656586313] wproc:   early_timeout=1; exited_ok=0; wait_status=0; error_code=62;
[1656586313] Warning: Check of host 'esxi07' timed out after 30.01 seconds
[1656586313] HOST ALERT: esxi07;DOWN;SOFT;1;(Host check timed out after 30.01 seconds)
[1656586313] wproc: Core Worker 1302: job 259518 (pid=12852): Dormant child reaped
[1656586354] SERVICE ALERT: esxi07;PING;CRITICAL;HARD;4;CRITICAL - Plugin timed out
[1656586403] wproc: Core Worker 1302: job 259520 (pid=12883) timed out. Killing it
[1656586403] wproc: CHECK job 259520 from worker Core Worker 1302 timed out after 30.01s
[1656586403] wproc:   host=esxi07; service=(null);
[1656586403] wproc:   early_timeout=1; exited_ok=0; wait_status=0; error_code=62;
[1656586403] Warning: Check of host 'esxi07' timed out after 30.01 seconds
[1656586403] HOST ALERT: esxi07;DOWN;SOFT;2;(Host check timed out after 30.01 seconds)
[1656586403] wproc: Core Worker 1302: job 259520 (pid=12883): Dormant child reaped
[1656586493] wproc: Core Worker 1300: job 259524 (pid=12914) timed out. Killing it
[1656586493] wproc: CHECK job 259524 from worker Core Worker 1300 timed out after 30.01s
[1656586493] wproc:   host=esxi07; service=(null);
[1656586493] wproc:   early_timeout=1; exited_ok=0; wait_status=0; error_code=62;
[1656586493] Warning: Check of host 'esxi07' timed out after 30.01 seconds
[1656586493] HOST ALERT: esxi07;DOWN;SOFT;3;(Host check timed out after 30.01 seconds)
[1656586493] wproc: Core Worker 1300: job 259524 (pid=12914): Dormant child reaped
[1656586554] wproc: Core Worker 1300: job 259529 (pid=13101) timed out. Killing it
[1656586554] wproc: CHECK job 259529 from worker Core Worker 1300 timed out after 30.03s
[1656586554] wproc:   host=esxi03; service=(null);
[1656586554] wproc:   early_timeout=1; exited_ok=0; wait_status=0; error_code=62;
[1656586554] Warning: Check of host 'esxi03' timed out after 30.03 seconds
[1656586554] HOST ALERT: esxi03;DOWN;SOFT;1;(Host check timed out after 30.03 seconds)
[1656586554] wproc: Core Worker 1300: job 259529 (pid=13101): Dormant child reaped
[1656586583] wproc: Core Worker 1302: job 259529 (pid=13114) timed out. Killing it
[1656586583] wproc: CHECK job 259529 from worker Core Worker 1302 timed out after 30.01s
[1656586583] wproc:   host=esxi07; service=(null);
[1656586583] wproc:   early_timeout=1; exited_ok=0; wait_status=0; error_code=62;
[1656586583] Warning: Check of host 'esxi07' timed out after 30.01 seconds
[1656586583] HOST ALERT: esxi07;DOWN;SOFT;4;(Host check timed out after 30.01 seconds)
[1656586583] wproc: Core Worker 1302: job 259529 (pid=13114): Dormant child reaped
[1656586644] wproc: Core Worker 1300: job 259532 (pid=13140) timed out. Killing it
[1656586644] wproc: CHECK job 259532 from worker Core Worker 1300 timed out after 30.01s
[1656586644] wproc:   host=esxi03; service=(null);
[1656586644] wproc:   early_timeout=1; exited_ok=0; wait_status=0; error_code=62;
[1656586644] Warning: Check of host 'esxi03' timed out after 30.01 seconds
[1656586644] HOST ALERT: esxi03;DOWN;SOFT;2;(Host check timed out after 30.01 seconds)
[1656586644] wproc: Core Worker 1300: job 259532 (pid=13140): Dormant child reaped
[1656586645] HOST ALERT: esxi07;DOWN;SOFT;5;CRITICAL - Host Unreachable (10.5.5.57)
[1656586660] SERVICE ALERT: esxi07;ESXi Hardware Check;UNKNOWN;HARD;1;UNKNOWN: (0, 'Socket error: [Errno 113] No route to host')
[1656586667] SERVICE ALERT: esxi03;PING;CRITICAL;HARD;1;CRITICAL - Plugin timed out
[1656586704] HOST ALERT: esxi03;DOWN;SOFT;3;CRITICAL - Host Unreachable (10.5.5.53)
[1656586706] HOST ALERT: esxi07;DOWN;SOFT;6;CRITICAL - Host Unreachable (10.5.5.57)
[1656586766] HOST ALERT: esxi03;DOWN;SOFT;4;CRITICAL - Host Unreachable (10.5.5.53)
[1656586767] HOST ALERT: esxi07;DOWN;SOFT;7;CRITICAL - Host Unreachable (10.5.5.57)
[1656586821] SERVICE ALERT: esxi03;ESXi Hardware Check;UNKNOWN;HARD;1;UNKNOWN: (0, 'Socket error: [Errno 113] No route to host')
[1656586827] HOST ALERT: esxi03;DOWN;SOFT;5;CRITICAL - Host Unreachable (10.5.5.53)
[1656586827] HOST ALERT: esxi07;DOWN;SOFT;8;CRITICAL - Host Unreachable (10.5.5.57)
[1656586888] HOST ALERT: esxi03;DOWN;SOFT;6;CRITICAL - Host Unreachable (10.5.5.53)
[1656586888] HOST ALERT: esxi07;DOWN;SOFT;9;CRITICAL - Host Unreachable (10.5.5.57)
[1656586948] HOST ALERT: esxi03;DOWN;SOFT;7;CRITICAL - Host Unreachable (10.5.5.53)
[1656586949] HOST NOTIFICATION: nagiosadmin;esxi07;DOWN;notify-host-by-email;CRITICAL - Host Unreachable (10.5.5.57)
[1656586949] HOST ALERT: esxi07;DOWN;HARD;10;CRITICAL - Host Unreachable (10.5.5.57)
[1656586960] SERVICE ALERT: esxi03;PING;OK;HARD;4;PING OK - Packet loss = 0%, RTA = 0.53 ms
[1656587012] HOST ALERT: esxi03;UP;SOFT;1;PING OK - Packet loss = 0%, RTA = 1.61 ms
[1656587424] SERVICE ALERT: esxi03;ESXi Hardware Check;OK;SOFT;1;OK - Server: Cisco Systems Inc UCSC-C220-M4S s/n: FCH22157ESB Chassis S/N: FCH2216V0TW  System BIOS: C220M4.4.1.2c.0.0202211901 2021-02-02
[1656587867] SERVICE ALERT: esxi03;PING;CRITICAL;SOFT;1;CRITICAL - Plugin timed out
[1656587897] wproc: Core Worker 1300: job 259583 (pid=14290) timed out. Killing it
[1656587897] wproc: CHECK job 259583 from worker Core Worker 1300 timed out after 30.03s
[1656587897] wproc:   host=esxi03; service=(null);
[1656587897] wproc:   early_timeout=1; exited_ok=0; wait_status=0; error_code=62;
[1656587897] Warning: Check of host 'esxi03' timed out after 30.03 seconds
[1656587897] HOST ALERT: esxi03;DOWN;SOFT;1;(Host check timed out after 30.03 seconds)
[1656587897] wproc: Core Worker 1300: job 259583 (pid=14290): Dormant child reaped
[1656587938] SERVICE ALERT: esxi03;PING;CRITICAL;HARD;4;CRITICAL - Plugin timed out
[1656587987] wproc: Core Worker 1303: job 259585 (pid=14318) timed out. Killing it
[1656587987] wproc: CHECK job 259585 from worker Core Worker 1303 timed out after 30.00s
[1656587987] wproc:   host=esxi03; service=(null);
[1656587987] wproc:   early_timeout=1; exited_ok=0; wait_status=0; error_code=62;
[1656587987] Warning: Check of host 'esxi03' timed out after 30.00 seconds
[1656587987] HOST ALERT: esxi03;DOWN;SOFT;2;(Host check timed out after 30.00 seconds)
[1656587987] wproc: Core Worker 1303: job 259585 (pid=14318): Dormant child reaped
[1656588076] wproc: Core Worker 1302: job 259589 (pid=14512) timed out. Killing it
[1656588076] wproc: CHECK job 259589 from worker Core Worker 1302 timed out after 60.02s
[1656588076] wproc:   host=esxi03; service=ESXi Hardware Check;
[1656588076] wproc:   early_timeout=1; exited_ok=0; wait_status=0; error_code=62;
[1656588076] Warning: Check of service 'ESXi Hardware Check' on host 'esxi03' timed out after 60.015s!
[1656588076] SERVICE ALERT: esxi03;ESXi Hardware Check;CRITICAL;HARD;1;(Service check timed out after 60.02 seconds)
[1656588076] wproc: Core Worker 1302: job 259589 (pid=14512): Dormant child reaped
[1656588077] wproc: Core Worker 1303: job 259590 (pid=14523) timed out. Killing it
[1656588077] wproc: CHECK job 259590 from worker Core Worker 1303 timed out after 30.03s
[1656588077] wproc:   host=esxi03; service=(null);
[1656588077] wproc:   early_timeout=1; exited_ok=0; wait_status=0; error_code=62;
[1656588077] Warning: Check of host 'esxi03' timed out after 30.03 seconds
[1656588077] HOST ALERT: esxi03;DOWN;SOFT;3;(Host check timed out after 30.03 seconds)
[1656588077] wproc: Core Worker 1303: job 259590 (pid=14523): Dormant child reaped
[1656588139] HOST ALERT: esxi03;DOWN;SOFT;4;CRITICAL - Host Unreachable (10.5.5.53)
[1656588201] HOST ALERT: esxi03;DOWN;SOFT;5;CRITICAL - Host Unreachable (10.5.5.53)
[1656588262] HOST ALERT: esxi03;DOWN;SOFT;6;CRITICAL - Host Unreachable (10.5.5.53)
[1656588323] HOST ALERT: esxi03;DOWN;SOFT;7;CRITICAL - Host Unreachable (10.5.5.53)
[1656588384] HOST ALERT: esxi03;DOWN;SOFT;8;CRITICAL - Host Unreachable (10.5.5.53)
[1656588445] HOST ALERT: esxi03;DOWN;SOFT;9;CRITICAL - Host Unreachable (10.5.5.53)
[1656588506] HOST NOTIFICATION: nagiosadmin;esxi03;DOWN;notify-host-by-email;CRITICAL - Host Unreachable (10.5.5.53)
[1656588506] HOST ALERT: esxi03;DOWN;HARD;10;CRITICAL - Host Unreachable (10.5.5.53)
[1656588524] Auto-save of retention data completed successfully.
[1656588621] SERVICE FLAPPING ALERT: esxi03;ESXi Hardware Check;STARTED; Service appears to have started flapping (24.2% change >= 20.0% threshold)
[1656588621] SERVICE ALERT: esxi03;ESXi Hardware Check;UNKNOWN;HARD;3;UNKNOWN: (0, 'Socket error: [Errno 113] No route to host')
[1656589410] HOST ALERT: esxi03;UP;HARD;1;PING OK - Packet loss = 0%, RTA = 0.44 ms
[1656589431] SERVICE FLAPPING ALERT: esxi03;PING;STARTED; Service appears to have started flapping (22.1% change >= 20.0% threshold)
[1656589431] SERVICE ALERT: esxi03;PING;OK;HARD;4;PING OK - Packet loss = 0%, RTA = 0.52 ms
[1656589825] SERVICE ALERT: esxi03;ESXi Hardware Check;OK;HARD;3;OK - Server: Cisco Systems Inc UCSC-C220-M4S s/n: FCH22157ESB Chassis S/N: FCH2216V0TW  System BIOS: C220M4.4.1.2c.0.0202211901 2021-02-02
[1656590036] wproc: Core Worker 1302: job 259664 (pid=16266) timed out. Killing it
[1656590036] wproc: CHECK job 259664 from worker Core Worker 1302 timed out after 30.01s
[1656590036] wproc:   host=esxi03; service=(null);
[1656590036] wproc:   early_timeout=1; exited_ok=0; wait_status=0; error_code=62;
[1656590036] Warning: Check of host 'esxi03' timed out after 30.01 seconds
[1656590036] HOST ALERT: esxi03;DOWN;SOFT;1;(Host check timed out after 30.01 seconds)
[1656590036] wproc: Core Worker 1302: job 259664 (pid=16266): Dormant child reaped
[1656590042] SERVICE ALERT: esxi03;PING;CRITICAL;HARD;1;CRITICAL - Plugin timed out
[1656590126] wproc: Core Worker 1303: job 259669 (pid=16316) timed out. Killing it
[1656590126] wproc: CHECK job 259669 from worker Core Worker 1303 timed out after 30.02s
[1656590126] wproc:   host=esxi03; service=(null);
[1656590126] wproc:   early_timeout=1; exited_ok=0; wait_status=0; error_code=62;
[1656590126] Warning: Check of host 'esxi03' timed out after 30.02 seconds
[1656590126] HOST ALERT: esxi03;DOWN;SOFT;2;(Host check timed out after 30.02 seconds)
[1656590126] wproc: Core Worker 1303: job 259669 (pid=16316): Dormant child reaped
[1656590216] wproc: Core Worker 1301: job 259674 (pid=16504) timed out. Killing it
[1656590216] wproc: CHECK job 259674 from worker Core Worker 1301 timed out after 30.01s
[1656590216] wproc:   host=esxi03; service=(null);
[1656590216] wproc:   early_timeout=1; exited_ok=0; wait_status=0; error_code=62;
[1656590216] Warning: Check of host 'esxi03' timed out after 30.01 seconds
[1656590216] HOST ALERT: esxi03;DOWN;SOFT;3;(Host check timed out after 30.01 seconds)
[1656590216] wproc: Core Worker 1301: job 259674 (pid=16504): Dormant child reaped
[1656590279] HOST ALERT: esxi03;DOWN;SOFT;4;CRITICAL - Host Unreachable (10.5.5.53)
[1656590342] HOST ALERT: esxi03;DOWN;SOFT;5;CRITICAL - Host Unreachable (10.5.5.53)
[1656590406] HOST ALERT: esxi03;UP;SOFT;1;PING OK - Packet loss = 0%, RTA = 0.35 ms
[1656590547] SERVICE ALERT: esxi07;PING;OK;HARD;4;PING OK - Packet loss = 0%, RTA = 0.54 ms
[1656590551] HOST ALERT: esxi07;UP;HARD;1;PING OK - Packet loss = 0%, RTA = 0.53 ms
[1656590635] SERVICE ALERT: esxi03;PING;OK;SOFT;1;PING OK - Packet loss = 0%, RTA = 0.49 ms
[1656590864] SERVICE ALERT: esxi07;ESXi Hardware Check;OK;SOFT;1;OK - Server: Cisco Systems Inc UCSC-C220-M4S s/n: FCH22157EV7 Chassis S/N: FCH2216V0Y8  System BIOS: C220M4.4.1.2c.0.0202211901 2021-02-02
[1656592124] Auto-save of retention data completed successfully.
[1656595724] Auto-save of retention data completed successfully.
[1656596035] SERVICE FLAPPING ALERT: esxi03;PING;STOPPED; Service appears to have stopped flapping (3.9% change < 5.0% threshold)
[1656599324] Auto-save of retention data completed successfully.
[1656600633] SERVICE FLAPPING ALERT: esxi03;ESXi Hardware Check;STOPPED; Service appears to have stopped flapping (3.9% change < 5.0% threshold)
[1656602924] Auto-save of retention data completed successfully.
[1656606524] Auto-save of retention data completed successfully.
[1656610124] Auto-save of retention data completed successfully.
[1656613724] Auto-save of retention data completed successfully.
