[1563388200] LOG ROTATION: DAILY
[1563388200] LOG VERSION: 2.0
[1563388200] CURRENT HOST STATE: esxi01;UP;HARD;1;PING OK - Packet loss = 0%, RTA = 0.62 ms
[1563388200] CURRENT HOST STATE: esxi02;UP;HARD;1;PING OK - Packet loss = 0%, RTA = 0.45 ms
[1563388200] CURRENT HOST STATE: esxi03;UP;HARD;1;PING OK - Packet loss = 0%, RTA = 0.43 ms
[1563388200] CURRENT HOST STATE: esxi04;UP;HARD;1;PING OK - Packet loss = 0%, RTA = 0.54 ms
[1563388200] CURRENT HOST STATE: esxi05;UP;HARD;1;PING OK - Packet loss = 0%, RTA = 0.41 ms
[1563388200] CURRENT HOST STATE: esxi06;UP;HARD;1;PING OK - Packet loss = 0%, RTA = 0.50 ms
[1563388200] CURRENT HOST STATE: esxi07;UP;HARD;1;PING OK - Packet loss = 20%, RTA = 0.52 ms
[1563388200] CURRENT HOST STATE: esxi08;UP;HARD;1;PING OK - Packet loss = 0%, RTA = 0.47 ms
[1563388200] CURRENT HOST STATE: esxi09;UP;HARD;1;PING OK - Packet loss = 0%, RTA = 0.46 ms
[1563388200] CURRENT HOST STATE: localhost;UP;HARD;1;PING OK - Packet loss = 0%, RTA = 0.05 ms
[1563388200] CURRENT HOST STATE: router1;UP;HARD;1;PING OK - Packet loss = 0%, RTA = 0.66 ms
[1563388200] CURRENT HOST STATE: router2;UP;HARD;1;PING OK - Packet loss = 0%, RTA = 0.80 ms
[1563388200] CURRENT HOST STATE: router3;UP;HARD;1;PING OK - Packet loss = 0%, RTA = 1.84 ms
[1563388200] CURRENT HOST STATE: vmware10gswitch;UP;HARD;1;PING OK - Packet loss = 0%, RTA = 1.42 ms
[1563388200] CURRENT HOST STATE: vmwaremgmtswitch;UP;HARD;1;PING OK - Packet loss = 0%, RTA = 0.83 ms
[1563388200] CURRENT SERVICE STATE: esxi01;ESXi Hardware Check;OK;HARD;1;OK - Server: Cisco Systems Inc UCSC-C220-M4S s/n: FCH22157EQH Chassis S/N: FCH2216V0WN  System BIOS: C220M4.3.0.4a.0.0226182253 2018-02-26
[1563388200] CURRENT SERVICE STATE: esxi01;PING;OK;HARD;1;PING OK - Packet loss = 0%, RTA = 0.55 ms
[1563388200] CURRENT SERVICE STATE: esxi02;ESXi Hardware Check;OK;HARD;1;OK - Server: Cisco Systems Inc UCSC-C220-M4S s/n: FCH22157E1D Chassis S/N: FCH2216V0Y6  System BIOS: C220M4.3.0.4a.0.0226182253 2018-02-26
[1563388200] CURRENT SERVICE STATE: esxi02;PING;OK;HARD;1;PING OK - Packet loss = 0%, RTA = 0.43 ms
[1563388200] CURRENT SERVICE STATE: esxi03;ESXi Hardware Check;OK;HARD;1;OK - Server: Cisco Systems Inc UCSC-C220-M4S s/n: FCH22157ESB Chassis S/N: FCH2216V0TW  System BIOS: C220M4.3.0.4a.0.0226182253 2018-02-26
[1563388200] CURRENT SERVICE STATE: esxi03;PING;WARNING;SOFT;1;PING WARNING - Packet loss = 20%, RTA = 0.45 ms
[1563388200] CURRENT SERVICE STATE: esxi04;ESXi Hardware Check;OK;HARD;1;OK - Server: Cisco Systems Inc UCSC-C220-M4S s/n: FCH22137QKB Chassis S/N: FCH2216V0YZ  System BIOS: C220M4.3.0.4a.0.0226182253 2018-02-26
[1563388200] CURRENT SERVICE STATE: esxi04;PING;OK;HARD;1;PING OK - Packet loss = 0%, RTA = 0.51 ms
[1563388200] CURRENT SERVICE STATE: esxi05;ESXi Hardware Check;OK;HARD;1;OK - Server: Cisco Systems Inc UCSC-C220-M4S s/n: FCH22157EPD Chassis S/N: FCH2216V0Z0  System BIOS: C220M4.3.0.4a.0.0226182253 2018-02-26
[1563388200] CURRENT SERVICE STATE: esxi05;PING;OK;HARD;1;PING OK - Packet loss = 0%, RTA = 0.39 ms
[1563388200] CURRENT SERVICE STATE: esxi06;ESXi Haradware Check;OK;HARD;1;OK - Server: Cisco Systems Inc UCSC-C220-M4S s/n: FCH22157ERW Chassis S/N: FCH2216V0X8  System BIOS: C220M4.3.0.4a.0.0226182253 2018-02-26
[1563388200] CURRENT SERVICE STATE: esxi06;PING;OK;HARD;1;PING OK - Packet loss = 0%, RTA = 0.51 ms
[1563388200] CURRENT SERVICE STATE: esxi07;ESXi Hardware Check;OK;HARD;1;OK - Server: Cisco Systems Inc UCSC-C220-M4S s/n: FCH22157EV7 Chassis S/N: FCH2216V0Y8  System BIOS: C220M4.3.0.4a.0.0226182253 2018-02-26
[1563388200] CURRENT SERVICE STATE: esxi07;PING;OK;HARD;1;PING OK - Packet loss = 0%, RTA = 0.55 ms
[1563388200] CURRENT SERVICE STATE: esxi08;ESXi Hardware Check;OK;HARD;1;OK - Server: Cisco Systems Inc UCSC-C220-M4S s/n: FCH22137QJN Chassis S/N: FCH2216V0YV  System BIOS: C220M4.3.0.4a.0.0226182253 2018-02-26
[1563388200] CURRENT SERVICE STATE: esxi08;PING;OK;HARD;1;PING OK - Packet loss = 0%, RTA = 0.46 ms
[1563388200] CURRENT SERVICE STATE: esxi09;ESXi Hardware Check;OK;HARD;1;OK - Server: Cisco Systems Inc UCSC-C220-M4S s/n: FCH22157ERY Chassis S/N: FCH2216V0YN  System BIOS: C220M4.3.0.4a.0.0226182253 2018-02-26
[1563388200] CURRENT SERVICE STATE: esxi09;PING;OK;HARD;1;PING OK - Packet loss = 0%, RTA = 0.50 ms
[1563388200] CURRENT SERVICE STATE: localhost;Current Load;OK;HARD;1;OK - load average: 0.01, 0.03, 0.05
[1563388200] CURRENT SERVICE STATE: localhost;Current Users;OK;HARD;1;USERS OK - 3 users currently logged in
[1563388200] CURRENT SERVICE STATE: localhost;PING;OK;HARD;1;PING OK - Packet loss = 0%, RTA = 0.05 ms
[1563388200] CURRENT SERVICE STATE: localhost;Root Partition;OK;HARD;1;DISK OK - free space: / 43351 MB (84.71% inode=99%):
[1563388200] CURRENT SERVICE STATE: localhost;SSH;OK;HARD;1;SSH OK - OpenSSH_7.4 (protocol 2.0)
[1563388200] CURRENT SERVICE STATE: localhost;Swap Usage;OK;HARD;1;SWAP OK - 100% free (3959 MB out of 3967 MB)
[1563388200] CURRENT SERVICE STATE: localhost;Total Processes;OK;HARD;1;PROCS OK: 81 processes with STATE = RSZDT
[1563388200] CURRENT SERVICE STATE: router1;check-host-alive;OK;HARD;1;PING OK - Packet loss = 0%, RTA = 0.58 ms
[1563388200] CURRENT SERVICE STATE: router2;check-host-alive;OK;HARD;1;PING OK - Packet loss = 0%, RTA = 0.77 ms
[1563388200] CURRENT SERVICE STATE: router3;check-host-alive;OK;HARD;1;PING OK - Packet loss = 0%, RTA = 1.68 ms
[1563388200] CURRENT SERVICE STATE: vmware10gswitch;check-host-alive;OK;HARD;1;PING OK - Packet loss = 0%, RTA = 1.37 ms
[1563388200] CURRENT SERVICE STATE: vmwaremgmtswitch;check-host-alive;OK;HARD;1;PING OK - Packet loss = 0%, RTA = 3.74 ms
[1563388233] SERVICE ALERT: esxi03;PING;OK;SOFT;2;PING OK - Packet loss = 0%, RTA = 0.42 ms
[1563389199] Auto-save of retention data completed successfully.
[1563389798] SERVICE ALERT: esxi03;PING;WARNING;SOFT;1;PING WARNING - Packet loss = 20%, RTA = 0.45 ms
[1563389862] SERVICE ALERT: esxi03;PING;OK;SOFT;2;PING OK - Packet loss = 0%, RTA = 0.44 ms
[1563392799] Auto-save of retention data completed successfully.
[1563393227] SERVICE ALERT: esxi03;PING;WARNING;SOFT;1;PING WARNING - Packet loss = 20%, RTA = 0.35 ms
[1563393291] SERVICE ALERT: esxi03;PING;OK;SOFT;2;PING OK - Packet loss = 0%, RTA = 0.42 ms
[1563395456] SERVICE ALERT: esxi03;PING;WARNING;SOFT;1;PING WARNING - Packet loss = 20%, RTA = 0.71 ms
[1563395520] SERVICE ALERT: esxi03;PING;OK;SOFT;2;PING OK - Packet loss = 0%, RTA = 0.41 ms
[1563396399] Auto-save of retention data completed successfully.
[1563396785] SERVICE ALERT: esxi03;PING;WARNING;SOFT;1;PING WARNING - Packet loss = 20%, RTA = 0.42 ms
[1563396849] SERVICE ALERT: esxi03;PING;OK;SOFT;2;PING OK - Packet loss = 0%, RTA = 0.51 ms
[1563397514] SERVICE ALERT: esxi03;PING;WARNING;SOFT;1;PING WARNING - Packet loss = 20%, RTA = 0.39 ms
[1563397578] SERVICE ALERT: esxi03;PING;OK;SOFT;2;PING OK - Packet loss = 0%, RTA = 0.43 ms
[1563398243] SERVICE ALERT: esxi03;PING;WARNING;SOFT;1;PING WARNING - Packet loss = 20%, RTA = 0.44 ms
[1563398307] SERVICE ALERT: esxi03;PING;OK;SOFT;2;PING OK - Packet loss = 0%, RTA = 0.57 ms
[1563398972] SERVICE ALERT: esxi03;PING;WARNING;SOFT;1;PING WARNING - Packet loss = 20%, RTA = 0.58 ms
[1563399036] SERVICE ALERT: esxi03;PING;OK;SOFT;2;PING OK - Packet loss = 0%, RTA = 0.45 ms
[1563399999] Auto-save of retention data completed successfully.
[1563403599] Auto-save of retention data completed successfully.
[1563403601] SERVICE ALERT: esxi03;PING;WARNING;SOFT;1;PING WARNING - Packet loss = 20%, RTA = 0.46 ms
[1563403665] SERVICE ALERT: esxi03;PING;OK;SOFT;2;PING OK - Packet loss = 0%, RTA = 0.44 ms
[1563403730] SERVICE ALERT: esxi03;PING;WARNING;SOFT;1;PING WARNING - Packet loss = 20%, RTA = 0.53 ms
[1563403794] SERVICE ALERT: esxi03;PING;OK;SOFT;2;PING OK - Packet loss = 0%, RTA = 0.51 ms
[1563404459] SERVICE ALERT: esxi03;PING;WARNING;SOFT;1;PING WARNING - Packet loss = 20%, RTA = 0.42 ms
[1563404523] SERVICE ALERT: esxi03;PING;OK;SOFT;2;PING OK - Packet loss = 0%, RTA = 0.48 ms
[1563406388] SERVICE ALERT: esxi03;PING;WARNING;SOFT;1;PING WARNING - Packet loss = 20%, RTA = 0.40 ms
[1563406452] SERVICE ALERT: esxi03;PING;OK;SOFT;2;PING OK - Packet loss = 0%, RTA = 0.85 ms
[1563407199] Auto-save of retention data completed successfully.
[1563407417] SERVICE ALERT: esxi03;PING;WARNING;SOFT;1;PING WARNING - Packet loss = 20%, RTA = 0.38 ms
[1563407481] SERVICE ALERT: esxi03;PING;OK;SOFT;2;PING OK - Packet loss = 0%, RTA = 1.28 ms
[1563409646] SERVICE ALERT: esxi03;PING;WARNING;SOFT;1;PING WARNING - Packet loss = 20%, RTA = 0.52 ms
[1563409710] SERVICE ALERT: esxi03;PING;OK;SOFT;2;PING OK - Packet loss = 0%, RTA = 0.45 ms
[1563410799] Auto-save of retention data completed successfully.
[1563410975] SERVICE ALERT: esxi03;PING;WARNING;SOFT;1;PING WARNING - Packet loss = 20%, RTA = 0.52 ms
[1563411039] SERVICE ALERT: esxi03;PING;OK;SOFT;2;PING OK - Packet loss = 0%, RTA = 0.56 ms
[1563412604] SERVICE ALERT: esxi03;PING;WARNING;SOFT;1;PING WARNING - Packet loss = 20%, RTA = 0.49 ms
[1563412668] SERVICE ALERT: esxi03;PING;OK;SOFT;2;PING OK - Packet loss = 0%, RTA = 0.54 ms
[1563414399] Auto-save of retention data completed successfully.
[1563417999] Auto-save of retention data completed successfully.
[1563418733] SERVICE ALERT: esxi03;PING;WARNING;SOFT;1;PING WARNING - Packet loss = 20%, RTA = 0.54 ms
[1563418797] SERVICE ALERT: esxi03;PING;OK;SOFT;2;PING OK - Packet loss = 0%, RTA = 0.45 ms
[1563421599] Auto-save of retention data completed successfully.
[1563425199] Auto-save of retention data completed successfully.
[1563428799] Auto-save of retention data completed successfully.
[1563431034] Caught SIGTERM, shutting down...
[1563431034] Caught SIGTERM, shutting down...
[1563431034] Successfully shutdown... (PID=12902)
[1563431034] Nagios 4.4.3 starting... (PID=15767)
[1563431034] Local time is Thu Jul 18 11:53:54 IST 2019
[1563431034] LOG VERSION: 2.0
[1563431034] qh: Socket '/usr/local/nagios/var/rw/nagios.qh' successfully initialized
[1563431034] qh: core query handler registered
[1563431034] qh: echo service query handler registered
[1563431034] qh: help for the query handler registered
[1563431034] wproc: Successfully registered manager as @wproc with query handler
[1563431034] wproc: Registry request: name=Core Worker 15769;pid=15769
[1563431034] wproc: Registry request: name=Core Worker 15771;pid=15771
[1563431034] wproc: Registry request: name=Core Worker 15768;pid=15768
[1563431034] wproc: Registry request: name=Core Worker 15770;pid=15770
[1563431034] Successfully launched command file worker with pid 15772
[1563431770] Caught SIGTERM, shutting down...
[1563431770] Caught SIGTERM, shutting down...
[1563431770] Caught SIGTERM, shutting down...
[1563431770] Successfully shutdown... (PID=15767)
[1563431770] Nagios 4.4.3 starting... (PID=16604)
[1563431770] Local time is Thu Jul 18 12:06:10 IST 2019
[1563431770] LOG VERSION: 2.0
[1563431770] qh: Socket '/usr/local/nagios/var/rw/nagios.qh' successfully initialized
[1563431770] qh: core query handler registered
[1563431770] qh: echo service query handler registered
[1563431770] qh: help for the query handler registered
[1563431770] wproc: Successfully registered manager as @wproc with query handler
[1563431770] wproc: Registry request: name=Core Worker 16606;pid=16606
[1563431770] wproc: Registry request: name=Core Worker 16605;pid=16605
[1563431770] wproc: Registry request: name=Core Worker 16608;pid=16608
[1563431770] wproc: Registry request: name=Core Worker 16607;pid=16607
[1563431770] Successfully launched command file worker with pid 16609
[1563431771] Caught SIGTERM, shutting down...
[1563431771] Caught SIGTERM, shutting down...
[1563431771] Caught SIGTERM, shutting down...
[1563431771] Successfully shutdown... (PID=16604)
[1563431771] Nagios 4.4.3 starting... (PID=16626)
[1563431771] Local time is Thu Jul 18 12:06:11 IST 2019
[1563431771] LOG VERSION: 2.0
[1563431771] qh: Socket '/usr/local/nagios/var/rw/nagios.qh' successfully initialized
[1563431771] qh: core query handler registered
[1563431771] qh: echo service query handler registered
[1563431771] qh: help for the query handler registered
[1563431771] wproc: Successfully registered manager as @wproc with query handler
[1563431771] wproc: Registry request: name=Core Worker 16630;pid=16630
[1563431771] wproc: Registry request: name=Core Worker 16627;pid=16627
[1563431771] wproc: Registry request: name=Core Worker 16628;pid=16628
[1563431771] wproc: Registry request: name=Core Worker 16629;pid=16629
[1563431771] Successfully launched command file worker with pid 16631
[1563433212] wproc: Core Worker 16628: job 31 (pid=17524) timed out. Killing it
[1563433212] wproc: CHECK job 31 from worker Core Worker 16628 timed out after 492.35s
[1563433212] wproc:   host=esxi09; service=ESXi Hardware Check;
[1563433212] wproc:   early_timeout=1; exited_ok=0; wait_status=0; error_code=62;
[1563433212] Warning: Check of service 'ESXi Hardware Check' on host 'esxi09' timed out after 492.355s!
[1563433212] SERVICE ALERT: esxi09;ESXi Hardware Check;CRITICAL;SOFT;1;(Service check timed out after 492.35 seconds)
[1563433213] wproc: Core Worker 16628: job 31 (pid=17524): Dormant child reaped
[1563433217] SERVICE ALERT: esxi09;PING;CRITICAL;SOFT;1;CRITICAL - Network Unreachable (10.5.5.59)
[1563433217] HOST ALERT: Director_Bldg;DOWN;SOFT;1;CRITICAL - Network Unreachable (10.3.1.10)
[1563433217] HOST ALERT: esxi03;DOWN;SOFT;1;CRITICAL - Network Unreachable (10.5.5.53)
[1563433217] SERVICE ALERT: esxi08;PING;CRITICAL;SOFT;1;CRITICAL - Network Unreachable (10.5.5.58)
[1563433217] SERVICE ALERT: esxi01;PING;CRITICAL;SOFT;1;CRITICAL - Network Unreachable (10.5.5.51)
[1563433217] SERVICE ALERT: esxi04;PING;CRITICAL;SOFT;1;CRITICAL - Network Unreachable (10.5.5.54)
[1563433217] HOST ALERT: esxi05;DOWN;SOFT;1;CRITICAL - Network Unreachable (10.5.5.55)
[1563433217] SERVICE ALERT: esxi06;PING;CRITICAL;SOFT;1;CRITICAL - Network Unreachable (10.5.5.56)
[1563433217] HOST ALERT: vmware10gswitch;DOWN;SOFT;1;CRITICAL - Network Unreachable (10.1.1.40)
[1563433217] HOST ALERT: esxi01;DOWN;SOFT;1;CRITICAL - Network Unreachable (10.5.5.51)
[1563433217] SERVICE ALERT: Director_Resident;check-host-alive;CRITICAL;SOFT;1;CRITICAL - Network Unreachable (10.1.1.26)
[1563433217] SERVICE ALERT: esxi07;PING;CRITICAL;SOFT;1;CRITICAL - Network Unreachable (10.5.5.57)
[1563433217] HOST ALERT: esxi04;DOWN;SOFT;1;CRITICAL - Network Unreachable (10.5.5.54)
[1563433217] HOST ALERT: Director_Resident;DOWN;SOFT;1;CRITICAL - Network Unreachable (10.1.1.26)
[1563433217] SERVICE ALERT: vmwaremgmtswitch;check-host-alive;CRITICAL;SOFT;1;CRITICAL - Network Unreachable (10.1.1.39)
[1563433217] HOST ALERT: esxi02;DOWN;SOFT;1;CRITICAL - Network Unreachable (10.5.5.52)
[1563433217] HOST ALERT: esxi06;DOWN;SOFT;1;CRITICAL - Network Unreachable (10.5.5.56)
[1563433217] SERVICE ALERT: esxi05;PING;CRITICAL;HARD;1;CRITICAL - Network Unreachable (10.5.5.55)
[1563433217] HOST ALERT: AP_Main_Bldg;DOWN;SOFT;1;CRITICAL - Network Unreachable (10.3.1.25)
[1563433217] SERVICE ALERT: esxi03;PING;CRITICAL;HARD;1;CRITICAL - Network Unreachable (10.5.5.53)
[1563433217] SERVICE ALERT: AP_Main_Bldg;check-host-alive;CRITICAL;HARD;1;CRITICAL - Network Unreachable (10.3.1.25)
[1563433217] SERVICE ALERT: esxi02;PING;CRITICAL;HARD;1;CRITICAL - Network Unreachable (10.5.5.52)
[1563433217] HOST ALERT: esxi08;DOWN;SOFT;1;CRITICAL - Network Unreachable (10.5.5.58)
[1563433218] HOST ALERT: esxi07;DOWN;SOFT;1;CRITICAL - Network Unreachable (10.5.5.57)
[1563433218] HOST ALERT: esxi09;DOWN;SOFT;1;CRITICAL - Network Unreachable (10.5.5.59)
[1563433218] SERVICE ALERT: Director_Bldg;check-host-alive;CRITICAL;HARD;1;CRITICAL - Network Unreachable (10.3.1.10)
[1563433218] HOST ALERT: vmwaremgmtswitch;DOWN;SOFT;1;CRITICAL - Network Unreachable (10.1.1.39)
[1563433218] SERVICE ALERT: vmware10gswitch;check-host-alive;CRITICAL;HARD;1;CRITICAL - Network Unreachable (10.1.1.40)
[1563433247] HOST ALERT: esxi03;UP;SOFT;1;PING OK - Packet loss = 0%, RTA = 0.42 ms
[1563433260] HOST ALERT: esxi04;UP;SOFT;1;PING OK - Packet loss = 0%, RTA = 0.45 ms
[1563433274] HOST ALERT: esxi05;UP;SOFT;1;PING OK - Packet loss = 0%, RTA = 0.77 ms
[1563433281] SERVICE ALERT: esxi09;PING;OK;SOFT;2;PING OK - Packet loss = 0%, RTA = 0.41 ms
[1563433281] HOST ALERT: Director_Bldg;UP;SOFT;1;PING OK - Packet loss = 0%, RTA = 0.56 ms
[1563433281] SERVICE ALERT: esxi08;PING;OK;SOFT;2;PING OK - Packet loss = 0%, RTA = 0.54 ms
[1563433281] SERVICE ALERT: esxi04;PING;OK;SOFT;2;PING OK - Packet loss = 0%, RTA = 0.50 ms
[1563433281] SERVICE ALERT: esxi01;PING;OK;SOFT;2;PING OK - Packet loss = 0%, RTA = 0.30 ms
[1563433281] SERVICE ALERT: esxi06;PING;OK;SOFT;2;PING OK - Packet loss = 0%, RTA = 0.35 ms
[1563433281] HOST ALERT: vmware10gswitch;UP;SOFT;1;PING OK - Packet loss = 0%, RTA = 5.83 ms
[1563433281] HOST ALERT: esxi01;UP;SOFT;1;PING OK - Packet loss = 0%, RTA = 0.25 ms
[1563433281] HOST ALERT: Director_Resident;UP;SOFT;1;PING OK - Packet loss = 0%, RTA = 0.59 ms
[1563433281] SERVICE ALERT: esxi07;PING;OK;SOFT;2;PING OK - Packet loss = 0%, RTA = 0.34 ms
[1563433281] HOST ALERT: esxi02;UP;SOFT;1;PING OK - Packet loss = 0%, RTA = 0.36 ms
[1563433281] HOST ALERT: AP_Main_Bldg;UP;SOFT;1;PING OK - Packet loss = 0%, RTA = 0.68 ms
[1563433281] HOST ALERT: esxi06;UP;SOFT;1;PING OK - Packet loss = 0%, RTA = 0.30 ms
[1563433281] HOST ALERT: esxi08;UP;SOFT;1;PING OK - Packet loss = 0%, RTA = 0.29 ms
[1563433282] HOST ALERT: esxi07;UP;SOFT;1;PING OK - Packet loss = 0%, RTA = 0.32 ms
[1563433282] HOST ALERT: esxi09;UP;SOFT;1;PING OK - Packet loss = 0%, RTA = 0.29 ms
[1563433282] HOST ALERT: vmwaremgmtswitch;UP;SOFT;1;PING OK - Packet loss = 0%, RTA = 0.70 ms
[1563433303] Caught SIGTERM, shutting down...
[1563433303] Caught SIGTERM, shutting down...
[1563433303] Caught SIGTERM, shutting down...
[1563433303] Successfully shutdown... (PID=16626)
[1563433303] Nagios 4.4.3 starting... (PID=18163)
[1563433303] Local time is Thu Jul 18 12:31:43 IST 2019
[1563433303] LOG VERSION: 2.0
[1563433303] qh: Socket '/usr/local/nagios/var/rw/nagios.qh' successfully initialized
[1563433303] qh: core query handler registered
[1563433303] qh: echo service query handler registered
[1563433303] qh: help for the query handler registered
[1563433303] wproc: Successfully registered manager as @wproc with query handler
[1563433303] wproc: Registry request: name=Core Worker 18164;pid=18164
[1563433303] wproc: Registry request: name=Core Worker 18165;pid=18165
[1563433303] wproc: Registry request: name=Core Worker 18167;pid=18167
[1563433303] wproc: Registry request: name=Core Worker 18166;pid=18166
[1563433303] Successfully launched command file worker with pid 18168
[1563433341] SERVICE ALERT: vmwaremgmtswitch;check-host-alive;OK;SOFT;2;PING OK - Packet loss = 0%, RTA = 0.81 ms
[1563433341] SERVICE ALERT: esxi09;ESXi Hardware Check;OK;SOFT;2;OK - Server: Cisco Systems Inc UCSC-C220-M4S s/n: FCH22157ERY Chassis S/N: FCH2216V0YN  System BIOS: C220M4.3.0.4a.0.0226182253 2018-02-26
[1563433342] SERVICE ALERT: Director_Resident;check-host-alive;OK;SOFT;2;PING OK - Packet loss = 60%, RTA = 1.13 ms
[1563433516] SERVICE ALERT: esxi02;PING;OK;HARD;4;PING OK - Packet loss = 0%, RTA = 1.15 ms
[1563433516] SERVICE ALERT: esxi03;PING;OK;HARD;4;PING OK - Packet loss = 0%, RTA = 0.70 ms
[1563433517] SERVICE NOTIFICATION: nagiosadmin;esxi05;PING;WARNING;notify-service-by-email;PING WARNING - Packet loss = 40%, RTA = 0.70 ms
[1563433517] SERVICE ALERT: esxi05;PING;WARNING;HARD;4;PING WARNING - Packet loss = 40%, RTA = 0.70 ms
[1563433711] Caught SIGTERM, shutting down...
[1563433711] Caught SIGTERM, shutting down...
[1563433711] Caught SIGTERM, shutting down...
[1563433711] Successfully shutdown... (PID=18163)
[1563433711] Nagios 4.4.3 starting... (PID=18607)
[1563433711] Local time is Thu Jul 18 12:38:31 IST 2019
[1563433711] LOG VERSION: 2.0
[1563433711] qh: Socket '/usr/local/nagios/var/rw/nagios.qh' successfully initialized
[1563433711] qh: core query handler registered
[1563433711] qh: echo service query handler registered
[1563433711] qh: help for the query handler registered
[1563433711] wproc: Successfully registered manager as @wproc with query handler
[1563433711] wproc: Registry request: name=Core Worker 18609;pid=18609
[1563433711] wproc: Registry request: name=Core Worker 18610;pid=18610
[1563433711] wproc: Registry request: name=Core Worker 18608;pid=18608
[1563433711] wproc: Registry request: name=Core Worker 18611;pid=18611
[1563433711] Successfully launched command file worker with pid 18612
[1563433712] Caught SIGTERM, shutting down...
[1563433712] Caught SIGTERM, shutting down...
[1563433712] Caught SIGTERM, shutting down...
[1563433712] Successfully shutdown... (PID=18607)
[1563433712] Nagios 4.4.3 starting... (PID=18628)
[1563433712] Local time is Thu Jul 18 12:38:32 IST 2019
[1563433712] LOG VERSION: 2.0
[1563433712] qh: Socket '/usr/local/nagios/var/rw/nagios.qh' successfully initialized
[1563433712] qh: core query handler registered
[1563433712] qh: echo service query handler registered
[1563433712] qh: help for the query handler registered
[1563433712] wproc: Successfully registered manager as @wproc with query handler
[1563433712] wproc: Registry request: name=Core Worker 18629;pid=18629
[1563433712] wproc: Registry request: name=Core Worker 18630;pid=18630
[1563433712] wproc: Registry request: name=Core Worker 18631;pid=18631
[1563433712] wproc: Registry request: name=Core Worker 18632;pid=18632
[1563433712] Successfully launched command file worker with pid 18633
[1563433816] SERVICE ALERT: AP_Main_Bldg;check-host-alive;OK;HARD;3;PING OK - Packet loss = 0%, RTA = 3.60 ms
[1563433816] SERVICE ALERT: Director_Bldg;check-host-alive;OK;HARD;3;PING OK - Packet loss = 0%, RTA = 4.19 ms
[1563433817] SERVICE NOTIFICATION: nagiosadmin;vmware10gswitch;check-host-alive;OK;notify-service-by-email;PING OK - Packet loss = 0%, RTA = 3.38 ms
[1563433817] SERVICE ALERT: vmware10gswitch;check-host-alive;OK;HARD;3;PING OK - Packet loss = 0%, RTA = 3.38 ms
[1563433821] SERVICE NOTIFICATION: nagiosadmin;esxi05;PING;OK;notify-service-by-email;PING OK - Packet loss = 0%, RTA = 1.64 ms
[1563433821] SERVICE ALERT: esxi05;PING;OK;HARD;4;PING OK - Packet loss = 0%, RTA = 1.64 ms
[1563434846] SERVICE ALERT: esxi09;PING;WARNING;SOFT;1;PING WARNING - Packet loss = 20%, RTA = 0.61 ms
[1563434910] SERVICE ALERT: esxi09;PING;OK;SOFT;2;PING OK - Packet loss = 0%, RTA = 0.43 ms
[1563435747] SERVICE ALERT: esxi08;PING;WARNING;SOFT;1;PING WARNING - Packet loss = 20%, RTA = 0.79 ms
[1563435811] SERVICE ALERT: esxi08;PING;OK;SOFT;2;PING OK - Packet loss = 0%, RTA = 0.46 ms
[1563436046] SERVICE ALERT: esxi04;PING;WARNING;SOFT;1;PING WARNING - Packet loss = 20%, RTA = 0.42 ms
[1563436110] SERVICE ALERT: esxi04;PING;OK;SOFT;2;PING OK - Packet loss = 0%, RTA = 0.47 ms
[1563437312] Auto-save of retention data completed successfully.
[1563440912] Auto-save of retention data completed successfully.
[1563442521] SERVICE ALERT: esxi02;PING;WARNING;SOFT;1;PING WARNING - Packet loss = 20%, RTA = 0.32 ms
[1563442585] SERVICE ALERT: esxi02;PING;OK;SOFT;2;PING OK - Packet loss = 0%, RTA = 0.44 ms
[1563442950] SERVICE ALERT: esxi02;PING;WARNING;SOFT;1;PING WARNING - Packet loss = 40%, RTA = 0.47 ms
[1563443014] SERVICE ALERT: esxi02;PING;OK;SOFT;2;PING OK - Packet loss = 0%, RTA = 0.49 ms
[1563444512] Auto-save of retention data completed successfully.
[1563448112] Auto-save of retention data completed successfully.
[1563449376] SERVICE ALERT: esxi09;PING;WARNING;SOFT;1;PING WARNING - Packet loss = 20%, RTA = 0.54 ms
[1563449440] SERVICE ALERT: esxi09;PING;OK;SOFT;2;PING OK - Packet loss = 0%, RTA = 0.79 ms
[1563451179] SERVICE ALERT: esxi02;PING;WARNING;SOFT;1;PING WARNING - Packet loss = 20%, RTA = 0.44 ms
[1563451243] SERVICE ALERT: esxi02;PING;OK;SOFT;2;PING OK - Packet loss = 0%, RTA = 0.36 ms
[1563451712] Auto-save of retention data completed successfully.
[1563454908] SERVICE ALERT: esxi02;PING;WARNING;SOFT;1;PING WARNING - Packet loss = 20%, RTA = 0.59 ms
[1563454972] SERVICE ALERT: esxi02;PING;OK;SOFT;2;PING OK - Packet loss = 0%, RTA = 0.36 ms
[1563455312] Auto-save of retention data completed successfully.
[1563456921] SERVICE ALERT: esxi03;PING;WARNING;SOFT;1;PING WARNING - Packet loss = 20%, RTA = 0.48 ms
[1563456985] SERVICE ALERT: esxi03;PING;OK;SOFT;2;PING OK - Packet loss = 0%, RTA = 0.47 ms
[1563458912] Auto-save of retention data completed successfully.
[1563461850] SERVICE ALERT: esxi03;PING;WARNING;SOFT;1;PING WARNING - Packet loss = 20%, RTA = 0.40 ms
[1563461914] SERVICE ALERT: esxi03;PING;OK;SOFT;2;PING OK - Packet loss = 0%, RTA = 0.48 ms
[1563462512] Auto-save of retention data completed successfully.
[1563464076] SERVICE ALERT: esxi08;PING;WARNING;SOFT;1;PING WARNING - Packet loss = 20%, RTA = 0.47 ms
[1563464140] SERVICE ALERT: esxi08;PING;OK;SOFT;2;PING OK - Packet loss = 0%, RTA = 0.36 ms
[1563466112] Auto-save of retention data completed successfully.
[1563467379] SERVICE ALERT: esxi03;PING;WARNING;SOFT;1;PING WARNING - Packet loss = 20%, RTA = 0.42 ms
[1563467443] SERVICE ALERT: esxi03;PING;OK;SOFT;2;PING OK - Packet loss = 0%, RTA = 0.37 ms
[1563469605] SERVICE ALERT: esxi08;PING;WARNING;SOFT;1;PING WARNING - Packet loss = 20%, RTA = 0.42 ms
[1563469669] SERVICE ALERT: esxi08;PING;OK;SOFT;2;PING OK - Packet loss = 0%, RTA = 0.44 ms
[1563469712] Auto-save of retention data completed successfully.
[1563469908] SERVICE ALERT: esxi03;PING;WARNING;SOFT;1;PING WARNING - Packet loss = 20%, RTA = 0.44 ms
[1563469972] SERVICE ALERT: esxi03;PING;OK;SOFT;2;PING OK - Packet loss = 0%, RTA = 0.53 ms
[1563471237] SERVICE ALERT: esxi03;PING;WARNING;SOFT;1;PING WARNING - Packet loss = 20%, RTA = 0.44 ms
[1563471301] SERVICE ALERT: esxi03;PING;OK;SOFT;2;PING OK - Packet loss = 0%, RTA = 0.41 ms
[1563473312] Auto-save of retention data completed successfully.
[1565342405] Caught SIGTERM, shutting down...
