[1584729000] LOG ROTATION: DAILY
[1584729000] LOG VERSION: 2.0
[1584729000] CURRENT HOST STATE: AP_Main_Bldg;UP;HARD;1;PING OK - Packet loss = 0%, RTA = 0.74 ms
[1584729000] CURRENT HOST STATE: Director_Bldg;UP;HARD;1;PING OK - Packet loss = 0%, RTA = 0.63 ms
[1584729000] CURRENT HOST STATE: Director_Resident;UP;HARD;1;PING OK - Packet loss = 0%, RTA = 0.65 ms
[1584729000] CURRENT HOST STATE: esxi01;UP;HARD;1;PING OK - Packet loss = 0%, RTA = 0.45 ms
[1584729000] CURRENT HOST STATE: esxi02;UP;HARD;1;PING OK - Packet loss = 0%, RTA = 0.70 ms
[1584729000] CURRENT HOST STATE: esxi03;UP;HARD;1;PING OK - Packet loss = 0%, RTA = 0.39 ms
[1584729000] CURRENT HOST STATE: esxi04;UP;HARD;1;PING OK - Packet loss = 0%, RTA = 0.40 ms
[1584729000] CURRENT HOST STATE: esxi05;UP;HARD;1;PING OK - Packet loss = 0%, RTA = 0.40 ms
[1584729000] CURRENT HOST STATE: esxi06;UP;HARD;1;PING OK - Packet loss = 0%, RTA = 0.48 ms
[1584729000] CURRENT HOST STATE: esxi07;UP;HARD;1;PING OK - Packet loss = 0%, RTA = 0.51 ms
[1584729000] CURRENT HOST STATE: esxi08;UP;HARD;1;PING OK - Packet loss = 0%, RTA = 0.45 ms
[1584729000] CURRENT HOST STATE: esxi09;UP;HARD;1;PING OK - Packet loss = 0%, RTA = 0.37 ms
[1584729000] CURRENT HOST STATE: localhost;UP;HARD;1;PING OK - Packet loss = 0%, RTA = 0.04 ms
[1584729000] CURRENT HOST STATE: vmware10gswitch;UP;HARD;1;PING OK - Packet loss = 0%, RTA = 1.37 ms
[1584729000] CURRENT HOST STATE: vmwaremgmtswitch;UP;HARD;1;PING OK - Packet loss = 0%, RTA = 3.99 ms
[1584729000] CURRENT SERVICE STATE: AP_Main_Bldg;check-host-alive;OK;HARD;1;PING OK - Packet loss = 0%, RTA = 0.74 ms
[1584729000] CURRENT SERVICE STATE: Director_Bldg;check-host-alive;OK;HARD;1;PING OK - Packet loss = 0%, RTA = 0.61 ms
[1584729000] CURRENT SERVICE STATE: Director_Resident;check-host-alive;OK;HARD;1;PING OK - Packet loss = 0%, RTA = 0.69 ms
[1584729000] CURRENT SERVICE STATE: esxi01;ESXi Hardware Check;OK;HARD;1;OK - Server: Cisco Systems Inc UCSC-C220-M4S s/n: FCH22157EQH Chassis S/N: FCH2216V0WN  System BIOS: C220M4.3.0.4a.0.0226182253 2018-02-26
[1584729000] CURRENT SERVICE STATE: esxi01;PING;OK;HARD;1;PING OK - Packet loss = 0%, RTA = 0.44 ms
[1584729000] CURRENT SERVICE STATE: esxi02;ESXi Hardware Check;OK;HARD;1;OK - Server: Cisco Systems Inc UCSC-C220-M4S s/n: FCH22157E1D Chassis S/N: FCH2216V0Y6  System BIOS: C220M4.3.0.4a.0.0226182253 2018-02-26
[1584729000] CURRENT SERVICE STATE: esxi02;PING;OK;HARD;1;PING OK - Packet loss = 0%, RTA = 0.43 ms
[1584729000] CURRENT SERVICE STATE: esxi03;ESXi Hardware Check;OK;HARD;1;OK - Server: Cisco Systems Inc UCSC-C220-M4S s/n: FCH22157ESB Chassis S/N: FCH2216V0TW  System BIOS: C220M4.3.0.4a.0.0226182253 2018-02-26
[1584729000] CURRENT SERVICE STATE: esxi03;PING;OK;HARD;1;PING OK - Packet loss = 0%, RTA = 0.37 ms
[1584729000] CURRENT SERVICE STATE: esxi04;ESXi Hardware Check;UNKNOWN;HARD;3;UNKNOWN:
[1584729000] CURRENT SERVICE STATE: esxi04;PING;OK;HARD;1;PING OK - Packet loss = 0%, RTA = 0.44 ms
[1584729000] CURRENT SERVICE STATE: esxi05;ESXi Hardware Check;OK;HARD;1;OK - Server: Cisco Systems Inc UCSC-C220-M4S s/n: FCH22157EPD Chassis S/N: FCH2216V0Z0  System BIOS: C220M4.3.0.4a.0.0226182253 2018-02-26
[1584729000] CURRENT SERVICE STATE: esxi05;PING;OK;HARD;1;PING OK - Packet loss = 0%, RTA = 0.50 ms
[1584729000] CURRENT SERVICE STATE: esxi06;ESXi Haradware Check;OK;HARD;1;OK - Server: Cisco Systems Inc UCSC-C220-M4S s/n: FCH22157ERW Chassis S/N: FCH2216V0X8  System BIOS: C220M4.3.0.4a.0.0226182253 2018-02-26
[1584729000] CURRENT SERVICE STATE: esxi06;PING;OK;HARD;1;PING OK - Packet loss = 0%, RTA = 0.44 ms
[1584729000] CURRENT SERVICE STATE: esxi07;ESXi Hardware Check;OK;HARD;1;OK - Server: Cisco Systems Inc UCSC-C220-M4S s/n: FCH22157EV7 Chassis S/N: FCH2216V0Y8  System BIOS: C220M4.3.0.4a.0.0226182253 2018-02-26
[1584729000] CURRENT SERVICE STATE: esxi07;PING;OK;HARD;1;PING OK - Packet loss = 0%, RTA = 0.43 ms
[1584729000] CURRENT SERVICE STATE: esxi08;ESXi Hardware Check;OK;HARD;1;OK - Server: Cisco Systems Inc UCSC-C220-M4S s/n: FCH22137QJN Chassis S/N: FCH2216V0YV  System BIOS: C220M4.3.0.4a.0.0226182253 2018-02-26
[1584729000] CURRENT SERVICE STATE: esxi08;PING;OK;HARD;1;PING OK - Packet loss = 0%, RTA = 0.35 ms
[1584729000] CURRENT SERVICE STATE: esxi09;ESXi Hardware Check;OK;HARD;1;OK - Server: Cisco Systems Inc UCSC-C220-M4S s/n: FCH22157ERY Chassis S/N: FCH2216V0YN  System BIOS: C220M4.3.0.4a.0.0226182253 2018-02-26
[1584729000] CURRENT SERVICE STATE: esxi09;PING;OK;HARD;1;PING OK - Packet loss = 0%, RTA = 0.36 ms
[1584729000] CURRENT SERVICE STATE: localhost;Current Load;OK;HARD;1;OK - load average: 0.00, 0.01, 0.05
[1584729000] CURRENT SERVICE STATE: localhost;Current Users;OK;HARD;1;USERS OK - 0 users currently logged in
[1584729000] CURRENT SERVICE STATE: localhost;PING;OK;HARD;1;PING OK - Packet loss = 0%, RTA = 0.03 ms
[1584729000] CURRENT SERVICE STATE: localhost;Root Partition;OK;HARD;1;DISK OK - free space: / 42834 MB (83.70% inode=99%):
[1584729000] CURRENT SERVICE STATE: localhost;SSH;OK;HARD;1;SSH OK - OpenSSH_7.4 (protocol 2.0)
[1584729000] CURRENT SERVICE STATE: localhost;Swap Usage;OK;HARD;1;SWAP OK - 100% free (3967 MB out of 3967 MB)
[1584729000] CURRENT SERVICE STATE: localhost;Total Processes;OK;HARD;1;PROCS OK: 84 processes with STATE = RSZDT
[1584729000] CURRENT SERVICE STATE: vmware10gswitch;check-host-alive;OK;HARD;1;PING OK - Packet loss = 0%, RTA = 1.35 ms
[1584729000] CURRENT SERVICE STATE: vmwaremgmtswitch;check-host-alive;OK;HARD;1;PING OK - Packet loss = 0%, RTA = 0.86 ms
[1584730016] SERVICE NOTIFICATION: nagiosadmin;esxi04;ESXi Hardware Check;UNKNOWN;notify-service-by-email;UNKNOWN:
[1584731285] Auto-save of retention data completed successfully.
[1584734215] SERVICE NOTIFICATION: nagiosadmin;esxi04;ESXi Hardware Check;UNKNOWN;notify-service-by-email;UNKNOWN: (0, 'Socket error: [Errno 104] Connection reset by peer')
[1584734885] Auto-save of retention data completed successfully.
[1584737815] SERVICE NOTIFICATION: nagiosadmin;esxi04;ESXi Hardware Check;UNKNOWN;notify-service-by-email;UNKNOWN:
[1584738485] Auto-save of retention data completed successfully.
[1584741415] SERVICE NOTIFICATION: nagiosadmin;esxi04;ESXi Hardware Check;UNKNOWN;notify-service-by-email;UNKNOWN:
[1584742085] Auto-save of retention data completed successfully.
[1584745015] SERVICE NOTIFICATION: nagiosadmin;esxi04;ESXi Hardware Check;UNKNOWN;notify-service-by-email;UNKNOWN:
[1584745685] Auto-save of retention data completed successfully.
[1584748615] SERVICE NOTIFICATION: nagiosadmin;esxi04;ESXi Hardware Check;UNKNOWN;notify-service-by-email;UNKNOWN: (0, 'Socket error: [Errno 104] Connection reset by peer')
[1584749285] Auto-save of retention data completed successfully.
[1584752215] SERVICE NOTIFICATION: nagiosadmin;esxi04;ESXi Hardware Check;UNKNOWN;notify-service-by-email;UNKNOWN:
[1584752885] Auto-save of retention data completed successfully.
[1584755815] SERVICE NOTIFICATION: nagiosadmin;esxi04;ESXi Hardware Check;UNKNOWN;notify-service-by-email;UNKNOWN:
[1584756485] Auto-save of retention data completed successfully.
[1584759416] SERVICE NOTIFICATION: nagiosadmin;esxi04;ESXi Hardware Check;UNKNOWN;notify-service-by-email;UNKNOWN:
[1584760085] Auto-save of retention data completed successfully.
[1584763615] SERVICE NOTIFICATION: nagiosadmin;esxi04;ESXi Hardware Check;UNKNOWN;notify-service-by-email;UNKNOWN:
[1584763685] Auto-save of retention data completed successfully.
[1584767215] SERVICE NOTIFICATION: nagiosadmin;esxi04;ESXi Hardware Check;UNKNOWN;notify-service-by-email;UNKNOWN:
[1584767285] Auto-save of retention data completed successfully.
[1584770815] SERVICE NOTIFICATION: nagiosadmin;esxi04;ESXi Hardware Check;UNKNOWN;notify-service-by-email;UNKNOWN:
[1584770885] Auto-save of retention data completed successfully.
[1584774415] SERVICE NOTIFICATION: nagiosadmin;esxi04;ESXi Hardware Check;UNKNOWN;notify-service-by-email;UNKNOWN:
[1584774485] Auto-save of retention data completed successfully.
[1584778015] SERVICE NOTIFICATION: nagiosadmin;esxi04;ESXi Hardware Check;UNKNOWN;notify-service-by-email;UNKNOWN:
[1584778085] Auto-save of retention data completed successfully.
[1584781615] SERVICE NOTIFICATION: nagiosadmin;esxi04;ESXi Hardware Check;UNKNOWN;notify-service-by-email;UNKNOWN:
[1584781685] Auto-save of retention data completed successfully.
[1584785215] SERVICE NOTIFICATION: nagiosadmin;esxi04;ESXi Hardware Check;UNKNOWN;notify-service-by-email;UNKNOWN:
[1584785285] Auto-save of retention data completed successfully.
[1584788816] SERVICE NOTIFICATION: nagiosadmin;esxi04;ESXi Hardware Check;UNKNOWN;notify-service-by-email;UNKNOWN:
[1584788885] Auto-save of retention data completed successfully.
[1584792485] Auto-save of retention data completed successfully.
[1584793015] SERVICE NOTIFICATION: nagiosadmin;esxi04;ESXi Hardware Check;UNKNOWN;notify-service-by-email;UNKNOWN:
[1584796085] Auto-save of retention data completed successfully.
[1584796616] SERVICE NOTIFICATION: nagiosadmin;esxi04;ESXi Hardware Check;UNKNOWN;notify-service-by-email;UNKNOWN:
[1584799685] Auto-save of retention data completed successfully.
[1584800815] SERVICE NOTIFICATION: nagiosadmin;esxi04;ESXi Hardware Check;UNKNOWN;notify-service-by-email;UNKNOWN:
[1584803285] Auto-save of retention data completed successfully.
[1584804415] SERVICE NOTIFICATION: nagiosadmin;esxi04;ESXi Hardware Check;UNKNOWN;notify-service-by-email;UNKNOWN:
[1584806885] Auto-save of retention data completed successfully.
[1584808015] SERVICE NOTIFICATION: nagiosadmin;esxi04;ESXi Hardware Check;UNKNOWN;notify-service-by-email;UNKNOWN:
[1584810485] Auto-save of retention data completed successfully.
[1584811616] SERVICE NOTIFICATION: nagiosadmin;esxi04;ESXi Hardware Check;UNKNOWN;notify-service-by-email;UNKNOWN:
[1584814085] Auto-save of retention data completed successfully.
