[1591641000] LOG ROTATION: DAILY
[1591641000] LOG VERSION: 2.0
[1591641000] CURRENT HOST STATE: AP_Main_Bldg;UP;HARD;1;PING OK - Packet loss = 0%, RTA = 0.72 ms
[1591641000] CURRENT HOST STATE: Director_Bldg;UP;HARD;1;PING OK - Packet loss = 0%, RTA = 0.59 ms
[1591641000] CURRENT HOST STATE: Director_Resident;UP;HARD;1;PING OK - Packet loss = 0%, RTA = 0.67 ms
[1591641000] CURRENT HOST STATE: esxi01;UP;HARD;1;PING OK - Packet loss = 0%, RTA = 0.45 ms
[1591641000] CURRENT HOST STATE: esxi02;UP;HARD;1;PING OK - Packet loss = 0%, RTA = 0.49 ms
[1591641000] CURRENT HOST STATE: esxi03;UP;HARD;1;PING OK - Packet loss = 0%, RTA = 0.31 ms
[1591641000] CURRENT HOST STATE: esxi04;UP;HARD;1;PING OK - Packet loss = 0%, RTA = 0.61 ms
[1591641000] CURRENT HOST STATE: esxi05;UP;HARD;1;PING OK - Packet loss = 0%, RTA = 0.35 ms
[1591641000] CURRENT HOST STATE: esxi06;UP;HARD;1;PING OK - Packet loss = 0%, RTA = 0.37 ms
[1591641000] CURRENT HOST STATE: esxi07;UP;HARD;1;PING OK - Packet loss = 0%, RTA = 0.51 ms
[1591641000] CURRENT HOST STATE: esxi08;UP;HARD;1;PING OK - Packet loss = 0%, RTA = 0.56 ms
[1591641000] CURRENT HOST STATE: esxi09;UP;HARD;1;PING OK - Packet loss = 0%, RTA = 0.35 ms
[1591641000] CURRENT HOST STATE: localhost;UP;HARD;1;PING OK - Packet loss = 0%, RTA = 0.04 ms
[1591641000] CURRENT HOST STATE: vmware10gswitch;UP;HARD;1;PING OK - Packet loss = 0%, RTA = 1.32 ms
[1591641000] CURRENT HOST STATE: vmwaremgmtswitch;UP;HARD;1;PING OK - Packet loss = 0%, RTA = 1.86 ms
[1591641000] CURRENT SERVICE STATE: AP_Main_Bldg;check-host-alive;OK;HARD;1;PING OK - Packet loss = 0%, RTA = 0.74 ms
[1591641000] CURRENT SERVICE STATE: Director_Bldg;check-host-alive;OK;HARD;1;PING OK - Packet loss = 0%, RTA = 0.56 ms
[1591641000] CURRENT SERVICE STATE: Director_Resident;check-host-alive;OK;HARD;1;PING OK - Packet loss = 0%, RTA = 0.74 ms
[1591641000] CURRENT SERVICE STATE: esxi01;ESXi Hardware Check;OK;HARD;1;OK - Server: Cisco Systems Inc UCSC-C220-M4S s/n: FCH22157EQH Chassis S/N: FCH2216V0WN  System BIOS: C220M4.3.0.4a.0.0226182253 2018-02-26
[1591641000] CURRENT SERVICE STATE: esxi01;PING;OK;HARD;1;PING OK - Packet loss = 0%, RTA = 0.37 ms
[1591641000] CURRENT SERVICE STATE: esxi02;ESXi Hardware Check;OK;HARD;1;OK - Server: Cisco Systems Inc UCSC-C220-M4S s/n: FCH22157E1D Chassis S/N: FCH2216V0Y6  System BIOS: C220M4.3.0.4a.0.0226182253 2018-02-26
[1591641000] CURRENT SERVICE STATE: esxi02;PING;OK;HARD;1;PING OK - Packet loss = 0%, RTA = 0.48 ms
[1591641000] CURRENT SERVICE STATE: esxi03;ESXi Hardware Check;OK;HARD;1;OK - Server: Cisco Systems Inc UCSC-C220-M4S s/n: FCH22157ESB Chassis S/N: FCH2216V0TW  System BIOS: C220M4.3.0.4a.0.0226182253 2018-02-26
[1591641000] CURRENT SERVICE STATE: esxi03;PING;OK;HARD;1;PING OK - Packet loss = 0%, RTA = 0.39 ms
[1591641000] CURRENT SERVICE STATE: esxi04;ESXi Hardware Check;OK;HARD;1;OK - Server: Cisco Systems Inc UCSC-C220-M4S s/n: FCH22137QKB Chassis S/N: FCH2216V0YZ  System BIOS: C220M4.3.0.4a.0.0226182253 2018-02-26
[1591641000] CURRENT SERVICE STATE: esxi04;PING;OK;HARD;1;PING OK - Packet loss = 0%, RTA = 0.55 ms
[1591641000] CURRENT SERVICE STATE: esxi05;ESXi Hardware Check;OK;HARD;1;OK - Server: Cisco Systems Inc UCSC-C220-M4S s/n: FCH22157EPD Chassis S/N: FCH2216V0Z0  System BIOS: C220M4.3.0.4a.0.0226182253 2018-02-26
[1591641000] CURRENT SERVICE STATE: esxi05;PING;OK;HARD;1;PING OK - Packet loss = 0%, RTA = 0.46 ms
[1591641000] CURRENT SERVICE STATE: esxi06;ESXi Haradware Check;OK;HARD;1;OK - Server: Cisco Systems Inc UCSC-C220-M4S s/n: FCH22157ERW Chassis S/N: FCH2216V0X8  System BIOS: C220M4.3.0.4a.0.0226182253 2018-02-26
[1591641000] CURRENT SERVICE STATE: esxi06;PING;OK;HARD;1;PING OK - Packet loss = 0%, RTA = 0.40 ms
[1591641000] CURRENT SERVICE STATE: esxi07;ESXi Hardware Check;OK;HARD;1;OK - Server: Cisco Systems Inc UCSC-C220-M4S s/n: FCH22157EV7 Chassis S/N: FCH2216V0Y8  System BIOS: C220M4.3.0.4a.0.0226182253 2018-02-26
[1591641000] CURRENT SERVICE STATE: esxi07;PING;OK;HARD;1;PING OK - Packet loss = 0%, RTA = 0.54 ms
[1591641000] CURRENT SERVICE STATE: esxi08;ESXi Hardware Check;OK;HARD;1;OK - Server: Cisco Systems Inc UCSC-C220-M4S s/n: FCH22137QJN Chassis S/N: FCH2216V0YV  System BIOS: C220M4.3.0.4a.0.0226182253 2018-02-26
[1591641000] CURRENT SERVICE STATE: esxi08;PING;OK;HARD;1;PING OK - Packet loss = 0%, RTA = 0.36 ms
[1591641000] CURRENT SERVICE STATE: esxi09;ESXi Hardware Check;OK;HARD;1;OK - Server: Cisco Systems Inc UCSC-C220-M4S s/n: FCH22157ERY Chassis S/N: FCH2216V0YN  System BIOS: C220M4.3.0.4a.0.0226182253 2018-02-26
[1591641000] CURRENT SERVICE STATE: esxi09;PING;OK;HARD;1;PING OK - Packet loss = 0%, RTA = 0.40 ms
[1591641000] CURRENT SERVICE STATE: localhost;Current Load;OK;HARD;1;OK - load average: 0.02, 0.06, 0.06
[1591641000] CURRENT SERVICE STATE: localhost;Current Users;OK;HARD;1;USERS OK - 0 users currently logged in
[1591641000] CURRENT SERVICE STATE: localhost;PING;OK;HARD;1;PING OK - Packet loss = 0%, RTA = 0.04 ms
[1591641000] CURRENT SERVICE STATE: localhost;Root Partition;OK;HARD;1;DISK OK - free space: / 42831 MB (83.69% inode=99%):
[1591641000] CURRENT SERVICE STATE: localhost;SSH;OK;HARD;1;SSH OK - OpenSSH_7.4 (protocol 2.0)
[1591641000] CURRENT SERVICE STATE: localhost;Swap Usage;OK;HARD;1;SWAP OK - 100% free (3967 MB out of 3967 MB)
[1591641000] CURRENT SERVICE STATE: localhost;Total Processes;OK;HARD;1;PROCS OK: 77 processes with STATE = RSZDT
[1591641000] CURRENT SERVICE STATE: vmware10gswitch;check-host-alive;OK;HARD;1;PING OK - Packet loss = 0%, RTA = 1.34 ms
[1591641000] CURRENT SERVICE STATE: vmwaremgmtswitch;check-host-alive;OK;HARD;1;PING OK - Packet loss = 0%, RTA = 2.60 ms
[1591643285] Auto-save of retention data completed successfully.
[1591646885] Auto-save of retention data completed successfully.
[1591650485] Auto-save of retention data completed successfully.
[1591654085] Auto-save of retention data completed successfully.
[1591657685] Auto-save of retention data completed successfully.
[1591661285] Auto-save of retention data completed successfully.
[1591664885] Auto-save of retention data completed successfully.
[1591668485] Auto-save of retention data completed successfully.
[1591672085] Auto-save of retention data completed successfully.
[1591675685] Auto-save of retention data completed successfully.
[1591679285] Auto-save of retention data completed successfully.
[1591682885] Auto-save of retention data completed successfully.
[1591686485] Auto-save of retention data completed successfully.
[1591690085] Auto-save of retention data completed successfully.
[1591693685] Auto-save of retention data completed successfully.
[1591697285] Auto-save of retention data completed successfully.
[1591697850] wproc: Core Worker 22689: job 500338 (pid=7077) timed out. Killing it
[1591697850] wproc: CHECK job 500338 from worker Core Worker 22689 timed out after 30.03s
[1591697850] wproc:   host=Director_Resident; service=(null);
[1591697850] wproc:   early_timeout=1; exited_ok=0; wait_status=0; error_code=62;
[1591697850] Warning: Check of host 'Director_Resident' timed out after 30.03 seconds
[1591697850] HOST ALERT: Director_Resident;DOWN;SOFT;1;(Host check timed out after 30.03 seconds)
[1591697850] wproc: Core Worker 22689: job 500338 (pid=7077): Dormant child reaped
[1591697861] wproc: Core Worker 22690: job 500338 (pid=7080) timed out. Killing it
[1591697861] wproc: CHECK job 500338 from worker Core Worker 22690 timed out after 30.01s
[1591697861] wproc:   host=Director_Bldg; service=(null);
[1591697861] wproc:   early_timeout=1; exited_ok=0; wait_status=0; error_code=62;
[1591697861] Warning: Check of host 'Director_Bldg' timed out after 30.01 seconds
[1591697861] HOST ALERT: Director_Bldg;DOWN;SOFT;1;(Host check timed out after 30.01 seconds)
[1591697861] wproc: Core Worker 22690: job 500338 (pid=7080): Dormant child reaped
[1591697940] wproc: Core Worker 22691: job 500342 (pid=7120) timed out. Killing it
[1591697940] wproc: CHECK job 500342 from worker Core Worker 22691 timed out after 30.01s
[1591697940] wproc:   host=Director_Resident; service=(null);
[1591697940] wproc:   early_timeout=1; exited_ok=0; wait_status=0; error_code=62;
[1591697940] Warning: Check of host 'Director_Resident' timed out after 30.01 seconds
[1591697940] HOST ALERT: Director_Resident;DOWN;SOFT;2;(Host check timed out after 30.01 seconds)
[1591697940] wproc: Core Worker 22691: job 500342 (pid=7120): Dormant child reaped
[1591697951] wproc: Core Worker 22690: job 500343 (pid=7126) timed out. Killing it
[1591697951] wproc: CHECK job 500343 from worker Core Worker 22690 timed out after 30.01s
[1591697951] wproc:   host=Director_Bldg; service=(null);
[1591697951] wproc:   early_timeout=1; exited_ok=0; wait_status=0; error_code=62;
[1591697951] Warning: Check of host 'Director_Bldg' timed out after 30.01 seconds
[1591697951] HOST ALERT: Director_Bldg;DOWN;SOFT;2;(Host check timed out after 30.01 seconds)
[1591697951] SERVICE ALERT: Director_Bldg;check-host-alive;CRITICAL;HARD;1;CRITICAL - Plugin timed out
[1591697951] wproc: Core Worker 22690: job 500343 (pid=7126): Dormant child reaped
[1591698008] SERVICE ALERT: Director_Resident;check-host-alive;CRITICAL;HARD;1;CRITICAL - Plugin timed out
[1591698030] wproc: Core Worker 22689: job 500346 (pid=7161) timed out. Killing it
[1591698030] wproc: CHECK job 500346 from worker Core Worker 22689 timed out after 30.02s
[1591698030] wproc:   host=Director_Resident; service=(null);
[1591698030] wproc:   early_timeout=1; exited_ok=0; wait_status=0; error_code=62;
[1591698030] Warning: Check of host 'Director_Resident' timed out after 30.02 seconds
[1591698030] HOST ALERT: Director_Resident;DOWN;SOFT;3;(Host check timed out after 30.02 seconds)
[1591698030] wproc: Core Worker 22689: job 500346 (pid=7161): Dormant child reaped
[1591698041] wproc: Core Worker 22691: job 500346 (pid=7306) timed out. Killing it
[1591698041] wproc: CHECK job 500346 from worker Core Worker 22691 timed out after 30.02s
[1591698041] wproc:   host=Director_Bldg; service=(null);
[1591698041] wproc:   early_timeout=1; exited_ok=0; wait_status=0; error_code=62;
[1591698041] Warning: Check of host 'Director_Bldg' timed out after 30.02 seconds
[1591698041] HOST ALERT: Director_Bldg;DOWN;SOFT;3;(Host check timed out after 30.02 seconds)
[1591698041] wproc: Core Worker 22691: job 500346 (pid=7306): Dormant child reaped
[1591698120] wproc: Core Worker 22689: job 500349 (pid=7334) timed out. Killing it
[1591698120] wproc: CHECK job 500349 from worker Core Worker 22689 timed out after 30.02s
[1591698120] wproc:   host=Director_Resident; service=(null);
[1591698120] wproc:   early_timeout=1; exited_ok=0; wait_status=0; error_code=62;
[1591698120] Warning: Check of host 'Director_Resident' timed out after 30.02 seconds
[1591698120] HOST ALERT: Director_Resident;DOWN;SOFT;4;(Host check timed out after 30.02 seconds)
[1591698120] wproc: Core Worker 22689: job 500349 (pid=7334): Dormant child reaped
[1591698131] wproc: Core Worker 22691: job 500349 (pid=7337) timed out. Killing it
[1591698131] wproc: CHECK job 500349 from worker Core Worker 22691 timed out after 30.01s
[1591698131] wproc:   host=Director_Bldg; service=(null);
[1591698131] wproc:   early_timeout=1; exited_ok=0; wait_status=0; error_code=62;
[1591698131] Warning: Check of host 'Director_Bldg' timed out after 30.01 seconds
[1591698131] HOST ALERT: Director_Bldg;DOWN;SOFT;4;(Host check timed out after 30.01 seconds)
[1591698131] wproc: Core Worker 22691: job 500349 (pid=7337): Dormant child reaped
[1591698210] wproc: Core Worker 22691: job 500353 (pid=7383) timed out. Killing it
[1591698210] wproc: CHECK job 500353 from worker Core Worker 22691 timed out after 30.01s
[1591698210] wproc:   host=Director_Resident; service=(null);
[1591698210] wproc:   early_timeout=1; exited_ok=0; wait_status=0; error_code=62;
[1591698210] Warning: Check of host 'Director_Resident' timed out after 30.01 seconds
[1591698210] HOST ALERT: Director_Resident;DOWN;SOFT;5;(Host check timed out after 30.01 seconds)
[1591698210] wproc: Core Worker 22691: job 500353 (pid=7383): Dormant child reaped
[1591698221] wproc: Core Worker 22690: job 500354 (pid=7389) timed out. Killing it
[1591698221] wproc: CHECK job 500354 from worker Core Worker 22690 timed out after 30.03s
[1591698221] wproc:   host=Director_Bldg; service=(null);
[1591698221] wproc:   early_timeout=1; exited_ok=0; wait_status=0; error_code=62;
[1591698221] Warning: Check of host 'Director_Bldg' timed out after 30.03 seconds
[1591698221] HOST ALERT: Director_Bldg;DOWN;SOFT;5;(Host check timed out after 30.03 seconds)
[1591698221] wproc: Core Worker 22690: job 500354 (pid=7389): Dormant child reaped
[1591698300] wproc: Core Worker 22690: job 500356 (pid=7413) timed out. Killing it
[1591698300] wproc: CHECK job 500356 from worker Core Worker 22690 timed out after 30.00s
[1591698300] wproc:   host=Director_Resident; service=(null);
[1591698300] wproc:   early_timeout=1; exited_ok=0; wait_status=0; error_code=62;
[1591698300] Warning: Check of host 'Director_Resident' timed out after 30.00 seconds
[1591698300] HOST ALERT: Director_Resident;DOWN;SOFT;6;(Host check timed out after 30.00 seconds)
[1591698300] wproc: Core Worker 22690: job 500356 (pid=7413): Dormant child reaped
[1591698311] wproc: Core Worker 22691: job 500356 (pid=7415) timed out. Killing it
[1591698311] wproc: CHECK job 500356 from worker Core Worker 22691 timed out after 30.01s
[1591698311] wproc:   host=Director_Bldg; service=(null);
[1591698311] wproc:   early_timeout=1; exited_ok=0; wait_status=0; error_code=62;
[1591698311] Warning: Check of host 'Director_Bldg' timed out after 30.01 seconds
[1591698311] HOST ALERT: Director_Bldg;DOWN;SOFT;6;(Host check timed out after 30.01 seconds)
[1591698311] wproc: Core Worker 22691: job 500356 (pid=7415): Dormant child reaped
[1591698365] HOST ALERT: Director_Resident;UP;SOFT;1;PING OK - Packet loss = 20%, RTA = 0.68 ms
[1591698375] HOST ALERT: Director_Bldg;UP;SOFT;1;PING OK - Packet loss = 0%, RTA = 0.43 ms
[1591698524] SERVICE ALERT: Director_Bldg;check-host-alive;OK;SOFT;1;PING OK - Packet loss = 0%, RTA = 0.50 ms
[1591698581] SERVICE ALERT: Director_Resident;check-host-alive;OK;SOFT;1;PING OK - Packet loss = 0%, RTA = 0.57 ms
[1591698990] wproc: Core Worker 22689: job 500377 (pid=8120) timed out. Killing it
[1591698990] wproc: CHECK job 500377 from worker Core Worker 22689 timed out after 30.00s
[1591698990] wproc:   host=Director_Resident; service=(null);
[1591698990] wproc:   early_timeout=1; exited_ok=0; wait_status=0; error_code=62;
[1591698990] Warning: Check of host 'Director_Resident' timed out after 30.00 seconds
[1591698990] HOST ALERT: Director_Resident;DOWN;SOFT;1;(Host check timed out after 30.00 seconds)
[1591698990] wproc: Core Worker 22689: job 500377 (pid=8120): Dormant child reaped
[1591699001] wproc: Core Worker 22692: job 500377 (pid=8126) timed out. Killing it
[1591699001] wproc: CHECK job 500377 from worker Core Worker 22692 timed out after 30.03s
[1591699001] wproc:   host=Director_Bldg; service=(null);
[1591699001] wproc:   early_timeout=1; exited_ok=0; wait_status=0; error_code=62;
[1591699001] Warning: Check of host 'Director_Bldg' timed out after 30.03 seconds
[1591699001] HOST ALERT: Director_Bldg;DOWN;SOFT;1;(Host check timed out after 30.03 seconds)
[1591699001] wproc: Core Worker 22692: job 500377 (pid=8126): Dormant child reaped
[1591699080] wproc: Core Worker 22692: job 500378 (pid=8142) timed out. Killing it
[1591699080] wproc: CHECK job 500378 from worker Core Worker 22692 timed out after 30.01s
[1591699080] wproc:   host=Director_Resident; service=(null);
[1591699080] wproc:   early_timeout=1; exited_ok=0; wait_status=0; error_code=62;
[1591699080] Warning: Check of host 'Director_Resident' timed out after 30.01 seconds
[1591699080] HOST ALERT: Director_Resident;DOWN;SOFT;2;(Host check timed out after 30.01 seconds)
[1591699081] wproc: Core Worker 22692: job 500378 (pid=8142): Dormant child reaped
[1591699091] wproc: Core Worker 22691: job 500381 (pid=8162) timed out. Killing it
[1591699091] wproc: CHECK job 500381 from worker Core Worker 22691 timed out after 30.00s
[1591699091] wproc:   host=Director_Bldg; service=(null);
[1591699091] wproc:   early_timeout=1; exited_ok=0; wait_status=0; error_code=62;
[1591699091] Warning: Check of host 'Director_Bldg' timed out after 30.00 seconds
[1591699091] HOST ALERT: Director_Bldg;DOWN;SOFT;2;(Host check timed out after 30.00 seconds)
[1591699091] wproc: Core Worker 22691: job 500381 (pid=8162): Dormant child reaped
[1591699151] SERVICE ALERT: Director_Bldg;check-host-alive;CRITICAL;HARD;1;CRITICAL - Plugin timed out
[1591699170] wproc: Core Worker 22689: job 500384 (pid=8199) timed out. Killing it
[1591699170] wproc: CHECK job 500384 from worker Core Worker 22689 timed out after 30.02s
[1591699170] wproc:   host=Director_Resident; service=(null);
[1591699170] wproc:   early_timeout=1; exited_ok=0; wait_status=0; error_code=62;
[1591699170] Warning: Check of host 'Director_Resident' timed out after 30.02 seconds
[1591699170] HOST ALERT: Director_Resident;DOWN;SOFT;3;(Host check timed out after 30.02 seconds)
[1591699171] wproc: Core Worker 22689: job 500384 (pid=8199): Dormant child reaped
[1591699181] wproc: Core Worker 22692: job 500384 (pid=8205) timed out. Killing it
[1591699181] wproc: CHECK job 500384 from worker Core Worker 22692 timed out after 30.00s
[1591699181] wproc:   host=Director_Bldg; service=(null);
[1591699181] wproc:   early_timeout=1; exited_ok=0; wait_status=0; error_code=62;
[1591699181] Warning: Check of host 'Director_Bldg' timed out after 30.00 seconds
[1591699181] HOST ALERT: Director_Bldg;DOWN;SOFT;3;(Host check timed out after 30.00 seconds)
[1591699181] wproc: Core Worker 22692: job 500384 (pid=8205): Dormant child reaped
[1591699208] SERVICE ALERT: Director_Resident;check-host-alive;CRITICAL;HARD;1;CRITICAL - Plugin timed out
[1591699260] wproc: Core Worker 22692: job 500386 (pid=8369) timed out. Killing it
[1591699260] wproc: CHECK job 500386 from worker Core Worker 22692 timed out after 30.01s
[1591699260] wproc:   host=Director_Resident; service=(null);
[1591699260] wproc:   early_timeout=1; exited_ok=0; wait_status=0; error_code=62;
[1591699260] Warning: Check of host 'Director_Resident' timed out after 30.01 seconds
[1591699260] HOST ALERT: Director_Resident;DOWN;SOFT;4;(Host check timed out after 30.01 seconds)
[1591699261] wproc: Core Worker 22692: job 500386 (pid=8369): Dormant child reaped
[1591699271] wproc: Core Worker 22690: job 500387 (pid=8373) timed out. Killing it
[1591699271] wproc: CHECK job 500387 from worker Core Worker 22690 timed out after 30.01s
[1591699271] wproc:   host=Director_Bldg; service=(null);
[1591699271] wproc:   early_timeout=1; exited_ok=0; wait_status=0; error_code=62;
[1591699271] Warning: Check of host 'Director_Bldg' timed out after 30.01 seconds
[1591699271] HOST ALERT: Director_Bldg;DOWN;SOFT;4;(Host check timed out after 30.01 seconds)
[1591699271] wproc: Core Worker 22690: job 500387 (pid=8373): Dormant child reaped
[1591699350] wproc: Core Worker 22690: job 500390 (pid=8410) timed out. Killing it
[1591699350] wproc: CHECK job 500390 from worker Core Worker 22690 timed out after 30.03s
[1591699350] wproc:   host=Director_Resident; service=(null);
[1591699350] wproc:   early_timeout=1; exited_ok=0; wait_status=0; error_code=62;
[1591699350] Warning: Check of host 'Director_Resident' timed out after 30.03 seconds
[1591699350] HOST ALERT: Director_Resident;DOWN;SOFT;5;(Host check timed out after 30.03 seconds)
[1591699351] wproc: Core Worker 22690: job 500390 (pid=8410): Dormant child reaped
[1591699361] wproc: Core Worker 22691: job 500390 (pid=8412) timed out. Killing it
[1591699361] wproc: CHECK job 500390 from worker Core Worker 22691 timed out after 30.01s
[1591699361] wproc:   host=Director_Bldg; service=(null);
[1591699361] wproc:   early_timeout=1; exited_ok=0; wait_status=0; error_code=62;
[1591699361] Warning: Check of host 'Director_Bldg' timed out after 30.01 seconds
[1591699361] HOST ALERT: Director_Bldg;DOWN;SOFT;5;(Host check timed out after 30.01 seconds)
[1591699361] wproc: Core Worker 22691: job 500390 (pid=8412): Dormant child reaped
[1591699440] wproc: Core Worker 22691: job 500394 (pid=8449) timed out. Killing it
[1591699440] wproc: CHECK job 500394 from worker Core Worker 22691 timed out after 30.01s
[1591699440] wproc:   host=Director_Resident; service=(null);
[1591699440] wproc:   early_timeout=1; exited_ok=0; wait_status=0; error_code=62;
[1591699440] Warning: Check of host 'Director_Resident' timed out after 30.01 seconds
[1591699440] HOST ALERT: Director_Resident;DOWN;SOFT;6;(Host check timed out after 30.01 seconds)
[1591699441] wproc: Core Worker 22691: job 500394 (pid=8449): Dormant child reaped
[1591699451] wproc: Core Worker 22689: job 500395 (pid=8453) timed out. Killing it
[1591699451] wproc: CHECK job 500395 from worker Core Worker 22689 timed out after 30.01s
[1591699451] wproc:   host=Director_Bldg; service=(null);
[1591699451] wproc:   early_timeout=1; exited_ok=0; wait_status=0; error_code=62;
[1591699451] Warning: Check of host 'Director_Bldg' timed out after 30.01 seconds
[1591699451] HOST ALERT: Director_Bldg;DOWN;SOFT;6;(Host check timed out after 30.01 seconds)
[1591699451] wproc: Core Worker 22689: job 500395 (pid=8453): Dormant child reaped
[1591699530] wproc: Core Worker 22692: job 500396 (pid=8483) timed out. Killing it
[1591699530] wproc: CHECK job 500396 from worker Core Worker 22692 timed out after 30.03s
[1591699530] wproc:   host=Director_Resident; service=(null);
[1591699530] wproc:   early_timeout=1; exited_ok=0; wait_status=0; error_code=62;
[1591699530] Warning: Check of host 'Director_Resident' timed out after 30.03 seconds
[1591699530] HOST ALERT: Director_Resident;DOWN;SOFT;7;(Host check timed out after 30.03 seconds)
[1591699531] wproc: Core Worker 22692: job 500396 (pid=8483): Dormant child reaped
[1591699541] wproc: Core Worker 22689: job 500397 (pid=8621) timed out. Killing it
[1591699541] wproc: CHECK job 500397 from worker Core Worker 22689 timed out after 30.01s
[1591699541] wproc:   host=Director_Bldg; service=(null);
[1591699541] wproc:   early_timeout=1; exited_ok=0; wait_status=0; error_code=62;
[1591699541] Warning: Check of host 'Director_Bldg' timed out after 30.01 seconds
[1591699541] HOST ALERT: Director_Bldg;DOWN;SOFT;7;(Host check timed out after 30.01 seconds)
[1591699541] wproc: Core Worker 22689: job 500397 (pid=8621): Dormant child reaped
[1591699620] wproc: Core Worker 22689: job 500399 (pid=8645) timed out. Killing it
[1591699620] wproc: CHECK job 500399 from worker Core Worker 22689 timed out after 30.03s
[1591699620] wproc:   host=Director_Resident; service=(null);
[1591699620] wproc:   early_timeout=1; exited_ok=0; wait_status=0; error_code=62;
[1591699620] Warning: Check of host 'Director_Resident' timed out after 30.03 seconds
[1591699620] HOST ALERT: Director_Resident;DOWN;SOFT;8;(Host check timed out after 30.03 seconds)
[1591699621] wproc: Core Worker 22689: job 500399 (pid=8645): Dormant child reaped
[1591699631] wproc: Core Worker 22691: job 500399 (pid=8648) timed out. Killing it
[1591699631] wproc: CHECK job 500399 from worker Core Worker 22691 timed out after 30.03s
[1591699631] wproc:   host=Director_Bldg; service=(null);
[1591699631] wproc:   early_timeout=1; exited_ok=0; wait_status=0; error_code=62;
[1591699631] Warning: Check of host 'Director_Bldg' timed out after 30.03 seconds
[1591699631] HOST ALERT: Director_Bldg;DOWN;SOFT;8;(Host check timed out after 30.03 seconds)
[1591699631] wproc: Core Worker 22691: job 500399 (pid=8648): Dormant child reaped
[1591699710] wproc: Core Worker 22690: job 500403 (pid=8693) timed out. Killing it
[1591699710] wproc: CHECK job 500403 from worker Core Worker 22690 timed out after 30.01s
[1591699710] wproc:   host=Director_Resident; service=(null);
[1591699710] wproc:   early_timeout=1; exited_ok=0; wait_status=0; error_code=62;
[1591699710] Warning: Check of host 'Director_Resident' timed out after 30.01 seconds
[1591699710] HOST ALERT: Director_Resident;DOWN;SOFT;9;(Host check timed out after 30.01 seconds)
[1591699711] wproc: Core Worker 22690: job 500403 (pid=8693): Dormant child reaped
[1591699721] wproc: Core Worker 22689: job 500404 (pid=8699) timed out. Killing it
[1591699721] wproc: CHECK job 500404 from worker Core Worker 22689 timed out after 30.03s
[1591699721] wproc:   host=Director_Bldg; service=(null);
[1591699721] wproc:   early_timeout=1; exited_ok=0; wait_status=0; error_code=62;
[1591699721] Warning: Check of host 'Director_Bldg' timed out after 30.03 seconds
[1591699721] HOST ALERT: Director_Bldg;DOWN;SOFT;9;(Host check timed out after 30.03 seconds)
[1591699721] wproc: Core Worker 22689: job 500404 (pid=8699): Dormant child reaped
[1591699800] wproc: Core Worker 22691: job 500406 (pid=8728) timed out. Killing it
[1591699800] wproc: CHECK job 500406 from worker Core Worker 22691 timed out after 30.01s
[1591699800] wproc:   host=Director_Resident; service=(null);
[1591699800] wproc:   early_timeout=1; exited_ok=0; wait_status=0; error_code=62;
[1591699800] Warning: Check of host 'Director_Resident' timed out after 30.01 seconds
[1591699800] HOST NOTIFICATION: nagiosadmin;Director_Resident;DOWN;notify-host-by-email;(Host check timed out after 30.01 seconds)
[1591699800] HOST ALERT: Director_Resident;DOWN;HARD;10;(Host check timed out after 30.01 seconds)
[1591699801] wproc: Core Worker 22691: job 500406 (pid=8728): Dormant child reaped
[1591699811] wproc: Core Worker 22689: job 500407 (pid=8732) timed out. Killing it
[1591699811] wproc: CHECK job 500407 from worker Core Worker 22689 timed out after 30.01s
[1591699811] wproc:   host=Director_Bldg; service=(null);
[1591699811] wproc:   early_timeout=1; exited_ok=0; wait_status=0; error_code=62;
[1591699811] Warning: Check of host 'Director_Bldg' timed out after 30.01 seconds
[1591699811] HOST NOTIFICATION: nagiosadmin;Director_Bldg;DOWN;notify-host-by-email;(Host check timed out after 30.01 seconds)
[1591699811] HOST ALERT: Director_Bldg;DOWN;HARD;10;(Host check timed out after 30.01 seconds)
[1591699811] wproc: Core Worker 22689: job 500407 (pid=8732): Dormant child reaped
[1591700130] wproc: Core Worker 22690: job 500417 (pid=9037) timed out. Killing it
[1591700130] wproc: CHECK job 500417 from worker Core Worker 22690 timed out after 30.03s
[1591700130] wproc:   host=Director_Resident; service=(null);
[1591700130] wproc:   early_timeout=1; exited_ok=0; wait_status=0; error_code=62;
[1591700130] Warning: Check of host 'Director_Resident' timed out after 30.03 seconds
[1591700131] wproc: Core Worker 22690: job 500417 (pid=9037): Dormant child reaped
[1591700141] wproc: Core Worker 22691: job 500417 (pid=9199) timed out. Killing it
[1591700141] wproc: CHECK job 500417 from worker Core Worker 22691 timed out after 30.01s
[1591700141] wproc:   host=Director_Bldg; service=(null);
[1591700141] wproc:   early_timeout=1; exited_ok=0; wait_status=0; error_code=62;
[1591700141] Warning: Check of host 'Director_Bldg' timed out after 30.01 seconds
[1591700141] wproc: Core Worker 22691: job 500417 (pid=9199): Dormant child reaped
[1591700430] wproc: Core Worker 22689: job 500427 (pid=9338) timed out. Killing it
[1591700430] wproc: CHECK job 500427 from worker Core Worker 22689 timed out after 30.03s
[1591700430] wproc:   host=Director_Resident; service=(null);
[1591700430] wproc:   early_timeout=1; exited_ok=0; wait_status=0; error_code=62;
[1591700430] Warning: Check of host 'Director_Resident' timed out after 30.03 seconds
[1591700431] wproc: Core Worker 22689: job 500427 (pid=9338): Dormant child reaped
[1591700441] wproc: Core Worker 22691: job 500427 (pid=9493) timed out. Killing it
[1591700441] wproc: CHECK job 500427 from worker Core Worker 22691 timed out after 30.03s
[1591700441] wproc:   host=Director_Bldg; service=(null);
[1591700441] wproc:   early_timeout=1; exited_ok=0; wait_status=0; error_code=62;
[1591700441] Warning: Check of host 'Director_Bldg' timed out after 30.03 seconds
[1591700441] wproc: Core Worker 22691: job 500427 (pid=9493): Dormant child reaped
[1591700705] HOST NOTIFICATION: nagiosadmin;Director_Resident;UP;notify-host-by-email;PING OK - Packet loss = 20%, RTA = 1.26 ms
[1591700705] HOST ALERT: Director_Resident;UP;HARD;1;PING OK - Packet loss = 20%, RTA = 1.26 ms
[1591700715] HOST NOTIFICATION: nagiosadmin;Director_Bldg;UP;notify-host-by-email;PING OK - Packet loss = 0%, RTA = 0.56 ms
[1591700715] HOST ALERT: Director_Bldg;UP;HARD;1;PING OK - Packet loss = 0%, RTA = 0.56 ms
[1591700885] Auto-save of retention data completed successfully.
[1591700924] SERVICE FLAPPING ALERT: Director_Bldg;check-host-alive;STARTED; Service appears to have started flapping (23.4% change >= 20.0% threshold)
[1591700924] SERVICE ALERT: Director_Bldg;check-host-alive;OK;SOFT;1;PING OK - Packet loss = 0%, RTA = 0.48 ms
[1591700981] SERVICE FLAPPING ALERT: Director_Resident;check-host-alive;STARTED; Service appears to have started flapping (23.4% change >= 20.0% threshold)
[1591700981] SERVICE ALERT: Director_Resident;check-host-alive;OK;SOFT;1;PING OK - Packet loss = 0%, RTA = 0.58 ms
[1591704485] Auto-save of retention data completed successfully.
[1591706289] SERVICE ALERT: esxi04;PING;WARNING;SOFT;1;PING WARNING - Packet loss = 20%, RTA = 0.41 ms
[1591706353] SERVICE ALERT: esxi04;PING;OK;SOFT;2;PING OK - Packet loss = 0%, RTA = 0.40 ms
[1591708085] Auto-save of retention data completed successfully.
[1591711124] SERVICE FLAPPING ALERT: Director_Bldg;check-host-alive;STOPPED; Service appears to have stopped flapping (4.0% change < 5.0% threshold)
[1591711181] SERVICE FLAPPING ALERT: Director_Resident;check-host-alive;STOPPED; Service appears to have stopped flapping (4.0% change < 5.0% threshold)
[1591711685] Auto-save of retention data completed successfully.
[1591715285] Auto-save of retention data completed successfully.
[1591718885] Auto-save of retention data completed successfully.
[1591722485] Auto-save of retention data completed successfully.
[1591726085] Auto-save of retention data completed successfully.
