[1585333800] LOG ROTATION: DAILY
[1585333800] LOG VERSION: 2.0
[1585333800] CURRENT HOST STATE: AP_Main_Bldg;UP;HARD;1;PING OK - Packet loss = 0%, RTA = 0.73 ms
[1585333800] CURRENT HOST STATE: Director_Bldg;UP;HARD;1;PING OK - Packet loss = 0%, RTA = 0.64 ms
[1585333800] CURRENT HOST STATE: Director_Resident;UP;HARD;1;PING OK - Packet loss = 0%, RTA = 1.05 ms
[1585333800] CURRENT HOST STATE: esxi01;UP;HARD;1;PING OK - Packet loss = 0%, RTA = 0.47 ms
[1585333800] CURRENT HOST STATE: esxi02;UP;HARD;1;PING OK - Packet loss = 0%, RTA = 0.41 ms
[1585333800] CURRENT HOST STATE: esxi03;UP;HARD;1;PING OK - Packet loss = 0%, RTA = 0.30 ms
[1585333800] CURRENT HOST STATE: esxi04;UP;HARD;1;PING OK - Packet loss = 0%, RTA = 0.40 ms
[1585333800] CURRENT HOST STATE: esxi05;UP;HARD;1;PING OK - Packet loss = 0%, RTA = 0.40 ms
[1585333800] CURRENT HOST STATE: esxi06;UP;HARD;1;PING OK - Packet loss = 0%, RTA = 0.35 ms
[1585333800] CURRENT HOST STATE: esxi07;UP;HARD;1;PING OK - Packet loss = 0%, RTA = 0.48 ms
[1585333800] CURRENT HOST STATE: esxi08;UP;HARD;1;PING OK - Packet loss = 0%, RTA = 1.10 ms
[1585333800] CURRENT HOST STATE: esxi09;UP;HARD;1;PING OK - Packet loss = 0%, RTA = 0.45 ms
[1585333800] CURRENT HOST STATE: localhost;UP;HARD;1;PING OK - Packet loss = 0%, RTA = 0.03 ms
[1585333800] CURRENT HOST STATE: vmware10gswitch;UP;HARD;1;PING OK - Packet loss = 0%, RTA = 1.21 ms
[1585333800] CURRENT HOST STATE: vmwaremgmtswitch;UP;HARD;1;PING OK - Packet loss = 0%, RTA = 0.92 ms
[1585333800] CURRENT SERVICE STATE: AP_Main_Bldg;check-host-alive;OK;HARD;1;PING OK - Packet loss = 0%, RTA = 0.70 ms
[1585333800] CURRENT SERVICE STATE: Director_Bldg;check-host-alive;OK;HARD;1;PING OK - Packet loss = 0%, RTA = 0.56 ms
[1585333800] CURRENT SERVICE STATE: Director_Resident;check-host-alive;OK;HARD;1;PING OK - Packet loss = 0%, RTA = 0.69 ms
[1585333800] CURRENT SERVICE STATE: esxi01;ESXi Hardware Check;OK;HARD;1;OK - Server: Cisco Systems Inc UCSC-C220-M4S s/n: FCH22157EQH Chassis S/N: FCH2216V0WN  System BIOS: C220M4.3.0.4a.0.0226182253 2018-02-26
[1585333800] CURRENT SERVICE STATE: esxi01;PING;OK;HARD;1;PING OK - Packet loss = 0%, RTA = 0.46 ms
[1585333800] CURRENT SERVICE STATE: esxi02;ESXi Hardware Check;OK;HARD;1;OK - Server: Cisco Systems Inc UCSC-C220-M4S s/n: FCH22157E1D Chassis S/N: FCH2216V0Y6  System BIOS: C220M4.3.0.4a.0.0226182253 2018-02-26
[1585333800] CURRENT SERVICE STATE: esxi02;PING;OK;HARD;1;PING OK - Packet loss = 0%, RTA = 0.44 ms
[1585333800] CURRENT SERVICE STATE: esxi03;ESXi Hardware Check;OK;HARD;1;OK - Server: Cisco Systems Inc UCSC-C220-M4S s/n: FCH22157ESB Chassis S/N: FCH2216V0TW  System BIOS: C220M4.3.0.4a.0.0226182253 2018-02-26
[1585333800] CURRENT SERVICE STATE: esxi03;PING;OK;HARD;1;PING OK - Packet loss = 0%, RTA = 0.45 ms
[1585333800] CURRENT SERVICE STATE: esxi04;ESXi Hardware Check;UNKNOWN;HARD;3;UNKNOWN:
[1585333800] CURRENT SERVICE STATE: esxi04;PING;OK;HARD;1;PING OK - Packet loss = 0%, RTA = 0.44 ms
[1585333800] CURRENT SERVICE STATE: esxi05;ESXi Hardware Check;OK;HARD;1;OK - Server: Cisco Systems Inc UCSC-C220-M4S s/n: FCH22157EPD Chassis S/N: FCH2216V0Z0  System BIOS: C220M4.3.0.4a.0.0226182253 2018-02-26
[1585333800] CURRENT SERVICE STATE: esxi05;PING;OK;HARD;1;PING OK - Packet loss = 0%, RTA = 0.49 ms
[1585333800] CURRENT SERVICE STATE: esxi06;ESXi Haradware Check;OK;HARD;1;OK - Server: Cisco Systems Inc UCSC-C220-M4S s/n: FCH22157ERW Chassis S/N: FCH2216V0X8  System BIOS: C220M4.3.0.4a.0.0226182253 2018-02-26
[1585333800] CURRENT SERVICE STATE: esxi06;PING;OK;HARD;1;PING OK - Packet loss = 0%, RTA = 0.39 ms
[1585333800] CURRENT SERVICE STATE: esxi07;ESXi Hardware Check;OK;HARD;1;OK - Server: Cisco Systems Inc UCSC-C220-M4S s/n: FCH22157EV7 Chassis S/N: FCH2216V0Y8  System BIOS: C220M4.3.0.4a.0.0226182253 2018-02-26
[1585333800] CURRENT SERVICE STATE: esxi07;PING;OK;HARD;1;PING OK - Packet loss = 0%, RTA = 0.50 ms
[1585333800] CURRENT SERVICE STATE: esxi08;ESXi Hardware Check;OK;HARD;1;OK - Server: Cisco Systems Inc UCSC-C220-M4S s/n: FCH22137QJN Chassis S/N: FCH2216V0YV  System BIOS: C220M4.3.0.4a.0.0226182253 2018-02-26
[1585333800] CURRENT SERVICE STATE: esxi08;PING;OK;HARD;1;PING OK - Packet loss = 0%, RTA = 0.54 ms
[1585333800] CURRENT SERVICE STATE: esxi09;ESXi Hardware Check;OK;HARD;1;OK - Server: Cisco Systems Inc UCSC-C220-M4S s/n: FCH22157ERY Chassis S/N: FCH2216V0YN  System BIOS: C220M4.3.0.4a.0.0226182253 2018-02-26
[1585333800] CURRENT SERVICE STATE: esxi09;PING;OK;HARD;1;PING OK - Packet loss = 0%, RTA = 0.38 ms
[1585333800] CURRENT SERVICE STATE: localhost;Current Load;OK;HARD;1;OK - load average: 0.00, 0.01, 0.05
[1585333800] CURRENT SERVICE STATE: localhost;Current Users;OK;HARD;1;USERS OK - 0 users currently logged in
[1585333800] CURRENT SERVICE STATE: localhost;PING;OK;HARD;1;PING OK - Packet loss = 0%, RTA = 0.05 ms
[1585333800] CURRENT SERVICE STATE: localhost;Root Partition;OK;HARD;1;DISK OK - free space: / 42830 MB (83.69% inode=99%):
[1585333800] CURRENT SERVICE STATE: localhost;SSH;OK;HARD;1;SSH OK - OpenSSH_7.4 (protocol 2.0)
[1585333800] CURRENT SERVICE STATE: localhost;Swap Usage;OK;HARD;1;SWAP OK - 100% free (3967 MB out of 3967 MB)
[1585333800] CURRENT SERVICE STATE: localhost;Total Processes;OK;HARD;1;PROCS OK: 84 processes with STATE = RSZDT
[1585333800] CURRENT SERVICE STATE: vmware10gswitch;check-host-alive;OK;HARD;1;PING OK - Packet loss = 0%, RTA = 1.27 ms
[1585333800] CURRENT SERVICE STATE: vmwaremgmtswitch;check-host-alive;OK;HARD;1;PING OK - Packet loss = 0%, RTA = 1.13 ms
[1585336015] SERVICE NOTIFICATION: nagiosadmin;esxi04;ESXi Hardware Check;UNKNOWN;notify-service-by-email;UNKNOWN:
[1585336085] Auto-save of retention data completed successfully.
[1585339616] SERVICE NOTIFICATION: nagiosadmin;esxi04;ESXi Hardware Check;UNKNOWN;notify-service-by-email;UNKNOWN:
[1585339685] Auto-save of retention data completed successfully.
[1585343285] Auto-save of retention data completed successfully.
[1585343815] SERVICE NOTIFICATION: nagiosadmin;esxi04;ESXi Hardware Check;UNKNOWN;notify-service-by-email;UNKNOWN:
[1585345155] SERVICE ALERT: esxi02;PING;WARNING;SOFT;1;PING WARNING - Packet loss = 20%, RTA = 0.51 ms
[1585345219] SERVICE ALERT: esxi02;PING;OK;SOFT;2;PING OK - Packet loss = 0%, RTA = 0.41 ms
[1585346885] Auto-save of retention data completed successfully.
[1585347415] SERVICE NOTIFICATION: nagiosadmin;esxi04;ESXi Hardware Check;UNKNOWN;notify-service-by-email;UNKNOWN:
[1585350485] Auto-save of retention data completed successfully.
[1585351015] SERVICE NOTIFICATION: nagiosadmin;esxi04;ESXi Hardware Check;UNKNOWN;notify-service-by-email;UNKNOWN:
[1585354085] Auto-save of retention data completed successfully.
[1585354616] SERVICE NOTIFICATION: nagiosadmin;esxi04;ESXi Hardware Check;UNKNOWN;notify-service-by-email;UNKNOWN:
[1585357685] Auto-save of retention data completed successfully.
[1585358815] SERVICE NOTIFICATION: nagiosadmin;esxi04;ESXi Hardware Check;UNKNOWN;notify-service-by-email;UNKNOWN:
[1585361285] Auto-save of retention data completed successfully.
[1585362415] SERVICE NOTIFICATION: nagiosadmin;esxi04;ESXi Hardware Check;UNKNOWN;notify-service-by-email;UNKNOWN: (0, 'Socket error: [Errno 104] Connection reset by peer')
[1585362658] wproc: Core Worker 22691: job 300913 (pid=7985) timed out. Killing it
[1585362658] wproc: CHECK job 300913 from worker Core Worker 22691 timed out after 30.01s
[1585362658] wproc:   host=Director_Resident; service=(null);
[1585362658] wproc:   early_timeout=1; exited_ok=0; wait_status=0; error_code=62;
[1585362658] Warning: Check of host 'Director_Resident' timed out after 30.01 seconds
[1585362658] HOST ALERT: Director_Resident;DOWN;SOFT;1;(Host check timed out after 30.01 seconds)
[1585362659] wproc: Core Worker 22691: job 300913 (pid=7985): Dormant child reaped
[1585362691] wproc: Core Worker 22689: job 300914 (pid=8027) timed out. Killing it
[1585362691] wproc: CHECK job 300914 from worker Core Worker 22689 timed out after 30.01s
[1585362691] wproc:   host=Director_Bldg; service=(null);
[1585362691] wproc:   early_timeout=1; exited_ok=0; wait_status=0; error_code=62;
[1585362691] Warning: Check of host 'Director_Bldg' timed out after 30.01 seconds
[1585362691] HOST ALERT: Director_Bldg;DOWN;SOFT;1;(Host check timed out after 30.01 seconds)
[1585362692] wproc: Core Worker 22689: job 300914 (pid=8027): Dormant child reaped
[1585362748] wproc: Core Worker 22690: job 300916 (pid=8051) timed out. Killing it
[1585362748] wproc: CHECK job 300916 from worker Core Worker 22690 timed out after 30.00s
[1585362748] wproc:   host=Director_Resident; service=(null);
[1585362748] wproc:   early_timeout=1; exited_ok=0; wait_status=0; error_code=62;
[1585362748] Warning: Check of host 'Director_Resident' timed out after 30.00 seconds
[1585362748] HOST ALERT: Director_Resident;DOWN;SOFT;2;(Host check timed out after 30.00 seconds)
[1585362749] wproc: Core Worker 22690: job 300916 (pid=8051): Dormant child reaped
[1585362767] SERVICE ALERT: Director_Resident;check-host-alive;CRITICAL;HARD;1;CRITICAL - Plugin timed out
[1585362781] wproc: Core Worker 22692: job 300917 (pid=8061) timed out. Killing it
[1585362781] wproc: CHECK job 300917 from worker Core Worker 22692 timed out after 30.01s
[1585362781] wproc:   host=Director_Bldg; service=(null);
[1585362781] wproc:   early_timeout=1; exited_ok=0; wait_status=0; error_code=62;
[1585362781] Warning: Check of host 'Director_Bldg' timed out after 30.01 seconds
[1585362781] HOST ALERT: Director_Bldg;DOWN;SOFT;2;(Host check timed out after 30.01 seconds)
[1585362782] wproc: Core Worker 22692: job 300917 (pid=8061): Dormant child reaped
[1585362838] wproc: Core Worker 22689: job 300921 (pid=8095) timed out. Killing it
[1585362838] wproc: CHECK job 300921 from worker Core Worker 22689 timed out after 30.00s
[1585362838] wproc:   host=Director_Resident; service=(null);
[1585362838] wproc:   early_timeout=1; exited_ok=0; wait_status=0; error_code=62;
[1585362838] Warning: Check of host 'Director_Resident' timed out after 30.00 seconds
[1585362838] HOST ALERT: Director_Resident;DOWN;SOFT;3;(Host check timed out after 30.00 seconds)
[1585362839] wproc: Core Worker 22689: job 300921 (pid=8095): Dormant child reaped
[1585362871] wproc: Core Worker 22690: job 300921 (pid=8105) timed out. Killing it
[1585362871] wproc: CHECK job 300921 from worker Core Worker 22690 timed out after 30.01s
[1585362871] wproc:   host=Director_Bldg; service=(null);
[1585362871] wproc:   early_timeout=1; exited_ok=0; wait_status=0; error_code=62;
[1585362871] Warning: Check of host 'Director_Bldg' timed out after 30.01 seconds
[1585362871] HOST ALERT: Director_Bldg;DOWN;SOFT;3;(Host check timed out after 30.01 seconds)
[1585362872] wproc: Core Worker 22690: job 300921 (pid=8105): Dormant child reaped
[1585362894] SERVICE ALERT: Director_Bldg;check-host-alive;CRITICAL;HARD;1;CRITICAL - Plugin timed out
[1585362928] wproc: Core Worker 22689: job 300923 (pid=8127) timed out. Killing it
[1585362928] wproc: CHECK job 300923 from worker Core Worker 22689 timed out after 30.03s
[1585362928] wproc:   host=Director_Resident; service=(null);
[1585362928] wproc:   early_timeout=1; exited_ok=0; wait_status=0; error_code=62;
[1585362928] Warning: Check of host 'Director_Resident' timed out after 30.03 seconds
[1585362928] HOST ALERT: Director_Resident;DOWN;SOFT;4;(Host check timed out after 30.03 seconds)
[1585362929] wproc: Core Worker 22689: job 300923 (pid=8127): Dormant child reaped
[1585362961] wproc: Core Worker 22689: job 300924 (pid=8270) timed out. Killing it
[1585362961] wproc: CHECK job 300924 from worker Core Worker 22689 timed out after 30.03s
[1585362961] wproc:   host=Director_Bldg; service=(null);
[1585362961] wproc:   early_timeout=1; exited_ok=0; wait_status=0; error_code=62;
[1585362961] Warning: Check of host 'Director_Bldg' timed out after 30.03 seconds
[1585362961] HOST ALERT: Director_Bldg;DOWN;SOFT;4;(Host check timed out after 30.03 seconds)
[1585362962] wproc: Core Worker 22689: job 300924 (pid=8270): Dormant child reaped
[1585363018] wproc: Core Worker 22690: job 300925 (pid=8288) timed out. Killing it
[1585363018] wproc: CHECK job 300925 from worker Core Worker 22690 timed out after 30.01s
[1585363018] wproc:   host=Director_Resident; service=(null);
[1585363018] wproc:   early_timeout=1; exited_ok=0; wait_status=0; error_code=62;
[1585363018] Warning: Check of host 'Director_Resident' timed out after 30.01 seconds
[1585363018] HOST ALERT: Director_Resident;DOWN;SOFT;5;(Host check timed out after 30.01 seconds)
[1585363019] wproc: Core Worker 22690: job 300925 (pid=8288): Dormant child reaped
[1585363051] wproc: Core Worker 22692: job 300926 (pid=8307) timed out. Killing it
[1585363051] wproc: CHECK job 300926 from worker Core Worker 22692 timed out after 30.01s
[1585363051] wproc:   host=Director_Bldg; service=(null);
[1585363051] wproc:   early_timeout=1; exited_ok=0; wait_status=0; error_code=62;
[1585363051] Warning: Check of host 'Director_Bldg' timed out after 30.01 seconds
[1585363051] HOST ALERT: Director_Bldg;DOWN;SOFT;5;(Host check timed out after 30.01 seconds)
[1585363052] wproc: Core Worker 22692: job 300926 (pid=8307): Dormant child reaped
[1585363108] wproc: Core Worker 22690: job 300930 (pid=8342) timed out. Killing it
[1585363108] wproc: CHECK job 300930 from worker Core Worker 22690 timed out after 30.01s
[1585363108] wproc:   host=Director_Resident; service=(null);
[1585363108] wproc:   early_timeout=1; exited_ok=0; wait_status=0; error_code=62;
[1585363108] Warning: Check of host 'Director_Resident' timed out after 30.01 seconds
[1585363108] HOST ALERT: Director_Resident;DOWN;SOFT;6;(Host check timed out after 30.01 seconds)
[1585363109] wproc: Core Worker 22690: job 300930 (pid=8342): Dormant child reaped
[1585363142] wproc: Core Worker 22691: job 300931 (pid=8352) timed out. Killing it
[1585363142] wproc: CHECK job 300931 from worker Core Worker 22691 timed out after 30.03s
[1585363142] wproc:   host=Director_Bldg; service=(null);
[1585363142] wproc:   early_timeout=1; exited_ok=0; wait_status=0; error_code=62;
[1585363142] Warning: Check of host 'Director_Bldg' timed out after 30.03 seconds
[1585363142] HOST ALERT: Director_Bldg;DOWN;SOFT;6;(Host check timed out after 30.03 seconds)
[1585363142] wproc: Core Worker 22691: job 300931 (pid=8352): Dormant child reaped
[1585363198] wproc: Core Worker 22691: job 300932 (pid=8369) timed out. Killing it
[1585363198] wproc: CHECK job 300932 from worker Core Worker 22691 timed out after 30.01s
[1585363198] wproc:   host=Director_Resident; service=(null);
[1585363198] wproc:   early_timeout=1; exited_ok=0; wait_status=0; error_code=62;
[1585363198] Warning: Check of host 'Director_Resident' timed out after 30.01 seconds
[1585363198] HOST ALERT: Director_Resident;DOWN;SOFT;7;(Host check timed out after 30.01 seconds)
[1585363199] wproc: Core Worker 22691: job 300932 (pid=8369): Dormant child reaped
[1585363232] wproc: Core Worker 22690: job 300934 (pid=8400) timed out. Killing it
[1585363232] wproc: CHECK job 300934 from worker Core Worker 22690 timed out after 30.02s
[1585363232] wproc:   host=Director_Bldg; service=(null);
[1585363232] wproc:   early_timeout=1; exited_ok=0; wait_status=0; error_code=62;
[1585363232] Warning: Check of host 'Director_Bldg' timed out after 30.02 seconds
[1585363232] HOST ALERT: Director_Bldg;DOWN;SOFT;7;(Host check timed out after 30.02 seconds)
[1585363232] wproc: Core Worker 22690: job 300934 (pid=8400): Dormant child reaped
[1585363288] wproc: Core Worker 22690: job 300935 (pid=8546) timed out. Killing it
[1585363288] wproc: CHECK job 300935 from worker Core Worker 22690 timed out after 30.01s
[1585363288] wproc:   host=Director_Resident; service=(null);
[1585363288] wproc:   early_timeout=1; exited_ok=0; wait_status=0; error_code=62;
[1585363288] Warning: Check of host 'Director_Resident' timed out after 30.01 seconds
[1585363288] HOST ALERT: Director_Resident;DOWN;SOFT;8;(Host check timed out after 30.01 seconds)
[1585363289] wproc: Core Worker 22690: job 300935 (pid=8546): Dormant child reaped
[1585363322] wproc: Core Worker 22692: job 300936 (pid=8556) timed out. Killing it
[1585363322] wproc: CHECK job 300936 from worker Core Worker 22692 timed out after 30.01s
[1585363322] wproc:   host=Director_Bldg; service=(null);
[1585363322] wproc:   early_timeout=1; exited_ok=0; wait_status=0; error_code=62;
[1585363322] Warning: Check of host 'Director_Bldg' timed out after 30.01 seconds
[1585363322] HOST ALERT: Director_Bldg;DOWN;SOFT;8;(Host check timed out after 30.01 seconds)
[1585363322] wproc: Core Worker 22692: job 300936 (pid=8556): Dormant child reaped
[1585363378] wproc: Core Worker 22691: job 300938 (pid=8578) timed out. Killing it
[1585363378] wproc: CHECK job 300938 from worker Core Worker 22691 timed out after 30.00s
[1585363378] wproc:   host=Director_Resident; service=(null);
[1585363378] wproc:   early_timeout=1; exited_ok=0; wait_status=0; error_code=62;
[1585363378] Warning: Check of host 'Director_Resident' timed out after 30.00 seconds
[1585363378] HOST ALERT: Director_Resident;DOWN;SOFT;9;(Host check timed out after 30.00 seconds)
[1585363379] wproc: Core Worker 22691: job 300938 (pid=8578): Dormant child reaped
[1585363412] wproc: Core Worker 22691: job 300941 (pid=8607) timed out. Killing it
[1585363412] wproc: CHECK job 300941 from worker Core Worker 22691 timed out after 30.03s
[1585363412] wproc:   host=Director_Bldg; service=(null);
[1585363412] wproc:   early_timeout=1; exited_ok=0; wait_status=0; error_code=62;
[1585363412] Warning: Check of host 'Director_Bldg' timed out after 30.03 seconds
[1585363412] HOST ALERT: Director_Bldg;DOWN;SOFT;9;(Host check timed out after 30.03 seconds)
[1585363412] wproc: Core Worker 22691: job 300941 (pid=8607): Dormant child reaped
[1585363468] wproc: Core Worker 22691: job 300942 (pid=8623) timed out. Killing it
[1585363468] wproc: CHECK job 300942 from worker Core Worker 22691 timed out after 30.01s
[1585363468] wproc:   host=Director_Resident; service=(null);
[1585363468] wproc:   early_timeout=1; exited_ok=0; wait_status=0; error_code=62;
[1585363468] Warning: Check of host 'Director_Resident' timed out after 30.01 seconds
[1585363468] HOST NOTIFICATION: nagiosadmin;Director_Resident;DOWN;notify-host-by-email;(Host check timed out after 30.01 seconds)
[1585363468] HOST ALERT: Director_Resident;DOWN;HARD;10;(Host check timed out after 30.01 seconds)
[1585363469] wproc: Core Worker 22691: job 300942 (pid=8623): Dormant child reaped
[1585363502] wproc: Core Worker 22689: job 300944 (pid=8641) timed out. Killing it
[1585363502] wproc: CHECK job 300944 from worker Core Worker 22689 timed out after 30.03s
[1585363502] wproc:   host=Director_Bldg; service=(null);
[1585363502] wproc:   early_timeout=1; exited_ok=0; wait_status=0; error_code=62;
[1585363502] Warning: Check of host 'Director_Bldg' timed out after 30.03 seconds
[1585363502] HOST NOTIFICATION: nagiosadmin;Director_Bldg;DOWN;notify-host-by-email;(Host check timed out after 30.03 seconds)
[1585363502] HOST ALERT: Director_Bldg;DOWN;HARD;10;(Host check timed out after 30.03 seconds)
[1585363502] wproc: Core Worker 22689: job 300944 (pid=8641): Dormant child reaped
[1585363798] wproc: Core Worker 22689: job 300953 (pid=8893) timed out. Killing it
[1585363798] wproc: CHECK job 300953 from worker Core Worker 22689 timed out after 30.01s
[1585363798] wproc:   host=Director_Resident; service=(null);
[1585363798] wproc:   early_timeout=1; exited_ok=0; wait_status=0; error_code=62;
[1585363798] Warning: Check of host 'Director_Resident' timed out after 30.01 seconds
[1585363799] wproc: Core Worker 22689: job 300953 (pid=8893): Dormant child reaped
[1585363832] wproc: Core Worker 22692: job 300954 (pid=9016) timed out. Killing it
[1585363832] wproc: CHECK job 300954 from worker Core Worker 22692 timed out after 30.03s
[1585363832] wproc:   host=Director_Bldg; service=(null);
[1585363832] wproc:   early_timeout=1; exited_ok=0; wait_status=0; error_code=62;
[1585363832] Warning: Check of host 'Director_Bldg' timed out after 30.03 seconds
[1585363832] wproc: Core Worker 22692: job 300954 (pid=9016): Dormant child reaped
[1585364098] wproc: Core Worker 22689: job 300963 (pid=9203) timed out. Killing it
[1585364098] wproc: CHECK job 300963 from worker Core Worker 22689 timed out after 30.03s
[1585364098] wproc:   host=Director_Resident; service=(null);
[1585364098] wproc:   early_timeout=1; exited_ok=0; wait_status=0; error_code=62;
[1585364098] Warning: Check of host 'Director_Resident' timed out after 30.03 seconds
[1585364099] wproc: Core Worker 22689: job 300963 (pid=9203): Dormant child reaped
[1585364132] wproc: Core Worker 22692: job 300963 (pid=9260) timed out. Killing it
[1585364132] wproc: CHECK job 300963 from worker Core Worker 22692 timed out after 30.02s
[1585364132] wproc:   host=Director_Bldg; service=(null);
[1585364132] wproc:   early_timeout=1; exited_ok=0; wait_status=0; error_code=62;
[1585364132] Warning: Check of host 'Director_Bldg' timed out after 30.02 seconds
[1585364132] wproc: Core Worker 22692: job 300963 (pid=9260): Dormant child reaped
[1585364398] wproc: Core Worker 22689: job 300972 (pid=9479) timed out. Killing it
[1585364398] wproc: CHECK job 300972 from worker Core Worker 22689 timed out after 30.01s
[1585364398] wproc:   host=Director_Resident; service=(null);
[1585364398] wproc:   early_timeout=1; exited_ok=0; wait_status=0; error_code=62;
[1585364398] Warning: Check of host 'Director_Resident' timed out after 30.01 seconds
[1585364399] wproc: Core Worker 22689: job 300972 (pid=9479): Dormant child reaped
[1585364432] wproc: Core Worker 22692: job 300973 (pid=9591) timed out. Killing it
[1585364432] wproc: CHECK job 300973 from worker Core Worker 22692 timed out after 30.02s
[1585364432] wproc:   host=Director_Bldg; service=(null);
[1585364432] wproc:   early_timeout=1; exited_ok=0; wait_status=0; error_code=62;
[1585364432] Warning: Check of host 'Director_Bldg' timed out after 30.02 seconds
[1585364432] wproc: Core Worker 22692: job 300973 (pid=9591): Dormant child reaped
[1585364699] wproc: Core Worker 22689: job 300982 (pid=9738) timed out. Killing it
[1585364699] wproc: CHECK job 300982 from worker Core Worker 22689 timed out after 30.03s
[1585364699] wproc:   host=Director_Resident; service=(null);
[1585364699] wproc:   early_timeout=1; exited_ok=0; wait_status=0; error_code=62;
[1585364699] Warning: Check of host 'Director_Resident' timed out after 30.03 seconds
[1585364699] wproc: Core Worker 22689: job 300982 (pid=9738): Dormant child reaped
[1585364732] wproc: Core Worker 22692: job 300982 (pid=9780) timed out. Killing it
[1585364732] wproc: CHECK job 300982 from worker Core Worker 22692 timed out after 30.03s
[1585364732] wproc:   host=Director_Bldg; service=(null);
[1585364732] wproc:   early_timeout=1; exited_ok=0; wait_status=0; error_code=62;
[1585364732] Warning: Check of host 'Director_Bldg' timed out after 30.03 seconds
[1585364732] wproc: Core Worker 22692: job 300982 (pid=9780): Dormant child reaped
[1585364885] Auto-save of retention data completed successfully.
[1585364998] wproc: Core Worker 22689: job 300991 (pid=9985) timed out. Killing it
[1585364998] wproc: CHECK job 300991 from worker Core Worker 22689 timed out after 30.01s
[1585364998] wproc:   host=Director_Resident; service=(null);
[1585364998] wproc:   early_timeout=1; exited_ok=0; wait_status=0; error_code=62;
[1585364998] Warning: Check of host 'Director_Resident' timed out after 30.01 seconds
[1585364998] wproc: Core Worker 22689: job 300991 (pid=9985): Dormant child reaped
[1585365032] wproc: Core Worker 22692: job 300992 (pid=10086) timed out. Killing it
[1585365032] wproc: CHECK job 300992 from worker Core Worker 22692 timed out after 30.03s
[1585365032] wproc:   host=Director_Bldg; service=(null);
[1585365032] wproc:   early_timeout=1; exited_ok=0; wait_status=0; error_code=62;
[1585365032] Warning: Check of host 'Director_Bldg' timed out after 30.03 seconds
[1585365032] wproc: Core Worker 22692: job 300992 (pid=10086): Dormant child reaped
[1585365298] wproc: Core Worker 22689: job 301001 (pid=10241) timed out. Killing it
[1585365298] wproc: CHECK job 301001 from worker Core Worker 22689 timed out after 30.03s
[1585365298] wproc:   host=Director_Resident; service=(null);
[1585365298] wproc:   early_timeout=1; exited_ok=0; wait_status=0; error_code=62;
[1585365298] Warning: Check of host 'Director_Resident' timed out after 30.03 seconds
[1585365298] HOST NOTIFICATION: nagiosadmin;Director_Resident;DOWN;notify-host-by-email;(Host check timed out after 30.03 seconds)
[1585365298] wproc: Core Worker 22689: job 301001 (pid=10241): Dormant child reaped
[1585365332] wproc: Core Worker 22689: job 301002 (pid=10292) timed out. Killing it
[1585365332] wproc: CHECK job 301002 from worker Core Worker 22689 timed out after 30.02s
[1585365332] wproc:   host=Director_Bldg; service=(null);
[1585365332] wproc:   early_timeout=1; exited_ok=0; wait_status=0; error_code=62;
[1585365332] Warning: Check of host 'Director_Bldg' timed out after 30.02 seconds
[1585365332] HOST NOTIFICATION: nagiosadmin;Director_Bldg;DOWN;notify-host-by-email;(Host check timed out after 30.02 seconds)
[1585365332] wproc: Core Worker 22689: job 301002 (pid=10292): Dormant child reaped
[1585365598] wproc: Core Worker 22691: job 301010 (pid=10501) timed out. Killing it
[1585365598] wproc: CHECK job 301010 from worker Core Worker 22691 timed out after 30.01s
[1585365598] wproc:   host=Director_Resident; service=(null);
[1585365598] wproc:   early_timeout=1; exited_ok=0; wait_status=0; error_code=62;
[1585365598] Warning: Check of host 'Director_Resident' timed out after 30.01 seconds
[1585365598] wproc: Core Worker 22691: job 301010 (pid=10501): Dormant child reaped
[1585365632] wproc: Core Worker 22690: job 301012 (pid=10588) timed out. Killing it
[1585365632] wproc: CHECK job 301012 from worker Core Worker 22690 timed out after 30.03s
[1585365632] wproc:   host=Director_Bldg; service=(null);
[1585365632] wproc:   early_timeout=1; exited_ok=0; wait_status=0; error_code=62;
[1585365632] Warning: Check of host 'Director_Bldg' timed out after 30.03 seconds
[1585365632] wproc: Core Worker 22690: job 301012 (pid=10588): Dormant child reaped
[1585365898] wproc: Core Worker 22691: job 301020 (pid=10754) timed out. Killing it
[1585365898] wproc: CHECK job 301020 from worker Core Worker 22691 timed out after 30.03s
[1585365898] wproc:   host=Director_Resident; service=(null);
[1585365898] wproc:   early_timeout=1; exited_ok=0; wait_status=0; error_code=62;
[1585365898] Warning: Check of host 'Director_Resident' timed out after 30.03 seconds
[1585365898] wproc: Core Worker 22691: job 301020 (pid=10754): Dormant child reaped
[1585365932] wproc: Core Worker 22690: job 301021 (pid=10787) timed out. Killing it
[1585365932] wproc: CHECK job 301021 from worker Core Worker 22690 timed out after 30.03s
[1585365932] wproc:   host=Director_Bldg; service=(null);
[1585365932] wproc:   early_timeout=1; exited_ok=0; wait_status=0; error_code=62;
[1585365932] Warning: Check of host 'Director_Bldg' timed out after 30.03 seconds
[1585365932] wproc: Core Worker 22690: job 301021 (pid=10787): Dormant child reaped
[1585366015] SERVICE NOTIFICATION: nagiosadmin;esxi04;ESXi Hardware Check;UNKNOWN;notify-service-by-email;UNKNOWN:
[1585366198] wproc: Core Worker 22692: job 301029 (pid=11011) timed out. Killing it
[1585366198] wproc: CHECK job 301029 from worker Core Worker 22692 timed out after 30.01s
[1585366198] wproc:   host=Director_Resident; service=(null);
[1585366198] wproc:   early_timeout=1; exited_ok=0; wait_status=0; error_code=62;
[1585366198] Warning: Check of host 'Director_Resident' timed out after 30.01 seconds
[1585366198] wproc: Core Worker 22692: job 301029 (pid=11011): Dormant child reaped
[1585366232] wproc: Core Worker 22691: job 301031 (pid=11060) timed out. Killing it
[1585366232] wproc: CHECK job 301031 from worker Core Worker 22691 timed out after 30.03s
[1585366232] wproc:   host=Director_Bldg; service=(null);
[1585366232] wproc:   early_timeout=1; exited_ok=0; wait_status=0; error_code=62;
[1585366232] Warning: Check of host 'Director_Bldg' timed out after 30.03 seconds
[1585366232] wproc: Core Worker 22691: job 301031 (pid=11060): Dormant child reaped
[1585366498] wproc: Core Worker 22692: job 301039 (pid=11292) timed out. Killing it
[1585366498] wproc: CHECK job 301039 from worker Core Worker 22692 timed out after 30.03s
[1585366498] wproc:   host=Director_Resident; service=(null);
[1585366498] wproc:   early_timeout=1; exited_ok=0; wait_status=0; error_code=62;
[1585366498] Warning: Check of host 'Director_Resident' timed out after 30.03 seconds
[1585366498] wproc: Core Worker 22692: job 301039 (pid=11292): Dormant child reaped
[1585366506] HOST NOTIFICATION: nagiosadmin;Director_Bldg;UP;notify-host-by-email;PING OK - Packet loss = 0%, RTA = 0.58 ms
[1585366506] HOST ALERT: Director_Bldg;UP;HARD;1;PING OK - Packet loss = 0%, RTA = 0.58 ms
[1585366773] HOST NOTIFICATION: nagiosadmin;Director_Resident;UP;notify-host-by-email;PING OK - Packet loss = 20%, RTA = 2.07 ms
[1585366773] HOST ALERT: Director_Resident;UP;HARD;1;PING OK - Packet loss = 20%, RTA = 2.07 ms
[1585366940] SERVICE ALERT: Director_Resident;check-host-alive;OK;SOFT;1;PING OK - Packet loss = 0%, RTA = 0.64 ms
[1585367067] SERVICE ALERT: Director_Bldg;check-host-alive;OK;SOFT;1;PING OK - Packet loss = 0%, RTA = 0.62 ms
[1585368485] Auto-save of retention data completed successfully.
[1585369616] SERVICE NOTIFICATION: nagiosadmin;esxi04;ESXi Hardware Check;UNKNOWN;notify-service-by-email;UNKNOWN:
[1585372085] Auto-save of retention data completed successfully.
[1585373815] SERVICE NOTIFICATION: nagiosadmin;esxi04;ESXi Hardware Check;UNKNOWN;notify-service-by-email;UNKNOWN:
[1585375685] Auto-save of retention data completed successfully.
[1585377415] SERVICE NOTIFICATION: nagiosadmin;esxi04;ESXi Hardware Check;UNKNOWN;notify-service-by-email;UNKNOWN:
[1585379285] Auto-save of retention data completed successfully.
[1585381016] SERVICE NOTIFICATION: nagiosadmin;esxi04;ESXi Hardware Check;UNKNOWN;notify-service-by-email;UNKNOWN:
[1585382885] Auto-save of retention data completed successfully.
[1585384616] SERVICE NOTIFICATION: nagiosadmin;esxi04;ESXi Hardware Check;UNKNOWN;notify-service-by-email;UNKNOWN:
[1585386485] Auto-save of retention data completed successfully.
[1585388815] SERVICE NOTIFICATION: nagiosadmin;esxi04;ESXi Hardware Check;UNKNOWN;notify-service-by-email;UNKNOWN:
[1585390085] Auto-save of retention data completed successfully.
[1585392415] SERVICE NOTIFICATION: nagiosadmin;esxi04;ESXi Hardware Check;UNKNOWN;notify-service-by-email;UNKNOWN:
[1585393685] Auto-save of retention data completed successfully.
[1585396016] SERVICE NOTIFICATION: nagiosadmin;esxi04;ESXi Hardware Check;UNKNOWN;notify-service-by-email;UNKNOWN:
[1585397285] Auto-save of retention data completed successfully.
[1585400215] SERVICE NOTIFICATION: nagiosadmin;esxi04;ESXi Hardware Check;UNKNOWN;notify-service-by-email;UNKNOWN:
[1585400885] Auto-save of retention data completed successfully.
[1585403815] SERVICE NOTIFICATION: nagiosadmin;esxi04;ESXi Hardware Check;UNKNOWN;notify-service-by-email;UNKNOWN:
[1585404485] Auto-save of retention data completed successfully.
[1585407416] SERVICE NOTIFICATION: nagiosadmin;esxi04;ESXi Hardware Check;UNKNOWN;notify-service-by-email;UNKNOWN:
[1585407488] EXTERNAL COMMAND: ACKNOWLEDGE_SVC_PROBLEM;esxi04;ESXi Hardware Check;2;1;1;Nagios Admin;ack
[1585407488] SERVICE NOTIFICATION: nagiosadmin;esxi04;ESXi Hardware Check;ACKNOWLEDGEMENT (UNKNOWN);notify-service-by-email;UNKNOWN:;Nagios Admin;ack
[1585407533] EXTERNAL COMMAND: DISABLE_SVC_CHECK;esxi04;ESXi Hardware Check
[1585408085] Auto-save of retention data completed successfully.
[1585411685] Auto-save of retention data completed successfully.
[1585415285] Auto-save of retention data completed successfully.
[1585418885] Auto-save of retention data completed successfully.
