[1571250600] LOG ROTATION: DAILY
[1571250600] LOG VERSION: 2.0
[1571250600] CURRENT HOST STATE: AP_Main_Bldg;UP;HARD;1;PING OK - Packet loss = 0%, RTA = 0.70 ms
[1571250600] CURRENT HOST STATE: Director_Bldg;UP;HARD;1;PING OK - Packet loss = 0%, RTA = 0.56 ms
[1571250600] CURRENT HOST STATE: Director_Resident;UP;HARD;1;PING OK - Packet loss = 0%, RTA = 0.63 ms
[1571250600] CURRENT HOST STATE: esxi01;UP;HARD;1;PING OK - Packet loss = 0%, RTA = 0.40 ms
[1571250600] CURRENT HOST STATE: esxi02;UP;HARD;1;PING OK - Packet loss = 0%, RTA = 0.39 ms
[1571250600] CURRENT HOST STATE: esxi03;UP;HARD;1;PING OK - Packet loss = 0%, RTA = 0.30 ms
[1571250600] CURRENT HOST STATE: esxi04;UP;HARD;1;PING OK - Packet loss = 0%, RTA = 0.43 ms
[1571250600] CURRENT HOST STATE: esxi05;UP;HARD;1;PING OK - Packet loss = 0%, RTA = 0.35 ms
[1571250600] CURRENT HOST STATE: esxi06;UP;HARD;1;PING OK - Packet loss = 0%, RTA = 0.40 ms
[1571250600] CURRENT HOST STATE: esxi07;UP;HARD;1;PING OK - Packet loss = 0%, RTA = 0.47 ms
[1571250600] CURRENT HOST STATE: esxi08;UP;HARD;1;PING OK - Packet loss = 0%, RTA = 0.35 ms
[1571250600] CURRENT HOST STATE: esxi09;UP;HARD;1;PING OK - Packet loss = 0%, RTA = 0.37 ms
[1571250600] CURRENT HOST STATE: localhost;UP;HARD;1;PING OK - Packet loss = 0%, RTA = 0.04 ms
[1571250600] CURRENT HOST STATE: vmware10gswitch;UP;HARD;1;PING OK - Packet loss = 0%, RTA = 6.83 ms
[1571250600] CURRENT HOST STATE: vmwaremgmtswitch;UP;HARD;1;PING OK - Packet loss = 0%, RTA = 0.71 ms
[1571250600] CURRENT SERVICE STATE: AP_Main_Bldg;check-host-alive;OK;HARD;1;PING OK - Packet loss = 0%, RTA = 1.96 ms
[1571250600] CURRENT SERVICE STATE: Director_Bldg;check-host-alive;OK;HARD;1;PING OK - Packet loss = 0%, RTA = 0.61 ms
[1571250600] CURRENT SERVICE STATE: Director_Resident;check-host-alive;OK;HARD;1;PING OK - Packet loss = 0%, RTA = 0.60 ms
[1571250600] CURRENT SERVICE STATE: esxi01;ESXi Hardware Check;OK;HARD;1;OK - Server: Cisco Systems Inc UCSC-C220-M4S s/n: FCH22157EQH Chassis S/N: FCH2216V0WN  System BIOS: C220M4.3.0.4a.0.0226182253 2018-02-26
[1571250600] CURRENT SERVICE STATE: esxi01;PING;OK;HARD;1;PING OK - Packet loss = 0%, RTA = 0.48 ms
[1571250600] CURRENT SERVICE STATE: esxi02;ESXi Hardware Check;OK;HARD;1;OK - Server: Cisco Systems Inc UCSC-C220-M4S s/n: FCH22157E1D Chassis S/N: FCH2216V0Y6  System BIOS: C220M4.3.0.4a.0.0226182253 2018-02-26
[1571250600] CURRENT SERVICE STATE: esxi02;PING;OK;HARD;1;PING OK - Packet loss = 0%, RTA = 0.48 ms
[1571250600] CURRENT SERVICE STATE: esxi03;ESXi Hardware Check;OK;HARD;1;OK - Server: Cisco Systems Inc UCSC-C220-M4S s/n: FCH22157ESB Chassis S/N: FCH2216V0TW  System BIOS: C220M4.3.0.4a.0.0226182253 2018-02-26
[1571250600] CURRENT SERVICE STATE: esxi03;PING;OK;HARD;1;PING OK - Packet loss = 0%, RTA = 0.36 ms
[1571250600] CURRENT SERVICE STATE: esxi04;ESXi Hardware Check;OK;HARD;1;OK - Server: Cisco Systems Inc UCSC-C220-M4S s/n: FCH22137QKB Chassis S/N: FCH2216V0YZ  System BIOS: C220M4.3.0.4a.0.0226182253 2018-02-26
[1571250600] CURRENT SERVICE STATE: esxi04;PING;OK;HARD;1;PING OK - Packet loss = 0%, RTA = 0.47 ms
[1571250600] CURRENT SERVICE STATE: esxi05;ESXi Hardware Check;OK;HARD;1;OK - Server: Cisco Systems Inc UCSC-C220-M4S s/n: FCH22157EPD Chassis S/N: FCH2216V0Z0  System BIOS: C220M4.3.0.4a.0.0226182253 2018-02-26
[1571250600] CURRENT SERVICE STATE: esxi05;PING;OK;HARD;1;PING OK - Packet loss = 0%, RTA = 0.38 ms
[1571250600] CURRENT SERVICE STATE: esxi06;ESXi Haradware Check;OK;HARD;1;OK - Server: Cisco Systems Inc UCSC-C220-M4S s/n: FCH22157ERW Chassis S/N: FCH2216V0X8  System BIOS: C220M4.3.0.4a.0.0226182253 2018-02-26
[1571250600] CURRENT SERVICE STATE: esxi06;PING;OK;HARD;1;PING OK - Packet loss = 0%, RTA = 0.46 ms
[1571250600] CURRENT SERVICE STATE: esxi07;ESXi Hardware Check;OK;HARD;1;OK - Server: Cisco Systems Inc UCSC-C220-M4S s/n: FCH22157EV7 Chassis S/N: FCH2216V0Y8  System BIOS: C220M4.3.0.4a.0.0226182253 2018-02-26
[1571250600] CURRENT SERVICE STATE: esxi07;PING;OK;HARD;1;PING OK - Packet loss = 0%, RTA = 0.45 ms
[1571250600] CURRENT SERVICE STATE: esxi08;ESXi Hardware Check;OK;HARD;1;OK - Server: Cisco Systems Inc UCSC-C220-M4S s/n: FCH22137QJN Chassis S/N: FCH2216V0YV  System BIOS: C220M4.3.0.4a.0.0226182253 2018-02-26
[1571250600] CURRENT SERVICE STATE: esxi08;PING;OK;HARD;1;PING OK - Packet loss = 0%, RTA = 0.34 ms
[1571250600] CURRENT SERVICE STATE: esxi09;ESXi Hardware Check;OK;HARD;1;OK - Server: Cisco Systems Inc UCSC-C220-M4S s/n: FCH22157ERY Chassis S/N: FCH2216V0YN  System BIOS: C220M4.3.0.4a.0.0226182253 2018-02-26
[1571250600] CURRENT SERVICE STATE: esxi09;PING;OK;HARD;1;PING OK - Packet loss = 0%, RTA = 0.35 ms
[1571250600] CURRENT SERVICE STATE: localhost;Current Load;OK;HARD;1;OK - load average: 0.00, 0.01, 0.05
[1571250600] CURRENT SERVICE STATE: localhost;Current Users;OK;HARD;1;USERS OK - 2 users currently logged in
[1571250600] CURRENT SERVICE STATE: localhost;PING;OK;HARD;1;PING OK - Packet loss = 0%, RTA = 0.03 ms
[1571250600] CURRENT SERVICE STATE: localhost;Root Partition;OK;HARD;1;DISK OK - free space: / 42374 MB (82.80% inode=99%):
[1571250600] CURRENT SERVICE STATE: localhost;SSH;OK;HARD;1;SSH OK - OpenSSH_7.4 (protocol 2.0)
[1571250600] CURRENT SERVICE STATE: localhost;Swap Usage;OK;HARD;1;SWAP OK - 100% free (3954 MB out of 3967 MB)
[1571250600] CURRENT SERVICE STATE: localhost;Total Processes;OK;HARD;1;PROCS OK: 88 processes with STATE = RSZDT
[1571250600] CURRENT SERVICE STATE: vmware10gswitch;check-host-alive;OK;HARD;1;PING OK - Packet loss = 0%, RTA = 1.24 ms
[1571250600] CURRENT SERVICE STATE: vmwaremgmtswitch;check-host-alive;OK;HARD;1;PING OK - Packet loss = 0%, RTA = 0.80 ms
[1571251121] Auto-save of retention data completed successfully.
[1571254720] Auto-save of retention data completed successfully.
[1571258321] Auto-save of retention data completed successfully.
[1571261921] Auto-save of retention data completed successfully.
[1571265521] Auto-save of retention data completed successfully.
[1571269121] Auto-save of retention data completed successfully.
[1571272721] Auto-save of retention data completed successfully.
[1571276321] Auto-save of retention data completed successfully.
[1571279921] Auto-save of retention data completed successfully.
[1571283521] Auto-save of retention data completed successfully.
[1571287121] Auto-save of retention data completed successfully.
[1571290820] Nagios 4.4.4 starting... (PID=1458)
[1571290820] Local time is Thu Oct 17 11:10:20 IST 2019
[1571290820] LOG VERSION: 2.0
[1571290820] qh: Socket '/usr/local/nagios/var/rw/nagios.qh' successfully initialized
[1571290820] qh: core query handler registered
[1571290820] qh: echo service query handler registered
[1571290820] qh: help for the query handler registered
[1571290820] wproc: Successfully registered manager as @wproc with query handler
[1571290820] wproc: Registry request: name=Core Worker 1462;pid=1462
[1571290820] wproc: Registry request: name=Core Worker 1460;pid=1460
[1571290820] wproc: Registry request: name=Core Worker 1461;pid=1461
[1571290820] wproc: Registry request: name=Core Worker 1459;pid=1459
[1571290820] Successfully launched command file worker with pid 1477
[1571290822] SERVICE ALERT: esxi05;ESXi Hardware Check;UNKNOWN;SOFT;1;UNKNOWN: (0, 'Socket error: [Errno 111] Connection refused')
[1571290870] wproc: Core Worker 1462: job 8 (pid=3693) timed out. Killing it
[1571290870] wproc: Core Worker 1462: job 18936432 with pid 3693 reaped at timeout. timeouts=1; started=9
[1571290879] Warning: The check of service 'check-host-alive' on host 'vmware10gswitch' looks like it was orphaned (results never came back; last_check=1571287064; next_check=395).  I'm scheduling an immediate check of the service...
[1571290880] wproc: Core Worker 1462: job 7 (pid=1493) timed out. Killing it
[1571290880] wproc: Core Worker 1462: job 18940048 with pid 1493 reaped at timeout. timeouts=2; started=9
[1571290952] SERVICE ALERT: esxi05;ESXi Hardware Check;OK;SOFT;2;OK - Server: Cisco Systems Inc UCSC-C220-M4S s/n: FCH22157EPD Chassis S/N: FCH2216V0Z0  System BIOS: C220M4.3.0.4a.0.0226182253 2018-02-26
[1571291470] wproc: Core Worker 1461: job 27 (pid=10732) timed out. Killing it
[1571291470] wproc: Core Worker 1461: job 8250192 with pid 10732 reaped at timeout. timeouts=1; started=28
[1571291480] wproc: Core Worker 1462: job 27 (pid=10720) timed out. Killing it
[1571291480] wproc: Core Worker 1462: job 18937472 with pid 10720 reaped at timeout. timeouts=3; started=29
[1571292025] SERVICE ALERT: esxi08;PING;WARNING;SOFT;1;PING WARNING - Packet loss = 20%, RTA = 3.38 ms
[1571292052] wproc: Core Worker 1460: job 46 (pid=11243) timed out. Killing it
[1571292052] wproc: Core Worker 1460: job 35348112 with pid 11243 reaped at timeout. timeouts=1; started=47
[1571292070] wproc: Core Worker 1459: job 46 (pid=11256) timed out. Killing it
[1571292070] wproc: Core Worker 1459: job 31538176 with pid 11256 reaped at timeout. timeouts=1; started=47
[1571292089] SERVICE ALERT: esxi08;PING;OK;SOFT;2;PING OK - Packet loss = 0%, RTA = 0.40 ms
[1571294420] Auto-save of retention data completed successfully.
[1571295625] SERVICE ALERT: esxi07;PING;WARNING;SOFT;1;PING WARNING - Packet loss = 20%, RTA = 3.26 ms
[1571295689] SERVICE ALERT: esxi07;PING;OK;SOFT;2;PING OK - Packet loss = 0%, RTA = 0.56 ms
[1571296654] SERVICE ALERT: esxi07;PING;WARNING;SOFT;1;PING WARNING - Packet loss = 40%, RTA = 0.89 ms
[1571296718] SERVICE ALERT: esxi07;PING;OK;SOFT;2;PING OK - Packet loss = 0%, RTA = 0.57 ms
[1571298020] Auto-save of retention data completed successfully.
[1571298025] SERVICE ALERT: esxi09;PING;WARNING;SOFT;1;PING WARNING - Packet loss = 20%, RTA = 3.13 ms
[1571298089] SERVICE ALERT: esxi09;PING;OK;SOFT;2;PING OK - Packet loss = 0%, RTA = 0.44 ms
[1571298625] SERVICE ALERT: esxi02;PING;WARNING;SOFT;1;PING WARNING - Packet loss = 20%, RTA = 3.17 ms
[1571298689] SERVICE ALERT: esxi02;PING;OK;SOFT;2;PING OK - Packet loss = 0%, RTA = 0.41 ms
[1571299225] SERVICE ALERT: esxi04;PING;WARNING;SOFT;1;PING WARNING - Packet loss = 20%, RTA = 2.94 ms
[1571299289] SERVICE ALERT: esxi04;PING;OK;SOFT;2;PING OK - Packet loss = 0%, RTA = 0.47 ms
[1571300426] SERVICE ALERT: esxi05;PING;WARNING;SOFT;1;PING WARNING - Packet loss = 20%, RTA = 3.36 ms
[1571300490] SERVICE ALERT: esxi05;PING;OK;SOFT;2;PING OK - Packet loss = 0%, RTA = 0.52 ms
[1571301620] Auto-save of retention data completed successfully.
[1571305220] Auto-save of retention data completed successfully.
[1571307625] SERVICE ALERT: esxi03;PING;WARNING;SOFT;1;PING WARNING - Packet loss = 20%, RTA = 3.18 ms
[1571307689] SERVICE ALERT: esxi03;PING;OK;SOFT;2;PING OK - Packet loss = 0%, RTA = 0.29 ms
[1571308820] Auto-save of retention data completed successfully.
[1571310625] SERVICE ALERT: esxi01;PING;WARNING;SOFT;1;PING WARNING - Packet loss = 20%, RTA = 5.30 ms
[1571310689] SERVICE ALERT: esxi01;PING;OK;SOFT;2;PING OK - Packet loss = 0%, RTA = 0.41 ms
[1571312420] Auto-save of retention data completed successfully.
[1571313625] SERVICE ALERT: esxi06;PING;WARNING;SOFT;1;PING WARNING - Packet loss = 20%, RTA = 0.76 ms
[1571313689] SERVICE ALERT: esxi06;PING;OK;SOFT;2;PING OK - Packet loss = 0%, RTA = 0.47 ms
[1571316020] Auto-save of retention data completed successfully.
[1571319620] Auto-save of retention data completed successfully.
[1571323220] Auto-save of retention data completed successfully.
[1571326820] Auto-save of retention data completed successfully.
[1571330420] Auto-save of retention data completed successfully.
[1571334020] Auto-save of retention data completed successfully.
[1575108700] Caught SIGTERM, shutting down...
