[1547922600] LOG ROTATION: DAILY
[1547922600] LOG VERSION: 2.0
[1547922600] CURRENT HOST STATE: esxi01;UP;HARD;1;PING OK - Packet loss = 0%, RTA = 0.50 ms
[1547922600] CURRENT HOST STATE: esxi02;UP;HARD;1;PING OK - Packet loss = 0%, RTA = 0.47 ms
[1547922600] CURRENT HOST STATE: esxi03;UP;HARD;1;PING OK - Packet loss = 0%, RTA = 0.44 ms
[1547922600] CURRENT HOST STATE: esxi04;UP;HARD;1;PING OK - Packet loss = 60%, RTA = 0.56 ms
[1547922600] CURRENT HOST STATE: esxi05;UP;HARD;1;PING OK - Packet loss = 0%, RTA = 0.34 ms
[1547922600] CURRENT HOST STATE: esxi06;UP;HARD;1;PING OK - Packet loss = 0%, RTA = 0.50 ms
[1547922600] CURRENT HOST STATE: esxi07;UP;HARD;1;PING OK - Packet loss = 20%, RTA = 0.40 ms
[1547922600] CURRENT HOST STATE: esxi08;UP;HARD;1;PING OK - Packet loss = 0%, RTA = 0.49 ms
[1547922600] CURRENT HOST STATE: esxi09;UP;HARD;1;PING OK - Packet loss = 0%, RTA = 0.44 ms
[1547922600] CURRENT HOST STATE: localhost;UP;HARD;1;PING OK - Packet loss = 0%, RTA = 0.01 ms
[1547922600] CURRENT HOST STATE: router1;UP;HARD;1;PING OK - Packet loss = 0%, RTA = 0.59 ms
[1547922600] CURRENT HOST STATE: router2;UP;HARD;1;PING OK - Packet loss = 0%, RTA = 0.74 ms
[1547922600] CURRENT HOST STATE: router3;UP;HARD;1;PING OK - Packet loss = 0%, RTA = 0.96 ms
[1547922600] CURRENT HOST STATE: vmware10gswitch;UP;HARD;1;PING OK - Packet loss = 0%, RTA = 1.33 ms
[1547922600] CURRENT HOST STATE: vmwaremgmtswitch;UP;HARD;1;PING OK - Packet loss = 0%, RTA = 0.82 ms
[1547922600] CURRENT SERVICE STATE: esxi01;ESXi Hardware Check;OK;HARD;1;OK - Server: Cisco Systems Inc UCSC-C220-M4S s/n: FCH22157EQH Chassis S/N: FCH2216V0WN  System BIOS: C220M4.3.0.4a.0.0226182253 2018-02-26
[1547922600] CURRENT SERVICE STATE: esxi01;PING;OK;HARD;1;PING OK - Packet loss = 0%, RTA = 0.61 ms
[1547922600] CURRENT SERVICE STATE: esxi02;ESXi Hardware Check;OK;HARD;1;OK - Server: Cisco Systems Inc UCSC-C220-M4S s/n: FCH22157E1D Chassis S/N: FCH2216V0Y6  System BIOS: C220M4.3.0.4a.0.0226182253 2018-02-26
[1547922600] CURRENT SERVICE STATE: esxi02;PING;OK;HARD;1;PING OK - Packet loss = 0%, RTA = 0.50 ms
[1547922600] CURRENT SERVICE STATE: esxi03;ESXi Hardware Check;OK;HARD;1;OK - Server: Cisco Systems Inc UCSC-C220-M4S s/n: FCH22157ESB Chassis S/N: FCH2216V0TW  System BIOS: C220M4.3.0.4a.0.0226182253 2018-02-26
[1547922600] CURRENT SERVICE STATE: esxi03;PING;OK;HARD;1;PING OK - Packet loss = 0%, RTA = 0.74 ms
[1547922600] CURRENT SERVICE STATE: esxi04;ESXi Hardware Check;OK;HARD;1;OK - Server: Cisco Systems Inc UCSC-C220-M4S s/n: FCH22137QKB Chassis S/N: FCH2216V0YZ  System BIOS: C220M4.3.0.4a.0.0226182253 2018-02-26
[1547922600] CURRENT SERVICE STATE: esxi04;PING;OK;HARD;1;PING OK - Packet loss = 0%, RTA = 0.45 ms
[1547922600] CURRENT SERVICE STATE: esxi05;ESXi Hardware Check;OK;HARD;1;OK - Server: Cisco Systems Inc UCSC-C220-M4S s/n: FCH22157EPD Chassis S/N: FCH2216V0Z0  System BIOS: C220M4.3.0.4a.0.0226182253 2018-02-26
[1547922600] CURRENT SERVICE STATE: esxi05;PING;OK;HARD;1;PING OK - Packet loss = 0%, RTA = 0.46 ms
[1547922600] CURRENT SERVICE STATE: esxi06;ESXi Haradware Check;OK;HARD;1;OK - Server: Cisco Systems Inc UCSC-C220-M4S s/n: FCH22157ERW Chassis S/N: FCH2216V0X8  System BIOS: C220M4.3.0.4a.0.0226182253 2018-02-26
[1547922600] CURRENT SERVICE STATE: esxi06;PING;OK;HARD;1;PING OK - Packet loss = 0%, RTA = 0.48 ms
[1547922600] CURRENT SERVICE STATE: esxi07;ESXi Hardware Check;OK;HARD;1;OK - Server: Cisco Systems Inc UCSC-C220-M4S s/n: FCH22157EV7 Chassis S/N: FCH2216V0Y8  System BIOS: C220M4.3.0.4a.0.0226182253 2018-02-26
[1547922600] CURRENT SERVICE STATE: esxi07;PING;OK;HARD;1;PING OK - Packet loss = 0%, RTA = 0.49 ms
[1547922600] CURRENT SERVICE STATE: esxi08;ESXi Hardware Check;OK;HARD;1;OK - Server: Cisco Systems Inc UCSC-C220-M4S s/n: FCH22137QJN Chassis S/N: FCH2216V0YV  System BIOS: C220M4.3.0.4a.0.0226182253 2018-02-26
[1547922600] CURRENT SERVICE STATE: esxi08;PING;OK;HARD;1;PING OK - Packet loss = 0%, RTA = 0.41 ms
[1547922600] CURRENT SERVICE STATE: esxi09;ESXi Hardware Check;OK;HARD;1;OK - Server: Cisco Systems Inc UCSC-C220-M4S s/n: FCH22157ERY Chassis S/N: FCH2216V0YN  System BIOS: C220M4.3.0.4a.0.0226182253 2018-02-26
[1547922600] CURRENT SERVICE STATE: esxi09;PING;OK;HARD;1;PING OK - Packet loss = 0%, RTA = 0.51 ms
[1547922600] CURRENT SERVICE STATE: localhost;Current Load;OK;HARD;1;OK - load average: 0.00, 0.02, 0.07
[1547922600] CURRENT SERVICE STATE: localhost;Current Users;OK;HARD;1;USERS OK - 2 users currently logged in
[1547922600] CURRENT SERVICE STATE: localhost;HTTP;WARNING;HARD;4;HTTP WARNING: HTTP/1.1 403 Forbidden - 5179 bytes in 0.001 second response time
[1547922600] CURRENT SERVICE STATE: localhost;PING;OK;HARD;1;PING OK - Packet loss = 0%, RTA = 0.01 ms
[1547922600] CURRENT SERVICE STATE: localhost;Root Partition;OK;HARD;1;DISK OK - free space: / 44573 MB (87.10% inode=99%):
[1547922600] CURRENT SERVICE STATE: localhost;SSH;OK;HARD;1;SSH OK - OpenSSH_7.4 (protocol 2.0)
[1547922600] CURRENT SERVICE STATE: localhost;Swap Usage;OK;HARD;1;SWAP OK - 100% free (3967 MB out of 3967 MB)
[1547922600] CURRENT SERVICE STATE: localhost;Total Processes;OK;HARD;1;PROCS OK: 75 processes with STATE = RSZDT
[1547922600] CURRENT SERVICE STATE: router1;check-host-alive;OK;HARD;1;PING OK - Packet loss = 0%, RTA = 0.43 ms
[1547922600] CURRENT SERVICE STATE: router2;check-host-alive;OK;HARD;1;PING OK - Packet loss = 0%, RTA = 0.68 ms
[1547922600] CURRENT SERVICE STATE: router3;check-host-alive;OK;HARD;1;PING OK - Packet loss = 0%, RTA = 0.64 ms
[1547922600] CURRENT SERVICE STATE: vmware10gswitch;check-host-alive;OK;HARD;1;PING OK - Packet loss = 0%, RTA = 1.34 ms
[1547922600] CURRENT SERVICE STATE: vmwaremgmtswitch;check-host-alive;OK;HARD;1;PING OK - Packet loss = 0%, RTA = 0.76 ms
[1547924319] Auto-save of retention data completed successfully.
[1547924883] wproc: Core Worker 5987: job 11997 (pid=27898) timed out. Killing it
[1547924883] wproc: CHECK job 11997 from worker Core Worker 5987 timed out after 30.01s
[1547924883] wproc:   host=router1; service=(null);
[1547924883] wproc:   early_timeout=1; exited_ok=0; wait_status=0; error_code=62;
[1547924883] Warning: Check of host 'router1' timed out after 30.01 seconds
[1547924883] HOST ALERT: router1;DOWN;SOFT;1;(Host check timed out after 30.01 seconds)
[1547924883] wproc: Core Worker 5987: job 11997 (pid=27898): Dormant child reaped
[1547924973] wproc: Core Worker 5988: job 12001 (pid=27934) timed out. Killing it
[1547924973] wproc: CHECK job 12001 from worker Core Worker 5988 timed out after 30.03s
[1547924973] wproc:   host=router1; service=(null);
[1547924973] wproc:   early_timeout=1; exited_ok=0; wait_status=0; error_code=62;
[1547924973] Warning: Check of host 'router1' timed out after 30.03 seconds
[1547924973] wproc: Core Worker 5988: job 12001 (pid=27934): Dormant child reaped
[1547925063] wproc: Core Worker 5987: job 12003 (pid=27974) timed out. Killing it
[1547925063] wproc: CHECK job 12003 from worker Core Worker 5987 timed out after 30.01s
[1547925063] wproc:   host=router1; service=(null);
[1547925063] wproc:   early_timeout=1; exited_ok=0; wait_status=0; error_code=62;
[1547925063] Warning: Check of host 'router1' timed out after 30.01 seconds
[1547925063] wproc: Core Worker 5987: job 12003 (pid=27974): Dormant child reaped
[1547925153] wproc: Core Worker 5987: job 12005 (pid=27998) timed out. Killing it
[1547925153] wproc: CHECK job 12005 from worker Core Worker 5987 timed out after 30.01s
[1547925153] wproc:   host=router1; service=(null);
[1547925153] wproc:   early_timeout=1; exited_ok=0; wait_status=0; error_code=62;
[1547925153] Warning: Check of host 'router1' timed out after 30.01 seconds
[1547925153] wproc: Core Worker 5987: job 12005 (pid=27998): Dormant child reaped
[1547925243] wproc: Core Worker 5987: job 12010 (pid=28049) timed out. Killing it
[1547925243] wproc: CHECK job 12010 from worker Core Worker 5987 timed out after 30.01s
[1547925243] wproc:   host=router1; service=(null);
[1547925243] wproc:   early_timeout=1; exited_ok=0; wait_status=0; error_code=62;
[1547925243] Warning: Check of host 'router1' timed out after 30.01 seconds
[1547925243] wproc: Core Worker 5987: job 12010 (pid=28049): Dormant child reaped
[1547925333] wproc: Core Worker 5989: job 12013 (pid=28078) timed out. Killing it
[1547925333] wproc: CHECK job 12013 from worker Core Worker 5989 timed out after 30.00s
[1547925333] wproc:   host=router1; service=(null);
[1547925333] wproc:   early_timeout=1; exited_ok=0; wait_status=0; error_code=62;
[1547925333] Warning: Check of host 'router1' timed out after 30.00 seconds
[1547925333] wproc: Core Worker 5989: job 12013 (pid=28078): Dormant child reaped
[1547925423] wproc: Core Worker 5987: job 12015 (pid=28108) timed out. Killing it
[1547925423] wproc: CHECK job 12015 from worker Core Worker 5987 timed out after 30.02s
[1547925423] wproc:   host=router1; service=(null);
[1547925423] wproc:   early_timeout=1; exited_ok=0; wait_status=0; error_code=62;
[1547925423] Warning: Check of host 'router1' timed out after 30.02 seconds
[1547925423] wproc: Core Worker 5987: job 12015 (pid=28108): Dormant child reaped
[1547925451] SERVICE ALERT: router1;check-host-alive;CRITICAL;HARD;1;CRITICAL - Plugin timed out
[1547925513] wproc: Core Worker 5987: job 12019 (pid=28149) timed out. Killing it
[1547925513] wproc: CHECK job 12019 from worker Core Worker 5987 timed out after 30.02s
[1547925513] wproc:   host=router1; service=(null);
[1547925513] wproc:   early_timeout=1; exited_ok=0; wait_status=0; error_code=62;
[1547925513] Warning: Check of host 'router1' timed out after 30.02 seconds
[1547925513] wproc: Core Worker 5987: job 12019 (pid=28149): Dormant child reaped
[1547925602] SERVICE NOTIFICATION: nagiosadmin;router1;check-host-alive;CRITICAL;notify-service-by-email;CRITICAL - Plugin timed out
[1547925603] wproc: Core Worker 5988: job 12022 (pid=28184) timed out. Killing it
[1547925603] wproc: CHECK job 12022 from worker Core Worker 5988 timed out after 30.02s
[1547925603] wproc:   host=router1; service=(null);
[1547925603] wproc:   early_timeout=1; exited_ok=0; wait_status=0; error_code=62;
[1547925603] Warning: Check of host 'router1' timed out after 30.02 seconds
[1547925603] wproc: Core Worker 5988: job 12022 (pid=28184): Dormant child reaped
[1547925693] wproc: Core Worker 5986: job 12024 (pid=28223) timed out. Killing it
[1547925693] wproc: CHECK job 12024 from worker Core Worker 5986 timed out after 30.01s
[1547925693] wproc:   host=router1; service=(null);
[1547925693] wproc:   early_timeout=1; exited_ok=0; wait_status=0; error_code=62;
[1547925693] Warning: Check of host 'router1' timed out after 30.01 seconds
[1547925693] HOST NOTIFICATION: nagiosadmin;router1;DOWN;notify-host-by-email;(Host check timed out after 30.01 seconds)
[1547925693] HOST ALERT: router1;DOWN;HARD;10;(Host check timed out after 30.01 seconds)
[1547925693] wproc: Core Worker 5986: job 12024 (pid=28223): Dormant child reaped
[1547926023] wproc: Core Worker 5989: job 12035 (pid=28355) timed out. Killing it
[1547926023] wproc: CHECK job 12035 from worker Core Worker 5989 timed out after 30.02s
[1547926023] wproc:   host=router1; service=(null);
[1547926023] wproc:   early_timeout=1; exited_ok=0; wait_status=0; error_code=62;
[1547926023] Warning: Check of host 'router1' timed out after 30.02 seconds
[1547926023] wproc: Core Worker 5989: job 12035 (pid=28355): Dormant child reaped
[1547926323] wproc: Core Worker 5988: job 12044 (pid=28494) timed out. Killing it
[1547926323] wproc: CHECK job 12044 from worker Core Worker 5988 timed out after 30.02s
[1547926323] wproc:   host=router1; service=(null);
[1547926323] wproc:   early_timeout=1; exited_ok=0; wait_status=0; error_code=62;
[1547926323] Warning: Check of host 'router1' timed out after 30.02 seconds
[1547926323] wproc: Core Worker 5988: job 12044 (pid=28494): Dormant child reaped
[1547926623] wproc: Core Worker 5989: job 12054 (pid=28609) timed out. Killing it
[1547926623] wproc: CHECK job 12054 from worker Core Worker 5989 timed out after 30.01s
[1547926623] wproc:   host=router1; service=(null);
[1547926623] wproc:   early_timeout=1; exited_ok=0; wait_status=0; error_code=62;
[1547926623] Warning: Check of host 'router1' timed out after 30.01 seconds
[1547926623] wproc: Core Worker 5989: job 12054 (pid=28609): Dormant child reaped
[1547926923] wproc: Core Worker 5988: job 12063 (pid=28720) timed out. Killing it
[1547926923] wproc: CHECK job 12063 from worker Core Worker 5988 timed out after 30.02s
[1547926923] wproc:   host=router1; service=(null);
[1547926923] wproc:   early_timeout=1; exited_ok=0; wait_status=0; error_code=62;
[1547926923] Warning: Check of host 'router1' timed out after 30.02 seconds
[1547926923] wproc: Core Worker 5988: job 12063 (pid=28720): Dormant child reaped
[1547927223] wproc: Core Worker 5989: job 12073 (pid=28835) timed out. Killing it
[1547927223] wproc: CHECK job 12073 from worker Core Worker 5989 timed out after 30.02s
[1547927223] wproc:   host=router1; service=(null);
[1547927223] wproc:   early_timeout=1; exited_ok=0; wait_status=0; error_code=62;
[1547927223] Warning: Check of host 'router1' timed out after 30.02 seconds
[1547927223] wproc: Core Worker 5989: job 12073 (pid=28835): Dormant child reaped
[1547927291] wproc: Core Worker 5988: job 12076 (pid=28863) timed out. Killing it
[1547927291] wproc: CHECK job 12076 from worker Core Worker 5988 timed out after 30.02s
[1547927291] wproc:   host=router3; service=(null);
[1547927291] wproc:   early_timeout=1; exited_ok=0; wait_status=0; error_code=62;
[1547927291] Warning: Check of host 'router3' timed out after 30.02 seconds
[1547927291] HOST ALERT: router3;DOWN;SOFT;1;(Host check timed out after 30.02 seconds)
[1547927291] wproc: Core Worker 5988: job 12076 (pid=28863): Dormant child reaped
[1547927381] wproc: Core Worker 5988: job 12079 (pid=28895) timed out. Killing it
[1547927381] wproc: CHECK job 12079 from worker Core Worker 5988 timed out after 30.01s
[1547927381] wproc:   host=router3; service=(null);
[1547927381] wproc:   early_timeout=1; exited_ok=0; wait_status=0; error_code=62;
[1547927381] Warning: Check of host 'router3' timed out after 30.01 seconds
[1547927381] wproc: Core Worker 5988: job 12079 (pid=28895): Dormant child reaped
[1547927471] wproc: Core Worker 5989: job 12081 (pid=28936) timed out. Killing it
[1547927471] wproc: CHECK job 12081 from worker Core Worker 5989 timed out after 30.03s
[1547927471] wproc:   host=router3; service=(null);
[1547927471] wproc:   early_timeout=1; exited_ok=0; wait_status=0; error_code=62;
[1547927471] Warning: Check of host 'router3' timed out after 30.03 seconds
[1547927471] wproc: Core Worker 5989: job 12081 (pid=28936): Dormant child reaped
[1547927523] wproc: Core Worker 5987: job 12082 (pid=28950) timed out. Killing it
[1547927523] wproc: CHECK job 12082 from worker Core Worker 5987 timed out after 30.02s
[1547927523] wproc:   host=router1; service=(null);
[1547927523] wproc:   early_timeout=1; exited_ok=0; wait_status=0; error_code=62;
[1547927523] Warning: Check of host 'router1' timed out after 30.02 seconds
[1547927523] HOST NOTIFICATION: nagiosadmin;router1;DOWN;notify-host-by-email;(Host check timed out after 30.02 seconds)
[1547927523] wproc: Core Worker 5987: job 12082 (pid=28950): Dormant child reaped
[1547927558] SERVICE ALERT: router3;check-host-alive;CRITICAL;HARD;1;CRITICAL - Plugin timed out
[1547927561] wproc: Core Worker 5987: job 12084 (pid=28974) timed out. Killing it
[1547927561] wproc: CHECK job 12084 from worker Core Worker 5987 timed out after 30.01s
[1547927561] wproc:   host=router3; service=(null);
[1547927561] wproc:   early_timeout=1; exited_ok=0; wait_status=0; error_code=62;
[1547927561] Warning: Check of host 'router3' timed out after 30.01 seconds
[1547927561] wproc: Core Worker 5987: job 12084 (pid=28974): Dormant child reaped
[1547927651] wproc: Core Worker 5987: job 12089 (pid=29025) timed out. Killing it
[1547927651] wproc: CHECK job 12089 from worker Core Worker 5987 timed out after 30.03s
[1547927651] wproc:   host=router3; service=(null);
[1547927651] wproc:   early_timeout=1; exited_ok=0; wait_status=0; error_code=62;
[1547927651] Warning: Check of host 'router3' timed out after 30.03 seconds
[1547927651] wproc: Core Worker 5987: job 12089 (pid=29025): Dormant child reaped
[1547927709] SERVICE NOTIFICATION: nagiosadmin;router3;check-host-alive;CRITICAL;notify-service-by-email;CRITICAL - Plugin timed out
[1547927741] wproc: Core Worker 5988: job 12093 (pid=29064) timed out. Killing it
[1547927741] wproc: CHECK job 12093 from worker Core Worker 5988 timed out after 30.03s
[1547927741] wproc:   host=router3; service=(null);
[1547927741] wproc:   early_timeout=1; exited_ok=0; wait_status=0; error_code=62;
[1547927741] Warning: Check of host 'router3' timed out after 30.03 seconds
[1547927741] wproc: Core Worker 5988: job 12093 (pid=29064): Dormant child reaped
[1547927823] wproc: Core Worker 5987: job 12094 (pid=29092) timed out. Killing it
[1547927823] wproc: CHECK job 12094 from worker Core Worker 5987 timed out after 30.01s
[1547927823] wproc:   host=router1; service=(null);
[1547927823] wproc:   early_timeout=1; exited_ok=0; wait_status=0; error_code=62;
[1547927823] Warning: Check of host 'router1' timed out after 30.01 seconds
[1547927823] wproc: Core Worker 5987: job 12094 (pid=29092): Dormant child reaped
[1547927831] wproc: Core Worker 5987: job 12095 (pid=29100) timed out. Killing it
[1547927831] wproc: CHECK job 12095 from worker Core Worker 5987 timed out after 30.01s
[1547927831] wproc:   host=router3; service=(null);
[1547927831] wproc:   early_timeout=1; exited_ok=0; wait_status=0; error_code=62;
[1547927831] Warning: Check of host 'router3' timed out after 30.01 seconds
[1547927831] wproc: Core Worker 5987: job 12095 (pid=29100): Dormant child reaped
[1547927919] Auto-save of retention data completed successfully.
[1547927921] wproc: Core Worker 5986: job 12098 (pid=29131) timed out. Killing it
[1547927921] wproc: CHECK job 12098 from worker Core Worker 5986 timed out after 30.01s
[1547927921] wproc:   host=router3; service=(null);
[1547927921] wproc:   early_timeout=1; exited_ok=0; wait_status=0; error_code=62;
[1547927921] Warning: Check of host 'router3' timed out after 30.01 seconds
[1547927921] wproc: Core Worker 5986: job 12098 (pid=29131): Dormant child reaped
[1547928011] wproc: Core Worker 5986: job 12101 (pid=29170) timed out. Killing it
[1547928011] wproc: CHECK job 12101 from worker Core Worker 5986 timed out after 30.01s
[1547928011] wproc:   host=router3; service=(null);
[1547928011] wproc:   early_timeout=1; exited_ok=0; wait_status=0; error_code=62;
[1547928011] Warning: Check of host 'router3' timed out after 30.01 seconds
[1547928011] wproc: Core Worker 5986: job 12101 (pid=29170): Dormant child reaped
[1547928101] wproc: Core Worker 5988: job 12103 (pid=29196) timed out. Killing it
[1547928101] wproc: CHECK job 12103 from worker Core Worker 5988 timed out after 30.01s
[1547928101] wproc:   host=router3; service=(null);
[1547928101] wproc:   early_timeout=1; exited_ok=0; wait_status=0; error_code=62;
[1547928101] Warning: Check of host 'router3' timed out after 30.01 seconds
[1547928101] HOST NOTIFICATION: nagiosadmin;router3;DOWN;notify-host-by-email;(Host check timed out after 30.01 seconds)
[1547928101] HOST ALERT: router3;DOWN;HARD;10;(Host check timed out after 30.01 seconds)
[1547928101] wproc: Core Worker 5988: job 12103 (pid=29196): Dormant child reaped
[1547928123] wproc: Core Worker 5987: job 12103 (pid=29208) timed out. Killing it
[1547928123] wproc: CHECK job 12103 from worker Core Worker 5987 timed out after 30.02s
[1547928123] wproc:   host=router1; service=(null);
[1547928123] wproc:   early_timeout=1; exited_ok=0; wait_status=0; error_code=62;
[1547928123] Warning: Check of host 'router1' timed out after 30.02 seconds
[1547928123] wproc: Core Worker 5987: job 12103 (pid=29208): Dormant child reaped
[1547928283] SERVICE NOTIFICATION: nagiosadmin;router3;check-host-alive;OK;notify-service-by-email;PING OK - Packet loss = 20%, RTA = 0.65 ms
[1547928283] SERVICE ALERT: router3;check-host-alive;OK;HARD;1;PING OK - Packet loss = 20%, RTA = 0.65 ms
[1547928287] HOST NOTIFICATION: nagiosadmin;router3;UP;notify-host-by-email;PING OK - Packet loss = 0%, RTA = 0.66 ms
[1547928287] HOST ALERT: router3;UP;HARD;1;PING OK - Packet loss = 0%, RTA = 0.66 ms
[1547928423] wproc: Core Worker 5988: job 12115 (pid=29349) timed out. Killing it
[1547928423] wproc: CHECK job 12115 from worker Core Worker 5988 timed out after 30.02s
[1547928423] wproc:   host=router1; service=(null);
[1547928423] wproc:   early_timeout=1; exited_ok=0; wait_status=0; error_code=62;
[1547928423] Warning: Check of host 'router1' timed out after 30.02 seconds
[1547928423] wproc: Core Worker 5988: job 12115 (pid=29349): Dormant child reaped
[1547928723] wproc: Core Worker 5986: job 12123 (pid=29460) timed out. Killing it
[1547928723] wproc: CHECK job 12123 from worker Core Worker 5986 timed out after 30.02s
[1547928723] wproc:   host=router1; service=(null);
[1547928723] wproc:   early_timeout=1; exited_ok=0; wait_status=0; error_code=62;
[1547928723] Warning: Check of host 'router1' timed out after 30.02 seconds
[1547928723] wproc: Core Worker 5986: job 12123 (pid=29460): Dormant child reaped
[1547929023] wproc: Core Worker 5988: job 12134 (pid=29575) timed out. Killing it
[1547929023] wproc: CHECK job 12134 from worker Core Worker 5988 timed out after 30.02s
[1547929023] wproc:   host=router1; service=(null);
[1547929023] wproc:   early_timeout=1; exited_ok=0; wait_status=0; error_code=62;
[1547929023] Warning: Check of host 'router1' timed out after 30.02 seconds
[1547929023] wproc: Core Worker 5988: job 12134 (pid=29575): Dormant child reaped
[1547929323] wproc: Core Worker 5986: job 12142 (pid=29686) timed out. Killing it
[1547929323] wproc: CHECK job 12142 from worker Core Worker 5986 timed out after 30.01s
[1547929323] wproc:   host=router1; service=(null);
[1547929323] wproc:   early_timeout=1; exited_ok=0; wait_status=0; error_code=62;
[1547929323] Warning: Check of host 'router1' timed out after 30.01 seconds
[1547929323] HOST NOTIFICATION: nagiosadmin;router1;DOWN;notify-host-by-email;(Host check timed out after 30.01 seconds)
[1547929323] wproc: Core Worker 5986: job 12142 (pid=29686): Dormant child reaped
[1547929623] wproc: Core Worker 5986: job 12153 (pid=29812) timed out. Killing it
[1547929623] wproc: CHECK job 12153 from worker Core Worker 5986 timed out after 30.02s
[1547929623] wproc:   host=router1; service=(null);
[1547929623] wproc:   early_timeout=1; exited_ok=0; wait_status=0; error_code=62;
[1547929623] Warning: Check of host 'router1' timed out after 30.02 seconds
[1547929623] wproc: Core Worker 5986: job 12153 (pid=29812): Dormant child reaped
[1547929923] wproc: Core Worker 5987: job 12161 (pid=29944) timed out. Killing it
[1547929923] wproc: CHECK job 12161 from worker Core Worker 5987 timed out after 30.02s
[1547929923] wproc:   host=router1; service=(null);
[1547929923] wproc:   early_timeout=1; exited_ok=0; wait_status=0; error_code=62;
[1547929923] Warning: Check of host 'router1' timed out after 30.02 seconds
[1547929923] wproc: Core Worker 5987: job 12161 (pid=29944): Dormant child reaped
[1547930223] wproc: Core Worker 5986: job 12172 (pid=30060) timed out. Killing it
[1547930223] wproc: CHECK job 12172 from worker Core Worker 5986 timed out after 30.02s
[1547930223] wproc:   host=router1; service=(null);
[1547930223] wproc:   early_timeout=1; exited_ok=0; wait_status=0; error_code=62;
[1547930223] Warning: Check of host 'router1' timed out after 30.02 seconds
[1547930223] wproc: Core Worker 5986: job 12172 (pid=30060): Dormant child reaped
[1547930523] wproc: Core Worker 5987: job 12180 (pid=30176) timed out. Killing it
[1547930523] wproc: CHECK job 12180 from worker Core Worker 5987 timed out after 30.02s
[1547930523] wproc:   host=router1; service=(null);
[1547930523] wproc:   early_timeout=1; exited_ok=0; wait_status=0; error_code=62;
[1547930523] Warning: Check of host 'router1' timed out after 30.02 seconds
[1547930523] wproc: Core Worker 5987: job 12180 (pid=30176): Dormant child reaped
[1547930823] wproc: Core Worker 5986: job 12191 (pid=30292) timed out. Killing it
[1547930823] wproc: CHECK job 12191 from worker Core Worker 5986 timed out after 30.02s
[1547930823] wproc:   host=router1; service=(null);
[1547930823] wproc:   early_timeout=1; exited_ok=0; wait_status=0; error_code=62;
[1547930823] Warning: Check of host 'router1' timed out after 30.02 seconds
[1547930823] wproc: Core Worker 5986: job 12191 (pid=30292): Dormant child reaped
[1547931123] wproc: Core Worker 5987: job 12199 (pid=30403) timed out. Killing it
[1547931123] wproc: CHECK job 12199 from worker Core Worker 5987 timed out after 30.02s
[1547931123] wproc:   host=router1; service=(null);
[1547931123] wproc:   early_timeout=1; exited_ok=0; wait_status=0; error_code=62;
[1547931123] Warning: Check of host 'router1' timed out after 30.02 seconds
[1547931123] HOST NOTIFICATION: nagiosadmin;router1;DOWN;notify-host-by-email;(Host check timed out after 30.02 seconds)
[1547931123] wproc: Core Worker 5987: job 12199 (pid=30403): Dormant child reaped
[1547931423] wproc: Core Worker 5987: job 12210 (pid=30528) timed out. Killing it
[1547931423] wproc: CHECK job 12210 from worker Core Worker 5987 timed out after 30.02s
[1547931423] wproc:   host=router1; service=(null);
[1547931423] wproc:   early_timeout=1; exited_ok=0; wait_status=0; error_code=62;
[1547931423] Warning: Check of host 'router1' timed out after 30.02 seconds
[1547931423] wproc: Core Worker 5987: job 12210 (pid=30528): Dormant child reaped
[1547931519] Auto-save of retention data completed successfully.
[1547931723] wproc: Core Worker 5989: job 12218 (pid=30639) timed out. Killing it
[1547931723] wproc: CHECK job 12218 from worker Core Worker 5989 timed out after 30.02s
[1547931723] wproc:   host=router1; service=(null);
[1547931723] wproc:   early_timeout=1; exited_ok=0; wait_status=0; error_code=62;
[1547931723] Warning: Check of host 'router1' timed out after 30.02 seconds
[1547931723] wproc: Core Worker 5989: job 12218 (pid=30639): Dormant child reaped
[1547932023] wproc: Core Worker 5987: job 12229 (pid=30755) timed out. Killing it
[1547932023] wproc: CHECK job 12229 from worker Core Worker 5987 timed out after 30.02s
[1547932023] wproc:   host=router1; service=(null);
[1547932023] wproc:   early_timeout=1; exited_ok=0; wait_status=0; error_code=62;
[1547932023] Warning: Check of host 'router1' timed out after 30.02 seconds
[1547932023] wproc: Core Worker 5987: job 12229 (pid=30755): Dormant child reaped
[1547932323] wproc: Core Worker 5989: job 12237 (pid=30865) timed out. Killing it
[1547932323] wproc: CHECK job 12237 from worker Core Worker 5989 timed out after 30.02s
[1547932323] wproc:   host=router1; service=(null);
[1547932323] wproc:   early_timeout=1; exited_ok=0; wait_status=0; error_code=62;
[1547932323] Warning: Check of host 'router1' timed out after 30.02 seconds
[1547932323] wproc: Core Worker 5989: job 12237 (pid=30865): Dormant child reaped
[1547932623] wproc: Core Worker 5989: job 12248 (pid=30983) timed out. Killing it
[1547932623] wproc: CHECK job 12248 from worker Core Worker 5989 timed out after 30.01s
[1547932623] wproc:   host=router1; service=(null);
[1547932623] wproc:   early_timeout=1; exited_ok=0; wait_status=0; error_code=62;
[1547932623] Warning: Check of host 'router1' timed out after 30.01 seconds
[1547932623] wproc: Core Worker 5989: job 12248 (pid=30983): Dormant child reaped
[1547932923] wproc: Core Worker 5988: job 12257 (pid=31094) timed out. Killing it
[1547932923] wproc: CHECK job 12257 from worker Core Worker 5988 timed out after 30.01s
[1547932923] wproc:   host=router1; service=(null);
[1547932923] wproc:   early_timeout=1; exited_ok=0; wait_status=0; error_code=62;
[1547932923] Warning: Check of host 'router1' timed out after 30.01 seconds
[1547932923] HOST NOTIFICATION: nagiosadmin;router1;DOWN;notify-host-by-email;(Host check timed out after 30.01 seconds)
[1547932923] wproc: Core Worker 5988: job 12257 (pid=31094): Dormant child reaped
[1547933223] wproc: Core Worker 5988: job 12268 (pid=31219) timed out. Killing it
[1547933223] wproc: CHECK job 12268 from worker Core Worker 5988 timed out after 30.01s
[1547933223] wproc:   host=router1; service=(null);
[1547933223] wproc:   early_timeout=1; exited_ok=0; wait_status=0; error_code=62;
[1547933223] Warning: Check of host 'router1' timed out after 30.01 seconds
[1547933223] wproc: Core Worker 5988: job 12268 (pid=31219): Dormant child reaped
[1547933523] wproc: Core Worker 5986: job 12276 (pid=31350) timed out. Killing it
[1547933523] wproc: CHECK job 12276 from worker Core Worker 5986 timed out after 30.01s
[1547933523] wproc:   host=router1; service=(null);
[1547933523] wproc:   early_timeout=1; exited_ok=0; wait_status=0; error_code=62;
[1547933523] Warning: Check of host 'router1' timed out after 30.01 seconds
[1547933523] wproc: Core Worker 5986: job 12276 (pid=31350): Dormant child reaped
[1547933823] wproc: Core Worker 5988: job 12287 (pid=31466) timed out. Killing it
[1547933823] wproc: CHECK job 12287 from worker Core Worker 5988 timed out after 30.01s
[1547933823] wproc:   host=router1; service=(null);
[1547933823] wproc:   early_timeout=1; exited_ok=0; wait_status=0; error_code=62;
[1547933823] Warning: Check of host 'router1' timed out after 30.01 seconds
[1547933823] wproc: Core Worker 5988: job 12287 (pid=31466): Dormant child reaped
[1547934123] wproc: Core Worker 5986: job 12295 (pid=31578) timed out. Killing it
[1547934123] wproc: CHECK job 12295 from worker Core Worker 5986 timed out after 30.01s
[1547934123] wproc:   host=router1; service=(null);
[1547934123] wproc:   early_timeout=1; exited_ok=0; wait_status=0; error_code=62;
[1547934123] Warning: Check of host 'router1' timed out after 30.01 seconds
[1547934123] wproc: Core Worker 5986: job 12295 (pid=31578): Dormant child reaped
[1547934423] wproc: Core Worker 5988: job 12306 (pid=31694) timed out. Killing it
[1547934423] wproc: CHECK job 12306 from worker Core Worker 5988 timed out after 30.01s
[1547934423] wproc:   host=router1; service=(null);
[1547934423] wproc:   early_timeout=1; exited_ok=0; wait_status=0; error_code=62;
[1547934423] Warning: Check of host 'router1' timed out after 30.01 seconds
[1547934423] wproc: Core Worker 5988: job 12306 (pid=31694): Dormant child reaped
[1547934723] wproc: Core Worker 5986: job 12314 (pid=31805) timed out. Killing it
[1547934723] wproc: CHECK job 12314 from worker Core Worker 5986 timed out after 30.01s
[1547934723] wproc:   host=router1; service=(null);
[1547934723] wproc:   early_timeout=1; exited_ok=0; wait_status=0; error_code=62;
[1547934723] Warning: Check of host 'router1' timed out after 30.01 seconds
[1547934723] HOST NOTIFICATION: nagiosadmin;router1;DOWN;notify-host-by-email;(Host check timed out after 30.01 seconds)
[1547934723] wproc: Core Worker 5986: job 12314 (pid=31805): Dormant child reaped
[1547935023] wproc: Core Worker 5986: job 12325 (pid=31976) timed out. Killing it
[1547935023] wproc: CHECK job 12325 from worker Core Worker 5986 timed out after 30.01s
[1547935023] wproc:   host=router1; service=(null);
[1547935023] wproc:   early_timeout=1; exited_ok=0; wait_status=0; error_code=62;
[1547935023] Warning: Check of host 'router1' timed out after 30.01 seconds
[1547935023] wproc: Core Worker 5986: job 12325 (pid=31976): Dormant child reaped
[1547935119] Auto-save of retention data completed successfully.
[1547935323] wproc: Core Worker 5987: job 12333 (pid=32087) timed out. Killing it
[1547935323] wproc: CHECK job 12333 from worker Core Worker 5987 timed out after 30.01s
[1547935323] wproc:   host=router1; service=(null);
[1547935323] wproc:   early_timeout=1; exited_ok=0; wait_status=0; error_code=62;
[1547935323] Warning: Check of host 'router1' timed out after 30.01 seconds
[1547935323] wproc: Core Worker 5987: job 12333 (pid=32087): Dormant child reaped
[1547935623] wproc: Core Worker 5986: job 12344 (pid=32203) timed out. Killing it
[1547935623] wproc: CHECK job 12344 from worker Core Worker 5986 timed out after 30.01s
[1547935623] wproc:   host=router1; service=(null);
[1547935623] wproc:   early_timeout=1; exited_ok=0; wait_status=0; error_code=62;
[1547935623] Warning: Check of host 'router1' timed out after 30.01 seconds
[1547935623] wproc: Core Worker 5986: job 12344 (pid=32203): Dormant child reaped
[1547935923] wproc: Core Worker 5987: job 12352 (pid=32315) timed out. Killing it
[1547935923] wproc: CHECK job 12352 from worker Core Worker 5987 timed out after 30.01s
[1547935923] wproc:   host=router1; service=(null);
[1547935923] wproc:   early_timeout=1; exited_ok=0; wait_status=0; error_code=62;
[1547935923] Warning: Check of host 'router1' timed out after 30.01 seconds
[1547935923] wproc: Core Worker 5987: job 12352 (pid=32315): Dormant child reaped
[1547936223] wproc: Core Worker 5986: job 12363 (pid=32431) timed out. Killing it
[1547936223] wproc: CHECK job 12363 from worker Core Worker 5986 timed out after 30.01s
[1547936223] wproc:   host=router1; service=(null);
[1547936223] wproc:   early_timeout=1; exited_ok=0; wait_status=0; error_code=62;
[1547936223] Warning: Check of host 'router1' timed out after 30.01 seconds
[1547936223] wproc: Core Worker 5986: job 12363 (pid=32431): Dormant child reaped
[1547936523] wproc: Core Worker 5987: job 12371 (pid=32543) timed out. Killing it
[1547936523] wproc: CHECK job 12371 from worker Core Worker 5987 timed out after 30.01s
[1547936523] wproc:   host=router1; service=(null);
[1547936523] wproc:   early_timeout=1; exited_ok=0; wait_status=0; error_code=62;
[1547936523] Warning: Check of host 'router1' timed out after 30.01 seconds
[1547936523] HOST NOTIFICATION: nagiosadmin;router1;DOWN;notify-host-by-email;(Host check timed out after 30.01 seconds)
[1547936523] wproc: Core Worker 5987: job 12371 (pid=32543): Dormant child reaped
[1547936823] wproc: Core Worker 5987: job 12382 (pid=32669) timed out. Killing it
[1547936823] wproc: CHECK job 12382 from worker Core Worker 5987 timed out after 30.01s
[1547936823] wproc:   host=router1; service=(null);
[1547936823] wproc:   early_timeout=1; exited_ok=0; wait_status=0; error_code=62;
[1547936823] Warning: Check of host 'router1' timed out after 30.01 seconds
[1547936823] wproc: Core Worker 5987: job 12382 (pid=32669): Dormant child reaped
[1547937123] wproc: Core Worker 5989: job 12390 (pid=330) timed out. Killing it
[1547937123] wproc: CHECK job 12390 from worker Core Worker 5989 timed out after 30.01s
[1547937123] wproc:   host=router1; service=(null);
[1547937123] wproc:   early_timeout=1; exited_ok=0; wait_status=0; error_code=62;
[1547937123] Warning: Check of host 'router1' timed out after 30.01 seconds
[1547937123] wproc: Core Worker 5989: job 12390 (pid=330): Dormant child reaped
[1547937423] wproc: Core Worker 5987: job 12401 (pid=447) timed out. Killing it
[1547937423] wproc: CHECK job 12401 from worker Core Worker 5987 timed out after 30.01s
[1547937423] wproc:   host=router1; service=(null);
[1547937423] wproc:   early_timeout=1; exited_ok=0; wait_status=0; error_code=62;
[1547937423] Warning: Check of host 'router1' timed out after 30.01 seconds
[1547937423] wproc: Core Worker 5987: job 12401 (pid=447): Dormant child reaped
[1547937723] wproc: Core Worker 5989: job 12409 (pid=557) timed out. Killing it
[1547937723] wproc: CHECK job 12409 from worker Core Worker 5989 timed out after 30.01s
[1547937723] wproc:   host=router1; service=(null);
[1547937723] wproc:   early_timeout=1; exited_ok=0; wait_status=0; error_code=62;
[1547937723] Warning: Check of host 'router1' timed out after 30.01 seconds
[1547937723] wproc: Core Worker 5989: job 12409 (pid=557): Dormant child reaped
[1547938023] wproc: Core Worker 5987: job 12420 (pid=674) timed out. Killing it
[1547938023] wproc: CHECK job 12420 from worker Core Worker 5987 timed out after 30.01s
[1547938023] wproc:   host=router1; service=(null);
[1547938023] wproc:   early_timeout=1; exited_ok=0; wait_status=0; error_code=62;
[1547938023] Warning: Check of host 'router1' timed out after 30.01 seconds
[1547938023] wproc: Core Worker 5987: job 12420 (pid=674): Dormant child reaped
[1547938323] wproc: Core Worker 5989: job 12428 (pid=791) timed out. Killing it
[1547938323] wproc: CHECK job 12428 from worker Core Worker 5989 timed out after 30.01s
[1547938323] wproc:   host=router1; service=(null);
[1547938323] wproc:   early_timeout=1; exited_ok=0; wait_status=0; error_code=62;
[1547938323] Warning: Check of host 'router1' timed out after 30.01 seconds
[1547938323] HOST NOTIFICATION: nagiosadmin;router1;DOWN;notify-host-by-email;(Host check timed out after 30.01 seconds)
[1547938324] wproc: Core Worker 5989: job 12428 (pid=791): Dormant child reaped
[1547938623] wproc: Core Worker 5989: job 12439 (pid=919) timed out. Killing it
[1547938623] wproc: CHECK job 12439 from worker Core Worker 5989 timed out after 30.01s
[1547938623] wproc:   host=router1; service=(null);
[1547938623] wproc:   early_timeout=1; exited_ok=0; wait_status=0; error_code=62;
[1547938623] Warning: Check of host 'router1' timed out after 30.01 seconds
[1547938624] wproc: Core Worker 5989: job 12439 (pid=919): Dormant child reaped
[1547938719] Auto-save of retention data completed successfully.
[1547938923] wproc: Core Worker 5988: job 12448 (pid=1031) timed out. Killing it
[1547938923] wproc: CHECK job 12448 from worker Core Worker 5988 timed out after 30.01s
[1547938923] wproc:   host=router1; service=(null);
[1547938923] wproc:   early_timeout=1; exited_ok=0; wait_status=0; error_code=62;
[1547938923] Warning: Check of host 'router1' timed out after 30.01 seconds
[1547938924] wproc: Core Worker 5988: job 12448 (pid=1031): Dormant child reaped
[1547939223] wproc: Core Worker 5989: job 12458 (pid=1147) timed out. Killing it
[1547939223] wproc: CHECK job 12458 from worker Core Worker 5989 timed out after 30.01s
[1547939223] wproc:   host=router1; service=(null);
[1547939223] wproc:   early_timeout=1; exited_ok=0; wait_status=0; error_code=62;
[1547939223] Warning: Check of host 'router1' timed out after 30.01 seconds
[1547939224] wproc: Core Worker 5989: job 12458 (pid=1147): Dormant child reaped
[1547939523] wproc: Core Worker 5988: job 12467 (pid=1258) timed out. Killing it
[1547939523] wproc: CHECK job 12467 from worker Core Worker 5988 timed out after 30.01s
[1547939523] wproc:   host=router1; service=(null);
[1547939523] wproc:   early_timeout=1; exited_ok=0; wait_status=0; error_code=62;
[1547939523] Warning: Check of host 'router1' timed out after 30.01 seconds
[1547939524] wproc: Core Worker 5988: job 12467 (pid=1258): Dormant child reaped
[1547939823] wproc: Core Worker 5989: job 12477 (pid=1374) timed out. Killing it
[1547939823] wproc: CHECK job 12477 from worker Core Worker 5989 timed out after 30.01s
[1547939823] wproc:   host=router1; service=(null);
[1547939823] wproc:   early_timeout=1; exited_ok=0; wait_status=0; error_code=62;
[1547939823] Warning: Check of host 'router1' timed out after 30.01 seconds
[1547939824] wproc: Core Worker 5989: job 12477 (pid=1374): Dormant child reaped
[1547940123] wproc: Core Worker 5988: job 12486 (pid=1485) timed out. Killing it
[1547940123] wproc: CHECK job 12486 from worker Core Worker 5988 timed out after 30.01s
[1547940123] wproc:   host=router1; service=(null);
[1547940123] wproc:   early_timeout=1; exited_ok=0; wait_status=0; error_code=62;
[1547940123] Warning: Check of host 'router1' timed out after 30.01 seconds
[1547940123] HOST NOTIFICATION: nagiosadmin;router1;DOWN;notify-host-by-email;(Host check timed out after 30.01 seconds)
[1547940124] wproc: Core Worker 5988: job 12486 (pid=1485): Dormant child reaped
[1547940423] wproc: Core Worker 5988: job 12497 (pid=1624) timed out. Killing it
[1547940423] wproc: CHECK job 12497 from worker Core Worker 5988 timed out after 30.01s
[1547940423] wproc:   host=router1; service=(null);
[1547940423] wproc:   early_timeout=1; exited_ok=0; wait_status=0; error_code=62;
[1547940423] Warning: Check of host 'router1' timed out after 30.01 seconds
[1547940424] wproc: Core Worker 5988: job 12497 (pid=1624): Dormant child reaped
[1547940723] wproc: Core Worker 5986: job 12505 (pid=1770) timed out. Killing it
[1547940723] wproc: CHECK job 12505 from worker Core Worker 5986 timed out after 30.01s
[1547940723] wproc:   host=router1; service=(null);
[1547940723] wproc:   early_timeout=1; exited_ok=0; wait_status=0; error_code=62;
[1547940723] Warning: Check of host 'router1' timed out after 30.01 seconds
[1547940724] wproc: Core Worker 5986: job 12505 (pid=1770): Dormant child reaped
[1547941023] wproc: Core Worker 5988: job 12516 (pid=1905) timed out. Killing it
[1547941023] wproc: CHECK job 12516 from worker Core Worker 5988 timed out after 30.00s
[1547941023] wproc:   host=router1; service=(null);
[1547941023] wproc:   early_timeout=1; exited_ok=0; wait_status=0; error_code=62;
[1547941023] Warning: Check of host 'router1' timed out after 30.00 seconds
[1547941024] wproc: Core Worker 5988: job 12516 (pid=1905): Dormant child reaped
[1547941323] wproc: Core Worker 5986: job 12524 (pid=2031) timed out. Killing it
[1547941323] wproc: CHECK job 12524 from worker Core Worker 5986 timed out after 30.01s
[1547941323] wproc:   host=router1; service=(null);
[1547941323] wproc:   early_timeout=1; exited_ok=0; wait_status=0; error_code=62;
[1547941323] Warning: Check of host 'router1' timed out after 30.01 seconds
[1547941324] wproc: Core Worker 5986: job 12524 (pid=2031): Dormant child reaped
[1547941623] wproc: Core Worker 5988: job 12535 (pid=2148) timed out. Killing it
[1547941623] wproc: CHECK job 12535 from worker Core Worker 5988 timed out after 30.01s
[1547941623] wproc:   host=router1; service=(null);
[1547941623] wproc:   early_timeout=1; exited_ok=0; wait_status=0; error_code=62;
[1547941623] Warning: Check of host 'router1' timed out after 30.01 seconds
[1547941624] wproc: Core Worker 5988: job 12535 (pid=2148): Dormant child reaped
[1547941923] wproc: Core Worker 5986: job 12543 (pid=2259) timed out. Killing it
[1547941923] wproc: CHECK job 12543 from worker Core Worker 5986 timed out after 30.01s
[1547941923] wproc:   host=router1; service=(null);
[1547941923] wproc:   early_timeout=1; exited_ok=0; wait_status=0; error_code=62;
[1547941923] Warning: Check of host 'router1' timed out after 30.01 seconds
[1547941923] HOST NOTIFICATION: nagiosadmin;router1;DOWN;notify-host-by-email;(Host check timed out after 30.01 seconds)
[1547941924] wproc: Core Worker 5986: job 12543 (pid=2259): Dormant child reaped
[1547942223] wproc: Core Worker 5986: job 12554 (pid=2386) timed out. Killing it
[1547942223] wproc: CHECK job 12554 from worker Core Worker 5986 timed out after 30.01s
[1547942223] wproc:   host=router1; service=(null);
[1547942223] wproc:   early_timeout=1; exited_ok=0; wait_status=0; error_code=62;
[1547942223] Warning: Check of host 'router1' timed out after 30.01 seconds
[1547942224] wproc: Core Worker 5986: job 12554 (pid=2386): Dormant child reaped
[1547942319] Auto-save of retention data completed successfully.
[1547942523] wproc: Core Worker 5987: job 12562 (pid=2497) timed out. Killing it
[1547942523] wproc: CHECK job 12562 from worker Core Worker 5987 timed out after 30.01s
[1547942523] wproc:   host=router1; service=(null);
[1547942523] wproc:   early_timeout=1; exited_ok=0; wait_status=0; error_code=62;
[1547942523] Warning: Check of host 'router1' timed out after 30.01 seconds
[1547942524] wproc: Core Worker 5987: job 12562 (pid=2497): Dormant child reaped
[1547942823] wproc: Core Worker 5986: job 12573 (pid=2612) timed out. Killing it
[1547942823] wproc: CHECK job 12573 from worker Core Worker 5986 timed out after 30.01s
[1547942823] wproc:   host=router1; service=(null);
[1547942823] wproc:   early_timeout=1; exited_ok=0; wait_status=0; error_code=62;
[1547942823] Warning: Check of host 'router1' timed out after 30.01 seconds
[1547942824] wproc: Core Worker 5986: job 12573 (pid=2612): Dormant child reaped
[1547943123] wproc: Core Worker 5987: job 12581 (pid=2722) timed out. Killing it
[1547943123] wproc: CHECK job 12581 from worker Core Worker 5987 timed out after 30.01s
[1547943123] wproc:   host=router1; service=(null);
[1547943123] wproc:   early_timeout=1; exited_ok=0; wait_status=0; error_code=62;
[1547943123] Warning: Check of host 'router1' timed out after 30.01 seconds
[1547943124] wproc: Core Worker 5987: job 12581 (pid=2722): Dormant child reaped
[1547943423] wproc: Core Worker 5986: job 12592 (pid=2843) timed out. Killing it
[1547943423] wproc: CHECK job 12592 from worker Core Worker 5986 timed out after 30.01s
[1547943423] wproc:   host=router1; service=(null);
[1547943423] wproc:   early_timeout=1; exited_ok=0; wait_status=0; error_code=62;
[1547943423] Warning: Check of host 'router1' timed out after 30.01 seconds
[1547943424] wproc: Core Worker 5986: job 12592 (pid=2843): Dormant child reaped
[1547943723] wproc: Core Worker 5987: job 12600 (pid=2968) timed out. Killing it
[1547943723] wproc: CHECK job 12600 from worker Core Worker 5987 timed out after 30.01s
[1547943723] wproc:   host=router1; service=(null);
[1547943723] wproc:   early_timeout=1; exited_ok=0; wait_status=0; error_code=62;
[1547943723] Warning: Check of host 'router1' timed out after 30.01 seconds
[1547943723] HOST NOTIFICATION: nagiosadmin;router1;DOWN;notify-host-by-email;(Host check timed out after 30.01 seconds)
[1547943724] wproc: Core Worker 5987: job 12600 (pid=2968): Dormant child reaped
[1547944023] wproc: Core Worker 5987: job 12611 (pid=3094) timed out. Killing it
[1547944023] wproc: CHECK job 12611 from worker Core Worker 5987 timed out after 30.01s
[1547944023] wproc:   host=router1; service=(null);
[1547944023] wproc:   early_timeout=1; exited_ok=0; wait_status=0; error_code=62;
[1547944023] Warning: Check of host 'router1' timed out after 30.01 seconds
[1547944024] wproc: Core Worker 5987: job 12611 (pid=3094): Dormant child reaped
[1547944323] wproc: Core Worker 5989: job 12619 (pid=3223) timed out. Killing it
[1547944323] wproc: CHECK job 12619 from worker Core Worker 5989 timed out after 30.01s
[1547944323] wproc:   host=router1; service=(null);
[1547944323] wproc:   early_timeout=1; exited_ok=0; wait_status=0; error_code=62;
[1547944323] Warning: Check of host 'router1' timed out after 30.01 seconds
[1547944324] wproc: Core Worker 5989: job 12619 (pid=3223): Dormant child reaped
[1547944623] wproc: Core Worker 5987: job 12630 (pid=3340) timed out. Killing it
[1547944623] wproc: CHECK job 12630 from worker Core Worker 5987 timed out after 30.01s
[1547944623] wproc:   host=router1; service=(null);
[1547944623] wproc:   early_timeout=1; exited_ok=0; wait_status=0; error_code=62;
[1547944623] Warning: Check of host 'router1' timed out after 30.01 seconds
[1547944624] wproc: Core Worker 5987: job 12630 (pid=3340): Dormant child reaped
[1547944923] wproc: Core Worker 5989: job 12638 (pid=3451) timed out. Killing it
[1547944923] wproc: CHECK job 12638 from worker Core Worker 5989 timed out after 30.01s
[1547944923] wproc:   host=router1; service=(null);
[1547944923] wproc:   early_timeout=1; exited_ok=0; wait_status=0; error_code=62;
[1547944923] Warning: Check of host 'router1' timed out after 30.01 seconds
[1547944924] wproc: Core Worker 5989: job 12638 (pid=3451): Dormant child reaped
[1547945223] wproc: Core Worker 5987: job 12649 (pid=3567) timed out. Killing it
[1547945223] wproc: CHECK job 12649 from worker Core Worker 5987 timed out after 30.01s
[1547945223] wproc:   host=router1; service=(null);
[1547945223] wproc:   early_timeout=1; exited_ok=0; wait_status=0; error_code=62;
[1547945223] Warning: Check of host 'router1' timed out after 30.01 seconds
[1547945224] wproc: Core Worker 5987: job 12649 (pid=3567): Dormant child reaped
[1547945523] wproc: Core Worker 5989: job 12657 (pid=3678) timed out. Killing it
[1547945523] wproc: CHECK job 12657 from worker Core Worker 5989 timed out after 30.01s
[1547945523] wproc:   host=router1; service=(null);
[1547945523] wproc:   early_timeout=1; exited_ok=0; wait_status=0; error_code=62;
[1547945523] Warning: Check of host 'router1' timed out after 30.01 seconds
[1547945523] HOST NOTIFICATION: nagiosadmin;router1;DOWN;notify-host-by-email;(Host check timed out after 30.01 seconds)
[1547945524] wproc: Core Worker 5989: job 12657 (pid=3678): Dormant child reaped
[1547945823] wproc: Core Worker 5989: job 12668 (pid=3804) timed out. Killing it
[1547945823] wproc: CHECK job 12668 from worker Core Worker 5989 timed out after 30.01s
[1547945823] wproc:   host=router1; service=(null);
[1547945823] wproc:   early_timeout=1; exited_ok=0; wait_status=0; error_code=62;
[1547945823] Warning: Check of host 'router1' timed out after 30.01 seconds
[1547945824] wproc: Core Worker 5989: job 12668 (pid=3804): Dormant child reaped
[1547945919] Auto-save of retention data completed successfully.
[1547946123] wproc: Core Worker 5988: job 12677 (pid=3915) timed out. Killing it
[1547946123] wproc: CHECK job 12677 from worker Core Worker 5988 timed out after 30.01s
[1547946123] wproc:   host=router1; service=(null);
[1547946123] wproc:   early_timeout=1; exited_ok=0; wait_status=0; error_code=62;
[1547946123] Warning: Check of host 'router1' timed out after 30.01 seconds
[1547946124] wproc: Core Worker 5988: job 12677 (pid=3915): Dormant child reaped
[1547946423] wproc: Core Worker 5987: job 12687 (pid=4055) timed out. Killing it
[1547946423] wproc: CHECK job 12687 from worker Core Worker 5987 timed out after 30.02s
[1547946423] wproc:   host=router1; service=(null);
[1547946423] wproc:   early_timeout=1; exited_ok=0; wait_status=0; error_code=62;
[1547946423] Warning: Check of host 'router1' timed out after 30.02 seconds
[1547946423] wproc: Core Worker 5987: job 12687 (pid=4055): Dormant child reaped
[1547946723] wproc: Core Worker 5989: job 12695 (pid=4165) timed out. Killing it
[1547946723] wproc: CHECK job 12695 from worker Core Worker 5989 timed out after 30.02s
[1547946723] wproc:   host=router1; service=(null);
[1547946723] wproc:   early_timeout=1; exited_ok=0; wait_status=0; error_code=62;
[1547946723] Warning: Check of host 'router1' timed out after 30.02 seconds
[1547946723] wproc: Core Worker 5989: job 12695 (pid=4165): Dormant child reaped
[1547947023] wproc: Core Worker 5987: job 12706 (pid=4281) timed out. Killing it
[1547947023] wproc: CHECK job 12706 from worker Core Worker 5987 timed out after 30.02s
[1547947023] wproc:   host=router1; service=(null);
[1547947023] wproc:   early_timeout=1; exited_ok=0; wait_status=0; error_code=62;
[1547947023] Warning: Check of host 'router1' timed out after 30.02 seconds
[1547947023] wproc: Core Worker 5987: job 12706 (pid=4281): Dormant child reaped
[1547947323] wproc: Core Worker 5989: job 12714 (pid=4392) timed out. Killing it
[1547947323] wproc: CHECK job 12714 from worker Core Worker 5989 timed out after 30.02s
[1547947323] wproc:   host=router1; service=(null);
[1547947323] wproc:   early_timeout=1; exited_ok=0; wait_status=0; error_code=62;
[1547947323] Warning: Check of host 'router1' timed out after 30.02 seconds
[1547947323] HOST NOTIFICATION: nagiosadmin;router1;DOWN;notify-host-by-email;(Host check timed out after 30.02 seconds)
[1547947323] wproc: Core Worker 5989: job 12714 (pid=4392): Dormant child reaped
[1547947623] wproc: Core Worker 5989: job 12725 (pid=4518) timed out. Killing it
[1547947623] wproc: CHECK job 12725 from worker Core Worker 5989 timed out after 30.02s
[1547947623] wproc:   host=router1; service=(null);
[1547947623] wproc:   early_timeout=1; exited_ok=0; wait_status=0; error_code=62;
[1547947623] Warning: Check of host 'router1' timed out after 30.02 seconds
[1547947623] wproc: Core Worker 5989: job 12725 (pid=4518): Dormant child reaped
[1547947923] wproc: Core Worker 5988: job 12734 (pid=4647) timed out. Killing it
[1547947923] wproc: CHECK job 12734 from worker Core Worker 5988 timed out after 30.02s
[1547947923] wproc:   host=router1; service=(null);
[1547947923] wproc:   early_timeout=1; exited_ok=0; wait_status=0; error_code=62;
[1547947923] Warning: Check of host 'router1' timed out after 30.02 seconds
[1547947923] wproc: Core Worker 5988: job 12734 (pid=4647): Dormant child reaped
[1547948223] wproc: Core Worker 5989: job 12744 (pid=4763) timed out. Killing it
[1547948223] wproc: CHECK job 12744 from worker Core Worker 5989 timed out after 30.02s
[1547948223] wproc:   host=router1; service=(null);
[1547948223] wproc:   early_timeout=1; exited_ok=0; wait_status=0; error_code=62;
[1547948223] Warning: Check of host 'router1' timed out after 30.02 seconds
[1547948223] wproc: Core Worker 5989: job 12744 (pid=4763): Dormant child reaped
[1547948523] wproc: Core Worker 5988: job 12753 (pid=4875) timed out. Killing it
[1547948523] wproc: CHECK job 12753 from worker Core Worker 5988 timed out after 30.02s
[1547948523] wproc:   host=router1; service=(null);
[1547948523] wproc:   early_timeout=1; exited_ok=0; wait_status=0; error_code=62;
[1547948523] Warning: Check of host 'router1' timed out after 30.02 seconds
[1547948523] wproc: Core Worker 5988: job 12753 (pid=4875): Dormant child reaped
[1547948823] wproc: Core Worker 5989: job 12763 (pid=4991) timed out. Killing it
[1547948823] wproc: CHECK job 12763 from worker Core Worker 5989 timed out after 30.02s
[1547948823] wproc:   host=router1; service=(null);
[1547948823] wproc:   early_timeout=1; exited_ok=0; wait_status=0; error_code=62;
[1547948823] Warning: Check of host 'router1' timed out after 30.02 seconds
[1547948823] wproc: Core Worker 5989: job 12763 (pid=4991): Dormant child reaped
[1547949123] wproc: Core Worker 5988: job 12772 (pid=5108) timed out. Killing it
[1547949123] wproc: CHECK job 12772 from worker Core Worker 5988 timed out after 30.02s
[1547949123] wproc:   host=router1; service=(null);
[1547949123] wproc:   early_timeout=1; exited_ok=0; wait_status=0; error_code=62;
[1547949123] Warning: Check of host 'router1' timed out after 30.02 seconds
[1547949123] HOST NOTIFICATION: nagiosadmin;router1;DOWN;notify-host-by-email;(Host check timed out after 30.02 seconds)
[1547949123] wproc: Core Worker 5988: job 12772 (pid=5108): Dormant child reaped
[1547949423] wproc: Core Worker 5988: job 12783 (pid=5236) timed out. Killing it
[1547949423] wproc: CHECK job 12783 from worker Core Worker 5988 timed out after 30.02s
[1547949423] wproc:   host=router1; service=(null);
[1547949423] wproc:   early_timeout=1; exited_ok=0; wait_status=0; error_code=62;
[1547949423] Warning: Check of host 'router1' timed out after 30.02 seconds
[1547949423] wproc: Core Worker 5988: job 12783 (pid=5236): Dormant child reaped
[1547949519] Auto-save of retention data completed successfully.
[1547949723] wproc: Core Worker 5986: job 12791 (pid=5346) timed out. Killing it
[1547949723] wproc: CHECK job 12791 from worker Core Worker 5986 timed out after 30.02s
[1547949723] wproc:   host=router1; service=(null);
[1547949723] wproc:   early_timeout=1; exited_ok=0; wait_status=0; error_code=62;
[1547949723] Warning: Check of host 'router1' timed out after 30.02 seconds
[1547949723] wproc: Core Worker 5986: job 12791 (pid=5346): Dormant child reaped
[1547950023] wproc: Core Worker 5988: job 12802 (pid=5462) timed out. Killing it
[1547950023] wproc: CHECK job 12802 from worker Core Worker 5988 timed out after 30.02s
[1547950023] wproc:   host=router1; service=(null);
[1547950023] wproc:   early_timeout=1; exited_ok=0; wait_status=0; error_code=62;
[1547950023] Warning: Check of host 'router1' timed out after 30.02 seconds
[1547950023] wproc: Core Worker 5988: job 12802 (pid=5462): Dormant child reaped
[1547950323] wproc: Core Worker 5986: job 12810 (pid=5610) timed out. Killing it
[1547950323] wproc: CHECK job 12810 from worker Core Worker 5986 timed out after 30.02s
[1547950323] wproc:   host=router1; service=(null);
[1547950323] wproc:   early_timeout=1; exited_ok=0; wait_status=0; error_code=62;
[1547950323] Warning: Check of host 'router1' timed out after 30.02 seconds
[1547950323] wproc: Core Worker 5986: job 12810 (pid=5610): Dormant child reaped
[1547950623] wproc: Core Worker 5988: job 12821 (pid=5756) timed out. Killing it
[1547950623] wproc: CHECK job 12821 from worker Core Worker 5988 timed out after 30.02s
[1547950623] wproc:   host=router1; service=(null);
[1547950623] wproc:   early_timeout=1; exited_ok=0; wait_status=0; error_code=62;
[1547950623] Warning: Check of host 'router1' timed out after 30.02 seconds
[1547950623] wproc: Core Worker 5988: job 12821 (pid=5756): Dormant child reaped
[1547950923] wproc: Core Worker 5986: job 12829 (pid=5868) timed out. Killing it
[1547950923] wproc: CHECK job 12829 from worker Core Worker 5986 timed out after 30.02s
[1547950923] wproc:   host=router1; service=(null);
[1547950923] wproc:   early_timeout=1; exited_ok=0; wait_status=0; error_code=62;
[1547950923] Warning: Check of host 'router1' timed out after 30.02 seconds
[1547950923] HOST NOTIFICATION: nagiosadmin;router1;DOWN;notify-host-by-email;(Host check timed out after 30.02 seconds)
[1547950923] wproc: Core Worker 5986: job 12829 (pid=5868): Dormant child reaped
[1547951223] wproc: Core Worker 5986: job 12840 (pid=6012) timed out. Killing it
[1547951223] wproc: CHECK job 12840 from worker Core Worker 5986 timed out after 30.02s
[1547951223] wproc:   host=router1; service=(null);
[1547951223] wproc:   early_timeout=1; exited_ok=0; wait_status=0; error_code=62;
[1547951223] Warning: Check of host 'router1' timed out after 30.02 seconds
[1547951223] wproc: Core Worker 5986: job 12840 (pid=6012): Dormant child reaped
[1547951523] wproc: Core Worker 5987: job 12848 (pid=6140) timed out. Killing it
[1547951523] wproc: CHECK job 12848 from worker Core Worker 5987 timed out after 30.01s
[1547951523] wproc:   host=router1; service=(null);
[1547951523] wproc:   early_timeout=1; exited_ok=0; wait_status=0; error_code=62;
[1547951523] Warning: Check of host 'router1' timed out after 30.01 seconds
[1547951523] wproc: Core Worker 5987: job 12848 (pid=6140): Dormant child reaped
[1547951797] HOST NOTIFICATION: nagiosadmin;router1;UP;notify-host-by-email;PING OK - Packet loss = 0%, RTA = 0.56 ms
[1547951797] HOST ALERT: router1;UP;HARD;1;PING OK - Packet loss = 0%, RTA = 0.56 ms
[1547951975] SERVICE NOTIFICATION: nagiosadmin;router1;check-host-alive;OK;notify-service-by-email;PING OK - Packet loss = 0%, RTA = 0.56 ms
[1547951975] SERVICE ALERT: router1;check-host-alive;OK;HARD;1;PING OK - Packet loss = 0%, RTA = 0.56 ms
[1547953119] Auto-save of retention data completed successfully.
[1547956719] Auto-save of retention data completed successfully.
[1547960319] Auto-save of retention data completed successfully.
[1547963919] Auto-save of retention data completed successfully.
[1547967519] Auto-save of retention data completed successfully.
[1547971119] Auto-save of retention data completed successfully.
[1547974719] Auto-save of retention data completed successfully.
[1547978319] Auto-save of retention data completed successfully.
[1547981919] Auto-save of retention data completed successfully.
[1547985519] Auto-save of retention data completed successfully.
[1547989119] Auto-save of retention data completed successfully.
[1547992719] Auto-save of retention data completed successfully.
[1547996319] Auto-save of retention data completed successfully.
[1547999919] Auto-save of retention data completed successfully.
[1548003519] Auto-save of retention data completed successfully.
[1548007119] Auto-save of retention data completed successfully.
