[1549650600] LOG ROTATION: DAILY
[1549650600] LOG VERSION: 2.0
[1549650600] CURRENT HOST STATE: esxi01;UP;HARD;1;PING OK - Packet loss = 0%, RTA = 0.34 ms
[1549650600] CURRENT HOST STATE: esxi02;UP;HARD;1;PING OK - Packet loss = 0%, RTA = 0.42 ms
[1549650600] CURRENT HOST STATE: esxi03;UP;HARD;1;PING OK - Packet loss = 0%, RTA = 0.35 ms
[1549650600] CURRENT HOST STATE: esxi04;UP;HARD;1;PING OK - Packet loss = 40%, RTA = 0.38 ms
[1549650600] CURRENT HOST STATE: esxi05;UP;HARD;1;PING OK - Packet loss = 0%, RTA = 0.29 ms
[1549650600] CURRENT HOST STATE: esxi06;UP;HARD;1;PING OK - Packet loss = 0%, RTA = 0.33 ms
[1549650600] CURRENT HOST STATE: esxi07;UP;HARD;1;PING OK - Packet loss = 20%, RTA = 0.39 ms
[1549650600] CURRENT HOST STATE: esxi08;UP;HARD;1;PING OK - Packet loss = 0%, RTA = 0.33 ms
[1549650600] CURRENT HOST STATE: esxi09;UP;HARD;1;PING OK - Packet loss = 0%, RTA = 0.26 ms
[1549650600] CURRENT HOST STATE: localhost;UP;HARD;1;PING OK - Packet loss = 0%, RTA = 0.02 ms
[1549650600] CURRENT HOST STATE: router1;UP;HARD;1;PING OK - Packet loss = 0%, RTA = 0.54 ms
[1549650600] CURRENT HOST STATE: router2;UP;HARD;1;PING OK - Packet loss = 0%, RTA = 0.67 ms
[1549650600] CURRENT HOST STATE: router3;UP;HARD;1;PING OK - Packet loss = 0%, RTA = 0.95 ms
[1549650600] CURRENT HOST STATE: vmware10gswitch;UP;HARD;1;PING OK - Packet loss = 0%, RTA = 1.24 ms
[1549650600] CURRENT HOST STATE: vmwaremgmtswitch;UP;HARD;1;PING OK - Packet loss = 0%, RTA = 3.62 ms
[1549650600] CURRENT SERVICE STATE: esxi01;ESXi Hardware Check;OK;HARD;1;OK - Server: Cisco Systems Inc UCSC-C220-M4S s/n: FCH22157EQH Chassis S/N: FCH2216V0WN  System BIOS: C220M4.3.0.4a.0.0226182253 2018-02-26
[1549650600] CURRENT SERVICE STATE: esxi01;PING;OK;HARD;1;PING OK - Packet loss = 0%, RTA = 0.41 ms
[1549650600] CURRENT SERVICE STATE: esxi02;ESXi Hardware Check;OK;HARD;1;OK - Server: Cisco Systems Inc UCSC-C220-M4S s/n: FCH22157E1D Chassis S/N: FCH2216V0Y6  System BIOS: C220M4.3.0.4a.0.0226182253 2018-02-26
[1549650600] CURRENT SERVICE STATE: esxi02;PING;OK;HARD;1;PING OK - Packet loss = 0%, RTA = 0.43 ms
[1549650600] CURRENT SERVICE STATE: esxi03;ESXi Hardware Check;OK;HARD;1;OK - Server: Cisco Systems Inc UCSC-C220-M4S s/n: FCH22157ESB Chassis S/N: FCH2216V0TW  System BIOS: C220M4.3.0.4a.0.0226182253 2018-02-26
[1549650600] CURRENT SERVICE STATE: esxi03;PING;OK;HARD;1;PING OK - Packet loss = 0%, RTA = 0.38 ms
[1549650600] CURRENT SERVICE STATE: esxi04;ESXi Hardware Check;OK;HARD;1;OK - Server: Cisco Systems Inc UCSC-C220-M4S s/n: FCH22137QKB Chassis S/N: FCH2216V0YZ  System BIOS: C220M4.3.0.4a.0.0226182253 2018-02-26
[1549650600] CURRENT SERVICE STATE: esxi04;PING;OK;HARD;1;PING OK - Packet loss = 0%, RTA = 0.35 ms
[1549650600] CURRENT SERVICE STATE: esxi05;ESXi Hardware Check;OK;HARD;1;OK - Server: Cisco Systems Inc UCSC-C220-M4S s/n: FCH22157EPD Chassis S/N: FCH2216V0Z0  System BIOS: C220M4.3.0.4a.0.0226182253 2018-02-26
[1549650600] CURRENT SERVICE STATE: esxi05;PING;OK;HARD;1;PING OK - Packet loss = 0%, RTA = 0.30 ms
[1549650600] CURRENT SERVICE STATE: esxi06;ESXi Haradware Check;OK;HARD;1;OK - Server: Cisco Systems Inc UCSC-C220-M4S s/n: FCH22157ERW Chassis S/N: FCH2216V0X8  System BIOS: C220M4.3.0.4a.0.0226182253 2018-02-26
[1549650600] CURRENT SERVICE STATE: esxi06;PING;OK;HARD;1;PING OK - Packet loss = 0%, RTA = 0.28 ms
[1549650600] CURRENT SERVICE STATE: esxi07;ESXi Hardware Check;OK;HARD;1;OK - Server: Cisco Systems Inc UCSC-C220-M4S s/n: FCH22157EV7 Chassis S/N: FCH2216V0Y8  System BIOS: C220M4.3.0.4a.0.0226182253 2018-02-26
[1549650600] CURRENT SERVICE STATE: esxi07;PING;OK;HARD;1;PING OK - Packet loss = 0%, RTA = 0.40 ms
[1549650600] CURRENT SERVICE STATE: esxi08;ESXi Hardware Check;OK;HARD;1;OK - Server: Cisco Systems Inc UCSC-C220-M4S s/n: FCH22137QJN Chassis S/N: FCH2216V0YV  System BIOS: C220M4.3.0.4a.0.0226182253 2018-02-26
[1549650600] CURRENT SERVICE STATE: esxi08;PING;OK;HARD;1;PING OK - Packet loss = 0%, RTA = 0.38 ms
[1549650600] CURRENT SERVICE STATE: esxi09;ESXi Hardware Check;OK;HARD;1;OK - Server: Cisco Systems Inc UCSC-C220-M4S s/n: FCH22157ERY Chassis S/N: FCH2216V0YN  System BIOS: C220M4.3.0.4a.0.0226182253 2018-02-26
[1549650600] CURRENT SERVICE STATE: esxi09;PING;OK;HARD;1;PING OK - Packet loss = 0%, RTA = 0.32 ms
[1549650600] CURRENT SERVICE STATE: localhost;Current Load;OK;HARD;1;OK - load average: 0.64, 0.62, 0.40
[1549650600] CURRENT SERVICE STATE: localhost;Current Users;OK;HARD;1;USERS OK - 3 users currently logged in
[1549650600] CURRENT SERVICE STATE: localhost;HTTP;WARNING;HARD;4;HTTP WARNING: HTTP/1.1 403 Forbidden - 5179 bytes in 0.001 second response time
[1549650600] CURRENT SERVICE STATE: localhost;PING;OK;HARD;1;PING OK - Packet loss = 0%, RTA = 0.03 ms
[1549650600] CURRENT SERVICE STATE: localhost;Root Partition;OK;HARD;1;DISK OK - free space: / 44315 MB (86.59% inode=99%):
[1549650600] CURRENT SERVICE STATE: localhost;SSH;OK;HARD;1;SSH OK - OpenSSH_7.4 (protocol 2.0)
[1549650600] CURRENT SERVICE STATE: localhost;Swap Usage;OK;HARD;1;SWAP OK - 100% free (3967 MB out of 3967 MB)
[1549650600] CURRENT SERVICE STATE: localhost;Total Processes;OK;HARD;1;PROCS OK: 81 processes with STATE = RSZDT
[1549650600] CURRENT SERVICE STATE: router1;check-host-alive;OK;HARD;1;PING OK - Packet loss = 0%, RTA = 0.43 ms
[1549650600] CURRENT SERVICE STATE: router2;check-host-alive;OK;HARD;1;PING OK - Packet loss = 0%, RTA = 0.68 ms
[1549650600] CURRENT SERVICE STATE: router3;check-host-alive;OK;HARD;1;PING OK - Packet loss = 0%, RTA = 0.97 ms
[1549650600] CURRENT SERVICE STATE: vmware10gswitch;check-host-alive;OK;HARD;1;PING OK - Packet loss = 0%, RTA = 1.17 ms
[1549650600] CURRENT SERVICE STATE: vmwaremgmtswitch;check-host-alive;OK;HARD;1;PING OK - Packet loss = 0%, RTA = 0.72 ms
[1549652319] Auto-save of retention data completed successfully.
[1549655729] SERVICE ALERT: esxi03;PING;WARNING;SOFT;1;PING WARNING - Packet loss = 20%, RTA = 0.39 ms
[1549655793] SERVICE ALERT: esxi03;PING;OK;HARD;1;PING OK - Packet loss = 0%, RTA = 0.33 ms
[1549655919] Auto-save of retention data completed successfully.
[1549656394] SERVICE ALERT: esxi03;PING;WARNING;SOFT;1;PING WARNING - Packet loss = 20%, RTA = 0.32 ms
[1549656458] SERVICE ALERT: esxi03;PING;OK;HARD;1;PING OK - Packet loss = 0%, RTA = 0.46 ms
[1549657959] SERVICE ALERT: esxi03;PING;WARNING;SOFT;1;PING WARNING - Packet loss = 20%, RTA = 0.47 ms
[1549658023] SERVICE ALERT: esxi03;PING;OK;HARD;1;PING OK - Packet loss = 0%, RTA = 0.34 ms
[1549659519] Auto-save of retention data completed successfully.
[1549663119] Auto-save of retention data completed successfully.
[1549665764] SERVICE ALERT: esxi04;PING;CRITICAL;SOFT;1;PING CRITICAL - Packet loss = 80%, RTA = 0.26 ms
[1549665828] SERVICE ALERT: esxi04;PING;OK;HARD;1;PING OK - Packet loss = 0%, RTA = 0.25 ms
[1549666719] Auto-save of retention data completed successfully.
[1549669424] SERVICE ALERT: esxi03;PING;WARNING;SOFT;1;PING WARNING - Packet loss = 20%, RTA = 0.33 ms
[1549669429] SERVICE ALERT: esxi04;PING;WARNING;SOFT;1;PING WARNING - Packet loss = 20%, RTA = 0.55 ms
[1549669488] SERVICE ALERT: esxi03;PING;OK;HARD;1;PING OK - Packet loss = 0%, RTA = 0.34 ms
[1549669493] SERVICE ALERT: esxi04;PING;OK;HARD;1;PING OK - Packet loss = 0%, RTA = 0.25 ms
[1549670319] Auto-save of retention data completed successfully.
[1549673389] SERVICE ALERT: esxi03;PING;WARNING;SOFT;1;PING WARNING - Packet loss = 20%, RTA = 0.45 ms
[1549673453] SERVICE ALERT: esxi03;PING;OK;HARD;1;PING OK - Packet loss = 0%, RTA = 0.44 ms
[1549673694] SERVICE ALERT: esxi04;PING;WARNING;SOFT;1;PING WARNING - Packet loss = 20%, RTA = 0.31 ms
[1549673758] SERVICE ALERT: esxi04;PING;OK;HARD;1;PING OK - Packet loss = 0%, RTA = 0.36 ms
[1549673919] Auto-save of retention data completed successfully.
[1549677519] Auto-save of retention data completed successfully.
[1549681119] Auto-save of retention data completed successfully.
[1549682455] SERVICE ALERT: esxi03;PING;WARNING;SOFT;1;PING WARNING - Packet loss = 20%, RTA = 0.37 ms
[1549682520] SERVICE ALERT: esxi03;PING;WARNING;SOFT;2;PING WARNING - Packet loss = 20%, RTA = 0.45 ms
[1549682584] SERVICE ALERT: esxi03;PING;OK;HARD;1;PING OK - Packet loss = 0%, RTA = 0.60 ms
[1549684385] SERVICE ALERT: esxi03;PING;WARNING;SOFT;1;PING WARNING - Packet loss = 20%, RTA = 0.54 ms
[1549684449] SERVICE ALERT: esxi03;PING;OK;HARD;1;PING OK - Packet loss = 0%, RTA = 0.36 ms
[1549684719] Auto-save of retention data completed successfully.
[1549688050] SERVICE ALERT: esxi03;PING;WARNING;SOFT;1;PING WARNING - Packet loss = 20%, RTA = 0.35 ms
[1549688114] SERVICE ALERT: esxi03;PING;OK;HARD;1;PING OK - Packet loss = 0%, RTA = 0.43 ms
[1549688319] Auto-save of retention data completed successfully.
[1549689315] SERVICE ALERT: esxi03;PING;WARNING;SOFT;1;PING WARNING - Packet loss = 20%, RTA = 0.38 ms
[1549689380] SERVICE ALERT: esxi03;PING;WARNING;SOFT;2;PING WARNING - Packet loss = 20%, RTA = 0.55 ms
[1549689444] SERVICE ALERT: esxi03;PING;OK;HARD;1;PING OK - Packet loss = 0%, RTA = 0.49 ms
[1549691919] Auto-save of retention data completed successfully.
[1549692445] SERVICE ALERT: esxi03;PING;WARNING;SOFT;1;PING WARNING - Packet loss = 20%, RTA = 0.54 ms
[1549692509] SERVICE ALERT: esxi03;PING;OK;HARD;1;PING OK - Packet loss = 0%, RTA = 0.38 ms
[1549695210] SERVICE ALERT: esxi03;PING;WARNING;SOFT;1;PING WARNING - Packet loss = 20%, RTA = 0.39 ms
[1549695274] SERVICE ALERT: esxi03;PING;OK;HARD;1;PING OK - Packet loss = 0%, RTA = 0.43 ms
[1549695519] Auto-save of retention data completed successfully.
[1549698275] SERVICE ALERT: esxi03;PING;WARNING;SOFT;1;PING WARNING - Packet loss = 20%, RTA = 0.38 ms
[1549698339] SERVICE ALERT: esxi03;PING;OK;HARD;1;PING OK - Packet loss = 0%, RTA = 0.40 ms
[1549698940] SERVICE ALERT: esxi03;PING;WARNING;SOFT;1;PING WARNING - Packet loss = 20%, RTA = 0.40 ms
[1549699005] SERVICE ALERT: esxi03;PING;WARNING;SOFT;2;PING WARNING - Packet loss = 20%, RTA = 0.39 ms
[1549699070] SERVICE ALERT: esxi03;PING;WARNING;SOFT;3;PING WARNING - Packet loss = 20%, RTA = 0.43 ms
[1549699119] Auto-save of retention data completed successfully.
[1549699134] SERVICE ALERT: esxi03;PING;OK;HARD;1;PING OK - Packet loss = 0%, RTA = 0.52 ms
[1549700635] SERVICE ALERT: esxi03;PING;WARNING;SOFT;1;PING WARNING - Packet loss = 20%, RTA = 0.37 ms
[1549700699] SERVICE ALERT: esxi03;PING;OK;HARD;1;PING OK - Packet loss = 0%, RTA = 0.39 ms
[1549702719] Auto-save of retention data completed successfully.
[1549706319] Auto-save of retention data completed successfully.
[1549709919] Auto-save of retention data completed successfully.
[1549711200] SERVICE ALERT: esxi03;PING;WARNING;SOFT;1;PING WARNING - Packet loss = 20%, RTA = 0.34 ms
[1549711264] SERVICE ALERT: esxi03;PING;OK;HARD;1;PING OK - Packet loss = 0%, RTA = 0.33 ms
[1549713519] Auto-save of retention data completed successfully.
[1549716065] SERVICE ALERT: esxi03;PING;WARNING;SOFT;1;PING WARNING - Packet loss = 20%, RTA = 0.39 ms
[1549716129] SERVICE ALERT: esxi03;PING;OK;HARD;1;PING OK - Packet loss = 0%, RTA = 0.42 ms
[1549717119] Auto-save of retention data completed successfully.
[1549720719] Auto-save of retention data completed successfully.
[1549724319] Auto-save of retention data completed successfully.
[1549727919] Auto-save of retention data completed successfully.
[1549731519] Auto-save of retention data completed successfully.
[1549733230] SERVICE ALERT: esxi03;PING;WARNING;SOFT;1;PING WARNING - Packet loss = 20%, RTA = 0.33 ms
[1549733294] SERVICE ALERT: esxi03;PING;OK;HARD;1;PING OK - Packet loss = 0%, RTA = 0.47 ms
[1549735119] Auto-save of retention data completed successfully.
[1549735995] SERVICE ALERT: esxi03;PING;WARNING;SOFT;1;PING WARNING - Packet loss = 20%, RTA = 0.30 ms
[1549736059] SERVICE ALERT: esxi03;PING;OK;HARD;1;PING OK - Packet loss = 0%, RTA = 0.39 ms
