[1601749800] LOG ROTATION: DAILY
[1601749800] LOG VERSION: 2.0
[1601749800] CURRENT HOST STATE: AP_Main_Bldg;UP;HARD;1;PING OK - Packet loss = 0%, RTA = 0.86 ms
[1601749800] CURRENT HOST STATE: Director_Bldg;UP;HARD;1;PING OK - Packet loss = 0%, RTA = 0.63 ms
[1601749800] CURRENT HOST STATE: Director_Resident;UP;HARD;1;PING OK - Packet loss = 0%, RTA = 0.92 ms
[1601749800] CURRENT HOST STATE: esxi01;UP;HARD;1;PING OK - Packet loss = 0%, RTA = 0.35 ms
[1601749800] CURRENT HOST STATE: esxi02;UP;HARD;1;PING OK - Packet loss = 0%, RTA = 0.49 ms
[1601749800] CURRENT HOST STATE: esxi03;UP;HARD;1;PING OK - Packet loss = 0%, RTA = 0.43 ms
[1601749800] CURRENT HOST STATE: esxi04;UP;HARD;1;PING OK - Packet loss = 0%, RTA = 0.51 ms
[1601749800] CURRENT HOST STATE: esxi05;UP;HARD;1;PING OK - Packet loss = 0%, RTA = 0.44 ms
[1601749800] CURRENT HOST STATE: esxi06;UP;HARD;1;PING OK - Packet loss = 0%, RTA = 0.42 ms
[1601749800] CURRENT HOST STATE: esxi07;UP;HARD;1;PING OK - Packet loss = 0%, RTA = 0.55 ms
[1601749800] CURRENT HOST STATE: esxi08;UP;HARD;1;PING OK - Packet loss = 0%, RTA = 0.52 ms
[1601749800] CURRENT HOST STATE: esxi09;UP;HARD;1;PING OK - Packet loss = 0%, RTA = 0.54 ms
[1601749800] CURRENT HOST STATE: localhost;UP;HARD;1;PING OK - Packet loss = 0%, RTA = 0.04 ms
[1601749800] CURRENT HOST STATE: vmware10gswitch;UP;HARD;1;PING OK - Packet loss = 0%, RTA = 1.27 ms
[1601749800] CURRENT HOST STATE: vmwaremgmtswitch;UP;HARD;1;PING OK - Packet loss = 0%, RTA = 0.84 ms
[1601749800] CURRENT SERVICE STATE: AP_Main_Bldg;check-host-alive;OK;HARD;1;PING OK - Packet loss = 0%, RTA = 0.72 ms
[1601749800] CURRENT SERVICE STATE: Director_Bldg;check-host-alive;OK;HARD;1;PING OK - Packet loss = 0%, RTA = 0.65 ms
[1601749800] CURRENT SERVICE STATE: Director_Resident;check-host-alive;OK;HARD;1;PING OK - Packet loss = 0%, RTA = 0.73 ms
[1601749800] CURRENT SERVICE STATE: esxi01;ESXi Hardware Check;OK;HARD;1;OK - Server: Cisco Systems Inc UCSC-C220-M4S s/n: FCH22157EQH Chassis S/N: FCH2216V0WN  System BIOS: C220M4.3.0.4a.0.0226182253 2018-02-26
[1601749800] CURRENT SERVICE STATE: esxi01;PING;OK;HARD;1;PING OK - Packet loss = 0%, RTA = 0.50 ms
[1601749800] CURRENT SERVICE STATE: esxi02;ESXi Hardware Check;UNKNOWN;HARD;3;UNKNOWN:
[1601749800] CURRENT SERVICE STATE: esxi02;PING;OK;HARD;1;PING OK - Packet loss = 0%, RTA = 0.52 ms
[1601749800] CURRENT SERVICE STATE: esxi03;ESXi Hardware Check;OK;HARD;1;OK - Server: Cisco Systems Inc UCSC-C220-M4S s/n: FCH22157ESB Chassis S/N: FCH2216V0TW  System BIOS: C220M4.3.0.4a.0.0226182253 2018-02-26
[1601749800] CURRENT SERVICE STATE: esxi03;PING;OK;HARD;1;PING OK - Packet loss = 0%, RTA = 0.50 ms
[1601749800] CURRENT SERVICE STATE: esxi04;ESXi Hardware Check;OK;HARD;1;OK - Server: Cisco Systems Inc UCSC-C220-M4S s/n: FCH22137QKB Chassis S/N: FCH2216V0YZ  System BIOS: C220M4.3.0.4a.0.0226182253 2018-02-26
[1601749800] CURRENT SERVICE STATE: esxi04;PING;OK;HARD;1;PING OK - Packet loss = 0%, RTA = 0.45 ms
[1601749800] CURRENT SERVICE STATE: esxi05;ESXi Hardware Check;OK;HARD;1;OK - Server: Cisco Systems Inc UCSC-C220-M4S s/n: FCH22157EPD Chassis S/N: FCH2216V0Z0  System BIOS: C220M4.3.0.4a.0.0226182253 2018-02-26
[1601749800] CURRENT SERVICE STATE: esxi05;PING;OK;HARD;1;PING OK - Packet loss = 0%, RTA = 0.38 ms
[1601749800] CURRENT SERVICE STATE: esxi06;ESXi Haradware Check;OK;HARD;1;OK - Server: Cisco Systems Inc UCSC-C220-M4S s/n: FCH22157ERW Chassis S/N: FCH2216V0X8  System BIOS: C220M4.3.0.4a.0.0226182253 2018-02-26
[1601749800] CURRENT SERVICE STATE: esxi06;PING;OK;HARD;1;PING OK - Packet loss = 0%, RTA = 0.50 ms
[1601749800] CURRENT SERVICE STATE: esxi07;ESXi Hardware Check;OK;HARD;1;OK - Server: Cisco Systems Inc UCSC-C220-M4S s/n: FCH22157EV7 Chassis S/N: FCH2216V0Y8  System BIOS: C220M4.3.0.4a.0.0226182253 2018-02-26
[1601749800] CURRENT SERVICE STATE: esxi07;PING;OK;HARD;1;PING OK - Packet loss = 0%, RTA = 0.52 ms
[1601749800] CURRENT SERVICE STATE: esxi08;ESXi Hardware Check;OK;HARD;1;OK - Server: Cisco Systems Inc UCSC-C220-M4S s/n: FCH22137QJN Chassis S/N: FCH2216V0YV  System BIOS: C220M4.3.0.4a.0.0226182253 2018-02-26
[1601749800] CURRENT SERVICE STATE: esxi08;PING;OK;HARD;1;PING OK - Packet loss = 0%, RTA = 0.47 ms
[1601749800] CURRENT SERVICE STATE: esxi09;ESXi Hardware Check;OK;HARD;1;OK - Server: Cisco Systems Inc UCSC-C220-M4S s/n: FCH22157ERY Chassis S/N: FCH2216V0YN  System BIOS: C220M4.3.0.4a.0.0226182253 2018-02-26
[1601749800] CURRENT SERVICE STATE: esxi09;PING;OK;HARD;1;PING OK - Packet loss = 0%, RTA = 0.50 ms
[1601749800] CURRENT SERVICE STATE: localhost;Current Load;OK;HARD;1;OK - load average: 0.02, 0.02, 0.05
[1601749800] CURRENT SERVICE STATE: localhost;Current Users;OK;HARD;1;USERS OK - 0 users currently logged in
[1601749800] CURRENT SERVICE STATE: localhost;PING;OK;HARD;1;PING OK - Packet loss = 0%, RTA = 0.05 ms
[1601749800] CURRENT SERVICE STATE: localhost;Root Partition;OK;HARD;1;DISK OK - free space: / 42824 MB (83.68% inode=99%):
[1601749800] CURRENT SERVICE STATE: localhost;SSH;OK;HARD;1;SSH OK - OpenSSH_7.4 (protocol 2.0)
[1601749800] CURRENT SERVICE STATE: localhost;Swap Usage;OK;HARD;1;SWAP OK - 100% free (3967 MB out of 3967 MB)
[1601749800] CURRENT SERVICE STATE: localhost;Total Processes;OK;HARD;1;PROCS OK: 80 processes with STATE = RSZDT
[1601749800] CURRENT SERVICE STATE: vmware10gswitch;check-host-alive;OK;HARD;1;PING OK - Packet loss = 0%, RTA = 1.47 ms
[1601749800] CURRENT SERVICE STATE: vmwaremgmtswitch;check-host-alive;OK;HARD;1;PING OK - Packet loss = 0%, RTA = 0.78 ms
[1601752172] Auto-save of retention data completed successfully.
[1601753621] SERVICE ALERT: esxi01;PING;WARNING;SOFT;1;PING WARNING - Packet loss = 20%, RTA = 0.38 ms
[1601753685] SERVICE ALERT: esxi01;PING;OK;SOFT;2;PING OK - Packet loss = 0%, RTA = 0.55 ms
[1601755772] Auto-save of retention data completed successfully.
[1601759372] Auto-save of retention data completed successfully.
[1601762972] Auto-save of retention data completed successfully.
[1601766572] Auto-save of retention data completed successfully.
[1601770172] Auto-save of retention data completed successfully.
[1601773772] Auto-save of retention data completed successfully.
[1601777372] Auto-save of retention data completed successfully.
[1601780972] Auto-save of retention data completed successfully.
[1601781048] wproc: Core Worker 8830: job 62810 (pid=10754) timed out. Killing it
[1601781048] wproc: CHECK job 62810 from worker Core Worker 8830 timed out after 30.01s
[1601781048] wproc:   host=Director_Resident; service=(null);
[1601781048] wproc:   early_timeout=1; exited_ok=0; wait_status=0; error_code=62;
[1601781048] Warning: Check of host 'Director_Resident' timed out after 30.01 seconds
[1601781048] HOST ALERT: Director_Resident;DOWN;SOFT;1;(Host check timed out after 30.01 seconds)
[1601781049] wproc: Core Worker 8830: job 62810 (pid=10754): Dormant child reaped
[1601781138] wproc: Core Worker 8828: job 62813 (pid=10793) timed out. Killing it
[1601781138] wproc: CHECK job 62813 from worker Core Worker 8828 timed out after 30.01s
[1601781138] wproc:   host=Director_Resident; service=(null);
[1601781138] wproc:   early_timeout=1; exited_ok=0; wait_status=0; error_code=62;
[1601781138] Warning: Check of host 'Director_Resident' timed out after 30.01 seconds
[1601781138] HOST ALERT: Director_Resident;DOWN;SOFT;2;(Host check timed out after 30.01 seconds)
[1601781139] wproc: Core Worker 8828: job 62813 (pid=10793): Dormant child reaped
[1601781228] wproc: Core Worker 8827: job 62817 (pid=10827) timed out. Killing it
[1601781228] wproc: CHECK job 62817 from worker Core Worker 8827 timed out after 30.01s
[1601781228] wproc:   host=Director_Resident; service=(null);
[1601781228] wproc:   early_timeout=1; exited_ok=0; wait_status=0; error_code=62;
[1601781228] Warning: Check of host 'Director_Resident' timed out after 30.01 seconds
[1601781228] HOST ALERT: Director_Resident;DOWN;SOFT;3;(Host check timed out after 30.01 seconds)
[1601781229] wproc: Core Worker 8827: job 62817 (pid=10827): Dormant child reaped
[1601781252] wproc: Core Worker 8828: job 62818 (pid=10846) timed out. Killing it
[1601781252] wproc: CHECK job 62818 from worker Core Worker 8828 timed out after 30.01s
[1601781252] wproc:   host=Director_Bldg; service=(null);
[1601781252] wproc:   early_timeout=1; exited_ok=0; wait_status=0; error_code=62;
[1601781252] Warning: Check of host 'Director_Bldg' timed out after 30.01 seconds
[1601781252] HOST ALERT: Director_Bldg;DOWN;SOFT;1;(Host check timed out after 30.01 seconds)
[1601781253] wproc: Core Worker 8828: job 62818 (pid=10846): Dormant child reaped
[1601781314] SERVICE ALERT: Director_Bldg;check-host-alive;CRITICAL;HARD;1;CRITICAL - Plugin timed out
[1601781318] wproc: Core Worker 8829: job 62819 (pid=10866) timed out. Killing it
[1601781318] wproc: CHECK job 62819 from worker Core Worker 8829 timed out after 30.03s
[1601781318] wproc:   host=Director_Resident; service=(null);
[1601781318] wproc:   early_timeout=1; exited_ok=0; wait_status=0; error_code=62;
[1601781318] Warning: Check of host 'Director_Resident' timed out after 30.03 seconds
[1601781318] HOST ALERT: Director_Resident;DOWN;SOFT;4;(Host check timed out after 30.03 seconds)
[1601781319] wproc: Core Worker 8829: job 62819 (pid=10866): Dormant child reaped
[1601781319] SERVICE ALERT: Director_Resident;check-host-alive;CRITICAL;HARD;1;CRITICAL - Plugin timed out
[1601781342] wproc: Core Worker 8830: job 62820 (pid=11008) timed out. Killing it
[1601781342] wproc: CHECK job 62820 from worker Core Worker 8830 timed out after 30.03s
[1601781342] wproc:   host=Director_Bldg; service=(null);
[1601781342] wproc:   early_timeout=1; exited_ok=0; wait_status=0; error_code=62;
[1601781342] Warning: Check of host 'Director_Bldg' timed out after 30.03 seconds
[1601781342] HOST ALERT: Director_Bldg;DOWN;SOFT;2;(Host check timed out after 30.03 seconds)
[1601781343] wproc: Core Worker 8830: job 62820 (pid=11008): Dormant child reaped
[1601781408] wproc: Core Worker 8828: job 62822 (pid=11030) timed out. Killing it
[1601781408] wproc: CHECK job 62822 from worker Core Worker 8828 timed out after 30.03s
[1601781408] wproc:   host=Director_Resident; service=(null);
[1601781408] wproc:   early_timeout=1; exited_ok=0; wait_status=0; error_code=62;
[1601781408] Warning: Check of host 'Director_Resident' timed out after 30.03 seconds
[1601781408] HOST ALERT: Director_Resident;DOWN;SOFT;5;(Host check timed out after 30.03 seconds)
[1601781409] wproc: Core Worker 8828: job 62822 (pid=11030): Dormant child reaped
[1601781432] wproc: Core Worker 8827: job 62823 (pid=11052) timed out. Killing it
[1601781432] wproc: CHECK job 62823 from worker Core Worker 8827 timed out after 30.02s
[1601781432] wproc:   host=Director_Bldg; service=(null);
[1601781432] wproc:   early_timeout=1; exited_ok=0; wait_status=0; error_code=62;
[1601781432] Warning: Check of host 'Director_Bldg' timed out after 30.02 seconds
[1601781432] HOST ALERT: Director_Bldg;DOWN;SOFT;3;(Host check timed out after 30.02 seconds)
[1601781433] wproc: Core Worker 8827: job 62823 (pid=11052): Dormant child reaped
[1601781496] HOST ALERT: Director_Bldg;UP;SOFT;1;PING OK - Packet loss = 0%, RTA = 0.61 ms
[1601781498] wproc: Core Worker 8830: job 62825 (pid=11076) timed out. Killing it
[1601781498] wproc: CHECK job 62825 from worker Core Worker 8830 timed out after 30.02s
[1601781498] wproc:   host=Director_Resident; service=(null);
[1601781498] wproc:   early_timeout=1; exited_ok=0; wait_status=0; error_code=62;
[1601781498] Warning: Check of host 'Director_Resident' timed out after 30.02 seconds
[1601781498] HOST ALERT: Director_Resident;DOWN;SOFT;6;(Host check timed out after 30.02 seconds)
[1601781499] wproc: Core Worker 8830: job 62825 (pid=11076): Dormant child reaped
[1601781562] HOST ALERT: Director_Resident;UP;SOFT;1;PING OK - Packet loss = 0%, RTA = 0.69 ms
[1601781887] SERVICE ALERT: Director_Bldg;check-host-alive;OK;SOFT;1;PING OK - Packet loss = 0%, RTA = 0.65 ms
[1601781892] SERVICE ALERT: Director_Resident;check-host-alive;OK;SOFT;1;PING OK - Packet loss = 0%, RTA = 0.74 ms
[1601784572] Auto-save of retention data completed successfully.
[1601788172] Auto-save of retention data completed successfully.
[1601791772] Auto-save of retention data completed successfully.
[1601795372] Auto-save of retention data completed successfully.
[1601798972] Auto-save of retention data completed successfully.
[1601802572] Auto-save of retention data completed successfully.
[1601806172] Auto-save of retention data completed successfully.
[1601809772] Auto-save of retention data completed successfully.
[1601813372] Auto-save of retention data completed successfully.
[1601816972] Auto-save of retention data completed successfully.
[1601820572] Auto-save of retention data completed successfully.
[1601824172] Auto-save of retention data completed successfully.
[1601827772] Auto-save of retention data completed successfully.
[1601830488] SERVICE ALERT: Director_Bldg;check-host-alive;WARNING;SOFT;1;PING WARNING - Packet loss = 80%, RTA = 12.93 ms
[1601830612] SERVICE ALERT: Director_Bldg;check-host-alive;OK;SOFT;2;PING OK - Packet loss = 0%, RTA = 0.60 ms
[1601831372] Auto-save of retention data completed successfully.
[1601834972] Auto-save of retention data completed successfully.
