[1574879400] LOG ROTATION: DAILY
[1574879400] LOG VERSION: 2.0
[1574879400] CURRENT HOST STATE: AP_Main_Bldg;UP;HARD;1;PING OK - Packet loss = 0%, RTA = 0.86 ms
[1574879400] CURRENT HOST STATE: Director_Bldg;UP;HARD;1;PING OK - Packet loss = 0%, RTA = 0.60 ms
[1574879400] CURRENT HOST STATE: Director_Resident;UP;HARD;1;PING OK - Packet loss = 0%, RTA = 0.77 ms
[1574879400] CURRENT HOST STATE: esxi01;UP;HARD;1;PING OK - Packet loss = 0%, RTA = 0.36 ms
[1574879400] CURRENT HOST STATE: esxi02;UP;HARD;1;PING OK - Packet loss = 0%, RTA = 0.51 ms
[1574879400] CURRENT HOST STATE: esxi03;UP;HARD;1;PING OK - Packet loss = 0%, RTA = 0.39 ms
[1574879400] CURRENT HOST STATE: esxi04;UP;HARD;1;PING OK - Packet loss = 0%, RTA = 0.41 ms
[1574879400] CURRENT HOST STATE: esxi05;UP;HARD;1;PING OK - Packet loss = 0%, RTA = 0.49 ms
[1574879400] CURRENT HOST STATE: esxi06;UP;HARD;1;PING OK - Packet loss = 0%, RTA = 0.57 ms
[1574879400] CURRENT HOST STATE: esxi07;UP;HARD;1;PING OK - Packet loss = 0%, RTA = 0.58 ms
[1574879400] CURRENT HOST STATE: esxi08;UP;HARD;1;PING OK - Packet loss = 0%, RTA = 0.44 ms
[1574879400] CURRENT HOST STATE: esxi09;UP;HARD;1;PING OK - Packet loss = 0%, RTA = 0.44 ms
[1574879400] CURRENT HOST STATE: localhost;UP;HARD;1;PING OK - Packet loss = 0%, RTA = 0.04 ms
[1574879400] CURRENT HOST STATE: vmware10gswitch;UP;HARD;1;PING OK - Packet loss = 0%, RTA = 1.27 ms
[1574879400] CURRENT HOST STATE: vmwaremgmtswitch;UP;HARD;1;PING OK - Packet loss = 0%, RTA = 0.82 ms
[1574879400] CURRENT SERVICE STATE: AP_Main_Bldg;check-host-alive;OK;HARD;1;PING OK - Packet loss = 0%, RTA = 4.60 ms
[1574879400] CURRENT SERVICE STATE: Director_Bldg;check-host-alive;OK;HARD;1;PING OK - Packet loss = 0%, RTA = 0.56 ms
[1574879400] CURRENT SERVICE STATE: Director_Resident;check-host-alive;OK;HARD;1;PING OK - Packet loss = 0%, RTA = 1.05 ms
[1574879400] CURRENT SERVICE STATE: esxi01;ESXi Hardware Check;OK;HARD;1;OK - Server: Cisco Systems Inc UCSC-C220-M4S s/n: FCH22157EQH Chassis S/N: FCH2216V0WN  System BIOS: C220M4.3.0.4a.0.0226182253 2018-02-26
[1574879400] CURRENT SERVICE STATE: esxi01;PING;OK;HARD;1;PING OK - Packet loss = 0%, RTA = 0.34 ms
[1574879400] CURRENT SERVICE STATE: esxi02;ESXi Hardware Check;OK;HARD;1;OK - Server: Cisco Systems Inc UCSC-C220-M4S s/n: FCH22157E1D Chassis S/N: FCH2216V0Y6  System BIOS: C220M4.3.0.4a.0.0226182253 2018-02-26
[1574879400] CURRENT SERVICE STATE: esxi02;PING;OK;HARD;1;PING OK - Packet loss = 0%, RTA = 0.51 ms
[1574879400] CURRENT SERVICE STATE: esxi03;ESXi Hardware Check;OK;HARD;1;OK - Server: Cisco Systems Inc UCSC-C220-M4S s/n: FCH22157ESB Chassis S/N: FCH2216V0TW  System BIOS: C220M4.3.0.4a.0.0226182253 2018-02-26
[1574879400] CURRENT SERVICE STATE: esxi03;PING;OK;HARD;1;PING OK - Packet loss = 0%, RTA = 0.48 ms
[1574879400] CURRENT SERVICE STATE: esxi04;ESXi Hardware Check;OK;HARD;1;OK - Server: Cisco Systems Inc UCSC-C220-M4S s/n: FCH22137QKB Chassis S/N: FCH2216V0YZ  System BIOS: C220M4.3.0.4a.0.0226182253 2018-02-26
[1574879400] CURRENT SERVICE STATE: esxi04;PING;OK;HARD;1;PING OK - Packet loss = 0%, RTA = 0.42 ms
[1574879400] CURRENT SERVICE STATE: esxi05;ESXi Hardware Check;OK;HARD;1;OK - Server: Cisco Systems Inc UCSC-C220-M4S s/n: FCH22157EPD Chassis S/N: FCH2216V0Z0  System BIOS: C220M4.3.0.4a.0.0226182253 2018-02-26
[1574879400] CURRENT SERVICE STATE: esxi05;PING;OK;HARD;1;PING OK - Packet loss = 0%, RTA = 0.53 ms
[1574879400] CURRENT SERVICE STATE: esxi06;ESXi Haradware Check;OK;HARD;1;OK - Server: Cisco Systems Inc UCSC-C220-M4S s/n: FCH22157ERW Chassis S/N: FCH2216V0X8  System BIOS: C220M4.3.0.4a.0.0226182253 2018-02-26
[1574879400] CURRENT SERVICE STATE: esxi06;PING;OK;HARD;1;PING OK - Packet loss = 0%, RTA = 0.52 ms
[1574879400] CURRENT SERVICE STATE: esxi07;ESXi Hardware Check;OK;HARD;1;OK - Server: Cisco Systems Inc UCSC-C220-M4S s/n: FCH22157EV7 Chassis S/N: FCH2216V0Y8  System BIOS: C220M4.3.0.4a.0.0226182253 2018-02-26
[1574879400] CURRENT SERVICE STATE: esxi07;PING;OK;HARD;1;PING OK - Packet loss = 0%, RTA = 0.46 ms
[1574879400] CURRENT SERVICE STATE: esxi08;ESXi Hardware Check;OK;HARD;1;OK - Server: Cisco Systems Inc UCSC-C220-M4S s/n: FCH22137QJN Chassis S/N: FCH2216V0YV  System BIOS: C220M4.3.0.4a.0.0226182253 2018-02-26
[1574879400] CURRENT SERVICE STATE: esxi08;PING;OK;HARD;1;PING OK - Packet loss = 0%, RTA = 0.45 ms
[1574879400] CURRENT SERVICE STATE: esxi09;ESXi Hardware Check;OK;HARD;1;OK - Server: Cisco Systems Inc UCSC-C220-M4S s/n: FCH22157ERY Chassis S/N: FCH2216V0YN  System BIOS: C220M4.3.0.4a.0.0226182253 2018-02-26
[1574879400] CURRENT SERVICE STATE: esxi09;PING;OK;HARD;1;PING OK - Packet loss = 0%, RTA = 0.61 ms
[1574879400] CURRENT SERVICE STATE: localhost;Current Load;OK;HARD;1;OK - load average: 0.05, 0.04, 0.05
[1574879400] CURRENT SERVICE STATE: localhost;Current Users;OK;HARD;1;USERS OK - 0 users currently logged in
[1574879400] CURRENT SERVICE STATE: localhost;PING;OK;HARD;1;PING OK - Packet loss = 0%, RTA = 0.04 ms
[1574879400] CURRENT SERVICE STATE: localhost;Root Partition;OK;HARD;1;DISK OK - free space: / 42811 MB (83.65% inode=99%):
[1574879400] CURRENT SERVICE STATE: localhost;SSH;OK;HARD;1;SSH OK - OpenSSH_7.4 (protocol 2.0)
[1574879400] CURRENT SERVICE STATE: localhost;Swap Usage;OK;HARD;1;SWAP OK - 100% free (3967 MB out of 3967 MB)
[1574879400] CURRENT SERVICE STATE: localhost;Total Processes;OK;HARD;1;PROCS OK: 78 processes with STATE = RSZDT
[1574879400] CURRENT SERVICE STATE: vmware10gswitch;check-host-alive;OK;HARD;1;PING OK - Packet loss = 0%, RTA = 1.47 ms
[1574879400] CURRENT SERVICE STATE: vmwaremgmtswitch;check-host-alive;OK;HARD;1;PING OK - Packet loss = 0%, RTA = 4.42 ms
[1574880020] Auto-save of retention data completed successfully.
[1574883620] Auto-save of retention data completed successfully.
[1574887220] Auto-save of retention data completed successfully.
[1574890820] Auto-save of retention data completed successfully.
[1574894420] Auto-save of retention data completed successfully.
[1574898020] Auto-save of retention data completed successfully.
[1574901620] Auto-save of retention data completed successfully.
[1574905220] Auto-save of retention data completed successfully.
[1574908820] Auto-save of retention data completed successfully.
[1574912420] Auto-save of retention data completed successfully.
[1574916020] Auto-save of retention data completed successfully.
[1574918468] SERVICE ALERT: Director_Bldg;check-host-alive;CRITICAL;SOFT;1;CRITICAL - Plugin timed out
[1574918498] wproc: Core Worker 1462: job 114964 (pid=19701) timed out. Killing it
[1574918498] wproc: CHECK job 114964 from worker Core Worker 1462 timed out after 30.01s
[1574918498] wproc:   host=Director_Bldg; service=(null);
[1574918498] wproc:   early_timeout=1; exited_ok=0; wait_status=0; error_code=62;
[1574918498] Warning: Check of host 'Director_Bldg' timed out after 30.01 seconds
[1574918498] HOST ALERT: Director_Bldg;DOWN;SOFT;1;(Host check timed out after 30.01 seconds)
[1574918499] wproc: Core Worker 1462: job 114964 (pid=19701): Dormant child reaped
[1574918588] wproc: Core Worker 1462: job 114966 (pid=19734) timed out. Killing it
[1574918588] wproc: CHECK job 114966 from worker Core Worker 1462 timed out after 30.03s
[1574918588] wproc:   host=Director_Bldg; service=(null);
[1574918588] wproc:   early_timeout=1; exited_ok=0; wait_status=0; error_code=62;
[1574918588] Warning: Check of host 'Director_Bldg' timed out after 30.03 seconds
[1574918588] HOST ALERT: Director_Bldg;DOWN;SOFT;2;(Host check timed out after 30.03 seconds)
[1574918589] wproc: Core Worker 1462: job 114966 (pid=19734): Dormant child reaped
[1574918619] SERVICE ALERT: Director_Bldg;check-host-alive;CRITICAL;HARD;3;CRITICAL - Plugin timed out
[1574918678] wproc: Core Worker 1459: job 114967 (pid=19757) timed out. Killing it
[1574918678] wproc: CHECK job 114967 from worker Core Worker 1459 timed out after 30.01s
[1574918678] wproc:   host=Director_Bldg; service=(null);
[1574918678] wproc:   early_timeout=1; exited_ok=0; wait_status=0; error_code=62;
[1574918678] Warning: Check of host 'Director_Bldg' timed out after 30.01 seconds
[1574918678] HOST ALERT: Director_Bldg;DOWN;SOFT;3;(Host check timed out after 30.01 seconds)
[1574918679] wproc: Core Worker 1459: job 114967 (pid=19757): Dormant child reaped
[1574918768] wproc: Core Worker 1461: job 114972 (pid=19946) timed out. Killing it
[1574918768] wproc: CHECK job 114972 from worker Core Worker 1461 timed out after 30.03s
[1574918768] wproc:   host=Director_Bldg; service=(null);
[1574918768] wproc:   early_timeout=1; exited_ok=0; wait_status=0; error_code=62;
[1574918768] Warning: Check of host 'Director_Bldg' timed out after 30.03 seconds
[1574918768] HOST ALERT: Director_Bldg;DOWN;SOFT;4;(Host check timed out after 30.03 seconds)
[1574918769] wproc: Core Worker 1461: job 114972 (pid=19946): Dormant child reaped
[1574918858] wproc: Core Worker 1462: job 114974 (pid=19967) timed out. Killing it
[1574918858] wproc: CHECK job 114974 from worker Core Worker 1462 timed out after 30.02s
[1574918858] wproc:   host=Director_Bldg; service=(null);
[1574918858] wproc:   early_timeout=1; exited_ok=0; wait_status=0; error_code=62;
[1574918858] Warning: Check of host 'Director_Bldg' timed out after 30.02 seconds
[1574918858] HOST ALERT: Director_Bldg;DOWN;SOFT;5;(Host check timed out after 30.02 seconds)
[1574918859] wproc: Core Worker 1462: job 114974 (pid=19967): Dormant child reaped
[1574918864] wproc: Core Worker 1460: job 114974 (pid=19969) timed out. Killing it
[1574918864] wproc: CHECK job 114974 from worker Core Worker 1460 timed out after 30.03s
[1574918864] wproc:   host=Director_Resident; service=(null);
[1574918864] wproc:   early_timeout=1; exited_ok=0; wait_status=0; error_code=62;
[1574918864] Warning: Check of host 'Director_Resident' timed out after 30.03 seconds
[1574918864] HOST ALERT: Director_Resident;DOWN;SOFT;1;(Host check timed out after 30.03 seconds)
[1574918864] wproc: Core Worker 1460: job 114974 (pid=19969): Dormant child reaped
[1574918919] SERVICE ALERT: Director_Resident;check-host-alive;CRITICAL;HARD;1;CRITICAL - Plugin timed out
[1574918948] wproc: Core Worker 1462: job 114976 (pid=20000) timed out. Killing it
[1574918948] wproc: CHECK job 114976 from worker Core Worker 1462 timed out after 30.01s
[1574918948] wproc:   host=Director_Bldg; service=(null);
[1574918948] wproc:   early_timeout=1; exited_ok=0; wait_status=0; error_code=62;
[1574918948] Warning: Check of host 'Director_Bldg' timed out after 30.01 seconds
[1574918948] HOST ALERT: Director_Bldg;DOWN;SOFT;6;(Host check timed out after 30.01 seconds)
[1574918949] wproc: Core Worker 1462: job 114976 (pid=20000): Dormant child reaped
[1574918954] wproc: Core Worker 1460: job 114976 (pid=20002) timed out. Killing it
[1574918954] wproc: CHECK job 114976 from worker Core Worker 1460 timed out after 30.02s
[1574918954] wproc:   host=Director_Resident; service=(null);
[1574918954] wproc:   early_timeout=1; exited_ok=0; wait_status=0; error_code=62;
[1574918954] Warning: Check of host 'Director_Resident' timed out after 30.02 seconds
[1574918954] HOST ALERT: Director_Resident;DOWN;SOFT;2;(Host check timed out after 30.02 seconds)
[1574918954] wproc: Core Worker 1460: job 114976 (pid=20002): Dormant child reaped
[1574919038] wproc: Core Worker 1462: job 114979 (pid=20178) timed out. Killing it
[1574919038] wproc: CHECK job 114979 from worker Core Worker 1462 timed out after 30.01s
[1574919038] wproc:   host=Director_Bldg; service=(null);
[1574919038] wproc:   early_timeout=1; exited_ok=0; wait_status=0; error_code=62;
[1574919038] Warning: Check of host 'Director_Bldg' timed out after 30.01 seconds
[1574919038] HOST ALERT: Director_Bldg;DOWN;SOFT;7;(Host check timed out after 30.01 seconds)
[1574919039] wproc: Core Worker 1462: job 114979 (pid=20178): Dormant child reaped
[1574919044] wproc: Core Worker 1461: job 114979 (pid=20182) timed out. Killing it
[1574919044] wproc: CHECK job 114979 from worker Core Worker 1461 timed out after 30.01s
[1574919044] wproc:   host=Director_Resident; service=(null);
[1574919044] wproc:   early_timeout=1; exited_ok=0; wait_status=0; error_code=62;
[1574919044] Warning: Check of host 'Director_Resident' timed out after 30.01 seconds
[1574919044] HOST ALERT: Director_Resident;DOWN;SOFT;3;(Host check timed out after 30.01 seconds)
[1574919044] wproc: Core Worker 1461: job 114979 (pid=20182): Dormant child reaped
[1574919128] wproc: Core Worker 1462: job 114985 (pid=20263) timed out. Killing it
[1574919128] wproc: CHECK job 114985 from worker Core Worker 1462 timed out after 30.01s
[1574919128] wproc:   host=Director_Bldg; service=(null);
[1574919128] wproc:   early_timeout=1; exited_ok=0; wait_status=0; error_code=62;
[1574919128] Warning: Check of host 'Director_Bldg' timed out after 30.01 seconds
[1574919128] HOST ALERT: Director_Bldg;DOWN;SOFT;8;(Host check timed out after 30.01 seconds)
[1574919129] wproc: Core Worker 1462: job 114985 (pid=20263): Dormant child reaped
[1574919134] wproc: Core Worker 1460: job 114985 (pid=20265) timed out. Killing it
[1574919134] wproc: CHECK job 114985 from worker Core Worker 1460 timed out after 30.03s
[1574919134] wproc:   host=Director_Resident; service=(null);
[1574919134] wproc:   early_timeout=1; exited_ok=0; wait_status=0; error_code=62;
[1574919134] Warning: Check of host 'Director_Resident' timed out after 30.03 seconds
[1574919134] HOST ALERT: Director_Resident;DOWN;SOFT;4;(Host check timed out after 30.03 seconds)
[1574919134] wproc: Core Worker 1460: job 114985 (pid=20265): Dormant child reaped
[1574919219] wproc: Core Worker 1461: job 114987 (pid=20292) timed out. Killing it
[1574919219] wproc: CHECK job 114987 from worker Core Worker 1461 timed out after 30.03s
[1574919219] wproc:   host=Director_Bldg; service=(null);
[1574919219] wproc:   early_timeout=1; exited_ok=0; wait_status=0; error_code=62;
[1574919219] Warning: Check of host 'Director_Bldg' timed out after 30.03 seconds
[1574919219] HOST ALERT: Director_Bldg;DOWN;SOFT;9;(Host check timed out after 30.03 seconds)
[1574919219] wproc: Core Worker 1461: job 114987 (pid=20292): Dormant child reaped
[1574919224] wproc: Core Worker 1459: job 114987 (pid=20294) timed out. Killing it
[1574919224] wproc: CHECK job 114987 from worker Core Worker 1459 timed out after 30.03s
[1574919224] wproc:   host=Director_Resident; service=(null);
[1574919224] wproc:   early_timeout=1; exited_ok=0; wait_status=0; error_code=62;
[1574919224] Warning: Check of host 'Director_Resident' timed out after 30.03 seconds
[1574919224] HOST ALERT: Director_Resident;DOWN;SOFT;5;(Host check timed out after 30.03 seconds)
[1574919224] wproc: Core Worker 1459: job 114987 (pid=20294): Dormant child reaped
[1574919309] wproc: Core Worker 1459: job 114989 (pid=20326) timed out. Killing it
[1574919309] wproc: CHECK job 114989 from worker Core Worker 1459 timed out after 30.01s
[1574919309] wproc:   host=Director_Bldg; service=(null);
[1574919309] wproc:   early_timeout=1; exited_ok=0; wait_status=0; error_code=62;
[1574919309] Warning: Check of host 'Director_Bldg' timed out after 30.01 seconds
[1574919309] HOST NOTIFICATION: nagiosadmin;Director_Bldg;DOWN;notify-host-by-email;(Host check timed out after 30.01 seconds)
[1574919309] HOST ALERT: Director_Bldg;DOWN;HARD;10;(Host check timed out after 30.01 seconds)
[1574919309] wproc: Core Worker 1459: job 114989 (pid=20326): Dormant child reaped
[1574919314] wproc: Core Worker 1460: job 114990 (pid=20331) timed out. Killing it
[1574919314] wproc: CHECK job 114990 from worker Core Worker 1460 timed out after 30.01s
[1574919314] wproc:   host=Director_Resident; service=(null);
[1574919314] wproc:   early_timeout=1; exited_ok=0; wait_status=0; error_code=62;
[1574919314] Warning: Check of host 'Director_Resident' timed out after 30.01 seconds
[1574919314] HOST ALERT: Director_Resident;DOWN;SOFT;6;(Host check timed out after 30.01 seconds)
[1574919314] wproc: Core Worker 1460: job 114990 (pid=20331): Dormant child reaped
[1574919404] wproc: Core Worker 1460: job 114994 (pid=20512) timed out. Killing it
[1574919404] wproc: CHECK job 114994 from worker Core Worker 1460 timed out after 30.02s
[1574919404] wproc:   host=Director_Resident; service=(null);
[1574919404] wproc:   early_timeout=1; exited_ok=0; wait_status=0; error_code=62;
[1574919404] Warning: Check of host 'Director_Resident' timed out after 30.02 seconds
[1574919404] HOST ALERT: Director_Resident;DOWN;SOFT;7;(Host check timed out after 30.02 seconds)
[1574919404] wproc: Core Worker 1460: job 114994 (pid=20512): Dormant child reaped
[1574919494] wproc: Core Worker 1462: job 114996 (pid=20543) timed out. Killing it
[1574919494] wproc: CHECK job 114996 from worker Core Worker 1462 timed out after 30.03s
[1574919494] wproc:   host=Director_Resident; service=(null);
[1574919494] wproc:   early_timeout=1; exited_ok=0; wait_status=0; error_code=62;
[1574919494] Warning: Check of host 'Director_Resident' timed out after 30.03 seconds
[1574919494] HOST ALERT: Director_Resident;DOWN;SOFT;8;(Host check timed out after 30.03 seconds)
[1574919494] wproc: Core Worker 1462: job 114996 (pid=20543): Dormant child reaped
[1574919584] wproc: Core Worker 1459: job 114997 (pid=20566) timed out. Killing it
[1574919584] wproc: CHECK job 114997 from worker Core Worker 1459 timed out after 30.01s
[1574919584] wproc:   host=Director_Resident; service=(null);
[1574919584] wproc:   early_timeout=1; exited_ok=0; wait_status=0; error_code=62;
[1574919584] Warning: Check of host 'Director_Resident' timed out after 30.01 seconds
[1574919584] HOST ALERT: Director_Resident;DOWN;SOFT;9;(Host check timed out after 30.01 seconds)
[1574919584] wproc: Core Worker 1459: job 114997 (pid=20566): Dormant child reaped
[1574919620] Auto-save of retention data completed successfully.
[1574919639] wproc: Core Worker 1462: job 115000 (pid=20738) timed out. Killing it
[1574919639] wproc: CHECK job 115000 from worker Core Worker 1462 timed out after 30.01s
[1574919639] wproc:   host=Director_Bldg; service=(null);
[1574919639] wproc:   early_timeout=1; exited_ok=0; wait_status=0; error_code=62;
[1574919639] Warning: Check of host 'Director_Bldg' timed out after 30.01 seconds
[1574919639] wproc: Core Worker 1462: job 115000 (pid=20738): Dormant child reaped
[1574919674] wproc: Core Worker 1460: job 115005 (pid=20780) timed out. Killing it
[1574919674] wproc: CHECK job 115005 from worker Core Worker 1460 timed out after 30.03s
[1574919674] wproc:   host=Director_Resident; service=(null);
[1574919674] wproc:   early_timeout=1; exited_ok=0; wait_status=0; error_code=62;
[1574919674] Warning: Check of host 'Director_Resident' timed out after 30.03 seconds
[1574919674] HOST NOTIFICATION: nagiosadmin;Director_Resident;DOWN;notify-host-by-email;(Host check timed out after 30.03 seconds)
[1574919674] HOST ALERT: Director_Resident;DOWN;HARD;10;(Host check timed out after 30.03 seconds)
[1574919674] wproc: Core Worker 1460: job 115005 (pid=20780): Dormant child reaped
[1574919939] wproc: Core Worker 1460: job 115011 (pid=21004) timed out. Killing it
[1574919939] wproc: CHECK job 115011 from worker Core Worker 1460 timed out after 30.01s
[1574919939] wproc:   host=Director_Bldg; service=(null);
[1574919939] wproc:   early_timeout=1; exited_ok=0; wait_status=0; error_code=62;
[1574919939] Warning: Check of host 'Director_Bldg' timed out after 30.01 seconds
[1574919939] wproc: Core Worker 1460: job 115011 (pid=21004): Dormant child reaped
[1574920004] wproc: Core Worker 1462: job 115014 (pid=21034) timed out. Killing it
[1574920004] wproc: CHECK job 115014 from worker Core Worker 1462 timed out after 30.03s
[1574920004] wproc:   host=Director_Resident; service=(null);
[1574920004] wproc:   early_timeout=1; exited_ok=0; wait_status=0; error_code=62;
[1574920004] Warning: Check of host 'Director_Resident' timed out after 30.03 seconds
[1574920004] wproc: Core Worker 1462: job 115014 (pid=21034): Dormant child reaped
[1574920239] wproc: Core Worker 1460: job 115019 (pid=21254) timed out. Killing it
[1574920239] wproc: CHECK job 115019 from worker Core Worker 1460 timed out after 30.01s
[1574920239] wproc:   host=Director_Bldg; service=(null);
[1574920239] wproc:   early_timeout=1; exited_ok=0; wait_status=0; error_code=62;
[1574920239] Warning: Check of host 'Director_Bldg' timed out after 30.01 seconds
[1574920239] wproc: Core Worker 1460: job 115019 (pid=21254): Dormant child reaped
[1574920304] wproc: Core Worker 1459: job 115024 (pid=21298) timed out. Killing it
[1574920304] wproc: CHECK job 115024 from worker Core Worker 1459 timed out after 30.01s
[1574920304] wproc:   host=Director_Resident; service=(null);
[1574920304] wproc:   early_timeout=1; exited_ok=0; wait_status=0; error_code=62;
[1574920304] Warning: Check of host 'Director_Resident' timed out after 30.01 seconds
[1574920304] wproc: Core Worker 1459: job 115024 (pid=21298): Dormant child reaped
[1574920539] wproc: Core Worker 1460: job 115030 (pid=21514) timed out. Killing it
[1574920539] wproc: CHECK job 115030 from worker Core Worker 1460 timed out after 30.01s
[1574920539] wproc:   host=Director_Bldg; service=(null);
[1574920539] wproc:   early_timeout=1; exited_ok=0; wait_status=0; error_code=62;
[1574920539] Warning: Check of host 'Director_Bldg' timed out after 30.01 seconds
[1574920539] wproc: Core Worker 1460: job 115030 (pid=21514): Dormant child reaped
[1574920604] wproc: Core Worker 1462: job 115033 (pid=21542) timed out. Killing it
[1574920604] wproc: CHECK job 115033 from worker Core Worker 1462 timed out after 30.03s
[1574920604] wproc:   host=Director_Resident; service=(null);
[1574920604] wproc:   early_timeout=1; exited_ok=0; wait_status=0; error_code=62;
[1574920604] Warning: Check of host 'Director_Resident' timed out after 30.03 seconds
[1574920604] wproc: Core Worker 1462: job 115033 (pid=21542): Dormant child reaped
[1574920839] wproc: Core Worker 1460: job 115038 (pid=21765) timed out. Killing it
[1574920839] wproc: CHECK job 115038 from worker Core Worker 1460 timed out after 30.01s
[1574920839] wproc:   host=Director_Bldg; service=(null);
[1574920839] wproc:   early_timeout=1; exited_ok=0; wait_status=0; error_code=62;
[1574920839] Warning: Check of host 'Director_Bldg' timed out after 30.01 seconds
[1574920839] wproc: Core Worker 1460: job 115038 (pid=21765): Dormant child reaped
[1574920904] wproc: Core Worker 1459: job 115043 (pid=21809) timed out. Killing it
[1574920904] wproc: CHECK job 115043 from worker Core Worker 1459 timed out after 30.01s
[1574920904] wproc:   host=Director_Resident; service=(null);
[1574920904] wproc:   early_timeout=1; exited_ok=0; wait_status=0; error_code=62;
[1574920904] Warning: Check of host 'Director_Resident' timed out after 30.01 seconds
[1574920904] wproc: Core Worker 1459: job 115043 (pid=21809): Dormant child reaped
[1574921139] wproc: Core Worker 1460: job 115049 (pid=22025) timed out. Killing it
[1574921139] wproc: CHECK job 115049 from worker Core Worker 1460 timed out after 30.01s
[1574921139] wproc:   host=Director_Bldg; service=(null);
[1574921139] wproc:   early_timeout=1; exited_ok=0; wait_status=0; error_code=62;
[1574921139] Warning: Check of host 'Director_Bldg' timed out after 30.01 seconds
[1574921139] HOST NOTIFICATION: nagiosadmin;Director_Bldg;DOWN;notify-host-by-email;(Host check timed out after 30.01 seconds)
[1574921139] wproc: Core Worker 1460: job 115049 (pid=22025): Dormant child reaped
[1574921204] wproc: Core Worker 1460: job 115052 (pid=22061) timed out. Killing it
[1574921204] wproc: CHECK job 115052 from worker Core Worker 1460 timed out after 30.02s
[1574921204] wproc:   host=Director_Resident; service=(null);
[1574921204] wproc:   early_timeout=1; exited_ok=0; wait_status=0; error_code=62;
[1574921204] Warning: Check of host 'Director_Resident' timed out after 30.02 seconds
[1574921204] wproc: Core Worker 1460: job 115052 (pid=22061): Dormant child reaped
[1574921439] wproc: Core Worker 1461: job 115057 (pid=22279) timed out. Killing it
[1574921439] wproc: CHECK job 115057 from worker Core Worker 1461 timed out after 30.01s
[1574921439] wproc:   host=Director_Bldg; service=(null);
[1574921439] wproc:   early_timeout=1; exited_ok=0; wait_status=0; error_code=62;
[1574921439] Warning: Check of host 'Director_Bldg' timed out after 30.01 seconds
[1574921439] wproc: Core Worker 1461: job 115057 (pid=22279): Dormant child reaped
[1574921504] wproc: Core Worker 1462: job 115063 (pid=22322) timed out. Killing it
[1574921504] wproc: CHECK job 115063 from worker Core Worker 1462 timed out after 30.03s
[1574921504] wproc:   host=Director_Resident; service=(null);
[1574921504] wproc:   early_timeout=1; exited_ok=0; wait_status=0; error_code=62;
[1574921504] Warning: Check of host 'Director_Resident' timed out after 30.03 seconds
[1574921504] HOST NOTIFICATION: nagiosadmin;Director_Resident;DOWN;notify-host-by-email;(Host check timed out after 30.03 seconds)
[1574921504] wproc: Core Worker 1462: job 115063 (pid=22322): Dormant child reaped
[1574921739] wproc: Core Worker 1459: job 115068 (pid=22542) timed out. Killing it
[1574921739] wproc: CHECK job 115068 from worker Core Worker 1459 timed out after 30.01s
[1574921739] wproc:   host=Director_Bldg; service=(null);
[1574921739] wproc:   early_timeout=1; exited_ok=0; wait_status=0; error_code=62;
[1574921739] Warning: Check of host 'Director_Bldg' timed out after 30.01 seconds
[1574921739] wproc: Core Worker 1459: job 115068 (pid=22542): Dormant child reaped
[1574921804] wproc: Core Worker 1461: job 115071 (pid=22570) timed out. Killing it
[1574921804] wproc: CHECK job 115071 from worker Core Worker 1461 timed out after 30.01s
[1574921804] wproc:   host=Director_Resident; service=(null);
[1574921804] wproc:   early_timeout=1; exited_ok=0; wait_status=0; error_code=62;
[1574921804] Warning: Check of host 'Director_Resident' timed out after 30.01 seconds
[1574921804] wproc: Core Worker 1461: job 115071 (pid=22570): Dormant child reaped
[1574922039] wproc: Core Worker 1459: job 115076 (pid=22787) timed out. Killing it
[1574922039] wproc: CHECK job 115076 from worker Core Worker 1459 timed out after 30.01s
[1574922039] wproc:   host=Director_Bldg; service=(null);
[1574922039] wproc:   early_timeout=1; exited_ok=0; wait_status=0; error_code=62;
[1574922039] Warning: Check of host 'Director_Bldg' timed out after 30.01 seconds
[1574922039] wproc: Core Worker 1459: job 115076 (pid=22787): Dormant child reaped
[1574922104] wproc: Core Worker 1460: job 115082 (pid=22831) timed out. Killing it
[1574922104] wproc: CHECK job 115082 from worker Core Worker 1460 timed out after 30.02s
[1574922104] wproc:   host=Director_Resident; service=(null);
[1574922104] wproc:   early_timeout=1; exited_ok=0; wait_status=0; error_code=62;
[1574922104] Warning: Check of host 'Director_Resident' timed out after 30.02 seconds
[1574922104] wproc: Core Worker 1460: job 115082 (pid=22831): Dormant child reaped
[1574922339] wproc: Core Worker 1459: job 115087 (pid=23044) timed out. Killing it
[1574922339] wproc: CHECK job 115087 from worker Core Worker 1459 timed out after 30.01s
[1574922339] wproc:   host=Director_Bldg; service=(null);
[1574922339] wproc:   early_timeout=1; exited_ok=0; wait_status=0; error_code=62;
[1574922339] Warning: Check of host 'Director_Bldg' timed out after 30.01 seconds
[1574922339] wproc: Core Worker 1459: job 115087 (pid=23044): Dormant child reaped
[1574922379] HOST NOTIFICATION: nagiosadmin;Director_Resident;UP;notify-host-by-email;PING OK - Packet loss = 20%, RTA = 1.81 ms
[1574922379] HOST ALERT: Director_Resident;UP;HARD;1;PING OK - Packet loss = 20%, RTA = 1.81 ms
[1574922492] SERVICE ALERT: Director_Resident;check-host-alive;OK;SOFT;1;PING OK - Packet loss = 0%, RTA = 0.66 ms
[1574922613] HOST NOTIFICATION: nagiosadmin;Director_Bldg;UP;notify-host-by-email;PING OK - Packet loss = 0%, RTA = 0.55 ms
[1574922613] HOST ALERT: Director_Bldg;UP;HARD;1;PING OK - Packet loss = 0%, RTA = 0.55 ms
[1574922792] SERVICE ALERT: Director_Bldg;check-host-alive;OK;HARD;3;PING OK - Packet loss = 0%, RTA = 0.58 ms
[1574923220] Auto-save of retention data completed successfully.
[1574926820] Auto-save of retention data completed successfully.
[1574930420] Auto-save of retention data completed successfully.
[1574934020] Auto-save of retention data completed successfully.
[1574937620] Auto-save of retention data completed successfully.
[1574941220] Auto-save of retention data completed successfully.
[1574944820] Auto-save of retention data completed successfully.
[1574948420] Auto-save of retention data completed successfully.
[1574952020] Auto-save of retention data completed successfully.
[1574955620] Auto-save of retention data completed successfully.
[1574959220] Auto-save of retention data completed successfully.
[1574962820] Auto-save of retention data completed successfully.
