[1590517800] LOG ROTATION: DAILY
[1590517800] LOG VERSION: 2.0
[1590517800] CURRENT HOST STATE: AP_Main_Bldg;UP;HARD;1;PING OK - Packet loss = 0%, RTA = 0.73 ms
[1590517800] CURRENT HOST STATE: Director_Bldg;UP;HARD;1;PING OK - Packet loss = 0%, RTA = 0.58 ms
[1590517800] CURRENT HOST STATE: Director_Resident;UP;HARD;1;PING OK - Packet loss = 0%, RTA = 0.64 ms
[1590517800] CURRENT HOST STATE: esxi01;UP;HARD;1;PING OK - Packet loss = 0%, RTA = 0.51 ms
[1590517800] CURRENT HOST STATE: esxi02;UP;HARD;1;PING OK - Packet loss = 0%, RTA = 0.41 ms
[1590517800] CURRENT HOST STATE: esxi03;UP;HARD;1;PING OK - Packet loss = 0%, RTA = 0.41 ms
[1590517800] CURRENT HOST STATE: esxi04;UP;HARD;1;PING OK - Packet loss = 0%, RTA = 0.80 ms
[1590517800] CURRENT HOST STATE: esxi05;UP;HARD;1;PING OK - Packet loss = 0%, RTA = 0.41 ms
[1590517800] CURRENT HOST STATE: esxi06;UP;HARD;1;PING OK - Packet loss = 0%, RTA = 0.43 ms
[1590517800] CURRENT HOST STATE: esxi07;UP;HARD;1;PING OK - Packet loss = 0%, RTA = 0.52 ms
[1590517800] CURRENT HOST STATE: esxi08;UP;HARD;1;PING OK - Packet loss = 0%, RTA = 0.36 ms
[1590517800] CURRENT HOST STATE: esxi09;UP;HARD;1;PING OK - Packet loss = 0%, RTA = 0.47 ms
[1590517800] CURRENT HOST STATE: localhost;UP;HARD;1;PING OK - Packet loss = 0%, RTA = 0.03 ms
[1590517800] CURRENT HOST STATE: vmware10gswitch;UP;HARD;1;PING OK - Packet loss = 0%, RTA = 1.26 ms
[1590517800] CURRENT HOST STATE: vmwaremgmtswitch;UP;HARD;1;PING OK - Packet loss = 0%, RTA = 0.89 ms
[1590517800] CURRENT SERVICE STATE: AP_Main_Bldg;check-host-alive;OK;HARD;1;PING OK - Packet loss = 0%, RTA = 0.80 ms
[1590517800] CURRENT SERVICE STATE: Director_Bldg;check-host-alive;OK;HARD;1;PING OK - Packet loss = 0%, RTA = 0.63 ms
[1590517800] CURRENT SERVICE STATE: Director_Resident;check-host-alive;OK;HARD;1;PING OK - Packet loss = 0%, RTA = 0.68 ms
[1590517800] CURRENT SERVICE STATE: esxi01;ESXi Hardware Check;OK;HARD;1;OK - Server: Cisco Systems Inc UCSC-C220-M4S s/n: FCH22157EQH Chassis S/N: FCH2216V0WN  System BIOS: C220M4.3.0.4a.0.0226182253 2018-02-26
[1590517800] CURRENT SERVICE STATE: esxi01;PING;OK;HARD;1;PING OK - Packet loss = 0%, RTA = 0.43 ms
[1590517800] CURRENT SERVICE STATE: esxi02;ESXi Hardware Check;OK;HARD;1;OK - Server: Cisco Systems Inc UCSC-C220-M4S s/n: FCH22157E1D Chassis S/N: FCH2216V0Y6  System BIOS: C220M4.3.0.4a.0.0226182253 2018-02-26
[1590517800] CURRENT SERVICE STATE: esxi02;PING;OK;HARD;1;PING OK - Packet loss = 0%, RTA = 0.43 ms
[1590517800] CURRENT SERVICE STATE: esxi03;ESXi Hardware Check;OK;HARD;1;OK - Server: Cisco Systems Inc UCSC-C220-M4S s/n: FCH22157ESB Chassis S/N: FCH2216V0TW  System BIOS: C220M4.3.0.4a.0.0226182253 2018-02-26
[1590517800] CURRENT SERVICE STATE: esxi03;PING;OK;HARD;1;PING OK - Packet loss = 0%, RTA = 0.38 ms
[1590517800] CURRENT SERVICE STATE: esxi04;ESXi Hardware Check;OK;HARD;1;OK - Server: Cisco Systems Inc UCSC-C220-M4S s/n: FCH22137QKB Chassis S/N: FCH2216V0YZ  System BIOS: C220M4.3.0.4a.0.0226182253 2018-02-26
[1590517800] CURRENT SERVICE STATE: esxi04;PING;OK;HARD;1;PING OK - Packet loss = 0%, RTA = 0.43 ms
[1590517800] CURRENT SERVICE STATE: esxi05;ESXi Hardware Check;OK;HARD;1;OK - Server: Cisco Systems Inc UCSC-C220-M4S s/n: FCH22157EPD Chassis S/N: FCH2216V0Z0  System BIOS: C220M4.3.0.4a.0.0226182253 2018-02-26
[1590517800] CURRENT SERVICE STATE: esxi05;PING;OK;HARD;1;PING OK - Packet loss = 0%, RTA = 0.47 ms
[1590517800] CURRENT SERVICE STATE: esxi06;ESXi Haradware Check;OK;HARD;1;OK - Server: Cisco Systems Inc UCSC-C220-M4S s/n: FCH22157ERW Chassis S/N: FCH2216V0X8  System BIOS: C220M4.3.0.4a.0.0226182253 2018-02-26
[1590517800] CURRENT SERVICE STATE: esxi06;PING;OK;HARD;1;PING OK - Packet loss = 0%, RTA = 0.69 ms
[1590517800] CURRENT SERVICE STATE: esxi07;ESXi Hardware Check;OK;HARD;1;OK - Server: Cisco Systems Inc UCSC-C220-M4S s/n: FCH22157EV7 Chassis S/N: FCH2216V0Y8  System BIOS: C220M4.3.0.4a.0.0226182253 2018-02-26
[1590517800] CURRENT SERVICE STATE: esxi07;PING;OK;HARD;1;PING OK - Packet loss = 0%, RTA = 0.52 ms
[1590517800] CURRENT SERVICE STATE: esxi08;ESXi Hardware Check;OK;HARD;1;OK - Server: Cisco Systems Inc UCSC-C220-M4S s/n: FCH22137QJN Chassis S/N: FCH2216V0YV  System BIOS: C220M4.3.0.4a.0.0226182253 2018-02-26
[1590517800] CURRENT SERVICE STATE: esxi08;PING;OK;HARD;1;PING OK - Packet loss = 0%, RTA = 0.39 ms
[1590517800] CURRENT SERVICE STATE: esxi09;ESXi Hardware Check;OK;HARD;1;OK - Server: Cisco Systems Inc UCSC-C220-M4S s/n: FCH22157ERY Chassis S/N: FCH2216V0YN  System BIOS: C220M4.3.0.4a.0.0226182253 2018-02-26
[1590517800] CURRENT SERVICE STATE: esxi09;PING;OK;HARD;1;PING OK - Packet loss = 0%, RTA = 0.45 ms
[1590517800] CURRENT SERVICE STATE: localhost;Current Load;OK;HARD;1;OK - load average: 0.00, 0.03, 0.05
[1590517800] CURRENT SERVICE STATE: localhost;Current Users;OK;HARD;1;USERS OK - 0 users currently logged in
[1590517800] CURRENT SERVICE STATE: localhost;PING;OK;HARD;1;PING OK - Packet loss = 0%, RTA = 0.03 ms
[1590517800] CURRENT SERVICE STATE: localhost;Root Partition;OK;HARD;1;DISK OK - free space: / 42833 MB (83.69% inode=99%):
[1590517800] CURRENT SERVICE STATE: localhost;SSH;OK;HARD;1;SSH OK - OpenSSH_7.4 (protocol 2.0)
[1590517800] CURRENT SERVICE STATE: localhost;Swap Usage;OK;HARD;1;SWAP OK - 100% free (3967 MB out of 3967 MB)
[1590517800] CURRENT SERVICE STATE: localhost;Total Processes;OK;HARD;1;PROCS OK: 82 processes with STATE = RSZDT
[1590517800] CURRENT SERVICE STATE: vmware10gswitch;check-host-alive;OK;HARD;1;PING OK - Packet loss = 0%, RTA = 1.79 ms
[1590517800] CURRENT SERVICE STATE: vmwaremgmtswitch;check-host-alive;OK;HARD;1;PING OK - Packet loss = 0%, RTA = 2.91 ms
[1590520085] Auto-save of retention data completed successfully.
[1590523685] Auto-save of retention data completed successfully.
[1590523843] SERVICE ALERT: esxi09;PING;WARNING;SOFT;1;PING WARNING - Packet loss = 20%, RTA = 0.41 ms
[1590523907] SERVICE ALERT: esxi09;PING;OK;SOFT;2;PING OK - Packet loss = 0%, RTA = 0.35 ms
[1590527285] Auto-save of retention data completed successfully.
[1590530885] Auto-save of retention data completed successfully.
[1590534485] Auto-save of retention data completed successfully.
[1590538085] Auto-save of retention data completed successfully.
[1590541685] Auto-save of retention data completed successfully.
[1590545285] Auto-save of retention data completed successfully.
[1590548885] Auto-save of retention data completed successfully.
[1590552485] Auto-save of retention data completed successfully.
[1590556085] Auto-save of retention data completed successfully.
[1590559685] Auto-save of retention data completed successfully.
[1590563285] Auto-save of retention data completed successfully.
[1590566885] Auto-save of retention data completed successfully.
[1590570485] Auto-save of retention data completed successfully.
[1590574085] Auto-save of retention data completed successfully.
[1590574372] SERVICE ALERT: esxi09;PING;WARNING;SOFT;1;PING WARNING - Packet loss = 40%, RTA = 11.34 ms
[1590574437] SERVICE ALERT: esxi09;PING;WARNING;SOFT;2;PING WARNING - Packet loss = 20%, RTA = 12.72 ms
[1590574460] SERVICE ALERT: esxi08;PING;WARNING;SOFT;1;PING WARNING - Packet loss = 20%, RTA = 17.72 ms
[1590574501] SERVICE ALERT: esxi09;PING;OK;SOFT;3;PING OK - Packet loss = 0%, RTA = 9.88 ms
[1590574525] SERVICE ALERT: esxi08;PING;WARNING;SOFT;2;PING WARNING - Packet loss = 20%, RTA = 0.28 ms
[1590574567] SERVICE ALERT: esxi09;PING;WARNING;SOFT;1;PING WARNING - Packet loss = 20%, RTA = 8.48 ms
[1590574590] SERVICE ALERT: esxi08;PING;WARNING;SOFT;3;PING WARNING - Packet loss = 40%, RTA = 10.91 ms
[1590574631] SERVICE ALERT: esxi09;PING;OK;SOFT;2;PING OK - Packet loss = 0%, RTA = 10.17 ms
[1590574655] SERVICE NOTIFICATION: nagiosadmin;esxi08;PING;WARNING;notify-service-by-email;PING WARNING - Packet loss = 20%, RTA = 8.06 ms
[1590574655] SERVICE ALERT: esxi08;PING;WARNING;HARD;4;PING WARNING - Packet loss = 20%, RTA = 8.06 ms
[1590574696] SERVICE ALERT: esxi09;PING;CRITICAL;SOFT;1;PING CRITICAL - Packet loss = 80%, RTA = 16.99 ms
[1590574760] SERVICE ALERT: esxi09;PING;OK;SOFT;2;PING OK - Packet loss = 0%, RTA = 16.57 ms
[1590574959] SERVICE NOTIFICATION: nagiosadmin;esxi08;PING;OK;notify-service-by-email;PING OK - Packet loss = 0%, RTA = 0.44 ms
[1590574959] SERVICE ALERT: esxi08;PING;OK;HARD;4;PING OK - Packet loss = 0%, RTA = 0.44 ms
[1590575125] SERVICE ALERT: esxi09;PING;WARNING;SOFT;1;PING WARNING - Packet loss = 40%, RTA = 11.28 ms
[1590575190] SERVICE ALERT: esxi09;PING;WARNING;SOFT;2;PING WARNING - Packet loss = 40%, RTA = 16.25 ms
[1590575254] SERVICE ALERT: esxi09;PING;OK;SOFT;3;PING OK - Packet loss = 0%, RTA = 7.02 ms
[1590575319] SERVICE ALERT: esxi09;PING;WARNING;SOFT;1;PING WARNING - Packet loss = 20%, RTA = 12.33 ms
[1590575384] SERVICE ALERT: esxi09;PING;WARNING;SOFT;2;PING WARNING - Packet loss = 20%, RTA = 10.63 ms
[1590575448] SERVICE ALERT: esxi09;PING;OK;SOFT;3;PING OK - Packet loss = 0%, RTA = 12.71 ms
[1590575864] SERVICE ALERT: esxi08;PING;CRITICAL;SOFT;1;PING CRITICAL - Packet loss = 60%, RTA = 0.33 ms
[1590575929] SERVICE ALERT: esxi08;PING;WARNING;SOFT;2;PING WARNING - Packet loss = 20%, RTA = 14.00 ms
[1590575993] SERVICE ALERT: esxi08;PING;OK;SOFT;3;PING OK - Packet loss = 0%, RTA = 0.31 ms
[1590576658] SERVICE ALERT: esxi08;PING;WARNING;SOFT;1;PING WARNING - Packet loss = 20%, RTA = 14.11 ms
[1590576713] SERVICE ALERT: esxi09;PING;WARNING;SOFT;1;PING WARNING - Packet loss = 40%, RTA = 11.32 ms
[1590576723] SERVICE ALERT: esxi08;PING;WARNING;SOFT;2;PING WARNING - Packet loss = 20%, RTA = 15.72 ms
[1590576777] SERVICE ALERT: esxi09;PING;OK;SOFT;2;PING OK - Packet loss = 0%, RTA = 10.01 ms
[1590576788] SERVICE ALERT: esxi08;PING;WARNING;SOFT;3;PING WARNING - Packet loss = 40%, RTA = 15.90 ms
[1590576842] SERVICE ALERT: esxi09;PING;WARNING;SOFT;1;PING WARNING - Packet loss = 20%, RTA = 16.42 ms
[1590576853] SERVICE ALERT: esxi08;PING;OK;HARD;4;PING OK - Packet loss = 0%, RTA = 13.58 ms
[1590576907] SERVICE ALERT: esxi09;PING;WARNING;SOFT;2;PING WARNING - Packet loss = 40%, RTA = 11.28 ms
[1590576972] SERVICE ALERT: esxi09;PING;WARNING;SOFT;3;PING WARNING - Packet loss = 20%, RTA = 12.46 ms
[1590577037] SERVICE NOTIFICATION: nagiosadmin;esxi09;PING;WARNING;notify-service-by-email;PING WARNING - Packet loss = 20%, RTA = 17.01 ms
[1590577037] SERVICE ALERT: esxi09;PING;WARNING;HARD;4;PING WARNING - Packet loss = 20%, RTA = 17.01 ms
[1590577341] SERVICE NOTIFICATION: nagiosadmin;esxi09;PING;OK;notify-service-by-email;PING OK - Packet loss = 0%, RTA = 0.31 ms
[1590577341] SERVICE ALERT: esxi09;PING;OK;HARD;4;PING OK - Packet loss = 0%, RTA = 0.31 ms
[1590577685] Auto-save of retention data completed successfully.
[1590581285] Auto-save of retention data completed successfully.
[1590584885] Auto-save of retention data completed successfully.
[1590588485] Auto-save of retention data completed successfully.
[1590592085] Auto-save of retention data completed successfully.
[1590595685] Auto-save of retention data completed successfully.
[1590599285] Auto-save of retention data completed successfully.
[1590602885] Auto-save of retention data completed successfully.
