[1602441000] LOG ROTATION: DAILY
[1602441000] LOG VERSION: 2.0
[1602441000] CURRENT HOST STATE: AP_Main_Bldg;UP;HARD;1;PING OK - Packet loss = 0%, RTA = 0.76 ms
[1602441000] CURRENT HOST STATE: Director_Bldg;DOWN;HARD;10;(Host check timed out after 30.01 seconds)
[1602441000] CURRENT HOST STATE: Director_Resident;UP;HARD;1;PING OK - Packet loss = 0%, RTA = 0.87 ms
[1602441000] CURRENT HOST STATE: esxi01;UP;HARD;1;PING OK - Packet loss = 0%, RTA = 0.48 ms
[1602441000] CURRENT HOST STATE: esxi02;UP;HARD;1;PING OK - Packet loss = 0%, RTA = 0.49 ms
[1602441000] CURRENT HOST STATE: esxi03;UP;HARD;1;PING OK - Packet loss = 0%, RTA = 0.37 ms
[1602441000] CURRENT HOST STATE: esxi04;UP;HARD;1;PING OK - Packet loss = 0%, RTA = 0.61 ms
[1602441000] CURRENT HOST STATE: esxi05;UP;HARD;1;PING OK - Packet loss = 0%, RTA = 0.46 ms
[1602441000] CURRENT HOST STATE: esxi06;UP;HARD;1;PING OK - Packet loss = 0%, RTA = 0.41 ms
[1602441000] CURRENT HOST STATE: esxi07;UP;HARD;1;PING OK - Packet loss = 0%, RTA = 0.42 ms
[1602441000] CURRENT HOST STATE: esxi08;UP;HARD;1;PING OK - Packet loss = 0%, RTA = 0.38 ms
[1602441000] CURRENT HOST STATE: esxi09;UP;HARD;1;PING OK - Packet loss = 0%, RTA = 0.51 ms
[1602441000] CURRENT HOST STATE: localhost;UP;HARD;1;PING OK - Packet loss = 0%, RTA = 0.04 ms
[1602441000] CURRENT HOST STATE: vmware10gswitch;UP;HARD;1;PING OK - Packet loss = 0%, RTA = 1.29 ms
[1602441000] CURRENT HOST STATE: vmwaremgmtswitch;UP;HARD;1;PING OK - Packet loss = 0%, RTA = 1.92 ms
[1602441000] CURRENT SERVICE STATE: AP_Main_Bldg;check-host-alive;OK;HARD;1;PING OK - Packet loss = 0%, RTA = 0.78 ms
[1602441000] CURRENT SERVICE STATE: Director_Bldg;check-host-alive;CRITICAL;HARD;1;CRITICAL - Plugin timed out
[1602441000] CURRENT SERVICE STATE: Director_Resident;check-host-alive;OK;HARD;1;PING OK - Packet loss = 0%, RTA = 0.70 ms
[1602441000] CURRENT SERVICE STATE: esxi01;ESXi Hardware Check;OK;HARD;1;OK - Server: Cisco Systems Inc UCSC-C220-M4S s/n: FCH22157EQH Chassis S/N: FCH2216V0WN  System BIOS: C220M4.3.0.4a.0.0226182253 2018-02-26
[1602441000] CURRENT SERVICE STATE: esxi01;PING;OK;HARD;1;PING OK - Packet loss = 0%, RTA = 0.49 ms
[1602441000] CURRENT SERVICE STATE: esxi02;ESXi Hardware Check;UNKNOWN;HARD;3;UNKNOWN:
[1602441000] CURRENT SERVICE STATE: esxi02;PING;OK;HARD;1;PING OK - Packet loss = 0%, RTA = 0.38 ms
[1602441000] CURRENT SERVICE STATE: esxi03;ESXi Hardware Check;OK;HARD;1;OK - Server: Cisco Systems Inc UCSC-C220-M4S s/n: FCH22157ESB Chassis S/N: FCH2216V0TW  System BIOS: C220M4.3.0.4a.0.0226182253 2018-02-26
[1602441000] CURRENT SERVICE STATE: esxi03;PING;OK;HARD;1;PING OK - Packet loss = 0%, RTA = 0.43 ms
[1602441000] CURRENT SERVICE STATE: esxi04;ESXi Hardware Check;OK;HARD;1;OK - Server: Cisco Systems Inc UCSC-C220-M4S s/n: FCH22137QKB Chassis S/N: FCH2216V0YZ  System BIOS: C220M4.3.0.4a.0.0226182253 2018-02-26
[1602441000] CURRENT SERVICE STATE: esxi04;PING;OK;HARD;1;PING OK - Packet loss = 0%, RTA = 0.43 ms
[1602441000] CURRENT SERVICE STATE: esxi05;ESXi Hardware Check;OK;HARD;1;OK - Server: Cisco Systems Inc UCSC-C220-M4S s/n: FCH22157EPD Chassis S/N: FCH2216V0Z0  System BIOS: C220M4.3.0.4a.0.0226182253 2018-02-26
[1602441000] CURRENT SERVICE STATE: esxi05;PING;OK;HARD;1;PING OK - Packet loss = 0%, RTA = 0.50 ms
[1602441000] CURRENT SERVICE STATE: esxi06;ESXi Haradware Check;OK;HARD;1;OK - Server: Cisco Systems Inc UCSC-C220-M4S s/n: FCH22157ERW Chassis S/N: FCH2216V0X8  System BIOS: C220M4.3.0.4a.0.0226182253 2018-02-26
[1602441000] CURRENT SERVICE STATE: esxi06;PING;OK;HARD;1;PING OK - Packet loss = 0%, RTA = 0.57 ms
[1602441000] CURRENT SERVICE STATE: esxi07;ESXi Hardware Check;OK;HARD;1;OK - Server: Cisco Systems Inc UCSC-C220-M4S s/n: FCH22157EV7 Chassis S/N: FCH2216V0Y8  System BIOS: C220M4.3.0.4a.0.0226182253 2018-02-26
[1602441000] CURRENT SERVICE STATE: esxi07;PING;OK;HARD;1;PING OK - Packet loss = 0%, RTA = 0.49 ms
[1602441000] CURRENT SERVICE STATE: esxi08;ESXi Hardware Check;OK;HARD;1;OK - Server: Cisco Systems Inc UCSC-C220-M4S s/n: FCH22137QJN Chassis S/N: FCH2216V0YV  System BIOS: C220M4.3.0.4a.0.0226182253 2018-02-26
[1602441000] CURRENT SERVICE STATE: esxi08;PING;OK;HARD;1;PING OK - Packet loss = 0%, RTA = 0.47 ms
[1602441000] CURRENT SERVICE STATE: esxi09;ESXi Hardware Check;OK;HARD;1;OK - Server: Cisco Systems Inc UCSC-C220-M4S s/n: FCH22157ERY Chassis S/N: FCH2216V0YN  System BIOS: C220M4.3.0.4a.0.0226182253 2018-02-26
[1602441000] CURRENT SERVICE STATE: esxi09;PING;OK;HARD;1;PING OK - Packet loss = 0%, RTA = 0.49 ms
[1602441000] CURRENT SERVICE STATE: localhost;Current Load;OK;HARD;1;OK - load average: 0.08, 0.04, 0.05
[1602441000] CURRENT SERVICE STATE: localhost;Current Users;OK;HARD;1;USERS OK - 0 users currently logged in
[1602441000] CURRENT SERVICE STATE: localhost;PING;OK;HARD;1;PING OK - Packet loss = 0%, RTA = 0.05 ms
[1602441000] CURRENT SERVICE STATE: localhost;Root Partition;OK;HARD;1;DISK OK - free space: / 42820 MB (83.67% inode=99%):
[1602441000] CURRENT SERVICE STATE: localhost;SSH;OK;HARD;1;SSH OK - OpenSSH_7.4 (protocol 2.0)
[1602441000] CURRENT SERVICE STATE: localhost;Swap Usage;OK;HARD;1;SWAP OK - 100% free (3967 MB out of 3967 MB)
[1602441000] CURRENT SERVICE STATE: localhost;Total Processes;OK;HARD;1;PROCS OK: 78 processes with STATE = RSZDT
[1602441000] CURRENT SERVICE STATE: vmware10gswitch;check-host-alive;OK;HARD;1;PING OK - Packet loss = 0%, RTA = 1.26 ms
[1602441000] CURRENT SERVICE STATE: vmwaremgmtswitch;check-host-alive;OK;HARD;1;PING OK - Packet loss = 0%, RTA = 0.93 ms
[1602441169] wproc: Core Worker 8830: job 82901 (pid=21763) timed out. Killing it
[1602441169] wproc: CHECK job 82901 from worker Core Worker 8830 timed out after 30.01s
[1602441169] wproc:   host=Director_Bldg; service=(null);
[1602441169] wproc:   early_timeout=1; exited_ok=0; wait_status=0; error_code=62;
[1602441169] Warning: Check of host 'Director_Bldg' timed out after 30.01 seconds
[1602441169] HOST NOTIFICATION: nagiosadmin;Director_Bldg;DOWN;notify-host-by-email;(Host check timed out after 30.01 seconds)
[1602441169] wproc: Core Worker 8830: job 82901 (pid=21763): Dormant child reaped
[1602441469] wproc: Core Worker 8827: job 82910 (pid=22012) timed out. Killing it
[1602441469] wproc: CHECK job 82910 from worker Core Worker 8827 timed out after 30.01s
[1602441469] wproc:   host=Director_Bldg; service=(null);
[1602441469] wproc:   early_timeout=1; exited_ok=0; wait_status=0; error_code=62;
[1602441469] Warning: Check of host 'Director_Bldg' timed out after 30.01 seconds
[1602441469] wproc: Core Worker 8827: job 82910 (pid=22012): Dormant child reaped
[1602441769] wproc: Core Worker 8827: job 82920 (pid=22279) timed out. Killing it
[1602441769] wproc: CHECK job 82920 from worker Core Worker 8827 timed out after 30.01s
[1602441769] wproc:   host=Director_Bldg; service=(null);
[1602441769] wproc:   early_timeout=1; exited_ok=0; wait_status=0; error_code=62;
[1602441769] Warning: Check of host 'Director_Bldg' timed out after 30.01 seconds
[1602441769] wproc: Core Worker 8827: job 82920 (pid=22279): Dormant child reaped
[1602442069] wproc: Core Worker 8828: job 82928 (pid=22517) timed out. Killing it
[1602442069] wproc: CHECK job 82928 from worker Core Worker 8828 timed out after 30.01s
[1602442069] wproc:   host=Director_Bldg; service=(null);
[1602442069] wproc:   early_timeout=1; exited_ok=0; wait_status=0; error_code=62;
[1602442069] Warning: Check of host 'Director_Bldg' timed out after 30.01 seconds
[1602442069] wproc: Core Worker 8828: job 82928 (pid=22517): Dormant child reaped
[1602442369] wproc: Core Worker 8828: job 82938 (pid=22782) timed out. Killing it
[1602442369] wproc: CHECK job 82938 from worker Core Worker 8828 timed out after 30.01s
[1602442369] wproc:   host=Director_Bldg; service=(null);
[1602442369] wproc:   early_timeout=1; exited_ok=0; wait_status=0; error_code=62;
[1602442369] Warning: Check of host 'Director_Bldg' timed out after 30.01 seconds
[1602442369] wproc: Core Worker 8828: job 82938 (pid=22782): Dormant child reaped
[1602442669] wproc: Core Worker 8830: job 82946 (pid=23023) timed out. Killing it
[1602442669] wproc: CHECK job 82946 from worker Core Worker 8830 timed out after 30.01s
[1602442669] wproc:   host=Director_Bldg; service=(null);
[1602442669] wproc:   early_timeout=1; exited_ok=0; wait_status=0; error_code=62;
[1602442669] Warning: Check of host 'Director_Bldg' timed out after 30.01 seconds
[1602442669] wproc: Core Worker 8830: job 82946 (pid=23023): Dormant child reaped
[1602442969] wproc: Core Worker 8830: job 82956 (pid=23280) timed out. Killing it
[1602442969] wproc: CHECK job 82956 from worker Core Worker 8830 timed out after 30.01s
[1602442969] wproc:   host=Director_Bldg; service=(null);
[1602442969] wproc:   early_timeout=1; exited_ok=0; wait_status=0; error_code=62;
[1602442969] Warning: Check of host 'Director_Bldg' timed out after 30.01 seconds
[1602442969] HOST NOTIFICATION: nagiosadmin;Director_Bldg;DOWN;notify-host-by-email;(Host check timed out after 30.01 seconds)
[1602442969] wproc: Core Worker 8830: job 82956 (pid=23280): Dormant child reaped
[1602443243] HOST NOTIFICATION: nagiosadmin;Director_Bldg;UP;notify-host-by-email;PING OK - Packet loss = 0%, RTA = 0.62 ms
[1602443243] HOST ALERT: Director_Bldg;UP;HARD;1;PING OK - Packet loss = 0%, RTA = 0.62 ms
[1602443337] SERVICE ALERT: Director_Bldg;check-host-alive;OK;SOFT;1;PING OK - Packet loss = 0%, RTA = 0.59 ms
[1602443372] Auto-save of retention data completed successfully.
[1602446972] Auto-save of retention data completed successfully.
[1602450572] Auto-save of retention data completed successfully.
[1602454172] Auto-save of retention data completed successfully.
[1602457772] Auto-save of retention data completed successfully.
[1602461372] Auto-save of retention data completed successfully.
[1602464972] Auto-save of retention data completed successfully.
[1602466251] SERVICE ALERT: esxi01;PING;WARNING;SOFT;1;PING WARNING - Packet loss = 20%, RTA = 0.50 ms
[1602466315] SERVICE ALERT: esxi01;PING;OK;SOFT;2;PING OK - Packet loss = 0%, RTA = 0.82 ms
[1602468572] Auto-save of retention data completed successfully.
[1602472172] Auto-save of retention data completed successfully.
[1602475772] Auto-save of retention data completed successfully.
[1602479372] Auto-save of retention data completed successfully.
[1602482972] Auto-save of retention data completed successfully.
[1602486572] Auto-save of retention data completed successfully.
[1602490172] Auto-save of retention data completed successfully.
[1602493772] Auto-save of retention data completed successfully.
[1602497372] Auto-save of retention data completed successfully.
[1602500972] Auto-save of retention data completed successfully.
[1602504572] Auto-save of retention data completed successfully.
[1602508172] Auto-save of retention data completed successfully.
[1602511772] Auto-save of retention data completed successfully.
[1602515372] Auto-save of retention data completed successfully.
[1602518972] Auto-save of retention data completed successfully.
[1602522572] Auto-save of retention data completed successfully.
[1602526172] Auto-save of retention data completed successfully.
