[1539973800] LOG ROTATION: DAILY
[1539973800] LOG VERSION: 2.0
[1539973800] CURRENT HOST STATE: localhost;UP;HARD;1;PING OK - Packet loss = 0%, RTA = 0.01 ms
[1539973800] CURRENT HOST STATE: localhost.localdomain;UP;HARD;1;PING OK - Packet loss = 0%, RTA = 0.71 ms
[1539973800] CURRENT HOST STATE: router1;UP;HARD;1;PING OK - Packet loss = 0%, RTA = 1.70 ms
[1539973800] CURRENT HOST STATE: router2;UP;HARD;1;PING OK - Packet loss = 0%, RTA = 0.78 ms
[1539973800] CURRENT HOST STATE: router3;UP;HARD;1;PING OK - Packet loss = 0%, RTA = 1.68 ms
[1539973800] CURRENT SERVICE STATE: localhost;Current Load;OK;HARD;1;OK - load average: 0.04, 0.37, 0.42
[1539973800] CURRENT SERVICE STATE: localhost;Current Users;OK;HARD;1;USERS OK - 3 users currently logged in
[1539973800] CURRENT SERVICE STATE: localhost;HTTP;WARNING;HARD;4;HTTP WARNING: HTTP/1.1 403 Forbidden - 5179 bytes in 0.001 second response time
[1539973800] CURRENT SERVICE STATE: localhost;PING;OK;HARD;1;PING OK - Packet loss = 0%, RTA = 0.01 ms
[1539973800] CURRENT SERVICE STATE: localhost;Root Partition;OK;HARD;1;DISK OK - free space: / 46809 MB (91.46% inode=99%):
[1539973800] CURRENT SERVICE STATE: localhost;SSH;OK;HARD;1;SSH OK - OpenSSH_7.4 (protocol 2.0)
[1539973800] CURRENT SERVICE STATE: localhost;Swap Usage;OK;HARD;1;SWAP OK - 100% free (3967 MB out of 3967 MB)
[1539973800] CURRENT SERVICE STATE: localhost;Total Processes;OK;HARD;1;PROCS OK: 82 processes with STATE = RSZDT
[1539973800] CURRENT SERVICE STATE: localhost.localdomain;Current Load;OK;HARD;1;OK - load average: 0.00, 0.19, 0.34
[1539973800] CURRENT SERVICE STATE: localhost.localdomain;Current Users;OK;HARD;1;USERS OK - 3 users currently logged in
[1539973800] CURRENT SERVICE STATE: localhost.localdomain;HTTP;OK;HARD;1;HTTP OK: HTTP/1.1 200 OK - 285 bytes in 0.003 second response time
[1539973800] CURRENT SERVICE STATE: localhost.localdomain;PING;OK;HARD;1;PING OK - Packet loss = 0%, RTA = 0.55 ms
[1539973800] CURRENT SERVICE STATE: localhost.localdomain;Root Partition;OK;HARD;1;DISK OK - free space: / 46809 MB (91.46% inode=99%):
[1539973800] CURRENT SERVICE STATE: localhost.localdomain;SSH;OK;HARD;1;SSH OK - OpenSSH_7.4 (protocol 2.0)
[1539973800] CURRENT SERVICE STATE: localhost.localdomain;Swap Usage;OK;HARD;1;SWAP OK - 100% free (3967 MB out of 3967 MB)
[1539973800] CURRENT SERVICE STATE: localhost.localdomain;Total Processes;OK;HARD;1;PROCS OK: 82 processes with STATE = RSZDT
[1539973800] CURRENT SERVICE STATE: router1;check-host-alive;OK;HARD;1;PING OK - Packet loss = 0%, RTA = 2.34 ms
[1539973800] CURRENT SERVICE STATE: router2;check-host-alive;OK;HARD;1;PING OK - Packet loss = 0%, RTA = 0.84 ms
[1539973800] CURRENT SERVICE STATE: router3;check-host-alive;OK;HARD;1;PING OK - Packet loss = 0%, RTA = 1.64 ms
[1539974252] Auto-save of retention data completed successfully.
[1539977852] Auto-save of retention data completed successfully.
[1539981452] Auto-save of retention data completed successfully.
[1539985052] Auto-save of retention data completed successfully.
[1539988652] Auto-save of retention data completed successfully.
[1539992252] Auto-save of retention data completed successfully.
[1539995852] Auto-save of retention data completed successfully.
[1539999452] Auto-save of retention data completed successfully.
[1540003052] Auto-save of retention data completed successfully.
[1540006652] Auto-save of retention data completed successfully.
[1540010252] Auto-save of retention data completed successfully.
[1540013852] Auto-save of retention data completed successfully.
[1540017452] Auto-save of retention data completed successfully.
[1540021052] Auto-save of retention data completed successfully.
[1540024652] Auto-save of retention data completed successfully.
[1540028252] Auto-save of retention data completed successfully.
[1540031852] Auto-save of retention data completed successfully.
[1540035452] Auto-save of retention data completed successfully.
[1540039052] Auto-save of retention data completed successfully.
[1540042652] Auto-save of retention data completed successfully.
[1540046252] Auto-save of retention data completed successfully.
[1540049852] Auto-save of retention data completed successfully.
[1540053452] Auto-save of retention data completed successfully.
[1540057052] Auto-save of retention data completed successfully.
