[1543257000] LOG ROTATION: DAILY
[1543257000] LOG VERSION: 2.0
[1543257000] CURRENT HOST STATE: localhost;UP;HARD;1;PING OK - Packet loss = 0%, RTA = 0.03 ms
[1543257000] CURRENT HOST STATE: localhost.localdomain;DOWN;HARD;10;CRITICAL - Host Unreachable (10.5.5.15)
[1543257000] CURRENT HOST STATE: router1;UP;HARD;1;PING OK - Packet loss = 0%, RTA = 0.62 ms
[1543257000] CURRENT HOST STATE: router2;UP;HARD;1;PING OK - Packet loss = 0%, RTA = 0.81 ms
[1543257000] CURRENT HOST STATE: router3;UP;HARD;1;PING OK - Packet loss = 0%, RTA = 0.66 ms
[1543257000] CURRENT SERVICE STATE: localhost;Current Load;OK;HARD;1;OK - load average: 0.00, 0.01, 0.05
[1543257000] CURRENT SERVICE STATE: localhost;Current Users;OK;HARD;1;USERS OK - 0 users currently logged in
[1543257000] CURRENT SERVICE STATE: localhost;HTTP;WARNING;HARD;4;HTTP WARNING: HTTP/1.1 403 Forbidden - 5179 bytes in 0.001 second response time
[1543257000] CURRENT SERVICE STATE: localhost;PING;OK;HARD;1;PING OK - Packet loss = 0%, RTA = 0.04 ms
[1543257000] CURRENT SERVICE STATE: localhost;Root Partition;OK;HARD;1;DISK OK - free space: / 45526 MB (88.96% inode=99%):
[1543257000] CURRENT SERVICE STATE: localhost;SSH;OK;HARD;1;SSH OK - OpenSSH_7.4 (protocol 2.0)
[1543257000] CURRENT SERVICE STATE: localhost;Swap Usage;OK;HARD;1;SWAP OK - 100% free (3967 MB out of 3967 MB)
[1543257000] CURRENT SERVICE STATE: localhost;Total Processes;OK;HARD;1;PROCS OK: 76 processes with STATE = RSZDT
[1543257000] CURRENT SERVICE STATE: localhost.localdomain;Current Load;OK;HARD;1;OK - load average: 0.00, 0.04, 0.20
[1543257000] CURRENT SERVICE STATE: localhost.localdomain;Current Users;OK;HARD;1;USERS OK - 2 users currently logged in
[1543257000] CURRENT SERVICE STATE: localhost.localdomain;HTTP;CRITICAL;HARD;4;connect to address 10.5.5.15 and port 80: No route to host
[1543257000] CURRENT SERVICE STATE: localhost.localdomain;PING;CRITICAL;HARD;4;CRITICAL - Host Unreachable (10.5.5.15)
[1543257000] CURRENT SERVICE STATE: localhost.localdomain;Root Partition;OK;HARD;1;DISK OK - free space: / 45526 MB (88.96% inode=99%):
[1543257000] CURRENT SERVICE STATE: localhost.localdomain;SSH;CRITICAL;HARD;4;connect to address 10.5.5.15 and port 22: No route to host
[1543257000] CURRENT SERVICE STATE: localhost.localdomain;Swap Usage;OK;HARD;1;SWAP OK - 100% free (3967 MB out of 3967 MB)
[1543257000] CURRENT SERVICE STATE: localhost.localdomain;Total Processes;OK;HARD;1;PROCS OK: 76 processes with STATE = RSZDT
[1543257000] CURRENT SERVICE STATE: router1;check-host-alive;OK;HARD;1;PING OK - Packet loss = 0%, RTA = 0.66 ms
[1543257000] CURRENT SERVICE STATE: router2;check-host-alive;OK;HARD;1;PING OK - Packet loss = 0%, RTA = 0.81 ms
[1543257000] CURRENT SERVICE STATE: router3;check-host-alive;OK;HARD;1;PING OK - Packet loss = 0%, RTA = 1.94 ms
[1543259331] Auto-save of retention data completed successfully.
[1543262931] Auto-save of retention data completed successfully.
[1543266531] Auto-save of retention data completed successfully.
[1543270131] Auto-save of retention data completed successfully.
[1543273731] Auto-save of retention data completed successfully.
[1543277331] Auto-save of retention data completed successfully.
[1543280931] Auto-save of retention data completed successfully.
[1543284531] Auto-save of retention data completed successfully.
[1543288131] Auto-save of retention data completed successfully.
[1543291731] Auto-save of retention data completed successfully.
[1543295331] Auto-save of retention data completed successfully.
[1543298931] Auto-save of retention data completed successfully.
[1543302531] Auto-save of retention data completed successfully.
[1543302770] EXTERNAL COMMAND: SEND_CUSTOM_HOST_NOTIFICATION;router3;0;Nagios Admin;TEST
[1543302770] HOST NOTIFICATION: nagiosadmin;router3;CUSTOM (UP);notify-host-by-email;PING OK - Packet loss = 0%, RTA = 0.72 ms;Nagios Admin;TEST
[1543303092] EXTERNAL COMMAND: SEND_CUSTOM_HOST_NOTIFICATION;router3;0;Nagios Admin;TEST
[1543303092] HOST NOTIFICATION: nagiosadmin;router3;CUSTOM (UP);notify-host-by-email;PING OK - Packet loss = 0%, RTA = 0.73 ms;Nagios Admin;TEST
[1543303639] EXTERNAL COMMAND: SEND_CUSTOM_HOST_NOTIFICATION;router3;0;Nagios Admin;TEST
[1543303639] HOST NOTIFICATION: nagiosadmin;router3;CUSTOM (UP);notify-host-by-email;PING OK - Packet loss = 0%, RTA = 1.05 ms;Nagios Admin;TEST
[1543304443] Warning: A system time change of -11 seconds (0d 0h 0m 11s backwards in time) has been detected.  Compensating...
[1543306120] Auto-save of retention data completed successfully.
[1543309720] Auto-save of retention data completed successfully.
[1543313320] Auto-save of retention data completed successfully.
[1543316920] Auto-save of retention data completed successfully.
[1543320520] Auto-save of retention data completed successfully.
[1543324120] Auto-save of retention data completed successfully.
[1543327720] Auto-save of retention data completed successfully.
[1543331320] Auto-save of retention data completed successfully.
[1543334920] Auto-save of retention data completed successfully.
[1543338520] Auto-save of retention data completed successfully.
[1543342120] Auto-save of retention data completed successfully.
