[1571077800] LOG ROTATION: DAILY
[1571077800] LOG VERSION: 2.0
[1571077800] CURRENT HOST STATE: AP_Main_Bldg;UP;HARD;1;PING OK - Packet loss = 0%, RTA = 0.81 ms
[1571077800] CURRENT HOST STATE: Director_Bldg;UP;HARD;1;PING OK - Packet loss = 0%, RTA = 0.60 ms
[1571077800] CURRENT HOST STATE: Director_Resident;UP;HARD;1;PING OK - Packet loss = 0%, RTA = 0.96 ms
[1571077800] CURRENT HOST STATE: esxi01;UP;HARD;1;PING OK - Packet loss = 0%, RTA = 0.43 ms
[1571077800] CURRENT HOST STATE: esxi02;UP;HARD;1;PING OK - Packet loss = 0%, RTA = 0.44 ms
[1571077800] CURRENT HOST STATE: esxi03;UP;HARD;1;PING OK - Packet loss = 0%, RTA = 0.53 ms
[1571077800] CURRENT HOST STATE: esxi04;UP;HARD;1;PING OK - Packet loss = 0%, RTA = 0.43 ms
[1571077800] CURRENT HOST STATE: esxi05;UP;HARD;1;PING OK - Packet loss = 0%, RTA = 0.52 ms
[1571077800] CURRENT HOST STATE: esxi06;UP;HARD;1;PING OK - Packet loss = 0%, RTA = 0.47 ms
[1571077800] CURRENT HOST STATE: esxi07;UP;HARD;1;PING OK - Packet loss = 0%, RTA = 0.50 ms
[1571077800] CURRENT HOST STATE: esxi08;UP;HARD;1;PING OK - Packet loss = 0%, RTA = 0.37 ms
[1571077800] CURRENT HOST STATE: esxi09;UP;HARD;1;PING OK - Packet loss = 0%, RTA = 0.33 ms
[1571077800] CURRENT HOST STATE: localhost;UP;HARD;1;PING OK - Packet loss = 0%, RTA = 0.04 ms
[1571077800] CURRENT HOST STATE: vmware10gswitch;UP;HARD;1;PING OK - Packet loss = 0%, RTA = 1.36 ms
[1571077800] CURRENT HOST STATE: vmwaremgmtswitch;UP;HARD;1;PING OK - Packet loss = 0%, RTA = 0.82 ms
[1571077800] CURRENT SERVICE STATE: AP_Main_Bldg;check-host-alive;OK;HARD;1;PING OK - Packet loss = 0%, RTA = 1.92 ms
[1571077800] CURRENT SERVICE STATE: Director_Bldg;check-host-alive;OK;HARD;1;PING OK - Packet loss = 0%, RTA = 0.63 ms
[1571077800] CURRENT SERVICE STATE: Director_Resident;check-host-alive;OK;HARD;1;PING OK - Packet loss = 0%, RTA = 0.82 ms
[1571077800] CURRENT SERVICE STATE: esxi01;ESXi Hardware Check;OK;HARD;1;OK - Server: Cisco Systems Inc UCSC-C220-M4S s/n: FCH22157EQH Chassis S/N: FCH2216V0WN  System BIOS: C220M4.3.0.4a.0.0226182253 2018-02-26
[1571077800] CURRENT SERVICE STATE: esxi01;PING;OK;HARD;1;PING OK - Packet loss = 0%, RTA = 0.44 ms
[1571077800] CURRENT SERVICE STATE: esxi02;ESXi Hardware Check;OK;HARD;1;OK - Server: Cisco Systems Inc UCSC-C220-M4S s/n: FCH22157E1D Chassis S/N: FCH2216V0Y6  System BIOS: C220M4.3.0.4a.0.0226182253 2018-02-26
[1571077800] CURRENT SERVICE STATE: esxi02;PING;OK;HARD;1;PING OK - Packet loss = 0%, RTA = 0.52 ms
[1571077800] CURRENT SERVICE STATE: esxi03;ESXi Hardware Check;OK;HARD;1;OK - Server: Cisco Systems Inc UCSC-C220-M4S s/n: FCH22157ESB Chassis S/N: FCH2216V0TW  System BIOS: C220M4.3.0.4a.0.0226182253 2018-02-26
[1571077800] CURRENT SERVICE STATE: esxi03;PING;OK;HARD;1;PING OK - Packet loss = 0%, RTA = 0.41 ms
[1571077800] CURRENT SERVICE STATE: esxi04;ESXi Hardware Check;OK;HARD;1;OK - Server: Cisco Systems Inc UCSC-C220-M4S s/n: FCH22137QKB Chassis S/N: FCH2216V0YZ  System BIOS: C220M4.3.0.4a.0.0226182253 2018-02-26
[1571077800] CURRENT SERVICE STATE: esxi04;PING;OK;HARD;1;PING OK - Packet loss = 0%, RTA = 0.42 ms
[1571077800] CURRENT SERVICE STATE: esxi05;ESXi Hardware Check;OK;HARD;1;OK - Server: Cisco Systems Inc UCSC-C220-M4S s/n: FCH22157EPD Chassis S/N: FCH2216V0Z0  System BIOS: C220M4.3.0.4a.0.0226182253 2018-02-26
[1571077800] CURRENT SERVICE STATE: esxi05;PING;OK;HARD;1;PING OK - Packet loss = 0%, RTA = 0.52 ms
[1571077800] CURRENT SERVICE STATE: esxi06;ESXi Haradware Check;OK;HARD;1;OK - Server: Cisco Systems Inc UCSC-C220-M4S s/n: FCH22157ERW Chassis S/N: FCH2216V0X8  System BIOS: C220M4.3.0.4a.0.0226182253 2018-02-26
[1571077800] CURRENT SERVICE STATE: esxi06;PING;OK;HARD;1;PING OK - Packet loss = 0%, RTA = 0.43 ms
[1571077800] CURRENT SERVICE STATE: esxi07;ESXi Hardware Check;OK;HARD;1;OK - Server: Cisco Systems Inc UCSC-C220-M4S s/n: FCH22157EV7 Chassis S/N: FCH2216V0Y8  System BIOS: C220M4.3.0.4a.0.0226182253 2018-02-26
[1571077800] CURRENT SERVICE STATE: esxi07;PING;OK;HARD;1;PING OK - Packet loss = 0%, RTA = 0.52 ms
[1571077800] CURRENT SERVICE STATE: esxi08;ESXi Hardware Check;OK;HARD;1;OK - Server: Cisco Systems Inc UCSC-C220-M4S s/n: FCH22137QJN Chassis S/N: FCH2216V0YV  System BIOS: C220M4.3.0.4a.0.0226182253 2018-02-26
[1571077800] CURRENT SERVICE STATE: esxi08;PING;OK;HARD;1;PING OK - Packet loss = 0%, RTA = 0.48 ms
[1571077800] CURRENT SERVICE STATE: esxi09;ESXi Hardware Check;OK;HARD;1;OK - Server: Cisco Systems Inc UCSC-C220-M4S s/n: FCH22157ERY Chassis S/N: FCH2216V0YN  System BIOS: C220M4.3.0.4a.0.0226182253 2018-02-26
[1571077800] CURRENT SERVICE STATE: esxi09;PING;OK;HARD;1;PING OK - Packet loss = 0%, RTA = 0.41 ms
[1571077800] CURRENT SERVICE STATE: localhost;Current Load;OK;HARD;1;OK - load average: 0.16, 0.05, 0.06
[1571077800] CURRENT SERVICE STATE: localhost;Current Users;OK;HARD;1;USERS OK - 2 users currently logged in
[1571077800] CURRENT SERVICE STATE: localhost;PING;OK;HARD;1;PING OK - Packet loss = 0%, RTA = 0.03 ms
[1571077800] CURRENT SERVICE STATE: localhost;Root Partition;OK;HARD;1;DISK OK - free space: / 42232 MB (82.52% inode=99%):
[1571077800] CURRENT SERVICE STATE: localhost;SSH;OK;HARD;1;SSH OK - OpenSSH_7.4 (protocol 2.0)
[1571077800] CURRENT SERVICE STATE: localhost;Swap Usage;OK;HARD;1;SWAP OK - 100% free (3944 MB out of 3967 MB)
[1571077800] CURRENT SERVICE STATE: localhost;Total Processes;OK;HARD;1;PROCS OK: 90 processes with STATE = RSZDT
[1571077800] CURRENT SERVICE STATE: vmware10gswitch;check-host-alive;OK;HARD;1;PING OK - Packet loss = 0%, RTA = 1.38 ms
[1571077800] CURRENT SERVICE STATE: vmwaremgmtswitch;check-host-alive;OK;HARD;1;PING OK - Packet loss = 0%, RTA = 0.88 ms
[1571081259] Auto-save of retention data completed successfully.
[1571084859] Auto-save of retention data completed successfully.
[1571088459] Auto-save of retention data completed successfully.
[1571089106] wproc: Core Worker 23157: job 182405 (pid=3147) timed out. Killing it
[1571089106] wproc: CHECK job 182405 from worker Core Worker 23157 timed out after 60.01s
[1571089106] wproc:   host=esxi04; service=ESXi Hardware Check;
[1571089106] wproc:   early_timeout=1; exited_ok=0; wait_status=0; error_code=62;
[1571089106] Warning: Check of service 'ESXi Hardware Check' on host 'esxi04' timed out after 60.007s!
[1571089106] SERVICE ALERT: esxi04;ESXi Hardware Check;CRITICAL;SOFT;1;(Service check timed out after 60.01 seconds)
[1571089106] wproc: Core Worker 23157: job 182405 (pid=3147): Dormant child reaped
[1571089286] wproc: Core Worker 23157: job 182413 (pid=3357) timed out. Killing it
[1571089286] wproc: CHECK job 182413 from worker Core Worker 23157 timed out after 60.05s
[1571089286] wproc:   host=esxi04; service=ESXi Hardware Check;
[1571089286] wproc:   early_timeout=1; exited_ok=0; wait_status=0; error_code=62;
[1571089286] Warning: Check of service 'ESXi Hardware Check' on host 'esxi04' timed out after 60.053s!
[1571089286] SERVICE ALERT: esxi04;ESXi Hardware Check;CRITICAL;SOFT;2;(Service check timed out after 60.05 seconds)
[1571089286] wproc: Core Worker 23157: job 182413 (pid=3357): Dormant child reaped
[1571089466] wproc: Core Worker 23157: job 182419 (pid=3425) timed out. Killing it
[1571089466] wproc: CHECK job 182419 from worker Core Worker 23157 timed out after 60.03s
[1571089466] wproc:   host=esxi04; service=ESXi Hardware Check;
[1571089466] wproc:   early_timeout=1; exited_ok=0; wait_status=0; error_code=62;
[1571089466] Warning: Check of service 'ESXi Hardware Check' on host 'esxi04' timed out after 60.026s!
[1571089466] SERVICE NOTIFICATION: nagiosadmin;esxi04;ESXi Hardware Check;CRITICAL;notify-service-by-email;(Service check timed out after 60.03 seconds)
[1571089466] SERVICE ALERT: esxi04;ESXi Hardware Check;CRITICAL;HARD;3;(Service check timed out after 60.03 seconds)
[1571089466] wproc: Core Worker 23157: job 182419 (pid=3425): Dormant child reaped
[1571090126] wproc: Core Worker 23158: job 182439 (pid=3966) timed out. Killing it
[1571090126] wproc: CHECK job 182439 from worker Core Worker 23158 timed out after 60.01s
[1571090126] wproc:   host=esxi04; service=ESXi Hardware Check;
[1571090126] wproc:   early_timeout=1; exited_ok=0; wait_status=0; error_code=62;
[1571090126] Warning: Check of service 'ESXi Hardware Check' on host 'esxi04' timed out after 60.012s!
[1571090126] wproc: Core Worker 23158: job 182439 (pid=3966): Dormant child reaped
[1571090726] wproc: Core Worker 23158: job 182458 (pid=4442) timed out. Killing it
[1571090726] wproc: CHECK job 182458 from worker Core Worker 23158 timed out after 60.02s
[1571090726] wproc:   host=esxi04; service=ESXi Hardware Check;
[1571090726] wproc:   early_timeout=1; exited_ok=0; wait_status=0; error_code=62;
[1571090726] Warning: Check of service 'ESXi Hardware Check' on host 'esxi04' timed out after 60.025s!
[1571090726] wproc: Core Worker 23158: job 182458 (pid=4442): Dormant child reaped
[1571091326] wproc: Core Worker 23158: job 182477 (pid=4922) timed out. Killing it
[1571091326] wproc: CHECK job 182477 from worker Core Worker 23158 timed out after 60.02s
[1571091326] wproc:   host=esxi04; service=ESXi Hardware Check;
[1571091326] wproc:   early_timeout=1; exited_ok=0; wait_status=0; error_code=62;
[1571091326] Warning: Check of service 'ESXi Hardware Check' on host 'esxi04' timed out after 60.024s!
[1571091326] wproc: Core Worker 23158: job 182477 (pid=4922): Dormant child reaped
[1571091926] wproc: Core Worker 23158: job 182496 (pid=5406) timed out. Killing it
[1571091926] wproc: CHECK job 182496 from worker Core Worker 23158 timed out after 60.02s
[1571091926] wproc:   host=esxi04; service=ESXi Hardware Check;
[1571091926] wproc:   early_timeout=1; exited_ok=0; wait_status=0; error_code=62;
[1571091926] Warning: Check of service 'ESXi Hardware Check' on host 'esxi04' timed out after 60.025s!
[1571091926] wproc: Core Worker 23158: job 182496 (pid=5406): Dormant child reaped
[1571092059] Auto-save of retention data completed successfully.
[1571092526] wproc: Core Worker 23158: job 182515 (pid=5959) timed out. Killing it
[1571092526] wproc: CHECK job 182515 from worker Core Worker 23158 timed out after 60.03s
[1571092526] wproc:   host=esxi04; service=ESXi Hardware Check;
[1571092526] wproc:   early_timeout=1; exited_ok=0; wait_status=0; error_code=62;
[1571092526] Warning: Check of service 'ESXi Hardware Check' on host 'esxi04' timed out after 60.025s!
[1571092526] wproc: Core Worker 23158: job 182515 (pid=5959): Dormant child reaped
[1571093126] wproc: Core Worker 23158: job 182534 (pid=6444) timed out. Killing it
[1571093126] wproc: CHECK job 182534 from worker Core Worker 23158 timed out after 60.03s
[1571093126] wproc:   host=esxi04; service=ESXi Hardware Check;
[1571093126] wproc:   early_timeout=1; exited_ok=0; wait_status=0; error_code=62;
[1571093126] Warning: Check of service 'ESXi Hardware Check' on host 'esxi04' timed out after 60.025s!
[1571093126] SERVICE NOTIFICATION: nagiosadmin;esxi04;ESXi Hardware Check;CRITICAL;notify-service-by-email;(Service check timed out after 60.03 seconds)
[1571093126] wproc: Core Worker 23158: job 182534 (pid=6444): Dormant child reaped
[1571093726] wproc: Core Worker 23159: job 182553 (pid=6943) timed out. Killing it
[1571093726] wproc: CHECK job 182553 from worker Core Worker 23159 timed out after 60.03s
[1571093726] wproc:   host=esxi04; service=ESXi Hardware Check;
[1571093726] wproc:   early_timeout=1; exited_ok=0; wait_status=0; error_code=62;
[1571093726] Warning: Check of service 'ESXi Hardware Check' on host 'esxi04' timed out after 60.025s!
[1571093726] wproc: Core Worker 23159: job 182553 (pid=6943): Dormant child reaped
[1571094326] wproc: Core Worker 23159: job 182572 (pid=7421) timed out. Killing it
[1571094326] wproc: CHECK job 182572 from worker Core Worker 23159 timed out after 60.02s
[1571094326] wproc:   host=esxi04; service=ESXi Hardware Check;
[1571094326] wproc:   early_timeout=1; exited_ok=0; wait_status=0; error_code=62;
[1571094326] Warning: Check of service 'ESXi Hardware Check' on host 'esxi04' timed out after 60.020s!
[1571094326] wproc: Core Worker 23159: job 182572 (pid=7421): Dormant child reaped
[1571094926] wproc: Core Worker 23159: job 182591 (pid=7897) timed out. Killing it
[1571094926] wproc: CHECK job 182591 from worker Core Worker 23159 timed out after 60.02s
[1571094926] wproc:   host=esxi04; service=ESXi Hardware Check;
[1571094926] wproc:   early_timeout=1; exited_ok=0; wait_status=0; error_code=62;
[1571094926] Warning: Check of service 'ESXi Hardware Check' on host 'esxi04' timed out after 60.025s!
[1571094926] wproc: Core Worker 23159: job 182591 (pid=7897): Dormant child reaped
[1571095526] wproc: Core Worker 23159: job 182610 (pid=8375) timed out. Killing it
[1571095526] wproc: CHECK job 182610 from worker Core Worker 23159 timed out after 60.01s
[1571095526] wproc:   host=esxi04; service=ESXi Hardware Check;
[1571095526] wproc:   early_timeout=1; exited_ok=0; wait_status=0; error_code=62;
[1571095526] Warning: Check of service 'ESXi Hardware Check' on host 'esxi04' timed out after 60.007s!
[1571095526] wproc: Core Worker 23159: job 182610 (pid=8375): Dormant child reaped
[1571095659] Auto-save of retention data completed successfully.
[1571096126] wproc: Core Worker 23159: job 182629 (pid=8870) timed out. Killing it
[1571096126] wproc: CHECK job 182629 from worker Core Worker 23159 timed out after 60.02s
[1571096126] wproc:   host=esxi04; service=ESXi Hardware Check;
[1571096126] wproc:   early_timeout=1; exited_ok=0; wait_status=0; error_code=62;
[1571096126] Warning: Check of service 'ESXi Hardware Check' on host 'esxi04' timed out after 60.024s!
[1571096126] wproc: Core Worker 23159: job 182629 (pid=8870): Dormant child reaped
[1571096726] wproc: Core Worker 23159: job 182648 (pid=9349) timed out. Killing it
[1571096726] wproc: CHECK job 182648 from worker Core Worker 23159 timed out after 60.02s
[1571096726] wproc:   host=esxi04; service=ESXi Hardware Check;
[1571096726] wproc:   early_timeout=1; exited_ok=0; wait_status=0; error_code=62;
[1571096726] Warning: Check of service 'ESXi Hardware Check' on host 'esxi04' timed out after 60.024s!
[1571096726] SERVICE NOTIFICATION: nagiosadmin;esxi04;ESXi Hardware Check;CRITICAL;notify-service-by-email;(Service check timed out after 60.02 seconds)
[1571096726] wproc: Core Worker 23159: job 182648 (pid=9349): Dormant child reaped
[1571097326] wproc: Core Worker 23160: job 182667 (pid=9834) timed out. Killing it
[1571097326] wproc: CHECK job 182667 from worker Core Worker 23160 timed out after 60.02s
[1571097326] wproc:   host=esxi04; service=ESXi Hardware Check;
[1571097326] wproc:   early_timeout=1; exited_ok=0; wait_status=0; error_code=62;
[1571097326] Warning: Check of service 'ESXi Hardware Check' on host 'esxi04' timed out after 60.024s!
[1571097327] wproc: Core Worker 23160: job 182667 (pid=9834): Dormant child reaped
[1571097866] SERVICE NOTIFICATION: nagiosadmin;esxi04;ESXi Hardware Check;UNKNOWN;notify-service-by-email;UNKNOWN:
[1571097866] SERVICE ALERT: esxi04;ESXi Hardware Check;UNKNOWN;HARD;3;UNKNOWN:
[1571099259] Auto-save of retention data completed successfully.
[1571101467] SERVICE NOTIFICATION: nagiosadmin;esxi04;ESXi Hardware Check;UNKNOWN;notify-service-by-email;UNKNOWN:
[1571102859] Auto-save of retention data completed successfully.
[1571105067] SERVICE NOTIFICATION: nagiosadmin;esxi04;ESXi Hardware Check;UNKNOWN;notify-service-by-email;UNKNOWN:
[1571106459] Auto-save of retention data completed successfully.
[1571109266] SERVICE NOTIFICATION: nagiosadmin;esxi04;ESXi Hardware Check;UNKNOWN;notify-service-by-email;UNKNOWN:
[1571110059] Auto-save of retention data completed successfully.
[1571112866] SERVICE NOTIFICATION: nagiosadmin;esxi04;ESXi Hardware Check;UNKNOWN;notify-service-by-email;UNKNOWN:
[1571113659] Auto-save of retention data completed successfully.
[1571116466] SERVICE NOTIFICATION: nagiosadmin;esxi04;ESXi Hardware Check;UNKNOWN;notify-service-by-email;UNKNOWN:
[1571117259] Auto-save of retention data completed successfully.
[1571119330] wproc: Core Worker 23157: job 183367 (pid=27625) timed out. Killing it
[1571119330] wproc: CHECK job 183367 from worker Core Worker 23157 timed out after 30.01s
[1571119330] wproc:   host=Director_Bldg; service=(null);
[1571119330] wproc:   early_timeout=1; exited_ok=0; wait_status=0; error_code=62;
[1571119330] Warning: Check of host 'Director_Bldg' timed out after 30.01 seconds
[1571119330] HOST ALERT: Director_Bldg;DOWN;SOFT;1;(Host check timed out after 30.01 seconds)
[1571119330] wproc: Core Worker 23157: job 183367 (pid=27625): Dormant child reaped
[1571119420] wproc: Core Worker 23157: job 183371 (pid=27672) timed out. Killing it
[1571119420] wproc: CHECK job 183371 from worker Core Worker 23157 timed out after 30.03s
[1571119420] wproc:   host=Director_Bldg; service=(null);
[1571119420] wproc:   early_timeout=1; exited_ok=0; wait_status=0; error_code=62;
[1571119420] Warning: Check of host 'Director_Bldg' timed out after 30.03 seconds
[1571119420] HOST ALERT: Director_Bldg;DOWN;SOFT;2;(Host check timed out after 30.03 seconds)
[1571119420] wproc: Core Worker 23157: job 183371 (pid=27672): Dormant child reaped
[1571119441] SERVICE ALERT: Director_Bldg;check-host-alive;CRITICAL;HARD;1;CRITICAL - Plugin timed out
[1571119510] wproc: Core Worker 23158: job 183373 (pid=27697) timed out. Killing it
[1571119510] wproc: CHECK job 183373 from worker Core Worker 23158 timed out after 30.01s
[1571119510] wproc:   host=Director_Bldg; service=(null);
[1571119510] wproc:   early_timeout=1; exited_ok=0; wait_status=0; error_code=62;
[1571119510] Warning: Check of host 'Director_Bldg' timed out after 30.01 seconds
[1571119510] HOST ALERT: Director_Bldg;DOWN;SOFT;3;(Host check timed out after 30.01 seconds)
[1571119510] wproc: Core Worker 23158: job 183373 (pid=27697): Dormant child reaped
[1571119600] wproc: Core Worker 23159: job 183375 (pid=27859) timed out. Killing it
[1571119600] wproc: CHECK job 183375 from worker Core Worker 23159 timed out after 30.03s
[1571119600] wproc:   host=Director_Bldg; service=(null);
[1571119600] wproc:   early_timeout=1; exited_ok=0; wait_status=0; error_code=62;
[1571119600] Warning: Check of host 'Director_Bldg' timed out after 30.03 seconds
[1571119600] HOST ALERT: Director_Bldg;DOWN;SOFT;4;(Host check timed out after 30.03 seconds)
[1571119600] wproc: Core Worker 23159: job 183375 (pid=27859): Dormant child reaped
[1571119690] wproc: Core Worker 23160: job 183380 (pid=27907) timed out. Killing it
[1571119690] wproc: CHECK job 183380 from worker Core Worker 23160 timed out after 30.03s
[1571119690] wproc:   host=Director_Bldg; service=(null);
[1571119690] wproc:   early_timeout=1; exited_ok=0; wait_status=0; error_code=62;
[1571119690] Warning: Check of host 'Director_Bldg' timed out after 30.03 seconds
[1571119690] HOST ALERT: Director_Bldg;DOWN;SOFT;5;(Host check timed out after 30.03 seconds)
[1571119690] wproc: Core Worker 23160: job 183380 (pid=27907): Dormant child reaped
[1571119730] wproc: Core Worker 23159: job 183382 (pid=27928) timed out. Killing it
[1571119730] wproc: CHECK job 183382 from worker Core Worker 23159 timed out after 30.03s
[1571119730] wproc:   host=Director_Resident; service=(null);
[1571119730] wproc:   early_timeout=1; exited_ok=0; wait_status=0; error_code=62;
[1571119730] Warning: Check of host 'Director_Resident' timed out after 30.03 seconds
[1571119730] HOST ALERT: Director_Resident;DOWN;SOFT;1;(Host check timed out after 30.03 seconds)
[1571119731] wproc: Core Worker 23159: job 183382 (pid=27928): Dormant child reaped
[1571119780] wproc: Core Worker 23160: job 183383 (pid=27946) timed out. Killing it
[1571119780] wproc: CHECK job 183383 from worker Core Worker 23160 timed out after 30.03s
[1571119780] wproc:   host=Director_Bldg; service=(null);
[1571119780] wproc:   early_timeout=1; exited_ok=0; wait_status=0; error_code=62;
[1571119780] Warning: Check of host 'Director_Bldg' timed out after 30.03 seconds
[1571119780] HOST ALERT: Director_Bldg;DOWN;SOFT;6;(Host check timed out after 30.03 seconds)
[1571119781] wproc: Core Worker 23160: job 183383 (pid=27946): Dormant child reaped
[1571119820] wproc: Core Worker 23160: job 183384 (pid=27954) timed out. Killing it
[1571119820] wproc: CHECK job 183384 from worker Core Worker 23160 timed out after 30.01s
[1571119820] wproc:   host=Director_Resident; service=(null);
[1571119820] wproc:   early_timeout=1; exited_ok=0; wait_status=0; error_code=62;
[1571119820] Warning: Check of host 'Director_Resident' timed out after 30.01 seconds
[1571119820] HOST ALERT: Director_Resident;DOWN;SOFT;2;(Host check timed out after 30.01 seconds)
[1571119821] wproc: Core Worker 23160: job 183384 (pid=27954): Dormant child reaped
[1571119870] wproc: Core Worker 23158: job 183386 (pid=28104) timed out. Killing it
[1571119870] wproc: CHECK job 183386 from worker Core Worker 23158 timed out after 30.03s
[1571119870] wproc:   host=Director_Bldg; service=(null);
[1571119870] wproc:   early_timeout=1; exited_ok=0; wait_status=0; error_code=62;
[1571119870] Warning: Check of host 'Director_Bldg' timed out after 30.03 seconds
[1571119870] HOST ALERT: Director_Bldg;DOWN;SOFT;7;(Host check timed out after 30.03 seconds)
[1571119871] wproc: Core Worker 23158: job 183386 (pid=28104): Dormant child reaped
[1571119911] wproc: Core Worker 23157: job 183387 (pid=28118) timed out. Killing it
[1571119911] wproc: CHECK job 183387 from worker Core Worker 23157 timed out after 30.03s
[1571119911] wproc:   host=Director_Resident; service=(null);
[1571119911] wproc:   early_timeout=1; exited_ok=0; wait_status=0; error_code=62;
[1571119911] Warning: Check of host 'Director_Resident' timed out after 30.03 seconds
[1571119911] HOST ALERT: Director_Resident;DOWN;SOFT;3;(Host check timed out after 30.03 seconds)
[1571119911] wproc: Core Worker 23157: job 183387 (pid=28118): Dormant child reaped
[1571119960] wproc: Core Worker 23157: job 183389 (pid=28142) timed out. Killing it
[1571119960] wproc: CHECK job 183389 from worker Core Worker 23157 timed out after 30.01s
[1571119960] wproc:   host=Director_Bldg; service=(null);
[1571119960] wproc:   early_timeout=1; exited_ok=0; wait_status=0; error_code=62;
[1571119960] Warning: Check of host 'Director_Bldg' timed out after 30.01 seconds
[1571119960] HOST ALERT: Director_Bldg;DOWN;SOFT;8;(Host check timed out after 30.01 seconds)
[1571119961] wproc: Core Worker 23157: job 183389 (pid=28142): Dormant child reaped
[1571120001] wproc: Core Worker 23160: job 183391 (pid=28162) timed out. Killing it
[1571120001] wproc: CHECK job 183391 from worker Core Worker 23160 timed out after 30.03s
[1571120001] wproc:   host=Director_Resident; service=(null);
[1571120001] wproc:   early_timeout=1; exited_ok=0; wait_status=0; error_code=62;
[1571120001] Warning: Check of host 'Director_Resident' timed out after 30.03 seconds
[1571120001] HOST ALERT: Director_Resident;DOWN;SOFT;4;(Host check timed out after 30.03 seconds)
[1571120001] wproc: Core Worker 23160: job 183391 (pid=28162): Dormant child reaped
[1571120050] wproc: Core Worker 23159: job 183392 (pid=28176) timed out. Killing it
[1571120050] wproc: CHECK job 183392 from worker Core Worker 23159 timed out after 30.03s
[1571120050] wproc:   host=Director_Bldg; service=(null);
[1571120050] wproc:   early_timeout=1; exited_ok=0; wait_status=0; error_code=62;
[1571120050] Warning: Check of host 'Director_Bldg' timed out after 30.03 seconds
[1571120050] HOST ALERT: Director_Bldg;DOWN;SOFT;9;(Host check timed out after 30.03 seconds)
[1571120051] wproc: Core Worker 23159: job 183392 (pid=28176): Dormant child reaped
[1571120066] SERVICE NOTIFICATION: nagiosadmin;esxi04;ESXi Hardware Check;UNKNOWN;notify-service-by-email;UNKNOWN:
[1571120091] wproc: Core Worker 23158: job 183393 (pid=28191) timed out. Killing it
[1571120091] wproc: CHECK job 183393 from worker Core Worker 23158 timed out after 30.02s
[1571120091] wproc:   host=Director_Resident; service=(null);
[1571120091] wproc:   early_timeout=1; exited_ok=0; wait_status=0; error_code=62;
[1571120091] Warning: Check of host 'Director_Resident' timed out after 30.02 seconds
[1571120091] HOST ALERT: Director_Resident;DOWN;SOFT;5;(Host check timed out after 30.02 seconds)
[1571120091] wproc: Core Worker 23158: job 183393 (pid=28191): Dormant child reaped
[1571120140] wproc: Core Worker 23159: job 183395 (pid=28367) timed out. Killing it
[1571120140] wproc: CHECK job 183395 from worker Core Worker 23159 timed out after 30.02s
[1571120140] wproc:   host=Director_Bldg; service=(null);
[1571120140] wproc:   early_timeout=1; exited_ok=0; wait_status=0; error_code=62;
[1571120140] Warning: Check of host 'Director_Bldg' timed out after 30.02 seconds
[1571120140] HOST NOTIFICATION: nagiosadmin;Director_Bldg;DOWN;notify-host-by-email;(Host check timed out after 30.02 seconds)
[1571120140] HOST ALERT: Director_Bldg;DOWN;HARD;10;(Host check timed out after 30.02 seconds)
[1571120141] wproc: Core Worker 23159: job 183395 (pid=28367): Dormant child reaped
[1571120144] SERVICE ALERT: Director_Resident;check-host-alive;CRITICAL;HARD;1;CRITICAL - Plugin timed out
[1571120181] wproc: Core Worker 23157: job 183397 (pid=28390) timed out. Killing it
[1571120181] wproc: CHECK job 183397 from worker Core Worker 23157 timed out after 30.03s
[1571120181] wproc:   host=Director_Resident; service=(null);
[1571120181] wproc:   early_timeout=1; exited_ok=0; wait_status=0; error_code=62;
[1571120181] Warning: Check of host 'Director_Resident' timed out after 30.03 seconds
[1571120181] HOST ALERT: Director_Resident;DOWN;SOFT;6;(Host check timed out after 30.03 seconds)
[1571120181] wproc: Core Worker 23157: job 183397 (pid=28390): Dormant child reaped
[1571120271] wproc: Core Worker 23158: job 183399 (pid=28426) timed out. Killing it
[1571120271] wproc: CHECK job 183399 from worker Core Worker 23158 timed out after 30.01s
[1571120271] wproc:   host=Director_Resident; service=(null);
[1571120271] wproc:   early_timeout=1; exited_ok=0; wait_status=0; error_code=62;
[1571120271] Warning: Check of host 'Director_Resident' timed out after 30.01 seconds
[1571120271] HOST ALERT: Director_Resident;DOWN;SOFT;7;(Host check timed out after 30.01 seconds)
[1571120271] wproc: Core Worker 23158: job 183399 (pid=28426): Dormant child reaped
[1571120361] wproc: Core Worker 23158: job 183404 (pid=28466) timed out. Killing it
[1571120361] wproc: CHECK job 183404 from worker Core Worker 23158 timed out after 30.03s
[1571120361] wproc:   host=Director_Resident; service=(null);
[1571120361] wproc:   early_timeout=1; exited_ok=0; wait_status=0; error_code=62;
[1571120361] Warning: Check of host 'Director_Resident' timed out after 30.03 seconds
[1571120361] HOST ALERT: Director_Resident;DOWN;SOFT;8;(Host check timed out after 30.03 seconds)
[1571120361] wproc: Core Worker 23158: job 183404 (pid=28466): Dormant child reaped
[1571120451] wproc: Core Worker 23157: job 183407 (pid=28857) timed out. Killing it
[1571120451] wproc: CHECK job 183407 from worker Core Worker 23157 timed out after 30.03s
[1571120451] wproc:   host=Director_Resident; service=(null);
[1571120451] wproc:   early_timeout=1; exited_ok=0; wait_status=0; error_code=62;
[1571120451] Warning: Check of host 'Director_Resident' timed out after 30.03 seconds
[1571120451] HOST ALERT: Director_Resident;DOWN;SOFT;9;(Host check timed out after 30.03 seconds)
[1571120451] wproc: Core Worker 23157: job 183407 (pid=28857): Dormant child reaped
[1571120470] wproc: Core Worker 23159: job 183407 (pid=28862) timed out. Killing it
[1571120470] wproc: CHECK job 183407 from worker Core Worker 23159 timed out after 30.03s
[1571120470] wproc:   host=Director_Bldg; service=(null);
[1571120470] wproc:   early_timeout=1; exited_ok=0; wait_status=0; error_code=62;
[1571120470] Warning: Check of host 'Director_Bldg' timed out after 30.03 seconds
[1571120471] wproc: Core Worker 23159: job 183407 (pid=28862): Dormant child reaped
[1571120541] wproc: Core Worker 23157: job 183409 (pid=28888) timed out. Killing it
[1571120541] wproc: CHECK job 183409 from worker Core Worker 23157 timed out after 30.02s
[1571120541] wproc:   host=Director_Resident; service=(null);
[1571120541] wproc:   early_timeout=1; exited_ok=0; wait_status=0; error_code=62;
[1571120541] Warning: Check of host 'Director_Resident' timed out after 30.02 seconds
[1571120541] HOST NOTIFICATION: nagiosadmin;Director_Resident;DOWN;notify-host-by-email;(Host check timed out after 30.02 seconds)
[1571120541] HOST ALERT: Director_Resident;DOWN;HARD;10;(Host check timed out after 30.02 seconds)
[1571120541] wproc: Core Worker 23157: job 183409 (pid=28888): Dormant child reaped
[1571120770] wproc: Core Worker 23159: job 183416 (pid=29131) timed out. Killing it
[1571120770] wproc: CHECK job 183416 from worker Core Worker 23159 timed out after 30.03s
[1571120770] wproc:   host=Director_Bldg; service=(null);
[1571120770] wproc:   early_timeout=1; exited_ok=0; wait_status=0; error_code=62;
[1571120770] Warning: Check of host 'Director_Bldg' timed out after 30.03 seconds
[1571120771] wproc: Core Worker 23159: job 183416 (pid=29131): Dormant child reaped
[1571120859] Auto-save of retention data completed successfully.
[1571120871] wproc: Core Worker 23157: job 183419 (pid=29169) timed out. Killing it
[1571120871] wproc: CHECK job 183419 from worker Core Worker 23157 timed out after 30.01s
[1571120871] wproc:   host=Director_Resident; service=(null);
[1571120871] wproc:   early_timeout=1; exited_ok=0; wait_status=0; error_code=62;
[1571120871] Warning: Check of host 'Director_Resident' timed out after 30.01 seconds
[1571120871] wproc: Core Worker 23157: job 183419 (pid=29169): Dormant child reaped
[1571121070] wproc: Core Worker 23160: job 183426 (pid=29377) timed out. Killing it
[1571121070] wproc: CHECK job 183426 from worker Core Worker 23160 timed out after 30.02s
[1571121070] wproc:   host=Director_Bldg; service=(null);
[1571121070] wproc:   early_timeout=1; exited_ok=0; wait_status=0; error_code=62;
[1571121070] Warning: Check of host 'Director_Bldg' timed out after 30.02 seconds
[1571121071] wproc: Core Worker 23160: job 183426 (pid=29377): Dormant child reaped
[1571121146] HOST NOTIFICATION: nagiosadmin;Director_Resident;UP;notify-host-by-email;PING OK - Packet loss = 20%, RTA = 0.67 ms
[1571121146] HOST ALERT: Director_Resident;UP;HARD;1;PING OK - Packet loss = 20%, RTA = 0.67 ms
[1571121214] SERVICE ALERT: Director_Bldg;check-host-alive;OK;HARD;3;PING OK - Packet loss = 0%, RTA = 0.49 ms
[1571121218] HOST NOTIFICATION: nagiosadmin;Director_Bldg;UP;notify-host-by-email;PING OK - Packet loss = 0%, RTA = 0.51 ms
[1571121218] HOST ALERT: Director_Bldg;UP;HARD;1;PING OK - Packet loss = 0%, RTA = 0.51 ms
[1571121317] SERVICE ALERT: Director_Resident;check-host-alive;OK;SOFT;1;PING OK - Packet loss = 0%, RTA = 4.38 ms
[1571123666] SERVICE NOTIFICATION: nagiosadmin;esxi04;ESXi Hardware Check;UNKNOWN;notify-service-by-email;UNKNOWN: (0, 'Socket error: [Errno 104] Connection reset by peer')
[1571124459] Auto-save of retention data completed successfully.
[1571125144] wproc: Core Worker 23160: job 183557 (pid=32608) timed out. Killing it
[1571125144] wproc: CHECK job 183557 from worker Core Worker 23160 timed out after 30.03s
[1571125144] wproc:   host=Director_Bldg; service=(null);
[1571125144] wproc:   early_timeout=1; exited_ok=0; wait_status=0; error_code=62;
[1571125144] Warning: Check of host 'Director_Bldg' timed out after 30.03 seconds
[1571125144] HOST ALERT: Director_Bldg;DOWN;SOFT;1;(Host check timed out after 30.03 seconds)
[1571125145] wproc: Core Worker 23160: job 183557 (pid=32608): Dormant child reaped
[1571125234] wproc: Core Worker 23158: job 183560 (pid=309) timed out. Killing it
[1571125234] wproc: CHECK job 183560 from worker Core Worker 23158 timed out after 30.01s
[1571125234] wproc:   host=Director_Bldg; service=(null);
[1571125234] wproc:   early_timeout=1; exited_ok=0; wait_status=0; error_code=62;
[1571125234] Warning: Check of host 'Director_Bldg' timed out after 30.01 seconds
[1571125234] HOST ALERT: Director_Bldg;DOWN;SOFT;2;(Host check timed out after 30.01 seconds)
[1571125235] wproc: Core Worker 23158: job 183560 (pid=309): Dormant child reaped
[1571125324] wproc: Core Worker 23160: job 183561 (pid=328) timed out. Killing it
[1571125324] wproc: CHECK job 183561 from worker Core Worker 23160 timed out after 30.01s
[1571125324] wproc:   host=Director_Bldg; service=(null);
[1571125324] wproc:   early_timeout=1; exited_ok=0; wait_status=0; error_code=62;
[1571125324] Warning: Check of host 'Director_Bldg' timed out after 30.01 seconds
[1571125324] HOST ALERT: Director_Bldg;DOWN;SOFT;3;(Host check timed out after 30.01 seconds)
[1571125325] wproc: Core Worker 23160: job 183561 (pid=328): Dormant child reaped
[1571125414] wproc: Core Worker 23158: job 183566 (pid=378) timed out. Killing it
[1571125414] wproc: CHECK job 183566 from worker Core Worker 23158 timed out after 30.03s
[1571125414] wproc:   host=Director_Bldg; service=(null);
[1571125414] wproc:   early_timeout=1; exited_ok=0; wait_status=0; error_code=62;
[1571125414] Warning: Check of host 'Director_Bldg' timed out after 30.03 seconds
[1571125414] HOST ALERT: Director_Bldg;DOWN;SOFT;4;(Host check timed out after 30.03 seconds)
[1571125415] wproc: Core Worker 23158: job 183566 (pid=378): Dormant child reaped
[1571125441] SERVICE ALERT: Director_Bldg;check-host-alive;CRITICAL;HARD;1;CRITICAL - Plugin timed out
[1571125504] wproc: Core Worker 23158: job 183568 (pid=401) timed out. Killing it
[1571125504] wproc: CHECK job 183568 from worker Core Worker 23158 timed out after 30.01s
[1571125504] wproc:   host=Director_Bldg; service=(null);
[1571125504] wproc:   early_timeout=1; exited_ok=0; wait_status=0; error_code=62;
[1571125504] Warning: Check of host 'Director_Bldg' timed out after 30.01 seconds
[1571125504] HOST ALERT: Director_Bldg;DOWN;SOFT;5;(Host check timed out after 30.01 seconds)
[1571125505] wproc: Core Worker 23158: job 183568 (pid=401): Dormant child reaped
[1571125544] SERVICE ALERT: Director_Resident;check-host-alive;CRITICAL;SOFT;1;CRITICAL - Plugin timed out
[1571125574] wproc: Core Worker 23159: job 183570 (pid=552) timed out. Killing it
[1571125574] wproc: CHECK job 183570 from worker Core Worker 23159 timed out after 30.03s
[1571125574] wproc:   host=Director_Resident; service=(null);
[1571125574] wproc:   early_timeout=1; exited_ok=0; wait_status=0; error_code=62;
[1571125574] Warning: Check of host 'Director_Resident' timed out after 30.03 seconds
[1571125574] HOST ALERT: Director_Resident;DOWN;SOFT;1;(Host check timed out after 30.03 seconds)
[1571125575] wproc: Core Worker 23159: job 183570 (pid=552): Dormant child reaped
[1571125594] wproc: Core Worker 23160: job 183570 (pid=562) timed out. Killing it
[1571125594] wproc: CHECK job 183570 from worker Core Worker 23160 timed out after 30.03s
[1571125594] wproc:   host=Director_Bldg; service=(null);
[1571125594] wproc:   early_timeout=1; exited_ok=0; wait_status=0; error_code=62;
[1571125594] Warning: Check of host 'Director_Bldg' timed out after 30.03 seconds
[1571125594] HOST ALERT: Director_Bldg;DOWN;SOFT;6;(Host check timed out after 30.03 seconds)
[1571125595] wproc: Core Worker 23160: job 183570 (pid=562): Dormant child reaped
[1571125664] wproc: Core Worker 23160: job 183572 (pid=587) timed out. Killing it
[1571125664] wproc: CHECK job 183572 from worker Core Worker 23160 timed out after 30.01s
[1571125664] wproc:   host=Director_Resident; service=(null);
[1571125664] wproc:   early_timeout=1; exited_ok=0; wait_status=0; error_code=62;
[1571125664] Warning: Check of host 'Director_Resident' timed out after 30.01 seconds
[1571125664] HOST ALERT: Director_Resident;DOWN;SOFT;2;(Host check timed out after 30.01 seconds)
[1571125665] wproc: Core Worker 23160: job 183572 (pid=587): Dormant child reaped
[1571125684] wproc: Core Worker 23159: job 183574 (pid=598) timed out. Killing it
[1571125684] wproc: CHECK job 183574 from worker Core Worker 23159 timed out after 30.02s
[1571125684] wproc:   host=Director_Bldg; service=(null);
[1571125684] wproc:   early_timeout=1; exited_ok=0; wait_status=0; error_code=62;
[1571125684] Warning: Check of host 'Director_Bldg' timed out after 30.02 seconds
[1571125684] HOST ALERT: Director_Bldg;DOWN;SOFT;7;(Host check timed out after 30.02 seconds)
[1571125685] wproc: Core Worker 23159: job 183574 (pid=598): Dormant child reaped
[1571125695] SERVICE ALERT: Director_Resident;check-host-alive;CRITICAL;HARD;3;CRITICAL - Plugin timed out
[1571125754] wproc: Core Worker 23159: job 183578 (pid=632) timed out. Killing it
[1571125754] wproc: CHECK job 183578 from worker Core Worker 23159 timed out after 30.01s
[1571125754] wproc:   host=Director_Resident; service=(null);
[1571125754] wproc:   early_timeout=1; exited_ok=0; wait_status=0; error_code=62;
[1571125754] Warning: Check of host 'Director_Resident' timed out after 30.01 seconds
[1571125754] HOST ALERT: Director_Resident;DOWN;SOFT;3;(Host check timed out after 30.01 seconds)
[1571125755] wproc: Core Worker 23159: job 183578 (pid=632): Dormant child reaped
[1571125774] wproc: Core Worker 23159: job 183579 (pid=648) timed out. Killing it
[1571125774] wproc: CHECK job 183579 from worker Core Worker 23159 timed out after 30.02s
[1571125774] wproc:   host=Director_Bldg; service=(null);
[1571125774] wproc:   early_timeout=1; exited_ok=0; wait_status=0; error_code=62;
[1571125774] Warning: Check of host 'Director_Bldg' timed out after 30.02 seconds
[1571125774] HOST ALERT: Director_Bldg;DOWN;SOFT;8;(Host check timed out after 30.02 seconds)
[1571125775] wproc: Core Worker 23159: job 183579 (pid=648): Dormant child reaped
[1571125844] wproc: Core Worker 23158: job 183581 (pid=808) timed out. Killing it
[1571125844] wproc: CHECK job 183581 from worker Core Worker 23158 timed out after 30.00s
[1571125844] wproc:   host=Director_Resident; service=(null);
[1571125844] wproc:   early_timeout=1; exited_ok=0; wait_status=0; error_code=62;
[1571125844] Warning: Check of host 'Director_Resident' timed out after 30.00 seconds
[1571125844] HOST ALERT: Director_Resident;DOWN;SOFT;4;(Host check timed out after 30.00 seconds)
[1571125845] wproc: Core Worker 23158: job 183581 (pid=808): Dormant child reaped
[1571125865] wproc: Core Worker 23157: job 183582 (pid=814) timed out. Killing it
[1571125865] wproc: CHECK job 183582 from worker Core Worker 23157 timed out after 30.01s
[1571125865] wproc:   host=Director_Bldg; service=(null);
[1571125865] wproc:   early_timeout=1; exited_ok=0; wait_status=0; error_code=62;
[1571125865] Warning: Check of host 'Director_Bldg' timed out after 30.01 seconds
[1571125865] HOST ALERT: Director_Bldg;DOWN;SOFT;9;(Host check timed out after 30.01 seconds)
[1571125865] wproc: Core Worker 23157: job 183582 (pid=814): Dormant child reaped
[1571125934] wproc: Core Worker 23158: job 183583 (pid=831) timed out. Killing it
[1571125934] wproc: CHECK job 183583 from worker Core Worker 23158 timed out after 30.01s
[1571125934] wproc:   host=Director_Resident; service=(null);
[1571125934] wproc:   early_timeout=1; exited_ok=0; wait_status=0; error_code=62;
[1571125934] Warning: Check of host 'Director_Resident' timed out after 30.01 seconds
[1571125934] HOST ALERT: Director_Resident;DOWN;SOFT;5;(Host check timed out after 30.01 seconds)
[1571125935] wproc: Core Worker 23158: job 183583 (pid=831): Dormant child reaped
[1571125955] wproc: Core Worker 23158: job 183584 (pid=847) timed out. Killing it
[1571125955] wproc: CHECK job 183584 from worker Core Worker 23158 timed out after 30.00s
[1571125955] wproc:   host=Director_Bldg; service=(null);
[1571125955] wproc:   early_timeout=1; exited_ok=0; wait_status=0; error_code=62;
[1571125955] Warning: Check of host 'Director_Bldg' timed out after 30.00 seconds
[1571125955] HOST NOTIFICATION: nagiosadmin;Director_Bldg;DOWN;notify-host-by-email;(Host check timed out after 30.00 seconds)
[1571125955] HOST ALERT: Director_Bldg;DOWN;HARD;10;(Host check timed out after 30.00 seconds)
[1571125955] wproc: Core Worker 23158: job 183584 (pid=847): Dormant child reaped
[1571126024] wproc: Core Worker 23160: job 183587 (pid=889) timed out. Killing it
[1571126024] wproc: CHECK job 183587 from worker Core Worker 23160 timed out after 30.03s
[1571126024] wproc:   host=Director_Resident; service=(null);
[1571126024] wproc:   early_timeout=1; exited_ok=0; wait_status=0; error_code=62;
[1571126024] Warning: Check of host 'Director_Resident' timed out after 30.03 seconds
[1571126024] HOST ALERT: Director_Resident;DOWN;SOFT;6;(Host check timed out after 30.03 seconds)
[1571126025] wproc: Core Worker 23160: job 183587 (pid=889): Dormant child reaped
[1571126114] wproc: Core Worker 23160: job 183589 (pid=912) timed out. Killing it
[1571126114] wproc: CHECK job 183589 from worker Core Worker 23160 timed out after 30.01s
[1571126114] wproc:   host=Director_Resident; service=(null);
[1571126114] wproc:   early_timeout=1; exited_ok=0; wait_status=0; error_code=62;
[1571126114] Warning: Check of host 'Director_Resident' timed out after 30.01 seconds
[1571126114] HOST ALERT: Director_Resident;DOWN;SOFT;7;(Host check timed out after 30.01 seconds)
[1571126115] wproc: Core Worker 23160: job 183589 (pid=912): Dormant child reaped
[1571126204] wproc: Core Worker 23160: job 183591 (pid=1070) timed out. Killing it
[1571126204] wproc: CHECK job 183591 from worker Core Worker 23160 timed out after 30.03s
[1571126204] wproc:   host=Director_Resident; service=(null);
[1571126204] wproc:   early_timeout=1; exited_ok=0; wait_status=0; error_code=62;
[1571126204] Warning: Check of host 'Director_Resident' timed out after 30.03 seconds
[1571126204] HOST ALERT: Director_Resident;DOWN;SOFT;8;(Host check timed out after 30.03 seconds)
[1571126205] wproc: Core Worker 23160: job 183591 (pid=1070): Dormant child reaped
[1571126285] wproc: Core Worker 23159: job 183595 (pid=1105) timed out. Killing it
[1571126285] wproc: CHECK job 183595 from worker Core Worker 23159 timed out after 30.01s
[1571126285] wproc:   host=Director_Bldg; service=(null);
[1571126285] wproc:   early_timeout=1; exited_ok=0; wait_status=0; error_code=62;
[1571126285] Warning: Check of host 'Director_Bldg' timed out after 30.01 seconds
[1571126285] wproc: Core Worker 23159: job 183595 (pid=1105): Dormant child reaped
[1571126294] wproc: Core Worker 23157: job 183598 (pid=1121) timed out. Killing it
[1571126294] wproc: CHECK job 183598 from worker Core Worker 23157 timed out after 30.03s
[1571126294] wproc:   host=Director_Resident; service=(null);
[1571126294] wproc:   early_timeout=1; exited_ok=0; wait_status=0; error_code=62;
[1571126294] Warning: Check of host 'Director_Resident' timed out after 30.03 seconds
[1571126294] HOST ALERT: Director_Resident;DOWN;SOFT;9;(Host check timed out after 30.03 seconds)
[1571126295] wproc: Core Worker 23157: job 183598 (pid=1121): Dormant child reaped
[1571126384] wproc: Core Worker 23158: job 183600 (pid=1155) timed out. Killing it
[1571126384] wproc: CHECK job 183600 from worker Core Worker 23158 timed out after 30.03s
[1571126384] wproc:   host=Director_Resident; service=(null);
[1571126384] wproc:   early_timeout=1; exited_ok=0; wait_status=0; error_code=62;
[1571126384] Warning: Check of host 'Director_Resident' timed out after 30.03 seconds
[1571126384] HOST NOTIFICATION: nagiosadmin;Director_Resident;DOWN;notify-host-by-email;(Host check timed out after 30.03 seconds)
[1571126384] HOST ALERT: Director_Resident;DOWN;HARD;10;(Host check timed out after 30.03 seconds)
[1571126385] wproc: Core Worker 23158: job 183600 (pid=1155): Dormant child reaped
[1571126585] wproc: Core Worker 23159: job 183605 (pid=1357) timed out. Killing it
[1571126585] wproc: CHECK job 183605 from worker Core Worker 23159 timed out after 30.01s
[1571126585] wproc:   host=Director_Bldg; service=(null);
[1571126585] wproc:   early_timeout=1; exited_ok=0; wait_status=0; error_code=62;
[1571126585] Warning: Check of host 'Director_Bldg' timed out after 30.01 seconds
[1571126585] wproc: Core Worker 23159: job 183605 (pid=1357): Dormant child reaped
[1571126614] SERVICE FLAPPING ALERT: Director_Bldg;check-host-alive;STARTED; Service appears to have started flapping (22.0% change >= 20.0% threshold)
[1571126614] SERVICE ALERT: Director_Bldg;check-host-alive;OK;HARD;3;PING OK - Packet loss = 0%, RTA = 0.52 ms
[1571126618] HOST NOTIFICATION: nagiosadmin;Director_Bldg;UP;notify-host-by-email;PING OK - Packet loss = 0%, RTA = 0.50 ms
[1571126618] HOST ALERT: Director_Bldg;UP;HARD;1;PING OK - Packet loss = 0%, RTA = 0.50 ms
[1571126689] HOST NOTIFICATION: nagiosadmin;Director_Resident;UP;notify-host-by-email;PING OK - Packet loss = 20%, RTA = 0.63 ms
[1571126689] HOST ALERT: Director_Resident;UP;HARD;1;PING OK - Packet loss = 20%, RTA = 0.63 ms
[1571126868] SERVICE FLAPPING ALERT: Director_Resident;check-host-alive;STARTED; Service appears to have started flapping (22.1% change >= 20.0% threshold)
[1571126868] SERVICE ALERT: Director_Resident;check-host-alive;OK;HARD;3;PING OK - Packet loss = 0%, RTA = 0.73 ms
[1571127266] SERVICE NOTIFICATION: nagiosadmin;esxi04;ESXi Hardware Check;UNKNOWN;notify-service-by-email;UNKNOWN:
[1571128059] Auto-save of retention data completed successfully.
[1571130867] SERVICE NOTIFICATION: nagiosadmin;esxi04;ESXi Hardware Check;UNKNOWN;notify-service-by-email;UNKNOWN:
[1571131397] EXTERNAL COMMAND: DISABLE_SVC_NOTIFICATIONS;esxi04;ESXi Hardware Check
[1571131422] EXTERNAL COMMAND: ENABLE_SVC_NOTIFICATIONS;esxi04;ESXi Hardware Check
[1571131659] Auto-save of retention data completed successfully.
[1571132237] Caught SIGTERM, shutting down...
[1571132237] Caught SIGTERM, shutting down...
[1571132237] Successfully shutdown... (PID=23154)
[1571132237] Nagios 4.4.4 starting... (PID=6293)
[1571132237] Local time is Tue Oct 15 15:07:17 IST 2019
[1571132237] LOG VERSION: 2.0
[1571132237] qh: Socket '/usr/local/nagios/var/rw/nagios.qh' successfully initialized
[1571132237] qh: core query handler registered
[1571132237] qh: echo service query handler registered
[1571132237] qh: help for the query handler registered
[1571132237] wproc: Successfully registered manager as @wproc with query handler
[1571132237] wproc: Registry request: name=Core Worker 6294;pid=6294
[1571132237] wproc: Registry request: name=Core Worker 6295;pid=6295
[1571132237] wproc: Registry request: name=Core Worker 6296;pid=6296
[1571132237] wproc: Registry request: name=Core Worker 6297;pid=6297
[1571132237] Successfully launched command file worker with pid 6298
[1571132238] Caught SIGTERM, shutting down...
[1571132238] Caught SIGTERM, shutting down...
[1571132238] Caught SIGTERM, shutting down...
[1571132238] Successfully shutdown... (PID=6293)
[1571132238] Nagios 4.4.4 starting... (PID=6312)
[1571132238] Local time is Tue Oct 15 15:07:18 IST 2019
[1571132238] LOG VERSION: 2.0
[1571132238] qh: Socket '/usr/local/nagios/var/rw/nagios.qh' successfully initialized
[1571132238] qh: core query handler registered
[1571132238] qh: echo service query handler registered
[1571132238] qh: help for the query handler registered
[1571132238] wproc: Successfully registered manager as @wproc with query handler
[1571132238] wproc: Registry request: name=Core Worker 6315;pid=6315
[1571132238] wproc: Registry request: name=Core Worker 6316;pid=6316
[1571132238] wproc: Registry request: name=Core Worker 6318;pid=6318
[1571132238] wproc: Registry request: name=Core Worker 6317;pid=6317
[1571132238] Successfully launched command file worker with pid 6319
[1571132271] Caught SIGTERM, shutting down...
[1571132271] Caught SIGTERM, shutting down...
[1571132271] Caught SIGTERM, shutting down...
[1571132271] Successfully shutdown... (PID=6312)
[1571132271] Nagios 4.4.4 starting... (PID=6375)
[1571132271] Local time is Tue Oct 15 15:07:51 IST 2019
[1571132271] LOG VERSION: 2.0
[1571132271] qh: Socket '/usr/local/nagios/var/rw/nagios.qh' successfully initialized
[1571132271] qh: core query handler registered
[1571132271] qh: echo service query handler registered
[1571132271] qh: help for the query handler registered
[1571132271] wproc: Successfully registered manager as @wproc with query handler
[1571132271] wproc: Registry request: name=Core Worker 6377;pid=6377
[1571132271] wproc: Registry request: name=Core Worker 6378;pid=6378
[1571132271] wproc: Registry request: name=Core Worker 6379;pid=6379
[1571132271] wproc: Registry request: name=Core Worker 6376;pid=6376
[1571132271] Successfully launched command file worker with pid 6380
[1571132272] Caught SIGTERM, shutting down...
[1571132272] wproc: Socket to worker Core Worker 6378 broken, removing
[1571132272] wproc: Socket to worker Core Worker 6379 broken, removing
[1571132272] Caught SIGTERM, shutting down...
[1571132272] Successfully shutdown... (PID=6375)
[1571132272] Nagios 4.4.4 starting... (PID=6399)
[1571132272] Local time is Tue Oct 15 15:07:52 IST 2019
[1571132272] LOG VERSION: 2.0
[1571132272] qh: Socket '/usr/local/nagios/var/rw/nagios.qh' successfully initialized
[1571132272] qh: core query handler registered
[1571132272] qh: echo service query handler registered
[1571132272] qh: help for the query handler registered
[1571132272] wproc: Successfully registered manager as @wproc with query handler
[1571132272] wproc: Registry request: name=Core Worker 6403;pid=6403
[1571132272] wproc: Registry request: name=Core Worker 6400;pid=6400
[1571132272] wproc: Registry request: name=Core Worker 6401;pid=6401
[1571132272] wproc: Registry request: name=Core Worker 6402;pid=6402
[1571132272] Successfully launched command file worker with pid 6404
[1571132273] Caught SIGTERM, shutting down...
[1571132273] Caught SIGTERM, shutting down...
[1571132273] Caught SIGTERM, shutting down...
[1571132273] Successfully shutdown... (PID=6399)
[1571132273] Nagios 4.4.4 starting... (PID=6424)
[1571132273] Local time is Tue Oct 15 15:07:53 IST 2019
[1571132273] LOG VERSION: 2.0
[1571132273] qh: Socket '/usr/local/nagios/var/rw/nagios.qh' successfully initialized
[1571132273] qh: core query handler registered
[1571132273] qh: echo service query handler registered
[1571132273] qh: help for the query handler registered
[1571132273] wproc: Successfully registered manager as @wproc with query handler
[1571132273] wproc: Registry request: name=Core Worker 6426;pid=6426
[1571132273] wproc: Registry request: name=Core Worker 6427;pid=6427
[1571132273] wproc: Registry request: name=Core Worker 6428;pid=6428
[1571132273] wproc: Registry request: name=Core Worker 6425;pid=6425
[1571132273] Successfully launched command file worker with pid 6429
[1571132273] Caught SIGTERM, shutting down...
[1571132273] Caught SIGTERM, shutting down...
[1571132273] Caught SIGTERM, shutting down...
[1571132273] Successfully shutdown... (PID=6424)
[1571132273] Nagios 4.4.4 starting... (PID=6448)
[1571132273] Local time is Tue Oct 15 15:07:53 IST 2019
[1571132273] LOG VERSION: 2.0
[1571132273] qh: Socket '/usr/local/nagios/var/rw/nagios.qh' successfully initialized
[1571132273] qh: core query handler registered
[1571132273] qh: echo service query handler registered
[1571132273] qh: help for the query handler registered
[1571132273] wproc: Successfully registered manager as @wproc with query handler
[1571132273] wproc: Registry request: name=Core Worker 6449;pid=6449
[1571132273] wproc: Registry request: name=Core Worker 6452;pid=6452
[1571132273] wproc: Registry request: name=Core Worker 6450;pid=6450
[1571132273] wproc: Registry request: name=Core Worker 6451;pid=6451
[1571132273] Successfully launched command file worker with pid 6453
[1571132320] Caught SIGTERM, shutting down...
[1571132320] Caught SIGTERM, shutting down...
[1571132320] Caught SIGTERM, shutting down...
[1571132320] Successfully shutdown... (PID=6448)
[1571132320] Nagios 4.4.4 starting... (PID=6488)
[1571132320] Local time is Tue Oct 15 15:08:40 IST 2019
[1571132320] LOG VERSION: 2.0
[1571132320] qh: Socket '/usr/local/nagios/var/rw/nagios.qh' successfully initialized
[1571132320] qh: core query handler registered
[1571132320] qh: echo service query handler registered
[1571132320] qh: help for the query handler registered
[1571132320] wproc: Successfully registered manager as @wproc with query handler
[1571132320] wproc: Registry request: name=Core Worker 6489;pid=6489
[1571132320] wproc: Registry request: name=Core Worker 6490;pid=6490
[1571132320] wproc: Registry request: name=Core Worker 6491;pid=6491
[1571132320] wproc: Registry request: name=Core Worker 6492;pid=6492
[1571132320] Successfully launched command file worker with pid 6493
[1571132321] Caught SIGTERM, shutting down...
[1571132321] Caught SIGTERM, shutting down...
[1571132321] Caught SIGTERM, shutting down...
[1571132321] Successfully shutdown... (PID=6488)
[1571132321] Nagios 4.4.4 starting... (PID=6508)
[1571132321] Local time is Tue Oct 15 15:08:41 IST 2019
[1571132321] LOG VERSION: 2.0
[1571132321] qh: Socket '/usr/local/nagios/var/rw/nagios.qh' successfully initialized
[1571132321] qh: core query handler registered
[1571132321] qh: echo service query handler registered
[1571132321] qh: help for the query handler registered
[1571132321] wproc: Successfully registered manager as @wproc with query handler
[1571132321] wproc: Registry request: name=Core Worker 6512;pid=6512
[1571132321] wproc: Registry request: name=Core Worker 6509;pid=6509
[1571132321] wproc: Registry request: name=Core Worker 6510;pid=6510
[1571132321] wproc: Registry request: name=Core Worker 6511;pid=6511
[1571132321] Successfully launched command file worker with pid 6513
[1571132675] SERVICE NOTIFICATION: nagiosadmin;esxi04;ESXi Hardware Check;OK;notify-service-by-email;OK - Server: Cisco Systems Inc UCSC-C220-M4S s/n: FCH22137QKB Chassis S/N: FCH2216V0YZ  System BIOS: C220M4.3.0.4a.0.0226182253 2018-02-26
[1571132675] SERVICE ALERT: esxi04;ESXi Hardware Check;OK;HARD;3;OK - Server: Cisco Systems Inc UCSC-C220-M4S s/n: FCH22137QKB Chassis S/N: FCH2216V0YZ  System BIOS: C220M4.3.0.4a.0.0226182253 2018-02-26
[1571132832] SERVICE ALERT: esxi01;PING;WARNING;SOFT;1;PING WARNING - Packet loss = 20%, RTA = 0.41 ms
[1571132896] SERVICE ALERT: esxi01;PING;OK;SOFT;2;PING OK - Packet loss = 0%, RTA = 0.44 ms
[1571135921] Auto-save of retention data completed successfully.
[1571139521] Auto-save of retention data completed successfully.
[1571143121] Auto-save of retention data completed successfully.
[1571146721] Auto-save of retention data completed successfully.
[1571150321] Auto-save of retention data completed successfully.
[1571153921] Auto-save of retention data completed successfully.
[1571157521] Auto-save of retention data completed successfully.
[1571161121] Auto-save of retention data completed successfully.
