[1577989800] LOG ROTATION: DAILY
[1577989800] LOG VERSION: 2.0
[1577989800] CURRENT HOST STATE: AP_Main_Bldg;UP;HARD;1;PING OK - Packet loss = 0%, RTA = 0.74 ms
[1577989800] CURRENT HOST STATE: Director_Bldg;UP;HARD;1;PING OK - Packet loss = 0%, RTA = 0.60 ms
[1577989800] CURRENT HOST STATE: Director_Resident;UP;HARD;1;PING OK - Packet loss = 0%, RTA = 0.80 ms
[1577989800] CURRENT HOST STATE: esxi01;UP;HARD;1;PING OK - Packet loss = 0%, RTA = 0.95 ms
[1577989800] CURRENT HOST STATE: esxi02;UP;HARD;1;PING OK - Packet loss = 0%, RTA = 0.56 ms
[1577989800] CURRENT HOST STATE: esxi03;UP;HARD;1;PING OK - Packet loss = 0%, RTA = 0.50 ms
[1577989800] CURRENT HOST STATE: esxi04;UP;HARD;1;PING OK - Packet loss = 0%, RTA = 0.48 ms
[1577989800] CURRENT HOST STATE: esxi05;UP;HARD;1;PING OK - Packet loss = 0%, RTA = 0.66 ms
[1577989800] CURRENT HOST STATE: esxi06;UP;HARD;1;PING OK - Packet loss = 0%, RTA = 0.52 ms
[1577989800] CURRENT HOST STATE: esxi07;UP;HARD;1;PING OK - Packet loss = 0%, RTA = 0.56 ms
[1577989800] CURRENT HOST STATE: esxi08;UP;HARD;1;PING OK - Packet loss = 0%, RTA = 0.45 ms
[1577989800] CURRENT HOST STATE: esxi09;UP;HARD;1;PING OK - Packet loss = 0%, RTA = 0.47 ms
[1577989800] CURRENT HOST STATE: localhost;UP;HARD;1;PING OK - Packet loss = 0%, RTA = 0.03 ms
[1577989800] CURRENT HOST STATE: vmware10gswitch;UP;HARD;1;PING OK - Packet loss = 0%, RTA = 1.38 ms
[1577989800] CURRENT HOST STATE: vmwaremgmtswitch;UP;HARD;1;PING OK - Packet loss = 0%, RTA = 0.84 ms
[1577989800] CURRENT SERVICE STATE: AP_Main_Bldg;check-host-alive;OK;HARD;1;PING OK - Packet loss = 0%, RTA = 0.76 ms
[1577989800] CURRENT SERVICE STATE: Director_Bldg;check-host-alive;OK;HARD;1;PING OK - Packet loss = 0%, RTA = 0.70 ms
[1577989800] CURRENT SERVICE STATE: Director_Resident;check-host-alive;OK;HARD;1;PING OK - Packet loss = 0%, RTA = 1.04 ms
[1577989800] CURRENT SERVICE STATE: esxi01;ESXi Hardware Check;OK;HARD;1;OK - Server: Cisco Systems Inc UCSC-C220-M4S s/n: FCH22157EQH Chassis S/N: FCH2216V0WN  System BIOS: C220M4.3.0.4a.0.0226182253 2018-02-26
[1577989800] CURRENT SERVICE STATE: esxi01;PING;OK;HARD;1;PING OK - Packet loss = 0%, RTA = 0.50 ms
[1577989800] CURRENT SERVICE STATE: esxi02;ESXi Hardware Check;OK;HARD;1;OK - Server: Cisco Systems Inc UCSC-C220-M4S s/n: FCH22157E1D Chassis S/N: FCH2216V0Y6  System BIOS: C220M4.3.0.4a.0.0226182253 2018-02-26
[1577989800] CURRENT SERVICE STATE: esxi02;PING;OK;HARD;1;PING OK - Packet loss = 0%, RTA = 0.46 ms
[1577989800] CURRENT SERVICE STATE: esxi03;ESXi Hardware Check;OK;HARD;1;OK - Server: Cisco Systems Inc UCSC-C220-M4S s/n: FCH22157ESB Chassis S/N: FCH2216V0TW  System BIOS: C220M4.3.0.4a.0.0226182253 2018-02-26
[1577989800] CURRENT SERVICE STATE: esxi03;PING;OK;HARD;1;PING OK - Packet loss = 0%, RTA = 0.47 ms
[1577989800] CURRENT SERVICE STATE: esxi04;ESXi Hardware Check;OK;HARD;1;OK - Server: Cisco Systems Inc UCSC-C220-M4S s/n: FCH22137QKB Chassis S/N: FCH2216V0YZ  System BIOS: C220M4.3.0.4a.0.0226182253 2018-02-26
[1577989800] CURRENT SERVICE STATE: esxi04;PING;OK;HARD;1;PING OK - Packet loss = 0%, RTA = 0.42 ms
[1577989800] CURRENT SERVICE STATE: esxi05;ESXi Hardware Check;OK;HARD;1;OK - Server: Cisco Systems Inc UCSC-C220-M4S s/n: FCH22157EPD Chassis S/N: FCH2216V0Z0  System BIOS: C220M4.3.0.4a.0.0226182253 2018-02-26
[1577989800] CURRENT SERVICE STATE: esxi05;PING;OK;HARD;1;PING OK - Packet loss = 0%, RTA = 0.44 ms
[1577989800] CURRENT SERVICE STATE: esxi06;ESXi Haradware Check;OK;HARD;1;OK - Server: Cisco Systems Inc UCSC-C220-M4S s/n: FCH22157ERW Chassis S/N: FCH2216V0X8  System BIOS: C220M4.3.0.4a.0.0226182253 2018-02-26
[1577989800] CURRENT SERVICE STATE: esxi06;PING;OK;HARD;1;PING OK - Packet loss = 0%, RTA = 1.48 ms
[1577989800] CURRENT SERVICE STATE: esxi07;ESXi Hardware Check;OK;HARD;1;OK - Server: Cisco Systems Inc UCSC-C220-M4S s/n: FCH22157EV7 Chassis S/N: FCH2216V0Y8  System BIOS: C220M4.3.0.4a.0.0226182253 2018-02-26
[1577989800] CURRENT SERVICE STATE: esxi07;PING;OK;HARD;1;PING OK - Packet loss = 0%, RTA = 0.58 ms
[1577989800] CURRENT SERVICE STATE: esxi08;ESXi Hardware Check;OK;HARD;1;OK - Server: Cisco Systems Inc UCSC-C220-M4S s/n: FCH22137QJN Chassis S/N: FCH2216V0YV  System BIOS: C220M4.3.0.4a.0.0226182253 2018-02-26
[1577989800] CURRENT SERVICE STATE: esxi08;PING;OK;HARD;1;PING OK - Packet loss = 0%, RTA = 0.45 ms
[1577989800] CURRENT SERVICE STATE: esxi09;ESXi Hardware Check;OK;HARD;1;OK - Server: Cisco Systems Inc UCSC-C220-M4S s/n: FCH22157ERY Chassis S/N: FCH2216V0YN  System BIOS: C220M4.3.0.4a.0.0226182253 2018-02-26
[1577989800] CURRENT SERVICE STATE: esxi09;PING;OK;HARD;1;PING OK - Packet loss = 0%, RTA = 0.61 ms
[1577989800] CURRENT SERVICE STATE: localhost;Current Load;OK;HARD;1;OK - load average: 0.01, 0.04, 0.05
[1577989800] CURRENT SERVICE STATE: localhost;Current Users;OK;HARD;1;USERS OK - 0 users currently logged in
[1577989800] CURRENT SERVICE STATE: localhost;PING;OK;HARD;1;PING OK - Packet loss = 0%, RTA = 0.04 ms
[1577989800] CURRENT SERVICE STATE: localhost;Root Partition;OK;HARD;1;DISK OK - free space: / 42836 MB (83.70% inode=99%):
[1577989800] CURRENT SERVICE STATE: localhost;SSH;OK;HARD;1;SSH OK - OpenSSH_7.4 (protocol 2.0)
[1577989800] CURRENT SERVICE STATE: localhost;Swap Usage;OK;HARD;1;SWAP OK - 100% free (3967 MB out of 3967 MB)
[1577989800] CURRENT SERVICE STATE: localhost;Total Processes;OK;HARD;1;PROCS OK: 84 processes with STATE = RSZDT
[1577989800] CURRENT SERVICE STATE: vmware10gswitch;check-host-alive;OK;HARD;1;PING OK - Packet loss = 0%, RTA = 1.31 ms
[1577989800] CURRENT SERVICE STATE: vmwaremgmtswitch;check-host-alive;OK;HARD;1;PING OK - Packet loss = 0%, RTA = 0.83 ms
[1577992085] Auto-save of retention data completed successfully.
[1577995685] Auto-save of retention data completed successfully.
[1577999285] Auto-save of retention data completed successfully.
[1578002885] Auto-save of retention data completed successfully.
[1578006485] Auto-save of retention data completed successfully.
[1578010085] Auto-save of retention data completed successfully.
[1578013685] Auto-save of retention data completed successfully.
[1578017285] Auto-save of retention data completed successfully.
[1578020885] Auto-save of retention data completed successfully.
[1578024485] Auto-save of retention data completed successfully.
[1578028085] Auto-save of retention data completed successfully.
[1578030884] wproc: Core Worker 22691: job 68541 (pid=24261) timed out. Killing it
[1578030884] wproc: CHECK job 68541 from worker Core Worker 22691 timed out after 30.03s
[1578030884] wproc:   host=Director_Bldg; service=(null);
[1578030884] wproc:   early_timeout=1; exited_ok=0; wait_status=0; error_code=62;
[1578030884] Warning: Check of host 'Director_Bldg' timed out after 30.03 seconds
[1578030884] HOST ALERT: Director_Bldg;DOWN;SOFT;1;(Host check timed out after 30.03 seconds)
[1578030884] wproc: Core Worker 22691: job 68541 (pid=24261): Dormant child reaped
[1578030890] SERVICE ALERT: Director_Bldg;check-host-alive;CRITICAL;HARD;1;CRITICAL - Plugin timed out
[1578030974] wproc: Core Worker 22689: job 68543 (pid=24418) timed out. Killing it
[1578030974] wproc: CHECK job 68543 from worker Core Worker 22689 timed out after 30.03s
[1578030974] wproc:   host=Director_Bldg; service=(null);
[1578030974] wproc:   early_timeout=1; exited_ok=0; wait_status=0; error_code=62;
[1578030974] Warning: Check of host 'Director_Bldg' timed out after 30.03 seconds
[1578030974] HOST ALERT: Director_Bldg;DOWN;SOFT;2;(Host check timed out after 30.03 seconds)
[1578030974] wproc: Core Worker 22689: job 68543 (pid=24418): Dormant child reaped
[1578031064] wproc: Core Worker 22691: job 68544 (pid=24448) timed out. Killing it
[1578031064] wproc: CHECK job 68544 from worker Core Worker 22691 timed out after 30.01s
[1578031064] wproc:   host=Director_Bldg; service=(null);
[1578031064] wproc:   early_timeout=1; exited_ok=0; wait_status=0; error_code=62;
[1578031064] Warning: Check of host 'Director_Bldg' timed out after 30.01 seconds
[1578031064] HOST ALERT: Director_Bldg;DOWN;SOFT;3;(Host check timed out after 30.01 seconds)
[1578031064] wproc: Core Worker 22691: job 68544 (pid=24448): Dormant child reaped
[1578031145] wproc: Core Worker 22690: job 68550 (pid=24499) timed out. Killing it
[1578031145] wproc: CHECK job 68550 from worker Core Worker 22690 timed out after 30.03s
[1578031145] wproc:   host=Director_Resident; service=(null);
[1578031145] wproc:   early_timeout=1; exited_ok=0; wait_status=0; error_code=62;
[1578031145] Warning: Check of host 'Director_Resident' timed out after 30.03 seconds
[1578031145] HOST ALERT: Director_Resident;DOWN;SOFT;1;(Host check timed out after 30.03 seconds)
[1578031145] wproc: Core Worker 22690: job 68550 (pid=24499): Dormant child reaped
[1578031154] wproc: Core Worker 22692: job 68550 (pid=24503) timed out. Killing it
[1578031154] wproc: CHECK job 68550 from worker Core Worker 22692 timed out after 30.03s
[1578031154] wproc:   host=Director_Bldg; service=(null);
[1578031154] wproc:   early_timeout=1; exited_ok=0; wait_status=0; error_code=62;
[1578031154] Warning: Check of host 'Director_Bldg' timed out after 30.03 seconds
[1578031154] HOST ALERT: Director_Bldg;DOWN;SOFT;4;(Host check timed out after 30.03 seconds)
[1578031154] wproc: Core Worker 22692: job 68550 (pid=24503): Dormant child reaped
[1578031235] wproc: Core Worker 22689: job 68553 (pid=24668) timed out. Killing it
[1578031235] wproc: CHECK job 68553 from worker Core Worker 22689 timed out after 30.01s
[1578031235] wproc:   host=Director_Resident; service=(null);
[1578031235] wproc:   early_timeout=1; exited_ok=0; wait_status=0; error_code=62;
[1578031235] Warning: Check of host 'Director_Resident' timed out after 30.01 seconds
[1578031235] HOST ALERT: Director_Resident;DOWN;SOFT;2;(Host check timed out after 30.01 seconds)
[1578031235] wproc: Core Worker 22689: job 68553 (pid=24668): Dormant child reaped
[1578031244] wproc: Core Worker 22690: job 68553 (pid=24678) timed out. Killing it
[1578031244] wproc: CHECK job 68553 from worker Core Worker 22690 timed out after 30.02s
[1578031244] wproc:   host=Director_Bldg; service=(null);
[1578031244] wproc:   early_timeout=1; exited_ok=0; wait_status=0; error_code=62;
[1578031244] Warning: Check of host 'Director_Bldg' timed out after 30.02 seconds
[1578031244] HOST ALERT: Director_Bldg;DOWN;SOFT;5;(Host check timed out after 30.02 seconds)
[1578031245] wproc: Core Worker 22690: job 68553 (pid=24678): Dormant child reaped
[1578031325] wproc: Core Worker 22691: job 68555 (pid=24702) timed out. Killing it
[1578031325] wproc: CHECK job 68555 from worker Core Worker 22691 timed out after 30.03s
[1578031325] wproc:   host=Director_Resident; service=(null);
[1578031325] wproc:   early_timeout=1; exited_ok=0; wait_status=0; error_code=62;
[1578031325] Warning: Check of host 'Director_Resident' timed out after 30.03 seconds
[1578031325] HOST ALERT: Director_Resident;DOWN;SOFT;3;(Host check timed out after 30.03 seconds)
[1578031325] wproc: Core Worker 22691: job 68555 (pid=24702): Dormant child reaped
[1578031334] wproc: Core Worker 22692: job 68555 (pid=24704) timed out. Killing it
[1578031334] wproc: CHECK job 68555 from worker Core Worker 22692 timed out after 30.03s
[1578031334] wproc:   host=Director_Bldg; service=(null);
[1578031334] wproc:   early_timeout=1; exited_ok=0; wait_status=0; error_code=62;
[1578031334] Warning: Check of host 'Director_Bldg' timed out after 30.03 seconds
[1578031334] HOST ALERT: Director_Bldg;DOWN;SOFT;6;(Host check timed out after 30.03 seconds)
[1578031335] wproc: Core Worker 22692: job 68555 (pid=24704): Dormant child reaped
[1578031415] wproc: Core Worker 22690: job 68559 (pid=24739) timed out. Killing it
[1578031415] wproc: CHECK job 68559 from worker Core Worker 22690 timed out after 30.01s
[1578031415] wproc:   host=Director_Resident; service=(null);
[1578031415] wproc:   early_timeout=1; exited_ok=0; wait_status=0; error_code=62;
[1578031415] Warning: Check of host 'Director_Resident' timed out after 30.01 seconds
[1578031415] HOST ALERT: Director_Resident;DOWN;SOFT;4;(Host check timed out after 30.01 seconds)
[1578031415] wproc: Core Worker 22690: job 68559 (pid=24739): Dormant child reaped
[1578031424] wproc: Core Worker 22691: job 68559 (pid=24749) timed out. Killing it
[1578031424] wproc: CHECK job 68559 from worker Core Worker 22691 timed out after 30.01s
[1578031424] wproc:   host=Director_Bldg; service=(null);
[1578031424] wproc:   early_timeout=1; exited_ok=0; wait_status=0; error_code=62;
[1578031424] Warning: Check of host 'Director_Bldg' timed out after 30.01 seconds
[1578031424] HOST ALERT: Director_Bldg;DOWN;SOFT;7;(Host check timed out after 30.01 seconds)
[1578031425] wproc: Core Worker 22691: job 68559 (pid=24749): Dormant child reaped
[1578031505] wproc: Core Worker 22691: job 68562 (pid=24781) timed out. Killing it
[1578031505] wproc: CHECK job 68562 from worker Core Worker 22691 timed out after 30.03s
[1578031505] wproc:   host=Director_Resident; service=(null);
[1578031505] wproc:   early_timeout=1; exited_ok=0; wait_status=0; error_code=62;
[1578031505] Warning: Check of host 'Director_Resident' timed out after 30.03 seconds
[1578031505] HOST ALERT: Director_Resident;DOWN;SOFT;5;(Host check timed out after 30.03 seconds)
[1578031505] wproc: Core Worker 22691: job 68562 (pid=24781): Dormant child reaped
[1578031514] wproc: Core Worker 22692: job 68562 (pid=24783) timed out. Killing it
[1578031514] wproc: CHECK job 68562 from worker Core Worker 22692 timed out after 30.01s
[1578031514] wproc:   host=Director_Bldg; service=(null);
[1578031514] wproc:   early_timeout=1; exited_ok=0; wait_status=0; error_code=62;
[1578031514] Warning: Check of host 'Director_Bldg' timed out after 30.01 seconds
[1578031514] HOST ALERT: Director_Bldg;DOWN;SOFT;8;(Host check timed out after 30.01 seconds)
[1578031515] wproc: Core Worker 22692: job 68562 (pid=24783): Dormant child reaped
[1578031545] SERVICE ALERT: Director_Resident;check-host-alive;CRITICAL;HARD;1;CRITICAL - Plugin timed out
[1578031595] wproc: Core Worker 22689: job 68564 (pid=24937) timed out. Killing it
[1578031595] wproc: CHECK job 68564 from worker Core Worker 22689 timed out after 30.01s
[1578031595] wproc:   host=Director_Resident; service=(null);
[1578031595] wproc:   early_timeout=1; exited_ok=0; wait_status=0; error_code=62;
[1578031595] Warning: Check of host 'Director_Resident' timed out after 30.01 seconds
[1578031595] HOST ALERT: Director_Resident;DOWN;SOFT;6;(Host check timed out after 30.01 seconds)
[1578031595] wproc: Core Worker 22689: job 68564 (pid=24937): Dormant child reaped
[1578031604] wproc: Core Worker 22691: job 68564 (pid=24949) timed out. Killing it
[1578031604] wproc: CHECK job 68564 from worker Core Worker 22691 timed out after 30.03s
[1578031604] wproc:   host=Director_Bldg; service=(null);
[1578031604] wproc:   early_timeout=1; exited_ok=0; wait_status=0; error_code=62;
[1578031604] Warning: Check of host 'Director_Bldg' timed out after 30.03 seconds
[1578031604] HOST ALERT: Director_Bldg;DOWN;SOFT;9;(Host check timed out after 30.03 seconds)
[1578031605] wproc: Core Worker 22691: job 68564 (pid=24949): Dormant child reaped
[1578031685] Auto-save of retention data completed successfully.
[1578031685] wproc: Core Worker 22690: job 68569 (pid=24993) timed out. Killing it
[1578031685] wproc: CHECK job 68569 from worker Core Worker 22690 timed out after 30.02s
[1578031685] wproc:   host=Director_Resident; service=(null);
[1578031685] wproc:   early_timeout=1; exited_ok=0; wait_status=0; error_code=62;
[1578031685] Warning: Check of host 'Director_Resident' timed out after 30.02 seconds
[1578031685] HOST ALERT: Director_Resident;DOWN;SOFT;7;(Host check timed out after 30.02 seconds)
[1578031685] wproc: Core Worker 22690: job 68569 (pid=24993): Dormant child reaped
[1578031694] wproc: Core Worker 22692: job 68569 (pid=24997) timed out. Killing it
[1578031694] wproc: CHECK job 68569 from worker Core Worker 22692 timed out after 30.02s
[1578031694] wproc:   host=Director_Bldg; service=(null);
[1578031694] wproc:   early_timeout=1; exited_ok=0; wait_status=0; error_code=62;
[1578031694] Warning: Check of host 'Director_Bldg' timed out after 30.02 seconds
[1578031694] HOST NOTIFICATION: nagiosadmin;Director_Bldg;DOWN;notify-host-by-email;(Host check timed out after 30.02 seconds)
[1578031694] HOST ALERT: Director_Bldg;DOWN;HARD;10;(Host check timed out after 30.02 seconds)
[1578031695] wproc: Core Worker 22692: job 68569 (pid=24997): Dormant child reaped
[1578031775] wproc: Core Worker 22691: job 68572 (pid=25033) timed out. Killing it
[1578031775] wproc: CHECK job 68572 from worker Core Worker 22691 timed out after 30.03s
[1578031775] wproc:   host=Director_Resident; service=(null);
[1578031775] wproc:   early_timeout=1; exited_ok=0; wait_status=0; error_code=62;
[1578031775] Warning: Check of host 'Director_Resident' timed out after 30.03 seconds
[1578031775] HOST ALERT: Director_Resident;DOWN;SOFT;8;(Host check timed out after 30.03 seconds)
[1578031775] wproc: Core Worker 22691: job 68572 (pid=25033): Dormant child reaped
[1578031865] wproc: Core Worker 22690: job 68575 (pid=25206) timed out. Killing it
[1578031865] wproc: CHECK job 68575 from worker Core Worker 22690 timed out after 30.03s
[1578031865] wproc:   host=Director_Resident; service=(null);
[1578031865] wproc:   early_timeout=1; exited_ok=0; wait_status=0; error_code=62;
[1578031865] Warning: Check of host 'Director_Resident' timed out after 30.03 seconds
[1578031865] HOST ALERT: Director_Resident;DOWN;SOFT;9;(Host check timed out after 30.03 seconds)
[1578031865] wproc: Core Worker 22690: job 68575 (pid=25206): Dormant child reaped
[1578031955] wproc: Core Worker 22689: job 68577 (pid=25226) timed out. Killing it
[1578031955] wproc: CHECK job 68577 from worker Core Worker 22689 timed out after 30.01s
[1578031955] wproc:   host=Director_Resident; service=(null);
[1578031955] wproc:   early_timeout=1; exited_ok=0; wait_status=0; error_code=62;
[1578031955] Warning: Check of host 'Director_Resident' timed out after 30.01 seconds
[1578031955] HOST NOTIFICATION: nagiosadmin;Director_Resident;DOWN;notify-host-by-email;(Host check timed out after 30.01 seconds)
[1578031955] HOST ALERT: Director_Resident;DOWN;HARD;10;(Host check timed out after 30.01 seconds)
[1578031955] wproc: Core Worker 22689: job 68577 (pid=25226): Dormant child reaped
[1578032024] wproc: Core Worker 22691: job 68580 (pid=25275) timed out. Killing it
[1578032024] wproc: CHECK job 68580 from worker Core Worker 22691 timed out after 30.01s
[1578032024] wproc:   host=Director_Bldg; service=(null);
[1578032024] wproc:   early_timeout=1; exited_ok=0; wait_status=0; error_code=62;
[1578032024] Warning: Check of host 'Director_Bldg' timed out after 30.01 seconds
[1578032025] wproc: Core Worker 22691: job 68580 (pid=25275): Dormant child reaped
[1578032285] wproc: Core Worker 22690: job 68589 (pid=25512) timed out. Killing it
[1578032285] wproc: CHECK job 68589 from worker Core Worker 22690 timed out after 30.02s
[1578032285] wproc:   host=Director_Resident; service=(null);
[1578032285] wproc:   early_timeout=1; exited_ok=0; wait_status=0; error_code=62;
[1578032285] Warning: Check of host 'Director_Resident' timed out after 30.02 seconds
[1578032285] wproc: Core Worker 22690: job 68589 (pid=25512): Dormant child reaped
[1578032324] wproc: Core Worker 22692: job 68589 (pid=25525) timed out. Killing it
[1578032324] wproc: CHECK job 68589 from worker Core Worker 22692 timed out after 30.01s
[1578032324] wproc:   host=Director_Bldg; service=(null);
[1578032324] wproc:   early_timeout=1; exited_ok=0; wait_status=0; error_code=62;
[1578032324] Warning: Check of host 'Director_Bldg' timed out after 30.01 seconds
[1578032325] wproc: Core Worker 22692: job 68589 (pid=25525): Dormant child reaped
[1578032585] wproc: Core Worker 22689: job 68599 (pid=25764) timed out. Killing it
[1578032585] wproc: CHECK job 68599 from worker Core Worker 22689 timed out after 30.03s
[1578032585] wproc:   host=Director_Resident; service=(null);
[1578032585] wproc:   early_timeout=1; exited_ok=0; wait_status=0; error_code=62;
[1578032585] Warning: Check of host 'Director_Resident' timed out after 30.03 seconds
[1578032585] wproc: Core Worker 22689: job 68599 (pid=25764): Dormant child reaped
[1578032624] wproc: Core Worker 22691: job 68599 (pid=25776) timed out. Killing it
[1578032624] wproc: CHECK job 68599 from worker Core Worker 22691 timed out after 30.00s
[1578032624] wproc:   host=Director_Bldg; service=(null);
[1578032624] wproc:   early_timeout=1; exited_ok=0; wait_status=0; error_code=62;
[1578032624] Warning: Check of host 'Director_Bldg' timed out after 30.00 seconds
[1578032625] wproc: Core Worker 22691: job 68599 (pid=25776): Dormant child reaped
[1578032885] wproc: Core Worker 22690: job 68608 (pid=26015) timed out. Killing it
[1578032885] wproc: CHECK job 68608 from worker Core Worker 22690 timed out after 30.03s
[1578032885] wproc:   host=Director_Resident; service=(null);
[1578032885] wproc:   early_timeout=1; exited_ok=0; wait_status=0; error_code=62;
[1578032885] Warning: Check of host 'Director_Resident' timed out after 30.03 seconds
[1578032885] wproc: Core Worker 22690: job 68608 (pid=26015): Dormant child reaped
[1578032924] wproc: Core Worker 22692: job 68608 (pid=26027) timed out. Killing it
[1578032924] wproc: CHECK job 68608 from worker Core Worker 22692 timed out after 30.01s
[1578032924] wproc:   host=Director_Bldg; service=(null);
[1578032924] wproc:   early_timeout=1; exited_ok=0; wait_status=0; error_code=62;
[1578032924] Warning: Check of host 'Director_Bldg' timed out after 30.01 seconds
[1578032925] wproc: Core Worker 22692: job 68608 (pid=26027): Dormant child reaped
[1578033185] wproc: Core Worker 22689: job 68618 (pid=26298) timed out. Killing it
[1578033185] wproc: CHECK job 68618 from worker Core Worker 22689 timed out after 30.02s
[1578033185] wproc:   host=Director_Resident; service=(null);
[1578033185] wproc:   early_timeout=1; exited_ok=0; wait_status=0; error_code=62;
[1578033185] Warning: Check of host 'Director_Resident' timed out after 30.02 seconds
[1578033185] wproc: Core Worker 22689: job 68618 (pid=26298): Dormant child reaped
[1578033224] wproc: Core Worker 22691: job 68618 (pid=26310) timed out. Killing it
[1578033224] wproc: CHECK job 68618 from worker Core Worker 22691 timed out after 30.01s
[1578033224] wproc:   host=Director_Bldg; service=(null);
[1578033224] wproc:   early_timeout=1; exited_ok=0; wait_status=0; error_code=62;
[1578033224] Warning: Check of host 'Director_Bldg' timed out after 30.01 seconds
[1578033225] wproc: Core Worker 22691: job 68618 (pid=26310): Dormant child reaped
[1578033485] wproc: Core Worker 22690: job 68627 (pid=26546) timed out. Killing it
[1578033485] wproc: CHECK job 68627 from worker Core Worker 22690 timed out after 30.03s
[1578033485] wproc:   host=Director_Resident; service=(null);
[1578033485] wproc:   early_timeout=1; exited_ok=0; wait_status=0; error_code=62;
[1578033485] Warning: Check of host 'Director_Resident' timed out after 30.03 seconds
[1578033485] wproc: Core Worker 22690: job 68627 (pid=26546): Dormant child reaped
[1578033524] wproc: Core Worker 22692: job 68627 (pid=26558) timed out. Killing it
[1578033524] wproc: CHECK job 68627 from worker Core Worker 22692 timed out after 30.01s
[1578033524] wproc:   host=Director_Bldg; service=(null);
[1578033524] wproc:   early_timeout=1; exited_ok=0; wait_status=0; error_code=62;
[1578033524] Warning: Check of host 'Director_Bldg' timed out after 30.01 seconds
[1578033524] HOST NOTIFICATION: nagiosadmin;Director_Bldg;DOWN;notify-host-by-email;(Host check timed out after 30.01 seconds)
[1578033525] wproc: Core Worker 22692: job 68627 (pid=26558): Dormant child reaped
[1578033785] wproc: Core Worker 22690: job 68637 (pid=26807) timed out. Killing it
[1578033785] wproc: CHECK job 68637 from worker Core Worker 22690 timed out after 30.01s
[1578033785] wproc:   host=Director_Resident; service=(null);
[1578033785] wproc:   early_timeout=1; exited_ok=0; wait_status=0; error_code=62;
[1578033785] Warning: Check of host 'Director_Resident' timed out after 30.01 seconds
[1578033785] HOST NOTIFICATION: nagiosadmin;Director_Resident;DOWN;notify-host-by-email;(Host check timed out after 30.01 seconds)
[1578033785] wproc: Core Worker 22690: job 68637 (pid=26807): Dormant child reaped
[1578033824] wproc: Core Worker 22689: job 68638 (pid=26827) timed out. Killing it
[1578033824] wproc: CHECK job 68638 from worker Core Worker 22689 timed out after 30.01s
[1578033824] wproc:   host=Director_Bldg; service=(null);
[1578033824] wproc:   early_timeout=1; exited_ok=0; wait_status=0; error_code=62;
[1578033824] Warning: Check of host 'Director_Bldg' timed out after 30.01 seconds
[1578033825] wproc: Core Worker 22689: job 68638 (pid=26827): Dormant child reaped
[1578034085] wproc: Core Worker 22692: job 68646 (pid=27067) timed out. Killing it
[1578034085] wproc: CHECK job 68646 from worker Core Worker 22692 timed out after 30.02s
[1578034085] wproc:   host=Director_Resident; service=(null);
[1578034085] wproc:   early_timeout=1; exited_ok=0; wait_status=0; error_code=62;
[1578034085] Warning: Check of host 'Director_Resident' timed out after 30.02 seconds
[1578034085] wproc: Core Worker 22692: job 68646 (pid=27067): Dormant child reaped
[1578034124] wproc: Core Worker 22690: job 68647 (pid=27079) timed out. Killing it
[1578034124] wproc: CHECK job 68647 from worker Core Worker 22690 timed out after 30.01s
[1578034124] wproc:   host=Director_Bldg; service=(null);
[1578034124] wproc:   early_timeout=1; exited_ok=0; wait_status=0; error_code=62;
[1578034124] Warning: Check of host 'Director_Bldg' timed out after 30.01 seconds
[1578034125] wproc: Core Worker 22690: job 68647 (pid=27079): Dormant child reaped
[1578034385] wproc: Core Worker 22691: job 68656 (pid=27321) timed out. Killing it
[1578034385] wproc: CHECK job 68656 from worker Core Worker 22691 timed out after 30.02s
[1578034385] wproc:   host=Director_Resident; service=(null);
[1578034385] wproc:   early_timeout=1; exited_ok=0; wait_status=0; error_code=62;
[1578034385] Warning: Check of host 'Director_Resident' timed out after 30.02 seconds
[1578034385] wproc: Core Worker 22691: job 68656 (pid=27321): Dormant child reaped
[1578034424] wproc: Core Worker 22689: job 68657 (pid=27333) timed out. Killing it
[1578034424] wproc: CHECK job 68657 from worker Core Worker 22689 timed out after 30.01s
[1578034424] wproc:   host=Director_Bldg; service=(null);
[1578034424] wproc:   early_timeout=1; exited_ok=0; wait_status=0; error_code=62;
[1578034424] Warning: Check of host 'Director_Bldg' timed out after 30.01 seconds
[1578034425] wproc: Core Worker 22689: job 68657 (pid=27333): Dormant child reaped
[1578034685] wproc: Core Worker 22692: job 68665 (pid=27567) timed out. Killing it
[1578034685] wproc: CHECK job 68665 from worker Core Worker 22692 timed out after 30.03s
[1578034685] wproc:   host=Director_Resident; service=(null);
[1578034685] wproc:   early_timeout=1; exited_ok=0; wait_status=0; error_code=62;
[1578034685] Warning: Check of host 'Director_Resident' timed out after 30.03 seconds
[1578034686] wproc: Core Worker 22692: job 68665 (pid=27567): Dormant child reaped
[1578034724] wproc: Core Worker 22690: job 68666 (pid=27579) timed out. Killing it
[1578034724] wproc: CHECK job 68666 from worker Core Worker 22690 timed out after 30.00s
[1578034724] wproc:   host=Director_Bldg; service=(null);
[1578034724] wproc:   early_timeout=1; exited_ok=0; wait_status=0; error_code=62;
[1578034724] Warning: Check of host 'Director_Bldg' timed out after 30.00 seconds
[1578034725] wproc: Core Worker 22690: job 68666 (pid=27579): Dormant child reaped
[1578034985] wproc: Core Worker 22691: job 68675 (pid=27820) timed out. Killing it
[1578034985] wproc: CHECK job 68675 from worker Core Worker 22691 timed out after 30.02s
[1578034985] wproc:   host=Director_Resident; service=(null);
[1578034985] wproc:   early_timeout=1; exited_ok=0; wait_status=0; error_code=62;
[1578034985] Warning: Check of host 'Director_Resident' timed out after 30.02 seconds
[1578034986] wproc: Core Worker 22691: job 68675 (pid=27820): Dormant child reaped
[1578035024] wproc: Core Worker 22689: job 68676 (pid=27832) timed out. Killing it
[1578035024] wproc: CHECK job 68676 from worker Core Worker 22689 timed out after 30.00s
[1578035024] wproc:   host=Director_Bldg; service=(null);
[1578035024] wproc:   early_timeout=1; exited_ok=0; wait_status=0; error_code=62;
[1578035024] Warning: Check of host 'Director_Bldg' timed out after 30.00 seconds
[1578035025] wproc: Core Worker 22689: job 68676 (pid=27832): Dormant child reaped
[1578035260] HOST NOTIFICATION: nagiosadmin;Director_Resident;UP;notify-host-by-email;PING OK - Packet loss = 40%, RTA = 0.75 ms
[1578035260] HOST ALERT: Director_Resident;UP;HARD;1;PING OK - Packet loss = 40%, RTA = 0.75 ms
[1578035285] Auto-save of retention data completed successfully.
[1578035298] HOST NOTIFICATION: nagiosadmin;Director_Bldg;UP;notify-host-by-email;PING OK - Packet loss = 0%, RTA = 0.66 ms
[1578035298] HOST ALERT: Director_Bldg;UP;HARD;1;PING OK - Packet loss = 0%, RTA = 0.66 ms
[1578035663] SERVICE ALERT: Director_Bldg;check-host-alive;OK;SOFT;1;PING OK - Packet loss = 0%, RTA = 0.63 ms
[1578035718] SERVICE ALERT: Director_Resident;check-host-alive;OK;SOFT;1;PING OK - Packet loss = 0%, RTA = 0.72 ms
[1578038885] Auto-save of retention data completed successfully.
[1578042485] Auto-save of retention data completed successfully.
[1578046085] Auto-save of retention data completed successfully.
[1578049685] Auto-save of retention data completed successfully.
[1578051508] SERVICE ALERT: esxi03;PING;WARNING;SOFT;1;PING WARNING - Packet loss = 20%, RTA = 0.40 ms
[1578051572] SERVICE ALERT: esxi03;PING;OK;SOFT;2;PING OK - Packet loss = 0%, RTA = 0.44 ms
[1578053285] Auto-save of retention data completed successfully.
[1578056885] Auto-save of retention data completed successfully.
[1578060485] Auto-save of retention data completed successfully.
[1578060815] SERVICE ALERT: esxi08;PING;WARNING;SOFT;1;PING WARNING - Packet loss = 20%, RTA = 0.75 ms
[1578060879] SERVICE ALERT: esxi08;PING;OK;SOFT;2;PING OK - Packet loss = 0%, RTA = 0.49 ms
[1578064085] Auto-save of retention data completed successfully.
[1578067685] Auto-save of retention data completed successfully.
[1578071285] Auto-save of retention data completed successfully.
[1578074885] Auto-save of retention data completed successfully.
