[1552156200] LOG ROTATION: DAILY
[1552156200] LOG VERSION: 2.0
[1552156200] CURRENT HOST STATE: esxi01;UP;HARD;1;PING OK - Packet loss = 0%, RTA = 0.34 ms
[1552156200] CURRENT HOST STATE: esxi02;UP;HARD;1;PING OK - Packet loss = 0%, RTA = 0.25 ms
[1552156200] CURRENT HOST STATE: esxi03;UP;HARD;1;PING OK - Packet loss = 0%, RTA = 0.46 ms
[1552156200] CURRENT HOST STATE: esxi04;UP;HARD;1;PING OK - Packet loss = 0%, RTA = 0.54 ms
[1552156200] CURRENT HOST STATE: esxi05;UP;HARD;1;PING OK - Packet loss = 0%, RTA = 0.35 ms
[1552156200] CURRENT HOST STATE: esxi06;UP;HARD;1;PING OK - Packet loss = 0%, RTA = 0.40 ms
[1552156200] CURRENT HOST STATE: esxi07;UP;HARD;1;PING OK - Packet loss = 0%, RTA = 0.51 ms
[1552156200] CURRENT HOST STATE: esxi08;UP;HARD;1;PING OK - Packet loss = 0%, RTA = 0.51 ms
[1552156200] CURRENT HOST STATE: esxi09;UP;HARD;1;PING OK - Packet loss = 0%, RTA = 0.55 ms
[1552156200] CURRENT HOST STATE: localhost;UP;HARD;1;PING OK - Packet loss = 0%, RTA = 0.02 ms
[1552156200] CURRENT HOST STATE: router1;UP;HARD;1;PING OK - Packet loss = 0%, RTA = 0.55 ms
[1552156200] CURRENT HOST STATE: router2;UP;HARD;1;PING OK - Packet loss = 0%, RTA = 0.71 ms
[1552156200] CURRENT HOST STATE: router3;UP;HARD;1;PING OK - Packet loss = 0%, RTA = 0.63 ms
[1552156200] CURRENT HOST STATE: vmware10gswitch;UP;HARD;1;PING OK - Packet loss = 0%, RTA = 1.29 ms
[1552156200] CURRENT HOST STATE: vmwaremgmtswitch;UP;HARD;1;PING OK - Packet loss = 0%, RTA = 1.07 ms
[1552156200] CURRENT SERVICE STATE: esxi01;ESXi Hardware Check;OK;HARD;1;OK - Server: Cisco Systems Inc UCSC-C220-M4S s/n: FCH22157EQH Chassis S/N: FCH2216V0WN  System BIOS: C220M4.3.0.4a.0.0226182253 2018-02-26
[1552156200] CURRENT SERVICE STATE: esxi01;PING;OK;HARD;1;PING OK - Packet loss = 0%, RTA = 0.41 ms
[1552156200] CURRENT SERVICE STATE: esxi02;ESXi Hardware Check;OK;HARD;1;OK - Server: Cisco Systems Inc UCSC-C220-M4S s/n: FCH22157E1D Chassis S/N: FCH2216V0Y6  System BIOS: C220M4.3.0.4a.0.0226182253 2018-02-26
[1552156200] CURRENT SERVICE STATE: esxi02;PING;OK;HARD;1;PING OK - Packet loss = 0%, RTA = 0.69 ms
[1552156200] CURRENT SERVICE STATE: esxi03;ESXi Hardware Check;OK;HARD;1;OK - Server: Cisco Systems Inc UCSC-C220-M4S s/n: FCH22157ESB Chassis S/N: FCH2216V0TW  System BIOS: C220M4.3.0.4a.0.0226182253 2018-02-26
[1552156200] CURRENT SERVICE STATE: esxi03;PING;OK;HARD;1;PING OK - Packet loss = 0%, RTA = 0.41 ms
[1552156200] CURRENT SERVICE STATE: esxi04;ESXi Hardware Check;OK;HARD;1;OK - Server: Cisco Systems Inc UCSC-C220-M4S s/n: FCH22137QKB Chassis S/N: FCH2216V0YZ  System BIOS: C220M4.3.0.4a.0.0226182253 2018-02-26
[1552156200] CURRENT SERVICE STATE: esxi04;PING;OK;HARD;1;PING OK - Packet loss = 0%, RTA = 0.46 ms
[1552156200] CURRENT SERVICE STATE: esxi05;ESXi Hardware Check;OK;HARD;1;OK - Server: Cisco Systems Inc UCSC-C220-M4S s/n: FCH22157EPD Chassis S/N: FCH2216V0Z0  System BIOS: C220M4.3.0.4a.0.0226182253 2018-02-26
[1552156200] CURRENT SERVICE STATE: esxi05;PING;OK;HARD;1;PING OK - Packet loss = 0%, RTA = 0.53 ms
[1552156200] CURRENT SERVICE STATE: esxi06;ESXi Haradware Check;OK;HARD;1;OK - Server: Cisco Systems Inc UCSC-C220-M4S s/n: FCH22157ERW Chassis S/N: FCH2216V0X8  System BIOS: C220M4.3.0.4a.0.0226182253 2018-02-26
[1552156200] CURRENT SERVICE STATE: esxi06;PING;OK;HARD;1;PING OK - Packet loss = 0%, RTA = 0.42 ms
[1552156200] CURRENT SERVICE STATE: esxi07;ESXi Hardware Check;UNKNOWN;HARD;3;UNKNOWN: (0, 'Socket error: [Errno 111] Connection refused')
[1552156200] CURRENT SERVICE STATE: esxi07;PING;OK;HARD;1;PING OK - Packet loss = 0%, RTA = 0.51 ms
[1552156200] CURRENT SERVICE STATE: esxi08;ESXi Hardware Check;OK;HARD;1;OK - Server: Cisco Systems Inc UCSC-C220-M4S s/n: FCH22137QJN Chassis S/N: FCH2216V0YV  System BIOS: C220M4.3.0.4a.0.0226182253 2018-02-26
[1552156200] CURRENT SERVICE STATE: esxi08;PING;OK;HARD;1;PING OK - Packet loss = 0%, RTA = 0.27 ms
[1552156200] CURRENT SERVICE STATE: esxi09;ESXi Hardware Check;OK;HARD;1;OK - Server: Cisco Systems Inc UCSC-C220-M4S s/n: FCH22157ERY Chassis S/N: FCH2216V0YN  System BIOS: C220M4.3.0.4a.0.0226182253 2018-02-26
[1552156200] CURRENT SERVICE STATE: esxi09;PING;OK;HARD;1;PING OK - Packet loss = 0%, RTA = 0.39 ms
[1552156200] CURRENT SERVICE STATE: localhost;Current Load;OK;HARD;1;OK - load average: 0.64, 0.70, 0.48
[1552156200] CURRENT SERVICE STATE: localhost;Current Users;OK;HARD;1;USERS OK - 3 users currently logged in
[1552156200] CURRENT SERVICE STATE: localhost;HTTP;WARNING;HARD;4;HTTP WARNING: HTTP/1.1 403 Forbidden - 5179 bytes in 0.001 second response time
[1552156200] CURRENT SERVICE STATE: localhost;PING;OK;HARD;1;PING OK - Packet loss = 0%, RTA = 0.03 ms
[1552156200] CURRENT SERVICE STATE: localhost;Root Partition;OK;HARD;1;DISK OK - free space: / 44258 MB (86.48% inode=99%):
[1552156200] CURRENT SERVICE STATE: localhost;SSH;OK;HARD;1;SSH OK - OpenSSH_7.4 (protocol 2.0)
[1552156200] CURRENT SERVICE STATE: localhost;Swap Usage;OK;HARD;1;SWAP OK - 100% free (3967 MB out of 3967 MB)
[1552156200] CURRENT SERVICE STATE: localhost;Total Processes;OK;HARD;1;PROCS OK: 79 processes with STATE = RSZDT
[1552156200] CURRENT SERVICE STATE: router1;check-host-alive;OK;HARD;1;PING OK - Packet loss = 0%, RTA = 0.57 ms
[1552156200] CURRENT SERVICE STATE: router2;check-host-alive;OK;HARD;1;PING OK - Packet loss = 0%, RTA = 0.76 ms
[1552156200] CURRENT SERVICE STATE: router3;check-host-alive;OK;HARD;1;PING OK - Packet loss = 0%, RTA = 0.86 ms
[1552156200] CURRENT SERVICE STATE: vmware10gswitch;check-host-alive;OK;HARD;1;PING OK - Packet loss = 0%, RTA = 1.36 ms
[1552156200] CURRENT SERVICE STATE: vmwaremgmtswitch;check-host-alive;OK;HARD;1;PING OK - Packet loss = 0%, RTA = 0.70 ms
[1552156485] SERVICE ALERT: esxi03;PING;WARNING;SOFT;1;PING WARNING - Packet loss = 20%, RTA = 0.36 ms
[1552156549] SERVICE ALERT: esxi03;PING;OK;HARD;1;PING OK - Packet loss = 0%, RTA = 0.41 ms
[1552157442] Auto-save of retention data completed successfully.
[1552157916] SERVICE NOTIFICATION: nagiosadmin;esxi07;ESXi Hardware Check;UNKNOWN;notify-service-by-email;UNKNOWN: (0, 'Socket error: [Errno 111] Connection refused')
[1552161042] Auto-save of retention data completed successfully.
[1552161516] SERVICE NOTIFICATION: nagiosadmin;esxi07;ESXi Hardware Check;UNKNOWN;notify-service-by-email;UNKNOWN: (0, 'Socket error: [Errno 111] Connection refused')
[1552164642] Auto-save of retention data completed successfully.
[1552165116] SERVICE NOTIFICATION: nagiosadmin;esxi07;ESXi Hardware Check;UNKNOWN;notify-service-by-email;UNKNOWN: (0, 'Socket error: [Errno 111] Connection refused')
[1552168242] Auto-save of retention data completed successfully.
[1552168716] SERVICE NOTIFICATION: nagiosadmin;esxi07;ESXi Hardware Check;UNKNOWN;notify-service-by-email;UNKNOWN: (0, 'Socket error: [Errno 111] Connection refused')
[1552171842] Auto-save of retention data completed successfully.
[1552172316] SERVICE NOTIFICATION: nagiosadmin;esxi07;ESXi Hardware Check;UNKNOWN;notify-service-by-email;UNKNOWN: (0, 'Socket error: [Errno 111] Connection refused')
[1552175442] Auto-save of retention data completed successfully.
[1552175916] SERVICE NOTIFICATION: nagiosadmin;esxi07;ESXi Hardware Check;UNKNOWN;notify-service-by-email;UNKNOWN: (0, 'Socket error: [Errno 111] Connection refused')
[1552176350] SERVICE ALERT: esxi03;PING;WARNING;SOFT;1;PING WARNING - Packet loss = 20%, RTA = 0.43 ms
[1552176414] SERVICE ALERT: esxi03;PING;OK;HARD;1;PING OK - Packet loss = 0%, RTA = 0.45 ms
[1552179042] Auto-save of retention data completed successfully.
[1552179516] SERVICE NOTIFICATION: nagiosadmin;esxi07;ESXi Hardware Check;UNKNOWN;notify-service-by-email;UNKNOWN: (0, 'Socket error: [Errno 111] Connection refused')
[1552182642] Auto-save of retention data completed successfully.
[1552183116] SERVICE NOTIFICATION: nagiosadmin;esxi07;ESXi Hardware Check;UNKNOWN;notify-service-by-email;UNKNOWN: (0, 'Socket error: [Errno 111] Connection refused')
[1552184515] SERVICE ALERT: esxi03;PING;WARNING;SOFT;1;PING WARNING - Packet loss = 20%, RTA = 0.49 ms
[1552184579] SERVICE ALERT: esxi03;PING;OK;HARD;1;PING OK - Packet loss = 0%, RTA = 0.46 ms
[1552186242] Auto-save of retention data completed successfully.
[1552186716] SERVICE NOTIFICATION: nagiosadmin;esxi07;ESXi Hardware Check;UNKNOWN;notify-service-by-email;UNKNOWN: (0, 'Socket error: [Errno 111] Connection refused')
[1552189842] Auto-save of retention data completed successfully.
[1552190316] SERVICE NOTIFICATION: nagiosadmin;esxi07;ESXi Hardware Check;UNKNOWN;notify-service-by-email;UNKNOWN: (0, 'Socket error: [Errno 111] Connection refused')
[1552193442] Auto-save of retention data completed successfully.
[1552193916] SERVICE NOTIFICATION: nagiosadmin;esxi07;ESXi Hardware Check;UNKNOWN;notify-service-by-email;UNKNOWN: (0, 'Socket error: [Errno 111] Connection refused')
[1552197042] Auto-save of retention data completed successfully.
[1552197516] SERVICE NOTIFICATION: nagiosadmin;esxi07;ESXi Hardware Check;UNKNOWN;notify-service-by-email;UNKNOWN: (0, 'Socket error: [Errno 111] Connection refused')
[1552200642] Auto-save of retention data completed successfully.
[1552200780] SERVICE ALERT: esxi03;PING;WARNING;SOFT;1;PING WARNING - Packet loss = 20%, RTA = 0.34 ms
[1552200844] SERVICE ALERT: esxi03;PING;OK;HARD;1;PING OK - Packet loss = 0%, RTA = 0.39 ms
[1552201116] SERVICE NOTIFICATION: nagiosadmin;esxi07;ESXi Hardware Check;UNKNOWN;notify-service-by-email;UNKNOWN: (0, 'Socket error: [Errno 111] Connection refused')
[1552203545] SERVICE ALERT: esxi03;PING;WARNING;SOFT;1;PING WARNING - Packet loss = 20%, RTA = 0.45 ms
[1552203609] SERVICE ALERT: esxi03;PING;OK;HARD;1;PING OK - Packet loss = 0%, RTA = 0.38 ms
[1552203878] SERVICE ALERT: esxi04;PING;WARNING;SOFT;1;PING WARNING - Packet loss = 20%, RTA = 0.38 ms
[1552203942] SERVICE ALERT: esxi04;PING;OK;HARD;1;PING OK - Packet loss = 0%, RTA = 0.42 ms
[1552204242] Auto-save of retention data completed successfully.
[1552204716] SERVICE NOTIFICATION: nagiosadmin;esxi07;ESXi Hardware Check;UNKNOWN;notify-service-by-email;UNKNOWN: (0, 'Socket error: [Errno 111] Connection refused')
[1552205110] SERVICE ALERT: esxi03;PING;WARNING;SOFT;1;PING WARNING - Packet loss = 20%, RTA = 0.42 ms
[1552205174] SERVICE ALERT: esxi03;PING;OK;HARD;1;PING OK - Packet loss = 0%, RTA = 0.47 ms
[1552207842] Auto-save of retention data completed successfully.
[1552208316] SERVICE NOTIFICATION: nagiosadmin;esxi07;ESXi Hardware Check;UNKNOWN;notify-service-by-email;UNKNOWN: (0, 'Socket error: [Errno 111] Connection refused')
[1552209675] SERVICE ALERT: esxi03;PING;WARNING;SOFT;1;PING WARNING - Packet loss = 20%, RTA = 0.47 ms
[1552209739] SERVICE ALERT: esxi03;PING;OK;HARD;1;PING OK - Packet loss = 0%, RTA = 0.81 ms
[1552211442] Auto-save of retention data completed successfully.
[1552211916] SERVICE NOTIFICATION: nagiosadmin;esxi07;ESXi Hardware Check;UNKNOWN;notify-service-by-email;UNKNOWN: (0, 'Socket error: [Errno 111] Connection refused')
[1552215042] Auto-save of retention data completed successfully.
[1552215516] SERVICE NOTIFICATION: nagiosadmin;esxi07;ESXi Hardware Check;UNKNOWN;notify-service-by-email;UNKNOWN: (0, 'Socket error: [Errno 111] Connection refused')
[1552216176] SERVICE ALERT: esxi08;PING;WARNING;SOFT;1;PING WARNING - Packet loss = 20%, RTA = 0.52 ms
[1552216240] SERVICE ALERT: esxi08;PING;OK;HARD;1;PING OK - Packet loss = 0%, RTA = 0.31 ms
[1552218642] Auto-save of retention data completed successfully.
[1552219116] SERVICE NOTIFICATION: nagiosadmin;esxi07;ESXi Hardware Check;UNKNOWN;notify-service-by-email;UNKNOWN: (0, 'Socket error: [Errno 111] Connection refused')
[1552222242] Auto-save of retention data completed successfully.
[1552222716] SERVICE NOTIFICATION: nagiosadmin;esxi07;ESXi Hardware Check;UNKNOWN;notify-service-by-email;UNKNOWN: (0, 'Socket error: [Errno 111] Connection refused')
[1552222940] SERVICE ALERT: esxi03;PING;WARNING;SOFT;1;PING WARNING - Packet loss = 20%, RTA = 0.53 ms
[1552223004] SERVICE ALERT: esxi03;PING;OK;HARD;1;PING OK - Packet loss = 0%, RTA = 0.44 ms
[1552225842] Auto-save of retention data completed successfully.
[1552226316] SERVICE NOTIFICATION: nagiosadmin;esxi07;ESXi Hardware Check;UNKNOWN;notify-service-by-email;UNKNOWN: (0, 'Socket error: [Errno 111] Connection refused')
[1552229442] Auto-save of retention data completed successfully.
[1552229916] SERVICE NOTIFICATION: nagiosadmin;esxi07;ESXi Hardware Check;UNKNOWN;notify-service-by-email;UNKNOWN: (0, 'Socket error: [Errno 111] Connection refused')
[1552230805] SERVICE ALERT: esxi03;PING;WARNING;SOFT;1;PING WARNING - Packet loss = 20%, RTA = 0.44 ms
[1552230869] SERVICE ALERT: esxi03;PING;OK;HARD;1;PING OK - Packet loss = 0%, RTA = 0.57 ms
[1552233042] Auto-save of retention data completed successfully.
[1552233516] SERVICE NOTIFICATION: nagiosadmin;esxi07;ESXi Hardware Check;UNKNOWN;notify-service-by-email;UNKNOWN: (0, 'Socket error: [Errno 111] Connection refused')
[1552235670] SERVICE ALERT: esxi03;PING;WARNING;SOFT;1;PING WARNING - Packet loss = 20%, RTA = 0.56 ms
[1552235734] SERVICE ALERT: esxi03;PING;OK;HARD;1;PING OK - Packet loss = 0%, RTA = 0.44 ms
[1552236642] Auto-save of retention data completed successfully.
[1552237116] SERVICE NOTIFICATION: nagiosadmin;esxi07;ESXi Hardware Check;UNKNOWN;notify-service-by-email;UNKNOWN: (0, 'Socket error: [Errno 111] Connection refused')
[1552240242] Auto-save of retention data completed successfully.
[1552240716] SERVICE NOTIFICATION: nagiosadmin;esxi07;ESXi Hardware Check;UNKNOWN;notify-service-by-email;UNKNOWN: (0, 'Socket error: [Errno 111] Connection refused')
