[1598034600] LOG ROTATION: DAILY
[1598034600] LOG VERSION: 2.0
[1598034600] CURRENT HOST STATE: AP_Main_Bldg;UP;HARD;1;PING OK - Packet loss = 0%, RTA = 0.72 ms
[1598034600] CURRENT HOST STATE: Director_Bldg;UP;HARD;1;PING OK - Packet loss = 0%, RTA = 0.57 ms
[1598034600] CURRENT HOST STATE: Director_Resident;UP;HARD;1;PING OK - Packet loss = 0%, RTA = 0.78 ms
[1598034600] CURRENT HOST STATE: esxi01;UP;HARD;1;PING OK - Packet loss = 0%, RTA = 0.54 ms
[1598034600] CURRENT HOST STATE: esxi02;UP;HARD;1;PING OK - Packet loss = 0%, RTA = 0.54 ms
[1598034600] CURRENT HOST STATE: esxi03;UP;HARD;1;PING OK - Packet loss = 0%, RTA = 0.39 ms
[1598034600] CURRENT HOST STATE: esxi04;UP;HARD;1;PING OK - Packet loss = 0%, RTA = 0.64 ms
[1598034600] CURRENT HOST STATE: esxi05;UP;HARD;1;PING OK - Packet loss = 0%, RTA = 0.51 ms
[1598034600] CURRENT HOST STATE: esxi06;UP;HARD;1;PING OK - Packet loss = 0%, RTA = 0.47 ms
[1598034600] CURRENT HOST STATE: esxi07;UP;HARD;1;PING OK - Packet loss = 0%, RTA = 0.49 ms
[1598034600] CURRENT HOST STATE: esxi08;UP;HARD;1;PING OK - Packet loss = 0%, RTA = 0.41 ms
[1598034600] CURRENT HOST STATE: esxi09;UP;HARD;1;PING OK - Packet loss = 0%, RTA = 0.43 ms
[1598034600] CURRENT HOST STATE: localhost;UP;HARD;1;PING OK - Packet loss = 0%, RTA = 0.05 ms
[1598034600] CURRENT HOST STATE: vmware10gswitch;UP;HARD;1;PING OK - Packet loss = 0%, RTA = 2.30 ms
[1598034600] CURRENT HOST STATE: vmwaremgmtswitch;UP;HARD;1;PING OK - Packet loss = 0%, RTA = 0.80 ms
[1598034600] CURRENT SERVICE STATE: AP_Main_Bldg;check-host-alive;OK;HARD;1;PING OK - Packet loss = 0%, RTA = 0.74 ms
[1598034600] CURRENT SERVICE STATE: Director_Bldg;check-host-alive;OK;HARD;1;PING OK - Packet loss = 0%, RTA = 0.65 ms
[1598034600] CURRENT SERVICE STATE: Director_Resident;check-host-alive;OK;HARD;1;PING OK - Packet loss = 0%, RTA = 1.12 ms
[1598034600] CURRENT SERVICE STATE: esxi01;ESXi Hardware Check;OK;HARD;1;OK - Server: Cisco Systems Inc UCSC-C220-M4S s/n: FCH22157EQH Chassis S/N: FCH2216V0WN  System BIOS: C220M4.3.0.4a.0.0226182253 2018-02-26
[1598034600] CURRENT SERVICE STATE: esxi01;PING;OK;HARD;1;PING OK - Packet loss = 0%, RTA = 0.42 ms
[1598034600] CURRENT SERVICE STATE: esxi02;ESXi Hardware Check;UNKNOWN;HARD;3;UNKNOWN:
[1598034600] CURRENT SERVICE STATE: esxi02;PING;OK;HARD;1;PING OK - Packet loss = 0%, RTA = 0.46 ms
[1598034600] CURRENT SERVICE STATE: esxi03;ESXi Hardware Check;OK;HARD;1;OK - Server: Cisco Systems Inc UCSC-C220-M4S s/n: FCH22157ESB Chassis S/N: FCH2216V0TW  System BIOS: C220M4.3.0.4a.0.0226182253 2018-02-26
[1598034600] CURRENT SERVICE STATE: esxi03;PING;OK;HARD;1;PING OK - Packet loss = 0%, RTA = 0.50 ms
[1598034600] CURRENT SERVICE STATE: esxi04;ESXi Hardware Check;OK;HARD;1;OK - Server: Cisco Systems Inc UCSC-C220-M4S s/n: FCH22137QKB Chassis S/N: FCH2216V0YZ  System BIOS: C220M4.3.0.4a.0.0226182253 2018-02-26
[1598034600] CURRENT SERVICE STATE: esxi04;PING;OK;HARD;1;PING OK - Packet loss = 0%, RTA = 0.45 ms
[1598034600] CURRENT SERVICE STATE: esxi05;ESXi Hardware Check;OK;HARD;1;OK - Server: Cisco Systems Inc UCSC-C220-M4S s/n: FCH22157EPD Chassis S/N: FCH2216V0Z0  System BIOS: C220M4.3.0.4a.0.0226182253 2018-02-26
[1598034600] CURRENT SERVICE STATE: esxi05;PING;OK;HARD;1;PING OK - Packet loss = 0%, RTA = 1.09 ms
[1598034600] CURRENT SERVICE STATE: esxi06;ESXi Haradware Check;UNKNOWN;HARD;3;UNKNOWN: (0, 'Socket error: [Errno 111] Connection refused')
[1598034600] CURRENT SERVICE STATE: esxi06;PING;OK;HARD;1;PING OK - Packet loss = 0%, RTA = 0.56 ms
[1598034600] CURRENT SERVICE STATE: esxi07;ESXi Hardware Check;OK;HARD;1;OK - Server: Cisco Systems Inc UCSC-C220-M4S s/n: FCH22157EV7 Chassis S/N: FCH2216V0Y8  System BIOS: C220M4.3.0.4a.0.0226182253 2018-02-26
[1598034600] CURRENT SERVICE STATE: esxi07;PING;OK;HARD;1;PING OK - Packet loss = 0%, RTA = 0.95 ms
[1598034600] CURRENT SERVICE STATE: esxi08;ESXi Hardware Check;OK;HARD;1;OK - Server: Cisco Systems Inc UCSC-C220-M4S s/n: FCH22137QJN Chassis S/N: FCH2216V0YV  System BIOS: C220M4.3.0.4a.0.0226182253 2018-02-26
[1598034600] CURRENT SERVICE STATE: esxi08;PING;OK;HARD;1;PING OK - Packet loss = 0%, RTA = 0.40 ms
[1598034600] CURRENT SERVICE STATE: esxi09;ESXi Hardware Check;OK;HARD;1;OK - Server: Cisco Systems Inc UCSC-C220-M4S s/n: FCH22157ERY Chassis S/N: FCH2216V0YN  System BIOS: C220M4.3.0.4a.0.0226182253 2018-02-26
[1598034600] CURRENT SERVICE STATE: esxi09;PING;OK;HARD;1;PING OK - Packet loss = 0%, RTA = 0.46 ms
[1598034600] CURRENT SERVICE STATE: localhost;Current Load;OK;HARD;1;OK - load average: 0.03, 0.04, 0.05
[1598034600] CURRENT SERVICE STATE: localhost;Current Users;OK;HARD;1;USERS OK - 0 users currently logged in
[1598034600] CURRENT SERVICE STATE: localhost;PING;OK;HARD;1;PING OK - Packet loss = 0%, RTA = 0.05 ms
[1598034600] CURRENT SERVICE STATE: localhost;Root Partition;OK;HARD;1;DISK OK - free space: / 42831 MB (83.69% inode=99%):
[1598034600] CURRENT SERVICE STATE: localhost;SSH;OK;HARD;1;SSH OK - OpenSSH_7.4 (protocol 2.0)
[1598034600] CURRENT SERVICE STATE: localhost;Swap Usage;OK;HARD;1;SWAP OK - 100% free (3967 MB out of 3967 MB)
[1598034600] CURRENT SERVICE STATE: localhost;Total Processes;OK;HARD;1;PROCS OK: 85 processes with STATE = RSZDT
[1598034600] CURRENT SERVICE STATE: vmware10gswitch;check-host-alive;OK;HARD;1;PING OK - Packet loss = 0%, RTA = 1.34 ms
[1598034600] CURRENT SERVICE STATE: vmwaremgmtswitch;check-host-alive;OK;HARD;1;PING OK - Packet loss = 0%, RTA = 0.96 ms
[1598035567] SERVICE NOTIFICATION: nagiosadmin;esxi02;ESXi Hardware Check;UNKNOWN;notify-service-by-email;UNKNOWN:
[1598036885] Auto-save of retention data completed successfully.
[1598038440] SERVICE NOTIFICATION: nagiosadmin;esxi06;ESXi Haradware Check;UNKNOWN;notify-service-by-email;UNKNOWN: (0, 'Socket error: [Errno 111] Connection refused')
[1598039765] SERVICE NOTIFICATION: nagiosadmin;esxi02;ESXi Hardware Check;UNKNOWN;notify-service-by-email;UNKNOWN:
[1598040485] Auto-save of retention data completed successfully.
[1598042040] SERVICE NOTIFICATION: nagiosadmin;esxi06;ESXi Haradware Check;UNKNOWN;notify-service-by-email;UNKNOWN: (0, 'Socket error: [Errno 111] Connection refused')
[1598043365] SERVICE NOTIFICATION: nagiosadmin;esxi02;ESXi Hardware Check;UNKNOWN;notify-service-by-email;UNKNOWN:
[1598044085] Auto-save of retention data completed successfully.
[1598045640] SERVICE NOTIFICATION: nagiosadmin;esxi06;ESXi Haradware Check;UNKNOWN;notify-service-by-email;UNKNOWN: (0, 'Socket error: [Errno 111] Connection refused')
[1598046966] SERVICE NOTIFICATION: nagiosadmin;esxi02;ESXi Hardware Check;UNKNOWN;notify-service-by-email;UNKNOWN:
[1598047685] Auto-save of retention data completed successfully.
[1598049240] SERVICE NOTIFICATION: nagiosadmin;esxi06;ESXi Haradware Check;UNKNOWN;notify-service-by-email;UNKNOWN: (0, 'Socket error: [Errno 111] Connection refused')
[1598051165] SERVICE NOTIFICATION: nagiosadmin;esxi02;ESXi Hardware Check;UNKNOWN;notify-service-by-email;UNKNOWN:
[1598051285] Auto-save of retention data completed successfully.
[1598052840] SERVICE NOTIFICATION: nagiosadmin;esxi06;ESXi Haradware Check;UNKNOWN;notify-service-by-email;UNKNOWN: (0, 'Socket error: [Errno 111] Connection refused')
[1598054885] Auto-save of retention data completed successfully.
[1598055366] SERVICE NOTIFICATION: nagiosadmin;esxi02;ESXi Hardware Check;UNKNOWN;notify-service-by-email;UNKNOWN:
[1598056440] SERVICE NOTIFICATION: nagiosadmin;esxi06;ESXi Haradware Check;UNKNOWN;notify-service-by-email;UNKNOWN: (0, 'Socket error: [Errno 111] Connection refused')
[1598058485] Auto-save of retention data completed successfully.
[1598059566] SERVICE NOTIFICATION: nagiosadmin;esxi02;ESXi Hardware Check;UNKNOWN;notify-service-by-email;UNKNOWN:
[1598060040] SERVICE NOTIFICATION: nagiosadmin;esxi06;ESXi Haradware Check;UNKNOWN;notify-service-by-email;UNKNOWN: (0, 'Socket error: [Errno 111] Connection refused')
[1598062085] Auto-save of retention data completed successfully.
[1598063641] SERVICE NOTIFICATION: nagiosadmin;esxi06;ESXi Haradware Check;UNKNOWN;notify-service-by-email;UNKNOWN: (0, 'Socket error: [Errno 111] Connection refused')
[1598063765] SERVICE NOTIFICATION: nagiosadmin;esxi02;ESXi Hardware Check;UNKNOWN;notify-service-by-email;UNKNOWN:
[1598065685] Auto-save of retention data completed successfully.
[1598067366] SERVICE NOTIFICATION: nagiosadmin;esxi02;ESXi Hardware Check;UNKNOWN;notify-service-by-email;UNKNOWN:
[1598067840] SERVICE NOTIFICATION: nagiosadmin;esxi06;ESXi Haradware Check;UNKNOWN;notify-service-by-email;UNKNOWN: (0, 'Socket error: [Errno 111] Connection refused')
[1598069285] Auto-save of retention data completed successfully.
[1598071440] SERVICE NOTIFICATION: nagiosadmin;esxi06;ESXi Haradware Check;UNKNOWN;notify-service-by-email;UNKNOWN: (0, 'Socket error: [Errno 111] Connection refused')
[1598071565] SERVICE NOTIFICATION: nagiosadmin;esxi02;ESXi Hardware Check;UNKNOWN;notify-service-by-email;UNKNOWN:
[1598072885] Auto-save of retention data completed successfully.
[1598075041] SERVICE NOTIFICATION: nagiosadmin;esxi06;ESXi Haradware Check;UNKNOWN;notify-service-by-email;UNKNOWN: (0, 'Socket error: [Errno 111] Connection refused')
[1598075765] SERVICE NOTIFICATION: nagiosadmin;esxi02;ESXi Hardware Check;UNKNOWN;notify-service-by-email;UNKNOWN:
[1598076485] Auto-save of retention data completed successfully.
[1598079240] SERVICE NOTIFICATION: nagiosadmin;esxi06;ESXi Haradware Check;UNKNOWN;notify-service-by-email;UNKNOWN: (0, 'Socket error: [Errno 111] Connection refused')
[1598079365] SERVICE NOTIFICATION: nagiosadmin;esxi02;ESXi Hardware Check;UNKNOWN;notify-service-by-email;UNKNOWN:
[1598080085] Auto-save of retention data completed successfully.
[1598081968] SERVICE ALERT: esxi03;PING;WARNING;SOFT;1;PING WARNING - Packet loss = 20%, RTA = 0.40 ms
[1598082032] SERVICE ALERT: esxi03;PING;OK;SOFT;2;PING OK - Packet loss = 0%, RTA = 0.31 ms
[1598082840] SERVICE NOTIFICATION: nagiosadmin;esxi06;ESXi Haradware Check;UNKNOWN;notify-service-by-email;UNKNOWN: (0, 'Socket error: [Errno 111] Connection refused')
[1598082965] SERVICE NOTIFICATION: nagiosadmin;esxi02;ESXi Hardware Check;UNKNOWN;notify-service-by-email;UNKNOWN:
[1598083685] Auto-save of retention data completed successfully.
[1598086441] SERVICE NOTIFICATION: nagiosadmin;esxi06;ESXi Haradware Check;UNKNOWN;notify-service-by-email;UNKNOWN: (0, 'Socket error: [Errno 111] Connection refused')
[1598086565] SERVICE NOTIFICATION: nagiosadmin;esxi02;ESXi Hardware Check;UNKNOWN;notify-service-by-email;UNKNOWN:
[1598087285] Auto-save of retention data completed successfully.
[1598090166] SERVICE NOTIFICATION: nagiosadmin;esxi02;ESXi Hardware Check;UNKNOWN;notify-service-by-email;UNKNOWN:
[1598090640] SERVICE NOTIFICATION: nagiosadmin;esxi06;ESXi Haradware Check;UNKNOWN;notify-service-by-email;UNKNOWN: (0, 'Socket error: [Errno 111] Connection refused')
[1598090885] Auto-save of retention data completed successfully.
[1598094241] SERVICE NOTIFICATION: nagiosadmin;esxi06;ESXi Haradware Check;UNKNOWN;notify-service-by-email;UNKNOWN: (0, 'Socket error: [Errno 111] Connection refused')
[1598094366] SERVICE NOTIFICATION: nagiosadmin;esxi02;ESXi Hardware Check;UNKNOWN;notify-service-by-email;UNKNOWN:
[1598094485] Auto-save of retention data completed successfully.
[1598097842] SERVICE NOTIFICATION: nagiosadmin;esxi06;ESXi Haradware Check;UNKNOWN;notify-service-by-email;UNKNOWN: (0, 'Socket error: [Errno 111] Connection refused')
[1598098085] Auto-save of retention data completed successfully.
[1598098564] SERVICE NOTIFICATION: nagiosadmin;esxi02;ESXi Hardware Check;UNKNOWN;notify-service-by-email;UNKNOWN:
[1598101685] Auto-save of retention data completed successfully.
[1598102041] SERVICE NOTIFICATION: nagiosadmin;esxi06;ESXi Haradware Check;UNKNOWN;notify-service-by-email;UNKNOWN: (0, 'Socket error: [Errno 111] Connection refused')
[1598102166] SERVICE NOTIFICATION: nagiosadmin;esxi02;ESXi Hardware Check;UNKNOWN;notify-service-by-email;UNKNOWN:
[1598102776] SERVICE ALERT: esxi09;PING;WARNING;SOFT;1;PING WARNING - Packet loss = 40%, RTA = 5.49 ms
[1598102841] SERVICE ALERT: esxi09;PING;WARNING;SOFT;2;PING WARNING - Packet loss = 40%, RTA = 11.45 ms
[1598102905] SERVICE ALERT: esxi09;PING;OK;SOFT;3;PING OK - Packet loss = 0%, RTA = 8.39 ms
[1598102970] SERVICE ALERT: esxi09;PING;WARNING;SOFT;1;PING WARNING - Packet loss = 20%, RTA = 12.30 ms
[1598103035] SERVICE ALERT: esxi09;PING;WARNING;SOFT;2;PING WARNING - Packet loss = 40%, RTA = 0.42 ms
[1598103100] SERVICE ALERT: esxi09;PING;CRITICAL;SOFT;3;PING CRITICAL - Packet loss = 60%, RTA = 9.25 ms
[1598103164] SERVICE ALERT: esxi09;PING;OK;HARD;4;PING OK - Packet loss = 0%, RTA = 10.21 ms
[1598103253] SERVICE ALERT: esxi08;PING;WARNING;SOFT;1;PING WARNING - Packet loss = 40%, RTA = 0.31 ms
[1598103318] SERVICE ALERT: esxi08;PING;WARNING;SOFT;2;PING WARNING - Packet loss = 20%, RTA = 8.45 ms
[1598103383] SERVICE ALERT: esxi08;PING;WARNING;SOFT;3;PING WARNING - Packet loss = 40%, RTA = 6.01 ms
[1598103448] SERVICE NOTIFICATION: nagiosadmin;esxi08;PING;WARNING;notify-service-by-email;PING WARNING - Packet loss = 20%, RTA = 8.60 ms
[1598103448] SERVICE ALERT: esxi08;PING;WARNING;HARD;4;PING WARNING - Packet loss = 20%, RTA = 8.60 ms
[1598103469] SERVICE ALERT: esxi09;PING;WARNING;SOFT;1;PING WARNING - Packet loss = 20%, RTA = 4.41 ms
[1598103533] SERVICE ALERT: esxi09;PING;OK;SOFT;2;PING OK - Packet loss = 0%, RTA = 11.54 ms
[1598103598] SERVICE ALERT: esxi09;PING;WARNING;SOFT;1;PING WARNING - Packet loss = 40%, RTA = 5.83 ms
[1598103663] SERVICE ALERT: esxi09;PING;WARNING;SOFT;2;PING WARNING - Packet loss = 20%, RTA = 12.84 ms
[1598103727] SERVICE ALERT: esxi09;PING;OK;SOFT;3;PING OK - Packet loss = 0%, RTA = 7.89 ms
[1598103752] SERVICE NOTIFICATION: nagiosadmin;esxi08;PING;OK;notify-service-by-email;PING OK - Packet loss = 0%, RTA = 6.69 ms
[1598103752] SERVICE ALERT: esxi08;PING;OK;HARD;4;PING OK - Packet loss = 0%, RTA = 6.69 ms
[1598105285] Auto-save of retention data completed successfully.
[1598105641] SERVICE NOTIFICATION: nagiosadmin;esxi06;ESXi Haradware Check;UNKNOWN;notify-service-by-email;UNKNOWN: (0, 'Socket error: [Errno 111] Connection refused')
[1598105766] SERVICE NOTIFICATION: nagiosadmin;esxi02;ESXi Hardware Check;UNKNOWN;notify-service-by-email;UNKNOWN:
[1598108885] Auto-save of retention data completed successfully.
[1598109242] SERVICE NOTIFICATION: nagiosadmin;esxi06;ESXi Haradware Check;UNKNOWN;notify-service-by-email;UNKNOWN: (0, 'Socket error: [Errno 111] Connection refused')
[1598109965] SERVICE NOTIFICATION: nagiosadmin;esxi02;ESXi Hardware Check;UNKNOWN;notify-service-by-email;UNKNOWN:
[1598110689] EXTERNAL COMMAND: DISABLE_HOST_CHECK;esxi02
[1598110703] EXTERNAL COMMAND: DISABLE_HOST_CHECK;esxi06
[1598112485] Auto-save of retention data completed successfully.
[1598113441] SERVICE NOTIFICATION: nagiosadmin;esxi06;ESXi Haradware Check;UNKNOWN;notify-service-by-email;UNKNOWN: (0, 'Socket error: [Errno 111] Connection refused')
[1598113565] SERVICE NOTIFICATION: nagiosadmin;esxi02;ESXi Hardware Check;UNKNOWN;notify-service-by-email;UNKNOWN:
[1598116085] Auto-save of retention data completed successfully.
[1598117041] SERVICE NOTIFICATION: nagiosadmin;esxi06;ESXi Haradware Check;UNKNOWN;notify-service-by-email;UNKNOWN: (0, 'Socket error: [Errno 111] Connection refused')
[1598117166] SERVICE NOTIFICATION: nagiosadmin;esxi02;ESXi Hardware Check;UNKNOWN;notify-service-by-email;UNKNOWN:
[1598119685] Auto-save of retention data completed successfully.
[1598120641] SERVICE NOTIFICATION: nagiosadmin;esxi06;ESXi Haradware Check;UNKNOWN;notify-service-by-email;UNKNOWN: (0, 'Socket error: [Errno 111] Connection refused')
