[1561660200] LOG ROTATION: DAILY
[1561660200] LOG VERSION: 2.0
[1561660200] CURRENT HOST STATE: esxi01;UP;HARD;1;PING OK - Packet loss = 0%, RTA = 0.41 ms
[1561660200] CURRENT HOST STATE: esxi02;UP;HARD;1;PING OK - Packet loss = 0%, RTA = 0.49 ms
[1561660200] CURRENT HOST STATE: esxi03;UP;HARD;1;PING OK - Packet loss = 0%, RTA = 0.47 ms
[1561660200] CURRENT HOST STATE: esxi04;UP;HARD;1;PING OK - Packet loss = 0%, RTA = 0.45 ms
[1561660200] CURRENT HOST STATE: esxi05;UP;HARD;1;PING OK - Packet loss = 0%, RTA = 0.40 ms
[1561660200] CURRENT HOST STATE: esxi06;UP;HARD;1;PING OK - Packet loss = 0%, RTA = 0.47 ms
[1561660200] CURRENT HOST STATE: esxi07;UP;HARD;1;PING OK - Packet loss = 0%, RTA = 0.35 ms
[1561660200] CURRENT HOST STATE: esxi08;UP;HARD;1;PING OK - Packet loss = 0%, RTA = 0.47 ms
[1561660200] CURRENT HOST STATE: esxi09;UP;HARD;1;PING OK - Packet loss = 0%, RTA = 0.40 ms
[1561660200] CURRENT HOST STATE: localhost;UP;HARD;1;PING OK - Packet loss = 0%, RTA = 0.03 ms
[1561660200] CURRENT HOST STATE: router1;UP;HARD;1;PING OK - Packet loss = 0%, RTA = 0.64 ms
[1561660200] CURRENT HOST STATE: router2;UP;HARD;1;PING OK - Packet loss = 0%, RTA = 0.74 ms
[1561660200] CURRENT HOST STATE: router3;UP;HARD;1;PING OK - Packet loss = 0%, RTA = 0.76 ms
[1561660200] CURRENT HOST STATE: vmware10gswitch;UP;HARD;1;PING OK - Packet loss = 0%, RTA = 1.48 ms
[1561660200] CURRENT HOST STATE: vmwaremgmtswitch;UP;HARD;1;PING OK - Packet loss = 0%, RTA = 0.78 ms
[1561660200] CURRENT SERVICE STATE: esxi01;ESXi Hardware Check;OK;HARD;1;OK - Server: Cisco Systems Inc UCSC-C220-M4S s/n: FCH22157EQH Chassis S/N: FCH2216V0WN  System BIOS: C220M4.3.0.4a.0.0226182253 2018-02-26
[1561660200] CURRENT SERVICE STATE: esxi01;PING;OK;HARD;1;PING OK - Packet loss = 0%, RTA = 0.47 ms
[1561660200] CURRENT SERVICE STATE: esxi02;ESXi Hardware Check;OK;HARD;1;OK - Server: Cisco Systems Inc UCSC-C220-M4S s/n: FCH22157E1D Chassis S/N: FCH2216V0Y6  System BIOS: C220M4.3.0.4a.0.0226182253 2018-02-26
[1561660200] CURRENT SERVICE STATE: esxi02;PING;OK;HARD;1;PING OK - Packet loss = 0%, RTA = 0.43 ms
[1561660200] CURRENT SERVICE STATE: esxi03;ESXi Hardware Check;OK;HARD;1;OK - Server: Cisco Systems Inc UCSC-C220-M4S s/n: FCH22157ESB Chassis S/N: FCH2216V0TW  System BIOS: C220M4.3.0.4a.0.0226182253 2018-02-26
[1561660200] CURRENT SERVICE STATE: esxi03;PING;OK;HARD;1;PING OK - Packet loss = 0%, RTA = 0.40 ms
[1561660200] CURRENT SERVICE STATE: esxi04;ESXi Hardware Check;OK;HARD;1;OK - Server: Cisco Systems Inc UCSC-C220-M4S s/n: FCH22137QKB Chassis S/N: FCH2216V0YZ  System BIOS: C220M4.3.0.4a.0.0226182253 2018-02-26
[1561660200] CURRENT SERVICE STATE: esxi04;PING;OK;HARD;1;PING OK - Packet loss = 0%, RTA = 0.42 ms
[1561660200] CURRENT SERVICE STATE: esxi05;ESXi Hardware Check;OK;HARD;1;OK - Server: Cisco Systems Inc UCSC-C220-M4S s/n: FCH22157EPD Chassis S/N: FCH2216V0Z0  System BIOS: C220M4.3.0.4a.0.0226182253 2018-02-26
[1561660200] CURRENT SERVICE STATE: esxi05;PING;OK;HARD;1;PING OK - Packet loss = 0%, RTA = 0.73 ms
[1561660200] CURRENT SERVICE STATE: esxi06;ESXi Haradware Check;OK;HARD;1;OK - Server: Cisco Systems Inc UCSC-C220-M4S s/n: FCH22157ERW Chassis S/N: FCH2216V0X8  System BIOS: C220M4.3.0.4a.0.0226182253 2018-02-26
[1561660200] CURRENT SERVICE STATE: esxi06;PING;OK;HARD;1;PING OK - Packet loss = 0%, RTA = 0.45 ms
[1561660200] CURRENT SERVICE STATE: esxi07;ESXi Hardware Check;OK;HARD;1;OK - Server: Cisco Systems Inc UCSC-C220-M4S s/n: FCH22157EV7 Chassis S/N: FCH2216V0Y8  System BIOS: C220M4.3.0.4a.0.0226182253 2018-02-26
[1561660200] CURRENT SERVICE STATE: esxi07;PING;OK;HARD;1;PING OK - Packet loss = 0%, RTA = 0.46 ms
[1561660200] CURRENT SERVICE STATE: esxi08;ESXi Hardware Check;OK;HARD;1;OK - Server: Cisco Systems Inc UCSC-C220-M4S s/n: FCH22137QJN Chassis S/N: FCH2216V0YV  System BIOS: C220M4.3.0.4a.0.0226182253 2018-02-26
[1561660200] CURRENT SERVICE STATE: esxi08;PING;OK;HARD;1;PING OK - Packet loss = 0%, RTA = 0.47 ms
[1561660200] CURRENT SERVICE STATE: esxi09;ESXi Hardware Check;OK;HARD;1;OK - Server: Cisco Systems Inc UCSC-C220-M4S s/n: FCH22157ERY Chassis S/N: FCH2216V0YN  System BIOS: C220M4.3.0.4a.0.0226182253 2018-02-26
[1561660200] CURRENT SERVICE STATE: esxi09;PING;OK;HARD;1;PING OK - Packet loss = 0%, RTA = 0.44 ms
[1561660200] CURRENT SERVICE STATE: localhost;Current Load;OK;HARD;1;OK - load average: 0.00, 0.04, 0.05
[1561660200] CURRENT SERVICE STATE: localhost;Current Users;OK;HARD;1;USERS OK - 3 users currently logged in
[1561660200] CURRENT SERVICE STATE: localhost;PING;OK;HARD;1;PING OK - Packet loss = 0%, RTA = 0.05 ms
[1561660200] CURRENT SERVICE STATE: localhost;Root Partition;OK;HARD;1;DISK OK - free space: / 43573 MB (85.14% inode=99%):
[1561660200] CURRENT SERVICE STATE: localhost;SSH;OK;HARD;1;SSH OK - OpenSSH_7.4 (protocol 2.0)
[1561660200] CURRENT SERVICE STATE: localhost;Swap Usage;OK;HARD;1;SWAP OK - 100% free (3964 MB out of 3967 MB)
[1561660200] CURRENT SERVICE STATE: localhost;Total Processes;OK;HARD;1;PROCS OK: 80 processes with STATE = RSZDT
[1561660200] CURRENT SERVICE STATE: router1;check-host-alive;OK;HARD;1;PING OK - Packet loss = 0%, RTA = 0.58 ms
[1561660200] CURRENT SERVICE STATE: router2;check-host-alive;OK;HARD;1;PING OK - Packet loss = 0%, RTA = 0.73 ms
[1561660200] CURRENT SERVICE STATE: router3;check-host-alive;OK;HARD;1;PING OK - Packet loss = 0%, RTA = 0.64 ms
[1561660200] CURRENT SERVICE STATE: vmware10gswitch;check-host-alive;OK;HARD;1;PING OK - Packet loss = 0%, RTA = 1.48 ms
[1561660200] CURRENT SERVICE STATE: vmwaremgmtswitch;check-host-alive;OK;HARD;1;PING OK - Packet loss = 0%, RTA = 0.80 ms
[1561661199] Auto-save of retention data completed successfully.
[1561664799] Auto-save of retention data completed successfully.
[1561668399] Auto-save of retention data completed successfully.
[1561669064] SERVICE ALERT: esxi05;PING;WARNING;SOFT;1;PING WARNING - Packet loss = 20%, RTA = 0.31 ms
[1561669128] SERVICE ALERT: esxi05;PING;OK;SOFT;2;PING OK - Packet loss = 0%, RTA = 0.35 ms
[1561671999] Auto-save of retention data completed successfully.
[1561675599] Auto-save of retention data completed successfully.
[1561679199] Auto-save of retention data completed successfully.
[1561682799] Auto-save of retention data completed successfully.
[1561686399] Auto-save of retention data completed successfully.
[1561689999] Auto-save of retention data completed successfully.
[1561693599] Auto-save of retention data completed successfully.
[1561697199] Auto-save of retention data completed successfully.
[1561700799] Auto-save of retention data completed successfully.
[1561704399] Auto-save of retention data completed successfully.
[1561707999] Auto-save of retention data completed successfully.
[1561708947] wproc: Core Worker 12904: job 46568 (pid=7426) timed out. Killing it
[1561708947] wproc: CHECK job 46568 from worker Core Worker 12904 timed out after 30.03s
[1561708947] wproc:   host=router1; service=(null);
[1561708947] wproc:   early_timeout=1; exited_ok=0; wait_status=0; error_code=62;
[1561708947] Warning: Check of host 'router1' timed out after 30.03 seconds
[1561708947] HOST ALERT: router1;DOWN;SOFT;1;(Host check timed out after 30.03 seconds)
[1561708947] wproc: Core Worker 12904: job 46568 (pid=7426): Dormant child reaped
[1561709037] wproc: Core Worker 12905: job 46570 (pid=7456) timed out. Killing it
[1561709037] wproc: CHECK job 46570 from worker Core Worker 12905 timed out after 30.03s
[1561709037] wproc:   host=router1; service=(null);
[1561709037] wproc:   early_timeout=1; exited_ok=0; wait_status=0; error_code=62;
[1561709037] Warning: Check of host 'router1' timed out after 30.03 seconds
[1561709037] HOST ALERT: router1;DOWN;SOFT;2;(Host check timed out after 30.03 seconds)
[1561709037] wproc: Core Worker 12905: job 46570 (pid=7456): Dormant child reaped
[1561709127] wproc: Core Worker 12906: job 46573 (pid=7491) timed out. Killing it
[1561709127] wproc: CHECK job 46573 from worker Core Worker 12906 timed out after 30.01s
[1561709127] wproc:   host=router1; service=(null);
[1561709127] wproc:   early_timeout=1; exited_ok=0; wait_status=0; error_code=62;
[1561709127] Warning: Check of host 'router1' timed out after 30.01 seconds
[1561709127] HOST ALERT: router1;DOWN;SOFT;3;(Host check timed out after 30.01 seconds)
[1561709127] wproc: Core Worker 12906: job 46573 (pid=7491): Dormant child reaped
[1561709217] wproc: Core Worker 12905: job 46576 (pid=7650) timed out. Killing it
[1561709217] wproc: CHECK job 46576 from worker Core Worker 12905 timed out after 30.01s
[1561709217] wproc:   host=router1; service=(null);
[1561709217] wproc:   early_timeout=1; exited_ok=0; wait_status=0; error_code=62;
[1561709217] Warning: Check of host 'router1' timed out after 30.01 seconds
[1561709217] HOST ALERT: router1;DOWN;SOFT;4;(Host check timed out after 30.01 seconds)
[1561709217] wproc: Core Worker 12905: job 46576 (pid=7650): Dormant child reaped
[1561709305] SERVICE ALERT: router1;check-host-alive;CRITICAL;HARD;1;CRITICAL - Plugin timed out
[1561709307] wproc: Core Worker 12906: job 46579 (pid=7687) timed out. Killing it
[1561709307] wproc: CHECK job 46579 from worker Core Worker 12906 timed out after 30.03s
[1561709307] wproc:   host=router1; service=(null);
[1561709307] wproc:   early_timeout=1; exited_ok=0; wait_status=0; error_code=62;
[1561709307] Warning: Check of host 'router1' timed out after 30.03 seconds
[1561709307] HOST ALERT: router1;DOWN;SOFT;5;(Host check timed out after 30.03 seconds)
[1561709307] wproc: Core Worker 12906: job 46579 (pid=7687): Dormant child reaped
[1561709397] wproc: Core Worker 12905: job 46581 (pid=7715) timed out. Killing it
[1561709397] wproc: CHECK job 46581 from worker Core Worker 12905 timed out after 30.01s
[1561709397] wproc:   host=router1; service=(null);
[1561709397] wproc:   early_timeout=1; exited_ok=0; wait_status=0; error_code=62;
[1561709397] Warning: Check of host 'router1' timed out after 30.01 seconds
[1561709397] HOST ALERT: router1;DOWN;SOFT;6;(Host check timed out after 30.01 seconds)
[1561709397] wproc: Core Worker 12905: job 46581 (pid=7715): Dormant child reaped
[1561709487] wproc: Core Worker 12904: job 46585 (pid=7885) timed out. Killing it
[1561709487] wproc: CHECK job 46585 from worker Core Worker 12904 timed out after 30.01s
[1561709487] wproc:   host=router1; service=(null);
[1561709487] wproc:   early_timeout=1; exited_ok=0; wait_status=0; error_code=62;
[1561709487] Warning: Check of host 'router1' timed out after 30.01 seconds
[1561709487] HOST ALERT: router1;DOWN;SOFT;7;(Host check timed out after 30.01 seconds)
[1561709487] wproc: Core Worker 12904: job 46585 (pid=7885): Dormant child reaped
[1561709577] wproc: Core Worker 12905: job 46588 (pid=7917) timed out. Killing it
[1561709577] wproc: CHECK job 46588 from worker Core Worker 12905 timed out after 30.01s
[1561709577] wproc:   host=router1; service=(null);
[1561709577] wproc:   early_timeout=1; exited_ok=0; wait_status=0; error_code=62;
[1561709577] Warning: Check of host 'router1' timed out after 30.01 seconds
[1561709577] HOST ALERT: router1;DOWN;SOFT;8;(Host check timed out after 30.01 seconds)
[1561709577] wproc: Core Worker 12905: job 46588 (pid=7917): Dormant child reaped
[1561709667] wproc: Core Worker 12905: job 46591 (pid=7958) timed out. Killing it
[1561709667] wproc: CHECK job 46591 from worker Core Worker 12905 timed out after 30.04s
[1561709667] wproc:   host=router1; service=(null);
[1561709667] wproc:   early_timeout=1; exited_ok=0; wait_status=0; error_code=62;
[1561709667] Warning: Check of host 'router1' timed out after 30.04 seconds
[1561709667] HOST ALERT: router1;DOWN;SOFT;9;(Host check timed out after 30.04 seconds)
[1561709668] wproc: Core Worker 12905: job 46591 (pid=7958): Dormant child reaped
[1561709757] wproc: Core Worker 12904: job 46594 (pid=8108) timed out. Killing it
[1561709757] wproc: CHECK job 46594 from worker Core Worker 12904 timed out after 30.01s
[1561709757] wproc:   host=router1; service=(null);
[1561709757] wproc:   early_timeout=1; exited_ok=0; wait_status=0; error_code=62;
[1561709757] Warning: Check of host 'router1' timed out after 30.01 seconds
[1561709757] HOST NOTIFICATION: nagiosadmin;router1;DOWN;notify-host-by-email;(Host check timed out after 30.01 seconds)
[1561709757] HOST ALERT: router1;DOWN;HARD;10;(Host check timed out after 30.01 seconds)
[1561709758] wproc: Core Worker 12904: job 46594 (pid=8108): Dormant child reaped
[1561710056] wproc: Core Worker 12906: job 46603 (pid=8358) timed out. Killing it
[1561710056] wproc: CHECK job 46603 from worker Core Worker 12906 timed out after 30.01s
[1561710056] wproc:   host=router3; service=(null);
[1561710056] wproc:   early_timeout=1; exited_ok=0; wait_status=0; error_code=62;
[1561710056] Warning: Check of host 'router3' timed out after 30.01 seconds
[1561710056] HOST ALERT: router3;DOWN;SOFT;1;(Host check timed out after 30.01 seconds)
[1561710056] wproc: Core Worker 12906: job 46603 (pid=8358): Dormant child reaped
[1561710087] wproc: Core Worker 12905: job 46604 (pid=8376) timed out. Killing it
[1561710087] wproc: CHECK job 46604 from worker Core Worker 12905 timed out after 30.01s
[1561710087] wproc:   host=router1; service=(null);
[1561710087] wproc:   early_timeout=1; exited_ok=0; wait_status=0; error_code=62;
[1561710087] Warning: Check of host 'router1' timed out after 30.01 seconds
[1561710088] wproc: Core Worker 12905: job 46604 (pid=8376): Dormant child reaped
[1561710146] wproc: Core Worker 12904: job 46608 (pid=8404) timed out. Killing it
[1561710146] wproc: CHECK job 46608 from worker Core Worker 12904 timed out after 30.02s
[1561710146] wproc:   host=router3; service=(null);
[1561710146] wproc:   early_timeout=1; exited_ok=0; wait_status=0; error_code=62;
[1561710146] Warning: Check of host 'router3' timed out after 30.02 seconds
[1561710146] HOST ALERT: router3;DOWN;SOFT;2;(Host check timed out after 30.02 seconds)
[1561710147] wproc: Core Worker 12904: job 46608 (pid=8404): Dormant child reaped
[1561710236] wproc: Core Worker 12905: job 46610 (pid=8434) timed out. Killing it
[1561710236] wproc: CHECK job 46610 from worker Core Worker 12905 timed out after 30.03s
[1561710236] wproc:   host=router3; service=(null);
[1561710236] wproc:   early_timeout=1; exited_ok=0; wait_status=0; error_code=62;
[1561710236] Warning: Check of host 'router3' timed out after 30.03 seconds
[1561710236] HOST ALERT: router3;DOWN;SOFT;3;(Host check timed out after 30.03 seconds)
[1561710237] wproc: Core Worker 12905: job 46610 (pid=8434): Dormant child reaped
[1561710326] wproc: Core Worker 12906: job 46613 (pid=8469) timed out. Killing it
[1561710326] wproc: CHECK job 46613 from worker Core Worker 12906 timed out after 30.03s
[1561710326] wproc:   host=router3; service=(null);
[1561710326] wproc:   early_timeout=1; exited_ok=0; wait_status=0; error_code=62;
[1561710326] Warning: Check of host 'router3' timed out after 30.03 seconds
[1561710326] HOST ALERT: router3;DOWN;SOFT;4;(Host check timed out after 30.03 seconds)
[1561710327] wproc: Core Worker 12906: job 46613 (pid=8469): Dormant child reaped
[1561710365] SERVICE ALERT: router3;check-host-alive;CRITICAL;HARD;1;CRITICAL - Plugin timed out
[1561710387] wproc: Core Worker 12904: job 46615 (pid=8616) timed out. Killing it
[1561710387] wproc: CHECK job 46615 from worker Core Worker 12904 timed out after 30.02s
[1561710387] wproc:   host=router1; service=(null);
[1561710387] wproc:   early_timeout=1; exited_ok=0; wait_status=0; error_code=62;
[1561710387] Warning: Check of host 'router1' timed out after 30.02 seconds
[1561710388] wproc: Core Worker 12904: job 46615 (pid=8616): Dormant child reaped
[1561710416] wproc: Core Worker 12905: job 46616 (pid=8628) timed out. Killing it
[1561710416] wproc: CHECK job 46616 from worker Core Worker 12905 timed out after 30.03s
[1561710416] wproc:   host=router3; service=(null);
[1561710416] wproc:   early_timeout=1; exited_ok=0; wait_status=0; error_code=62;
[1561710416] Warning: Check of host 'router3' timed out after 30.03 seconds
[1561710416] HOST ALERT: router3;DOWN;SOFT;5;(Host check timed out after 30.03 seconds)
[1561710417] wproc: Core Worker 12905: job 46616 (pid=8628): Dormant child reaped
[1561710506] wproc: Core Worker 12906: job 46619 (pid=8666) timed out. Killing it
[1561710506] wproc: CHECK job 46619 from worker Core Worker 12906 timed out after 30.03s
[1561710506] wproc:   host=router3; service=(null);
[1561710506] wproc:   early_timeout=1; exited_ok=0; wait_status=0; error_code=62;
[1561710506] Warning: Check of host 'router3' timed out after 30.03 seconds
[1561710506] HOST ALERT: router3;DOWN;SOFT;6;(Host check timed out after 30.03 seconds)
[1561710507] wproc: Core Worker 12906: job 46619 (pid=8666): Dormant child reaped
[1561710596] wproc: Core Worker 12905: job 46621 (pid=8694) timed out. Killing it
[1561710596] wproc: CHECK job 46621 from worker Core Worker 12905 timed out after 30.01s
[1561710596] wproc:   host=router3; service=(null);
[1561710596] wproc:   early_timeout=1; exited_ok=0; wait_status=0; error_code=62;
[1561710596] Warning: Check of host 'router3' timed out after 30.01 seconds
[1561710596] HOST ALERT: router3;DOWN;SOFT;7;(Host check timed out after 30.01 seconds)
[1561710597] wproc: Core Worker 12905: job 46621 (pid=8694): Dormant child reaped
[1561710686] wproc: Core Worker 12903: job 46624 (pid=8858) timed out. Killing it
[1561710686] wproc: CHECK job 46624 from worker Core Worker 12903 timed out after 30.01s
[1561710686] wproc:   host=router3; service=(null);
[1561710686] wproc:   early_timeout=1; exited_ok=0; wait_status=0; error_code=62;
[1561710686] Warning: Check of host 'router3' timed out after 30.01 seconds
[1561710686] HOST ALERT: router3;DOWN;SOFT;8;(Host check timed out after 30.01 seconds)
[1561710687] wproc: Core Worker 12903: job 46624 (pid=8858): Dormant child reaped
[1561710687] wproc: Core Worker 12904: job 46625 (pid=8862) timed out. Killing it
[1561710687] wproc: CHECK job 46625 from worker Core Worker 12904 timed out after 30.01s
[1561710687] wproc:   host=router1; service=(null);
[1561710687] wproc:   early_timeout=1; exited_ok=0; wait_status=0; error_code=62;
[1561710687] Warning: Check of host 'router1' timed out after 30.01 seconds
[1561710688] wproc: Core Worker 12904: job 46625 (pid=8862): Dormant child reaped
[1561710776] wproc: Core Worker 12905: job 46628 (pid=8911) timed out. Killing it
[1561710776] wproc: CHECK job 46628 from worker Core Worker 12905 timed out after 30.01s
[1561710776] wproc:   host=router3; service=(null);
[1561710776] wproc:   early_timeout=1; exited_ok=0; wait_status=0; error_code=62;
[1561710776] Warning: Check of host 'router3' timed out after 30.01 seconds
[1561710776] HOST ALERT: router3;DOWN;SOFT;9;(Host check timed out after 30.01 seconds)
[1561710777] wproc: Core Worker 12905: job 46628 (pid=8911): Dormant child reaped
[1561710866] wproc: Core Worker 12905: job 46631 (pid=8953) timed out. Killing it
[1561710866] wproc: CHECK job 46631 from worker Core Worker 12905 timed out after 30.01s
[1561710866] wproc:   host=router3; service=(null);
[1561710866] wproc:   early_timeout=1; exited_ok=0; wait_status=0; error_code=62;
[1561710866] Warning: Check of host 'router3' timed out after 30.01 seconds
[1561710866] HOST NOTIFICATION: nagiosadmin;router3;DOWN;notify-host-by-email;(Host check timed out after 30.01 seconds)
[1561710866] HOST ALERT: router3;DOWN;HARD;10;(Host check timed out after 30.01 seconds)
[1561710867] wproc: Core Worker 12905: job 46631 (pid=8953): Dormant child reaped
[1561710987] wproc: Core Worker 12906: job 46635 (pid=9127) timed out. Killing it
[1561710987] wproc: CHECK job 46635 from worker Core Worker 12906 timed out after 30.02s
[1561710987] wproc:   host=router1; service=(null);
[1561710987] wproc:   early_timeout=1; exited_ok=0; wait_status=0; error_code=62;
[1561710987] Warning: Check of host 'router1' timed out after 30.02 seconds
[1561710988] wproc: Core Worker 12906: job 46635 (pid=9127): Dormant child reaped
[1561711196] wproc: Core Worker 12903: job 46641 (pid=9200) timed out. Killing it
[1561711196] wproc: CHECK job 46641 from worker Core Worker 12903 timed out after 30.01s
[1561711196] wproc:   host=router3; service=(null);
[1561711196] wproc:   early_timeout=1; exited_ok=0; wait_status=0; error_code=62;
[1561711196] Warning: Check of host 'router3' timed out after 30.01 seconds
[1561711197] wproc: Core Worker 12903: job 46641 (pid=9200): Dormant child reaped
[1561711287] wproc: Core Worker 12903: job 46644 (pid=9368) timed out. Killing it
[1561711287] wproc: CHECK job 46644 from worker Core Worker 12903 timed out after 30.01s
[1561711287] wproc:   host=router1; service=(null);
[1561711287] wproc:   early_timeout=1; exited_ok=0; wait_status=0; error_code=62;
[1561711287] Warning: Check of host 'router1' timed out after 30.01 seconds
[1561711288] wproc: Core Worker 12903: job 46644 (pid=9368): Dormant child reaped
[1561711496] wproc: Core Worker 12905: job 46651 (pid=9444) timed out. Killing it
[1561711496] wproc: CHECK job 46651 from worker Core Worker 12905 timed out after 30.03s
[1561711496] wproc:   host=router3; service=(null);
[1561711496] wproc:   early_timeout=1; exited_ok=0; wait_status=0; error_code=62;
[1561711496] Warning: Check of host 'router3' timed out after 30.03 seconds
[1561711497] wproc: Core Worker 12905: job 46651 (pid=9444): Dormant child reaped
[1561711587] wproc: Core Worker 12906: job 46654 (pid=9605) timed out. Killing it
[1561711587] wproc: CHECK job 46654 from worker Core Worker 12906 timed out after 30.01s
[1561711587] wproc:   host=router1; service=(null);
[1561711587] wproc:   early_timeout=1; exited_ok=0; wait_status=0; error_code=62;
[1561711587] Warning: Check of host 'router1' timed out after 30.01 seconds
[1561711587] HOST NOTIFICATION: nagiosadmin;router1;DOWN;notify-host-by-email;(Host check timed out after 30.01 seconds)
[1561711588] wproc: Core Worker 12906: job 46654 (pid=9605): Dormant child reaped
[1561711599] Auto-save of retention data completed successfully.
[1561711796] wproc: Core Worker 12905: job 46660 (pid=9688) timed out. Killing it
[1561711796] wproc: CHECK job 46660 from worker Core Worker 12905 timed out after 30.01s
[1561711796] wproc:   host=router3; service=(null);
[1561711796] wproc:   early_timeout=1; exited_ok=0; wait_status=0; error_code=62;
[1561711796] Warning: Check of host 'router3' timed out after 30.01 seconds
[1561711797] wproc: Core Worker 12905: job 46660 (pid=9688): Dormant child reaped
[1561711887] wproc: Core Worker 12905: job 46663 (pid=9855) timed out. Killing it
[1561711887] wproc: CHECK job 46663 from worker Core Worker 12905 timed out after 30.01s
[1561711887] wproc:   host=router1; service=(null);
[1561711887] wproc:   early_timeout=1; exited_ok=0; wait_status=0; error_code=62;
[1561711887] Warning: Check of host 'router1' timed out after 30.01 seconds
[1561711888] wproc: Core Worker 12905: job 46663 (pid=9855): Dormant child reaped
[1561712096] wproc: Core Worker 12904: job 46671 (pid=9930) timed out. Killing it
[1561712096] wproc: CHECK job 46671 from worker Core Worker 12904 timed out after 30.01s
[1561712096] wproc:   host=router3; service=(null);
[1561712096] wproc:   early_timeout=1; exited_ok=0; wait_status=0; error_code=62;
[1561712096] Warning: Check of host 'router3' timed out after 30.01 seconds
[1561712097] wproc: Core Worker 12904: job 46671 (pid=9930): Dormant child reaped
[1561712187] wproc: Core Worker 12903: job 46673 (pid=10092) timed out. Killing it
[1561712187] wproc: CHECK job 46673 from worker Core Worker 12903 timed out after 30.02s
[1561712187] wproc:   host=router1; service=(null);
[1561712187] wproc:   early_timeout=1; exited_ok=0; wait_status=0; error_code=62;
[1561712187] Warning: Check of host 'router1' timed out after 30.02 seconds
[1561712188] wproc: Core Worker 12903: job 46673 (pid=10092): Dormant child reaped
[1561712397] wproc: Core Worker 12905: job 46679 (pid=10165) timed out. Killing it
[1561712397] wproc: CHECK job 46679 from worker Core Worker 12905 timed out after 30.01s
[1561712397] wproc:   host=router3; service=(null);
[1561712397] wproc:   early_timeout=1; exited_ok=0; wait_status=0; error_code=62;
[1561712397] Warning: Check of host 'router3' timed out after 30.01 seconds
[1561712397] wproc: Core Worker 12905: job 46679 (pid=10165): Dormant child reaped
[1561712487] wproc: Core Worker 12905: job 46682 (pid=10332) timed out. Killing it
[1561712487] wproc: CHECK job 46682 from worker Core Worker 12905 timed out after 30.01s
[1561712487] wproc:   host=router1; service=(null);
[1561712487] wproc:   early_timeout=1; exited_ok=0; wait_status=0; error_code=62;
[1561712487] Warning: Check of host 'router1' timed out after 30.01 seconds
[1561712488] wproc: Core Worker 12905: job 46682 (pid=10332): Dormant child reaped
[1561712696] wproc: Core Worker 12904: job 46690 (pid=10409) timed out. Killing it
[1561712696] wproc: CHECK job 46690 from worker Core Worker 12904 timed out after 30.03s
[1561712696] wproc:   host=router3; service=(null);
[1561712696] wproc:   early_timeout=1; exited_ok=0; wait_status=0; error_code=62;
[1561712696] Warning: Check of host 'router3' timed out after 30.03 seconds
[1561712696] HOST NOTIFICATION: nagiosadmin;router3;DOWN;notify-host-by-email;(Host check timed out after 30.03 seconds)
[1561712696] wproc: Core Worker 12904: job 46690 (pid=10409): Dormant child reaped
[1561712787] wproc: Core Worker 12905: job 46692 (pid=10582) timed out. Killing it
[1561712787] wproc: CHECK job 46692 from worker Core Worker 12905 timed out after 30.01s
[1561712787] wproc:   host=router1; service=(null);
[1561712787] wproc:   early_timeout=1; exited_ok=0; wait_status=0; error_code=62;
[1561712787] Warning: Check of host 'router1' timed out after 30.01 seconds
[1561712788] wproc: Core Worker 12905: job 46692 (pid=10582): Dormant child reaped
[1561712996] wproc: Core Worker 12904: job 46699 (pid=10673) timed out. Killing it
[1561712996] wproc: CHECK job 46699 from worker Core Worker 12904 timed out after 30.01s
[1561712996] wproc:   host=router3; service=(null);
[1561712996] wproc:   early_timeout=1; exited_ok=0; wait_status=0; error_code=62;
[1561712996] Warning: Check of host 'router3' timed out after 30.01 seconds
[1561712996] wproc: Core Worker 12904: job 46699 (pid=10673): Dormant child reaped
[1561713087] wproc: Core Worker 12904: job 46702 (pid=10886) timed out. Killing it
[1561713087] wproc: CHECK job 46702 from worker Core Worker 12904 timed out after 30.01s
[1561713087] wproc:   host=router1; service=(null);
[1561713087] wproc:   early_timeout=1; exited_ok=0; wait_status=0; error_code=62;
[1561713087] Warning: Check of host 'router1' timed out after 30.01 seconds
[1561713088] wproc: Core Worker 12904: job 46702 (pid=10886): Dormant child reaped
[1561713296] wproc: Core Worker 12906: job 46709 (pid=11091) timed out. Killing it
[1561713296] wproc: CHECK job 46709 from worker Core Worker 12906 timed out after 30.02s
[1561713296] wproc:   host=router3; service=(null);
[1561713296] wproc:   early_timeout=1; exited_ok=0; wait_status=0; error_code=62;
[1561713296] Warning: Check of host 'router3' timed out after 30.02 seconds
[1561713296] wproc: Core Worker 12906: job 46709 (pid=11091): Dormant child reaped
[1561713387] wproc: Core Worker 12905: job 46711 (pid=11340) timed out. Killing it
[1561713387] wproc: CHECK job 46711 from worker Core Worker 12905 timed out after 30.02s
[1561713387] wproc:   host=router1; service=(null);
[1561713387] wproc:   early_timeout=1; exited_ok=0; wait_status=0; error_code=62;
[1561713387] Warning: Check of host 'router1' timed out after 30.02 seconds
[1561713387] HOST NOTIFICATION: nagiosadmin;router1;DOWN;notify-host-by-email;(Host check timed out after 30.02 seconds)
[1561713388] wproc: Core Worker 12905: job 46711 (pid=11340): Dormant child reaped
[1561713596] wproc: Core Worker 12906: job 46718 (pid=11421) timed out. Killing it
[1561713596] wproc: CHECK job 46718 from worker Core Worker 12906 timed out after 30.01s
[1561713596] wproc:   host=router3; service=(null);
[1561713596] wproc:   early_timeout=1; exited_ok=0; wait_status=0; error_code=62;
[1561713596] Warning: Check of host 'router3' timed out after 30.01 seconds
[1561713596] wproc: Core Worker 12906: job 46718 (pid=11421): Dormant child reaped
[1561713687] wproc: Core Worker 12906: job 46721 (pid=11588) timed out. Killing it
[1561713687] wproc: CHECK job 46721 from worker Core Worker 12906 timed out after 30.01s
[1561713687] wproc:   host=router1; service=(null);
[1561713687] wproc:   early_timeout=1; exited_ok=0; wait_status=0; error_code=62;
[1561713687] Warning: Check of host 'router1' timed out after 30.01 seconds
[1561713688] wproc: Core Worker 12906: job 46721 (pid=11588): Dormant child reaped
[1561713896] wproc: Core Worker 12903: job 46728 (pid=11664) timed out. Killing it
[1561713896] wproc: CHECK job 46728 from worker Core Worker 12903 timed out after 30.03s
[1561713896] wproc:   host=router3; service=(null);
[1561713896] wproc:   early_timeout=1; exited_ok=0; wait_status=0; error_code=62;
[1561713896] Warning: Check of host 'router3' timed out after 30.03 seconds
[1561713896] wproc: Core Worker 12903: job 46728 (pid=11664): Dormant child reaped
[1561713988] wproc: Core Worker 12904: job 46731 (pid=11878) timed out. Killing it
[1561713988] wproc: CHECK job 46731 from worker Core Worker 12904 timed out after 30.01s
[1561713988] wproc:   host=router1; service=(null);
[1561713988] wproc:   early_timeout=1; exited_ok=0; wait_status=0; error_code=62;
[1561713988] Warning: Check of host 'router1' timed out after 30.01 seconds
[1561713988] wproc: Core Worker 12904: job 46731 (pid=11878): Dormant child reaped
[1561714196] wproc: Core Worker 12906: job 46737 (pid=11951) timed out. Killing it
[1561714196] wproc: CHECK job 46737 from worker Core Worker 12906 timed out after 30.01s
[1561714196] wproc:   host=router3; service=(null);
[1561714196] wproc:   early_timeout=1; exited_ok=0; wait_status=0; error_code=62;
[1561714196] Warning: Check of host 'router3' timed out after 30.01 seconds
[1561714196] wproc: Core Worker 12906: job 46737 (pid=11951): Dormant child reaped
[1561714287] wproc: Core Worker 12904: job 46740 (pid=12115) timed out. Killing it
[1561714287] wproc: CHECK job 46740 from worker Core Worker 12904 timed out after 30.01s
[1561714287] wproc:   host=router1; service=(null);
[1561714287] wproc:   early_timeout=1; exited_ok=0; wait_status=0; error_code=62;
[1561714287] Warning: Check of host 'router1' timed out after 30.01 seconds
[1561714287] wproc: Core Worker 12904: job 46740 (pid=12115): Dormant child reaped
[1561714496] wproc: Core Worker 12903: job 46747 (pid=12213) timed out. Killing it
[1561714496] wproc: CHECK job 46747 from worker Core Worker 12903 timed out after 30.03s
[1561714496] wproc:   host=router3; service=(null);
[1561714496] wproc:   early_timeout=1; exited_ok=0; wait_status=0; error_code=62;
[1561714496] Warning: Check of host 'router3' timed out after 30.03 seconds
[1561714496] HOST NOTIFICATION: nagiosadmin;router3;DOWN;notify-host-by-email;(Host check timed out after 30.03 seconds)
[1561714496] wproc: Core Worker 12903: job 46747 (pid=12213): Dormant child reaped
[1561714587] wproc: Core Worker 12904: job 46750 (pid=12380) timed out. Killing it
[1561714587] wproc: CHECK job 46750 from worker Core Worker 12904 timed out after 30.01s
[1561714587] wproc:   host=router1; service=(null);
[1561714587] wproc:   early_timeout=1; exited_ok=0; wait_status=0; error_code=62;
[1561714587] Warning: Check of host 'router1' timed out after 30.01 seconds
[1561714587] wproc: Core Worker 12904: job 46750 (pid=12380): Dormant child reaped
[1561714796] wproc: Core Worker 12903: job 46756 (pid=12456) timed out. Killing it
[1561714796] wproc: CHECK job 46756 from worker Core Worker 12903 timed out after 30.01s
[1561714796] wproc:   host=router3; service=(null);
[1561714796] wproc:   early_timeout=1; exited_ok=0; wait_status=0; error_code=62;
[1561714796] Warning: Check of host 'router3' timed out after 30.01 seconds
[1561714796] wproc: Core Worker 12903: job 46756 (pid=12456): Dormant child reaped
[1561714887] wproc: Core Worker 12906: job 46759 (pid=12625) timed out. Killing it
[1561714887] wproc: CHECK job 46759 from worker Core Worker 12906 timed out after 30.01s
[1561714887] wproc:   host=router1; service=(null);
[1561714887] wproc:   early_timeout=1; exited_ok=0; wait_status=0; error_code=62;
[1561714887] Warning: Check of host 'router1' timed out after 30.01 seconds
[1561714887] wproc: Core Worker 12906: job 46759 (pid=12625): Dormant child reaped
[1561714926] EXTERNAL COMMAND: ACKNOWLEDGE_HOST_PROBLEM;router1;2;1;0;Nagios Admin;acknowledge
[1561714926] HOST NOTIFICATION: nagiosadmin;router1;ACKNOWLEDGEMENT (DOWN);notify-host-by-email;(Host check timed out after 30.01 seconds);Nagios Admin;acknowledge
[1561714938] EXTERNAL COMMAND: ACKNOWLEDGE_HOST_PROBLEM;router3;2;1;0;Nagios Admin;acknowledge
[1561714938] HOST NOTIFICATION: nagiosadmin;router3;ACKNOWLEDGEMENT (DOWN);notify-host-by-email;(Host check timed out after 30.01 seconds);Nagios Admin;acknowledge
[1561715096] wproc: Core Worker 12906: job 46767 (pid=12732) timed out. Killing it
[1561715096] wproc: CHECK job 46767 from worker Core Worker 12906 timed out after 30.01s
[1561715096] wproc:   host=router3; service=(null);
[1561715096] wproc:   early_timeout=1; exited_ok=0; wait_status=0; error_code=62;
[1561715096] Warning: Check of host 'router3' timed out after 30.01 seconds
[1561715096] wproc: Core Worker 12906: job 46767 (pid=12732): Dormant child reaped
[1561715187] wproc: Core Worker 12903: job 46769 (pid=12891) timed out. Killing it
[1561715187] wproc: CHECK job 46769 from worker Core Worker 12903 timed out after 30.02s
[1561715187] wproc:   host=router1; service=(null);
[1561715187] wproc:   early_timeout=1; exited_ok=0; wait_status=0; error_code=62;
[1561715187] Warning: Check of host 'router1' timed out after 30.02 seconds
[1561715187] wproc: Core Worker 12903: job 46769 (pid=12891): Dormant child reaped
[1561715199] Auto-save of retention data completed successfully.
[1561715278] SERVICE ALERT: router1;check-host-alive;OK;HARD;1;PING OK - Packet loss = 0%, RTA = 0.58 ms
[1561715282] HOST NOTIFICATION: nagiosadmin;router1;UP;notify-host-by-email;PING OK - Packet loss = 0%, RTA = 0.60 ms
[1561715282] HOST ALERT: router1;UP;HARD;1;PING OK - Packet loss = 0%, RTA = 0.60 ms
[1561715371] HOST NOTIFICATION: nagiosadmin;router3;UP;notify-host-by-email;PING OK - Packet loss = 20%, RTA = 0.69 ms
[1561715371] HOST ALERT: router3;UP;HARD;1;PING OK - Packet loss = 20%, RTA = 0.69 ms
[1561715738] SERVICE ALERT: router3;check-host-alive;OK;SOFT;1;PING OK - Packet loss = 0%, RTA = 0.76 ms
[1561717290] SERVICE ALERT: esxi07;ESXi Hardware Check;UNKNOWN;SOFT;1;UNKNOWN: (0, 'Socket error: [Errno 111] Connection refused')
[1561717458] SERVICE ALERT: esxi07;PING;CRITICAL;SOFT;1;CRITICAL - Plugin timed out
[1561717470] wproc: Core Worker 12905: job 46842 (pid=14658) timed out. Killing it
[1561717470] wproc: CHECK job 46842 from worker Core Worker 12905 timed out after 60.01s
[1561717470] wproc:   host=esxi07; service=ESXi Hardware Check;
[1561717470] wproc:   early_timeout=1; exited_ok=0; wait_status=0; error_code=62;
[1561717470] Warning: Check of service 'ESXi Hardware Check' on host 'esxi07' timed out after 60.008s!
[1561717470] SERVICE ALERT: esxi07;ESXi Hardware Check;CRITICAL;SOFT;2;(Service check timed out after 60.01 seconds)
[1561717471] wproc: Core Worker 12905: job 46842 (pid=14658): Dormant child reaped
[1561717488] wproc: Core Worker 12903: job 46844 (pid=14678) timed out. Killing it
[1561717488] wproc: CHECK job 46844 from worker Core Worker 12903 timed out after 30.03s
[1561717488] wproc:   host=esxi07; service=(null);
[1561717488] wproc:   early_timeout=1; exited_ok=0; wait_status=0; error_code=62;
[1561717488] Warning: Check of host 'esxi07' timed out after 30.03 seconds
[1561717488] HOST ALERT: esxi07;DOWN;SOFT;1;(Host check timed out after 30.03 seconds)
[1561717489] wproc: Core Worker 12903: job 46844 (pid=14678): Dormant child reaped
[1561717522] SERVICE ALERT: esxi07;PING;OK;SOFT;2;PING OK - Packet loss = 0%, RTA = 0.45 ms
[1561717526] HOST ALERT: esxi07;UP;SOFT;1;PING OK - Packet loss = 0%, RTA = 0.30 ms
[1561717599] SERVICE ALERT: esxi07;ESXi Hardware Check;OK;HARD;3;OK - Server: Cisco Systems Inc UCSC-C220-M4S s/n: FCH22157EV7 Chassis S/N: FCH2216V0Y8  System BIOS: C220M4.3.0.4a.0.0226182253 2018-02-26
[1561718799] Auto-save of retention data completed successfully.
[1561722399] Auto-save of retention data completed successfully.
[1561725999] Auto-save of retention data completed successfully.
[1561729599] Auto-save of retention data completed successfully.
[1561733199] Auto-save of retention data completed successfully.
[1561736799] Auto-save of retention data completed successfully.
[1561740399] Auto-save of retention data completed successfully.
[1561743999] Auto-save of retention data completed successfully.
