[1570300200] LOG ROTATION: DAILY
[1570300200] LOG VERSION: 2.0
[1570300200] CURRENT HOST STATE: AP_Main_Bldg;UP;HARD;1;PING OK - Packet loss = 0%, RTA = 0.73 ms
[1570300200] CURRENT HOST STATE: Director_Bldg;UP;HARD;1;PING OK - Packet loss = 0%, RTA = 0.57 ms
[1570300200] CURRENT HOST STATE: Director_Resident;UP;HARD;1;PING OK - Packet loss = 0%, RTA = 0.71 ms
[1570300200] CURRENT HOST STATE: esxi01;UP;HARD;1;PING OK - Packet loss = 0%, RTA = 0.47 ms
[1570300200] CURRENT HOST STATE: esxi02;UP;HARD;1;PING OK - Packet loss = 0%, RTA = 0.46 ms
[1570300200] CURRENT HOST STATE: esxi03;UP;HARD;1;PING OK - Packet loss = 0%, RTA = 0.44 ms
[1570300200] CURRENT HOST STATE: esxi04;UP;HARD;1;PING OK - Packet loss = 0%, RTA = 0.38 ms
[1570300200] CURRENT HOST STATE: esxi05;UP;HARD;1;PING OK - Packet loss = 0%, RTA = 0.51 ms
[1570300200] CURRENT HOST STATE: esxi06;UP;HARD;1;PING OK - Packet loss = 0%, RTA = 0.52 ms
[1570300200] CURRENT HOST STATE: esxi07;UP;HARD;1;PING OK - Packet loss = 0%, RTA = 0.56 ms
[1570300200] CURRENT HOST STATE: esxi08;UP;HARD;1;PING OK - Packet loss = 0%, RTA = 0.41 ms
[1570300200] CURRENT HOST STATE: esxi09;UP;HARD;1;PING OK - Packet loss = 0%, RTA = 0.38 ms
[1570300200] CURRENT HOST STATE: localhost;UP;HARD;1;PING OK - Packet loss = 0%, RTA = 0.05 ms
[1570300200] CURRENT HOST STATE: vmware10gswitch;UP;HARD;1;PING OK - Packet loss = 0%, RTA = 1.76 ms
[1570300200] CURRENT HOST STATE: vmwaremgmtswitch;UP;HARD;1;PING OK - Packet loss = 0%, RTA = 0.73 ms
[1570300200] CURRENT SERVICE STATE: AP_Main_Bldg;check-host-alive;OK;HARD;1;PING OK - Packet loss = 0%, RTA = 3.21 ms
[1570300200] CURRENT SERVICE STATE: Director_Bldg;check-host-alive;OK;HARD;1;PING OK - Packet loss = 0%, RTA = 0.61 ms
[1570300200] CURRENT SERVICE STATE: Director_Resident;check-host-alive;OK;HARD;1;PING OK - Packet loss = 0%, RTA = 0.77 ms
[1570300200] CURRENT SERVICE STATE: esxi01;ESXi Hardware Check;OK;HARD;1;OK - Server: Cisco Systems Inc UCSC-C220-M4S s/n: FCH22157EQH Chassis S/N: FCH2216V0WN  System BIOS: C220M4.3.0.4a.0.0226182253 2018-02-26
[1570300200] CURRENT SERVICE STATE: esxi01;PING;OK;HARD;1;PING OK - Packet loss = 0%, RTA = 0.61 ms
[1570300200] CURRENT SERVICE STATE: esxi02;ESXi Hardware Check;OK;HARD;1;OK - Server: Cisco Systems Inc UCSC-C220-M4S s/n: FCH22157E1D Chassis S/N: FCH2216V0Y6  System BIOS: C220M4.3.0.4a.0.0226182253 2018-02-26
[1570300200] CURRENT SERVICE STATE: esxi02;PING;OK;HARD;1;PING OK - Packet loss = 0%, RTA = 0.51 ms
[1570300200] CURRENT SERVICE STATE: esxi03;ESXi Hardware Check;OK;HARD;1;OK - Server: Cisco Systems Inc UCSC-C220-M4S s/n: FCH22157ESB Chassis S/N: FCH2216V0TW  System BIOS: C220M4.3.0.4a.0.0226182253 2018-02-26
[1570300200] CURRENT SERVICE STATE: esxi03;PING;OK;HARD;1;PING OK - Packet loss = 0%, RTA = 0.51 ms
[1570300200] CURRENT SERVICE STATE: esxi04;ESXi Hardware Check;OK;HARD;1;OK - Server: Cisco Systems Inc UCSC-C220-M4S s/n: FCH22137QKB Chassis S/N: FCH2216V0YZ  System BIOS: C220M4.3.0.4a.0.0226182253 2018-02-26
[1570300200] CURRENT SERVICE STATE: esxi04;PING;OK;HARD;1;PING OK - Packet loss = 0%, RTA = 0.53 ms
[1570300200] CURRENT SERVICE STATE: esxi05;ESXi Hardware Check;OK;HARD;1;OK - Server: Cisco Systems Inc UCSC-C220-M4S s/n: FCH22157EPD Chassis S/N: FCH2216V0Z0  System BIOS: C220M4.3.0.4a.0.0226182253 2018-02-26
[1570300200] CURRENT SERVICE STATE: esxi05;PING;OK;HARD;1;PING OK - Packet loss = 0%, RTA = 0.37 ms
[1570300200] CURRENT SERVICE STATE: esxi06;ESXi Haradware Check;OK;HARD;1;OK - Server: Cisco Systems Inc UCSC-C220-M4S s/n: FCH22157ERW Chassis S/N: FCH2216V0X8  System BIOS: C220M4.3.0.4a.0.0226182253 2018-02-26
[1570300200] CURRENT SERVICE STATE: esxi06;PING;OK;HARD;1;PING OK - Packet loss = 0%, RTA = 0.51 ms
[1570300200] CURRENT SERVICE STATE: esxi07;ESXi Hardware Check;OK;HARD;1;OK - Server: Cisco Systems Inc UCSC-C220-M4S s/n: FCH22157EV7 Chassis S/N: FCH2216V0Y8  System BIOS: C220M4.3.0.4a.0.0226182253 2018-02-26
[1570300200] CURRENT SERVICE STATE: esxi07;PING;OK;HARD;1;PING OK - Packet loss = 0%, RTA = 0.57 ms
[1570300200] CURRENT SERVICE STATE: esxi08;ESXi Hardware Check;OK;HARD;1;OK - Server: Cisco Systems Inc UCSC-C220-M4S s/n: FCH22137QJN Chassis S/N: FCH2216V0YV  System BIOS: C220M4.3.0.4a.0.0226182253 2018-02-26
[1570300200] CURRENT SERVICE STATE: esxi08;PING;OK;HARD;1;PING OK - Packet loss = 0%, RTA = 0.45 ms
[1570300200] CURRENT SERVICE STATE: esxi09;ESXi Hardware Check;OK;HARD;1;OK - Server: Cisco Systems Inc UCSC-C220-M4S s/n: FCH22157ERY Chassis S/N: FCH2216V0YN  System BIOS: C220M4.3.0.4a.0.0226182253 2018-02-26
[1570300200] CURRENT SERVICE STATE: esxi09;PING;OK;HARD;1;PING OK - Packet loss = 0%, RTA = 0.43 ms
[1570300200] CURRENT SERVICE STATE: localhost;Current Load;OK;HARD;1;OK - load average: 0.65, 0.57, 0.42
[1570300200] CURRENT SERVICE STATE: localhost;Current Users;OK;HARD;1;USERS OK - 2 users currently logged in
[1570300200] CURRENT SERVICE STATE: localhost;PING;OK;HARD;1;PING OK - Packet loss = 0%, RTA = 0.03 ms
[1570300200] CURRENT SERVICE STATE: localhost;Root Partition;OK;HARD;1;DISK OK - free space: / 42240 MB (82.54% inode=99%):
[1570300200] CURRENT SERVICE STATE: localhost;SSH;OK;HARD;1;SSH OK - OpenSSH_7.4 (protocol 2.0)
[1570300200] CURRENT SERVICE STATE: localhost;Swap Usage;OK;HARD;1;SWAP OK - 100% free (3945 MB out of 3967 MB)
[1570300200] CURRENT SERVICE STATE: localhost;Total Processes;OK;HARD;1;PROCS OK: 83 processes with STATE = RSZDT
[1570300200] CURRENT SERVICE STATE: vmware10gswitch;check-host-alive;OK;HARD;1;PING OK - Packet loss = 0%, RTA = 5.03 ms
[1570300200] CURRENT SERVICE STATE: vmwaremgmtswitch;check-host-alive;OK;HARD;1;PING OK - Packet loss = 0%, RTA = 0.90 ms
[1570302683] SERVICE ALERT: esxi06;PING;WARNING;SOFT;1;PING WARNING - Packet loss = 20%, RTA = 0.42 ms
[1570302747] SERVICE ALERT: esxi06;PING;OK;SOFT;2;PING OK - Packet loss = 0%, RTA = 0.42 ms
[1570303659] Auto-save of retention data completed successfully.
[1570307259] Auto-save of retention data completed successfully.
[1570310859] Auto-save of retention data completed successfully.
[1570314459] Auto-save of retention data completed successfully.
[1570318059] Auto-save of retention data completed successfully.
[1570321659] Auto-save of retention data completed successfully.
[1570325259] Auto-save of retention data completed successfully.
[1570328859] Auto-save of retention data completed successfully.
[1570332459] Auto-save of retention data completed successfully.
[1570336059] Auto-save of retention data completed successfully.
[1570338546] wproc: Core Worker 23160: job 158626 (pid=8328) timed out. Killing it
[1570338546] wproc: CHECK job 158626 from worker Core Worker 23160 timed out after 30.01s
[1570338546] wproc:   host=Director_Bldg; service=(null);
[1570338546] wproc:   early_timeout=1; exited_ok=0; wait_status=0; error_code=62;
[1570338546] Warning: Check of host 'Director_Bldg' timed out after 30.01 seconds
[1570338546] HOST ALERT: Director_Bldg;DOWN;SOFT;1;(Host check timed out after 30.01 seconds)
[1570338546] wproc: Core Worker 23160: job 158626 (pid=8328): Dormant child reaped
[1570338636] wproc: Core Worker 23160: job 158628 (pid=8491) timed out. Killing it
[1570338636] wproc: CHECK job 158628 from worker Core Worker 23160 timed out after 30.01s
[1570338636] wproc:   host=Director_Bldg; service=(null);
[1570338636] wproc:   early_timeout=1; exited_ok=0; wait_status=0; error_code=62;
[1570338636] Warning: Check of host 'Director_Bldg' timed out after 30.01 seconds
[1570338636] HOST ALERT: Director_Bldg;DOWN;SOFT;2;(Host check timed out after 30.01 seconds)
[1570338636] wproc: Core Worker 23160: job 158628 (pid=8491): Dormant child reaped
[1570338726] wproc: Core Worker 23157: job 158631 (pid=8516) timed out. Killing it
[1570338726] wproc: CHECK job 158631 from worker Core Worker 23157 timed out after 30.03s
[1570338726] wproc:   host=Director_Bldg; service=(null);
[1570338726] wproc:   early_timeout=1; exited_ok=0; wait_status=0; error_code=62;
[1570338726] Warning: Check of host 'Director_Bldg' timed out after 30.03 seconds
[1570338726] HOST ALERT: Director_Bldg;DOWN;SOFT;3;(Host check timed out after 30.03 seconds)
[1570338726] wproc: Core Worker 23157: job 158631 (pid=8516): Dormant child reaped
[1570338816] wproc: Core Worker 23160: job 158634 (pid=8561) timed out. Killing it
[1570338816] wproc: CHECK job 158634 from worker Core Worker 23160 timed out after 30.01s
[1570338816] wproc:   host=Director_Bldg; service=(null);
[1570338816] wproc:   early_timeout=1; exited_ok=0; wait_status=0; error_code=62;
[1570338816] Warning: Check of host 'Director_Bldg' timed out after 30.01 seconds
[1570338816] HOST ALERT: Director_Bldg;DOWN;SOFT;4;(Host check timed out after 30.01 seconds)
[1570338816] wproc: Core Worker 23160: job 158634 (pid=8561): Dormant child reaped
[1570338841] SERVICE ALERT: Director_Bldg;check-host-alive;CRITICAL;HARD;1;CRITICAL - Plugin timed out
[1570338906] wproc: Core Worker 23157: job 158637 (pid=8587) timed out. Killing it
[1570338906] wproc: CHECK job 158637 from worker Core Worker 23157 timed out after 30.03s
[1570338906] wproc:   host=Director_Bldg; service=(null);
[1570338906] wproc:   early_timeout=1; exited_ok=0; wait_status=0; error_code=62;
[1570338906] Warning: Check of host 'Director_Bldg' timed out after 30.03 seconds
[1570338906] HOST ALERT: Director_Bldg;DOWN;SOFT;5;(Host check timed out after 30.03 seconds)
[1570338906] wproc: Core Worker 23157: job 158637 (pid=8587): Dormant child reaped
[1570338996] wproc: Core Worker 23157: job 158639 (pid=8745) timed out. Killing it
[1570338996] wproc: CHECK job 158639 from worker Core Worker 23157 timed out after 30.03s
[1570338996] wproc:   host=Director_Bldg; service=(null);
[1570338996] wproc:   early_timeout=1; exited_ok=0; wait_status=0; error_code=62;
[1570338996] Warning: Check of host 'Director_Bldg' timed out after 30.03 seconds
[1570338996] HOST ALERT: Director_Bldg;DOWN;SOFT;6;(Host check timed out after 30.03 seconds)
[1570338996] wproc: Core Worker 23157: job 158639 (pid=8745): Dormant child reaped
[1570339086] wproc: Core Worker 23157: job 158644 (pid=8787) timed out. Killing it
[1570339086] wproc: CHECK job 158644 from worker Core Worker 23157 timed out after 30.01s
[1570339086] wproc:   host=Director_Bldg; service=(null);
[1570339086] wproc:   early_timeout=1; exited_ok=0; wait_status=0; error_code=62;
[1570339086] Warning: Check of host 'Director_Bldg' timed out after 30.01 seconds
[1570339086] HOST ALERT: Director_Bldg;DOWN;SOFT;7;(Host check timed out after 30.01 seconds)
[1570339086] wproc: Core Worker 23157: job 158644 (pid=8787): Dormant child reaped
[1570339176] wproc: Core Worker 23157: job 158648 (pid=8832) timed out. Killing it
[1570339176] wproc: CHECK job 158648 from worker Core Worker 23157 timed out after 30.03s
[1570339176] wproc:   host=Director_Bldg; service=(null);
[1570339176] wproc:   early_timeout=1; exited_ok=0; wait_status=0; error_code=62;
[1570339176] Warning: Check of host 'Director_Bldg' timed out after 30.03 seconds
[1570339176] HOST ALERT: Director_Bldg;DOWN;SOFT;8;(Host check timed out after 30.03 seconds)
[1570339176] wproc: Core Worker 23157: job 158648 (pid=8832): Dormant child reaped
[1570339248] wproc: Core Worker 23157: job 158649 (pid=8979) timed out. Killing it
[1570339248] wproc: CHECK job 158649 from worker Core Worker 23157 timed out after 30.01s
[1570339248] wproc:   host=Director_Resident; service=(null);
[1570339248] wproc:   early_timeout=1; exited_ok=0; wait_status=0; error_code=62;
[1570339248] Warning: Check of host 'Director_Resident' timed out after 30.01 seconds
[1570339248] HOST ALERT: Director_Resident;DOWN;SOFT;1;(Host check timed out after 30.01 seconds)
[1570339248] wproc: Core Worker 23157: job 158649 (pid=8979): Dormant child reaped
[1570339266] wproc: Core Worker 23160: job 158649 (pid=8985) timed out. Killing it
[1570339266] wproc: CHECK job 158649 from worker Core Worker 23160 timed out after 30.03s
[1570339266] wproc:   host=Director_Bldg; service=(null);
[1570339266] wproc:   early_timeout=1; exited_ok=0; wait_status=0; error_code=62;
[1570339266] Warning: Check of host 'Director_Bldg' timed out after 30.03 seconds
[1570339266] HOST ALERT: Director_Bldg;DOWN;SOFT;9;(Host check timed out after 30.03 seconds)
[1570339266] wproc: Core Worker 23160: job 158649 (pid=8985): Dormant child reaped
[1570339338] wproc: Core Worker 23159: job 158651 (pid=9014) timed out. Killing it
[1570339338] wproc: CHECK job 158651 from worker Core Worker 23159 timed out after 30.01s
[1570339338] wproc:   host=Director_Resident; service=(null);
[1570339338] wproc:   early_timeout=1; exited_ok=0; wait_status=0; error_code=62;
[1570339338] Warning: Check of host 'Director_Resident' timed out after 30.01 seconds
[1570339338] HOST ALERT: Director_Resident;DOWN;SOFT;2;(Host check timed out after 30.01 seconds)
[1570339338] wproc: Core Worker 23159: job 158651 (pid=9014): Dormant child reaped
[1570339356] wproc: Core Worker 23158: job 158652 (pid=9020) timed out. Killing it
[1570339356] wproc: CHECK job 158652 from worker Core Worker 23158 timed out after 30.01s
[1570339356] wproc:   host=Director_Bldg; service=(null);
[1570339356] wproc:   early_timeout=1; exited_ok=0; wait_status=0; error_code=62;
[1570339356] Warning: Check of host 'Director_Bldg' timed out after 30.01 seconds
[1570339356] HOST NOTIFICATION: nagiosadmin;Director_Bldg;DOWN;notify-host-by-email;(Host check timed out after 30.01 seconds)
[1570339356] HOST ALERT: Director_Bldg;DOWN;HARD;10;(Host check timed out after 30.01 seconds)
[1570339356] wproc: Core Worker 23158: job 158652 (pid=9020): Dormant child reaped
[1570339428] wproc: Core Worker 23159: job 158655 (pid=9058) timed out. Killing it
[1570339428] wproc: CHECK job 158655 from worker Core Worker 23159 timed out after 30.02s
[1570339428] wproc:   host=Director_Resident; service=(null);
[1570339428] wproc:   early_timeout=1; exited_ok=0; wait_status=0; error_code=62;
[1570339428] Warning: Check of host 'Director_Resident' timed out after 30.02 seconds
[1570339428] HOST ALERT: Director_Resident;DOWN;SOFT;3;(Host check timed out after 30.02 seconds)
[1570339428] wproc: Core Worker 23159: job 158655 (pid=9058): Dormant child reaped
[1570339518] wproc: Core Worker 23160: job 158657 (pid=9092) timed out. Killing it
[1570339518] wproc: CHECK job 158657 from worker Core Worker 23160 timed out after 30.02s
[1570339518] wproc:   host=Director_Resident; service=(null);
[1570339518] wproc:   early_timeout=1; exited_ok=0; wait_status=0; error_code=62;
[1570339518] Warning: Check of host 'Director_Resident' timed out after 30.02 seconds
[1570339518] HOST ALERT: Director_Resident;DOWN;SOFT;4;(Host check timed out after 30.02 seconds)
[1570339518] wproc: Core Worker 23160: job 158657 (pid=9092): Dormant child reaped
[1570339544] SERVICE ALERT: Director_Resident;check-host-alive;CRITICAL;HARD;1;CRITICAL - Plugin timed out
[1570339608] wproc: Core Worker 23160: job 158659 (pid=9242) timed out. Killing it
[1570339608] wproc: CHECK job 158659 from worker Core Worker 23160 timed out after 30.03s
[1570339608] wproc:   host=Director_Resident; service=(null);
[1570339608] wproc:   early_timeout=1; exited_ok=0; wait_status=0; error_code=62;
[1570339608] Warning: Check of host 'Director_Resident' timed out after 30.03 seconds
[1570339608] HOST ALERT: Director_Resident;DOWN;SOFT;5;(Host check timed out after 30.03 seconds)
[1570339608] wproc: Core Worker 23160: job 158659 (pid=9242): Dormant child reaped
[1570339659] Auto-save of retention data completed successfully.
[1570339686] wproc: Core Worker 23160: job 158664 (pid=9285) timed out. Killing it
[1570339686] wproc: CHECK job 158664 from worker Core Worker 23160 timed out after 30.01s
[1570339686] wproc:   host=Director_Bldg; service=(null);
[1570339686] wproc:   early_timeout=1; exited_ok=0; wait_status=0; error_code=62;
[1570339686] Warning: Check of host 'Director_Bldg' timed out after 30.01 seconds
[1570339686] wproc: Core Worker 23160: job 158664 (pid=9285): Dormant child reaped
[1570339698] wproc: Core Worker 23158: job 158666 (pid=9302) timed out. Killing it
[1570339698] wproc: CHECK job 158666 from worker Core Worker 23158 timed out after 30.03s
[1570339698] wproc:   host=Director_Resident; service=(null);
[1570339698] wproc:   early_timeout=1; exited_ok=0; wait_status=0; error_code=62;
[1570339698] Warning: Check of host 'Director_Resident' timed out after 30.03 seconds
[1570339698] HOST ALERT: Director_Resident;DOWN;SOFT;6;(Host check timed out after 30.03 seconds)
[1570339698] wproc: Core Worker 23158: job 158666 (pid=9302): Dormant child reaped
[1570339788] wproc: Core Worker 23160: job 158668 (pid=9330) timed out. Killing it
[1570339788] wproc: CHECK job 158668 from worker Core Worker 23160 timed out after 30.02s
[1570339788] wproc:   host=Director_Resident; service=(null);
[1570339788] wproc:   early_timeout=1; exited_ok=0; wait_status=0; error_code=62;
[1570339788] Warning: Check of host 'Director_Resident' timed out after 30.02 seconds
[1570339788] HOST ALERT: Director_Resident;DOWN;SOFT;7;(Host check timed out after 30.02 seconds)
[1570339788] wproc: Core Worker 23160: job 158668 (pid=9330): Dormant child reaped
[1570339878] wproc: Core Worker 23159: job 158670 (pid=9491) timed out. Killing it
[1570339878] wproc: CHECK job 158670 from worker Core Worker 23159 timed out after 30.03s
[1570339878] wproc:   host=Director_Resident; service=(null);
[1570339878] wproc:   early_timeout=1; exited_ok=0; wait_status=0; error_code=62;
[1570339878] Warning: Check of host 'Director_Resident' timed out after 30.03 seconds
[1570339878] HOST ALERT: Director_Resident;DOWN;SOFT;8;(Host check timed out after 30.03 seconds)
[1570339878] wproc: Core Worker 23159: job 158670 (pid=9491): Dormant child reaped
[1570339968] wproc: Core Worker 23159: job 158672 (pid=9532) timed out. Killing it
[1570339968] wproc: CHECK job 158672 from worker Core Worker 23159 timed out after 30.01s
[1570339968] wproc:   host=Director_Resident; service=(null);
[1570339968] wproc:   early_timeout=1; exited_ok=0; wait_status=0; error_code=62;
[1570339968] Warning: Check of host 'Director_Resident' timed out after 30.01 seconds
[1570339968] HOST ALERT: Director_Resident;DOWN;SOFT;9;(Host check timed out after 30.01 seconds)
[1570339968] wproc: Core Worker 23159: job 158672 (pid=9532): Dormant child reaped
[1570339986] wproc: Core Worker 23157: job 158674 (pid=9545) timed out. Killing it
[1570339986] wproc: CHECK job 158674 from worker Core Worker 23157 timed out after 30.03s
[1570339986] wproc:   host=Director_Bldg; service=(null);
[1570339986] wproc:   early_timeout=1; exited_ok=0; wait_status=0; error_code=62;
[1570339986] Warning: Check of host 'Director_Bldg' timed out after 30.03 seconds
[1570339987] wproc: Core Worker 23157: job 158674 (pid=9545): Dormant child reaped
[1570340058] wproc: Core Worker 23157: job 158677 (pid=9582) timed out. Killing it
[1570340058] wproc: CHECK job 158677 from worker Core Worker 23157 timed out after 30.03s
[1570340058] wproc:   host=Director_Resident; service=(null);
[1570340058] wproc:   early_timeout=1; exited_ok=0; wait_status=0; error_code=62;
[1570340058] Warning: Check of host 'Director_Resident' timed out after 30.03 seconds
[1570340058] HOST NOTIFICATION: nagiosadmin;Director_Resident;DOWN;notify-host-by-email;(Host check timed out after 30.03 seconds)
[1570340058] HOST ALERT: Director_Resident;DOWN;HARD;10;(Host check timed out after 30.03 seconds)
[1570340058] wproc: Core Worker 23157: job 158677 (pid=9582): Dormant child reaped
[1570340286] wproc: Core Worker 23160: job 158684 (pid=9795) timed out. Killing it
[1570340286] wproc: CHECK job 158684 from worker Core Worker 23160 timed out after 30.02s
[1570340286] wproc:   host=Director_Bldg; service=(null);
[1570340286] wproc:   early_timeout=1; exited_ok=0; wait_status=0; error_code=62;
[1570340286] Warning: Check of host 'Director_Bldg' timed out after 30.02 seconds
[1570340287] wproc: Core Worker 23160: job 158684 (pid=9795): Dormant child reaped
[1570340388] wproc: Core Worker 23159: job 158688 (pid=9839) timed out. Killing it
[1570340388] wproc: CHECK job 158688 from worker Core Worker 23159 timed out after 30.03s
[1570340388] wproc:   host=Director_Resident; service=(null);
[1570340388] wproc:   early_timeout=1; exited_ok=0; wait_status=0; error_code=62;
[1570340388] Warning: Check of host 'Director_Resident' timed out after 30.03 seconds
[1570340388] wproc: Core Worker 23159: job 158688 (pid=9839): Dormant child reaped
[1570340560] HOST NOTIFICATION: nagiosadmin;Director_Bldg;UP;notify-host-by-email;PING OK - Packet loss = 0%, RTA = 0.54 ms
[1570340560] HOST ALERT: Director_Bldg;UP;HARD;1;PING OK - Packet loss = 0%, RTA = 0.54 ms
[1570340614] SERVICE ALERT: Director_Bldg;check-host-alive;OK;SOFT;1;PING OK - Packet loss = 0%, RTA = 0.56 ms
[1570340663] HOST NOTIFICATION: nagiosadmin;Director_Resident;UP;notify-host-by-email;PING OK - Packet loss = 20%, RTA = 0.72 ms
[1570340663] HOST ALERT: Director_Resident;UP;HARD;1;PING OK - Packet loss = 20%, RTA = 0.72 ms
[1570340717] SERVICE ALERT: Director_Resident;check-host-alive;OK;SOFT;1;PING OK - Packet loss = 0%, RTA = 0.69 ms
[1570343259] Auto-save of retention data completed successfully.
[1570346859] Auto-save of retention data completed successfully.
[1570350459] Auto-save of retention data completed successfully.
[1570354059] Auto-save of retention data completed successfully.
[1570357659] Auto-save of retention data completed successfully.
[1570361259] Auto-save of retention data completed successfully.
[1570364859] Auto-save of retention data completed successfully.
[1570368459] Auto-save of retention data completed successfully.
[1570372059] Auto-save of retention data completed successfully.
[1570375659] Auto-save of retention data completed successfully.
[1570379259] Auto-save of retention data completed successfully.
[1570382859] Auto-save of retention data completed successfully.
[1570386459] Auto-save of retention data completed successfully.
