[1544293800] LOG ROTATION: DAILY
[1544293800] LOG VERSION: 2.0
[1544293800] CURRENT HOST STATE: esxi01;UP;HARD;1;PING OK - Packet loss = 0%, RTA = 0.53 ms
[1544293800] CURRENT HOST STATE: esxi02;UP;HARD;1;PING OK - Packet loss = 0%, RTA = 0.52 ms
[1544293800] CURRENT HOST STATE: localhost;UP;HARD;1;PING OK - Packet loss = 0%, RTA = 0.04 ms
[1544293800] CURRENT HOST STATE: localhost.localdomain;DOWN;HARD;10;CRITICAL - Host Unreachable (10.5.5.15)
[1544293800] CURRENT HOST STATE: router1;UP;HARD;1;PING OK - Packet loss = 0%, RTA = 0.61 ms
[1544293800] CURRENT HOST STATE: router2;UP;HARD;1;PING OK - Packet loss = 0%, RTA = 0.80 ms
[1544293800] CURRENT HOST STATE: router3;UP;HARD;1;PING OK - Packet loss = 0%, RTA = 0.66 ms
[1544293800] CURRENT SERVICE STATE: esxi01;ESXi Hardware Check;OK;HARD;1;OK - Server: Cisco Systems Inc UCSC-C220-M4S s/n: FCH22157E1D Chassis S/N: FCH2216V0Y6  System BIOS: C220M4.3.0.4a.0.0226182253 2018-02-26
[1544293800] CURRENT SERVICE STATE: esxi01;PING;OK;HARD;1;PING OK - Packet loss = 0%, RTA = 0.51 ms
[1544293800] CURRENT SERVICE STATE: esxi02;ESXi Hardware Check;OK;HARD;1;OK - Server: Cisco Systems Inc UCSC-C220-M4S s/n: FCH22157ESB Chassis S/N: FCH2216V0TW  System BIOS: C220M4.3.0.4a.0.0226182253 2018-02-26
[1544293800] CURRENT SERVICE STATE: esxi02;PING;OK;HARD;1;PING OK - Packet loss = 0%, RTA = 0.49 ms
[1544293800] CURRENT SERVICE STATE: localhost;Current Load;OK;HARD;1;OK - load average: 0.00, 0.01, 0.05
[1544293800] CURRENT SERVICE STATE: localhost;Current Users;OK;HARD;1;USERS OK - 0 users currently logged in
[1544293800] CURRENT SERVICE STATE: localhost;HTTP;WARNING;HARD;4;HTTP WARNING: HTTP/1.1 403 Forbidden - 5179 bytes in 0.001 second response time
[1544293800] CURRENT SERVICE STATE: localhost;PING;OK;HARD;1;PING OK - Packet loss = 0%, RTA = 0.04 ms
[1544293800] CURRENT SERVICE STATE: localhost;Root Partition;OK;HARD;1;DISK OK - free space: / 44737 MB (87.42% inode=99%):
[1544293800] CURRENT SERVICE STATE: localhost;SSH;OK;HARD;1;SSH OK - OpenSSH_7.4 (protocol 2.0)
[1544293800] CURRENT SERVICE STATE: localhost;Swap Usage;OK;HARD;1;SWAP OK - 100% free (3967 MB out of 3967 MB)
[1544293800] CURRENT SERVICE STATE: localhost;Total Processes;OK;HARD;1;PROCS OK: 81 processes with STATE = RSZDT
[1544293800] CURRENT SERVICE STATE: localhost.localdomain;Current Load;OK;HARD;1;OK - load average: 0.00, 0.04, 0.20
[1544293800] CURRENT SERVICE STATE: localhost.localdomain;Current Users;OK;HARD;1;USERS OK - 2 users currently logged in
[1544293800] CURRENT SERVICE STATE: localhost.localdomain;HTTP;CRITICAL;HARD;4;connect to address 10.5.5.15 and port 80: No route to host
[1544293800] CURRENT SERVICE STATE: localhost.localdomain;PING;CRITICAL;HARD;4;CRITICAL - Host Unreachable (10.5.5.15)
[1544293800] CURRENT SERVICE STATE: localhost.localdomain;Root Partition;OK;HARD;1;DISK OK - free space: / 44737 MB (87.42% inode=99%):
[1544293800] CURRENT SERVICE STATE: localhost.localdomain;SSH;CRITICAL;HARD;4;connect to address 10.5.5.15 and port 22: No route to host
[1544293800] CURRENT SERVICE STATE: localhost.localdomain;Swap Usage;OK;HARD;1;SWAP OK - 100% free (3967 MB out of 3967 MB)
[1544293800] CURRENT SERVICE STATE: localhost.localdomain;Total Processes;OK;HARD;1;PROCS OK: 85 processes with STATE = RSZDT
[1544293800] CURRENT SERVICE STATE: router1;check-host-alive;OK;HARD;1;PING OK - Packet loss = 0%, RTA = 0.58 ms
[1544293800] CURRENT SERVICE STATE: router2;check-host-alive;OK;HARD;1;PING OK - Packet loss = 0%, RTA = 0.80 ms
[1544293800] CURRENT SERVICE STATE: router3;check-host-alive;OK;HARD;1;PING OK - Packet loss = 0%, RTA = 0.69 ms
[1544295738] Auto-save of retention data completed successfully.
[1544299338] Auto-save of retention data completed successfully.
[1544302938] Auto-save of retention data completed successfully.
[1544306538] Auto-save of retention data completed successfully.
[1544310138] Auto-save of retention data completed successfully.
[1544313738] Auto-save of retention data completed successfully.
[1544317338] Auto-save of retention data completed successfully.
[1544320938] Auto-save of retention data completed successfully.
[1544324538] Auto-save of retention data completed successfully.
[1544328138] Auto-save of retention data completed successfully.
[1544331738] Auto-save of retention data completed successfully.
[1544335338] Auto-save of retention data completed successfully.
[1544338938] Auto-save of retention data completed successfully.
[1544342538] Auto-save of retention data completed successfully.
[1544346138] Auto-save of retention data completed successfully.
[1544349738] Auto-save of retention data completed successfully.
[1544353338] Auto-save of retention data completed successfully.
[1544356938] Auto-save of retention data completed successfully.
[1544360538] Auto-save of retention data completed successfully.
[1544364138] Auto-save of retention data completed successfully.
[1544367738] Auto-save of retention data completed successfully.
[1544371338] Auto-save of retention data completed successfully.
[1544374938] Auto-save of retention data completed successfully.
[1544378538] Auto-save of retention data completed successfully.
