[1542047400] LOG ROTATION: DAILY
[1542047400] LOG VERSION: 2.0
[1542047400] CURRENT HOST STATE: localhost;UP;HARD;1;PING OK - Packet loss = 0%, RTA = 0.03 ms
[1542047400] CURRENT HOST STATE: localhost.localdomain;DOWN;HARD;10;CRITICAL - Host Unreachable (10.5.5.15)
[1542047400] CURRENT HOST STATE: router1;UP;HARD;1;PING OK - Packet loss = 0%, RTA = 0.57 ms
[1542047400] CURRENT HOST STATE: router2;UP;HARD;1;PING OK - Packet loss = 0%, RTA = 0.81 ms
[1542047400] CURRENT HOST STATE: router3;UP;HARD;1;PING OK - Packet loss = 0%, RTA = 1.28 ms
[1542047400] CURRENT SERVICE STATE: localhost;Current Load;OK;HARD;1;OK - load average: 0.00, 0.01, 0.05
[1542047400] CURRENT SERVICE STATE: localhost;Current Users;OK;HARD;1;USERS OK - 0 users currently logged in
[1542047400] CURRENT SERVICE STATE: localhost;HTTP;WARNING;HARD;4;HTTP WARNING: HTTP/1.1 403 Forbidden - 5179 bytes in 0.001 second response time
[1542047400] CURRENT SERVICE STATE: localhost;PING;OK;HARD;1;PING OK - Packet loss = 0%, RTA = 0.04 ms
[1542047400] CURRENT SERVICE STATE: localhost;Root Partition;OK;HARD;1;DISK OK - free space: / 46721 MB (91.29% inode=99%):
[1542047400] CURRENT SERVICE STATE: localhost;SSH;OK;HARD;1;SSH OK - OpenSSH_7.4 (protocol 2.0)
[1542047400] CURRENT SERVICE STATE: localhost;Swap Usage;OK;HARD;1;SWAP OK - 100% free (3967 MB out of 3967 MB)
[1542047400] CURRENT SERVICE STATE: localhost;Total Processes;OK;HARD;1;PROCS OK: 82 processes with STATE = RSZDT
[1542047400] CURRENT SERVICE STATE: localhost.localdomain;Current Load;OK;HARD;1;OK - load average: 0.00, 0.04, 0.20
[1542047400] CURRENT SERVICE STATE: localhost.localdomain;Current Users;OK;HARD;1;USERS OK - 2 users currently logged in
[1542047400] CURRENT SERVICE STATE: localhost.localdomain;HTTP;CRITICAL;HARD;4;connect to address 10.5.5.15 and port 80: No route to host
[1542047400] CURRENT SERVICE STATE: localhost.localdomain;PING;CRITICAL;HARD;4;CRITICAL - Host Unreachable (10.5.5.15)
[1542047400] CURRENT SERVICE STATE: localhost.localdomain;Root Partition;OK;HARD;1;DISK OK - free space: / 46721 MB (91.29% inode=99%):
[1542047400] CURRENT SERVICE STATE: localhost.localdomain;SSH;CRITICAL;HARD;4;connect to address 10.5.5.15 and port 22: No route to host
[1542047400] CURRENT SERVICE STATE: localhost.localdomain;Swap Usage;OK;HARD;1;SWAP OK - 100% free (3967 MB out of 3967 MB)
[1542047400] CURRENT SERVICE STATE: localhost.localdomain;Total Processes;OK;HARD;1;PROCS OK: 81 processes with STATE = RSZDT
[1542047400] CURRENT SERVICE STATE: router1;check-host-alive;OK;HARD;1;PING OK - Packet loss = 0%, RTA = 0.64 ms
[1542047400] CURRENT SERVICE STATE: router2;check-host-alive;OK;HARD;1;PING OK - Packet loss = 0%, RTA = 0.82 ms
[1542047400] CURRENT SERVICE STATE: router3;check-host-alive;OK;HARD;1;PING OK - Packet loss = 0%, RTA = 0.68 ms
[1542049731] Auto-save of retention data completed successfully.
[1542053331] Auto-save of retention data completed successfully.
[1542056931] Auto-save of retention data completed successfully.
[1542060531] Auto-save of retention data completed successfully.
[1542064131] Auto-save of retention data completed successfully.
[1542067731] Auto-save of retention data completed successfully.
[1542071331] Auto-save of retention data completed successfully.
[1542074931] Auto-save of retention data completed successfully.
[1542078531] Auto-save of retention data completed successfully.
[1542082131] Auto-save of retention data completed successfully.
[1542085731] Auto-save of retention data completed successfully.
[1542089331] Auto-save of retention data completed successfully.
[1542092931] Auto-save of retention data completed successfully.
[1542096531] Auto-save of retention data completed successfully.
[1542100131] Auto-save of retention data completed successfully.
[1542103731] Auto-save of retention data completed successfully.
[1542107331] Auto-save of retention data completed successfully.
[1542110931] Auto-save of retention data completed successfully.
[1542114531] Auto-save of retention data completed successfully.
[1542118131] Auto-save of retention data completed successfully.
[1542121731] Auto-save of retention data completed successfully.
[1542125331] Auto-save of retention data completed successfully.
[1542128931] Auto-save of retention data completed successfully.
[1542132531] Auto-save of retention data completed successfully.
