[1542133800] LOG ROTATION: DAILY
[1542133800] LOG VERSION: 2.0
[1542133800] CURRENT HOST STATE: localhost;UP;HARD;1;PING OK - Packet loss = 0%, RTA = 0.03 ms
[1542133800] CURRENT HOST STATE: localhost.localdomain;DOWN;HARD;10;CRITICAL - Host Unreachable (10.5.5.15)
[1542133800] CURRENT HOST STATE: router1;UP;HARD;1;PING OK - Packet loss = 0%, RTA = 0.69 ms
[1542133800] CURRENT HOST STATE: router2;UP;HARD;1;PING OK - Packet loss = 0%, RTA = 0.78 ms
[1542133800] CURRENT HOST STATE: router3;UP;HARD;1;PING OK - Packet loss = 0%, RTA = 1.31 ms
[1542133800] CURRENT SERVICE STATE: localhost;Current Load;OK;HARD;1;OK - load average: 0.00, 0.01, 0.05
[1542133800] CURRENT SERVICE STATE: localhost;Current Users;OK;HARD;1;USERS OK - 0 users currently logged in
[1542133800] CURRENT SERVICE STATE: localhost;HTTP;WARNING;HARD;4;HTTP WARNING: HTTP/1.1 403 Forbidden - 5179 bytes in 0.001 second response time
[1542133800] CURRENT SERVICE STATE: localhost;PING;OK;HARD;1;PING OK - Packet loss = 0%, RTA = 0.04 ms
[1542133800] CURRENT SERVICE STATE: localhost;Root Partition;OK;HARD;1;DISK OK - free space: / 46716 MB (91.28% inode=99%):
[1542133800] CURRENT SERVICE STATE: localhost;SSH;OK;HARD;1;SSH OK - OpenSSH_7.4 (protocol 2.0)
[1542133800] CURRENT SERVICE STATE: localhost;Swap Usage;OK;HARD;1;SWAP OK - 100% free (3967 MB out of 3967 MB)
[1542133800] CURRENT SERVICE STATE: localhost;Total Processes;OK;HARD;1;PROCS OK: 79 processes with STATE = RSZDT
[1542133800] CURRENT SERVICE STATE: localhost.localdomain;Current Load;OK;HARD;1;OK - load average: 0.00, 0.04, 0.20
[1542133800] CURRENT SERVICE STATE: localhost.localdomain;Current Users;OK;HARD;1;USERS OK - 2 users currently logged in
[1542133800] CURRENT SERVICE STATE: localhost.localdomain;HTTP;CRITICAL;HARD;4;connect to address 10.5.5.15 and port 80: No route to host
[1542133800] CURRENT SERVICE STATE: localhost.localdomain;PING;CRITICAL;HARD;4;CRITICAL - Host Unreachable (10.5.5.15)
[1542133800] CURRENT SERVICE STATE: localhost.localdomain;Root Partition;OK;HARD;1;DISK OK - free space: / 46716 MB (91.28% inode=99%):
[1542133800] CURRENT SERVICE STATE: localhost.localdomain;SSH;CRITICAL;HARD;4;connect to address 10.5.5.15 and port 22: No route to host
[1542133800] CURRENT SERVICE STATE: localhost.localdomain;Swap Usage;OK;HARD;1;SWAP OK - 100% free (3967 MB out of 3967 MB)
[1542133800] CURRENT SERVICE STATE: localhost.localdomain;Total Processes;OK;HARD;1;PROCS OK: 81 processes with STATE = RSZDT
[1542133800] CURRENT SERVICE STATE: router1;check-host-alive;OK;HARD;1;PING OK - Packet loss = 0%, RTA = 0.62 ms
[1542133800] CURRENT SERVICE STATE: router2;check-host-alive;OK;HARD;1;PING OK - Packet loss = 0%, RTA = 0.79 ms
[1542133800] CURRENT SERVICE STATE: router3;check-host-alive;OK;HARD;1;PING OK - Packet loss = 0%, RTA = 0.73 ms
[1542136131] Auto-save of retention data completed successfully.
[1542139731] Auto-save of retention data completed successfully.
[1542143331] Auto-save of retention data completed successfully.
[1542146931] Auto-save of retention data completed successfully.
[1542150531] Auto-save of retention data completed successfully.
[1542154131] Auto-save of retention data completed successfully.
[1542157731] Auto-save of retention data completed successfully.
[1542161331] Auto-save of retention data completed successfully.
[1542164931] Auto-save of retention data completed successfully.
[1542168531] Auto-save of retention data completed successfully.
[1542172131] Auto-save of retention data completed successfully.
[1542175731] Auto-save of retention data completed successfully.
[1542179331] Auto-save of retention data completed successfully.
[1542182931] Auto-save of retention data completed successfully.
[1542186531] Auto-save of retention data completed successfully.
[1542190131] Auto-save of retention data completed successfully.
[1542193731] Auto-save of retention data completed successfully.
[1542197331] Auto-save of retention data completed successfully.
[1542200931] Auto-save of retention data completed successfully.
[1542204531] Auto-save of retention data completed successfully.
[1542208131] Auto-save of retention data completed successfully.
[1542211731] Auto-save of retention data completed successfully.
[1542215331] Auto-save of retention data completed successfully.
[1542218931] Auto-save of retention data completed successfully.
