[1599071400] LOG ROTATION: DAILY
[1599071400] LOG VERSION: 2.0
[1599071400] CURRENT HOST STATE: AP_Main_Bldg;UP;HARD;1;PING OK - Packet loss = 0%, RTA = 0.78 ms
[1599071400] CURRENT HOST STATE: Director_Bldg;UP;HARD;1;PING OK - Packet loss = 0%, RTA = 0.62 ms
[1599071400] CURRENT HOST STATE: Director_Resident;UP;HARD;1;PING OK - Packet loss = 0%, RTA = 0.92 ms
[1599071400] CURRENT HOST STATE: esxi01;UP;HARD;1;PING OK - Packet loss = 0%, RTA = 0.38 ms
[1599071400] CURRENT HOST STATE: esxi02;UP;HARD;1;PING OK - Packet loss = 0%, RTA = 0.49 ms
[1599071400] CURRENT HOST STATE: esxi03;UP;HARD;1;PING OK - Packet loss = 0%, RTA = 0.34 ms
[1599071400] CURRENT HOST STATE: esxi04;UP;HARD;1;PING OK - Packet loss = 0%, RTA = 0.39 ms
[1599071400] CURRENT HOST STATE: esxi05;UP;HARD;1;PING OK - Packet loss = 0%, RTA = 0.41 ms
[1599071400] CURRENT HOST STATE: esxi06;UP;HARD;1;PING OK - Packet loss = 0%, RTA = 0.43 ms
[1599071400] CURRENT HOST STATE: esxi07;UP;HARD;1;PING OK - Packet loss = 0%, RTA = 0.56 ms
[1599071400] CURRENT HOST STATE: esxi08;UP;HARD;1;PING OK - Packet loss = 0%, RTA = 0.39 ms
[1599071400] CURRENT HOST STATE: esxi09;UP;HARD;1;PING OK - Packet loss = 0%, RTA = 0.69 ms
[1599071400] CURRENT HOST STATE: localhost;UP;HARD;1;PING OK - Packet loss = 0%, RTA = 0.05 ms
[1599071400] CURRENT HOST STATE: vmware10gswitch;UP;HARD;1;PING OK - Packet loss = 0%, RTA = 1.42 ms
[1599071400] CURRENT HOST STATE: vmwaremgmtswitch;UP;HARD;1;PING OK - Packet loss = 0%, RTA = 0.93 ms
[1599071400] CURRENT SERVICE STATE: AP_Main_Bldg;check-host-alive;OK;HARD;1;PING OK - Packet loss = 0%, RTA = 0.80 ms
[1599071400] CURRENT SERVICE STATE: Director_Bldg;check-host-alive;OK;HARD;1;PING OK - Packet loss = 0%, RTA = 0.66 ms
[1599071400] CURRENT SERVICE STATE: Director_Resident;check-host-alive;OK;HARD;1;PING OK - Packet loss = 0%, RTA = 0.69 ms
[1599071400] CURRENT SERVICE STATE: esxi01;ESXi Hardware Check;OK;HARD;1;OK - Server: Cisco Systems Inc UCSC-C220-M4S s/n: FCH22157EQH Chassis S/N: FCH2216V0WN  System BIOS: C220M4.3.0.4a.0.0226182253 2018-02-26
[1599071400] CURRENT SERVICE STATE: esxi01;PING;OK;HARD;1;PING OK - Packet loss = 0%, RTA = 0.45 ms
[1599071400] CURRENT SERVICE STATE: esxi02;ESXi Hardware Check;UNKNOWN;HARD;3;UNKNOWN:
[1599071400] CURRENT SERVICE STATE: esxi02;PING;OK;HARD;1;PING OK - Packet loss = 0%, RTA = 0.44 ms
[1599071400] CURRENT SERVICE STATE: esxi03;ESXi Hardware Check;OK;HARD;1;OK - Server: Cisco Systems Inc UCSC-C220-M4S s/n: FCH22157ESB Chassis S/N: FCH2216V0TW  System BIOS: C220M4.3.0.4a.0.0226182253 2018-02-26
[1599071400] CURRENT SERVICE STATE: esxi03;PING;OK;HARD;1;PING OK - Packet loss = 0%, RTA = 0.33 ms
[1599071400] CURRENT SERVICE STATE: esxi04;ESXi Hardware Check;OK;HARD;1;OK - Server: Cisco Systems Inc UCSC-C220-M4S s/n: FCH22137QKB Chassis S/N: FCH2216V0YZ  System BIOS: C220M4.3.0.4a.0.0226182253 2018-02-26
[1599071400] CURRENT SERVICE STATE: esxi04;PING;OK;HARD;1;PING OK - Packet loss = 0%, RTA = 0.41 ms
[1599071400] CURRENT SERVICE STATE: esxi05;ESXi Hardware Check;OK;HARD;1;OK - Server: Cisco Systems Inc UCSC-C220-M4S s/n: FCH22157EPD Chassis S/N: FCH2216V0Z0  System BIOS: C220M4.3.0.4a.0.0226182253 2018-02-26
[1599071400] CURRENT SERVICE STATE: esxi05;PING;OK;HARD;1;PING OK - Packet loss = 0%, RTA = 0.48 ms
[1599071400] CURRENT SERVICE STATE: esxi06;ESXi Haradware Check;UNKNOWN;HARD;3;UNKNOWN: (0, 'Socket error: [Errno 111] Connection refused')
[1599071400] CURRENT SERVICE STATE: esxi06;PING;OK;HARD;1;PING OK - Packet loss = 0%, RTA = 0.42 ms
[1599071400] CURRENT SERVICE STATE: esxi07;ESXi Hardware Check;OK;HARD;1;OK - Server: Cisco Systems Inc UCSC-C220-M4S s/n: FCH22157EV7 Chassis S/N: FCH2216V0Y8  System BIOS: C220M4.3.0.4a.0.0226182253 2018-02-26
[1599071400] CURRENT SERVICE STATE: esxi07;PING;OK;HARD;1;PING OK - Packet loss = 0%, RTA = 0.59 ms
[1599071400] CURRENT SERVICE STATE: esxi08;ESXi Hardware Check;OK;HARD;1;OK - Server: Cisco Systems Inc UCSC-C220-M4S s/n: FCH22137QJN Chassis S/N: FCH2216V0YV  System BIOS: C220M4.3.0.4a.0.0226182253 2018-02-26
[1599071400] CURRENT SERVICE STATE: esxi08;PING;OK;HARD;1;PING OK - Packet loss = 0%, RTA = 0.36 ms
[1599071400] CURRENT SERVICE STATE: esxi09;ESXi Hardware Check;OK;HARD;1;OK - Server: Cisco Systems Inc UCSC-C220-M4S s/n: FCH22157ERY Chassis S/N: FCH2216V0YN  System BIOS: C220M4.3.0.4a.0.0226182253 2018-02-26
[1599071400] CURRENT SERVICE STATE: esxi09;PING;OK;HARD;1;PING OK - Packet loss = 0%, RTA = 0.41 ms
[1599071400] CURRENT SERVICE STATE: localhost;Current Load;OK;HARD;1;OK - load average: 0.08, 0.08, 0.05
[1599071400] CURRENT SERVICE STATE: localhost;Current Users;OK;HARD;1;USERS OK - 0 users currently logged in
[1599071400] CURRENT SERVICE STATE: localhost;PING;OK;HARD;1;PING OK - Packet loss = 0%, RTA = 0.05 ms
[1599071400] CURRENT SERVICE STATE: localhost;Root Partition;OK;HARD;1;DISK OK - free space: / 42831 MB (83.69% inode=99%):
[1599071400] CURRENT SERVICE STATE: localhost;SSH;OK;HARD;1;SSH OK - OpenSSH_7.4 (protocol 2.0)
[1599071400] CURRENT SERVICE STATE: localhost;Swap Usage;OK;HARD;1;SWAP OK - 100% free (3967 MB out of 3967 MB)
[1599071400] CURRENT SERVICE STATE: localhost;Total Processes;OK;HARD;1;PROCS OK: 75 processes with STATE = RSZDT
[1599071400] CURRENT SERVICE STATE: vmware10gswitch;check-host-alive;OK;HARD;1;PING OK - Packet loss = 0%, RTA = 1.41 ms
[1599071400] CURRENT SERVICE STATE: vmwaremgmtswitch;check-host-alive;OK;HARD;1;PING OK - Packet loss = 0%, RTA = 0.82 ms
[1599073685] Auto-save of retention data completed successfully.
[1599077285] Auto-save of retention data completed successfully.
[1599080885] Auto-save of retention data completed successfully.
[1599084485] Auto-save of retention data completed successfully.
[1599088085] Auto-save of retention data completed successfully.
[1599088455] SERVICE ALERT: esxi01;PING;WARNING;SOFT;1;PING WARNING - Packet loss = 20%, RTA = 0.44 ms
[1599088519] SERVICE ALERT: esxi01;PING;OK;SOFT;2;PING OK - Packet loss = 0%, RTA = 0.41 ms
[1599091685] Auto-save of retention data completed successfully.
[1599095285] Auto-save of retention data completed successfully.
[1599098885] Auto-save of retention data completed successfully.
[1599102485] Auto-save of retention data completed successfully.
[1599106085] Auto-save of retention data completed successfully.
[1599109685] Auto-save of retention data completed successfully.
[1599113285] Auto-save of retention data completed successfully.
[1599116885] Auto-save of retention data completed successfully.
[1599120485] Auto-save of retention data completed successfully.
[1599124085] Auto-save of retention data completed successfully.
[1599127685] Auto-save of retention data completed successfully.
[1599129688] SERVICE ALERT: Director_Resident;check-host-alive;CRITICAL;SOFT;1;CRITICAL - Plugin timed out
[1599129718] wproc: Core Worker 22689: job 733858 (pid=1080) timed out. Killing it
[1599129718] wproc: CHECK job 733858 from worker Core Worker 22689 timed out after 30.01s
[1599129718] wproc:   host=Director_Resident; service=(null);
[1599129718] wproc:   early_timeout=1; exited_ok=0; wait_status=0; error_code=62;
[1599129718] Warning: Check of host 'Director_Resident' timed out after 30.01 seconds
[1599129718] HOST ALERT: Director_Resident;DOWN;SOFT;1;(Host check timed out after 30.01 seconds)
[1599129718] wproc: Core Worker 22689: job 733858 (pid=1080): Dormant child reaped
[1599129808] wproc: Core Worker 22689: job 733862 (pid=1127) timed out. Killing it
[1599129808] wproc: CHECK job 733862 from worker Core Worker 22689 timed out after 30.03s
[1599129808] wproc:   host=Director_Resident; service=(null);
[1599129808] wproc:   early_timeout=1; exited_ok=0; wait_status=0; error_code=62;
[1599129808] Warning: Check of host 'Director_Resident' timed out after 30.03 seconds
[1599129808] HOST ALERT: Director_Resident;DOWN;SOFT;2;(Host check timed out after 30.03 seconds)
[1599129808] wproc: Core Worker 22689: job 733862 (pid=1127): Dormant child reaped
[1599129839] SERVICE ALERT: Director_Resident;check-host-alive;CRITICAL;HARD;3;CRITICAL - Plugin timed out
[1599129869] wproc: Core Worker 22692: job 733863 (pid=1149) timed out. Killing it
[1599129869] wproc: CHECK job 733863 from worker Core Worker 22692 timed out after 30.01s
[1599129869] wproc:   host=Director_Bldg; service=(null);
[1599129869] wproc:   early_timeout=1; exited_ok=0; wait_status=0; error_code=62;
[1599129869] Warning: Check of host 'Director_Bldg' timed out after 30.01 seconds
[1599129869] HOST ALERT: Director_Bldg;DOWN;SOFT;1;(Host check timed out after 30.01 seconds)
[1599129869] wproc: Core Worker 22692: job 733863 (pid=1149): Dormant child reaped
[1599129898] wproc: Core Worker 22691: job 733864 (pid=1155) timed out. Killing it
[1599129898] wproc: CHECK job 733864 from worker Core Worker 22691 timed out after 30.03s
[1599129898] wproc:   host=Director_Resident; service=(null);
[1599129898] wproc:   early_timeout=1; exited_ok=0; wait_status=0; error_code=62;
[1599129898] Warning: Check of host 'Director_Resident' timed out after 30.03 seconds
[1599129898] HOST ALERT: Director_Resident;DOWN;SOFT;3;(Host check timed out after 30.03 seconds)
[1599129898] wproc: Core Worker 22691: job 733864 (pid=1155): Dormant child reaped
[1599129959] wproc: Core Worker 22691: job 733865 (pid=1316) timed out. Killing it
[1599129959] wproc: CHECK job 733865 from worker Core Worker 22691 timed out after 30.01s
[1599129959] wproc:   host=Director_Bldg; service=(null);
[1599129959] wproc:   early_timeout=1; exited_ok=0; wait_status=0; error_code=62;
[1599129959] Warning: Check of host 'Director_Bldg' timed out after 30.01 seconds
[1599129959] HOST ALERT: Director_Bldg;DOWN;SOFT;2;(Host check timed out after 30.01 seconds)
[1599129959] wproc: Core Worker 22691: job 733865 (pid=1316): Dormant child reaped
[1599129988] wproc: Core Worker 22691: job 733866 (pid=1332) timed out. Killing it
[1599129988] wproc: CHECK job 733866 from worker Core Worker 22691 timed out after 30.03s
[1599129988] wproc:   host=Director_Resident; service=(null);
[1599129988] wproc:   early_timeout=1; exited_ok=0; wait_status=0; error_code=62;
[1599129988] Warning: Check of host 'Director_Resident' timed out after 30.03 seconds
[1599129988] HOST ALERT: Director_Resident;DOWN;SOFT;4;(Host check timed out after 30.03 seconds)
[1599129988] wproc: Core Worker 22691: job 733866 (pid=1332): Dormant child reaped
[1599130049] wproc: Core Worker 22691: job 733867 (pid=1347) timed out. Killing it
[1599130049] wproc: CHECK job 733867 from worker Core Worker 22691 timed out after 30.02s
[1599130049] wproc:   host=Director_Bldg; service=(null);
[1599130049] wproc:   early_timeout=1; exited_ok=0; wait_status=0; error_code=62;
[1599130049] Warning: Check of host 'Director_Bldg' timed out after 30.02 seconds
[1599130049] HOST ALERT: Director_Bldg;DOWN;SOFT;3;(Host check timed out after 30.02 seconds)
[1599130049] wproc: Core Worker 22691: job 733867 (pid=1347): Dormant child reaped
[1599130078] wproc: Core Worker 22690: job 733868 (pid=1353) timed out. Killing it
[1599130078] wproc: CHECK job 733868 from worker Core Worker 22690 timed out after 30.01s
[1599130078] wproc:   host=Director_Resident; service=(null);
[1599130078] wproc:   early_timeout=1; exited_ok=0; wait_status=0; error_code=62;
[1599130078] Warning: Check of host 'Director_Resident' timed out after 30.01 seconds
[1599130078] HOST ALERT: Director_Resident;DOWN;SOFT;5;(Host check timed out after 30.01 seconds)
[1599130078] wproc: Core Worker 22690: job 733868 (pid=1353): Dormant child reaped
[1599130139] wproc: Core Worker 22690: job 733872 (pid=1391) timed out. Killing it
[1599130139] wproc: CHECK job 733872 from worker Core Worker 22690 timed out after 30.01s
[1599130139] wproc:   host=Director_Bldg; service=(null);
[1599130139] wproc:   early_timeout=1; exited_ok=0; wait_status=0; error_code=62;
[1599130139] Warning: Check of host 'Director_Bldg' timed out after 30.01 seconds
[1599130139] HOST ALERT: Director_Bldg;DOWN;SOFT;4;(Host check timed out after 30.01 seconds)
[1599130139] wproc: Core Worker 22690: job 733872 (pid=1391): Dormant child reaped
[1599130166] SERVICE ALERT: Director_Bldg;check-host-alive;CRITICAL;HARD;1;CRITICAL - Plugin timed out
[1599130168] wproc: Core Worker 22691: job 733873 (pid=1409) timed out. Killing it
[1599130168] wproc: CHECK job 733873 from worker Core Worker 22691 timed out after 30.03s
[1599130168] wproc:   host=Director_Resident; service=(null);
[1599130168] wproc:   early_timeout=1; exited_ok=0; wait_status=0; error_code=62;
[1599130168] Warning: Check of host 'Director_Resident' timed out after 30.03 seconds
[1599130168] HOST ALERT: Director_Resident;DOWN;SOFT;6;(Host check timed out after 30.03 seconds)
[1599130168] wproc: Core Worker 22691: job 733873 (pid=1409): Dormant child reaped
[1599130229] wproc: Core Worker 22692: job 733874 (pid=1426) timed out. Killing it
[1599130229] wproc: CHECK job 733874 from worker Core Worker 22692 timed out after 30.01s
[1599130229] wproc:   host=Director_Bldg; service=(null);
[1599130229] wproc:   early_timeout=1; exited_ok=0; wait_status=0; error_code=62;
[1599130229] Warning: Check of host 'Director_Bldg' timed out after 30.01 seconds
[1599130229] HOST ALERT: Director_Bldg;DOWN;SOFT;5;(Host check timed out after 30.01 seconds)
[1599130229] wproc: Core Worker 22692: job 733874 (pid=1426): Dormant child reaped
[1599130233] HOST ALERT: Director_Resident;UP;SOFT;1;PING OK - Packet loss = 20%, RTA = 0.61 ms
[1599130293] HOST ALERT: Director_Bldg;UP;SOFT;1;PING OK - Packet loss = 0%, RTA = 1.79 ms
[1599130412] SERVICE ALERT: Director_Resident;check-host-alive;OK;HARD;3;PING OK - Packet loss = 0%, RTA = 0.78 ms
[1599130739] SERVICE ALERT: Director_Bldg;check-host-alive;OK;SOFT;1;PING OK - Packet loss = 0%, RTA = 0.53 ms
[1599131285] Auto-save of retention data completed successfully.
[1599133166] SERVICE ALERT: Director_Bldg;check-host-alive;CRITICAL;SOFT;1;CRITICAL - Plugin timed out
[1599133196] wproc: Core Worker 22689: job 733962 (pid=3931) timed out. Killing it
[1599133196] wproc: CHECK job 733962 from worker Core Worker 22689 timed out after 30.03s
[1599133196] wproc:   host=Director_Bldg; service=(null);
[1599133196] wproc:   early_timeout=1; exited_ok=0; wait_status=0; error_code=62;
[1599133196] Warning: Check of host 'Director_Bldg' timed out after 30.03 seconds
[1599133196] HOST ALERT: Director_Bldg;DOWN;SOFT;1;(Host check timed out after 30.03 seconds)
[1599133196] wproc: Core Worker 22689: job 733962 (pid=3931): Dormant child reaped
[1599133260] HOST ALERT: Director_Bldg;UP;SOFT;1;PING OK - Packet loss = 0%, RTA = 0.57 ms
[1599133290] SERVICE ALERT: Director_Bldg;check-host-alive;OK;SOFT;2;PING OK - Packet loss = 0%, RTA = 1.82 ms
[1599134885] Auto-save of retention data completed successfully.
[1599138485] Auto-save of retention data completed successfully.
[1599142085] Auto-save of retention data completed successfully.
[1599145685] Auto-save of retention data completed successfully.
[1599149285] Auto-save of retention data completed successfully.
[1599149784] SERVICE ALERT: esxi01;PING;WARNING;SOFT;1;PING WARNING - Packet loss = 20%, RTA = 0.42 ms
[1599149848] SERVICE ALERT: esxi01;PING;OK;SOFT;2;PING OK - Packet loss = 0%, RTA = 0.42 ms
[1599152885] Auto-save of retention data completed successfully.
[1599156485] Auto-save of retention data completed successfully.
