[1563993000] LOG ROTATION: DAILY
[1563993000] LOG VERSION: 2.0
[1563993000] CURRENT HOST STATE: AP_Main_Bldg;UP;HARD;1;PING OK - Packet loss = 0%, RTA = 0.77 ms
[1563993000] CURRENT HOST STATE: Director_Bldg;UP;HARD;1;PING OK - Packet loss = 0%, RTA = 0.64 ms
[1563993000] CURRENT HOST STATE: Director_Resident;UP;HARD;1;PING OK - Packet loss = 0%, RTA = 1.02 ms
[1563993000] CURRENT HOST STATE: esxi01;UP;HARD;1;PING OK - Packet loss = 0%, RTA = 0.50 ms
[1563993000] CURRENT HOST STATE: esxi02;UP;HARD;1;PING OK - Packet loss = 0%, RTA = 0.46 ms
[1563993000] CURRENT HOST STATE: esxi03;UP;HARD;1;PING OK - Packet loss = 0%, RTA = 0.56 ms
[1563993000] CURRENT HOST STATE: esxi04;UP;HARD;1;PING OK - Packet loss = 0%, RTA = 0.52 ms
[1563993000] CURRENT HOST STATE: esxi05;UP;HARD;1;PING OK - Packet loss = 0%, RTA = 0.50 ms
[1563993000] CURRENT HOST STATE: esxi06;UP;HARD;1;PING OK - Packet loss = 0%, RTA = 0.49 ms
[1563993000] CURRENT HOST STATE: esxi07;UP;HARD;1;PING OK - Packet loss = 0%, RTA = 0.66 ms
[1563993000] CURRENT HOST STATE: esxi08;UP;HARD;1;PING OK - Packet loss = 0%, RTA = 0.43 ms
[1563993000] CURRENT HOST STATE: esxi09;UP;HARD;1;PING OK - Packet loss = 0%, RTA = 0.37 ms
[1563993000] CURRENT HOST STATE: localhost;UP;HARD;1;PING OK - Packet loss = 0%, RTA = 0.05 ms
[1563993000] CURRENT HOST STATE: vmware10gswitch;UP;HARD;1;PING OK - Packet loss = 0%, RTA = 1.33 ms
[1563993000] CURRENT HOST STATE: vmwaremgmtswitch;UP;HARD;1;PING OK - Packet loss = 0%, RTA = 0.92 ms
[1563993000] CURRENT SERVICE STATE: AP_Main_Bldg;check-host-alive;OK;HARD;1;PING OK - Packet loss = 0%, RTA = 1.01 ms
[1563993000] CURRENT SERVICE STATE: Director_Bldg;check-host-alive;OK;HARD;1;PING OK - Packet loss = 0%, RTA = 2.75 ms
[1563993000] CURRENT SERVICE STATE: Director_Resident;check-host-alive;OK;HARD;1;PING OK - Packet loss = 0%, RTA = 1.16 ms
[1563993000] CURRENT SERVICE STATE: esxi01;ESXi Hardware Check;OK;HARD;1;OK - Server: Cisco Systems Inc UCSC-C220-M4S s/n: FCH22157EQH Chassis S/N: FCH2216V0WN  System BIOS: C220M4.3.0.4a.0.0226182253 2018-02-26
[1563993000] CURRENT SERVICE STATE: esxi01;PING;OK;HARD;1;PING OK - Packet loss = 0%, RTA = 0.48 ms
[1563993000] CURRENT SERVICE STATE: esxi02;ESXi Hardware Check;OK;HARD;1;OK - Server: Cisco Systems Inc UCSC-C220-M4S s/n: FCH22157E1D Chassis S/N: FCH2216V0Y6  System BIOS: C220M4.3.0.4a.0.0226182253 2018-02-26
[1563993000] CURRENT SERVICE STATE: esxi02;PING;OK;HARD;1;PING OK - Packet loss = 0%, RTA = 0.46 ms
[1563993000] CURRENT SERVICE STATE: esxi03;ESXi Hardware Check;OK;HARD;1;OK - Server: Cisco Systems Inc UCSC-C220-M4S s/n: FCH22157ESB Chassis S/N: FCH2216V0TW  System BIOS: C220M4.3.0.4a.0.0226182253 2018-02-26
[1563993000] CURRENT SERVICE STATE: esxi03;PING;OK;HARD;1;PING OK - Packet loss = 0%, RTA = 0.48 ms
[1563993000] CURRENT SERVICE STATE: esxi04;ESXi Hardware Check;OK;HARD;1;OK - Server: Cisco Systems Inc UCSC-C220-M4S s/n: FCH22137QKB Chassis S/N: FCH2216V0YZ  System BIOS: C220M4.3.0.4a.0.0226182253 2018-02-26
[1563993000] CURRENT SERVICE STATE: esxi04;PING;OK;HARD;1;PING OK - Packet loss = 0%, RTA = 0.51 ms
[1563993000] CURRENT SERVICE STATE: esxi05;ESXi Hardware Check;OK;HARD;1;OK - Server: Cisco Systems Inc UCSC-C220-M4S s/n: FCH22157EPD Chassis S/N: FCH2216V0Z0  System BIOS: C220M4.3.0.4a.0.0226182253 2018-02-26
[1563993000] CURRENT SERVICE STATE: esxi05;PING;OK;HARD;1;PING OK - Packet loss = 0%, RTA = 0.47 ms
[1563993000] CURRENT SERVICE STATE: esxi06;ESXi Haradware Check;OK;HARD;1;OK - Server: Cisco Systems Inc UCSC-C220-M4S s/n: FCH22157ERW Chassis S/N: FCH2216V0X8  System BIOS: C220M4.3.0.4a.0.0226182253 2018-02-26
[1563993000] CURRENT SERVICE STATE: esxi06;PING;OK;HARD;1;PING OK - Packet loss = 0%, RTA = 0.47 ms
[1563993000] CURRENT SERVICE STATE: esxi07;ESXi Hardware Check;OK;HARD;1;OK - Server: Cisco Systems Inc UCSC-C220-M4S s/n: FCH22157EV7 Chassis S/N: FCH2216V0Y8  System BIOS: C220M4.3.0.4a.0.0226182253 2018-02-26
[1563993000] CURRENT SERVICE STATE: esxi07;PING;OK;HARD;1;PING OK - Packet loss = 0%, RTA = 0.57 ms
[1563993000] CURRENT SERVICE STATE: esxi08;ESXi Hardware Check;OK;HARD;1;OK - Server: Cisco Systems Inc UCSC-C220-M4S s/n: FCH22137QJN Chassis S/N: FCH2216V0YV  System BIOS: C220M4.3.0.4a.0.0226182253 2018-02-26
[1563993000] CURRENT SERVICE STATE: esxi08;PING;OK;HARD;1;PING OK - Packet loss = 0%, RTA = 0.37 ms
[1563993000] CURRENT SERVICE STATE: esxi09;ESXi Hardware Check;OK;HARD;1;OK - Server: Cisco Systems Inc UCSC-C220-M4S s/n: FCH22157ERY Chassis S/N: FCH2216V0YN  System BIOS: C220M4.3.0.4a.0.0226182253 2018-02-26
[1563993000] CURRENT SERVICE STATE: esxi09;PING;OK;HARD;1;PING OK - Packet loss = 0%, RTA = 0.38 ms
[1563993000] CURRENT SERVICE STATE: localhost;Current Load;OK;HARD;1;OK - load average: 0.00, 0.03, 0.05
[1563993000] CURRENT SERVICE STATE: localhost;Current Users;OK;HARD;1;USERS OK - 3 users currently logged in
[1563993000] CURRENT SERVICE STATE: localhost;PING;OK;HARD;1;PING OK - Packet loss = 0%, RTA = 0.05 ms
[1563993000] CURRENT SERVICE STATE: localhost;Root Partition;OK;HARD;1;DISK OK - free space: / 43343 MB (84.69% inode=99%):
[1563993000] CURRENT SERVICE STATE: localhost;SSH;OK;HARD;1;SSH OK - OpenSSH_7.4 (protocol 2.0)
[1563993000] CURRENT SERVICE STATE: localhost;Swap Usage;OK;HARD;1;SWAP OK - 100% free (3959 MB out of 3967 MB)
[1563993000] CURRENT SERVICE STATE: localhost;Total Processes;OK;HARD;1;PROCS OK: 83 processes with STATE = RSZDT
[1563993000] CURRENT SERVICE STATE: vmware10gswitch;check-host-alive;OK;HARD;1;PING OK - Packet loss = 0%, RTA = 1.24 ms
[1563993000] CURRENT SERVICE STATE: vmwaremgmtswitch;check-host-alive;OK;HARD;1;PING OK - Packet loss = 0%, RTA = 0.90 ms
[1563995312] Auto-save of retention data completed successfully.
[1563995640] SERVICE ALERT: esxi03;PING;WARNING;SOFT;1;PING WARNING - Packet loss = 20%, RTA = 0.44 ms
[1563995704] SERVICE ALERT: esxi03;PING;OK;SOFT;2;PING OK - Packet loss = 0%, RTA = 0.54 ms
[1563998912] Auto-save of retention data completed successfully.
[1564000606] SERVICE ALERT: esxi09;PING;WARNING;SOFT;1;PING WARNING - Packet loss = 20%, RTA = 0.56 ms
[1564000670] SERVICE ALERT: esxi09;PING;OK;SOFT;2;PING OK - Packet loss = 0%, RTA = 0.49 ms
[1564002512] Auto-save of retention data completed successfully.
[1564006112] Auto-save of retention data completed successfully.
[1564007977] SERVICE ALERT: esxi01;PING;WARNING;SOFT;1;PING WARNING - Packet loss = 20%, RTA = 0.44 ms
[1564008041] SERVICE ALERT: esxi01;PING;OK;SOFT;2;PING OK - Packet loss = 0%, RTA = 0.45 ms
[1564009712] Auto-save of retention data completed successfully.
[1564012569] SERVICE ALERT: esxi03;PING;WARNING;SOFT;1;PING WARNING - Packet loss = 20%, RTA = 0.46 ms
[1564012633] SERVICE ALERT: esxi03;PING;OK;SOFT;2;PING OK - Packet loss = 0%, RTA = 0.51 ms
[1564012698] SERVICE ALERT: esxi03;PING;WARNING;SOFT;1;PING WARNING - Packet loss = 20%, RTA = 0.52 ms
[1564012762] SERVICE ALERT: esxi03;PING;OK;SOFT;2;PING OK - Packet loss = 0%, RTA = 0.46 ms
[1564013312] Auto-save of retention data completed successfully.
[1564016912] Auto-save of retention data completed successfully.
[1564020512] Auto-save of retention data completed successfully.
[1564023627] SERVICE ALERT: esxi03;PING;WARNING;SOFT;1;PING WARNING - Packet loss = 20%, RTA = 0.56 ms
[1564023691] SERVICE ALERT: esxi03;PING;OK;SOFT;2;PING OK - Packet loss = 0%, RTA = 0.55 ms
[1564024112] Auto-save of retention data completed successfully.
[1564027056] SERVICE ALERT: esxi03;PING;WARNING;SOFT;1;PING WARNING - Packet loss = 20%, RTA = 0.41 ms
[1564027120] SERVICE ALERT: esxi03;PING;OK;SOFT;2;PING OK - Packet loss = 0%, RTA = 0.52 ms
[1564027712] Auto-save of retention data completed successfully.
[1564031312] Auto-save of retention data completed successfully.
[1564034912] Auto-save of retention data completed successfully.
[1564035837] SERVICE ALERT: esxi02;PING;WARNING;SOFT;1;PING WARNING - Packet loss = 20%, RTA = 0.53 ms
[1564035901] SERVICE ALERT: esxi02;PING;OK;SOFT;2;PING OK - Packet loss = 0%, RTA = 0.46 ms
[1564038512] Auto-save of retention data completed successfully.
[1564042112] Auto-save of retention data completed successfully.
[1564045712] Auto-save of retention data completed successfully.
[1564049312] Auto-save of retention data completed successfully.
[1564052912] Auto-save of retention data completed successfully.
[1564053894] SERVICE ALERT: vmwaremgmtswitch;check-host-alive;CRITICAL;SOFT;1;CRITICAL - Plugin timed out
[1564054018] SERVICE ALERT: vmwaremgmtswitch;check-host-alive;OK;SOFT;2;PING OK - Packet loss = 0%, RTA = 0.84 ms
[1564056512] Auto-save of retention data completed successfully.
[1564057785] SERVICE ALERT: esxi03;PING;WARNING;SOFT;1;PING WARNING - Packet loss = 20%, RTA = 0.42 ms
[1564057849] SERVICE ALERT: esxi03;PING;OK;SOFT;2;PING OK - Packet loss = 0%, RTA = 0.52 ms
[1564060112] Auto-save of retention data completed successfully.
[1564063712] Auto-save of retention data completed successfully.
[1564064814] SERVICE ALERT: esxi03;PING;WARNING;SOFT;1;PING WARNING - Packet loss = 20%, RTA = 0.46 ms
[1564064878] SERVICE ALERT: esxi03;PING;OK;SOFT;2;PING OK - Packet loss = 0%, RTA = 0.49 ms
[1564067312] Auto-save of retention data completed successfully.
[1564067643] SERVICE ALERT: esxi03;PING;WARNING;SOFT;1;PING WARNING - Packet loss = 20%, RTA = 0.43 ms
[1564067707] SERVICE ALERT: esxi03;PING;OK;SOFT;2;PING OK - Packet loss = 0%, RTA = 0.43 ms
[1564070912] Auto-save of retention data completed successfully.
[1564073772] SERVICE ALERT: esxi03;PING;WARNING;SOFT;1;PING WARNING - Packet loss = 20%, RTA = 0.34 ms
[1564073836] SERVICE ALERT: esxi03;PING;OK;SOFT;2;PING OK - Packet loss = 0%, RTA = 0.42 ms
[1564074512] Auto-save of retention data completed successfully.
[1564075401] SERVICE ALERT: esxi03;PING;WARNING;SOFT;1;PING WARNING - Packet loss = 20%, RTA = 0.47 ms
[1564075465] SERVICE ALERT: esxi03;PING;OK;SOFT;2;PING OK - Packet loss = 0%, RTA = 0.47 ms
[1564077930] SERVICE ALERT: esxi03;PING;WARNING;SOFT;1;PING WARNING - Packet loss = 20%, RTA = 0.45 ms
[1564077994] SERVICE ALERT: esxi03;PING;OK;SOFT;2;PING OK - Packet loss = 0%, RTA = 0.44 ms
[1564078112] Auto-save of retention data completed successfully.
