[1584988200] LOG ROTATION: DAILY
[1584988200] LOG VERSION: 2.0
[1584988200] CURRENT HOST STATE: AP_Main_Bldg;UP;HARD;1;PING OK - Packet loss = 0%, RTA = 0.72 ms
[1584988200] CURRENT HOST STATE: Director_Bldg;UP;HARD;1;PING OK - Packet loss = 0%, RTA = 0.59 ms
[1584988200] CURRENT HOST STATE: Director_Resident;UP;HARD;1;PING OK - Packet loss = 0%, RTA = 0.71 ms
[1584988200] CURRENT HOST STATE: esxi01;UP;HARD;1;PING OK - Packet loss = 0%, RTA = 0.40 ms
[1584988200] CURRENT HOST STATE: esxi02;UP;HARD;1;PING OK - Packet loss = 0%, RTA = 0.37 ms
[1584988200] CURRENT HOST STATE: esxi03;UP;HARD;1;PING OK - Packet loss = 0%, RTA = 0.38 ms
[1584988200] CURRENT HOST STATE: esxi04;UP;HARD;1;PING OK - Packet loss = 0%, RTA = 0.53 ms
[1584988200] CURRENT HOST STATE: esxi05;UP;HARD;1;PING OK - Packet loss = 0%, RTA = 0.39 ms
[1584988200] CURRENT HOST STATE: esxi06;UP;HARD;1;PING OK - Packet loss = 0%, RTA = 0.39 ms
[1584988200] CURRENT HOST STATE: esxi07;UP;HARD;1;PING OK - Packet loss = 0%, RTA = 0.46 ms
[1584988200] CURRENT HOST STATE: esxi08;UP;HARD;1;PING OK - Packet loss = 0%, RTA = 2.01 ms
[1584988200] CURRENT HOST STATE: esxi09;UP;HARD;1;PING OK - Packet loss = 0%, RTA = 0.31 ms
[1584988200] CURRENT HOST STATE: localhost;UP;HARD;1;PING OK - Packet loss = 0%, RTA = 0.03 ms
[1584988200] CURRENT HOST STATE: vmware10gswitch;UP;HARD;1;PING OK - Packet loss = 0%, RTA = 1.82 ms
[1584988200] CURRENT HOST STATE: vmwaremgmtswitch;UP;HARD;1;PING OK - Packet loss = 0%, RTA = 0.80 ms
[1584988200] CURRENT SERVICE STATE: AP_Main_Bldg;check-host-alive;OK;HARD;1;PING OK - Packet loss = 0%, RTA = 0.74 ms
[1584988200] CURRENT SERVICE STATE: Director_Bldg;check-host-alive;OK;HARD;1;PING OK - Packet loss = 0%, RTA = 0.59 ms
[1584988200] CURRENT SERVICE STATE: Director_Resident;check-host-alive;OK;HARD;1;PING OK - Packet loss = 0%, RTA = 0.87 ms
[1584988200] CURRENT SERVICE STATE: esxi01;ESXi Hardware Check;OK;HARD;1;OK - Server: Cisco Systems Inc UCSC-C220-M4S s/n: FCH22157EQH Chassis S/N: FCH2216V0WN  System BIOS: C220M4.3.0.4a.0.0226182253 2018-02-26
[1584988200] CURRENT SERVICE STATE: esxi01;PING;OK;HARD;1;PING OK - Packet loss = 0%, RTA = 0.47 ms
[1584988200] CURRENT SERVICE STATE: esxi02;ESXi Hardware Check;OK;HARD;1;OK - Server: Cisco Systems Inc UCSC-C220-M4S s/n: FCH22157E1D Chassis S/N: FCH2216V0Y6  System BIOS: C220M4.3.0.4a.0.0226182253 2018-02-26
[1584988200] CURRENT SERVICE STATE: esxi02;PING;OK;HARD;1;PING OK - Packet loss = 0%, RTA = 0.53 ms
[1584988200] CURRENT SERVICE STATE: esxi03;ESXi Hardware Check;OK;HARD;1;OK - Server: Cisco Systems Inc UCSC-C220-M4S s/n: FCH22157ESB Chassis S/N: FCH2216V0TW  System BIOS: C220M4.3.0.4a.0.0226182253 2018-02-26
[1584988200] CURRENT SERVICE STATE: esxi03;PING;OK;HARD;1;PING OK - Packet loss = 0%, RTA = 0.38 ms
[1584988200] CURRENT SERVICE STATE: esxi04;ESXi Hardware Check;UNKNOWN;HARD;3;UNKNOWN:
[1584988200] CURRENT SERVICE STATE: esxi04;PING;OK;HARD;1;PING OK - Packet loss = 0%, RTA = 0.39 ms
[1584988200] CURRENT SERVICE STATE: esxi05;ESXi Hardware Check;OK;HARD;1;OK - Server: Cisco Systems Inc UCSC-C220-M4S s/n: FCH22157EPD Chassis S/N: FCH2216V0Z0  System BIOS: C220M4.3.0.4a.0.0226182253 2018-02-26
[1584988200] CURRENT SERVICE STATE: esxi05;PING;OK;HARD;1;PING OK - Packet loss = 0%, RTA = 0.39 ms
[1584988200] CURRENT SERVICE STATE: esxi06;ESXi Haradware Check;OK;HARD;1;OK - Server: Cisco Systems Inc UCSC-C220-M4S s/n: FCH22157ERW Chassis S/N: FCH2216V0X8  System BIOS: C220M4.3.0.4a.0.0226182253 2018-02-26
[1584988200] CURRENT SERVICE STATE: esxi06;PING;OK;HARD;1;PING OK - Packet loss = 0%, RTA = 0.32 ms
[1584988200] CURRENT SERVICE STATE: esxi07;ESXi Hardware Check;OK;HARD;1;OK - Server: Cisco Systems Inc UCSC-C220-M4S s/n: FCH22157EV7 Chassis S/N: FCH2216V0Y8  System BIOS: C220M4.3.0.4a.0.0226182253 2018-02-26
[1584988200] CURRENT SERVICE STATE: esxi07;PING;OK;HARD;1;PING OK - Packet loss = 0%, RTA = 0.54 ms
[1584988200] CURRENT SERVICE STATE: esxi08;ESXi Hardware Check;OK;HARD;1;OK - Server: Cisco Systems Inc UCSC-C220-M4S s/n: FCH22137QJN Chassis S/N: FCH2216V0YV  System BIOS: C220M4.3.0.4a.0.0226182253 2018-02-26
[1584988200] CURRENT SERVICE STATE: esxi08;PING;OK;HARD;1;PING OK - Packet loss = 0%, RTA = 0.34 ms
[1584988200] CURRENT SERVICE STATE: esxi09;ESXi Hardware Check;OK;HARD;1;OK - Server: Cisco Systems Inc UCSC-C220-M4S s/n: FCH22157ERY Chassis S/N: FCH2216V0YN  System BIOS: C220M4.3.0.4a.0.0226182253 2018-02-26
[1584988200] CURRENT SERVICE STATE: esxi09;PING;OK;HARD;1;PING OK - Packet loss = 0%, RTA = 0.39 ms
[1584988200] CURRENT SERVICE STATE: localhost;Current Load;OK;HARD;1;OK - load average: 0.00, 0.01, 0.05
[1584988200] CURRENT SERVICE STATE: localhost;Current Users;OK;HARD;1;USERS OK - 0 users currently logged in
[1584988200] CURRENT SERVICE STATE: localhost;PING;OK;HARD;1;PING OK - Packet loss = 0%, RTA = 0.03 ms
[1584988200] CURRENT SERVICE STATE: localhost;Root Partition;OK;HARD;1;DISK OK - free space: / 42827 MB (83.68% inode=99%):
[1584988200] CURRENT SERVICE STATE: localhost;SSH;OK;HARD;1;SSH OK - OpenSSH_7.4 (protocol 2.0)
[1584988200] CURRENT SERVICE STATE: localhost;Swap Usage;OK;HARD;1;SWAP OK - 100% free (3967 MB out of 3967 MB)
[1584988200] CURRENT SERVICE STATE: localhost;Total Processes;OK;HARD;1;PROCS OK: 81 processes with STATE = RSZDT
[1584988200] CURRENT SERVICE STATE: vmware10gswitch;check-host-alive;OK;HARD;1;PING OK - Packet loss = 0%, RTA = 1.25 ms
[1584988200] CURRENT SERVICE STATE: vmwaremgmtswitch;check-host-alive;OK;HARD;1;PING OK - Packet loss = 0%, RTA = 3.37 ms
[1584989215] SERVICE NOTIFICATION: nagiosadmin;esxi04;ESXi Hardware Check;UNKNOWN;notify-service-by-email;UNKNOWN:
[1584989883] SERVICE ALERT: esxi07;PING;WARNING;SOFT;1;PING WARNING - Packet loss = 20%, RTA = 0.49 ms
[1584989947] SERVICE ALERT: esxi07;PING;OK;SOFT;2;PING OK - Packet loss = 0%, RTA = 0.52 ms
[1584990485] Auto-save of retention data completed successfully.
[1584992816] SERVICE NOTIFICATION: nagiosadmin;esxi04;ESXi Hardware Check;UNKNOWN;notify-service-by-email;UNKNOWN:
[1584994085] Auto-save of retention data completed successfully.
[1584997015] SERVICE NOTIFICATION: nagiosadmin;esxi04;ESXi Hardware Check;UNKNOWN;notify-service-by-email;UNKNOWN:
[1584997685] Auto-save of retention data completed successfully.
[1585000616] SERVICE NOTIFICATION: nagiosadmin;esxi04;ESXi Hardware Check;UNKNOWN;notify-service-by-email;UNKNOWN:
[1585001285] Auto-save of retention data completed successfully.
[1585004815] SERVICE NOTIFICATION: nagiosadmin;esxi04;ESXi Hardware Check;UNKNOWN;notify-service-by-email;UNKNOWN:
[1585004885] Auto-save of retention data completed successfully.
[1585008415] SERVICE NOTIFICATION: nagiosadmin;esxi04;ESXi Hardware Check;UNKNOWN;notify-service-by-email;UNKNOWN:
[1585008485] Auto-save of retention data completed successfully.
[1585012015] SERVICE NOTIFICATION: nagiosadmin;esxi04;ESXi Hardware Check;UNKNOWN;notify-service-by-email;UNKNOWN:
[1585012085] Auto-save of retention data completed successfully.
[1585015616] SERVICE NOTIFICATION: nagiosadmin;esxi04;ESXi Hardware Check;UNKNOWN;notify-service-by-email;UNKNOWN:
[1585015685] Auto-save of retention data completed successfully.
[1585019285] Auto-save of retention data completed successfully.
[1585019815] SERVICE NOTIFICATION: nagiosadmin;esxi04;ESXi Hardware Check;UNKNOWN;notify-service-by-email;UNKNOWN:
[1585022885] Auto-save of retention data completed successfully.
[1585023415] SERVICE NOTIFICATION: nagiosadmin;esxi04;ESXi Hardware Check;UNKNOWN;notify-service-by-email;UNKNOWN:
[1585026485] Auto-save of retention data completed successfully.
[1585027016] SERVICE NOTIFICATION: nagiosadmin;esxi04;ESXi Hardware Check;UNKNOWN;notify-service-by-email;UNKNOWN:
[1585030085] Auto-save of retention data completed successfully.
[1585031215] SERVICE NOTIFICATION: nagiosadmin;esxi04;ESXi Hardware Check;UNKNOWN;notify-service-by-email;UNKNOWN:
[1585033685] Auto-save of retention data completed successfully.
[1585034815] SERVICE NOTIFICATION: nagiosadmin;esxi04;ESXi Hardware Check;UNKNOWN;notify-service-by-email;UNKNOWN:
[1585037285] Auto-save of retention data completed successfully.
[1585038415] SERVICE NOTIFICATION: nagiosadmin;esxi04;ESXi Hardware Check;UNKNOWN;notify-service-by-email;UNKNOWN:
[1585040885] Auto-save of retention data completed successfully.
[1585042016] SERVICE NOTIFICATION: nagiosadmin;esxi04;ESXi Hardware Check;UNKNOWN;notify-service-by-email;UNKNOWN:
[1585044485] Auto-save of retention data completed successfully.
[1585046215] SERVICE NOTIFICATION: nagiosadmin;esxi04;ESXi Hardware Check;UNKNOWN;notify-service-by-email;UNKNOWN:
[1585048085] Auto-save of retention data completed successfully.
[1585049815] SERVICE NOTIFICATION: nagiosadmin;esxi04;ESXi Hardware Check;UNKNOWN;notify-service-by-email;UNKNOWN:
[1585051685] Auto-save of retention data completed successfully.
[1585053416] SERVICE NOTIFICATION: nagiosadmin;esxi04;ESXi Hardware Check;UNKNOWN;notify-service-by-email;UNKNOWN:
[1585055285] Auto-save of retention data completed successfully.
[1585057615] SERVICE NOTIFICATION: nagiosadmin;esxi04;ESXi Hardware Check;UNKNOWN;notify-service-by-email;UNKNOWN:
[1585058885] Auto-save of retention data completed successfully.
[1585061215] SERVICE NOTIFICATION: nagiosadmin;esxi04;ESXi Hardware Check;UNKNOWN;notify-service-by-email;UNKNOWN:
[1585062485] Auto-save of retention data completed successfully.
[1585064815] SERVICE NOTIFICATION: nagiosadmin;esxi04;ESXi Hardware Check;UNKNOWN;notify-service-by-email;UNKNOWN:
[1585066085] Auto-save of retention data completed successfully.
[1585068416] SERVICE NOTIFICATION: nagiosadmin;esxi04;ESXi Hardware Check;UNKNOWN;notify-service-by-email;UNKNOWN:
[1585069685] Auto-save of retention data completed successfully.
[1585072615] SERVICE NOTIFICATION: nagiosadmin;esxi04;ESXi Hardware Check;UNKNOWN;notify-service-by-email;UNKNOWN:
[1585073285] Auto-save of retention data completed successfully.
