[1604169000] LOG ROTATION: DAILY
[1604169000] LOG VERSION: 2.0
[1604169000] CURRENT HOST STATE: AP_Main_Bldg;UP;HARD;1;PING OK - Packet loss = 0%, RTA = 0.93 ms
[1604169000] CURRENT HOST STATE: Director_Bldg;UP;HARD;1;PING OK - Packet loss = 0%, RTA = 0.60 ms
[1604169000] CURRENT HOST STATE: Director_Resident;UP;HARD;1;PING OK - Packet loss = 0%, RTA = 0.63 ms
[1604169000] CURRENT HOST STATE: esxi01;UP;HARD;1;PING OK - Packet loss = 0%, RTA = 0.43 ms
[1604169000] CURRENT HOST STATE: esxi02;UP;HARD;1;PING OK - Packet loss = 0%, RTA = 0.49 ms
[1604169000] CURRENT HOST STATE: esxi03;UP;HARD;1;PING OK - Packet loss = 0%, RTA = 0.38 ms
[1604169000] CURRENT HOST STATE: esxi04;UP;HARD;1;PING OK - Packet loss = 0%, RTA = 0.52 ms
[1604169000] CURRENT HOST STATE: esxi05;UP;HARD;1;PING OK - Packet loss = 0%, RTA = 0.46 ms
[1604169000] CURRENT HOST STATE: esxi06;UP;HARD;1;PING OK - Packet loss = 0%, RTA = 0.46 ms
[1604169000] CURRENT HOST STATE: esxi07;UP;HARD;1;PING OK - Packet loss = 0%, RTA = 0.47 ms
[1604169000] CURRENT HOST STATE: esxi08;UP;HARD;1;PING OK - Packet loss = 0%, RTA = 0.38 ms
[1604169000] CURRENT HOST STATE: esxi09;UP;HARD;1;PING OK - Packet loss = 0%, RTA = 0.55 ms
[1604169000] CURRENT HOST STATE: localhost;UP;HARD;1;PING OK - Packet loss = 0%, RTA = 0.04 ms
[1604169000] CURRENT HOST STATE: vmware10gswitch;UP;HARD;1;PING OK - Packet loss = 0%, RTA = 1.31 ms
[1604169000] CURRENT HOST STATE: vmwaremgmtswitch;UP;HARD;1;PING OK - Packet loss = 0%, RTA = 2.11 ms
[1604169000] CURRENT SERVICE STATE: AP_Main_Bldg;check-host-alive;OK;HARD;1;PING OK - Packet loss = 0%, RTA = 0.73 ms
[1604169000] CURRENT SERVICE STATE: Director_Bldg;check-host-alive;OK;HARD;1;PING OK - Packet loss = 0%, RTA = 0.59 ms
[1604169000] CURRENT SERVICE STATE: Director_Resident;check-host-alive;OK;HARD;1;PING OK - Packet loss = 0%, RTA = 1.17 ms
[1604169000] CURRENT SERVICE STATE: esxi01;ESXi Hardware Check;OK;HARD;1;OK - Server: Cisco Systems Inc UCSC-C220-M4S s/n: FCH22157EQH Chassis S/N: FCH2216V0WN  System BIOS: C220M4.3.0.4a.0.0226182253 2018-02-26
[1604169000] CURRENT SERVICE STATE: esxi01;PING;OK;HARD;1;PING OK - Packet loss = 0%, RTA = 0.38 ms
[1604169000] CURRENT SERVICE STATE: esxi02;ESXi Hardware Check;UNKNOWN;HARD;3;UNKNOWN:
[1604169000] CURRENT SERVICE STATE: esxi02;PING;OK;HARD;1;PING OK - Packet loss = 0%, RTA = 0.37 ms
[1604169000] CURRENT SERVICE STATE: esxi03;ESXi Hardware Check;OK;HARD;1;OK - Server: Cisco Systems Inc UCSC-C220-M4S s/n: FCH22157ESB Chassis S/N: FCH2216V0TW  System BIOS: C220M4.3.0.4a.0.0226182253 2018-02-26
[1604169000] CURRENT SERVICE STATE: esxi03;PING;OK;HARD;1;PING OK - Packet loss = 0%, RTA = 0.45 ms
[1604169000] CURRENT SERVICE STATE: esxi04;ESXi Hardware Check;OK;HARD;1;OK - Server: Cisco Systems Inc UCSC-C220-M4S s/n: FCH22137QKB Chassis S/N: FCH2216V0YZ  System BIOS: C220M4.3.0.4a.0.0226182253 2018-02-26
[1604169000] CURRENT SERVICE STATE: esxi04;PING;OK;HARD;1;PING OK - Packet loss = 0%, RTA = 0.52 ms
[1604169000] CURRENT SERVICE STATE: esxi05;ESXi Hardware Check;OK;HARD;1;OK - Server: Cisco Systems Inc UCSC-C220-M4S s/n: FCH22157EPD Chassis S/N: FCH2216V0Z0  System BIOS: C220M4.3.0.4a.0.0226182253 2018-02-26
[1604169000] CURRENT SERVICE STATE: esxi05;PING;OK;HARD;1;PING OK - Packet loss = 0%, RTA = 0.48 ms
[1604169000] CURRENT SERVICE STATE: esxi06;ESXi Haradware Check;OK;HARD;1;OK - Server: Cisco Systems Inc UCSC-C220-M4S s/n: FCH22157ERW Chassis S/N: FCH2216V0X8  System BIOS: C220M4.3.0.4a.0.0226182253 2018-02-26
[1604169000] CURRENT SERVICE STATE: esxi06;PING;OK;HARD;1;PING OK - Packet loss = 0%, RTA = 0.38 ms
[1604169000] CURRENT SERVICE STATE: esxi07;ESXi Hardware Check;OK;HARD;1;OK - Server: Cisco Systems Inc UCSC-C220-M4S s/n: FCH22157EV7 Chassis S/N: FCH2216V0Y8  System BIOS: C220M4.3.0.4a.0.0226182253 2018-02-26
[1604169000] CURRENT SERVICE STATE: esxi07;PING;OK;HARD;1;PING OK - Packet loss = 0%, RTA = 0.44 ms
[1604169000] CURRENT SERVICE STATE: esxi08;ESXi Hardware Check;OK;HARD;1;OK - Server: Cisco Systems Inc UCSC-C220-M4S s/n: FCH22137QJN Chassis S/N: FCH2216V0YV  System BIOS: C220M4.3.0.4a.0.0226182253 2018-02-26
[1604169000] CURRENT SERVICE STATE: esxi08;PING;OK;HARD;1;PING OK - Packet loss = 0%, RTA = 0.39 ms
[1604169000] CURRENT SERVICE STATE: esxi09;ESXi Hardware Check;OK;HARD;1;OK - Server: Cisco Systems Inc UCSC-C220-M4S s/n: FCH22157ERY Chassis S/N: FCH2216V0YN  System BIOS: C220M4.3.0.4a.0.0226182253 2018-02-26
[1604169000] CURRENT SERVICE STATE: esxi09;PING;OK;HARD;1;PING OK - Packet loss = 0%, RTA = 0.40 ms
[1604169000] CURRENT SERVICE STATE: localhost;Current Load;OK;HARD;1;OK - load average: 0.11, 0.09, 0.06
[1604169000] CURRENT SERVICE STATE: localhost;Current Users;OK;HARD;1;USERS OK - 0 users currently logged in
[1604169000] CURRENT SERVICE STATE: localhost;PING;OK;HARD;1;PING OK - Packet loss = 0%, RTA = 0.03 ms
[1604169000] CURRENT SERVICE STATE: localhost;Root Partition;OK;HARD;1;DISK OK - free space: / 42825 MB (83.68% inode=99%):
[1604169000] CURRENT SERVICE STATE: localhost;SSH;OK;HARD;1;SSH OK - OpenSSH_7.4 (protocol 2.0)
[1604169000] CURRENT SERVICE STATE: localhost;Swap Usage;OK;HARD;1;SWAP OK - 100% free (3967 MB out of 3967 MB)
[1604169000] CURRENT SERVICE STATE: localhost;Total Processes;OK;HARD;1;PROCS OK: 77 processes with STATE = RSZDT
[1604169000] CURRENT SERVICE STATE: vmware10gswitch;check-host-alive;OK;HARD;1;PING OK - Packet loss = 0%, RTA = 1.32 ms
[1604169000] CURRENT SERVICE STATE: vmwaremgmtswitch;check-host-alive;OK;HARD;1;PING OK - Packet loss = 0%, RTA = 0.77 ms
[1604171372] Auto-save of retention data completed successfully.
[1604174972] Auto-save of retention data completed successfully.
[1604178572] Auto-save of retention data completed successfully.
[1604182172] Auto-save of retention data completed successfully.
[1604185772] Auto-save of retention data completed successfully.
[1604189372] Auto-save of retention data completed successfully.
[1604192972] Auto-save of retention data completed successfully.
[1604196572] Auto-save of retention data completed successfully.
[1604198009] wproc: Core Worker 8828: job 136481 (pid=23104) timed out. Killing it
[1604198009] wproc: CHECK job 136481 from worker Core Worker 8828 timed out after 30.02s
[1604198009] wproc:   host=Director_Resident; service=(null);
[1604198009] wproc:   early_timeout=1; exited_ok=0; wait_status=0; error_code=62;
[1604198009] Warning: Check of host 'Director_Resident' timed out after 30.02 seconds
[1604198009] HOST ALERT: Director_Resident;DOWN;SOFT;1;(Host check timed out after 30.02 seconds)
[1604198010] wproc: Core Worker 8828: job 136481 (pid=23104): Dormant child reaped
[1604198099] wproc: Core Worker 8828: job 136483 (pid=23128) timed out. Killing it
[1604198099] wproc: CHECK job 136483 from worker Core Worker 8828 timed out after 30.01s
[1604198099] wproc:   host=Director_Resident; service=(null);
[1604198099] wproc:   early_timeout=1; exited_ok=0; wait_status=0; error_code=62;
[1604198099] Warning: Check of host 'Director_Resident' timed out after 30.01 seconds
[1604198099] HOST ALERT: Director_Resident;DOWN;SOFT;2;(Host check timed out after 30.01 seconds)
[1604198100] wproc: Core Worker 8828: job 136483 (pid=23128): Dormant child reaped
[1604198164] HOST ALERT: Director_Resident;UP;SOFT;1;PING OK - Packet loss = 40%, RTA = 0.70 ms
[1604200172] Auto-save of retention data completed successfully.
[1604201189] wproc: Core Worker 8830: job 136576 (pid=25780) timed out. Killing it
[1604201189] wproc: CHECK job 136576 from worker Core Worker 8830 timed out after 30.01s
[1604201189] wproc:   host=Director_Resident; service=(null);
[1604201189] wproc:   early_timeout=1; exited_ok=0; wait_status=0; error_code=62;
[1604201189] Warning: Check of host 'Director_Resident' timed out after 30.01 seconds
[1604201189] HOST ALERT: Director_Resident;DOWN;SOFT;1;(Host check timed out after 30.01 seconds)
[1604201190] wproc: Core Worker 8830: job 136576 (pid=25780): Dormant child reaped
[1604201229] wproc: Core Worker 8828: job 136578 (pid=25790) timed out. Killing it
[1604201229] wproc: CHECK job 136578 from worker Core Worker 8828 timed out after 30.03s
[1604201229] wproc:   host=Director_Bldg; service=(null);
[1604201229] wproc:   early_timeout=1; exited_ok=0; wait_status=0; error_code=62;
[1604201229] Warning: Check of host 'Director_Bldg' timed out after 30.03 seconds
[1604201229] HOST ALERT: Director_Bldg;DOWN;SOFT;1;(Host check timed out after 30.03 seconds)
[1604201229] wproc: Core Worker 8828: job 136578 (pid=25790): Dormant child reaped
[1604201279] wproc: Core Worker 8828: job 136579 (pid=25807) timed out. Killing it
[1604201279] wproc: CHECK job 136579 from worker Core Worker 8828 timed out after 30.01s
[1604201279] wproc:   host=Director_Resident; service=(null);
[1604201279] wproc:   early_timeout=1; exited_ok=0; wait_status=0; error_code=62;
[1604201279] Warning: Check of host 'Director_Resident' timed out after 30.01 seconds
[1604201279] HOST ALERT: Director_Resident;DOWN;SOFT;2;(Host check timed out after 30.01 seconds)
[1604201280] wproc: Core Worker 8828: job 136579 (pid=25807): Dormant child reaped
[1604201319] wproc: Core Worker 8830: job 136582 (pid=25839) timed out. Killing it
[1604201319] wproc: CHECK job 136582 from worker Core Worker 8830 timed out after 30.01s
[1604201319] wproc:   host=Director_Bldg; service=(null);
[1604201319] wproc:   early_timeout=1; exited_ok=0; wait_status=0; error_code=62;
[1604201319] Warning: Check of host 'Director_Bldg' timed out after 30.01 seconds
[1604201319] HOST ALERT: Director_Bldg;DOWN;SOFT;2;(Host check timed out after 30.01 seconds)
[1604201319] wproc: Core Worker 8830: job 136582 (pid=25839): Dormant child reaped
[1604201344] HOST FLAPPING ALERT: Director_Resident;STARTED; Host appears to have started flapping (20.0% change > 20.0% threshold)
[1604201344] HOST ALERT: Director_Resident;UP;SOFT;1;PING OK - Packet loss = 20%, RTA = 0.75 ms
[1604201383] HOST ALERT: Director_Bldg;UP;SOFT;1;PING OK - Packet loss = 0%, RTA = 0.60 ms
[1604203769] wproc: Core Worker 8828: job 136657 (pid=27888) timed out. Killing it
[1604203769] wproc: CHECK job 136657 from worker Core Worker 8828 timed out after 30.02s
[1604203769] wproc:   host=Director_Resident; service=(null);
[1604203769] wproc:   early_timeout=1; exited_ok=0; wait_status=0; error_code=62;
[1604203769] Warning: Check of host 'Director_Resident' timed out after 30.02 seconds
[1604203769] HOST ALERT: Director_Resident;DOWN;SOFT;1;(Host check timed out after 30.02 seconds)
[1604203769] wproc: Core Worker 8828: job 136657 (pid=27888): Dormant child reaped
[1604203772] Auto-save of retention data completed successfully.
[1604203809] wproc: Core Worker 8828: job 136658 (pid=27894) timed out. Killing it
[1604203809] wproc: CHECK job 136658 from worker Core Worker 8828 timed out after 30.03s
[1604203809] wproc:   host=Director_Bldg; service=(null);
[1604203809] wproc:   early_timeout=1; exited_ok=0; wait_status=0; error_code=62;
[1604203809] Warning: Check of host 'Director_Bldg' timed out after 30.03 seconds
[1604203809] HOST ALERT: Director_Bldg;DOWN;SOFT;1;(Host check timed out after 30.03 seconds)
[1604203809] wproc: Core Worker 8828: job 136658 (pid=27894): Dormant child reaped
[1604203859] wproc: Core Worker 8830: job 136659 (pid=28057) timed out. Killing it
[1604203859] wproc: CHECK job 136659 from worker Core Worker 8830 timed out after 30.02s
[1604203859] wproc:   host=Director_Resident; service=(null);
[1604203859] wproc:   early_timeout=1; exited_ok=0; wait_status=0; error_code=62;
[1604203859] Warning: Check of host 'Director_Resident' timed out after 30.02 seconds
[1604203859] HOST ALERT: Director_Resident;DOWN;SOFT;2;(Host check timed out after 30.02 seconds)
[1604203859] wproc: Core Worker 8830: job 136659 (pid=28057): Dormant child reaped
[1604203862] SERVICE ALERT: Director_Resident;check-host-alive;CRITICAL;HARD;1;CRITICAL - Plugin timed out
[1604203899] wproc: Core Worker 8827: job 136661 (pid=28077) timed out. Killing it
[1604203899] wproc: CHECK job 136661 from worker Core Worker 8827 timed out after 30.01s
[1604203899] wproc:   host=Director_Bldg; service=(null);
[1604203899] wproc:   early_timeout=1; exited_ok=0; wait_status=0; error_code=62;
[1604203899] Warning: Check of host 'Director_Bldg' timed out after 30.01 seconds
[1604203899] HOST ALERT: Director_Bldg;DOWN;SOFT;2;(Host check timed out after 30.01 seconds)
[1604203899] wproc: Core Worker 8827: job 136661 (pid=28077): Dormant child reaped
[1604203901] SERVICE ALERT: Director_Bldg;check-host-alive;CRITICAL;HARD;1;CRITICAL - Plugin timed out
[1604203949] wproc: Core Worker 8829: job 136662 (pid=28098) timed out. Killing it
[1604203949] wproc: CHECK job 136662 from worker Core Worker 8829 timed out after 30.03s
[1604203949] wproc:   host=Director_Resident; service=(null);
[1604203949] wproc:   early_timeout=1; exited_ok=0; wait_status=0; error_code=62;
[1604203949] Warning: Check of host 'Director_Resident' timed out after 30.03 seconds
[1604203949] HOST ALERT: Director_Resident;DOWN;SOFT;3;(Host check timed out after 30.03 seconds)
[1604203949] wproc: Core Worker 8829: job 136662 (pid=28098): Dormant child reaped
[1604203989] wproc: Core Worker 8830: job 136663 (pid=28104) timed out. Killing it
[1604203989] wproc: CHECK job 136663 from worker Core Worker 8830 timed out after 30.02s
[1604203989] wproc:   host=Director_Bldg; service=(null);
[1604203989] wproc:   early_timeout=1; exited_ok=0; wait_status=0; error_code=62;
[1604203989] Warning: Check of host 'Director_Bldg' timed out after 30.02 seconds
[1604203989] HOST ALERT: Director_Bldg;DOWN;SOFT;3;(Host check timed out after 30.02 seconds)
[1604203989] wproc: Core Worker 8830: job 136663 (pid=28104): Dormant child reaped
[1604204039] wproc: Core Worker 8827: job 136667 (pid=28138) timed out. Killing it
[1604204039] wproc: CHECK job 136667 from worker Core Worker 8827 timed out after 30.03s
[1604204039] wproc:   host=Director_Resident; service=(null);
[1604204039] wproc:   early_timeout=1; exited_ok=0; wait_status=0; error_code=62;
[1604204039] Warning: Check of host 'Director_Resident' timed out after 30.03 seconds
[1604204039] HOST ALERT: Director_Resident;DOWN;SOFT;4;(Host check timed out after 30.03 seconds)
[1604204039] wproc: Core Worker 8827: job 136667 (pid=28138): Dormant child reaped
[1604204079] wproc: Core Worker 8829: job 136667 (pid=28152) timed out. Killing it
[1604204079] wproc: CHECK job 136667 from worker Core Worker 8829 timed out after 30.03s
[1604204079] wproc:   host=Director_Bldg; service=(null);
[1604204079] wproc:   early_timeout=1; exited_ok=0; wait_status=0; error_code=62;
[1604204079] Warning: Check of host 'Director_Bldg' timed out after 30.03 seconds
[1604204079] HOST ALERT: Director_Bldg;DOWN;SOFT;4;(Host check timed out after 30.03 seconds)
[1604204079] wproc: Core Worker 8829: job 136667 (pid=28152): Dormant child reaped
[1604204129] wproc: Core Worker 8827: job 136669 (pid=28170) timed out. Killing it
[1604204129] wproc: CHECK job 136669 from worker Core Worker 8827 timed out after 30.03s
[1604204129] wproc:   host=Director_Resident; service=(null);
[1604204129] wproc:   early_timeout=1; exited_ok=0; wait_status=0; error_code=62;
[1604204129] Warning: Check of host 'Director_Resident' timed out after 30.03 seconds
[1604204129] HOST ALERT: Director_Resident;DOWN;SOFT;5;(Host check timed out after 30.03 seconds)
[1604204129] wproc: Core Worker 8827: job 136669 (pid=28170): Dormant child reaped
[1604204169] wproc: Core Worker 8830: job 136669 (pid=28312) timed out. Killing it
[1604204169] wproc: CHECK job 136669 from worker Core Worker 8830 timed out after 30.03s
[1604204169] wproc:   host=Director_Bldg; service=(null);
[1604204169] wproc:   early_timeout=1; exited_ok=0; wait_status=0; error_code=62;
[1604204169] Warning: Check of host 'Director_Bldg' timed out after 30.03 seconds
[1604204169] HOST ALERT: Director_Bldg;DOWN;SOFT;5;(Host check timed out after 30.03 seconds)
[1604204169] wproc: Core Worker 8830: job 136669 (pid=28312): Dormant child reaped
[1604204219] wproc: Core Worker 8830: job 136671 (pid=28334) timed out. Killing it
[1604204219] wproc: CHECK job 136671 from worker Core Worker 8830 timed out after 30.03s
[1604204219] wproc:   host=Director_Resident; service=(null);
[1604204219] wproc:   early_timeout=1; exited_ok=0; wait_status=0; error_code=62;
[1604204219] Warning: Check of host 'Director_Resident' timed out after 30.03 seconds
[1604204219] HOST ALERT: Director_Resident;DOWN;SOFT;6;(Host check timed out after 30.03 seconds)
[1604204219] wproc: Core Worker 8830: job 136671 (pid=28334): Dormant child reaped
[1604204259] wproc: Core Worker 8830: job 136672 (pid=28350) timed out. Killing it
[1604204259] wproc: CHECK job 136672 from worker Core Worker 8830 timed out after 30.03s
[1604204259] wproc:   host=Director_Bldg; service=(null);
[1604204259] wproc:   early_timeout=1; exited_ok=0; wait_status=0; error_code=62;
[1604204259] Warning: Check of host 'Director_Bldg' timed out after 30.03 seconds
[1604204259] HOST ALERT: Director_Bldg;DOWN;SOFT;6;(Host check timed out after 30.03 seconds)
[1604204259] wproc: Core Worker 8830: job 136672 (pid=28350): Dormant child reaped
[1604204309] wproc: Core Worker 8830: job 136675 (pid=28380) timed out. Killing it
[1604204309] wproc: CHECK job 136675 from worker Core Worker 8830 timed out after 30.01s
[1604204309] wproc:   host=Director_Resident; service=(null);
[1604204309] wproc:   early_timeout=1; exited_ok=0; wait_status=0; error_code=62;
[1604204309] Warning: Check of host 'Director_Resident' timed out after 30.01 seconds
[1604204309] HOST ALERT: Director_Resident;DOWN;SOFT;7;(Host check timed out after 30.01 seconds)
[1604204309] wproc: Core Worker 8830: job 136675 (pid=28380): Dormant child reaped
[1604204349] wproc: Core Worker 8830: job 136677 (pid=28396) timed out. Killing it
[1604204349] wproc: CHECK job 136677 from worker Core Worker 8830 timed out after 30.02s
[1604204349] wproc:   host=Director_Bldg; service=(null);
[1604204349] wproc:   early_timeout=1; exited_ok=0; wait_status=0; error_code=62;
[1604204349] Warning: Check of host 'Director_Bldg' timed out after 30.02 seconds
[1604204349] HOST ALERT: Director_Bldg;DOWN;SOFT;7;(Host check timed out after 30.02 seconds)
[1604204349] wproc: Core Worker 8830: job 136677 (pid=28396): Dormant child reaped
[1604204399] wproc: Core Worker 8828: job 136678 (pid=28409) timed out. Killing it
[1604204399] wproc: CHECK job 136678 from worker Core Worker 8828 timed out after 30.01s
[1604204399] wproc:   host=Director_Resident; service=(null);
[1604204399] wproc:   early_timeout=1; exited_ok=0; wait_status=0; error_code=62;
[1604204399] Warning: Check of host 'Director_Resident' timed out after 30.01 seconds
[1604204399] HOST ALERT: Director_Resident;DOWN;SOFT;8;(Host check timed out after 30.01 seconds)
[1604204399] wproc: Core Worker 8828: job 136678 (pid=28409): Dormant child reaped
[1604204439] wproc: Core Worker 8829: job 136679 (pid=28573) timed out. Killing it
[1604204439] wproc: CHECK job 136679 from worker Core Worker 8829 timed out after 30.01s
[1604204439] wproc:   host=Director_Bldg; service=(null);
[1604204439] wproc:   early_timeout=1; exited_ok=0; wait_status=0; error_code=62;
[1604204439] Warning: Check of host 'Director_Bldg' timed out after 30.01 seconds
[1604204439] HOST ALERT: Director_Bldg;DOWN;SOFT;8;(Host check timed out after 30.01 seconds)
[1604204439] wproc: Core Worker 8829: job 136679 (pid=28573): Dormant child reaped
[1604204489] wproc: Core Worker 8827: job 136681 (pid=28591) timed out. Killing it
[1604204489] wproc: CHECK job 136681 from worker Core Worker 8827 timed out after 30.02s
[1604204489] wproc:   host=Director_Resident; service=(null);
[1604204489] wproc:   early_timeout=1; exited_ok=0; wait_status=0; error_code=62;
[1604204489] Warning: Check of host 'Director_Resident' timed out after 30.02 seconds
[1604204489] HOST FLAPPING ALERT: Director_Resident;STOPPED; Host appears to have stopped flapping (4.9% change < 5.0% threshold)
[1604204489] HOST ALERT: Director_Resident;DOWN;SOFT;9;(Host check timed out after 30.02 seconds)
[1604204489] wproc: Core Worker 8827: job 136681 (pid=28591): Dormant child reaped
[1604204529] wproc: Core Worker 8830: job 136682 (pid=28601) timed out. Killing it
[1604204529] wproc: CHECK job 136682 from worker Core Worker 8830 timed out after 30.03s
[1604204529] wproc:   host=Director_Bldg; service=(null);
[1604204529] wproc:   early_timeout=1; exited_ok=0; wait_status=0; error_code=62;
[1604204529] Warning: Check of host 'Director_Bldg' timed out after 30.03 seconds
[1604204529] HOST ALERT: Director_Bldg;DOWN;SOFT;9;(Host check timed out after 30.03 seconds)
[1604204530] wproc: Core Worker 8830: job 136682 (pid=28601): Dormant child reaped
[1604204579] wproc: Core Worker 8829: job 136683 (pid=28619) timed out. Killing it
[1604204579] wproc: CHECK job 136683 from worker Core Worker 8829 timed out after 30.01s
[1604204579] wproc:   host=Director_Resident; service=(null);
[1604204579] wproc:   early_timeout=1; exited_ok=0; wait_status=0; error_code=62;
[1604204579] Warning: Check of host 'Director_Resident' timed out after 30.01 seconds
[1604204579] HOST NOTIFICATION: nagiosadmin;Director_Resident;DOWN;notify-host-by-email;(Host check timed out after 30.01 seconds)
[1604204579] HOST ALERT: Director_Resident;DOWN;HARD;10;(Host check timed out after 30.01 seconds)
[1604204579] wproc: Core Worker 8829: job 136683 (pid=28619): Dormant child reaped
[1604204619] wproc: Core Worker 8827: job 136687 (pid=28657) timed out. Killing it
[1604204619] wproc: CHECK job 136687 from worker Core Worker 8827 timed out after 30.01s
[1604204619] wproc:   host=Director_Bldg; service=(null);
[1604204619] wproc:   early_timeout=1; exited_ok=0; wait_status=0; error_code=62;
[1604204619] Warning: Check of host 'Director_Bldg' timed out after 30.01 seconds
[1604204619] HOST NOTIFICATION: nagiosadmin;Director_Bldg;DOWN;notify-host-by-email;(Host check timed out after 30.01 seconds)
[1604204619] HOST ALERT: Director_Bldg;DOWN;HARD;10;(Host check timed out after 30.01 seconds)
[1604204620] wproc: Core Worker 8827: job 136687 (pid=28657): Dormant child reaped
[1604204909] wproc: Core Worker 8828: job 136695 (pid=28904) timed out. Killing it
[1604204909] wproc: CHECK job 136695 from worker Core Worker 8828 timed out after 30.01s
[1604204909] wproc:   host=Director_Resident; service=(null);
[1604204909] wproc:   early_timeout=1; exited_ok=0; wait_status=0; error_code=62;
[1604204909] Warning: Check of host 'Director_Resident' timed out after 30.01 seconds
[1604204909] wproc: Core Worker 8828: job 136695 (pid=28904): Dormant child reaped
[1604204949] wproc: Core Worker 8828: job 136697 (pid=28920) timed out. Killing it
[1604204949] wproc: CHECK job 136697 from worker Core Worker 8828 timed out after 30.01s
[1604204949] wproc:   host=Director_Bldg; service=(null);
[1604204949] wproc:   early_timeout=1; exited_ok=0; wait_status=0; error_code=62;
[1604204949] Warning: Check of host 'Director_Bldg' timed out after 30.01 seconds
[1604204950] wproc: Core Worker 8828: job 136697 (pid=28920): Dormant child reaped
[1604205209] wproc: Core Worker 8829: job 136704 (pid=29187) timed out. Killing it
[1604205209] wproc: CHECK job 136704 from worker Core Worker 8829 timed out after 30.01s
[1604205209] wproc:   host=Director_Resident; service=(null);
[1604205209] wproc:   early_timeout=1; exited_ok=0; wait_status=0; error_code=62;
[1604205209] Warning: Check of host 'Director_Resident' timed out after 30.01 seconds
[1604205209] wproc: Core Worker 8829: job 136704 (pid=29187): Dormant child reaped
[1604205249] wproc: Core Worker 8830: job 136706 (pid=29201) timed out. Killing it
[1604205249] wproc: CHECK job 136706 from worker Core Worker 8830 timed out after 30.03s
[1604205249] wproc:   host=Director_Bldg; service=(null);
[1604205249] wproc:   early_timeout=1; exited_ok=0; wait_status=0; error_code=62;
[1604205249] Warning: Check of host 'Director_Bldg' timed out after 30.03 seconds
[1604205250] wproc: Core Worker 8830: job 136706 (pid=29201): Dormant child reaped
[1604205509] wproc: Core Worker 8830: job 136713 (pid=29431) timed out. Killing it
[1604205509] wproc: CHECK job 136713 from worker Core Worker 8830 timed out after 30.01s
[1604205509] wproc:   host=Director_Resident; service=(null);
[1604205509] wproc:   early_timeout=1; exited_ok=0; wait_status=0; error_code=62;
[1604205509] Warning: Check of host 'Director_Resident' timed out after 30.01 seconds
[1604205509] wproc: Core Worker 8830: job 136713 (pid=29431): Dormant child reaped
[1604205549] wproc: Core Worker 8830: job 136715 (pid=29447) timed out. Killing it
[1604205549] wproc: CHECK job 136715 from worker Core Worker 8830 timed out after 30.02s
[1604205549] wproc:   host=Director_Bldg; service=(null);
[1604205549] wproc:   early_timeout=1; exited_ok=0; wait_status=0; error_code=62;
[1604205549] Warning: Check of host 'Director_Bldg' timed out after 30.02 seconds
[1604205550] wproc: Core Worker 8830: job 136715 (pid=29447): Dormant child reaped
[1604205809] wproc: Core Worker 8827: job 136723 (pid=29688) timed out. Killing it
[1604205809] wproc: CHECK job 136723 from worker Core Worker 8827 timed out after 30.01s
[1604205809] wproc:   host=Director_Resident; service=(null);
[1604205809] wproc:   early_timeout=1; exited_ok=0; wait_status=0; error_code=62;
[1604205809] Warning: Check of host 'Director_Resident' timed out after 30.01 seconds
[1604205809] wproc: Core Worker 8827: job 136723 (pid=29688): Dormant child reaped
[1604205849] wproc: Core Worker 8829: job 136724 (pid=29702) timed out. Killing it
[1604205849] wproc: CHECK job 136724 from worker Core Worker 8829 timed out after 30.03s
[1604205849] wproc:   host=Director_Bldg; service=(null);
[1604205849] wproc:   early_timeout=1; exited_ok=0; wait_status=0; error_code=62;
[1604205849] Warning: Check of host 'Director_Bldg' timed out after 30.03 seconds
[1604205850] wproc: Core Worker 8829: job 136724 (pid=29702): Dormant child reaped
[1604206109] wproc: Core Worker 8829: job 136731 (pid=29937) timed out. Killing it
[1604206109] wproc: CHECK job 136731 from worker Core Worker 8829 timed out after 30.01s
[1604206109] wproc:   host=Director_Resident; service=(null);
[1604206109] wproc:   early_timeout=1; exited_ok=0; wait_status=0; error_code=62;
[1604206109] Warning: Check of host 'Director_Resident' timed out after 30.01 seconds
[1604206109] wproc: Core Worker 8829: job 136731 (pid=29937): Dormant child reaped
[1604206149] wproc: Core Worker 8829: job 136733 (pid=29954) timed out. Killing it
[1604206149] wproc: CHECK job 136733 from worker Core Worker 8829 timed out after 30.03s
[1604206149] wproc:   host=Director_Bldg; service=(null);
[1604206149] wproc:   early_timeout=1; exited_ok=0; wait_status=0; error_code=62;
[1604206149] Warning: Check of host 'Director_Bldg' timed out after 30.03 seconds
[1604206150] wproc: Core Worker 8829: job 136733 (pid=29954): Dormant child reaped
[1604206409] wproc: Core Worker 8828: job 136741 (pid=30192) timed out. Killing it
[1604206409] wproc: CHECK job 136741 from worker Core Worker 8828 timed out after 30.01s
[1604206409] wproc:   host=Director_Resident; service=(null);
[1604206409] wproc:   early_timeout=1; exited_ok=0; wait_status=0; error_code=62;
[1604206409] Warning: Check of host 'Director_Resident' timed out after 30.01 seconds
[1604206409] HOST NOTIFICATION: nagiosadmin;Director_Resident;DOWN;notify-host-by-email;(Host check timed out after 30.01 seconds)
[1604206409] wproc: Core Worker 8828: job 136741 (pid=30192): Dormant child reaped
[1604206424] HOST NOTIFICATION: nagiosadmin;Director_Bldg;UP;notify-host-by-email;PING OK - Packet loss = 60%, RTA = 1.53 ms
[1604206424] HOST ALERT: Director_Bldg;UP;HARD;1;PING OK - Packet loss = 60%, RTA = 1.53 ms
[1604206709] wproc: Core Worker 8830: job 136750 (pid=30447) timed out. Killing it
[1604206709] wproc: CHECK job 136750 from worker Core Worker 8830 timed out after 30.01s
[1604206709] wproc:   host=Director_Resident; service=(null);
[1604206709] wproc:   early_timeout=1; exited_ok=0; wait_status=0; error_code=62;
[1604206709] Warning: Check of host 'Director_Resident' timed out after 30.01 seconds
[1604206709] wproc: Core Worker 8830: job 136750 (pid=30447): Dormant child reaped
[1604206749] wproc: Core Worker 8830: job 136752 (pid=30463) timed out. Killing it
[1604206749] wproc: CHECK job 136752 from worker Core Worker 8830 timed out after 30.00s
[1604206749] wproc:   host=Director_Bldg; service=(null);
[1604206749] wproc:   early_timeout=1; exited_ok=0; wait_status=0; error_code=62;
[1604206749] Warning: Check of host 'Director_Bldg' timed out after 30.00 seconds
[1604206749] HOST ALERT: Director_Bldg;DOWN;SOFT;1;(Host check timed out after 30.00 seconds)
[1604206750] wproc: Core Worker 8830: job 136752 (pid=30463): Dormant child reaped
[1604206839] wproc: Core Worker 8830: job 136754 (pid=30640) timed out. Killing it
[1604206839] wproc: CHECK job 136754 from worker Core Worker 8830 timed out after 30.02s
[1604206839] wproc:   host=Director_Bldg; service=(null);
[1604206839] wproc:   early_timeout=1; exited_ok=0; wait_status=0; error_code=62;
[1604206839] Warning: Check of host 'Director_Bldg' timed out after 30.02 seconds
[1604206839] HOST ALERT: Director_Bldg;DOWN;SOFT;2;(Host check timed out after 30.02 seconds)
[1604206840] wproc: Core Worker 8830: job 136754 (pid=30640): Dormant child reaped
[1604206929] wproc: Core Worker 8827: job 136757 (pid=30666) timed out. Killing it
[1604206929] wproc: CHECK job 136757 from worker Core Worker 8827 timed out after 30.01s
[1604206929] wproc:   host=Director_Bldg; service=(null);
[1604206929] wproc:   early_timeout=1; exited_ok=0; wait_status=0; error_code=62;
[1604206929] Warning: Check of host 'Director_Bldg' timed out after 30.01 seconds
[1604206929] HOST ALERT: Director_Bldg;DOWN;SOFT;3;(Host check timed out after 30.01 seconds)
[1604206930] wproc: Core Worker 8827: job 136757 (pid=30666): Dormant child reaped
[1604207009] wproc: Core Worker 8830: job 136760 (pid=30708) timed out. Killing it
[1604207009] wproc: CHECK job 136760 from worker Core Worker 8830 timed out after 30.01s
[1604207009] wproc:   host=Director_Resident; service=(null);
[1604207009] wproc:   early_timeout=1; exited_ok=0; wait_status=0; error_code=62;
[1604207009] Warning: Check of host 'Director_Resident' timed out after 30.01 seconds
[1604207009] wproc: Core Worker 8830: job 136760 (pid=30708): Dormant child reaped
[1604207019] wproc: Core Worker 8828: job 136761 (pid=30714) timed out. Killing it
[1604207019] wproc: CHECK job 136761 from worker Core Worker 8828 timed out after 30.00s
[1604207019] wproc:   host=Director_Bldg; service=(null);
[1604207019] wproc:   early_timeout=1; exited_ok=0; wait_status=0; error_code=62;
[1604207019] Warning: Check of host 'Director_Bldg' timed out after 30.00 seconds
[1604207019] HOST ALERT: Director_Bldg;DOWN;SOFT;4;(Host check timed out after 30.00 seconds)
[1604207020] wproc: Core Worker 8828: job 136761 (pid=30714): Dormant child reaped
[1604207109] wproc: Core Worker 8827: job 136763 (pid=30736) timed out. Killing it
[1604207109] wproc: CHECK job 136763 from worker Core Worker 8827 timed out after 30.03s
[1604207109] wproc:   host=Director_Bldg; service=(null);
[1604207109] wproc:   early_timeout=1; exited_ok=0; wait_status=0; error_code=62;
[1604207109] Warning: Check of host 'Director_Bldg' timed out after 30.03 seconds
[1604207109] HOST ALERT: Director_Bldg;DOWN;SOFT;5;(Host check timed out after 30.03 seconds)
[1604207110] wproc: Core Worker 8827: job 136763 (pid=30736): Dormant child reaped
[1604207200] wproc: Core Worker 8827: job 136765 (pid=30905) timed out. Killing it
[1604207200] wproc: CHECK job 136765 from worker Core Worker 8827 timed out after 30.01s
[1604207200] wproc:   host=Director_Bldg; service=(null);
[1604207200] wproc:   early_timeout=1; exited_ok=0; wait_status=0; error_code=62;
[1604207200] Warning: Check of host 'Director_Bldg' timed out after 30.01 seconds
[1604207200] HOST ALERT: Director_Bldg;DOWN;SOFT;6;(Host check timed out after 30.01 seconds)
[1604207200] wproc: Core Worker 8827: job 136765 (pid=30905): Dormant child reaped
[1604207290] wproc: Core Worker 8830: job 136767 (pid=30931) timed out. Killing it
[1604207290] wproc: CHECK job 136767 from worker Core Worker 8830 timed out after 30.01s
[1604207290] wproc:   host=Director_Bldg; service=(null);
[1604207290] wproc:   early_timeout=1; exited_ok=0; wait_status=0; error_code=62;
[1604207290] Warning: Check of host 'Director_Bldg' timed out after 30.01 seconds
[1604207290] HOST ALERT: Director_Bldg;DOWN;SOFT;7;(Host check timed out after 30.01 seconds)
[1604207290] wproc: Core Worker 8830: job 136767 (pid=30931): Dormant child reaped
[1604207309] wproc: Core Worker 8827: job 136770 (pid=30957) timed out. Killing it
[1604207309] wproc: CHECK job 136770 from worker Core Worker 8827 timed out after 30.01s
[1604207309] wproc:   host=Director_Resident; service=(null);
[1604207309] wproc:   early_timeout=1; exited_ok=0; wait_status=0; error_code=62;
[1604207309] Warning: Check of host 'Director_Resident' timed out after 30.01 seconds
[1604207309] wproc: Core Worker 8827: job 136770 (pid=30957): Dormant child reaped
[1604207372] Auto-save of retention data completed successfully.
[1604207380] wproc: Core Worker 8828: job 136772 (pid=30983) timed out. Killing it
[1604207380] wproc: CHECK job 136772 from worker Core Worker 8828 timed out after 30.03s
[1604207380] wproc:   host=Director_Bldg; service=(null);
[1604207380] wproc:   early_timeout=1; exited_ok=0; wait_status=0; error_code=62;
[1604207380] Warning: Check of host 'Director_Bldg' timed out after 30.03 seconds
[1604207380] HOST ALERT: Director_Bldg;DOWN;SOFT;8;(Host check timed out after 30.03 seconds)
[1604207380] wproc: Core Worker 8828: job 136772 (pid=30983): Dormant child reaped
[1604207470] wproc: Core Worker 8830: job 136774 (pid=31150) timed out. Killing it
[1604207470] wproc: CHECK job 136774 from worker Core Worker 8830 timed out after 30.01s
[1604207470] wproc:   host=Director_Bldg; service=(null);
[1604207470] wproc:   early_timeout=1; exited_ok=0; wait_status=0; error_code=62;
[1604207470] Warning: Check of host 'Director_Bldg' timed out after 30.01 seconds
[1604207470] HOST ALERT: Director_Bldg;DOWN;SOFT;9;(Host check timed out after 30.01 seconds)
[1604207470] wproc: Core Worker 8830: job 136774 (pid=31150): Dormant child reaped
[1604207560] wproc: Core Worker 8828: job 136777 (pid=31187) timed out. Killing it
[1604207560] wproc: CHECK job 136777 from worker Core Worker 8828 timed out after 30.03s
[1604207560] wproc:   host=Director_Bldg; service=(null);
[1604207560] wproc:   early_timeout=1; exited_ok=0; wait_status=0; error_code=62;
[1604207560] Warning: Check of host 'Director_Bldg' timed out after 30.03 seconds
[1604207560] HOST NOTIFICATION: nagiosadmin;Director_Bldg;DOWN;notify-host-by-email;(Host check timed out after 30.03 seconds)
[1604207560] HOST ALERT: Director_Bldg;DOWN;HARD;10;(Host check timed out after 30.03 seconds)
[1604207560] wproc: Core Worker 8828: job 136777 (pid=31187): Dormant child reaped
[1604207609] wproc: Core Worker 8828: job 136780 (pid=31223) timed out. Killing it
[1604207609] wproc: CHECK job 136780 from worker Core Worker 8828 timed out after 30.01s
[1604207609] wproc:   host=Director_Resident; service=(null);
[1604207609] wproc:   early_timeout=1; exited_ok=0; wait_status=0; error_code=62;
[1604207609] Warning: Check of host 'Director_Resident' timed out after 30.01 seconds
[1604207609] wproc: Core Worker 8828: job 136780 (pid=31223): Dormant child reaped
[1604207890] wproc: Core Worker 8830: job 136786 (pid=31442) timed out. Killing it
[1604207890] wproc: CHECK job 136786 from worker Core Worker 8830 timed out after 30.01s
[1604207890] wproc:   host=Director_Bldg; service=(null);
[1604207890] wproc:   early_timeout=1; exited_ok=0; wait_status=0; error_code=62;
[1604207890] Warning: Check of host 'Director_Bldg' timed out after 30.01 seconds
[1604207890] wproc: Core Worker 8830: job 136786 (pid=31442): Dormant child reaped
[1604207909] wproc: Core Worker 8827: job 136789 (pid=31468) timed out. Killing it
[1604207909] wproc: CHECK job 136789 from worker Core Worker 8827 timed out after 30.01s
[1604207909] wproc:   host=Director_Resident; service=(null);
[1604207909] wproc:   early_timeout=1; exited_ok=0; wait_status=0; error_code=62;
[1604207909] Warning: Check of host 'Director_Resident' timed out after 30.01 seconds
[1604207909] wproc: Core Worker 8827: job 136789 (pid=31468): Dormant child reaped
[1604208164] HOST NOTIFICATION: nagiosadmin;Director_Bldg;UP;notify-host-by-email;PING OK - Packet loss = 0%, RTA = 0.62 ms
[1604208164] HOST ALERT: Director_Bldg;UP;HARD;1;PING OK - Packet loss = 0%, RTA = 0.62 ms
[1604208184] HOST NOTIFICATION: nagiosadmin;Director_Resident;UP;notify-host-by-email;PING OK - Packet loss = 20%, RTA = 0.66 ms
[1604208184] HOST ALERT: Director_Resident;UP;HARD;1;PING OK - Packet loss = 20%, RTA = 0.66 ms
[1604208635] SERVICE ALERT: Director_Resident;check-host-alive;OK;SOFT;1;PING OK - Packet loss = 0%, RTA = 0.67 ms
[1604208674] SERVICE ALERT: Director_Bldg;check-host-alive;OK;SOFT;1;PING OK - Packet loss = 0%, RTA = 0.59 ms
[1604210972] Auto-save of retention data completed successfully.
[1604214572] Auto-save of retention data completed successfully.
[1604218172] Auto-save of retention data completed successfully.
[1604221772] Auto-save of retention data completed successfully.
[1604225372] Auto-save of retention data completed successfully.
[1604228972] Auto-save of retention data completed successfully.
[1604232572] Auto-save of retention data completed successfully.
[1604236172] Auto-save of retention data completed successfully.
[1604239772] Auto-save of retention data completed successfully.
[1604243372] Auto-save of retention data completed successfully.
[1604246972] Auto-save of retention data completed successfully.
[1604250572] Auto-save of retention data completed successfully.
[1604253662] SERVICE ALERT: Director_Resident;check-host-alive;CRITICAL;SOFT;1;CRITICAL - Plugin timed out
[1604253692] wproc: Core Worker 8828: job 138181 (pid=5468) timed out. Killing it
[1604253692] wproc: CHECK job 138181 from worker Core Worker 8828 timed out after 30.02s
[1604253692] wproc:   host=Director_Resident; service=(null);
[1604253692] wproc:   early_timeout=1; exited_ok=0; wait_status=0; error_code=62;
[1604253692] Warning: Check of host 'Director_Resident' timed out after 30.02 seconds
[1604253692] HOST ALERT: Director_Resident;DOWN;SOFT;1;(Host check timed out after 30.02 seconds)
[1604253693] wproc: Core Worker 8828: job 138181 (pid=5468): Dormant child reaped
[1604253701] SERVICE ALERT: Director_Bldg;check-host-alive;CRITICAL;SOFT;1;CRITICAL - Plugin timed out
[1604253731] wproc: Core Worker 8829: job 138182 (pid=5487) timed out. Killing it
[1604253731] wproc: CHECK job 138182 from worker Core Worker 8829 timed out after 30.03s
[1604253731] wproc:   host=Director_Bldg; service=(null);
[1604253731] wproc:   early_timeout=1; exited_ok=0; wait_status=0; error_code=62;
[1604253731] Warning: Check of host 'Director_Bldg' timed out after 30.03 seconds
[1604253731] HOST ALERT: Director_Bldg;DOWN;SOFT;1;(Host check timed out after 30.03 seconds)
[1604253731] wproc: Core Worker 8829: job 138182 (pid=5487): Dormant child reaped
[1604253782] wproc: Core Worker 8828: job 138184 (pid=5508) timed out. Killing it
[1604253782] wproc: CHECK job 138184 from worker Core Worker 8828 timed out after 30.01s
[1604253782] wproc:   host=Director_Resident; service=(null);
[1604253782] wproc:   early_timeout=1; exited_ok=0; wait_status=0; error_code=62;
[1604253782] Warning: Check of host 'Director_Resident' timed out after 30.01 seconds
[1604253782] HOST ALERT: Director_Resident;DOWN;SOFT;2;(Host check timed out after 30.01 seconds)
[1604253783] wproc: Core Worker 8828: job 138184 (pid=5508): Dormant child reaped
[1604253813] SERVICE ALERT: Director_Resident;check-host-alive;CRITICAL;HARD;3;CRITICAL - Plugin timed out
[1604253821] wproc: Core Worker 8830: job 138187 (pid=5536) timed out. Killing it
[1604253821] wproc: CHECK job 138187 from worker Core Worker 8830 timed out after 30.01s
[1604253821] wproc:   host=Director_Bldg; service=(null);
[1604253821] wproc:   early_timeout=1; exited_ok=0; wait_status=0; error_code=62;
[1604253821] Warning: Check of host 'Director_Bldg' timed out after 30.01 seconds
[1604253821] HOST ALERT: Director_Bldg;DOWN;SOFT;2;(Host check timed out after 30.01 seconds)
[1604253821] wproc: Core Worker 8830: job 138187 (pid=5536): Dormant child reaped
[1604253852] SERVICE ALERT: Director_Bldg;check-host-alive;CRITICAL;HARD;3;CRITICAL - Plugin timed out
[1604253872] wproc: Core Worker 8827: job 138189 (pid=5558) timed out. Killing it
[1604253872] wproc: CHECK job 138189 from worker Core Worker 8827 timed out after 30.01s
[1604253872] wproc:   host=Director_Resident; service=(null);
[1604253872] wproc:   early_timeout=1; exited_ok=0; wait_status=0; error_code=62;
[1604253872] Warning: Check of host 'Director_Resident' timed out after 30.01 seconds
[1604253872] HOST ALERT: Director_Resident;DOWN;SOFT;3;(Host check timed out after 30.01 seconds)
[1604253873] wproc: Core Worker 8827: job 138189 (pid=5558): Dormant child reaped
[1604253911] wproc: Core Worker 8830: job 138189 (pid=5570) timed out. Killing it
[1604253911] wproc: CHECK job 138189 from worker Core Worker 8830 timed out after 30.03s
[1604253911] wproc:   host=Director_Bldg; service=(null);
[1604253911] wproc:   early_timeout=1; exited_ok=0; wait_status=0; error_code=62;
[1604253911] Warning: Check of host 'Director_Bldg' timed out after 30.03 seconds
[1604253911] HOST ALERT: Director_Bldg;DOWN;SOFT;3;(Host check timed out after 30.03 seconds)
[1604253911] wproc: Core Worker 8830: job 138189 (pid=5570): Dormant child reaped
[1604253963] wproc: Core Worker 8829: job 138190 (pid=5727) timed out. Killing it
[1604253963] wproc: CHECK job 138190 from worker Core Worker 8829 timed out after 30.03s
[1604253963] wproc:   host=Director_Resident; service=(null);
[1604253963] wproc:   early_timeout=1; exited_ok=0; wait_status=0; error_code=62;
[1604253963] Warning: Check of host 'Director_Resident' timed out after 30.03 seconds
[1604253963] HOST ALERT: Director_Resident;DOWN;SOFT;4;(Host check timed out after 30.03 seconds)
[1604253963] wproc: Core Worker 8829: job 138190 (pid=5727): Dormant child reaped
[1604254001] wproc: Core Worker 8829: job 138191 (pid=5735) timed out. Killing it
[1604254001] wproc: CHECK job 138191 from worker Core Worker 8829 timed out after 30.01s
[1604254001] wproc:   host=Director_Bldg; service=(null);
[1604254001] wproc:   early_timeout=1; exited_ok=0; wait_status=0; error_code=62;
[1604254001] Warning: Check of host 'Director_Bldg' timed out after 30.01 seconds
[1604254001] HOST ALERT: Director_Bldg;DOWN;SOFT;4;(Host check timed out after 30.01 seconds)
[1604254001] wproc: Core Worker 8829: job 138191 (pid=5735): Dormant child reaped
[1604254053] wproc: Core Worker 8829: job 138193 (pid=5756) timed out. Killing it
[1604254053] wproc: CHECK job 138193 from worker Core Worker 8829 timed out after 30.00s
[1604254053] wproc:   host=Director_Resident; service=(null);
[1604254053] wproc:   early_timeout=1; exited_ok=0; wait_status=0; error_code=62;
[1604254053] Warning: Check of host 'Director_Resident' timed out after 30.00 seconds
[1604254053] HOST ALERT: Director_Resident;DOWN;SOFT;5;(Host check timed out after 30.00 seconds)
[1604254053] wproc: Core Worker 8829: job 138193 (pid=5756): Dormant child reaped
[1604254091] wproc: Core Worker 8830: job 138194 (pid=5773) timed out. Killing it
[1604254091] wproc: CHECK job 138194 from worker Core Worker 8830 timed out after 30.00s
[1604254091] wproc:   host=Director_Bldg; service=(null);
[1604254091] wproc:   early_timeout=1; exited_ok=0; wait_status=0; error_code=62;
[1604254091] Warning: Check of host 'Director_Bldg' timed out after 30.00 seconds
[1604254091] HOST ALERT: Director_Bldg;DOWN;SOFT;5;(Host check timed out after 30.00 seconds)
[1604254091] wproc: Core Worker 8830: job 138194 (pid=5773): Dormant child reaped
[1604254143] wproc: Core Worker 8830: job 138198 (pid=5811) timed out. Killing it
[1604254143] wproc: CHECK job 138198 from worker Core Worker 8830 timed out after 30.01s
[1604254143] wproc:   host=Director_Resident; service=(null);
[1604254143] wproc:   early_timeout=1; exited_ok=0; wait_status=0; error_code=62;
[1604254143] Warning: Check of host 'Director_Resident' timed out after 30.01 seconds
[1604254143] HOST ALERT: Director_Resident;DOWN;SOFT;6;(Host check timed out after 30.01 seconds)
[1604254143] wproc: Core Worker 8830: job 138198 (pid=5811): Dormant child reaped
[1604254172] Auto-save of retention data completed successfully.
[1604254181] wproc: Core Worker 8828: job 138199 (pid=5817) timed out. Killing it
[1604254181] wproc: CHECK job 138199 from worker Core Worker 8828 timed out after 30.03s
[1604254181] wproc:   host=Director_Bldg; service=(null);
[1604254181] wproc:   early_timeout=1; exited_ok=0; wait_status=0; error_code=62;
[1604254181] Warning: Check of host 'Director_Bldg' timed out after 30.03 seconds
[1604254181] HOST ALERT: Director_Bldg;DOWN;SOFT;6;(Host check timed out after 30.03 seconds)
[1604254181] wproc: Core Worker 8828: job 138199 (pid=5817): Dormant child reaped
[1604254233] wproc: Core Worker 8827: job 138201 (pid=5955) timed out. Killing it
[1604254233] wproc: CHECK job 138201 from worker Core Worker 8827 timed out after 30.03s
[1604254233] wproc:   host=Director_Resident; service=(null);
[1604254233] wproc:   early_timeout=1; exited_ok=0; wait_status=0; error_code=62;
[1604254233] Warning: Check of host 'Director_Resident' timed out after 30.03 seconds
[1604254233] HOST ALERT: Director_Resident;DOWN;SOFT;7;(Host check timed out after 30.03 seconds)
[1604254233] wproc: Core Worker 8827: job 138201 (pid=5955): Dormant child reaped
[1604254271] wproc: Core Worker 8830: job 138201 (pid=5996) timed out. Killing it
[1604254271] wproc: CHECK job 138201 from worker Core Worker 8830 timed out after 30.01s
[1604254271] wproc:   host=Director_Bldg; service=(null);
[1604254271] wproc:   early_timeout=1; exited_ok=0; wait_status=0; error_code=62;
[1604254271] Warning: Check of host 'Director_Bldg' timed out after 30.01 seconds
[1604254271] HOST ALERT: Director_Bldg;DOWN;SOFT;7;(Host check timed out after 30.01 seconds)
[1604254271] wproc: Core Worker 8830: job 138201 (pid=5996): Dormant child reaped
[1604254323] wproc: Core Worker 8827: job 138203 (pid=6015) timed out. Killing it
[1604254323] wproc: CHECK job 138203 from worker Core Worker 8827 timed out after 30.01s
[1604254323] wproc:   host=Director_Resident; service=(null);
[1604254323] wproc:   early_timeout=1; exited_ok=0; wait_status=0; error_code=62;
[1604254323] Warning: Check of host 'Director_Resident' timed out after 30.01 seconds
[1604254323] HOST ALERT: Director_Resident;DOWN;SOFT;8;(Host check timed out after 30.01 seconds)
[1604254323] wproc: Core Worker 8827: job 138203 (pid=6015): Dormant child reaped
[1604254361] wproc: Core Worker 8828: job 138204 (pid=6024) timed out. Killing it
[1604254361] wproc: CHECK job 138204 from worker Core Worker 8828 timed out after 30.03s
[1604254361] wproc:   host=Director_Bldg; service=(null);
[1604254361] wproc:   early_timeout=1; exited_ok=0; wait_status=0; error_code=62;
[1604254361] Warning: Check of host 'Director_Bldg' timed out after 30.03 seconds
[1604254361] HOST ALERT: Director_Bldg;DOWN;SOFT;8;(Host check timed out after 30.03 seconds)
[1604254361] wproc: Core Worker 8828: job 138204 (pid=6024): Dormant child reaped
[1604254413] wproc: Core Worker 8830: job 138207 (pid=6056) timed out. Killing it
[1604254413] wproc: CHECK job 138207 from worker Core Worker 8830 timed out after 30.01s
[1604254413] wproc:   host=Director_Resident; service=(null);
[1604254413] wproc:   early_timeout=1; exited_ok=0; wait_status=0; error_code=62;
[1604254413] Warning: Check of host 'Director_Resident' timed out after 30.01 seconds
[1604254413] HOST ALERT: Director_Resident;DOWN;SOFT;9;(Host check timed out after 30.01 seconds)
[1604254413] wproc: Core Worker 8830: job 138207 (pid=6056): Dormant child reaped
[1604254451] wproc: Core Worker 8828: job 138209 (pid=6078) timed out. Killing it
[1604254451] wproc: CHECK job 138209 from worker Core Worker 8828 timed out after 30.01s
[1604254451] wproc:   host=Director_Bldg; service=(null);
[1604254451] wproc:   early_timeout=1; exited_ok=0; wait_status=0; error_code=62;
[1604254451] Warning: Check of host 'Director_Bldg' timed out after 30.01 seconds
[1604254451] HOST ALERT: Director_Bldg;DOWN;SOFT;9;(Host check timed out after 30.01 seconds)
[1604254451] wproc: Core Worker 8828: job 138209 (pid=6078): Dormant child reaped
[1604254503] wproc: Core Worker 8829: job 138209 (pid=6090) timed out. Killing it
[1604254503] wproc: CHECK job 138209 from worker Core Worker 8829 timed out after 30.01s
[1604254503] wproc:   host=Director_Resident; service=(null);
[1604254503] wproc:   early_timeout=1; exited_ok=0; wait_status=0; error_code=62;
[1604254503] Warning: Check of host 'Director_Resident' timed out after 30.01 seconds
[1604254503] HOST NOTIFICATION: nagiosadmin;Director_Resident;DOWN;notify-host-by-email;(Host check timed out after 30.01 seconds)
[1604254503] HOST ALERT: Director_Resident;DOWN;HARD;10;(Host check timed out after 30.01 seconds)
[1604254503] wproc: Core Worker 8829: job 138209 (pid=6090): Dormant child reaped
[1604254541] wproc: Core Worker 8828: job 138211 (pid=6242) timed out. Killing it
[1604254541] wproc: CHECK job 138211 from worker Core Worker 8828 timed out after 30.03s
[1604254541] wproc:   host=Director_Bldg; service=(null);
[1604254541] wproc:   early_timeout=1; exited_ok=0; wait_status=0; error_code=62;
[1604254541] Warning: Check of host 'Director_Bldg' timed out after 30.03 seconds
[1604254541] HOST NOTIFICATION: nagiosadmin;Director_Bldg;DOWN;notify-host-by-email;(Host check timed out after 30.03 seconds)
[1604254541] HOST ALERT: Director_Bldg;DOWN;HARD;10;(Host check timed out after 30.03 seconds)
[1604254541] wproc: Core Worker 8828: job 138211 (pid=6242): Dormant child reaped
[1604254833] wproc: Core Worker 8829: job 138220 (pid=6446) timed out. Killing it
[1604254833] wproc: CHECK job 138220 from worker Core Worker 8829 timed out after 30.02s
[1604254833] wproc:   host=Director_Resident; service=(null);
[1604254833] wproc:   early_timeout=1; exited_ok=0; wait_status=0; error_code=62;
[1604254833] Warning: Check of host 'Director_Resident' timed out after 30.02 seconds
[1604254833] wproc: Core Worker 8829: job 138220 (pid=6446): Dormant child reaped
[1604254871] wproc: Core Worker 8828: job 138221 (pid=6517) timed out. Killing it
[1604254871] wproc: CHECK job 138221 from worker Core Worker 8828 timed out after 30.01s
[1604254871] wproc:   host=Director_Bldg; service=(null);
[1604254871] wproc:   early_timeout=1; exited_ok=0; wait_status=0; error_code=62;
[1604254871] Warning: Check of host 'Director_Bldg' timed out after 30.01 seconds
[1604254871] wproc: Core Worker 8828: job 138221 (pid=6517): Dormant child reaped
[1604255133] wproc: Core Worker 8830: job 138229 (pid=6742) timed out. Killing it
[1604255133] wproc: CHECK job 138229 from worker Core Worker 8830 timed out after 30.03s
[1604255133] wproc:   host=Director_Resident; service=(null);
[1604255133] wproc:   early_timeout=1; exited_ok=0; wait_status=0; error_code=62;
[1604255133] Warning: Check of host 'Director_Resident' timed out after 30.03 seconds
[1604255133] wproc: Core Worker 8830: job 138229 (pid=6742): Dormant child reaped
[1604255171] wproc: Core Worker 8827: job 138230 (pid=6787) timed out. Killing it
[1604255171] wproc: CHECK job 138230 from worker Core Worker 8827 timed out after 30.03s
[1604255171] wproc:   host=Director_Bldg; service=(null);
[1604255171] wproc:   early_timeout=1; exited_ok=0; wait_status=0; error_code=62;
[1604255171] Warning: Check of host 'Director_Bldg' timed out after 30.03 seconds
[1604255171] wproc: Core Worker 8827: job 138230 (pid=6787): Dormant child reaped
