[1637519400] LOG ROTATION: DAILY
[1637519400] LOG VERSION: 2.0
[1637519400] CURRENT HOST STATE: AP_Main_Bldg;DOWN;HARD;10;CRITICAL - Host Unreachable (10.3.1.25)
[1637519400] CURRENT HOST STATE: Director_Bldg;UP;HARD;1;PING OK - Packet loss = 0%, RTA = 0.60 ms
[1637519400] CURRENT HOST STATE: Director_Resident;UP;HARD;1;PING OK - Packet loss = 0%, RTA = 0.37 ms
[1637519400] CURRENT HOST STATE: Switch_29;UP;HARD;1;PING OK - Packet loss = 0%, RTA = 2.60 ms
[1637519400] CURRENT HOST STATE: Switch_30;UP;HARD;1;PING OK - Packet loss = 0%, RTA = 3.95 ms
[1637519400] CURRENT HOST STATE: Switch_31;UP;HARD;1;PING OK - Packet loss = 0%, RTA = 1.41 ms
[1637519400] CURRENT HOST STATE: Switch_32;UP;HARD;1;PING OK - Packet loss = 0%, RTA = 1.73 ms
[1637519400] CURRENT HOST STATE: Switch_33;UP;HARD;1;PING OK - Packet loss = 0%, RTA = 0.69 ms
[1637519400] CURRENT HOST STATE: Switch_34;UP;HARD;1;PING OK - Packet loss = 0%, RTA = 0.82 ms
[1637519400] CURRENT HOST STATE: esxi01;UP;HARD;1;PING OK - Packet loss = 0%, RTA = 0.43 ms
[1637519400] CURRENT HOST STATE: esxi02;UP;HARD;1;PING OK - Packet loss = 0%, RTA = 0.46 ms
[1637519400] CURRENT HOST STATE: esxi03;UP;HARD;1;PING OK - Packet loss = 0%, RTA = 0.31 ms
[1637519400] CURRENT HOST STATE: esxi04;UP;HARD;1;PING OK - Packet loss = 0%, RTA = 0.45 ms
[1637519400] CURRENT HOST STATE: esxi05;UP;HARD;1;PING OK - Packet loss = 0%, RTA = 0.41 ms
[1637519400] CURRENT HOST STATE: esxi06;UP;HARD;1;PING OK - Packet loss = 0%, RTA = 0.50 ms
[1637519400] CURRENT HOST STATE: esxi07;UP;HARD;1;PING OK - Packet loss = 0%, RTA = 0.35 ms
[1637519400] CURRENT HOST STATE: esxi08;UP;HARD;1;PING OK - Packet loss = 0%, RTA = 0.36 ms
[1637519400] CURRENT HOST STATE: esxi09;UP;HARD;1;PING OK - Packet loss = 0%, RTA = 0.32 ms
[1637519400] CURRENT HOST STATE: localhost;UP;HARD;1;PING OK - Packet loss = 0%, RTA = 0.05 ms
[1637519400] CURRENT HOST STATE: vmware10gswitch;UP;HARD;1;PING OK - Packet loss = 0%, RTA = 1.33 ms
[1637519400] CURRENT HOST STATE: vmwaremgmtswitch;UP;HARD;1;PING OK - Packet loss = 0%, RTA = 0.82 ms
[1637519400] CURRENT SERVICE STATE: AP_Main_Bldg;check-host-alive;CRITICAL;HARD;3;CRITICAL - Host Unreachable (10.3.1.25)
[1637519400] CURRENT SERVICE STATE: Director_Bldg;check-host-alive;OK;HARD;1;PING OK - Packet loss = 0%, RTA = 0.56 ms
[1637519400] CURRENT SERVICE STATE: Director_Resident;check-host-alive;OK;HARD;1;PING OK - Packet loss = 0%, RTA = 0.32 ms
[1637519400] CURRENT SERVICE STATE: Switch_29;check-host-alive;OK;HARD;1;PING OK - Packet loss = 0%, RTA = 3.28 ms
[1637519400] CURRENT SERVICE STATE: Switch_30;check-host-alive;OK;HARD;1;PING OK - Packet loss = 0%, RTA = 2.32 ms
[1637519400] CURRENT SERVICE STATE: Switch_31;check-host-alive;OK;HARD;1;PING OK - Packet loss = 0%, RTA = 1.55 ms
[1637519400] CURRENT SERVICE STATE: Switch_32;check-host-alive;OK;HARD;1;PING OK - Packet loss = 0%, RTA = 3.24 ms
[1637519400] CURRENT SERVICE STATE: Switch_33;check-host-alive;OK;HARD;1;PING OK - Packet loss = 0%, RTA = 1.26 ms
[1637519400] CURRENT SERVICE STATE: Switch_34;check-host-alive;OK;HARD;1;PING OK - Packet loss = 0%, RTA = 4.32 ms
[1637519400] CURRENT SERVICE STATE: esxi01;ESXi Hardware Check;OK;HARD;1;OK - Server: Cisco Systems Inc UCSC-C220-M4S s/n: FCH22157EQH Chassis S/N: FCH2216V0WN  System BIOS: C220M4.3.0.4a.0.0226182253 2018-02-26
[1637519400] CURRENT SERVICE STATE: esxi01;PING;OK;HARD;1;PING OK - Packet loss = 0%, RTA = 0.39 ms
[1637519400] CURRENT SERVICE STATE: esxi02;ESXi Hardware Check;OK;HARD;1;OK - Server: Cisco Systems Inc UCSC-C220-M4S s/n: FCH22157E1D Chassis S/N: FCH2216V0Y6  System BIOS: C220M4.3.0.4a.0.0226182253 2018-02-26
[1637519400] CURRENT SERVICE STATE: esxi02;PING;OK;HARD;1;PING OK - Packet loss = 0%, RTA = 0.32 ms
[1637519400] CURRENT SERVICE STATE: esxi03;ESXi Hardware Check;OK;HARD;1;OK - Server: Cisco Systems Inc UCSC-C220-M4S s/n: FCH22157ESB Chassis S/N: FCH2216V0TW  System BIOS: C220M4.3.0.4a.0.0226182253 2018-02-26
[1637519400] CURRENT SERVICE STATE: esxi03;PING;OK;HARD;1;PING OK - Packet loss = 0%, RTA = 0.40 ms
[1637519400] CURRENT SERVICE STATE: esxi04;ESXi Hardware Check;OK;HARD;1;OK - Server: Cisco Systems Inc UCSC-C220-M4S s/n: FCH22137QKB Chassis S/N: FCH2216V0YZ  System BIOS: C220M4.3.0.4a.0.0226182253 2018-02-26
[1637519400] CURRENT SERVICE STATE: esxi04;PING;OK;HARD;1;PING OK - Packet loss = 0%, RTA = 0.37 ms
[1637519400] CURRENT SERVICE STATE: esxi05;ESXi Hardware Check;OK;HARD;1;OK - Server: Cisco Systems Inc UCSC-C220-M4S s/n: FCH22157EPD Chassis S/N: FCH2216V0Z0  System BIOS: C220M4.3.0.4a.0.0226182253 2018-02-26
[1637519400] CURRENT SERVICE STATE: esxi05;PING;OK;HARD;1;PING OK - Packet loss = 0%, RTA = 0.46 ms
[1637519400] CURRENT SERVICE STATE: esxi06;ESXi Haradware Check;OK;HARD;1;OK - Server: Cisco Systems Inc UCSC-C220-M4S s/n: FCH22157ERW Chassis S/N: FCH2216V0X8  System BIOS: C220M4.3.0.4a.0.0226182253 2018-02-26
[1637519400] CURRENT SERVICE STATE: esxi06;PING;OK;HARD;1;PING OK - Packet loss = 0%, RTA = 0.27 ms
[1637519400] CURRENT SERVICE STATE: esxi07;ESXi Hardware Check;UNKNOWN;HARD;3;UNKNOWN:
[1637519400] CURRENT SERVICE STATE: esxi07;PING;OK;HARD;1;PING OK - Packet loss = 0%, RTA = 0.59 ms
[1637519400] CURRENT SERVICE STATE: esxi08;ESXi Hardware Check;OK;HARD;1;OK - Server: Cisco Systems Inc UCSC-C220-M4S s/n: FCH22137QJN Chassis S/N: FCH2216V0YV  System BIOS: C220M4.3.0.4a.0.0226182253 2018-02-26
[1637519400] CURRENT SERVICE STATE: esxi08;PING;OK;HARD;1;PING OK - Packet loss = 0%, RTA = 0.28 ms
[1637519400] CURRENT SERVICE STATE: esxi09;ESXi Hardware Check;OK;HARD;1;OK - Server: Cisco Systems Inc UCSC-C220-M4S s/n: FCH22157ERY Chassis S/N: FCH2216V0YN  System BIOS: C220M4.3.0.4a.0.0226182253 2018-02-26
[1637519400] CURRENT SERVICE STATE: esxi09;PING;OK;HARD;1;PING OK - Packet loss = 0%, RTA = 0.34 ms
[1637519400] CURRENT SERVICE STATE: localhost;Current Load;OK;HARD;1;OK - load average: 0.00, 0.02, 0.00
[1637519400] CURRENT SERVICE STATE: localhost;Current Users;OK;HARD;1;USERS OK - 0 users currently logged in
[1637519400] CURRENT SERVICE STATE: localhost;PING;OK;HARD;1;PING OK - Packet loss = 0%, RTA = 0.04 ms
[1637519400] CURRENT SERVICE STATE: localhost;Root Partition;OK;HARD;1;DISK OK - free space: / 42461 MB (82.97% inode=99%):
[1637519400] CURRENT SERVICE STATE: localhost;SSH;OK;HARD;1;SSH OK - OpenSSH_7.4 (protocol 2.0)
[1637519400] CURRENT SERVICE STATE: localhost;Swap Usage;OK;HARD;1;SWAP OK - 100% free (3967 MB out of 3967 MB)
[1637519400] CURRENT SERVICE STATE: localhost;Total Processes;OK;HARD;1;PROCS OK: 105 processes with STATE = RSZDT
[1637519400] CURRENT SERVICE STATE: vmware10gswitch;check-host-alive;OK;HARD;1;PING OK - Packet loss = 0%, RTA = 3.32 ms
[1637519400] CURRENT SERVICE STATE: vmwaremgmtswitch;check-host-alive;OK;HARD;1;PING OK - Packet loss = 0%, RTA = 0.82 ms
[1637520587] SERVICE ALERT: esxi03;PING;WARNING;SOFT;1;PING WARNING - Packet loss = 20%, RTA = 0.30 ms
[1637520651] SERVICE ALERT: esxi03;PING;OK;SOFT;2;PING OK - Packet loss = 0%, RTA = 0.32 ms
[1637522600] SERVICE NOTIFICATION: nagiosadmin;esxi07;ESXi Hardware Check;UNKNOWN;notify-service-by-email;UNKNOWN:
[1637522816] SERVICE ALERT: esxi03;PING;WARNING;SOFT;1;PING WARNING - Packet loss = 20%, RTA = 0.33 ms
[1637522880] SERVICE ALERT: esxi03;PING;OK;SOFT;2;PING OK - Packet loss = 0%, RTA = 0.41 ms
[1637522945] SERVICE ALERT: esxi03;PING;WARNING;SOFT;1;PING WARNING - Packet loss = 20%, RTA = 0.35 ms
[1637522981] Auto-save of retention data completed successfully.
[1637523010] SERVICE ALERT: esxi03;PING;OK;SOFT;2;PING OK - Packet loss = 0%, RTA = 0.32 ms
[1637526201] SERVICE NOTIFICATION: nagiosadmin;esxi07;ESXi Hardware Check;UNKNOWN;notify-service-by-email;UNKNOWN:
[1637526581] Auto-save of retention data completed successfully.
[1637530181] Auto-save of retention data completed successfully.
[1637530400] SERVICE NOTIFICATION: nagiosadmin;esxi07;ESXi Hardware Check;UNKNOWN;notify-service-by-email;UNKNOWN:
[1637532076] SERVICE ALERT: esxi03;PING;WARNING;SOFT;1;PING WARNING - Packet loss = 20%, RTA = 1.99 ms
[1637532140] SERVICE ALERT: esxi03;PING;OK;SOFT;2;PING OK - Packet loss = 0%, RTA = 0.32 ms
[1637533781] Auto-save of retention data completed successfully.
[1637534000] SERVICE NOTIFICATION: nagiosadmin;esxi07;ESXi Hardware Check;UNKNOWN;notify-service-by-email;UNKNOWN:
[1637536705] SERVICE ALERT: esxi03;PING;WARNING;SOFT;1;PING WARNING - Packet loss = 20%, RTA = 0.35 ms
[1637536769] SERVICE ALERT: esxi03;PING;OK;SOFT;2;PING OK - Packet loss = 0%, RTA = 0.33 ms
[1637537381] Auto-save of retention data completed successfully.
[1637537601] SERVICE NOTIFICATION: nagiosadmin;esxi07;ESXi Hardware Check;UNKNOWN;notify-service-by-email;UNKNOWN:
[1637538634] SERVICE ALERT: esxi03;PING;WARNING;SOFT;1;PING WARNING - Packet loss = 40%, RTA = 0.34 ms
[1637538698] SERVICE ALERT: esxi03;PING;OK;SOFT;2;PING OK - Packet loss = 0%, RTA = 0.31 ms
[1637539363] SERVICE ALERT: esxi03;PING;WARNING;SOFT;1;PING WARNING - Packet loss = 20%, RTA = 0.30 ms
[1637539427] SERVICE ALERT: esxi03;PING;OK;SOFT;2;PING OK - Packet loss = 0%, RTA = 0.32 ms
[1637540981] Auto-save of retention data completed successfully.
[1637540992] SERVICE ALERT: esxi03;PING;WARNING;SOFT;1;PING WARNING - Packet loss = 20%, RTA = 0.24 ms
[1637541056] SERVICE ALERT: esxi03;PING;OK;SOFT;2;PING OK - Packet loss = 0%, RTA = 0.26 ms
[1637541800] SERVICE NOTIFICATION: nagiosadmin;esxi07;ESXi Hardware Check;UNKNOWN;notify-service-by-email;UNKNOWN:
[1637543221] SERVICE ALERT: esxi03;PING;WARNING;SOFT;1;PING WARNING - Packet loss = 20%, RTA = 0.37 ms
[1637543285] SERVICE ALERT: esxi03;PING;OK;SOFT;2;PING OK - Packet loss = 0%, RTA = 0.29 ms
[1637544581] Auto-save of retention data completed successfully.
[1637545151] SERVICE ALERT: esxi03;PING;WARNING;SOFT;1;PING WARNING - Packet loss = 20%, RTA = 0.33 ms
[1637545215] SERVICE ALERT: esxi03;PING;OK;SOFT;2;PING OK - Packet loss = 0%, RTA = 1.40 ms
[1637545401] SERVICE NOTIFICATION: nagiosadmin;esxi07;ESXi Hardware Check;UNKNOWN;notify-service-by-email;UNKNOWN:
[1637548181] Auto-save of retention data completed successfully.
[1637549600] SERVICE NOTIFICATION: nagiosadmin;esxi07;ESXi Hardware Check;UNKNOWN;notify-service-by-email;UNKNOWN:
[1637549780] SERVICE ALERT: esxi03;PING;WARNING;SOFT;1;PING WARNING - Packet loss = 20%, RTA = 0.34 ms
[1637549844] SERVICE ALERT: esxi03;PING;OK;SOFT;2;PING OK - Packet loss = 0%, RTA = 0.34 ms
[1637551781] Auto-save of retention data completed successfully.
[1637552309] SERVICE ALERT: esxi03;PING;WARNING;SOFT;1;PING WARNING - Packet loss = 20%, RTA = 0.32 ms
[1637552373] SERVICE ALERT: esxi03;PING;OK;SOFT;2;PING OK - Packet loss = 0%, RTA = 0.28 ms
[1637552438] SERVICE ALERT: esxi03;PING;WARNING;SOFT;1;PING WARNING - Packet loss = 20%, RTA = 0.32 ms
[1637552502] SERVICE ALERT: esxi03;PING;OK;SOFT;2;PING OK - Packet loss = 0%, RTA = 0.27 ms
[1637552567] SERVICE ALERT: esxi03;PING;WARNING;SOFT;1;PING WARNING - Packet loss = 20%, RTA = 0.28 ms
[1637552632] SERVICE ALERT: esxi03;PING;OK;SOFT;2;PING OK - Packet loss = 0%, RTA = 0.28 ms
[1637552697] SERVICE ALERT: esxi03;PING;WARNING;SOFT;1;PING WARNING - Packet loss = 40%, RTA = 0.37 ms
[1637552761] SERVICE ALERT: esxi03;PING;OK;SOFT;2;PING OK - Packet loss = 0%, RTA = 0.33 ms
[1637553200] SERVICE NOTIFICATION: nagiosadmin;esxi07;ESXi Hardware Check;UNKNOWN;notify-service-by-email;UNKNOWN:
[1637554926] SERVICE ALERT: esxi03;PING;WARNING;SOFT;1;PING WARNING - Packet loss = 20%, RTA = 0.30 ms
[1637554991] SERVICE ALERT: esxi03;PING;OK;SOFT;2;PING OK - Packet loss = 0%, RTA = 0.39 ms
[1637555381] Auto-save of retention data completed successfully.
[1637556800] SERVICE NOTIFICATION: nagiosadmin;esxi07;ESXi Hardware Check;UNKNOWN;notify-service-by-email;UNKNOWN:
[1637558981] Auto-save of retention data completed successfully.
[1637560400] SERVICE NOTIFICATION: nagiosadmin;esxi07;ESXi Hardware Check;UNKNOWN;notify-service-by-email;UNKNOWN:
[1637562581] Auto-save of retention data completed successfully.
[1637564000] SERVICE NOTIFICATION: nagiosadmin;esxi07;ESXi Hardware Check;UNKNOWN;notify-service-by-email;UNKNOWN:
[1637566181] Auto-save of retention data completed successfully.
[1637567600] SERVICE NOTIFICATION: nagiosadmin;esxi07;ESXi Hardware Check;UNKNOWN;notify-service-by-email;UNKNOWN:
[1637569781] Auto-save of retention data completed successfully.
[1637570056] SERVICE ALERT: esxi03;PING;WARNING;SOFT;1;PING WARNING - Packet loss = 20%, RTA = 0.26 ms
[1637570120] SERVICE ALERT: esxi03;PING;OK;SOFT;2;PING OK - Packet loss = 0%, RTA = 0.44 ms
[1637571200] SERVICE NOTIFICATION: nagiosadmin;esxi07;ESXi Hardware Check;UNKNOWN;notify-service-by-email;UNKNOWN:
[1637573381] Auto-save of retention data completed successfully.
[1637574800] SERVICE NOTIFICATION: nagiosadmin;esxi07;ESXi Hardware Check;UNKNOWN;notify-service-by-email;UNKNOWN:
[1637576981] Auto-save of retention data completed successfully.
[1637578400] SERVICE NOTIFICATION: nagiosadmin;esxi07;ESXi Hardware Check;UNKNOWN;notify-service-by-email;UNKNOWN:
[1637580085] SERVICE ALERT: esxi03;PING;WARNING;SOFT;1;PING WARNING - Packet loss = 20%, RTA = 0.44 ms
[1637580150] SERVICE ALERT: esxi03;PING;OK;SOFT;2;PING OK - Packet loss = 0%, RTA = 0.34 ms
[1637580581] Auto-save of retention data completed successfully.
[1637582001] SERVICE NOTIFICATION: nagiosadmin;esxi07;ESXi Hardware Check;UNKNOWN;notify-service-by-email;UNKNOWN:
[1637584181] Auto-save of retention data completed successfully.
[1637585915] SERVICE ALERT: esxi03;PING;WARNING;SOFT;1;PING WARNING - Packet loss = 20%, RTA = 0.32 ms
[1637585979] SERVICE ALERT: esxi03;PING;OK;SOFT;2;PING OK - Packet loss = 0%, RTA = 0.35 ms
[1637586200] SERVICE NOTIFICATION: nagiosadmin;esxi07;ESXi Hardware Check;UNKNOWN;notify-service-by-email;UNKNOWN:
[1637587781] Auto-save of retention data completed successfully.
[1637589800] SERVICE NOTIFICATION: nagiosadmin;esxi07;ESXi Hardware Check;UNKNOWN;notify-service-by-email;UNKNOWN:
[1637591381] Auto-save of retention data completed successfully.
[1637593400] SERVICE NOTIFICATION: nagiosadmin;esxi07;ESXi Hardware Check;UNKNOWN;notify-service-by-email;UNKNOWN:
[1637594981] Auto-save of retention data completed successfully.
[1637596844] SERVICE ALERT: esxi03;PING;WARNING;SOFT;1;PING WARNING - Packet loss = 20%, RTA = 0.35 ms
[1637596908] SERVICE ALERT: esxi03;PING;OK;SOFT;2;PING OK - Packet loss = 0%, RTA = 0.35 ms
[1637597000] SERVICE NOTIFICATION: nagiosadmin;esxi07;ESXi Hardware Check;UNKNOWN;notify-service-by-email;UNKNOWN:
[1637598581] Auto-save of retention data completed successfully.
[1637600600] SERVICE NOTIFICATION: nagiosadmin;esxi07;ESXi Hardware Check;UNKNOWN;notify-service-by-email;UNKNOWN:
[1637602181] Auto-save of retention data completed successfully.
[1637604200] SERVICE NOTIFICATION: nagiosadmin;esxi07;ESXi Hardware Check;UNKNOWN;notify-service-by-email;UNKNOWN:
[1637604473] SERVICE ALERT: esxi03;PING;WARNING;SOFT;1;PING WARNING - Packet loss = 20%, RTA = 0.25 ms
[1637604537] SERVICE ALERT: esxi03;PING;OK;SOFT;2;PING OK - Packet loss = 0%, RTA = 0.31 ms
[1637605781] Auto-save of retention data completed successfully.
