[1539670431] Nagios 4.4.2 starting... (PID=16153)
[1539670431] Local time is Tue Oct 16 11:43:51 IST 2018
[1539670431] LOG VERSION: 2.0
[1539670431] qh: Socket '/usr/local/nagios/var/rw/nagios.qh' successfully initialized
[1539670431] qh: core query handler registered
[1539670431] qh: echo service query handler registered
[1539670431] qh: help for the query handler registered
[1539670431] wproc: Successfully registered manager as @wproc with query handler
[1539670431] wproc: Registry request: name=Core Worker 16154;pid=16154
[1539670431] wproc: Registry request: name=Core Worker 16157;pid=16157
[1539670431] wproc: Registry request: name=Core Worker 16155;pid=16155
[1539670431] wproc: Registry request: name=Core Worker 16156;pid=16156
[1539670433] Successfully launched command file worker with pid 16160
[1539670438] Caught SIGTERM, shutting down...
[1539670438] Caught SIGTERM, shutting down...
[1539670438] Caught SIGTERM, shutting down...
[1539670438] Successfully shutdown... (PID=16153)
[1539670438] Nagios 4.4.2 starting... (PID=16179)
[1539670438] Local time is Tue Oct 16 11:43:58 IST 2018
[1539670438] LOG VERSION: 2.0
[1539670438] qh: Socket '/usr/local/nagios/var/rw/nagios.qh' successfully initialized
[1539670438] qh: core query handler registered
[1539670438] qh: echo service query handler registered
[1539670438] qh: help for the query handler registered
[1539670438] wproc: Successfully registered manager as @wproc with query handler
[1539670438] wproc: Registry request: name=Core Worker 16182;pid=16182
[1539670438] wproc: Registry request: name=Core Worker 16183;pid=16183
[1539670439] wproc: Registry request: name=Core Worker 16184;pid=16184
[1539670439] wproc: Registry request: name=Core Worker 16181;pid=16181
[1539670439] Successfully launched command file worker with pid 16185
[1539670543] SERVICE ALERT: localhost;HTTP;WARNING;SOFT;1;HTTP WARNING: HTTP/1.1 403 Forbidden - 5179 bytes in 0.003 second response time
[1539670603] SERVICE ALERT: localhost;HTTP;WARNING;SOFT;2;HTTP WARNING: HTTP/1.1 403 Forbidden - 5179 bytes in 0.001 second response time
[1539670663] SERVICE ALERT: localhost;HTTP;WARNING;SOFT;3;HTTP WARNING: HTTP/1.1 403 Forbidden - 5179 bytes in 0.002 second response time
[1539670723] SERVICE ALERT: localhost;HTTP;WARNING;HARD;4;HTTP WARNING: HTTP/1.1 403 Forbidden - 5179 bytes in 0.001 second response time
[1539674039] Auto-save of retention data completed successfully.
[1539677639] Auto-save of retention data completed successfully.
[1539681239] Auto-save of retention data completed successfully.
[1539681401] Caught SIGTERM, shutting down...
[1539681401] Successfully shutdown... (PID=16179)
[1539681513] Nagios 4.4.2 starting... (PID=20445)
[1539681513] Local time is Tue Oct 16 14:48:33 IST 2018
[1539681513] LOG VERSION: 2.0
[1539681513] qh: Socket '/usr/local/nagios/var/rw/nagios.qh' successfully initialized
[1539681513] qh: core query handler registered
[1539681513] qh: echo service query handler registered
[1539681513] qh: help for the query handler registered
[1539681513] wproc: Successfully registered manager as @wproc with query handler
[1539681513] wproc: Registry request: name=Core Worker 20446;pid=20446
[1539681513] wproc: Registry request: name=Core Worker 20447;pid=20447
[1539681513] wproc: Registry request: name=Core Worker 20449;pid=20449
[1539681513] wproc: Registry request: name=Core Worker 20448;pid=20448
[1539681513] Successfully launched command file worker with pid 20450
[1539682007] Caught SIGTERM, shutting down...
[1539682007] wproc: Socket to worker Core Worker 20448 broken, removing
[1539682007] Caught SIGTERM, shutting down...
[1539682007] Successfully shutdown... (PID=20445)
[1539683169] Nagios 4.4.2 starting... (PID=11671)
[1539683169] Local time is Tue Oct 16 15:16:09 IST 2018
[1539683169] LOG VERSION: 2.0
[1539683169] qh: Socket '/usr/local/nagios/var/rw/nagios.qh' successfully initialized
[1539683169] qh: core query handler registered
[1539683169] qh: echo service query handler registered
[1539683169] qh: help for the query handler registered
[1539683169] wproc: Successfully registered manager as @wproc with query handler
[1539683169] wproc: Registry request: name=Core Worker 11673;pid=11673
[1539683169] wproc: Registry request: name=Core Worker 11674;pid=11674
[1539683169] wproc: Registry request: name=Core Worker 11675;pid=11675
[1539683169] wproc: Registry request: name=Core Worker 11672;pid=11672
[1539683169] Successfully launched command file worker with pid 11677
[1539683241] Caught SIGTERM, shutting down...
[1539683241] Caught SIGTERM, shutting down...
[1539683241] Caught SIGTERM, shutting down...
[1539683241] Successfully shutdown... (PID=11671)
[1539683241] Nagios 4.4.2 starting... (PID=11767)
[1539683241] Local time is Tue Oct 16 15:17:21 IST 2018
[1539683241] LOG VERSION: 2.0
[1539683241] qh: Socket '/usr/local/nagios/var/rw/nagios.qh' successfully initialized
[1539683241] qh: core query handler registered
[1539683241] qh: echo service query handler registered
[1539683241] qh: help for the query handler registered
[1539683241] wproc: Successfully registered manager as @wproc with query handler
[1539683241] wproc: Registry request: name=Core Worker 11769;pid=11769
[1539683241] wproc: Registry request: name=Core Worker 11770;pid=11770
[1539683241] wproc: Registry request: name=Core Worker 11771;pid=11771
[1539683241] wproc: Registry request: name=Core Worker 11768;pid=11768
[1539683241] Successfully launched command file worker with pid 11773
[1539683243] Caught SIGTERM, shutting down...
[1539683243] wproc: Socket to worker Core Worker 11768 broken, removing
[1539683243] Caught SIGTERM, shutting down...
[1539683243] Successfully shutdown... (PID=11767)
[1539683243] Nagios 4.4.2 starting... (PID=11793)
[1539683243] Local time is Tue Oct 16 15:17:23 IST 2018
[1539683243] LOG VERSION: 2.0
[1539683243] qh: Socket '/usr/local/nagios/var/rw/nagios.qh' successfully initialized
[1539683243] qh: core query handler registered
[1539683243] qh: echo service query handler registered
[1539683243] qh: help for the query handler registered
[1539683243] wproc: Successfully registered manager as @wproc with query handler
[1539683243] wproc: Registry request: name=Core Worker 11794;pid=11794
[1539683243] wproc: Registry request: name=Core Worker 11795;pid=11795
[1539683243] wproc: Registry request: name=Core Worker 11796;pid=11796
[1539683243] wproc: Registry request: name=Core Worker 11797;pid=11797
[1539683243] Successfully launched command file worker with pid 11799
[1539683253] Caught SIGTERM, shutting down...
[1539683253] Successfully shutdown... (PID=11793)
[1539683274] Nagios 4.4.2 starting... (PID=1135)
[1539683274] Local time is Tue Oct 16 15:17:54 IST 2018
[1539683274] LOG VERSION: 2.0
[1539683274] qh: Socket '/usr/local/nagios/var/rw/nagios.qh' successfully initialized
[1539683274] qh: core query handler registered
[1539683274] qh: echo service query handler registered
[1539683274] qh: help for the query handler registered
[1539683274] wproc: Successfully registered manager as @wproc with query handler
[1539683274] wproc: Registry request: name=Core Worker 1145;pid=1145
[1539683274] wproc: Registry request: name=Core Worker 1143;pid=1143
[1539683274] wproc: Registry request: name=Core Worker 1144;pid=1144
[1539683274] wproc: Registry request: name=Core Worker 1146;pid=1146
[1539683274] Successfully launched command file worker with pid 1149
[1539683296] Caught SIGTERM, shutting down...
[1539683296] Successfully shutdown... (PID=1135)
[1539683296] Nagios 4.4.2 starting... (PID=2272)
[1539683296] Local time is Tue Oct 16 15:18:16 IST 2018
[1539683296] LOG VERSION: 2.0
[1539683296] qh: Socket '/usr/local/nagios/var/rw/nagios.qh' successfully initialized
[1539683296] qh: core query handler registered
[1539683296] qh: echo service query handler registered
[1539683296] qh: help for the query handler registered
[1539683296] wproc: Successfully registered manager as @wproc with query handler
[1539683296] wproc: Registry request: name=Core Worker 2273;pid=2273
[1539683296] wproc: Registry request: name=Core Worker 2274;pid=2274
[1539683296] wproc: Registry request: name=Core Worker 2275;pid=2275
[1539683296] wproc: Registry request: name=Core Worker 2276;pid=2276
[1539683296] Successfully launched command file worker with pid 2278
[1539683300] SERVICE ALERT: localhost.localdomain;HTTP;WARNING;SOFT;1;HTTP WARNING: HTTP/1.1 403 Forbidden - 5168 bytes in 0.011 second response time
[1539683360] SERVICE ALERT: localhost.localdomain;HTTP;WARNING;SOFT;2;HTTP WARNING: HTTP/1.1 403 Forbidden - 5168 bytes in 0.004 second response time
[1539683420] SERVICE ALERT: localhost.localdomain;HTTP;WARNING;SOFT;3;HTTP WARNING: HTTP/1.1 403 Forbidden - 5168 bytes in 0.005 second response time
[1539683480] SERVICE ALERT: localhost.localdomain;HTTP;CRITICAL;HARD;4;connect to address 10.5.5.15 and port 80: Connection refused
[1539683780] SERVICE ALERT: localhost.localdomain;HTTP;WARNING;HARD;4;HTTP WARNING: HTTP/1.1 403 Forbidden - 5168 bytes in 0.006 second response time
[1539684380] SERVICE ALERT: localhost.localdomain;HTTP;OK;HARD;1;HTTP OK: HTTP/1.1 200 OK - 285 bytes in 0.004 second response time
[1539684540] SERVICE ALERT: localhost.localdomain;PING;CRITICAL;SOFT;1;CRITICAL - Host Unreachable (10.5.5.15)
[1539684543] HOST ALERT: localhost.localdomain;DOWN;SOFT;1;CRITICAL - Host Unreachable (10.5.5.15)
[1539684601] SERVICE NOTIFICATION: nagiosadmin;localhost.localdomain;PING;CRITICAL;notify-service-by-email;CRITICAL - Host Unreachable (10.5.5.15)
[1539684601] SERVICE ALERT: localhost.localdomain;PING;CRITICAL;HARD;1;CRITICAL - Host Unreachable (10.5.5.15)
[1539684612] SERVICE ALERT: localhost.localdomain;SSH;CRITICAL;HARD;1;connect to address 10.5.5.15 and port 22: No route to host
[1539684682] SERVICE FLAPPING ALERT: localhost.localdomain;HTTP;STARTED; Service appears to have started flapping (23.9% change >= 20.0% threshold)
[1539684682] SERVICE ALERT: localhost.localdomain;HTTP;CRITICAL;HARD;1;connect to address 10.5.5.15 and port 80: No route to host
[1539684931] Caught SIGTERM, shutting down...
[1539684931] Successfully shutdown... (PID=2272)
[1539684931] Nagios 4.4.2 starting... (PID=4032)
[1539684931] Local time is Tue Oct 16 15:45:31 IST 2018
[1539684931] LOG VERSION: 2.0
[1539684931] qh: Socket '/usr/local/nagios/var/rw/nagios.qh' successfully initialized
[1539684931] qh: core query handler registered
[1539684931] qh: echo service query handler registered
[1539684931] qh: help for the query handler registered
[1539684931] wproc: Successfully registered manager as @wproc with query handler
[1539684931] wproc: Registry request: name=Core Worker 4036;pid=4036
[1539684931] wproc: Registry request: name=Core Worker 4033;pid=4033
[1539684931] wproc: Registry request: name=Core Worker 4035;pid=4035
[1539684931] wproc: Registry request: name=Core Worker 4034;pid=4034
[1539684931] SERVICE FLAPPING ALERT: localhost.localdomain;HTTP;STARTED; Service appears to have started flapping (23.4% change >= 20.0% threshold)
[1539684931] Successfully launched command file worker with pid 4037
[1539684941] HOST NOTIFICATION: nagiosadmin;localhost.localdomain;DOWN;notify-host-by-email;CRITICAL - Host Unreachable (10.5.5.15)
[1539684941] HOST ALERT: localhost.localdomain;DOWN;HARD;10;CRITICAL - Host Unreachable (10.5.5.15)
[1539684961] Caught SIGTERM, shutting down...
[1539684961] Caught SIGTERM, shutting down...
[1539684961] Successfully shutdown... (PID=4032)
[1539684961] Nagios 4.4.2 starting... (PID=4074)
[1539684961] Local time is Tue Oct 16 15:46:01 IST 2018
[1539684961] LOG VERSION: 2.0
[1539684961] qh: Socket '/usr/local/nagios/var/rw/nagios.qh' successfully initialized
[1539684961] qh: core query handler registered
[1539684961] qh: echo service query handler registered
[1539684961] qh: help for the query handler registered
[1539684961] wproc: Successfully registered manager as @wproc with query handler
[1539684961] wproc: Registry request: name=Core Worker 4076;pid=4076
[1539684961] wproc: Registry request: name=Core Worker 4075;pid=4075
[1539684961] wproc: Registry request: name=Core Worker 4078;pid=4078
[1539684961] wproc: Registry request: name=Core Worker 4077;pid=4077
[1539684961] SERVICE FLAPPING ALERT: localhost.localdomain;HTTP;STARTED; Service appears to have started flapping (23.4% change >= 20.0% threshold)
[1539684961] Successfully launched command file worker with pid 4079
[1539685029] HOST NOTIFICATION: nagiosadmin;localhost.localdomain;UP;notify-host-by-email;PING OK - Packet loss = 0%, RTA = 0.63 ms
[1539685029] HOST ALERT: localhost.localdomain;UP;HARD;1;PING OK - Packet loss = 0%, RTA = 0.63 ms
[1539685042] SERVICE ALERT: localhost.localdomain;HTTP;OK;HARD;1;HTTP OK: HTTP/1.1 200 OK - 285 bytes in 0.005 second response time
[1539685204] SERVICE NOTIFICATION: nagiosadmin;localhost.localdomain;PING;OK;notify-service-by-email;PING OK - Packet loss = 0%, RTA = 0.66 ms
[1539685204] SERVICE ALERT: localhost.localdomain;PING;OK;HARD;1;PING OK - Packet loss = 0%, RTA = 0.66 ms
[1539685272] SERVICE ALERT: localhost.localdomain;SSH;OK;HARD;1;SSH OK - OpenSSH_7.4 (protocol 2.0)
[1539685642] SERVICE ALERT: localhost.localdomain;HTTP;CRITICAL;SOFT;1;connect to address 10.5.5.15 and port 80: Connection refused
[1539685712] SERVICE ALERT: localhost.localdomain;HTTP;CRITICAL;SOFT;2;CRITICAL - Socket timeout
[1539685775] SERVICE ALERT: localhost.localdomain;HTTP;CRITICAL;SOFT;3;connect to address 10.5.5.15 and port 80: No route to host
[1539685807] SERVICE ALERT: localhost.localdomain;PING;CRITICAL;SOFT;1;CRITICAL - Host Unreachable (10.5.5.15)
[1539685810] HOST ALERT: localhost.localdomain;DOWN;SOFT;1;CRITICAL - Host Unreachable (10.5.5.15)
[1539685838] SERVICE ALERT: localhost.localdomain;HTTP;CRITICAL;HARD;3;connect to address 10.5.5.15 and port 80: No route to host
[1539685870] SERVICE NOTIFICATION: nagiosadmin;localhost.localdomain;PING;CRITICAL;notify-service-by-email;CRITICAL - Host Unreachable (10.5.5.15)
[1539685870] SERVICE ALERT: localhost.localdomain;PING;CRITICAL;HARD;1;CRITICAL - Host Unreachable (10.5.5.15)
[1539685874] SERVICE ALERT: localhost.localdomain;SSH;CRITICAL;HARD;1;connect to address 10.5.5.15 and port 22: No route to host
[1539686228] HOST NOTIFICATION: nagiosadmin;localhost.localdomain;DOWN;notify-host-by-email;CRITICAL - Host Unreachable (10.5.5.15)
[1539686228] HOST ALERT: localhost.localdomain;DOWN;HARD;10;CRITICAL - Host Unreachable (10.5.5.15)
[1539686489] Caught SIGTERM, shutting down...
[1539686489] Caught SIGTERM, shutting down...
[1539686489] Caught SIGTERM, shutting down...
[1539686489] Successfully shutdown... (PID=4074)
[1539688749] Nagios 4.4.2 starting... (PID=5260)
[1539688749] Local time is Tue Oct 16 16:49:09 IST 2018
[1539688749] LOG VERSION: 2.0
[1539688749] qh: Socket '/usr/local/nagios/var/rw/nagios.qh' successfully initialized
[1539688749] qh: core query handler registered
[1539688749] qh: echo service query handler registered
[1539688749] qh: help for the query handler registered
[1539688749] wproc: Successfully registered manager as @wproc with query handler
[1539688749] wproc: Registry request: name=Core Worker 5261;pid=5261
[1539688749] wproc: Registry request: name=Core Worker 5262;pid=5262
[1539688749] wproc: Registry request: name=Core Worker 5264;pid=5264
[1539688749] wproc: Registry request: name=Core Worker 5263;pid=5263
[1539688749] Error: Failed to locate notification_period '24*7' for host 'localhost.localdomain'!
[1539688749] Error: Could not register host (config file '/usr/local/nagios/etc/objects/web.cfg', starting on line 21)
[1539688749] Bailing out due to one or more errors encountered in the configuration files. Run Nagios from the command line with the -v option to verify your config before restarting. (PID=5260)
[1539688859] Nagios 4.4.2 starting... (PID=5380)
[1539688859] Local time is Tue Oct 16 16:50:59 IST 2018
[1539688859] LOG VERSION: 2.0
[1539688859] qh: Socket '/usr/local/nagios/var/rw/nagios.qh' successfully initialized
[1539688859] qh: core query handler registered
[1539688859] qh: echo service query handler registered
[1539688859] qh: help for the query handler registered
[1539688859] wproc: Successfully registered manager as @wproc with query handler
[1539688859] wproc: Registry request: name=Core Worker 5381;pid=5381
[1539688859] wproc: Registry request: name=Core Worker 5382;pid=5382
[1539688859] wproc: Registry request: name=Core Worker 5384;pid=5384
[1539688859] wproc: Registry request: name=Core Worker 5383;pid=5383
[1539688859] SERVICE FLAPPING ALERT: localhost.localdomain;HTTP;STARTED; Service appears to have started flapping (32.5% change >= 20.0% threshold)
[1539688859] Successfully launched command file worker with pid 5385
[1539689144] HOST NOTIFICATION: nagiosadmin;localhost.localdomain;UP;notify-host-by-email;PING OK - Packet loss = 0%, RTA = 0.58 ms
[1539689144] HOST ALERT: localhost.localdomain;UP;HARD;1;PING OK - Packet loss = 0%, RTA = 0.58 ms
[1539689144] wproc: NOTIFY job 5 from worker Core Worker 5382 is a non-check helper but exited with return code 2
[1539689144] wproc:   host=localhost.localdomain; service=(none); contact=nagiosadmin
[1539689144] wproc:   early_timeout=0; exited_ok=1; wait_status=512; error_code=0;
[1539689144] wproc:   stderr line 01: pratik.sharad@@locuz.com contains invalid @@ sequence
[1539689144] wproc:   stderr line 02: Send options without primary recipient specified.
[1539689144] wproc:   stderr line 03: Usage: mail -eiIUdEFntBDNHRVv~ -T FILE -u USER -h hops -r address -s SUBJECT -a FILE -q FILE -f FILE -A ACCOUNT -b USERS -c USERS -S OPTION users
[1539689290] SERVICE ALERT: localhost.localdomain;HTTP;OK;HARD;1;HTTP OK: HTTP/1.1 200 OK - 285 bytes in 0.005 second response time
[1539689331] SERVICE FLAPPING ALERT: localhost.localdomain;PING;STARTED; Service appears to have started flapping (22.6% change >= 20.0% threshold)
[1539689331] SERVICE ALERT: localhost.localdomain;PING;OK;HARD;1;PING OK - Packet loss = 0%, RTA = 0.61 ms
[1539689402] SERVICE FLAPPING ALERT: localhost.localdomain;SSH;STARTED; Service appears to have started flapping (22.5% change >= 20.0% threshold)
[1539689402] SERVICE ALERT: localhost.localdomain;SSH;OK;HARD;1;SSH OK - OpenSSH_7.4 (protocol 2.0)
[1539691390] SERVICE ALERT: localhost.localdomain;HTTP;CRITICAL;SOFT;1;connect to address 10.5.5.15 and port 80: Connection refused
[1539691460] SERVICE ALERT: localhost.localdomain;HTTP;CRITICAL;SOFT;2;CRITICAL - Socket timeout
[1539691505] SERVICE ALERT: localhost.localdomain;SSH;CRITICAL;SOFT;1;connect to address 10.5.5.15 and port 22: No route to host
[1539691508] HOST ALERT: localhost.localdomain;DOWN;SOFT;1;CRITICAL - Host Unreachable (10.5.5.15)
[1539691523] SERVICE ALERT: localhost.localdomain;HTTP;CRITICAL;HARD;2;connect to address 10.5.5.15 and port 80: No route to host
[1539691568] SERVICE ALERT: localhost.localdomain;SSH;CRITICAL;HARD;1;connect to address 10.5.5.15 and port 22: No route to host
[1539691734] SERVICE ALERT: localhost.localdomain;PING;CRITICAL;HARD;1;CRITICAL - Host Unreachable (10.5.5.15)
[1539691955] HOST ALERT: localhost.localdomain;DOWN;HARD;10;CRITICAL - Host Unreachable (10.5.5.15)
[1539692459] Auto-save of retention data completed successfully.
[1539695095] SERVICE FLAPPING ALERT: localhost.localdomain;PING;STOPPED; Service appears to have stopped flapping (4.7% change < 5.0% threshold)
[1539695217] Caught SIGTERM, shutting down...
[1539695217] Successfully shutdown... (PID=5380)
[1539695230] Nagios 4.4.2 starting... (PID=1108)
[1539695230] Local time is Tue Oct 16 18:37:10 IST 2018
[1539695230] LOG VERSION: 2.0
[1539695230] qh: Socket '/usr/local/nagios/var/rw/nagios.qh' successfully initialized
[1539695230] qh: core query handler registered
[1539695230] qh: echo service query handler registered
[1539695230] qh: help for the query handler registered
[1539695230] wproc: Successfully registered manager as @wproc with query handler
[1539695230] wproc: Registry request: name=Core Worker 1138;pid=1138
[1539695230] wproc: Registry request: name=Core Worker 1137;pid=1137
[1539695230] wproc: Registry request: name=Core Worker 1139;pid=1139
[1539695230] wproc: Registry request: name=Core Worker 1136;pid=1136
[1539695230] Successfully launched command file worker with pid 1152
[1539695569] Caught SIGTERM, shutting down...
[1539695569] Successfully shutdown... (PID=1108)
[1539695582] Nagios 4.4.2 starting... (PID=1118)
[1539695582] Local time is Tue Oct 16 18:43:02 IST 2018
[1539695582] LOG VERSION: 2.0
[1539695582] qh: Socket '/usr/local/nagios/var/rw/nagios.qh' successfully initialized
[1539695582] qh: core query handler registered
[1539695582] qh: echo service query handler registered
[1539695582] qh: help for the query handler registered
[1539695582] wproc: Successfully registered manager as @wproc with query handler
[1539695582] wproc: Registry request: name=Core Worker 1129;pid=1129
[1539695582] wproc: Registry request: name=Core Worker 1128;pid=1128
[1539695582] wproc: Registry request: name=Core Worker 1127;pid=1127
[1539695582] wproc: Registry request: name=Core Worker 1126;pid=1126
[1539695582] Successfully launched command file worker with pid 1140
[1539699182] Auto-save of retention data completed successfully.
[1539702782] Auto-save of retention data completed successfully.
[1539706382] Auto-save of retention data completed successfully.
[1539709982] Auto-save of retention data completed successfully.
[1539713582] Auto-save of retention data completed successfully.
