[1597948200] LOG ROTATION: DAILY
[1597948200] LOG VERSION: 2.0
[1597948200] CURRENT HOST STATE: AP_Main_Bldg;UP;HARD;1;PING OK - Packet loss = 0%, RTA = 0.79 ms
[1597948200] CURRENT HOST STATE: Director_Bldg;UP;HARD;1;PING OK - Packet loss = 0%, RTA = 0.60 ms
[1597948200] CURRENT HOST STATE: Director_Resident;UP;HARD;1;PING OK - Packet loss = 0%, RTA = 0.66 ms
[1597948200] CURRENT HOST STATE: esxi01;UP;HARD;1;PING OK - Packet loss = 0%, RTA = 0.49 ms
[1597948200] CURRENT HOST STATE: esxi02;UP;HARD;1;PING OK - Packet loss = 0%, RTA = 0.55 ms
[1597948200] CURRENT HOST STATE: esxi03;UP;HARD;1;PING OK - Packet loss = 0%, RTA = 0.38 ms
[1597948200] CURRENT HOST STATE: esxi04;UP;HARD;1;PING OK - Packet loss = 0%, RTA = 0.44 ms
[1597948200] CURRENT HOST STATE: esxi05;UP;HARD;1;PING OK - Packet loss = 0%, RTA = 0.55 ms
[1597948200] CURRENT HOST STATE: esxi06;UP;HARD;1;PING OK - Packet loss = 0%, RTA = 0.50 ms
[1597948200] CURRENT HOST STATE: esxi07;UP;HARD;1;PING OK - Packet loss = 0%, RTA = 0.50 ms
[1597948200] CURRENT HOST STATE: esxi08;UP;HARD;1;PING OK - Packet loss = 0%, RTA = 0.52 ms
[1597948200] CURRENT HOST STATE: esxi09;UP;HARD;1;PING OK - Packet loss = 0%, RTA = 0.47 ms
[1597948200] CURRENT HOST STATE: localhost;UP;HARD;1;PING OK - Packet loss = 0%, RTA = 0.05 ms
[1597948200] CURRENT HOST STATE: vmware10gswitch;UP;HARD;1;PING OK - Packet loss = 0%, RTA = 1.37 ms
[1597948200] CURRENT HOST STATE: vmwaremgmtswitch;UP;HARD;1;PING OK - Packet loss = 0%, RTA = 1.86 ms
[1597948200] CURRENT SERVICE STATE: AP_Main_Bldg;check-host-alive;OK;HARD;1;PING OK - Packet loss = 0%, RTA = 0.78 ms
[1597948200] CURRENT SERVICE STATE: Director_Bldg;check-host-alive;OK;HARD;1;PING OK - Packet loss = 0%, RTA = 0.58 ms
[1597948200] CURRENT SERVICE STATE: Director_Resident;check-host-alive;OK;HARD;1;PING OK - Packet loss = 0%, RTA = 0.74 ms
[1597948200] CURRENT SERVICE STATE: esxi01;ESXi Hardware Check;OK;HARD;1;OK - Server: Cisco Systems Inc UCSC-C220-M4S s/n: FCH22157EQH Chassis S/N: FCH2216V0WN  System BIOS: C220M4.3.0.4a.0.0226182253 2018-02-26
[1597948200] CURRENT SERVICE STATE: esxi01;PING;OK;HARD;1;PING OK - Packet loss = 0%, RTA = 0.35 ms
[1597948200] CURRENT SERVICE STATE: esxi02;ESXi Hardware Check;UNKNOWN;HARD;3;UNKNOWN:
[1597948200] CURRENT SERVICE STATE: esxi02;PING;OK;HARD;1;PING OK - Packet loss = 0%, RTA = 0.42 ms
[1597948200] CURRENT SERVICE STATE: esxi03;ESXi Hardware Check;OK;HARD;1;OK - Server: Cisco Systems Inc UCSC-C220-M4S s/n: FCH22157ESB Chassis S/N: FCH2216V0TW  System BIOS: C220M4.3.0.4a.0.0226182253 2018-02-26
[1597948200] CURRENT SERVICE STATE: esxi03;PING;OK;HARD;1;PING OK - Packet loss = 0%, RTA = 0.56 ms
[1597948200] CURRENT SERVICE STATE: esxi04;ESXi Hardware Check;OK;HARD;1;OK - Server: Cisco Systems Inc UCSC-C220-M4S s/n: FCH22137QKB Chassis S/N: FCH2216V0YZ  System BIOS: C220M4.3.0.4a.0.0226182253 2018-02-26
[1597948200] CURRENT SERVICE STATE: esxi04;PING;OK;HARD;1;PING OK - Packet loss = 0%, RTA = 0.50 ms
[1597948200] CURRENT SERVICE STATE: esxi05;ESXi Hardware Check;OK;HARD;1;OK - Server: Cisco Systems Inc UCSC-C220-M4S s/n: FCH22157EPD Chassis S/N: FCH2216V0Z0  System BIOS: C220M4.3.0.4a.0.0226182253 2018-02-26
[1597948200] CURRENT SERVICE STATE: esxi05;PING;OK;HARD;1;PING OK - Packet loss = 0%, RTA = 1.13 ms
[1597948200] CURRENT SERVICE STATE: esxi06;ESXi Haradware Check;UNKNOWN;HARD;3;UNKNOWN: (0, 'Socket error: [Errno 111] Connection refused')
[1597948200] CURRENT SERVICE STATE: esxi06;PING;OK;HARD;1;PING OK - Packet loss = 0%, RTA = 0.64 ms
[1597948200] CURRENT SERVICE STATE: esxi07;ESXi Hardware Check;OK;HARD;1;OK - Server: Cisco Systems Inc UCSC-C220-M4S s/n: FCH22157EV7 Chassis S/N: FCH2216V0Y8  System BIOS: C220M4.3.0.4a.0.0226182253 2018-02-26
[1597948200] CURRENT SERVICE STATE: esxi07;PING;OK;HARD;1;PING OK - Packet loss = 0%, RTA = 0.55 ms
[1597948200] CURRENT SERVICE STATE: esxi08;ESXi Hardware Check;OK;HARD;1;OK - Server: Cisco Systems Inc UCSC-C220-M4S s/n: FCH22137QJN Chassis S/N: FCH2216V0YV  System BIOS: C220M4.3.0.4a.0.0226182253 2018-02-26
[1597948200] CURRENT SERVICE STATE: esxi08;PING;OK;HARD;1;PING OK - Packet loss = 0%, RTA = 0.40 ms
[1597948200] CURRENT SERVICE STATE: esxi09;ESXi Hardware Check;OK;HARD;1;OK - Server: Cisco Systems Inc UCSC-C220-M4S s/n: FCH22157ERY Chassis S/N: FCH2216V0YN  System BIOS: C220M4.3.0.4a.0.0226182253 2018-02-26
[1597948200] CURRENT SERVICE STATE: esxi09;PING;OK;HARD;1;PING OK - Packet loss = 0%, RTA = 0.39 ms
[1597948200] CURRENT SERVICE STATE: localhost;Current Load;OK;HARD;1;OK - load average: 0.03, 0.03, 0.05
[1597948200] CURRENT SERVICE STATE: localhost;Current Users;OK;HARD;1;USERS OK - 0 users currently logged in
[1597948200] CURRENT SERVICE STATE: localhost;PING;OK;HARD;1;PING OK - Packet loss = 0%, RTA = 0.05 ms
[1597948200] CURRENT SERVICE STATE: localhost;Root Partition;OK;HARD;1;DISK OK - free space: / 42833 MB (83.69% inode=99%):
[1597948200] CURRENT SERVICE STATE: localhost;SSH;OK;HARD;1;SSH OK - OpenSSH_7.4 (protocol 2.0)
[1597948200] CURRENT SERVICE STATE: localhost;Swap Usage;OK;HARD;1;SWAP OK - 100% free (3967 MB out of 3967 MB)
[1597948200] CURRENT SERVICE STATE: localhost;Total Processes;OK;HARD;1;PROCS OK: 84 processes with STATE = RSZDT
[1597948200] CURRENT SERVICE STATE: vmware10gswitch;check-host-alive;OK;HARD;1;PING OK - Packet loss = 0%, RTA = 1.29 ms
[1597948200] CURRENT SERVICE STATE: vmwaremgmtswitch;check-host-alive;OK;HARD;1;PING OK - Packet loss = 0%, RTA = 0.78 ms
[1597948565] SERVICE NOTIFICATION: nagiosadmin;esxi02;ESXi Hardware Check;UNKNOWN;notify-service-by-email;UNKNOWN:
[1597949640] SERVICE NOTIFICATION: nagiosadmin;esxi06;ESXi Haradware Check;UNKNOWN;notify-service-by-email;UNKNOWN: (0, 'Socket error: [Errno 111] Connection refused')
[1597950485] Auto-save of retention data completed successfully.
[1597952166] SERVICE NOTIFICATION: nagiosadmin;esxi02;ESXi Hardware Check;UNKNOWN;notify-service-by-email;UNKNOWN:
[1597953241] SERVICE NOTIFICATION: nagiosadmin;esxi06;ESXi Haradware Check;UNKNOWN;notify-service-by-email;UNKNOWN: (0, 'Socket error: [Errno 111] Connection refused')
[1597954085] Auto-save of retention data completed successfully.
[1597956216] SERVICE ALERT: esxi02;PING;WARNING;SOFT;1;PING WARNING - Packet loss = 20%, RTA = 0.56 ms
[1597956280] SERVICE ALERT: esxi02;PING;OK;SOFT;2;PING OK - Packet loss = 0%, RTA = 0.59 ms
[1597956366] SERVICE NOTIFICATION: nagiosadmin;esxi02;ESXi Hardware Check;UNKNOWN;notify-service-by-email;UNKNOWN:
[1597957440] SERVICE NOTIFICATION: nagiosadmin;esxi06;ESXi Haradware Check;UNKNOWN;notify-service-by-email;UNKNOWN: (0, 'Socket error: [Errno 111] Connection refused')
[1597957685] Auto-save of retention data completed successfully.
[1597960566] SERVICE NOTIFICATION: nagiosadmin;esxi02;ESXi Hardware Check;UNKNOWN;notify-service-by-email;UNKNOWN:
[1597961040] SERVICE NOTIFICATION: nagiosadmin;esxi06;ESXi Haradware Check;UNKNOWN;notify-service-by-email;UNKNOWN: (0, 'Socket error: [Errno 111] Connection refused')
[1597961285] Auto-save of retention data completed successfully.
[1597964641] SERVICE NOTIFICATION: nagiosadmin;esxi06;ESXi Haradware Check;UNKNOWN;notify-service-by-email;UNKNOWN: (0, 'Socket error: [Errno 111] Connection refused')
[1597964766] SERVICE NOTIFICATION: nagiosadmin;esxi02;ESXi Hardware Check;UNKNOWN;notify-service-by-email;UNKNOWN:
[1597964885] Auto-save of retention data completed successfully.
[1597965818] SERVICE ALERT: esxi07;PING;WARNING;SOFT;1;PING WARNING - Packet loss = 20%, RTA = 0.47 ms
[1597965882] SERVICE ALERT: esxi07;PING;OK;SOFT;2;PING OK - Packet loss = 0%, RTA = 0.51 ms
[1597968485] Auto-save of retention data completed successfully.
[1597968840] SERVICE NOTIFICATION: nagiosadmin;esxi06;ESXi Haradware Check;UNKNOWN;notify-service-by-email;UNKNOWN: (0, 'Socket error: [Errno 111] Connection refused')
[1597968965] SERVICE NOTIFICATION: nagiosadmin;esxi02;ESXi Hardware Check;UNKNOWN;notify-service-by-email;UNKNOWN:
[1597970447] SERVICE ALERT: esxi07;PING;WARNING;SOFT;1;PING WARNING - Packet loss = 20%, RTA = 0.45 ms
[1597970511] SERVICE ALERT: esxi07;PING;OK;SOFT;2;PING OK - Packet loss = 0%, RTA = 0.48 ms
[1597972085] Auto-save of retention data completed successfully.
[1597972440] SERVICE NOTIFICATION: nagiosadmin;esxi06;ESXi Haradware Check;UNKNOWN;notify-service-by-email;UNKNOWN: (0, 'Socket error: [Errno 111] Connection refused')
[1597972565] SERVICE NOTIFICATION: nagiosadmin;esxi02;ESXi Hardware Check;UNKNOWN;notify-service-by-email;UNKNOWN:
[1597975685] Auto-save of retention data completed successfully.
[1597976040] SERVICE NOTIFICATION: nagiosadmin;esxi06;ESXi Haradware Check;UNKNOWN;notify-service-by-email;UNKNOWN: (0, 'Socket error: [Errno 111] Connection refused')
[1597976165] SERVICE NOTIFICATION: nagiosadmin;esxi02;ESXi Hardware Check;UNKNOWN;notify-service-by-email;UNKNOWN:
[1597978024] SERVICE ALERT: esxi08;PING;WARNING;SOFT;1;PING WARNING - Packet loss = 20%, RTA = 0.48 ms
[1597978088] SERVICE ALERT: esxi08;PING;OK;SOFT;2;PING OK - Packet loss = 0%, RTA = 0.38 ms
[1597979285] Auto-save of retention data completed successfully.
[1597979640] SERVICE NOTIFICATION: nagiosadmin;esxi06;ESXi Haradware Check;UNKNOWN;notify-service-by-email;UNKNOWN: (0, 'Socket error: [Errno 111] Connection refused')
[1597979765] SERVICE NOTIFICATION: nagiosadmin;esxi02;ESXi Hardware Check;UNKNOWN;notify-service-by-email;UNKNOWN:
[1597982885] Auto-save of retention data completed successfully.
[1597983240] SERVICE NOTIFICATION: nagiosadmin;esxi06;ESXi Haradware Check;UNKNOWN;notify-service-by-email;UNKNOWN: (0, 'Socket error: [Errno 111] Connection refused')
[1597983966] SERVICE NOTIFICATION: nagiosadmin;esxi02;ESXi Hardware Check;UNKNOWN;notify-service-by-email;UNKNOWN:
[1597986485] Auto-save of retention data completed successfully.
[1597986840] SERVICE NOTIFICATION: nagiosadmin;esxi06;ESXi Haradware Check;UNKNOWN;notify-service-by-email;UNKNOWN: (0, 'Socket error: [Errno 111] Connection refused')
[1597988166] SERVICE NOTIFICATION: nagiosadmin;esxi02;ESXi Hardware Check;UNKNOWN;notify-service-by-email;UNKNOWN:
[1597990085] Auto-save of retention data completed successfully.
[1597990440] SERVICE NOTIFICATION: nagiosadmin;esxi06;ESXi Haradware Check;UNKNOWN;notify-service-by-email;UNKNOWN: (0, 'Socket error: [Errno 111] Connection refused')
[1597992365] SERVICE NOTIFICATION: nagiosadmin;esxi02;ESXi Hardware Check;UNKNOWN;notify-service-by-email;UNKNOWN:
[1597993685] Auto-save of retention data completed successfully.
[1597994041] SERVICE NOTIFICATION: nagiosadmin;esxi06;ESXi Haradware Check;UNKNOWN;notify-service-by-email;UNKNOWN: (0, 'Socket error: [Errno 111] Connection refused')
[1597995967] SERVICE NOTIFICATION: nagiosadmin;esxi02;ESXi Hardware Check;UNKNOWN;notify-service-by-email;UNKNOWN:
[1597997285] Auto-save of retention data completed successfully.
[1597998240] SERVICE NOTIFICATION: nagiosadmin;esxi06;ESXi Haradware Check;UNKNOWN;notify-service-by-email;UNKNOWN: (0, 'Socket error: [Errno 111] Connection refused')
[1598000166] SERVICE NOTIFICATION: nagiosadmin;esxi02;ESXi Hardware Check;UNKNOWN;notify-service-by-email;UNKNOWN:
[1598000885] Auto-save of retention data completed successfully.
[1598001840] SERVICE NOTIFICATION: nagiosadmin;esxi06;ESXi Haradware Check;UNKNOWN;notify-service-by-email;UNKNOWN: (0, 'Socket error: [Errno 111] Connection refused')
[1598004366] SERVICE NOTIFICATION: nagiosadmin;esxi02;ESXi Hardware Check;UNKNOWN;notify-service-by-email;UNKNOWN:
[1598004485] Auto-save of retention data completed successfully.
[1598005440] SERVICE NOTIFICATION: nagiosadmin;esxi06;ESXi Haradware Check;UNKNOWN;notify-service-by-email;UNKNOWN: (0, 'Socket error: [Errno 111] Connection refused')
[1598008085] Auto-save of retention data completed successfully.
[1598008566] SERVICE NOTIFICATION: nagiosadmin;esxi02;ESXi Hardware Check;UNKNOWN;notify-service-by-email;UNKNOWN:
[1598009040] SERVICE NOTIFICATION: nagiosadmin;esxi06;ESXi Haradware Check;UNKNOWN;notify-service-by-email;UNKNOWN: (0, 'Socket error: [Errno 111] Connection refused')
[1598011685] Auto-save of retention data completed successfully.
[1598012166] SERVICE NOTIFICATION: nagiosadmin;esxi02;ESXi Hardware Check;UNKNOWN;notify-service-by-email;UNKNOWN:
[1598012640] SERVICE NOTIFICATION: nagiosadmin;esxi06;ESXi Haradware Check;UNKNOWN;notify-service-by-email;UNKNOWN: (0, 'Socket error: [Errno 111] Connection refused')
[1598015285] Auto-save of retention data completed successfully.
[1598016240] SERVICE NOTIFICATION: nagiosadmin;esxi06;ESXi Haradware Check;UNKNOWN;notify-service-by-email;UNKNOWN: (0, 'Socket error: [Errno 111] Connection refused')
[1598016365] SERVICE NOTIFICATION: nagiosadmin;esxi02;ESXi Hardware Check;UNKNOWN;notify-service-by-email;UNKNOWN:
[1598018885] Auto-save of retention data completed successfully.
[1598019840] SERVICE NOTIFICATION: nagiosadmin;esxi06;ESXi Haradware Check;UNKNOWN;notify-service-by-email;UNKNOWN: (0, 'Socket error: [Errno 111] Connection refused')
[1598019966] SERVICE NOTIFICATION: nagiosadmin;esxi02;ESXi Hardware Check;UNKNOWN;notify-service-by-email;UNKNOWN:
[1598022485] Auto-save of retention data completed successfully.
[1598023440] SERVICE NOTIFICATION: nagiosadmin;esxi06;ESXi Haradware Check;UNKNOWN;notify-service-by-email;UNKNOWN: (0, 'Socket error: [Errno 111] Connection refused')
[1598024166] SERVICE NOTIFICATION: nagiosadmin;esxi02;ESXi Hardware Check;UNKNOWN;notify-service-by-email;UNKNOWN:
[1598026085] Auto-save of retention data completed successfully.
[1598027040] SERVICE NOTIFICATION: nagiosadmin;esxi06;ESXi Haradware Check;UNKNOWN;notify-service-by-email;UNKNOWN: (0, 'Socket error: [Errno 111] Connection refused')
[1598028176] SERVICE ALERT: esxi07;PING;WARNING;SOFT;1;PING WARNING - Packet loss = 20%, RTA = 0.45 ms
[1598028240] SERVICE ALERT: esxi07;PING;OK;SOFT;2;PING OK - Packet loss = 0%, RTA = 0.51 ms
[1598028365] SERVICE NOTIFICATION: nagiosadmin;esxi02;ESXi Hardware Check;UNKNOWN;notify-service-by-email;UNKNOWN:
[1598029685] Auto-save of retention data completed successfully.
[1598030640] SERVICE NOTIFICATION: nagiosadmin;esxi06;ESXi Haradware Check;UNKNOWN;notify-service-by-email;UNKNOWN: (0, 'Socket error: [Errno 111] Connection refused')
[1598031965] SERVICE NOTIFICATION: nagiosadmin;esxi02;ESXi Hardware Check;UNKNOWN;notify-service-by-email;UNKNOWN:
[1598033285] Auto-save of retention data completed successfully.
[1598034241] SERVICE NOTIFICATION: nagiosadmin;esxi06;ESXi Haradware Check;UNKNOWN;notify-service-by-email;UNKNOWN: (0, 'Socket error: [Errno 111] Connection refused')
