[1560018600] LOG ROTATION: DAILY
[1560018600] LOG VERSION: 2.0
[1560018600] CURRENT HOST STATE: esxi01;UP;HARD;1;PING OK - Packet loss = 0%, RTA = 0.48 ms
[1560018600] CURRENT HOST STATE: esxi02;UP;HARD;1;PING OK - Packet loss = 0%, RTA = 0.47 ms
[1560018600] CURRENT HOST STATE: esxi03;UP;HARD;1;PING OK - Packet loss = 0%, RTA = 1.13 ms
[1560018600] CURRENT HOST STATE: esxi04;UP;HARD;1;PING OK - Packet loss = 0%, RTA = 0.46 ms
[1560018600] CURRENT HOST STATE: esxi05;UP;HARD;1;PING OK - Packet loss = 0%, RTA = 0.40 ms
[1560018600] CURRENT HOST STATE: esxi06;UP;HARD;1;PING OK - Packet loss = 0%, RTA = 0.42 ms
[1560018600] CURRENT HOST STATE: esxi07;UP;HARD;1;PING OK - Packet loss = 0%, RTA = 0.38 ms
[1560018600] CURRENT HOST STATE: esxi08;UP;HARD;1;PING OK - Packet loss = 0%, RTA = 0.44 ms
[1560018600] CURRENT HOST STATE: esxi09;UP;HARD;1;PING OK - Packet loss = 0%, RTA = 0.37 ms
[1560018600] CURRENT HOST STATE: localhost;UP;HARD;1;PING OK - Packet loss = 0%, RTA = 0.04 ms
[1560018600] CURRENT HOST STATE: router1;UP;HARD;1;PING OK - Packet loss = 0%, RTA = 0.57 ms
[1560018600] CURRENT HOST STATE: router2;UP;HARD;1;PING OK - Packet loss = 20%, RTA = 0.75 ms
[1560018600] CURRENT HOST STATE: router3;UP;HARD;1;PING OK - Packet loss = 20%, RTA = 0.73 ms
[1560018600] CURRENT HOST STATE: vmware10gswitch;UP;HARD;1;PING OK - Packet loss = 0%, RTA = 2.39 ms
[1560018600] CURRENT HOST STATE: vmwaremgmtswitch;UP;HARD;1;PING OK - Packet loss = 0%, RTA = 0.78 ms
[1560018600] CURRENT SERVICE STATE: esxi01;ESXi Hardware Check;OK;HARD;1;OK - Server: Cisco Systems Inc UCSC-C220-M4S s/n: FCH22157EQH Chassis S/N: FCH2216V0WN  System BIOS: C220M4.3.0.4a.0.0226182253 2018-02-26
[1560018600] CURRENT SERVICE STATE: esxi01;PING;OK;HARD;1;PING OK - Packet loss = 0%, RTA = 0.33 ms
[1560018600] CURRENT SERVICE STATE: esxi02;ESXi Hardware Check;OK;HARD;1;OK - Server: Cisco Systems Inc UCSC-C220-M4S s/n: FCH22157E1D Chassis S/N: FCH2216V0Y6  System BIOS: C220M4.3.0.4a.0.0226182253 2018-02-26
[1560018600] CURRENT SERVICE STATE: esxi02;PING;OK;HARD;1;PING OK - Packet loss = 0%, RTA = 0.51 ms
[1560018600] CURRENT SERVICE STATE: esxi03;ESXi Hardware Check;OK;HARD;1;OK - Server: Cisco Systems Inc UCSC-C220-M4S s/n: FCH22157ESB Chassis S/N: FCH2216V0TW  System BIOS: C220M4.3.0.4a.0.0226182253 2018-02-26
[1560018600] CURRENT SERVICE STATE: esxi03;PING;OK;HARD;1;PING OK - Packet loss = 0%, RTA = 0.44 ms
[1560018600] CURRENT SERVICE STATE: esxi04;ESXi Hardware Check;OK;HARD;1;OK - Server: Cisco Systems Inc UCSC-C220-M4S s/n: FCH22137QKB Chassis S/N: FCH2216V0YZ  System BIOS: C220M4.3.0.4a.0.0226182253 2018-02-26
[1560018600] CURRENT SERVICE STATE: esxi04;PING;OK;HARD;1;PING OK - Packet loss = 0%, RTA = 0.44 ms
[1560018600] CURRENT SERVICE STATE: esxi05;ESXi Hardware Check;OK;HARD;1;OK - Server: Cisco Systems Inc UCSC-C220-M4S s/n: FCH22157EPD Chassis S/N: FCH2216V0Z0  System BIOS: C220M4.3.0.4a.0.0226182253 2018-02-26
[1560018600] CURRENT SERVICE STATE: esxi05;PING;OK;HARD;1;PING OK - Packet loss = 0%, RTA = 0.51 ms
[1560018600] CURRENT SERVICE STATE: esxi06;ESXi Haradware Check;OK;HARD;1;OK - Server: Cisco Systems Inc UCSC-C220-M4S s/n: FCH22157ERW Chassis S/N: FCH2216V0X8  System BIOS: C220M4.3.0.4a.0.0226182253 2018-02-26
[1560018600] CURRENT SERVICE STATE: esxi06;PING;OK;HARD;1;PING OK - Packet loss = 0%, RTA = 0.56 ms
[1560018600] CURRENT SERVICE STATE: esxi07;ESXi Hardware Check;OK;HARD;1;OK - Server: Cisco Systems Inc UCSC-C220-M4S s/n: FCH22157EV7 Chassis S/N: FCH2216V0Y8  System BIOS: C220M4.3.0.4a.0.0226182253 2018-02-26
[1560018600] CURRENT SERVICE STATE: esxi07;PING;OK;HARD;1;PING OK - Packet loss = 0%, RTA = 0.47 ms
[1560018600] CURRENT SERVICE STATE: esxi08;ESXi Hardware Check;OK;HARD;1;OK - Server: Cisco Systems Inc UCSC-C220-M4S s/n: FCH22137QJN Chassis S/N: FCH2216V0YV  System BIOS: C220M4.3.0.4a.0.0226182253 2018-02-26
[1560018600] CURRENT SERVICE STATE: esxi08;PING;OK;HARD;1;PING OK - Packet loss = 0%, RTA = 0.49 ms
[1560018600] CURRENT SERVICE STATE: esxi09;ESXi Hardware Check;OK;HARD;1;OK - Server: Cisco Systems Inc UCSC-C220-M4S s/n: FCH22157ERY Chassis S/N: FCH2216V0YN  System BIOS: C220M4.3.0.4a.0.0226182253 2018-02-26
[1560018600] CURRENT SERVICE STATE: esxi09;PING;OK;HARD;1;PING OK - Packet loss = 0%, RTA = 0.40 ms
[1560018600] CURRENT SERVICE STATE: localhost;Current Load;OK;HARD;1;OK - load average: 0.07, 0.06, 0.05
[1560018600] CURRENT SERVICE STATE: localhost;Current Users;OK;HARD;1;USERS OK - 3 users currently logged in
[1560018600] CURRENT SERVICE STATE: localhost;PING;OK;HARD;1;PING OK - Packet loss = 0%, RTA = 0.04 ms
[1560018600] CURRENT SERVICE STATE: localhost;Root Partition;OK;HARD;1;DISK OK - free space: / 43764 MB (85.52% inode=99%):
[1560018600] CURRENT SERVICE STATE: localhost;SSH;OK;HARD;1;SSH OK - OpenSSH_7.4 (protocol 2.0)
[1560018600] CURRENT SERVICE STATE: localhost;Swap Usage;OK;HARD;1;SWAP OK - 100% free (3966 MB out of 3967 MB)
[1560018600] CURRENT SERVICE STATE: localhost;Total Processes;OK;HARD;1;PROCS OK: 77 processes with STATE = RSZDT
[1560018600] CURRENT SERVICE STATE: router1;check-host-alive;OK;HARD;1;PING OK - Packet loss = 0%, RTA = 0.59 ms
[1560018600] CURRENT SERVICE STATE: router2;check-host-alive;OK;HARD;1;PING OK - Packet loss = 0%, RTA = 0.75 ms
[1560018600] CURRENT SERVICE STATE: router3;check-host-alive;OK;HARD;1;PING OK - Packet loss = 0%, RTA = 0.67 ms
[1560018600] CURRENT SERVICE STATE: vmware10gswitch;check-host-alive;OK;HARD;1;PING OK - Packet loss = 0%, RTA = 2.63 ms
[1560018600] CURRENT SERVICE STATE: vmwaremgmtswitch;check-host-alive;OK;HARD;1;PING OK - Packet loss = 0%, RTA = 0.80 ms
[1560018841] Auto-save of retention data completed successfully.
[1560019440] SERVICE ALERT: esxi03;PING;WARNING;SOFT;1;PING WARNING - Packet loss = 20%, RTA = 0.42 ms
[1560019504] SERVICE ALERT: esxi03;PING;OK;SOFT;2;PING OK - Packet loss = 0%, RTA = 0.43 ms
[1560022269] SERVICE ALERT: esxi03;PING;WARNING;SOFT;1;PING WARNING - Packet loss = 20%, RTA = 0.45 ms
[1560022333] SERVICE ALERT: esxi03;PING;OK;SOFT;2;PING OK - Packet loss = 0%, RTA = 0.47 ms
[1560022398] SERVICE ALERT: esxi03;PING;WARNING;SOFT;1;PING WARNING - Packet loss = 20%, RTA = 0.47 ms
[1560022441] Auto-save of retention data completed successfully.
[1560022462] SERVICE ALERT: esxi03;PING;OK;SOFT;2;PING OK - Packet loss = 0%, RTA = 0.45 ms
[1560023427] SERVICE ALERT: esxi03;PING;WARNING;SOFT;1;PING WARNING - Packet loss = 20%, RTA = 0.49 ms
[1560023491] SERVICE ALERT: esxi03;PING;OK;SOFT;2;PING OK - Packet loss = 0%, RTA = 0.46 ms
[1560025956] SERVICE ALERT: esxi03;PING;WARNING;SOFT;1;PING WARNING - Packet loss = 20%, RTA = 0.50 ms
[1560026020] SERVICE ALERT: esxi03;PING;OK;SOFT;2;PING OK - Packet loss = 0%, RTA = 0.40 ms
[1560026041] Auto-save of retention data completed successfully.
[1560026985] SERVICE ALERT: esxi03;PING;WARNING;SOFT;1;PING WARNING - Packet loss = 20%, RTA = 0.47 ms
[1560027049] SERVICE ALERT: esxi03;PING;OK;SOFT;2;PING OK - Packet loss = 0%, RTA = 0.46 ms
[1560029514] SERVICE ALERT: esxi03;PING;WARNING;SOFT;1;PING WARNING - Packet loss = 20%, RTA = 0.51 ms
[1560029578] SERVICE ALERT: esxi03;PING;OK;SOFT;2;PING OK - Packet loss = 0%, RTA = 0.40 ms
[1560029641] Auto-save of retention data completed successfully.
[1560032043] SERVICE ALERT: esxi03;PING;WARNING;SOFT;1;PING WARNING - Packet loss = 20%, RTA = 0.43 ms
[1560032107] SERVICE ALERT: esxi03;PING;OK;SOFT;2;PING OK - Packet loss = 0%, RTA = 0.47 ms
[1560032772] SERVICE ALERT: esxi03;PING;WARNING;SOFT;1;PING WARNING - Packet loss = 20%, RTA = 0.42 ms
[1560032837] SERVICE ALERT: esxi03;PING;WARNING;SOFT;2;PING WARNING - Packet loss = 20%, RTA = 0.48 ms
[1560032901] SERVICE ALERT: esxi03;PING;OK;SOFT;3;PING OK - Packet loss = 0%, RTA = 0.45 ms
[1560033241] Auto-save of retention data completed successfully.
[1560036841] Auto-save of retention data completed successfully.
[1560037766] SERVICE ALERT: esxi03;PING;WARNING;SOFT;1;PING WARNING - Packet loss = 20%, RTA = 0.46 ms
[1560037831] SERVICE ALERT: esxi03;PING;WARNING;SOFT;2;PING WARNING - Packet loss = 20%, RTA = 0.84 ms
[1560037895] SERVICE ALERT: esxi03;PING;OK;SOFT;3;PING OK - Packet loss = 0%, RTA = 0.48 ms
[1560040060] SERVICE ALERT: esxi03;PING;WARNING;SOFT;1;PING WARNING - Packet loss = 20%, RTA = 0.49 ms
[1560040124] SERVICE ALERT: esxi03;PING;OK;SOFT;2;PING OK - Packet loss = 0%, RTA = 0.41 ms
[1560040441] Auto-save of retention data completed successfully.
[1560044041] Auto-save of retention data completed successfully.
[1560044989] SERVICE ALERT: esxi03;PING;WARNING;SOFT;1;PING WARNING - Packet loss = 20%, RTA = 0.44 ms
[1560045053] SERVICE ALERT: esxi03;PING;OK;SOFT;2;PING OK - Packet loss = 0%, RTA = 0.45 ms
[1560047641] Auto-save of retention data completed successfully.
[1560049018] SERVICE ALERT: esxi03;PING;WARNING;SOFT;1;PING WARNING - Packet loss = 20%, RTA = 0.37 ms
[1560049082] SERVICE ALERT: esxi03;PING;OK;SOFT;2;PING OK - Packet loss = 0%, RTA = 0.52 ms
[1560051241] Auto-save of retention data completed successfully.
[1560054841] Auto-save of retention data completed successfully.
[1560058441] Auto-save of retention data completed successfully.
[1560060547] SERVICE ALERT: esxi03;PING;WARNING;SOFT;1;PING WARNING - Packet loss = 20%, RTA = 0.47 ms
[1560060611] SERVICE ALERT: esxi03;PING;OK;SOFT;2;PING OK - Packet loss = 0%, RTA = 0.49 ms
[1560061277] SERVICE ALERT: esxi03;PING;WARNING;SOFT;1;PING WARNING - Packet loss = 20%, RTA = 0.44 ms
[1560061341] SERVICE ALERT: esxi03;PING;OK;SOFT;2;PING OK - Packet loss = 0%, RTA = 0.92 ms
[1560062006] SERVICE ALERT: esxi03;PING;WARNING;SOFT;1;PING WARNING - Packet loss = 20%, RTA = 0.43 ms
[1560062041] Auto-save of retention data completed successfully.
[1560062070] SERVICE ALERT: esxi03;PING;OK;SOFT;2;PING OK - Packet loss = 0%, RTA = 0.46 ms
[1560065641] Auto-save of retention data completed successfully.
[1560067835] SERVICE ALERT: esxi03;PING;WARNING;SOFT;1;PING WARNING - Packet loss = 20%, RTA = 0.45 ms
[1560067899] SERVICE ALERT: esxi03;PING;OK;SOFT;2;PING OK - Packet loss = 0%, RTA = 0.46 ms
[1560068564] SERVICE ALERT: esxi03;PING;WARNING;SOFT;1;PING WARNING - Packet loss = 20%, RTA = 0.42 ms
[1560068628] SERVICE ALERT: esxi03;PING;OK;SOFT;2;PING OK - Packet loss = 0%, RTA = 1.26 ms
[1560069241] Auto-save of retention data completed successfully.
[1560071093] SERVICE ALERT: esxi03;PING;WARNING;SOFT;1;PING WARNING - Packet loss = 20%, RTA = 0.48 ms
[1560071157] SERVICE ALERT: esxi03;PING;OK;SOFT;2;PING OK - Packet loss = 0%, RTA = 0.45 ms
[1560072841] Auto-save of retention data completed successfully.
[1560075722] SERVICE ALERT: esxi03;PING;WARNING;SOFT;1;PING WARNING - Packet loss = 20%, RTA = 0.46 ms
[1560075786] SERVICE ALERT: esxi03;PING;OK;SOFT;2;PING OK - Packet loss = 0%, RTA = 0.51 ms
[1560076441] Auto-save of retention data completed successfully.
[1560076751] SERVICE ALERT: esxi03;PING;WARNING;SOFT;1;PING WARNING - Packet loss = 20%, RTA = 0.47 ms
[1560076815] SERVICE ALERT: esxi03;PING;OK;SOFT;2;PING OK - Packet loss = 0%, RTA = 0.46 ms
[1560078380] SERVICE ALERT: esxi03;PING;WARNING;SOFT;1;PING WARNING - Packet loss = 20%, RTA = 0.94 ms
[1560078444] SERVICE ALERT: esxi03;PING;OK;SOFT;2;PING OK - Packet loss = 0%, RTA = 0.47 ms
[1560080041] Auto-save of retention data completed successfully.
[1560082109] SERVICE ALERT: esxi03;PING;WARNING;SOFT;1;PING WARNING - Packet loss = 20%, RTA = 1.96 ms
[1560082173] SERVICE ALERT: esxi03;PING;OK;SOFT;2;PING OK - Packet loss = 0%, RTA = 0.43 ms
[1560083641] Auto-save of retention data completed successfully.
[1560084076] wproc: Core Worker 21450: job 162928 (pid=11348) timed out. Killing it
[1560084076] wproc: CHECK job 162928 from worker Core Worker 21450 timed out after 30.03s
[1560084076] wproc:   host=router1; service=(null);
[1560084076] wproc:   early_timeout=1; exited_ok=0; wait_status=0; error_code=62;
[1560084076] Warning: Check of host 'router1' timed out after 30.03 seconds
[1560084076] HOST ALERT: router1;DOWN;SOFT;1;(Host check timed out after 30.03 seconds)
[1560084077] wproc: Core Worker 21450: job 162928 (pid=11348): Dormant child reaped
[1560084166] wproc: Core Worker 21452: job 162930 (pid=11383) timed out. Killing it
[1560084166] wproc: CHECK job 162930 from worker Core Worker 21452 timed out after 30.03s
[1560084166] wproc:   host=router1; service=(null);
[1560084166] wproc:   early_timeout=1; exited_ok=0; wait_status=0; error_code=62;
[1560084166] Warning: Check of host 'router1' timed out after 30.03 seconds
[1560084166] HOST ALERT: router1;DOWN;SOFT;2;(Host check timed out after 30.03 seconds)
[1560084167] wproc: Core Worker 21452: job 162930 (pid=11383): Dormant child reaped
[1560084256] wproc: Core Worker 21453: job 162932 (pid=11408) timed out. Killing it
[1560084256] wproc: CHECK job 162932 from worker Core Worker 21453 timed out after 30.01s
[1560084256] wproc:   host=router1; service=(null);
[1560084256] wproc:   early_timeout=1; exited_ok=0; wait_status=0; error_code=62;
[1560084256] Warning: Check of host 'router1' timed out after 30.01 seconds
[1560084256] HOST ALERT: router1;DOWN;SOFT;3;(Host check timed out after 30.01 seconds)
[1560084257] wproc: Core Worker 21453: job 162932 (pid=11408): Dormant child reaped
[1560084316] SERVICE ALERT: router1;check-host-alive;CRITICAL;HARD;1;CRITICAL - Plugin timed out
[1560084346] wproc: Core Worker 21452: job 162936 (pid=11578) timed out. Killing it
[1560084346] wproc: CHECK job 162936 from worker Core Worker 21452 timed out after 30.01s
[1560084346] wproc:   host=router1; service=(null);
[1560084346] wproc:   early_timeout=1; exited_ok=0; wait_status=0; error_code=62;
[1560084346] Warning: Check of host 'router1' timed out after 30.01 seconds
[1560084346] HOST ALERT: router1;DOWN;SOFT;4;(Host check timed out after 30.01 seconds)
[1560084347] wproc: Core Worker 21452: job 162936 (pid=11578): Dormant child reaped
[1560084436] wproc: Core Worker 21451: job 162939 (pid=11607) timed out. Killing it
[1560084436] wproc: CHECK job 162939 from worker Core Worker 21451 timed out after 30.01s
[1560084436] wproc:   host=router1; service=(null);
[1560084436] wproc:   early_timeout=1; exited_ok=0; wait_status=0; error_code=62;
[1560084436] Warning: Check of host 'router1' timed out after 30.01 seconds
[1560084436] HOST ALERT: router1;DOWN;SOFT;5;(Host check timed out after 30.01 seconds)
[1560084437] wproc: Core Worker 21451: job 162939 (pid=11607): Dormant child reaped
[1560084526] wproc: Core Worker 21453: job 162941 (pid=11640) timed out. Killing it
[1560084526] wproc: CHECK job 162941 from worker Core Worker 21453 timed out after 30.01s
[1560084526] wproc:   host=router1; service=(null);
[1560084526] wproc:   early_timeout=1; exited_ok=0; wait_status=0; error_code=62;
[1560084526] Warning: Check of host 'router1' timed out after 30.01 seconds
[1560084526] HOST ALERT: router1;DOWN;SOFT;6;(Host check timed out after 30.01 seconds)
[1560084527] wproc: Core Worker 21453: job 162941 (pid=11640): Dormant child reaped
[1560084616] wproc: Core Worker 21450: job 162946 (pid=11680) timed out. Killing it
[1560084616] wproc: CHECK job 162946 from worker Core Worker 21450 timed out after 30.02s
[1560084616] wproc:   host=router1; service=(null);
[1560084616] wproc:   early_timeout=1; exited_ok=0; wait_status=0; error_code=62;
[1560084616] Warning: Check of host 'router1' timed out after 30.02 seconds
[1560084616] HOST ALERT: router1;DOWN;SOFT;7;(Host check timed out after 30.02 seconds)
[1560084617] wproc: Core Worker 21450: job 162946 (pid=11680): Dormant child reaped
[1560084638] SERVICE ALERT: esxi03;PING;WARNING;SOFT;1;PING WARNING - Packet loss = 20%, RTA = 0.45 ms
[1560084702] SERVICE ALERT: esxi03;PING;OK;SOFT;2;PING OK - Packet loss = 0%, RTA = 0.47 ms
[1560084706] wproc: Core Worker 21450: job 162949 (pid=11849) timed out. Killing it
[1560084706] wproc: CHECK job 162949 from worker Core Worker 21450 timed out after 30.01s
[1560084706] wproc:   host=router1; service=(null);
[1560084706] wproc:   early_timeout=1; exited_ok=0; wait_status=0; error_code=62;
[1560084706] Warning: Check of host 'router1' timed out after 30.01 seconds
[1560084706] HOST ALERT: router1;DOWN;SOFT;8;(Host check timed out after 30.01 seconds)
[1560084707] wproc: Core Worker 21450: job 162949 (pid=11849): Dormant child reaped
[1560084796] wproc: Core Worker 21453: job 162951 (pid=11878) timed out. Killing it
[1560084796] wproc: CHECK job 162951 from worker Core Worker 21453 timed out after 30.03s
[1560084796] wproc:   host=router1; service=(null);
[1560084796] wproc:   early_timeout=1; exited_ok=0; wait_status=0; error_code=62;
[1560084796] Warning: Check of host 'router1' timed out after 30.03 seconds
[1560084796] HOST ALERT: router1;DOWN;SOFT;9;(Host check timed out after 30.03 seconds)
[1560084797] wproc: Core Worker 21453: job 162951 (pid=11878): Dormant child reaped
[1560084886] wproc: Core Worker 21453: job 162954 (pid=11916) timed out. Killing it
[1560084886] wproc: CHECK job 162954 from worker Core Worker 21453 timed out after 30.01s
[1560084886] wproc:   host=router1; service=(null);
[1560084886] wproc:   early_timeout=1; exited_ok=0; wait_status=0; error_code=62;
[1560084886] Warning: Check of host 'router1' timed out after 30.01 seconds
[1560084886] HOST NOTIFICATION: nagiosadmin;router1;DOWN;notify-host-by-email;(Host check timed out after 30.01 seconds)
[1560084886] HOST ALERT: router1;DOWN;HARD;10;(Host check timed out after 30.01 seconds)
[1560084887] wproc: Core Worker 21453: job 162954 (pid=11916): Dormant child reaped
[1560085217] wproc: Core Worker 21451: job 162966 (pid=12176) timed out. Killing it
[1560085217] wproc: CHECK job 162966 from worker Core Worker 21451 timed out after 30.03s
[1560085217] wproc:   host=router1; service=(null);
[1560085217] wproc:   early_timeout=1; exited_ok=0; wait_status=0; error_code=62;
[1560085217] Warning: Check of host 'router1' timed out after 30.03 seconds
[1560085217] wproc: Core Worker 21451: job 162966 (pid=12176): Dormant child reaped
[1560085447] wproc: Core Worker 21451: job 162972 (pid=12382) timed out. Killing it
[1560085447] wproc: CHECK job 162972 from worker Core Worker 21451 timed out after 30.01s
[1560085447] wproc:   host=router3; service=(null);
[1560085447] wproc:   early_timeout=1; exited_ok=0; wait_status=0; error_code=62;
[1560085447] Warning: Check of host 'router3' timed out after 30.01 seconds
[1560085447] HOST ALERT: router3;DOWN;SOFT;1;(Host check timed out after 30.01 seconds)
[1560085447] wproc: Core Worker 21451: job 162972 (pid=12382): Dormant child reaped
[1560085516] wproc: Core Worker 21450: job 162976 (pid=12418) timed out. Killing it
[1560085516] wproc: CHECK job 162976 from worker Core Worker 21450 timed out after 30.02s
[1560085516] wproc:   host=router1; service=(null);
[1560085516] wproc:   early_timeout=1; exited_ok=0; wait_status=0; error_code=62;
[1560085516] Warning: Check of host 'router1' timed out after 30.02 seconds
[1560085516] wproc: Core Worker 21450: job 162976 (pid=12418): Dormant child reaped
[1560085537] wproc: Core Worker 21452: job 162976 (pid=12555) timed out. Killing it
[1560085537] wproc: CHECK job 162976 from worker Core Worker 21452 timed out after 30.03s
[1560085537] wproc:   host=router3; service=(null);
[1560085537] wproc:   early_timeout=1; exited_ok=0; wait_status=0; error_code=62;
[1560085537] Warning: Check of host 'router3' timed out after 30.03 seconds
[1560085537] HOST ALERT: router3;DOWN;SOFT;2;(Host check timed out after 30.03 seconds)
[1560085537] wproc: Core Worker 21452: job 162976 (pid=12555): Dormant child reaped
[1560085627] wproc: Core Worker 21451: job 162979 (pid=12584) timed out. Killing it
[1560085627] wproc: CHECK job 162979 from worker Core Worker 21451 timed out after 30.01s
[1560085627] wproc:   host=router3; service=(null);
[1560085627] wproc:   early_timeout=1; exited_ok=0; wait_status=0; error_code=62;
[1560085627] Warning: Check of host 'router3' timed out after 30.01 seconds
[1560085627] HOST ALERT: router3;DOWN;SOFT;3;(Host check timed out after 30.01 seconds)
[1560085627] wproc: Core Worker 21451: job 162979 (pid=12584): Dormant child reaped
[1560085687] SERVICE ALERT: router3;check-host-alive;CRITICAL;HARD;1;CRITICAL - Plugin timed out
[1560085717] wproc: Core Worker 21450: job 162982 (pid=12619) timed out. Killing it
[1560085717] wproc: CHECK job 162982 from worker Core Worker 21450 timed out after 30.02s
[1560085717] wproc:   host=router3; service=(null);
[1560085717] wproc:   early_timeout=1; exited_ok=0; wait_status=0; error_code=62;
[1560085717] Warning: Check of host 'router3' timed out after 30.02 seconds
[1560085717] HOST ALERT: router3;DOWN;SOFT;4;(Host check timed out after 30.02 seconds)
[1560085717] wproc: Core Worker 21450: job 162982 (pid=12619): Dormant child reaped
[1560085807] wproc: Core Worker 21453: job 162985 (pid=12656) timed out. Killing it
[1560085807] wproc: CHECK job 162985 from worker Core Worker 21453 timed out after 30.03s
[1560085807] wproc:   host=router3; service=(null);
[1560085807] wproc:   early_timeout=1; exited_ok=0; wait_status=0; error_code=62;
[1560085807] Warning: Check of host 'router3' timed out after 30.03 seconds
[1560085807] HOST ALERT: router3;DOWN;SOFT;5;(Host check timed out after 30.03 seconds)
[1560085807] wproc: Core Worker 21453: job 162985 (pid=12656): Dormant child reaped
[1560085816] wproc: Core Worker 21450: job 162986 (pid=12658) timed out. Killing it
[1560085816] wproc: CHECK job 162986 from worker Core Worker 21450 timed out after 30.04s
[1560085816] wproc:   host=router1; service=(null);
[1560085816] wproc:   early_timeout=1; exited_ok=0; wait_status=0; error_code=62;
[1560085816] Warning: Check of host 'router1' timed out after 30.04 seconds
[1560085816] wproc: Core Worker 21450: job 162986 (pid=12658): Dormant child reaped
[1560085897] wproc: Core Worker 21452: job 162988 (pid=12822) timed out. Killing it
[1560085897] wproc: CHECK job 162988 from worker Core Worker 21452 timed out after 30.01s
[1560085897] wproc:   host=router3; service=(null);
[1560085897] wproc:   early_timeout=1; exited_ok=0; wait_status=0; error_code=62;
[1560085897] Warning: Check of host 'router3' timed out after 30.01 seconds
[1560085897] HOST ALERT: router3;DOWN;SOFT;6;(Host check timed out after 30.01 seconds)
[1560085897] wproc: Core Worker 21452: job 162988 (pid=12822): Dormant child reaped
[1560085987] wproc: Core Worker 21453: job 162990 (pid=12847) timed out. Killing it
[1560085987] wproc: CHECK job 162990 from worker Core Worker 21453 timed out after 30.01s
[1560085987] wproc:   host=router3; service=(null);
[1560085987] wproc:   early_timeout=1; exited_ok=0; wait_status=0; error_code=62;
[1560085987] Warning: Check of host 'router3' timed out after 30.01 seconds
[1560085987] HOST ALERT: router3;DOWN;SOFT;7;(Host check timed out after 30.01 seconds)
[1560085987] wproc: Core Worker 21453: job 162990 (pid=12847): Dormant child reaped
[1560086077] wproc: Core Worker 21452: job 162993 (pid=12883) timed out. Killing it
[1560086077] wproc: CHECK job 162993 from worker Core Worker 21452 timed out after 30.01s
[1560086077] wproc:   host=router3; service=(null);
[1560086077] wproc:   early_timeout=1; exited_ok=0; wait_status=0; error_code=62;
[1560086077] Warning: Check of host 'router3' timed out after 30.01 seconds
[1560086077] HOST ALERT: router3;DOWN;SOFT;8;(Host check timed out after 30.01 seconds)
[1560086077] wproc: Core Worker 21452: job 162993 (pid=12883): Dormant child reaped
[1560086116] wproc: Core Worker 21451: job 162996 (pid=12905) timed out. Killing it
[1560086116] wproc: CHECK job 162996 from worker Core Worker 21451 timed out after 30.04s
[1560086116] wproc:   host=router1; service=(null);
[1560086116] wproc:   early_timeout=1; exited_ok=0; wait_status=0; error_code=62;
[1560086116] Warning: Check of host 'router1' timed out after 30.04 seconds
[1560086116] wproc: Core Worker 21451: job 162996 (pid=12905): Dormant child reaped
[1560086167] wproc: Core Worker 21452: job 162997 (pid=13048) timed out. Killing it
[1560086167] wproc: CHECK job 162997 from worker Core Worker 21452 timed out after 30.01s
[1560086167] wproc:   host=router3; service=(null);
[1560086167] wproc:   early_timeout=1; exited_ok=0; wait_status=0; error_code=62;
[1560086167] Warning: Check of host 'router3' timed out after 30.01 seconds
[1560086167] HOST ALERT: router3;DOWN;SOFT;9;(Host check timed out after 30.01 seconds)
[1560086167] wproc: Core Worker 21452: job 162997 (pid=13048): Dormant child reaped
[1560086257] wproc: Core Worker 21452: job 163000 (pid=13084) timed out. Killing it
[1560086257] wproc: CHECK job 163000 from worker Core Worker 21452 timed out after 30.04s
[1560086257] wproc:   host=router3; service=(null);
[1560086257] wproc:   early_timeout=1; exited_ok=0; wait_status=0; error_code=62;
[1560086257] Warning: Check of host 'router3' timed out after 30.04 seconds
[1560086257] HOST NOTIFICATION: nagiosadmin;router3;DOWN;notify-host-by-email;(Host check timed out after 30.04 seconds)
[1560086257] HOST ALERT: router3;DOWN;HARD;10;(Host check timed out after 30.04 seconds)
[1560086257] wproc: Core Worker 21452: job 163000 (pid=13084): Dormant child reaped
[1560086416] wproc: Core Worker 21450: job 163006 (pid=13154) timed out. Killing it
[1560086416] wproc: CHECK job 163006 from worker Core Worker 21450 timed out after 30.03s
[1560086416] wproc:   host=router1; service=(null);
[1560086416] wproc:   early_timeout=1; exited_ok=0; wait_status=0; error_code=62;
[1560086416] Warning: Check of host 'router1' timed out after 30.03 seconds
[1560086416] wproc: Core Worker 21450: job 163006 (pid=13154): Dormant child reaped
[1560086587] wproc: Core Worker 21452: job 163010 (pid=13341) timed out. Killing it
[1560086587] wproc: CHECK job 163010 from worker Core Worker 21452 timed out after 30.01s
[1560086587] wproc:   host=router3; service=(null);
[1560086587] wproc:   early_timeout=1; exited_ok=0; wait_status=0; error_code=62;
[1560086587] Warning: Check of host 'router3' timed out after 30.01 seconds
[1560086587] wproc: Core Worker 21452: job 163010 (pid=13341): Dormant child reaped
[1560086716] wproc: Core Worker 21453: job 163015 (pid=13396) timed out. Killing it
[1560086716] wproc: CHECK job 163015 from worker Core Worker 21453 timed out after 30.01s
[1560086716] wproc:   host=router1; service=(null);
[1560086716] wproc:   early_timeout=1; exited_ok=0; wait_status=0; error_code=62;
[1560086716] Warning: Check of host 'router1' timed out after 30.01 seconds
[1560086716] HOST NOTIFICATION: nagiosadmin;router1;DOWN;notify-host-by-email;(Host check timed out after 30.01 seconds)
[1560086716] wproc: Core Worker 21453: job 163015 (pid=13396): Dormant child reaped
[1560086887] wproc: Core Worker 21452: job 163020 (pid=13589) timed out. Killing it
[1560086887] wproc: CHECK job 163020 from worker Core Worker 21452 timed out after 30.01s
[1560086887] wproc:   host=router3; service=(null);
[1560086887] wproc:   early_timeout=1; exited_ok=0; wait_status=0; error_code=62;
[1560086887] Warning: Check of host 'router3' timed out after 30.01 seconds
[1560086887] wproc: Core Worker 21452: job 163020 (pid=13589): Dormant child reaped
[1560087016] wproc: Core Worker 21451: job 163025 (pid=13641) timed out. Killing it
[1560087016] wproc: CHECK job 163025 from worker Core Worker 21451 timed out after 30.03s
[1560087016] wproc:   host=router1; service=(null);
[1560087016] wproc:   early_timeout=1; exited_ok=0; wait_status=0; error_code=62;
[1560087016] Warning: Check of host 'router1' timed out after 30.03 seconds
[1560087016] wproc: Core Worker 21451: job 163025 (pid=13641): Dormant child reaped
[1560087187] wproc: Core Worker 21453: job 163029 (pid=13847) timed out. Killing it
[1560087187] wproc: CHECK job 163029 from worker Core Worker 21453 timed out after 30.01s
[1560087187] wproc:   host=router3; service=(null);
[1560087187] wproc:   early_timeout=1; exited_ok=0; wait_status=0; error_code=62;
[1560087187] Warning: Check of host 'router3' timed out after 30.01 seconds
[1560087187] wproc: Core Worker 21453: job 163029 (pid=13847): Dormant child reaped
[1560087241] Auto-save of retention data completed successfully.
[1560087316] wproc: Core Worker 21450: job 163035 (pid=13902) timed out. Killing it
[1560087316] wproc: CHECK job 163035 from worker Core Worker 21450 timed out after 30.03s
[1560087316] wproc:   host=router1; service=(null);
[1560087316] wproc:   early_timeout=1; exited_ok=0; wait_status=0; error_code=62;
[1560087316] Warning: Check of host 'router1' timed out after 30.03 seconds
[1560087316] wproc: Core Worker 21450: job 163035 (pid=13902): Dormant child reaped
[1560087487] wproc: Core Worker 21452: job 163039 (pid=14083) timed out. Killing it
[1560087487] wproc: CHECK job 163039 from worker Core Worker 21452 timed out after 30.01s
[1560087487] wproc:   host=router3; service=(null);
[1560087487] wproc:   early_timeout=1; exited_ok=0; wait_status=0; error_code=62;
[1560087487] Warning: Check of host 'router3' timed out after 30.01 seconds
[1560087487] wproc: Core Worker 21452: job 163039 (pid=14083): Dormant child reaped
[1560087616] wproc: Core Worker 21451: job 163044 (pid=14135) timed out. Killing it
[1560087616] wproc: CHECK job 163044 from worker Core Worker 21451 timed out after 30.02s
[1560087616] wproc:   host=router1; service=(null);
[1560087616] wproc:   early_timeout=1; exited_ok=0; wait_status=0; error_code=62;
[1560087616] Warning: Check of host 'router1' timed out after 30.02 seconds
[1560087616] wproc: Core Worker 21451: job 163044 (pid=14135): Dormant child reaped
[1560087787] wproc: Core Worker 21453: job 163048 (pid=14323) timed out. Killing it
[1560087787] wproc: CHECK job 163048 from worker Core Worker 21453 timed out after 30.01s
[1560087787] wproc:   host=router3; service=(null);
[1560087787] wproc:   early_timeout=1; exited_ok=0; wait_status=0; error_code=62;
[1560087787] Warning: Check of host 'router3' timed out after 30.01 seconds
[1560087787] wproc: Core Worker 21453: job 163048 (pid=14323): Dormant child reaped
[1560087916] wproc: Core Worker 21450: job 163054 (pid=14378) timed out. Killing it
[1560087916] wproc: CHECK job 163054 from worker Core Worker 21450 timed out after 30.03s
[1560087916] wproc:   host=router1; service=(null);
[1560087916] wproc:   early_timeout=1; exited_ok=0; wait_status=0; error_code=62;
[1560087916] Warning: Check of host 'router1' timed out after 30.03 seconds
[1560087916] wproc: Core Worker 21450: job 163054 (pid=14378): Dormant child reaped
[1560088087] HOST NOTIFICATION: nagiosadmin;router3;DOWN;notify-host-by-email;(Host check timed out after 30.01 seconds)
[1560088087] wproc: Core Worker 21452: job 163058 (pid=14560) timed out. Killing it
[1560088087] wproc: CHECK job 163058 from worker Core Worker 21452 timed out after 30.01s
[1560088087] wproc:   host=router3; service=(null);
[1560088087] wproc:   early_timeout=1; exited_ok=0; wait_status=0; error_code=62;
[1560088087] Warning: Check of host 'router3' timed out after 30.01 seconds
[1560088087] wproc: Core Worker 21452: job 163058 (pid=14560): Dormant child reaped
[1560088216] wproc: Core Worker 21452: job 163063 (pid=14622) timed out. Killing it
[1560088216] wproc: CHECK job 163063 from worker Core Worker 21452 timed out after 30.01s
[1560088216] wproc:   host=router1; service=(null);
[1560088216] wproc:   early_timeout=1; exited_ok=0; wait_status=0; error_code=62;
[1560088216] Warning: Check of host 'router1' timed out after 30.01 seconds
[1560088216] wproc: Core Worker 21452: job 163063 (pid=14622): Dormant child reaped
[1560088367] SERVICE ALERT: esxi03;PING;WARNING;SOFT;1;PING WARNING - Packet loss = 20%, RTA = 0.49 ms
[1560088387] wproc: Core Worker 21450: job 163068 (pid=14809) timed out. Killing it
[1560088387] wproc: CHECK job 163068 from worker Core Worker 21450 timed out after 30.02s
[1560088387] wproc:   host=router3; service=(null);
[1560088387] wproc:   early_timeout=1; exited_ok=0; wait_status=0; error_code=62;
[1560088387] Warning: Check of host 'router3' timed out after 30.02 seconds
[1560088387] wproc: Core Worker 21450: job 163068 (pid=14809): Dormant child reaped
[1560088431] SERVICE ALERT: esxi03;PING;OK;SOFT;2;PING OK - Packet loss = 0%, RTA = 0.44 ms
[1560088516] wproc: Core Worker 21453: job 163073 (pid=14868) timed out. Killing it
[1560088516] wproc: CHECK job 163073 from worker Core Worker 21453 timed out after 30.04s
[1560088516] wproc:   host=router1; service=(null);
[1560088516] wproc:   early_timeout=1; exited_ok=0; wait_status=0; error_code=62;
[1560088516] Warning: Check of host 'router1' timed out after 30.04 seconds
[1560088516] HOST NOTIFICATION: nagiosadmin;router1;DOWN;notify-host-by-email;(Host check timed out after 30.04 seconds)
[1560088516] wproc: Core Worker 21453: job 163073 (pid=14868): Dormant child reaped
[1560088687] wproc: Core Worker 21452: job 163078 (pid=15060) timed out. Killing it
[1560088687] wproc: CHECK job 163078 from worker Core Worker 21452 timed out after 30.01s
[1560088687] wproc:   host=router3; service=(null);
[1560088687] wproc:   early_timeout=1; exited_ok=0; wait_status=0; error_code=62;
[1560088687] Warning: Check of host 'router3' timed out after 30.01 seconds
[1560088687] wproc: Core Worker 21452: job 163078 (pid=15060): Dormant child reaped
[1560088816] wproc: Core Worker 21451: job 163083 (pid=15112) timed out. Killing it
[1560088816] wproc: CHECK job 163083 from worker Core Worker 21451 timed out after 30.04s
[1560088816] wproc:   host=router1; service=(null);
[1560088816] wproc:   early_timeout=1; exited_ok=0; wait_status=0; error_code=62;
[1560088816] Warning: Check of host 'router1' timed out after 30.04 seconds
[1560088816] wproc: Core Worker 21451: job 163083 (pid=15112): Dormant child reaped
[1560088987] wproc: Core Worker 21453: job 163087 (pid=15299) timed out. Killing it
[1560088987] wproc: CHECK job 163087 from worker Core Worker 21453 timed out after 30.01s
[1560088987] wproc:   host=router3; service=(null);
[1560088987] wproc:   early_timeout=1; exited_ok=0; wait_status=0; error_code=62;
[1560088987] Warning: Check of host 'router3' timed out after 30.01 seconds
[1560088987] wproc: Core Worker 21453: job 163087 (pid=15299): Dormant child reaped
[1560089116] wproc: Core Worker 21450: job 163093 (pid=15355) timed out. Killing it
[1560089116] wproc: CHECK job 163093 from worker Core Worker 21450 timed out after 30.04s
[1560089116] wproc:   host=router1; service=(null);
[1560089116] wproc:   early_timeout=1; exited_ok=0; wait_status=0; error_code=62;
[1560089116] Warning: Check of host 'router1' timed out after 30.04 seconds
[1560089116] wproc: Core Worker 21450: job 163093 (pid=15355): Dormant child reaped
[1560089287] wproc: Core Worker 21452: job 163097 (pid=15536) timed out. Killing it
[1560089287] wproc: CHECK job 163097 from worker Core Worker 21452 timed out after 30.01s
[1560089287] wproc:   host=router3; service=(null);
[1560089287] wproc:   early_timeout=1; exited_ok=0; wait_status=0; error_code=62;
[1560089287] Warning: Check of host 'router3' timed out after 30.01 seconds
[1560089287] wproc: Core Worker 21452: job 163097 (pid=15536): Dormant child reaped
[1560089416] wproc: Core Worker 21451: job 163102 (pid=15588) timed out. Killing it
[1560089416] wproc: CHECK job 163102 from worker Core Worker 21451 timed out after 30.03s
[1560089416] wproc:   host=router1; service=(null);
[1560089416] wproc:   early_timeout=1; exited_ok=0; wait_status=0; error_code=62;
[1560089416] Warning: Check of host 'router1' timed out after 30.03 seconds
[1560089416] wproc: Core Worker 21451: job 163102 (pid=15588): Dormant child reaped
[1560089587] wproc: Core Worker 21453: job 163106 (pid=15775) timed out. Killing it
[1560089587] wproc: CHECK job 163106 from worker Core Worker 21453 timed out after 30.01s
[1560089587] wproc:   host=router3; service=(null);
[1560089587] wproc:   early_timeout=1; exited_ok=0; wait_status=0; error_code=62;
[1560089587] Warning: Check of host 'router3' timed out after 30.01 seconds
[1560089587] wproc: Core Worker 21453: job 163106 (pid=15775): Dormant child reaped
[1560089716] wproc: Core Worker 21450: job 163112 (pid=15831) timed out. Killing it
[1560089716] wproc: CHECK job 163112 from worker Core Worker 21450 timed out after 30.03s
[1560089716] wproc:   host=router1; service=(null);
[1560089716] wproc:   early_timeout=1; exited_ok=0; wait_status=0; error_code=62;
[1560089716] Warning: Check of host 'router1' timed out after 30.03 seconds
[1560089716] wproc: Core Worker 21450: job 163112 (pid=15831): Dormant child reaped
[1560089887] HOST NOTIFICATION: nagiosadmin;router3;DOWN;notify-host-by-email;(Host check timed out after 30.01 seconds)
[1560089887] wproc: Core Worker 21452: job 163116 (pid=16012) timed out. Killing it
[1560089887] wproc: CHECK job 163116 from worker Core Worker 21452 timed out after 30.01s
[1560089887] wproc:   host=router3; service=(null);
[1560089887] wproc:   early_timeout=1; exited_ok=0; wait_status=0; error_code=62;
[1560089887] Warning: Check of host 'router3' timed out after 30.01 seconds
[1560089887] wproc: Core Worker 21452: job 163116 (pid=16012): Dormant child reaped
[1560090016] wproc: Core Worker 21452: job 163121 (pid=16075) timed out. Killing it
[1560090016] wproc: CHECK job 163121 from worker Core Worker 21452 timed out after 30.01s
[1560090016] wproc:   host=router1; service=(null);
[1560090016] wproc:   early_timeout=1; exited_ok=0; wait_status=0; error_code=62;
[1560090016] Warning: Check of host 'router1' timed out after 30.01 seconds
[1560090016] wproc: Core Worker 21452: job 163121 (pid=16075): Dormant child reaped
[1560090187] wproc: Core Worker 21450: job 163126 (pid=16262) timed out. Killing it
[1560090187] wproc: CHECK job 163126 from worker Core Worker 21450 timed out after 30.01s
[1560090187] wproc:   host=router3; service=(null);
[1560090187] wproc:   early_timeout=1; exited_ok=0; wait_status=0; error_code=62;
[1560090187] Warning: Check of host 'router3' timed out after 30.01 seconds
[1560090187] wproc: Core Worker 21450: job 163126 (pid=16262): Dormant child reaped
[1560090316] wproc: Core Worker 21451: job 163131 (pid=16317) timed out. Killing it
[1560090316] wproc: CHECK job 163131 from worker Core Worker 21451 timed out after 30.02s
[1560090316] wproc:   host=router1; service=(null);
[1560090316] wproc:   early_timeout=1; exited_ok=0; wait_status=0; error_code=62;
[1560090316] Warning: Check of host 'router1' timed out after 30.02 seconds
[1560090316] HOST NOTIFICATION: nagiosadmin;router1;DOWN;notify-host-by-email;(Host check timed out after 30.02 seconds)
[1560090316] wproc: Core Worker 21451: job 163131 (pid=16317): Dormant child reaped
[1560090487] wproc: Core Worker 21450: job 163136 (pid=16508) timed out. Killing it
[1560090487] wproc: CHECK job 163136 from worker Core Worker 21450 timed out after 30.01s
[1560090487] wproc:   host=router3; service=(null);
[1560090487] wproc:   early_timeout=1; exited_ok=0; wait_status=0; error_code=62;
[1560090487] Warning: Check of host 'router3' timed out after 30.01 seconds
[1560090487] wproc: Core Worker 21450: job 163136 (pid=16508): Dormant child reaped
[1560090616] wproc: Core Worker 21453: job 163140 (pid=16561) timed out. Killing it
[1560090616] wproc: CHECK job 163140 from worker Core Worker 21453 timed out after 30.01s
[1560090616] wproc:   host=router1; service=(null);
[1560090616] wproc:   early_timeout=1; exited_ok=0; wait_status=0; error_code=62;
[1560090616] Warning: Check of host 'router1' timed out after 30.01 seconds
[1560090616] wproc: Core Worker 21453: job 163140 (pid=16561): Dormant child reaped
[1560090787] wproc: Core Worker 21451: job 163145 (pid=16766) timed out. Killing it
[1560090787] wproc: CHECK job 163145 from worker Core Worker 21451 timed out after 30.01s
[1560090787] wproc:   host=router3; service=(null);
[1560090787] wproc:   early_timeout=1; exited_ok=0; wait_status=0; error_code=62;
[1560090787] Warning: Check of host 'router3' timed out after 30.01 seconds
[1560090787] wproc: Core Worker 21451: job 163145 (pid=16766): Dormant child reaped
[1560090841] Auto-save of retention data completed successfully.
[1560090916] wproc: Core Worker 21452: job 163150 (pid=16821) timed out. Killing it
[1560090916] wproc: CHECK job 163150 from worker Core Worker 21452 timed out after 30.04s
[1560090916] wproc:   host=router1; service=(null);
[1560090916] wproc:   early_timeout=1; exited_ok=0; wait_status=0; error_code=62;
[1560090916] Warning: Check of host 'router1' timed out after 30.04 seconds
[1560090916] wproc: Core Worker 21452: job 163150 (pid=16821): Dormant child reaped
[1560091087] wproc: Core Worker 21450: job 163155 (pid=17003) timed out. Killing it
[1560091087] wproc: CHECK job 163155 from worker Core Worker 21450 timed out after 30.01s
[1560091087] wproc:   host=router3; service=(null);
[1560091087] wproc:   early_timeout=1; exited_ok=0; wait_status=0; error_code=62;
[1560091087] Warning: Check of host 'router3' timed out after 30.01 seconds
[1560091087] wproc: Core Worker 21450: job 163155 (pid=17003): Dormant child reaped
[1560091216] wproc: Core Worker 21453: job 163159 (pid=17055) timed out. Killing it
[1560091216] wproc: CHECK job 163159 from worker Core Worker 21453 timed out after 30.02s
[1560091216] wproc:   host=router1; service=(null);
[1560091216] wproc:   early_timeout=1; exited_ok=0; wait_status=0; error_code=62;
[1560091216] Warning: Check of host 'router1' timed out after 30.02 seconds
[1560091216] wproc: Core Worker 21453: job 163159 (pid=17055): Dormant child reaped
[1560091387] wproc: Core Worker 21451: job 163164 (pid=17242) timed out. Killing it
[1560091387] wproc: CHECK job 163164 from worker Core Worker 21451 timed out after 30.01s
[1560091387] wproc:   host=router3; service=(null);
[1560091387] wproc:   early_timeout=1; exited_ok=0; wait_status=0; error_code=62;
[1560091387] Warning: Check of host 'router3' timed out after 30.01 seconds
[1560091387] wproc: Core Worker 21451: job 163164 (pid=17242): Dormant child reaped
[1560091516] wproc: Core Worker 21452: job 163169 (pid=17297) timed out. Killing it
[1560091516] wproc: CHECK job 163169 from worker Core Worker 21452 timed out after 30.04s
[1560091516] wproc:   host=router1; service=(null);
[1560091516] wproc:   early_timeout=1; exited_ok=0; wait_status=0; error_code=62;
[1560091516] Warning: Check of host 'router1' timed out after 30.04 seconds
[1560091516] wproc: Core Worker 21452: job 163169 (pid=17297): Dormant child reaped
[1560091687] HOST NOTIFICATION: nagiosadmin;router3;DOWN;notify-host-by-email;(Host check timed out after 30.01 seconds)
[1560091687] wproc: Core Worker 21450: job 163174 (pid=17479) timed out. Killing it
[1560091687] wproc: CHECK job 163174 from worker Core Worker 21450 timed out after 30.01s
[1560091687] wproc:   host=router3; service=(null);
[1560091687] wproc:   early_timeout=1; exited_ok=0; wait_status=0; error_code=62;
[1560091687] Warning: Check of host 'router3' timed out after 30.01 seconds
[1560091687] wproc: Core Worker 21450: job 163174 (pid=17479): Dormant child reaped
[1560091816] wproc: Core Worker 21450: job 163179 (pid=17541) timed out. Killing it
[1560091816] wproc: CHECK job 163179 from worker Core Worker 21450 timed out after 30.03s
[1560091816] wproc:   host=router1; service=(null);
[1560091816] wproc:   early_timeout=1; exited_ok=0; wait_status=0; error_code=62;
[1560091816] Warning: Check of host 'router1' timed out after 30.03 seconds
[1560091816] wproc: Core Worker 21450: job 163179 (pid=17541): Dormant child reaped
[1560091987] wproc: Core Worker 21452: job 163183 (pid=17729) timed out. Killing it
[1560091987] wproc: CHECK job 163183 from worker Core Worker 21452 timed out after 30.01s
[1560091987] wproc:   host=router3; service=(null);
[1560091987] wproc:   early_timeout=1; exited_ok=0; wait_status=0; error_code=62;
[1560091987] Warning: Check of host 'router3' timed out after 30.01 seconds
[1560091987] wproc: Core Worker 21452: job 163183 (pid=17729): Dormant child reaped
[1560092116] wproc: Core Worker 21453: job 163188 (pid=17784) timed out. Killing it
[1560092116] wproc: CHECK job 163188 from worker Core Worker 21453 timed out after 30.03s
[1560092116] wproc:   host=router1; service=(null);
[1560092116] wproc:   early_timeout=1; exited_ok=0; wait_status=0; error_code=62;
[1560092116] Warning: Check of host 'router1' timed out after 30.03 seconds
[1560092116] HOST NOTIFICATION: nagiosadmin;router1;DOWN;notify-host-by-email;(Host check timed out after 30.03 seconds)
[1560092116] wproc: Core Worker 21453: job 163188 (pid=17784): Dormant child reaped
[1560092287] wproc: Core Worker 21452: job 163193 (pid=17976) timed out. Killing it
[1560092287] wproc: CHECK job 163193 from worker Core Worker 21452 timed out after 30.01s
[1560092287] wproc:   host=router3; service=(null);
[1560092287] wproc:   early_timeout=1; exited_ok=0; wait_status=0; error_code=62;
[1560092287] Warning: Check of host 'router3' timed out after 30.01 seconds
[1560092287] wproc: Core Worker 21452: job 163193 (pid=17976): Dormant child reaped
[1560092416] wproc: Core Worker 21451: job 163198 (pid=18028) timed out. Killing it
[1560092416] wproc: CHECK job 163198 from worker Core Worker 21451 timed out after 30.01s
[1560092416] wproc:   host=router1; service=(null);
[1560092416] wproc:   early_timeout=1; exited_ok=0; wait_status=0; error_code=62;
[1560092416] Warning: Check of host 'router1' timed out after 30.01 seconds
[1560092416] wproc: Core Worker 21451: job 163198 (pid=18028): Dormant child reaped
[1560092587] wproc: Core Worker 21453: job 163202 (pid=18217) timed out. Killing it
[1560092587] wproc: CHECK job 163202 from worker Core Worker 21453 timed out after 30.01s
[1560092587] wproc:   host=router3; service=(null);
[1560092587] wproc:   early_timeout=1; exited_ok=0; wait_status=0; error_code=62;
[1560092587] Warning: Check of host 'router3' timed out after 30.01 seconds
[1560092587] wproc: Core Worker 21453: job 163202 (pid=18217): Dormant child reaped
[1560092696] SERVICE ALERT: esxi03;PING;WARNING;SOFT;1;PING WARNING - Packet loss = 20%, RTA = 0.49 ms
[1560092716] wproc: Core Worker 21450: job 163208 (pid=18272) timed out. Killing it
[1560092716] wproc: CHECK job 163208 from worker Core Worker 21450 timed out after 30.01s
[1560092716] wproc:   host=router1; service=(null);
[1560092716] wproc:   early_timeout=1; exited_ok=0; wait_status=0; error_code=62;
[1560092716] Warning: Check of host 'router1' timed out after 30.01 seconds
[1560092716] wproc: Core Worker 21450: job 163208 (pid=18272): Dormant child reaped
[1560092760] SERVICE ALERT: esxi03;PING;OK;SOFT;2;PING OK - Packet loss = 0%, RTA = 0.48 ms
[1560092887] wproc: Core Worker 21451: job 163213 (pid=18460) timed out. Killing it
[1560092887] wproc: CHECK job 163213 from worker Core Worker 21451 timed out after 30.04s
[1560092887] wproc:   host=router3; service=(null);
[1560092887] wproc:   early_timeout=1; exited_ok=0; wait_status=0; error_code=62;
[1560092887] Warning: Check of host 'router3' timed out after 30.04 seconds
[1560092887] wproc: Core Worker 21451: job 163213 (pid=18460): Dormant child reaped
[1560093016] wproc: Core Worker 21453: job 163217 (pid=18510) timed out. Killing it
[1560093016] wproc: CHECK job 163217 from worker Core Worker 21453 timed out after 30.04s
[1560093016] wproc:   host=router1; service=(null);
[1560093016] wproc:   early_timeout=1; exited_ok=0; wait_status=0; error_code=62;
[1560093016] Warning: Check of host 'router1' timed out after 30.04 seconds
[1560093016] wproc: Core Worker 21453: job 163217 (pid=18510): Dormant child reaped
[1560093187] wproc: Core Worker 21452: job 163222 (pid=18700) timed out. Killing it
[1560093187] wproc: CHECK job 163222 from worker Core Worker 21452 timed out after 30.02s
[1560093187] wproc:   host=router3; service=(null);
[1560093187] wproc:   early_timeout=1; exited_ok=0; wait_status=0; error_code=62;
[1560093187] Warning: Check of host 'router3' timed out after 30.02 seconds
[1560093187] wproc: Core Worker 21452: job 163222 (pid=18700): Dormant child reaped
[1560093316] wproc: Core Worker 21452: job 163227 (pid=18753) timed out. Killing it
[1560093316] wproc: CHECK job 163227 from worker Core Worker 21452 timed out after 30.04s
[1560093316] wproc:   host=router1; service=(null);
[1560093316] wproc:   early_timeout=1; exited_ok=0; wait_status=0; error_code=62;
[1560093316] Warning: Check of host 'router1' timed out after 30.04 seconds
[1560093317] wproc: Core Worker 21452: job 163227 (pid=18753): Dormant child reaped
[1560093487] HOST NOTIFICATION: nagiosadmin;router3;DOWN;notify-host-by-email;(Host check timed out after 30.02 seconds)
[1560093488] wproc: Core Worker 21451: job 163232 (pid=18936) timed out. Killing it
[1560093488] wproc: CHECK job 163232 from worker Core Worker 21451 timed out after 30.73s
[1560093488] wproc:   host=router3; service=(null);
[1560093488] wproc:   early_timeout=1; exited_ok=0; wait_status=0; error_code=62;
[1560093488] Warning: Check of host 'router3' timed out after 30.73 seconds
[1560093488] wproc: Core Worker 21451: job 163232 (pid=18936): Dormant child reaped
[1560093616] wproc: Core Worker 21450: job 163237 (pid=18996) timed out. Killing it
[1560093616] wproc: CHECK job 163237 from worker Core Worker 21450 timed out after 30.02s
[1560093616] wproc:   host=router1; service=(null);
[1560093616] wproc:   early_timeout=1; exited_ok=0; wait_status=0; error_code=62;
[1560093616] Warning: Check of host 'router1' timed out after 30.02 seconds
[1560093617] wproc: Core Worker 21450: job 163237 (pid=18996): Dormant child reaped
[1560093787] wproc: Core Worker 21453: job 163241 (pid=19187) timed out. Killing it
[1560093787] wproc: CHECK job 163241 from worker Core Worker 21453 timed out after 30.03s
[1560093787] wproc:   host=router3; service=(null);
[1560093787] wproc:   early_timeout=1; exited_ok=0; wait_status=0; error_code=62;
[1560093787] Warning: Check of host 'router3' timed out after 30.03 seconds
[1560093787] wproc: Core Worker 21453: job 163241 (pid=19187): Dormant child reaped
[1560093916] wproc: Core Worker 21453: job 163246 (pid=19240) timed out. Killing it
[1560093916] wproc: CHECK job 163246 from worker Core Worker 21453 timed out after 30.01s
[1560093916] wproc:   host=router1; service=(null);
[1560093916] wproc:   early_timeout=1; exited_ok=0; wait_status=0; error_code=62;
[1560093916] Warning: Check of host 'router1' timed out after 30.01 seconds
[1560093916] HOST NOTIFICATION: nagiosadmin;router1;DOWN;notify-host-by-email;(Host check timed out after 30.01 seconds)
[1560093917] wproc: Core Worker 21453: job 163246 (pid=19240): Dormant child reaped
[1560094087] wproc: Core Worker 21453: job 163251 (pid=19434) timed out. Killing it
[1560094087] wproc: CHECK job 163251 from worker Core Worker 21453 timed out after 30.04s
[1560094087] wproc:   host=router3; service=(null);
[1560094087] wproc:   early_timeout=1; exited_ok=0; wait_status=0; error_code=62;
[1560094087] Warning: Check of host 'router3' timed out after 30.04 seconds
[1560094087] wproc: Core Worker 21453: job 163251 (pid=19434): Dormant child reaped
[1560094216] wproc: Core Worker 21451: job 163256 (pid=19484) timed out. Killing it
[1560094216] wproc: CHECK job 163256 from worker Core Worker 21451 timed out after 30.02s
[1560094216] wproc:   host=router1; service=(null);
[1560094216] wproc:   early_timeout=1; exited_ok=0; wait_status=0; error_code=62;
[1560094216] Warning: Check of host 'router1' timed out after 30.02 seconds
[1560094217] wproc: Core Worker 21451: job 163256 (pid=19484): Dormant child reaped
[1560094325] SERVICE ALERT: esxi03;PING;WARNING;SOFT;1;PING WARNING - Packet loss = 20%, RTA = 0.45 ms
[1560094387] wproc: Core Worker 21451: job 163261 (pid=19693) timed out. Killing it
[1560094387] wproc: CHECK job 163261 from worker Core Worker 21451 timed out after 30.01s
[1560094387] wproc:   host=router3; service=(null);
[1560094387] wproc:   early_timeout=1; exited_ok=0; wait_status=0; error_code=62;
[1560094387] Warning: Check of host 'router3' timed out after 30.01 seconds
[1560094387] wproc: Core Worker 21451: job 163261 (pid=19693): Dormant child reaped
[1560094390] SERVICE ALERT: esxi03;PING;WARNING;SOFT;2;PING WARNING - Packet loss = 20%, RTA = 0.33 ms
[1560094441] Auto-save of retention data completed successfully.
[1560094454] SERVICE ALERT: esxi03;PING;OK;SOFT;3;PING OK - Packet loss = 0%, RTA = 0.41 ms
[1560094516] wproc: Core Worker 21453: job 163266 (pid=19750) timed out. Killing it
[1560094516] wproc: CHECK job 163266 from worker Core Worker 21453 timed out after 30.04s
[1560094516] wproc:   host=router1; service=(null);
[1560094516] wproc:   early_timeout=1; exited_ok=0; wait_status=0; error_code=62;
[1560094516] Warning: Check of host 'router1' timed out after 30.04 seconds
[1560094517] wproc: Core Worker 21453: job 163266 (pid=19750): Dormant child reaped
[1560094687] wproc: Core Worker 21452: job 163271 (pid=19933) timed out. Killing it
[1560094687] wproc: CHECK job 163271 from worker Core Worker 21452 timed out after 30.01s
[1560094687] wproc:   host=router3; service=(null);
[1560094687] wproc:   early_timeout=1; exited_ok=0; wait_status=0; error_code=62;
[1560094687] Warning: Check of host 'router3' timed out after 30.01 seconds
[1560094687] wproc: Core Worker 21452: job 163271 (pid=19933): Dormant child reaped
[1560094816] wproc: Core Worker 21450: job 163276 (pid=19983) timed out. Killing it
[1560094816] wproc: CHECK job 163276 from worker Core Worker 21450 timed out after 30.01s
[1560094816] wproc:   host=router1; service=(null);
[1560094816] wproc:   early_timeout=1; exited_ok=0; wait_status=0; error_code=62;
[1560094816] Warning: Check of host 'router1' timed out after 30.01 seconds
[1560094817] wproc: Core Worker 21450: job 163276 (pid=19983): Dormant child reaped
[1560094987] wproc: Core Worker 21453: job 163280 (pid=20173) timed out. Killing it
[1560094987] wproc: CHECK job 163280 from worker Core Worker 21453 timed out after 30.01s
[1560094987] wproc:   host=router3; service=(null);
[1560094987] wproc:   early_timeout=1; exited_ok=0; wait_status=0; error_code=62;
[1560094987] Warning: Check of host 'router3' timed out after 30.01 seconds
[1560094987] wproc: Core Worker 21453: job 163280 (pid=20173): Dormant child reaped
[1560095116] wproc: Core Worker 21453: job 163285 (pid=20226) timed out. Killing it
[1560095116] wproc: CHECK job 163285 from worker Core Worker 21453 timed out after 30.03s
[1560095116] wproc:   host=router1; service=(null);
[1560095116] wproc:   early_timeout=1; exited_ok=0; wait_status=0; error_code=62;
[1560095116] Warning: Check of host 'router1' timed out after 30.03 seconds
[1560095117] wproc: Core Worker 21453: job 163285 (pid=20226): Dormant child reaped
[1560095287] HOST NOTIFICATION: nagiosadmin;router3;DOWN;notify-host-by-email;(Host check timed out after 30.01 seconds)
[1560095288] wproc: Core Worker 21452: job 163290 (pid=20410) timed out. Killing it
[1560095288] wproc: CHECK job 163290 from worker Core Worker 21452 timed out after 30.90s
[1560095288] wproc:   host=router3; service=(null);
[1560095288] wproc:   early_timeout=1; exited_ok=0; wait_status=0; error_code=62;
[1560095288] Warning: Check of host 'router3' timed out after 30.90 seconds
[1560095288] wproc: Core Worker 21452: job 163290 (pid=20410): Dormant child reaped
[1560095416] wproc: Core Worker 21451: job 163295 (pid=20470) timed out. Killing it
[1560095416] wproc: CHECK job 163295 from worker Core Worker 21451 timed out after 30.01s
[1560095416] wproc:   host=router1; service=(null);
[1560095416] wproc:   early_timeout=1; exited_ok=0; wait_status=0; error_code=62;
[1560095416] Warning: Check of host 'router1' timed out after 30.01 seconds
[1560095417] wproc: Core Worker 21451: job 163295 (pid=20470): Dormant child reaped
[1560095587] wproc: Core Worker 21450: job 163300 (pid=20659) timed out. Killing it
[1560095587] wproc: CHECK job 163300 from worker Core Worker 21450 timed out after 30.04s
[1560095587] wproc:   host=router3; service=(null);
[1560095587] wproc:   early_timeout=1; exited_ok=0; wait_status=0; error_code=62;
[1560095587] Warning: Check of host 'router3' timed out after 30.04 seconds
[1560095587] wproc: Core Worker 21450: job 163300 (pid=20659): Dormant child reaped
[1560095716] HOST NOTIFICATION: nagiosadmin;router1;DOWN;notify-host-by-email;(Host check timed out after 30.01 seconds)
[1560095716] wproc: Core Worker 21450: job 163305 (pid=20712) timed out. Killing it
[1560095716] wproc: CHECK job 163305 from worker Core Worker 21450 timed out after 30.03s
[1560095716] wproc:   host=router1; service=(null);
[1560095716] wproc:   early_timeout=1; exited_ok=0; wait_status=0; error_code=62;
[1560095716] Warning: Check of host 'router1' timed out after 30.03 seconds
[1560095717] wproc: Core Worker 21450: job 163305 (pid=20712): Dormant child reaped
[1560095887] wproc: Core Worker 21450: job 163310 (pid=20906) timed out. Killing it
[1560095887] wproc: CHECK job 163310 from worker Core Worker 21450 timed out after 30.04s
[1560095887] wproc:   host=router3; service=(null);
[1560095887] wproc:   early_timeout=1; exited_ok=0; wait_status=0; error_code=62;
[1560095887] Warning: Check of host 'router3' timed out after 30.04 seconds
[1560095887] wproc: Core Worker 21450: job 163310 (pid=20906): Dormant child reaped
[1560096016] wproc: Core Worker 21452: job 163314 (pid=20956) timed out. Killing it
[1560096016] wproc: CHECK job 163314 from worker Core Worker 21452 timed out after 30.01s
[1560096016] wproc:   host=router1; service=(null);
[1560096016] wproc:   early_timeout=1; exited_ok=0; wait_status=0; error_code=62;
[1560096016] Warning: Check of host 'router1' timed out after 30.01 seconds
[1560096017] wproc: Core Worker 21452: job 163314 (pid=20956): Dormant child reaped
[1560096187] wproc: Core Worker 21451: job 163319 (pid=21146) timed out. Killing it
[1560096187] wproc: CHECK job 163319 from worker Core Worker 21451 timed out after 30.01s
[1560096187] wproc:   host=router3; service=(null);
[1560096187] wproc:   early_timeout=1; exited_ok=0; wait_status=0; error_code=62;
[1560096187] Warning: Check of host 'router3' timed out after 30.01 seconds
[1560096187] wproc: Core Worker 21451: job 163319 (pid=21146): Dormant child reaped
[1560096316] wproc: Core Worker 21451: job 163324 (pid=21200) timed out. Killing it
[1560096316] wproc: CHECK job 163324 from worker Core Worker 21451 timed out after 30.03s
[1560096316] wproc:   host=router1; service=(null);
[1560096316] wproc:   early_timeout=1; exited_ok=0; wait_status=0; error_code=62;
[1560096316] Warning: Check of host 'router1' timed out after 30.03 seconds
[1560096317] wproc: Core Worker 21451: job 163324 (pid=21200): Dormant child reaped
[1560096487] wproc: Core Worker 21450: job 163329 (pid=21383) timed out. Killing it
[1560096487] wproc: CHECK job 163329 from worker Core Worker 21450 timed out after 30.04s
[1560096487] wproc:   host=router3; service=(null);
[1560096487] wproc:   early_timeout=1; exited_ok=0; wait_status=0; error_code=62;
[1560096487] Warning: Check of host 'router3' timed out after 30.04 seconds
[1560096487] wproc: Core Worker 21450: job 163329 (pid=21383): Dormant child reaped
[1560096617] wproc: Core Worker 21452: job 163333 (pid=21433) timed out. Killing it
[1560096617] wproc: CHECK job 163333 from worker Core Worker 21452 timed out after 30.04s
[1560096617] wproc:   host=router1; service=(null);
[1560096617] wproc:   early_timeout=1; exited_ok=0; wait_status=0; error_code=62;
[1560096617] Warning: Check of host 'router1' timed out after 30.04 seconds
[1560096617] wproc: Core Worker 21452: job 163333 (pid=21433): Dormant child reaped
[1560096787] wproc: Core Worker 21451: job 163338 (pid=21629) timed out. Killing it
[1560096787] wproc: CHECK job 163338 from worker Core Worker 21451 timed out after 30.04s
[1560096787] wproc:   host=router3; service=(null);
[1560096787] wproc:   early_timeout=1; exited_ok=0; wait_status=0; error_code=62;
[1560096787] Warning: Check of host 'router3' timed out after 30.04 seconds
[1560096787] wproc: Core Worker 21451: job 163338 (pid=21629): Dormant child reaped
[1560096916] wproc: Core Worker 21451: job 163343 (pid=21683) timed out. Killing it
[1560096916] wproc: CHECK job 163343 from worker Core Worker 21451 timed out after 30.02s
[1560096916] wproc:   host=router1; service=(null);
[1560096916] wproc:   early_timeout=1; exited_ok=0; wait_status=0; error_code=62;
[1560096916] Warning: Check of host 'router1' timed out after 30.02 seconds
[1560096916] wproc: Core Worker 21451: job 163343 (pid=21683): Dormant child reaped
[1560096919] SERVICE ALERT: esxi03;PING;WARNING;SOFT;1;PING WARNING - Packet loss = 20%, RTA = 0.52 ms
[1560096983] SERVICE ALERT: esxi03;PING;OK;SOFT;2;PING OK - Packet loss = 0%, RTA = 0.39 ms
[1560097087] HOST NOTIFICATION: nagiosadmin;router3;DOWN;notify-host-by-email;(Host check timed out after 30.04 seconds)
[1560097088] wproc: Core Worker 21452: job 163348 (pid=21870) timed out. Killing it
[1560097088] wproc: CHECK job 163348 from worker Core Worker 21452 timed out after 30.86s
[1560097088] wproc:   host=router3; service=(null);
[1560097088] wproc:   early_timeout=1; exited_ok=0; wait_status=0; error_code=62;
[1560097088] Warning: Check of host 'router3' timed out after 30.86 seconds
[1560097088] wproc: Core Worker 21452: job 163348 (pid=21870): Dormant child reaped
[1560097216] wproc: Core Worker 21451: job 163353 (pid=21931) timed out. Killing it
[1560097216] wproc: CHECK job 163353 from worker Core Worker 21451 timed out after 30.03s
[1560097216] wproc:   host=router1; service=(null);
[1560097216] wproc:   early_timeout=1; exited_ok=0; wait_status=0; error_code=62;
[1560097216] Warning: Check of host 'router1' timed out after 30.03 seconds
[1560097216] wproc: Core Worker 21451: job 163353 (pid=21931): Dormant child reaped
[1560097387] wproc: Core Worker 21450: job 163358 (pid=22120) timed out. Killing it
[1560097387] wproc: CHECK job 163358 from worker Core Worker 21450 timed out after 30.02s
[1560097387] wproc:   host=router3; service=(null);
[1560097387] wproc:   early_timeout=1; exited_ok=0; wait_status=0; error_code=62;
[1560097387] Warning: Check of host 'router3' timed out after 30.02 seconds
[1560097387] wproc: Core Worker 21450: job 163358 (pid=22120): Dormant child reaped
[1560097516] wproc: Core Worker 21450: job 163363 (pid=22173) timed out. Killing it
[1560097516] wproc: CHECK job 163363 from worker Core Worker 21450 timed out after 30.03s
[1560097516] wproc:   host=router1; service=(null);
[1560097516] wproc:   early_timeout=1; exited_ok=0; wait_status=0; error_code=62;
[1560097516] Warning: Check of host 'router1' timed out after 30.03 seconds
[1560097516] HOST NOTIFICATION: nagiosadmin;router1;DOWN;notify-host-by-email;(Host check timed out after 30.03 seconds)
[1560097516] wproc: Core Worker 21450: job 163363 (pid=22173): Dormant child reaped
[1560097687] wproc: Core Worker 21450: job 163368 (pid=22366) timed out. Killing it
[1560097687] wproc: CHECK job 163368 from worker Core Worker 21450 timed out after 30.04s
[1560097687] wproc:   host=router3; service=(null);
[1560097687] wproc:   early_timeout=1; exited_ok=0; wait_status=0; error_code=62;
[1560097687] Warning: Check of host 'router3' timed out after 30.04 seconds
[1560097687] wproc: Core Worker 21450: job 163368 (pid=22366): Dormant child reaped
[1560097816] wproc: Core Worker 21452: job 163372 (pid=22417) timed out. Killing it
[1560097816] wproc: CHECK job 163372 from worker Core Worker 21452 timed out after 30.03s
[1560097816] wproc:   host=router1; service=(null);
[1560097816] wproc:   early_timeout=1; exited_ok=0; wait_status=0; error_code=62;
[1560097816] Warning: Check of host 'router1' timed out after 30.03 seconds
[1560097816] wproc: Core Worker 21452: job 163372 (pid=22417): Dormant child reaped
[1560097987] wproc: Core Worker 21451: job 163377 (pid=22624) timed out. Killing it
[1560097987] wproc: CHECK job 163377 from worker Core Worker 21451 timed out after 30.04s
[1560097987] wproc:   host=router3; service=(null);
[1560097987] wproc:   early_timeout=1; exited_ok=0; wait_status=0; error_code=62;
[1560097987] Warning: Check of host 'router3' timed out after 30.04 seconds
[1560097987] wproc: Core Worker 21451: job 163377 (pid=22624): Dormant child reaped
[1560098041] Auto-save of retention data completed successfully.
[1560098116] wproc: Core Worker 21451: job 163382 (pid=22677) timed out. Killing it
[1560098116] wproc: CHECK job 163382 from worker Core Worker 21451 timed out after 30.04s
[1560098116] wproc:   host=router1; service=(null);
[1560098116] wproc:   early_timeout=1; exited_ok=0; wait_status=0; error_code=62;
[1560098116] Warning: Check of host 'router1' timed out after 30.04 seconds
[1560098116] wproc: Core Worker 21451: job 163382 (pid=22677): Dormant child reaped
[1560098287] wproc: Core Worker 21450: job 163387 (pid=22862) timed out. Killing it
[1560098287] wproc: CHECK job 163387 from worker Core Worker 21450 timed out after 30.04s
[1560098287] wproc:   host=router3; service=(null);
[1560098287] wproc:   early_timeout=1; exited_ok=0; wait_status=0; error_code=62;
[1560098287] Warning: Check of host 'router3' timed out after 30.04 seconds
[1560098287] wproc: Core Worker 21450: job 163387 (pid=22862): Dormant child reaped
[1560098416] wproc: Core Worker 21452: job 163391 (pid=22912) timed out. Killing it
[1560098416] wproc: CHECK job 163391 from worker Core Worker 21452 timed out after 30.03s
[1560098416] wproc:   host=router1; service=(null);
[1560098416] wproc:   early_timeout=1; exited_ok=0; wait_status=0; error_code=62;
[1560098416] Warning: Check of host 'router1' timed out after 30.03 seconds
[1560098416] wproc: Core Worker 21452: job 163391 (pid=22912): Dormant child reaped
[1560098587] wproc: Core Worker 21451: job 163396 (pid=23102) timed out. Killing it
[1560098587] wproc: CHECK job 163396 from worker Core Worker 21451 timed out after 30.03s
[1560098587] wproc:   host=router3; service=(null);
[1560098587] wproc:   early_timeout=1; exited_ok=0; wait_status=0; error_code=62;
[1560098587] Warning: Check of host 'router3' timed out after 30.03 seconds
[1560098587] wproc: Core Worker 21451: job 163396 (pid=23102): Dormant child reaped
[1560098716] wproc: Core Worker 21451: job 163401 (pid=23155) timed out. Killing it
[1560098716] wproc: CHECK job 163401 from worker Core Worker 21451 timed out after 30.03s
[1560098716] wproc:   host=router1; service=(null);
[1560098716] wproc:   early_timeout=1; exited_ok=0; wait_status=0; error_code=62;
[1560098716] Warning: Check of host 'router1' timed out after 30.03 seconds
[1560098716] wproc: Core Worker 21451: job 163401 (pid=23155): Dormant child reaped
[1560098848] SERVICE ALERT: esxi03;PING;WARNING;SOFT;1;PING WARNING - Packet loss = 20%, RTA = 0.47 ms
[1560098887] HOST NOTIFICATION: nagiosadmin;router3;DOWN;notify-host-by-email;(Host check timed out after 30.03 seconds)
[1560098888] wproc: Core Worker 21451: job 163406 (pid=23341) timed out. Killing it
[1560098888] wproc: CHECK job 163406 from worker Core Worker 21451 timed out after 30.85s
[1560098888] wproc:   host=router3; service=(null);
[1560098888] wproc:   early_timeout=1; exited_ok=0; wait_status=0; error_code=62;
[1560098888] Warning: Check of host 'router3' timed out after 30.85 seconds
[1560098888] wproc: Core Worker 21451: job 163406 (pid=23341): Dormant child reaped
[1560098912] SERVICE ALERT: esxi03;PING;OK;SOFT;2;PING OK - Packet loss = 0%, RTA = 0.57 ms
[1560099016] wproc: Core Worker 21452: job 163411 (pid=23405) timed out. Killing it
[1560099016] wproc: CHECK job 163411 from worker Core Worker 21452 timed out after 30.03s
[1560099016] wproc:   host=router1; service=(null);
[1560099016] wproc:   early_timeout=1; exited_ok=0; wait_status=0; error_code=62;
[1560099016] Warning: Check of host 'router1' timed out after 30.03 seconds
[1560099016] wproc: Core Worker 21452: job 163411 (pid=23405): Dormant child reaped
[1560099187] wproc: Core Worker 21450: job 163416 (pid=23593) timed out. Killing it
[1560099187] wproc: CHECK job 163416 from worker Core Worker 21450 timed out after 30.02s
[1560099187] wproc:   host=router3; service=(null);
[1560099187] wproc:   early_timeout=1; exited_ok=0; wait_status=0; error_code=62;
[1560099187] Warning: Check of host 'router3' timed out after 30.02 seconds
[1560099187] wproc: Core Worker 21450: job 163416 (pid=23593): Dormant child reaped
[1560099316] wproc: Core Worker 21451: job 163421 (pid=23648) timed out. Killing it
[1560099316] wproc: CHECK job 163421 from worker Core Worker 21451 timed out after 30.04s
[1560099316] wproc:   host=router1; service=(null);
[1560099316] wproc:   early_timeout=1; exited_ok=0; wait_status=0; error_code=62;
[1560099316] Warning: Check of host 'router1' timed out after 30.04 seconds
[1560099316] HOST NOTIFICATION: nagiosadmin;router1;DOWN;notify-host-by-email;(Host check timed out after 30.04 seconds)
[1560099316] wproc: Core Worker 21451: job 163421 (pid=23648): Dormant child reaped
[1560099487] wproc: Core Worker 21450: job 163426 (pid=23840) timed out. Killing it
[1560099487] wproc: CHECK job 163426 from worker Core Worker 21450 timed out after 30.03s
[1560099487] wproc:   host=router3; service=(null);
[1560099487] wproc:   early_timeout=1; exited_ok=0; wait_status=0; error_code=62;
[1560099487] Warning: Check of host 'router3' timed out after 30.03 seconds
[1560099487] wproc: Core Worker 21450: job 163426 (pid=23840): Dormant child reaped
[1560099616] wproc: Core Worker 21453: job 163430 (pid=23892) timed out. Killing it
[1560099616] wproc: CHECK job 163430 from worker Core Worker 21453 timed out after 30.02s
[1560099616] wproc:   host=router1; service=(null);
[1560099616] wproc:   early_timeout=1; exited_ok=0; wait_status=0; error_code=62;
[1560099616] Warning: Check of host 'router1' timed out after 30.02 seconds
[1560099616] wproc: Core Worker 21453: job 163430 (pid=23892): Dormant child reaped
[1560099787] wproc: Core Worker 21451: job 163435 (pid=24080) timed out. Killing it
[1560099787] wproc: CHECK job 163435 from worker Core Worker 21451 timed out after 30.04s
[1560099787] wproc:   host=router3; service=(null);
[1560099787] wproc:   early_timeout=1; exited_ok=0; wait_status=0; error_code=62;
[1560099787] Warning: Check of host 'router3' timed out after 30.04 seconds
[1560099787] wproc: Core Worker 21451: job 163435 (pid=24080): Dormant child reaped
[1560099877] SERVICE ALERT: esxi03;PING;WARNING;SOFT;1;PING WARNING - Packet loss = 20%, RTA = 0.41 ms
[1560099916] wproc: Core Worker 21453: job 163440 (pid=24137) timed out. Killing it
[1560099916] wproc: CHECK job 163440 from worker Core Worker 21453 timed out after 30.04s
[1560099916] wproc:   host=router1; service=(null);
[1560099916] wproc:   early_timeout=1; exited_ok=0; wait_status=0; error_code=62;
[1560099916] Warning: Check of host 'router1' timed out after 30.04 seconds
[1560099916] wproc: Core Worker 21453: job 163440 (pid=24137): Dormant child reaped
[1560099941] SERVICE ALERT: esxi03;PING;OK;SOFT;2;PING OK - Packet loss = 0%, RTA = 0.41 ms
[1560100006] SERVICE ALERT: esxi03;PING;WARNING;SOFT;1;PING WARNING - Packet loss = 20%, RTA = 0.44 ms
[1560100070] SERVICE ALERT: esxi03;PING;OK;SOFT;2;PING OK - Packet loss = 0%, RTA = 0.40 ms
[1560100087] wproc: Core Worker 21453: job 163445 (pid=24323) timed out. Killing it
[1560100087] wproc: CHECK job 163445 from worker Core Worker 21453 timed out after 30.01s
[1560100087] wproc:   host=router3; service=(null);
[1560100087] wproc:   early_timeout=1; exited_ok=0; wait_status=0; error_code=62;
[1560100087] Warning: Check of host 'router3' timed out after 30.01 seconds
[1560100087] wproc: Core Worker 21453: job 163445 (pid=24323): Dormant child reaped
[1560100216] wproc: Core Worker 21453: job 163450 (pid=24377) timed out. Killing it
[1560100216] wproc: CHECK job 163450 from worker Core Worker 21453 timed out after 30.04s
[1560100216] wproc:   host=router1; service=(null);
[1560100216] wproc:   early_timeout=1; exited_ok=0; wait_status=0; error_code=62;
[1560100216] Warning: Check of host 'router1' timed out after 30.04 seconds
[1560100216] wproc: Core Worker 21453: job 163450 (pid=24377): Dormant child reaped
[1560100387] wproc: Core Worker 21451: job 163455 (pid=24565) timed out. Killing it
[1560100387] wproc: CHECK job 163455 from worker Core Worker 21451 timed out after 30.02s
[1560100387] wproc:   host=router3; service=(null);
[1560100387] wproc:   early_timeout=1; exited_ok=0; wait_status=0; error_code=62;
[1560100387] Warning: Check of host 'router3' timed out after 30.02 seconds
[1560100387] wproc: Core Worker 21451: job 163455 (pid=24565): Dormant child reaped
[1560100516] wproc: Core Worker 21452: job 163460 (pid=24620) timed out. Killing it
[1560100516] wproc: CHECK job 163460 from worker Core Worker 21452 timed out after 30.03s
[1560100516] wproc:   host=router1; service=(null);
[1560100516] wproc:   early_timeout=1; exited_ok=0; wait_status=0; error_code=62;
[1560100516] Warning: Check of host 'router1' timed out after 30.03 seconds
[1560100516] wproc: Core Worker 21452: job 163460 (pid=24620): Dormant child reaped
[1560100687] HOST NOTIFICATION: nagiosadmin;router3;DOWN;notify-host-by-email;(Host check timed out after 30.02 seconds)
[1560100688] wproc: Core Worker 21450: job 163465 (pid=24810) timed out. Killing it
[1560100688] wproc: CHECK job 163465 from worker Core Worker 21450 timed out after 30.88s
[1560100688] wproc:   host=router3; service=(null);
[1560100688] wproc:   early_timeout=1; exited_ok=0; wait_status=0; error_code=62;
[1560100688] Warning: Check of host 'router3' timed out after 30.88 seconds
[1560100688] wproc: Core Worker 21450: job 163465 (pid=24810): Dormant child reaped
[1560100816] wproc: Core Worker 21450: job 163470 (pid=24872) timed out. Killing it
[1560100816] wproc: CHECK job 163470 from worker Core Worker 21450 timed out after 30.04s
[1560100816] wproc:   host=router1; service=(null);
[1560100816] wproc:   early_timeout=1; exited_ok=0; wait_status=0; error_code=62;
[1560100816] Warning: Check of host 'router1' timed out after 30.04 seconds
[1560100816] wproc: Core Worker 21450: job 163470 (pid=24872): Dormant child reaped
[1560100987] wproc: Core Worker 21452: job 163474 (pid=25064) timed out. Killing it
[1560100987] wproc: CHECK job 163474 from worker Core Worker 21452 timed out after 30.03s
[1560100987] wproc:   host=router3; service=(null);
[1560100987] wproc:   early_timeout=1; exited_ok=0; wait_status=0; error_code=62;
[1560100987] Warning: Check of host 'router3' timed out after 30.03 seconds
[1560100987] wproc: Core Worker 21452: job 163474 (pid=25064): Dormant child reaped
[1560101116] wproc: Core Worker 21453: job 163479 (pid=25119) timed out. Killing it
[1560101116] wproc: CHECK job 163479 from worker Core Worker 21453 timed out after 30.04s
[1560101116] wproc:   host=router1; service=(null);
[1560101116] wproc:   early_timeout=1; exited_ok=0; wait_status=0; error_code=62;
[1560101116] Warning: Check of host 'router1' timed out after 30.04 seconds
[1560101116] HOST NOTIFICATION: nagiosadmin;router1;DOWN;notify-host-by-email;(Host check timed out after 30.04 seconds)
[1560101116] wproc: Core Worker 21453: job 163479 (pid=25119): Dormant child reaped
[1560101287] wproc: Core Worker 21452: job 163484 (pid=25311) timed out. Killing it
[1560101287] wproc: CHECK job 163484 from worker Core Worker 21452 timed out after 30.04s
[1560101287] wproc:   host=router3; service=(null);
[1560101287] wproc:   early_timeout=1; exited_ok=0; wait_status=0; error_code=62;
[1560101287] Warning: Check of host 'router3' timed out after 30.04 seconds
[1560101287] wproc: Core Worker 21452: job 163484 (pid=25311): Dormant child reaped
[1560101416] wproc: Core Worker 21451: job 163489 (pid=25363) timed out. Killing it
[1560101416] wproc: CHECK job 163489 from worker Core Worker 21451 timed out after 30.04s
[1560101416] wproc:   host=router1; service=(null);
[1560101416] wproc:   early_timeout=1; exited_ok=0; wait_status=0; error_code=62;
[1560101416] Warning: Check of host 'router1' timed out after 30.04 seconds
[1560101416] wproc: Core Worker 21451: job 163489 (pid=25363): Dormant child reaped
[1560101587] wproc: Core Worker 21453: job 163493 (pid=25569) timed out. Killing it
[1560101587] wproc: CHECK job 163493 from worker Core Worker 21453 timed out after 30.04s
[1560101587] wproc:   host=router3; service=(null);
[1560101587] wproc:   early_timeout=1; exited_ok=0; wait_status=0; error_code=62;
[1560101587] Warning: Check of host 'router3' timed out after 30.04 seconds
[1560101587] wproc: Core Worker 21453: job 163493 (pid=25569): Dormant child reaped
[1560101641] Auto-save of retention data completed successfully.
[1560101716] wproc: Core Worker 21450: job 163499 (pid=25624) timed out. Killing it
[1560101716] wproc: CHECK job 163499 from worker Core Worker 21450 timed out after 30.03s
[1560101716] wproc:   host=router1; service=(null);
[1560101716] wproc:   early_timeout=1; exited_ok=0; wait_status=0; error_code=62;
[1560101716] Warning: Check of host 'router1' timed out after 30.03 seconds
[1560101716] wproc: Core Worker 21450: job 163499 (pid=25624): Dormant child reaped
[1560101887] wproc: Core Worker 21452: job 163503 (pid=25805) timed out. Killing it
[1560101887] wproc: CHECK job 163503 from worker Core Worker 21452 timed out after 30.02s
[1560101887] wproc:   host=router3; service=(null);
[1560101887] wproc:   early_timeout=1; exited_ok=0; wait_status=0; error_code=62;
[1560101887] Warning: Check of host 'router3' timed out after 30.02 seconds
[1560101887] wproc: Core Worker 21452: job 163503 (pid=25805): Dormant child reaped
[1560102016] wproc: Core Worker 21451: job 163508 (pid=25857) timed out. Killing it
[1560102016] wproc: CHECK job 163508 from worker Core Worker 21451 timed out after 30.01s
[1560102016] wproc:   host=router1; service=(null);
[1560102016] wproc:   early_timeout=1; exited_ok=0; wait_status=0; error_code=62;
[1560102016] Warning: Check of host 'router1' timed out after 30.01 seconds
[1560102016] wproc: Core Worker 21451: job 163508 (pid=25857): Dormant child reaped
[1560102187] wproc: Core Worker 21453: job 163512 (pid=26045) timed out. Killing it
[1560102187] wproc: CHECK job 163512 from worker Core Worker 21453 timed out after 30.03s
[1560102187] wproc:   host=router3; service=(null);
[1560102187] wproc:   early_timeout=1; exited_ok=0; wait_status=0; error_code=62;
[1560102187] Warning: Check of host 'router3' timed out after 30.03 seconds
[1560102187] wproc: Core Worker 21453: job 163512 (pid=26045): Dormant child reaped
[1560102316] wproc: Core Worker 21450: job 163518 (pid=26100) timed out. Killing it
[1560102316] wproc: CHECK job 163518 from worker Core Worker 21450 timed out after 30.01s
[1560102316] wproc:   host=router1; service=(null);
[1560102316] wproc:   early_timeout=1; exited_ok=0; wait_status=0; error_code=62;
[1560102316] Warning: Check of host 'router1' timed out after 30.01 seconds
[1560102316] wproc: Core Worker 21450: job 163518 (pid=26100): Dormant child reaped
[1560102487] HOST NOTIFICATION: nagiosadmin;router3;DOWN;notify-host-by-email;(Host check timed out after 30.03 seconds)
[1560102488] wproc: Core Worker 21452: job 163522 (pid=26282) timed out. Killing it
[1560102488] wproc: CHECK job 163522 from worker Core Worker 21452 timed out after 30.84s
[1560102488] wproc:   host=router3; service=(null);
[1560102488] wproc:   early_timeout=1; exited_ok=0; wait_status=0; error_code=62;
[1560102488] Warning: Check of host 'router3' timed out after 30.84 seconds
[1560102488] wproc: Core Worker 21452: job 163522 (pid=26282): Dormant child reaped
[1560102535] SERVICE ALERT: esxi03;PING;WARNING;SOFT;1;PING WARNING - Packet loss = 40%, RTA = 0.49 ms
[1560102599] SERVICE ALERT: esxi03;PING;OK;SOFT;2;PING OK - Packet loss = 0%, RTA = 0.48 ms
[1560102616] wproc: Core Worker 21453: job 163527 (pid=26346) timed out. Killing it
[1560102616] wproc: CHECK job 163527 from worker Core Worker 21453 timed out after 30.02s
[1560102616] wproc:   host=router1; service=(null);
[1560102616] wproc:   early_timeout=1; exited_ok=0; wait_status=0; error_code=62;
[1560102616] Warning: Check of host 'router1' timed out after 30.02 seconds
[1560102616] wproc: Core Worker 21453: job 163527 (pid=26346): Dormant child reaped
[1560102787] wproc: Core Worker 21452: job 163532 (pid=26535) timed out. Killing it
[1560102787] wproc: CHECK job 163532 from worker Core Worker 21452 timed out after 30.04s
[1560102787] wproc:   host=router3; service=(null);
[1560102787] wproc:   early_timeout=1; exited_ok=0; wait_status=0; error_code=62;
[1560102787] Warning: Check of host 'router3' timed out after 30.04 seconds
[1560102787] wproc: Core Worker 21452: job 163532 (pid=26535): Dormant child reaped
[1560102916] wproc: Core Worker 21453: job 163537 (pid=26590) timed out. Killing it
[1560102916] wproc: CHECK job 163537 from worker Core Worker 21453 timed out after 30.04s
[1560102916] wproc:   host=router1; service=(null);
[1560102916] wproc:   early_timeout=1; exited_ok=0; wait_status=0; error_code=62;
[1560102916] Warning: Check of host 'router1' timed out after 30.04 seconds
[1560102916] HOST NOTIFICATION: nagiosadmin;router1;DOWN;notify-host-by-email;(Host check timed out after 30.04 seconds)
[1560102916] wproc: Core Worker 21453: job 163537 (pid=26590): Dormant child reaped
[1560102964] SERVICE ALERT: esxi03;PING;WARNING;SOFT;1;PING WARNING - Packet loss = 20%, RTA = 0.42 ms
[1560103028] SERVICE ALERT: esxi03;PING;OK;SOFT;2;PING OK - Packet loss = 0%, RTA = 0.44 ms
[1560103087] wproc: Core Worker 21450: job 163543 (pid=26785) timed out. Killing it
[1560103087] wproc: CHECK job 163543 from worker Core Worker 21450 timed out after 30.01s
[1560103087] wproc:   host=router3; service=(null);
[1560103087] wproc:   early_timeout=1; exited_ok=0; wait_status=0; error_code=62;
[1560103087] Warning: Check of host 'router3' timed out after 30.01 seconds
[1560103087] wproc: Core Worker 21450: job 163543 (pid=26785): Dormant child reaped
[1560103216] wproc: Core Worker 21453: job 163547 (pid=26838) timed out. Killing it
[1560103216] wproc: CHECK job 163547 from worker Core Worker 21453 timed out after 30.03s
[1560103216] wproc:   host=router1; service=(null);
[1560103216] wproc:   early_timeout=1; exited_ok=0; wait_status=0; error_code=62;
[1560103216] Warning: Check of host 'router1' timed out after 30.03 seconds
[1560103216] wproc: Core Worker 21453: job 163547 (pid=26838): Dormant child reaped
[1560103387] wproc: Core Worker 21451: job 163552 (pid=27025) timed out. Killing it
[1560103387] wproc: CHECK job 163552 from worker Core Worker 21451 timed out after 30.03s
[1560103387] wproc:   host=router3; service=(null);
[1560103387] wproc:   early_timeout=1; exited_ok=0; wait_status=0; error_code=62;
[1560103387] Warning: Check of host 'router3' timed out after 30.03 seconds
[1560103387] wproc: Core Worker 21451: job 163552 (pid=27025): Dormant child reaped
[1560103393] SERVICE ALERT: esxi03;PING;WARNING;SOFT;1;PING WARNING - Packet loss = 40%, RTA = 0.40 ms
[1560103457] SERVICE ALERT: esxi03;PING;OK;SOFT;2;PING OK - Packet loss = 0%, RTA = 0.40 ms
[1560103516] wproc: Core Worker 21450: job 163558 (pid=27085) timed out. Killing it
[1560103516] wproc: CHECK job 163558 from worker Core Worker 21450 timed out after 30.03s
[1560103516] wproc:   host=router1; service=(null);
[1560103516] wproc:   early_timeout=1; exited_ok=0; wait_status=0; error_code=62;
[1560103516] Warning: Check of host 'router1' timed out after 30.03 seconds
[1560103516] wproc: Core Worker 21450: job 163558 (pid=27085): Dormant child reaped
[1560103687] wproc: Core Worker 21452: job 163562 (pid=27266) timed out. Killing it
[1560103687] wproc: CHECK job 163562 from worker Core Worker 21452 timed out after 30.03s
[1560103687] wproc:   host=router3; service=(null);
[1560103687] wproc:   early_timeout=1; exited_ok=0; wait_status=0; error_code=62;
[1560103687] Warning: Check of host 'router3' timed out after 30.03 seconds
[1560103687] wproc: Core Worker 21452: job 163562 (pid=27266): Dormant child reaped
[1560103816] wproc: Core Worker 21451: job 163567 (pid=27319) timed out. Killing it
[1560103816] wproc: CHECK job 163567 from worker Core Worker 21451 timed out after 30.03s
[1560103816] wproc:   host=router1; service=(null);
[1560103816] wproc:   early_timeout=1; exited_ok=0; wait_status=0; error_code=62;
[1560103816] Warning: Check of host 'router1' timed out after 30.03 seconds
[1560103817] wproc: Core Worker 21451: job 163567 (pid=27319): Dormant child reaped
[1560103987] wproc: Core Worker 21453: job 163571 (pid=27506) timed out. Killing it
[1560103987] wproc: CHECK job 163571 from worker Core Worker 21453 timed out after 30.04s
[1560103987] wproc:   host=router3; service=(null);
[1560103987] wproc:   early_timeout=1; exited_ok=0; wait_status=0; error_code=62;
[1560103987] Warning: Check of host 'router3' timed out after 30.04 seconds
[1560103987] wproc: Core Worker 21453: job 163571 (pid=27506): Dormant child reaped
[1560104116] wproc: Core Worker 21450: job 163577 (pid=27562) timed out. Killing it
[1560104116] wproc: CHECK job 163577 from worker Core Worker 21450 timed out after 30.03s
[1560104116] wproc:   host=router1; service=(null);
[1560104116] wproc:   early_timeout=1; exited_ok=0; wait_status=0; error_code=62;
[1560104116] Warning: Check of host 'router1' timed out after 30.03 seconds
[1560104117] wproc: Core Worker 21450: job 163577 (pid=27562): Dormant child reaped
[1560104287] HOST NOTIFICATION: nagiosadmin;router3;DOWN;notify-host-by-email;(Host check timed out after 30.04 seconds)
[1560104288] wproc: Core Worker 21452: job 163581 (pid=27743) timed out. Killing it
[1560104288] wproc: CHECK job 163581 from worker Core Worker 21452 timed out after 30.85s
[1560104288] wproc:   host=router3; service=(null);
[1560104288] wproc:   early_timeout=1; exited_ok=0; wait_status=0; error_code=62;
[1560104288] Warning: Check of host 'router3' timed out after 30.85 seconds
[1560104288] wproc: Core Worker 21452: job 163581 (pid=27743): Dormant child reaped
[1560104416] wproc: Core Worker 21452: job 163586 (pid=27806) timed out. Killing it
[1560104416] wproc: CHECK job 163586 from worker Core Worker 21452 timed out after 30.04s
[1560104416] wproc:   host=router1; service=(null);
[1560104416] wproc:   early_timeout=1; exited_ok=0; wait_status=0; error_code=62;
[1560104416] Warning: Check of host 'router1' timed out after 30.04 seconds
[1560104417] wproc: Core Worker 21452: job 163586 (pid=27806): Dormant child reaped
[1560104587] wproc: Core Worker 21450: job 163591 (pid=27994) timed out. Killing it
[1560104587] wproc: CHECK job 163591 from worker Core Worker 21450 timed out after 30.03s
[1560104587] wproc:   host=router3; service=(null);
[1560104587] wproc:   early_timeout=1; exited_ok=0; wait_status=0; error_code=62;
[1560104587] Warning: Check of host 'router3' timed out after 30.03 seconds
[1560104587] wproc: Core Worker 21450: job 163591 (pid=27994): Dormant child reaped
[1560104716] wproc: Core Worker 21451: job 163596 (pid=28060) timed out. Killing it
[1560104716] wproc: CHECK job 163596 from worker Core Worker 21451 timed out after 30.03s
[1560104716] wproc:   host=router1; service=(null);
[1560104716] wproc:   early_timeout=1; exited_ok=0; wait_status=0; error_code=62;
[1560104716] Warning: Check of host 'router1' timed out after 30.03 seconds
[1560104716] HOST NOTIFICATION: nagiosadmin;router1;DOWN;notify-host-by-email;(Host check timed out after 30.03 seconds)
[1560104717] wproc: Core Worker 21451: job 163596 (pid=28060): Dormant child reaped
[1560104887] wproc: Core Worker 21450: job 163601 (pid=28252) timed out. Killing it
[1560104887] wproc: CHECK job 163601 from worker Core Worker 21450 timed out after 30.03s
[1560104887] wproc:   host=router3; service=(null);
[1560104887] wproc:   early_timeout=1; exited_ok=0; wait_status=0; error_code=62;
[1560104887] Warning: Check of host 'router3' timed out after 30.03 seconds
[1560104887] wproc: Core Worker 21450: job 163601 (pid=28252): Dormant child reaped
