[1645468200] LOG ROTATION: DAILY
[1645468200] LOG VERSION: 2.0
[1645468200] CURRENT HOST STATE: AP_Main_Bldg;DOWN;HARD;10;CRITICAL - Host Unreachable (10.3.1.25)
[1645468200] CURRENT HOST STATE: Director_Bldg;UP;HARD;1;PING OK - Packet loss = 0%, RTA = 0.57 ms
[1645468200] CURRENT HOST STATE: Director_Resident;UP;HARD;1;PING OK - Packet loss = 0%, RTA = 0.36 ms
[1645468200] CURRENT HOST STATE: Switch_29;UP;HARD;1;PING OK - Packet loss = 0%, RTA = 4.34 ms
[1645468200] CURRENT HOST STATE: Switch_30;UP;HARD;1;PING OK - Packet loss = 0%, RTA = 2.18 ms
[1645468200] CURRENT HOST STATE: Switch_31;UP;HARD;1;PING OK - Packet loss = 0%, RTA = 1.86 ms
[1645468200] CURRENT HOST STATE: Switch_32;UP;HARD;1;PING OK - Packet loss = 0%, RTA = 1.64 ms
[1645468200] CURRENT HOST STATE: Switch_33;UP;HARD;1;PING OK - Packet loss = 0%, RTA = 1.60 ms
[1645468200] CURRENT HOST STATE: Switch_34;UP;HARD;1;PING OK - Packet loss = 0%, RTA = 1.56 ms
[1645468200] CURRENT HOST STATE: esxi01;UP;HARD;1;PING OK - Packet loss = 0%, RTA = 0.56 ms
[1645468200] CURRENT HOST STATE: esxi02;UP;HARD;1;PING OK - Packet loss = 0%, RTA = 0.51 ms
[1645468200] CURRENT HOST STATE: esxi03;UP;HARD;1;PING OK - Packet loss = 0%, RTA = 0.38 ms
[1645468200] CURRENT HOST STATE: esxi04;UP;HARD;1;PING OK - Packet loss = 0%, RTA = 0.46 ms
[1645468200] CURRENT HOST STATE: esxi05;UP;HARD;1;PING OK - Packet loss = 0%, RTA = 0.42 ms
[1645468200] CURRENT HOST STATE: esxi06;UP;HARD;1;PING OK - Packet loss = 0%, RTA = 0.38 ms
[1645468200] CURRENT HOST STATE: esxi07;UP;HARD;1;PING OK - Packet loss = 0%, RTA = 0.47 ms
[1645468200] CURRENT HOST STATE: esxi08;UP;HARD;1;PING OK - Packet loss = 0%, RTA = 2.48 ms
[1645468200] CURRENT HOST STATE: esxi09;UP;HARD;1;PING OK - Packet loss = 0%, RTA = 0.47 ms
[1645468200] CURRENT HOST STATE: localhost;UP;HARD;1;PING OK - Packet loss = 0%, RTA = 0.06 ms
[1645468200] CURRENT HOST STATE: vmware10gswitch;UP;HARD;1;PING OK - Packet loss = 0%, RTA = 1.37 ms
[1645468200] CURRENT HOST STATE: vmwaremgmtswitch;UP;HARD;1;PING OK - Packet loss = 0%, RTA = 0.83 ms
[1645468200] CURRENT SERVICE STATE: AP_Main_Bldg;check-host-alive;CRITICAL;HARD;3;CRITICAL - Host Unreachable (10.3.1.25)
[1645468200] CURRENT SERVICE STATE: Director_Bldg;check-host-alive;OK;HARD;1;PING OK - Packet loss = 0%, RTA = 0.62 ms
[1645468200] CURRENT SERVICE STATE: Director_Resident;check-host-alive;OK;HARD;1;PING OK - Packet loss = 0%, RTA = 0.38 ms
[1645468200] CURRENT SERVICE STATE: Switch_29;check-host-alive;OK;HARD;1;PING OK - Packet loss = 0%, RTA = 0.78 ms
[1645468200] CURRENT SERVICE STATE: Switch_30;check-host-alive;OK;HARD;1;PING OK - Packet loss = 0%, RTA = 1.74 ms
[1645468200] CURRENT SERVICE STATE: Switch_31;check-host-alive;OK;HARD;1;PING OK - Packet loss = 0%, RTA = 1.80 ms
[1645468200] CURRENT SERVICE STATE: Switch_32;check-host-alive;OK;HARD;1;PING OK - Packet loss = 0%, RTA = 3.91 ms
[1645468200] CURRENT SERVICE STATE: Switch_33;check-host-alive;OK;HARD;1;PING OK - Packet loss = 0%, RTA = 1.76 ms
[1645468200] CURRENT SERVICE STATE: Switch_34;check-host-alive;OK;HARD;1;PING OK - Packet loss = 0%, RTA = 3.01 ms
[1645468200] CURRENT SERVICE STATE: esxi01;ESXi Hardware Check;OK;HARD;1;OK - Server: Cisco Systems Inc UCSC-C220-M4S s/n: FCH22157EQH Chassis S/N: FCH2216V0WN  System BIOS: C220M4.3.0.4a.0.0226182253 2018-02-26
[1645468200] CURRENT SERVICE STATE: esxi01;PING;OK;HARD;1;PING OK - Packet loss = 0%, RTA = 0.44 ms
[1645468200] CURRENT SERVICE STATE: esxi02;ESXi Hardware Check;OK;HARD;1;OK - Server: Cisco Systems Inc UCSC-C220-M4S s/n: FCH22157E1D Chassis S/N: FCH2216V0Y6  System BIOS: C220M4.3.0.4a.0.0226182253 2018-02-26
[1645468200] CURRENT SERVICE STATE: esxi02;PING;OK;HARD;1;PING OK - Packet loss = 0%, RTA = 0.48 ms
[1645468200] CURRENT SERVICE STATE: esxi03;ESXi Hardware Check;OK;HARD;1;OK - Server: Cisco Systems Inc UCSC-C220-M4S s/n: FCH22157ESB Chassis S/N: FCH2216V0TW  System BIOS: C220M4.3.0.4a.0.0226182253 2018-02-26
[1645468200] CURRENT SERVICE STATE: esxi03;PING;OK;HARD;1;PING OK - Packet loss = 0%, RTA = 0.37 ms
[1645468200] CURRENT SERVICE STATE: esxi04;ESXi Hardware Check;OK;HARD;1;OK - Server: Cisco Systems Inc UCSC-C220-M4S s/n: FCH22137QKB Chassis S/N: FCH2216V0YZ  System BIOS: C220M4.3.0.4a.0.0226182253 2018-02-26
[1645468200] CURRENT SERVICE STATE: esxi04;PING;OK;HARD;1;PING OK - Packet loss = 0%, RTA = 0.44 ms
[1645468200] CURRENT SERVICE STATE: esxi05;ESXi Hardware Check;OK;HARD;1;OK - Server: Cisco Systems Inc UCSC-C220-M4S s/n: FCH22157EPD Chassis S/N: FCH2216V0Z0  System BIOS: C220M4.3.0.4a.0.0226182253 2018-02-26
[1645468200] CURRENT SERVICE STATE: esxi05;PING;OK;HARD;1;PING OK - Packet loss = 0%, RTA = 0.58 ms
[1645468200] CURRENT SERVICE STATE: esxi06;ESXi Haradware Check;OK;HARD;1;OK - Server: Cisco Systems Inc UCSC-C220-M4S s/n: FCH22157ERW Chassis S/N: FCH2216V0X8  System BIOS: C220M4.3.0.4a.0.0226182253 2018-02-26
[1645468200] CURRENT SERVICE STATE: esxi06;PING;OK;HARD;1;PING OK - Packet loss = 0%, RTA = 0.42 ms
[1645468200] CURRENT SERVICE STATE: esxi07;ESXi Hardware Check;OK;HARD;1;OK - Server: Cisco Systems Inc UCSC-C220-M4S s/n: FCH22157EV7 Chassis S/N: FCH2216V0Y8  System BIOS: C220M4.3.0.4a.0.0226182253 2018-02-26
[1645468200] CURRENT SERVICE STATE: esxi07;PING;OK;HARD;1;PING OK - Packet loss = 0%, RTA = 0.55 ms
[1645468200] CURRENT SERVICE STATE: esxi08;ESXi Hardware Check;OK;HARD;1;OK - Server: Cisco Systems Inc UCSC-C220-M4S s/n: FCH22137QJN Chassis S/N: FCH2216V0YV  System BIOS: C220M4.3.0.4a.0.0226182253 2018-02-26
[1645468200] CURRENT SERVICE STATE: esxi08;PING;OK;HARD;1;PING OK - Packet loss = 0%, RTA = 0.36 ms
[1645468200] CURRENT SERVICE STATE: esxi09;ESXi Hardware Check;OK;HARD;1;OK - Server: Cisco Systems Inc UCSC-C220-M4S s/n: FCH22157ERY Chassis S/N: FCH2216V0YN  System BIOS: C220M4.3.0.4a.0.0226182253 2018-02-26
[1645468200] CURRENT SERVICE STATE: esxi09;PING;OK;HARD;1;PING OK - Packet loss = 0%, RTA = 0.51 ms
[1645468200] CURRENT SERVICE STATE: localhost;Current Load;OK;HARD;1;OK - load average: 0.09, 0.07, 0.02
[1645468200] CURRENT SERVICE STATE: localhost;Current Users;OK;HARD;1;USERS OK - 0 users currently logged in
[1645468200] CURRENT SERVICE STATE: localhost;PING;OK;HARD;1;PING OK - Packet loss = 0%, RTA = 0.05 ms
[1645468200] CURRENT SERVICE STATE: localhost;Root Partition;OK;HARD;1;DISK OK - free space: / 42439 MB (82.93% inode=99%):
[1645468200] CURRENT SERVICE STATE: localhost;SSH;OK;HARD;1;SSH OK - OpenSSH_7.4 (protocol 2.0)
[1645468200] CURRENT SERVICE STATE: localhost;Swap Usage;OK;HARD;1;SWAP OK - 100% free (3967 MB out of 3967 MB)
[1645468200] CURRENT SERVICE STATE: localhost;Total Processes;OK;HARD;1;PROCS OK: 103 processes with STATE = RSZDT
[1645468200] CURRENT SERVICE STATE: vmware10gswitch;check-host-alive;OK;HARD;1;PING OK - Packet loss = 0%, RTA = 1.61 ms
[1645468200] CURRENT SERVICE STATE: vmwaremgmtswitch;check-host-alive;OK;HARD;1;PING OK - Packet loss = 0%, RTA = 2.17 ms
[1645468483] SERVICE ALERT: esxi03;PING;WARNING;SOFT;1;PING WARNING - Packet loss = 20%, RTA = 0.32 ms
[1645468548] SERVICE ALERT: esxi03;PING;OK;SOFT;2;PING OK - Packet loss = 0%, RTA = 0.32 ms
[1645468613] SERVICE ALERT: esxi03;PING;WARNING;SOFT;1;PING WARNING - Packet loss = 20%, RTA = 0.44 ms
[1645468677] SERVICE ALERT: esxi03;PING;OK;SOFT;2;PING OK - Packet loss = 0%, RTA = 0.41 ms
[1645469642] SERVICE ALERT: esxi03;PING;WARNING;SOFT;1;PING WARNING - Packet loss = 20%, RTA = 0.41 ms
[1645469706] SERVICE ALERT: esxi03;PING;OK;SOFT;2;PING OK - Packet loss = 0%, RTA = 0.46 ms
[1645471781] Auto-save of retention data completed successfully.
[1645472171] SERVICE ALERT: esxi03;PING;WARNING;SOFT;1;PING WARNING - Packet loss = 20%, RTA = 0.35 ms
[1645472235] SERVICE ALERT: esxi03;PING;OK;SOFT;2;PING OK - Packet loss = 0%, RTA = 0.38 ms
[1645475381] Auto-save of retention data completed successfully.
[1645476500] SERVICE ALERT: esxi03;PING;WARNING;SOFT;1;PING WARNING - Packet loss = 20%, RTA = 0.32 ms
[1645476565] SERVICE ALERT: esxi03;PING;WARNING;SOFT;2;PING WARNING - Packet loss = 20%, RTA = 0.35 ms
[1645476629] SERVICE ALERT: esxi03;PING;OK;SOFT;3;PING OK - Packet loss = 0%, RTA = 0.28 ms
[1645476694] SERVICE ALERT: esxi03;PING;WARNING;SOFT;1;PING WARNING - Packet loss = 20%, RTA = 2.68 ms
[1645476759] SERVICE ALERT: esxi03;PING;WARNING;SOFT;2;PING WARNING - Packet loss = 20%, RTA = 0.29 ms
[1645476823] SERVICE ALERT: esxi03;PING;OK;SOFT;3;PING OK - Packet loss = 0%, RTA = 0.33 ms
[1645477480] SERVICE ALERT: esxi02;PING;WARNING;SOFT;1;PING WARNING - Packet loss = 20%, RTA = 0.44 ms
[1645477544] SERVICE ALERT: esxi02;PING;OK;SOFT;2;PING OK - Packet loss = 0%, RTA = 0.32 ms
[1645478981] Auto-save of retention data completed successfully.
[1645478988] SERVICE ALERT: esxi03;PING;WARNING;SOFT;1;PING WARNING - Packet loss = 20%, RTA = 0.32 ms
[1645479053] SERVICE ALERT: esxi03;PING;WARNING;SOFT;2;PING WARNING - Packet loss = 20%, RTA = 0.31 ms
[1645479117] SERVICE ALERT: esxi03;PING;OK;SOFT;3;PING OK - Packet loss = 0%, RTA = 0.35 ms
[1645481209] SERVICE ALERT: esxi02;PING;WARNING;SOFT;1;PING WARNING - Packet loss = 20%, RTA = 0.43 ms
[1645481273] SERVICE ALERT: esxi02;PING;OK;SOFT;2;PING OK - Packet loss = 0%, RTA = 0.37 ms
[1645482581] Auto-save of retention data completed successfully.
[1645483383] SERVICE ALERT: esxi03;PING;WARNING;SOFT;1;PING WARNING - Packet loss = 20%, RTA = 0.32 ms
[1645483447] SERVICE ALERT: esxi03;PING;OK;SOFT;2;PING OK - Packet loss = 0%, RTA = 0.34 ms
[1645484112] SERVICE ALERT: esxi03;PING;WARNING;SOFT;1;PING WARNING - Packet loss = 20%, RTA = 0.33 ms
[1645484176] SERVICE ALERT: esxi03;PING;OK;SOFT;2;PING OK - Packet loss = 0%, RTA = 0.33 ms
[1645486181] Auto-save of retention data completed successfully.
[1645487841] SERVICE ALERT: esxi03;PING;WARNING;SOFT;1;PING WARNING - Packet loss = 20%, RTA = 0.33 ms
[1645487905] SERVICE ALERT: esxi03;PING;OK;SOFT;2;PING OK - Packet loss = 0%, RTA = 0.38 ms
[1645489470] SERVICE ALERT: esxi03;PING;WARNING;SOFT;1;PING WARNING - Packet loss = 20%, RTA = 0.37 ms
[1645489534] SERVICE ALERT: esxi03;PING;OK;SOFT;2;PING OK - Packet loss = 0%, RTA = 0.35 ms
[1645489781] Auto-save of retention data completed successfully.
[1645493381] Auto-save of retention data completed successfully.
[1645496981] Auto-save of retention data completed successfully.
[1645498300] SERVICE ALERT: esxi03;PING;WARNING;SOFT;1;PING WARNING - Packet loss = 40%, RTA = 0.45 ms
[1645498365] SERVICE ALERT: esxi03;PING;WARNING;SOFT;2;PING WARNING - Packet loss = 20%, RTA = 0.39 ms
[1645498429] SERVICE ALERT: esxi03;PING;OK;SOFT;3;PING OK - Packet loss = 0%, RTA = 0.30 ms
[1645500294] SERVICE ALERT: esxi03;PING;WARNING;SOFT;1;PING WARNING - Packet loss = 20%, RTA = 0.31 ms
[1645500358] SERVICE ALERT: esxi03;PING;OK;SOFT;2;PING OK - Packet loss = 0%, RTA = 0.42 ms
[1645500581] Auto-save of retention data completed successfully.
[1645502823] SERVICE ALERT: esxi03;PING;WARNING;SOFT;1;PING WARNING - Packet loss = 20%, RTA = 0.44 ms
[1645502887] SERVICE ALERT: esxi03;PING;OK;SOFT;2;PING OK - Packet loss = 0%, RTA = 0.57 ms
[1645504181] Auto-save of retention data completed successfully.
[1645507781] Auto-save of retention data completed successfully.
[1645511381] Auto-save of retention data completed successfully.
[1645514981] Auto-save of retention data completed successfully.
[1645518202] wproc: Core Worker 1276: job 1020922 (pid=24433) timed out. Killing it
[1645518202] wproc: Core Worker 1276: job 10911488 with pid 24433 reaped at timeout. timeouts=12; started=1020923
[1645518581] Auto-save of retention data completed successfully.
[1645520052] SERVICE ALERT: esxi03;PING;WARNING;SOFT;1;PING WARNING - Packet loss = 20%, RTA = 0.39 ms
[1645520116] SERVICE ALERT: esxi03;PING;OK;SOFT;2;PING OK - Packet loss = 0%, RTA = 0.43 ms
[1645522181] Auto-save of retention data completed successfully.
[1645525781] Auto-save of retention data completed successfully.
[1645528565] wproc: Core Worker 1277: job 1021318 (pid=1887) timed out. Killing it
[1645528565] wproc: CHECK job 1021318 from worker Core Worker 1277 timed out after 30.03s
[1645528565] wproc:   host=esxi06; service=(null);
[1645528565] wproc:   early_timeout=1; exited_ok=0; wait_status=0; error_code=62;
[1645528565] Warning: Check of host 'esxi06' timed out after 30.03 seconds
[1645528565] HOST ALERT: esxi06;DOWN;SOFT;1;(Host check timed out after 30.03 seconds)
[1645528565] wproc: Core Worker 1277: job 1021318 (pid=1887): Dormant child reaped
[1645528655] wproc: Core Worker 1276: job 1021323 (pid=1933) timed out. Killing it
[1645528655] wproc: CHECK job 1021323 from worker Core Worker 1276 timed out after 30.03s
[1645528655] wproc:   host=esxi06; service=(null);
[1645528655] wproc:   early_timeout=1; exited_ok=0; wait_status=0; error_code=62;
[1645528655] Warning: Check of host 'esxi06' timed out after 30.03 seconds
[1645528655] HOST ALERT: esxi06;DOWN;SOFT;2;(Host check timed out after 30.03 seconds)
[1645528655] wproc: Core Worker 1276: job 1021323 (pid=1933): Dormant child reaped
[1645528670] SERVICE ALERT: esxi06;PING;CRITICAL;HARD;1;CRITICAL - Plugin timed out
[1645528745] wproc: Core Worker 1278: job 1021326 (pid=1969) timed out. Killing it
[1645528745] wproc: CHECK job 1021326 from worker Core Worker 1278 timed out after 30.01s
[1645528745] wproc:   host=esxi06; service=(null);
[1645528745] wproc:   early_timeout=1; exited_ok=0; wait_status=0; error_code=62;
[1645528745] Warning: Check of host 'esxi06' timed out after 30.01 seconds
[1645528745] HOST ALERT: esxi06;DOWN;SOFT;3;(Host check timed out after 30.01 seconds)
[1645528745] wproc: Core Worker 1278: job 1021326 (pid=1969): Dormant child reaped
[1645528808] HOST ALERT: esxi06;DOWN;SOFT;4;CRITICAL - Host Unreachable (10.5.5.56)
[1645528869] HOST ALERT: esxi06;DOWN;SOFT;5;CRITICAL - Host Unreachable (10.5.5.56)
[1645528896] SERVICE ALERT: esxi06;ESXi Haradware Check;UNKNOWN;HARD;1;UNKNOWN: (0, 'Socket error: [Errno 113] No route to host')
[1645528929] HOST ALERT: esxi06;DOWN;SOFT;6;CRITICAL - Host Unreachable (10.5.5.56)
[1645528990] HOST ALERT: esxi06;DOWN;SOFT;7;CRITICAL - Host Unreachable (10.5.5.56)
[1645529051] HOST ALERT: esxi06;DOWN;SOFT;8;CRITICAL - Host Unreachable (10.5.5.56)
[1645529112] HOST ALERT: esxi06;DOWN;SOFT;9;CRITICAL - Host Unreachable (10.5.5.56)
[1645529173] HOST NOTIFICATION: nagiosadmin;esxi06;DOWN;notify-host-by-email;CRITICAL - Host Unreachable (10.5.5.56)
[1645529173] HOST ALERT: esxi06;DOWN;HARD;10;CRITICAL - Host Unreachable (10.5.5.56)
[1645529381] Auto-save of retention data completed successfully.
[1645529477] HOST ALERT: esxi06;UP;HARD;1;PING OK - Packet loss = 0%, RTA = 0.34 ms
[1645529501] SERVICE ALERT: esxi06;ESXi Haradware Check;OK;SOFT;1;OK - Server: Cisco Systems Inc UCSC-C220-M4S s/n: FCH22157ERW Chassis S/N: FCH2216V0X8  System BIOS: C220M4.3.0.4a.0.0226182253 2018-02-26
[1645529563] SERVICE ALERT: esxi06;PING;OK;SOFT;1;PING OK - Packet loss = 0%, RTA = 0.35 ms
[1645530381] SERVICE ALERT: esxi03;PING;WARNING;SOFT;1;PING WARNING - Packet loss = 40%, RTA = 0.29 ms
[1645530445] SERVICE ALERT: esxi03;PING;OK;SOFT;2;PING OK - Packet loss = 0%, RTA = 0.36 ms
[1645532981] Auto-save of retention data completed successfully.
[1645536581] Auto-save of retention data completed successfully.
[1645536704] wproc: Core Worker 1278: job 1021632 (pid=10667) timed out. Killing it
[1645536704] wproc: CHECK job 1021632 from worker Core Worker 1278 timed out after 30.01s
[1645536704] wproc:   host=esxi06; service=(null);
[1645536704] wproc:   early_timeout=1; exited_ok=0; wait_status=0; error_code=62;
[1645536704] Warning: Check of host 'esxi06' timed out after 30.01 seconds
[1645536704] HOST ALERT: esxi06;DOWN;SOFT;1;(Host check timed out after 30.01 seconds)
[1645536704] wproc: Core Worker 1278: job 1021632 (pid=10667): Dormant child reaped
[1645536750] wproc: Core Worker 1276: job 1021633 (pid=10678) timed out. Killing it
[1645536750] wproc: CHECK job 1021633 from worker Core Worker 1276 timed out after 60.01s
[1645536750] wproc:   host=esxi06; service=ESXi Haradware Check;
[1645536750] wproc:   early_timeout=1; exited_ok=0; wait_status=0; error_code=62;
[1645536750] Warning: Check of service 'ESXi Haradware Check' on host 'esxi06' timed out after 60.007s!
[1645536750] SERVICE ALERT: esxi06;ESXi Haradware Check;CRITICAL;HARD;1;(Service check timed out after 60.01 seconds)
[1645536751] wproc: Core Worker 1276: job 1021633 (pid=10678): Dormant child reaped
[1645536767] HOST ALERT: esxi06;UP;SOFT;1;PING OK - Packet loss = 0%, RTA = 0.36 ms
[1645537110] SERVICE ALERT: esxi03;PING;WARNING;SOFT;1;PING WARNING - Packet loss = 20%, RTA = 0.38 ms
[1645537174] SERVICE ALERT: esxi03;PING;OK;SOFT;2;PING OK - Packet loss = 0%, RTA = 0.37 ms
[1645537301] SERVICE FLAPPING ALERT: esxi06;ESXi Haradware Check;STARTED; Service appears to have started flapping (21.3% change >= 20.0% threshold)
[1645537301] SERVICE ALERT: esxi06;ESXi Haradware Check;OK;SOFT;1;OK - Server: Cisco Systems Inc UCSC-C220-M4S s/n: FCH22157ERW Chassis S/N: FCH2216V0X8  System BIOS: C220M4.3.0.4a.0.0226182253 2018-02-26
[1645540181] Auto-save of retention data completed successfully.
[1645542939] SERVICE ALERT: esxi03;PING;WARNING;SOFT;1;PING WARNING - Packet loss = 20%, RTA = 0.31 ms
[1645543003] SERVICE ALERT: esxi03;PING;OK;SOFT;2;PING OK - Packet loss = 0%, RTA = 0.36 ms
[1645543368] SERVICE ALERT: esxi03;PING;WARNING;SOFT;1;PING WARNING - Packet loss = 20%, RTA = 0.44 ms
[1645543432] SERVICE ALERT: esxi03;PING;OK;SOFT;2;PING OK - Packet loss = 0%, RTA = 0.32 ms
[1645543781] Auto-save of retention data completed successfully.
[1645543797] SERVICE ALERT: esxi03;PING;WARNING;SOFT;1;PING WARNING - Packet loss = 20%, RTA = 0.27 ms
[1645543861] SERVICE ALERT: esxi03;PING;OK;SOFT;2;PING OK - Packet loss = 0%, RTA = 0.35 ms
[1645543926] SERVICE ALERT: esxi03;PING;WARNING;SOFT;1;PING WARNING - Packet loss = 20%, RTA = 0.42 ms
[1645543991] SERVICE ALERT: esxi03;PING;OK;SOFT;2;PING OK - Packet loss = 0%, RTA = 0.38 ms
[1645547381] Auto-save of retention data completed successfully.
[1645548701] SERVICE FLAPPING ALERT: esxi06;ESXi Haradware Check;STOPPED; Service appears to have stopped flapping (3.8% change < 5.0% threshold)
[1645550981] Auto-save of retention data completed successfully.
[1645551256] SERVICE ALERT: esxi03;PING;WARNING;SOFT;1;PING WARNING - Packet loss = 20%, RTA = 0.25 ms
[1645551320] SERVICE ALERT: esxi03;PING;OK;SOFT;2;PING OK - Packet loss = 0%, RTA = 0.31 ms
[1645554581] Auto-save of retention data completed successfully.
