[1569868200] LOG ROTATION: DAILY
[1569868200] LOG VERSION: 2.0
[1569868200] CURRENT HOST STATE: AP_Main_Bldg;UP;HARD;1;PING OK - Packet loss = 0%, RTA = 0.75 ms
[1569868200] CURRENT HOST STATE: Director_Bldg;UP;HARD;1;PING OK - Packet loss = 0%, RTA = 0.56 ms
[1569868200] CURRENT HOST STATE: Director_Resident;UP;HARD;1;PING OK - Packet loss = 0%, RTA = 3.23 ms
[1569868200] CURRENT HOST STATE: esxi01;UP;HARD;1;PING OK - Packet loss = 0%, RTA = 0.45 ms
[1569868200] CURRENT HOST STATE: esxi02;UP;HARD;1;PING OK - Packet loss = 0%, RTA = 0.51 ms
[1569868200] CURRENT HOST STATE: esxi03;UP;HARD;1;PING OK - Packet loss = 0%, RTA = 4.11 ms
[1569868200] CURRENT HOST STATE: esxi04;UP;HARD;1;PING OK - Packet loss = 0%, RTA = 0.47 ms
[1569868200] CURRENT HOST STATE: esxi05;UP;HARD;1;PING OK - Packet loss = 0%, RTA = 0.57 ms
[1569868200] CURRENT HOST STATE: esxi06;UP;HARD;1;PING OK - Packet loss = 0%, RTA = 0.57 ms
[1569868200] CURRENT HOST STATE: esxi07;UP;HARD;1;PING OK - Packet loss = 0%, RTA = 0.65 ms
[1569868200] CURRENT HOST STATE: esxi08;UP;HARD;1;PING OK - Packet loss = 0%, RTA = 0.43 ms
[1569868200] CURRENT HOST STATE: esxi09;UP;HARD;1;PING OK - Packet loss = 0%, RTA = 0.54 ms
[1569868200] CURRENT HOST STATE: localhost;UP;HARD;1;PING OK - Packet loss = 0%, RTA = 0.03 ms
[1569868200] CURRENT HOST STATE: vmware10gswitch;UP;HARD;1;PING OK - Packet loss = 0%, RTA = 1.37 ms
[1569868200] CURRENT HOST STATE: vmwaremgmtswitch;UP;HARD;1;PING OK - Packet loss = 0%, RTA = 2.35 ms
[1569868200] CURRENT SERVICE STATE: AP_Main_Bldg;check-host-alive;OK;HARD;1;PING OK - Packet loss = 0%, RTA = 2.73 ms
[1569868200] CURRENT SERVICE STATE: Director_Bldg;check-host-alive;OK;HARD;1;PING OK - Packet loss = 0%, RTA = 0.60 ms
[1569868200] CURRENT SERVICE STATE: Director_Resident;check-host-alive;OK;HARD;1;PING OK - Packet loss = 0%, RTA = 0.79 ms
[1569868200] CURRENT SERVICE STATE: esxi01;ESXi Hardware Check;OK;HARD;1;OK - Server: Cisco Systems Inc UCSC-C220-M4S s/n: FCH22157EQH Chassis S/N: FCH2216V0WN  System BIOS: C220M4.3.0.4a.0.0226182253 2018-02-26
[1569868200] CURRENT SERVICE STATE: esxi01;PING;OK;HARD;1;PING OK - Packet loss = 0%, RTA = 0.53 ms
[1569868200] CURRENT SERVICE STATE: esxi02;ESXi Hardware Check;OK;HARD;1;OK - Server: Cisco Systems Inc UCSC-C220-M4S s/n: FCH22157E1D Chassis S/N: FCH2216V0Y6  System BIOS: C220M4.3.0.4a.0.0226182253 2018-02-26
[1569868200] CURRENT SERVICE STATE: esxi02;PING;OK;HARD;1;PING OK - Packet loss = 0%, RTA = 0.49 ms
[1569868200] CURRENT SERVICE STATE: esxi03;ESXi Hardware Check;OK;HARD;1;OK - Server: Cisco Systems Inc UCSC-C220-M4S s/n: FCH22157ESB Chassis S/N: FCH2216V0TW  System BIOS: C220M4.3.0.4a.0.0226182253 2018-02-26
[1569868200] CURRENT SERVICE STATE: esxi03;PING;OK;HARD;1;PING OK - Packet loss = 0%, RTA = 0.56 ms
[1569868200] CURRENT SERVICE STATE: esxi04;ESXi Hardware Check;OK;HARD;1;OK - Server: Cisco Systems Inc UCSC-C220-M4S s/n: FCH22137QKB Chassis S/N: FCH2216V0YZ  System BIOS: C220M4.3.0.4a.0.0226182253 2018-02-26
[1569868200] CURRENT SERVICE STATE: esxi04;PING;OK;HARD;1;PING OK - Packet loss = 0%, RTA = 0.59 ms
[1569868200] CURRENT SERVICE STATE: esxi05;ESXi Hardware Check;OK;HARD;1;OK - Server: Cisco Systems Inc UCSC-C220-M4S s/n: FCH22157EPD Chassis S/N: FCH2216V0Z0  System BIOS: C220M4.3.0.4a.0.0226182253 2018-02-26
[1569868200] CURRENT SERVICE STATE: esxi05;PING;OK;HARD;1;PING OK - Packet loss = 0%, RTA = 0.32 ms
[1569868200] CURRENT SERVICE STATE: esxi06;ESXi Haradware Check;OK;HARD;1;OK - Server: Cisco Systems Inc UCSC-C220-M4S s/n: FCH22157ERW Chassis S/N: FCH2216V0X8  System BIOS: C220M4.3.0.4a.0.0226182253 2018-02-26
[1569868200] CURRENT SERVICE STATE: esxi06;PING;OK;HARD;1;PING OK - Packet loss = 0%, RTA = 0.49 ms
[1569868200] CURRENT SERVICE STATE: esxi07;ESXi Hardware Check;OK;HARD;1;OK - Server: Cisco Systems Inc UCSC-C220-M4S s/n: FCH22157EV7 Chassis S/N: FCH2216V0Y8  System BIOS: C220M4.3.0.4a.0.0226182253 2018-02-26
[1569868200] CURRENT SERVICE STATE: esxi07;PING;OK;HARD;1;PING OK - Packet loss = 0%, RTA = 0.51 ms
[1569868200] CURRENT SERVICE STATE: esxi08;ESXi Hardware Check;OK;HARD;1;OK - Server: Cisco Systems Inc UCSC-C220-M4S s/n: FCH22137QJN Chassis S/N: FCH2216V0YV  System BIOS: C220M4.3.0.4a.0.0226182253 2018-02-26
[1569868200] CURRENT SERVICE STATE: esxi08;PING;OK;HARD;1;PING OK - Packet loss = 0%, RTA = 0.41 ms
[1569868200] CURRENT SERVICE STATE: esxi09;ESXi Hardware Check;OK;HARD;1;OK - Server: Cisco Systems Inc UCSC-C220-M4S s/n: FCH22157ERY Chassis S/N: FCH2216V0YN  System BIOS: C220M4.3.0.4a.0.0226182253 2018-02-26
[1569868200] CURRENT SERVICE STATE: esxi09;PING;OK;HARD;1;PING OK - Packet loss = 0%, RTA = 0.41 ms
[1569868200] CURRENT SERVICE STATE: localhost;Current Load;OK;HARD;1;OK - load average: 0.08, 0.03, 0.05
[1569868200] CURRENT SERVICE STATE: localhost;Current Users;OK;HARD;1;USERS OK - 2 users currently logged in
[1569868200] CURRENT SERVICE STATE: localhost;PING;OK;HARD;1;PING OK - Packet loss = 0%, RTA = 0.04 ms
[1569868200] CURRENT SERVICE STATE: localhost;Root Partition;OK;HARD;1;DISK OK - free space: / 42347 MB (82.74% inode=99%):
[1569868200] CURRENT SERVICE STATE: localhost;SSH;OK;HARD;1;SSH OK - OpenSSH_7.4 (protocol 2.0)
[1569868200] CURRENT SERVICE STATE: localhost;Swap Usage;OK;HARD;1;SWAP OK - 100% free (3946 MB out of 3967 MB)
[1569868200] CURRENT SERVICE STATE: localhost;Total Processes;OK;HARD;1;PROCS OK: 88 processes with STATE = RSZDT
[1569868200] CURRENT SERVICE STATE: vmware10gswitch;check-host-alive;OK;HARD;1;PING OK - Packet loss = 0%, RTA = 1.26 ms
[1569868200] CURRENT SERVICE STATE: vmwaremgmtswitch;check-host-alive;OK;HARD;1;PING OK - Packet loss = 0%, RTA = 0.85 ms
[1569871659] Auto-save of retention data completed successfully.
[1569875259] Auto-save of retention data completed successfully.
[1569878859] Auto-save of retention data completed successfully.
[1569879894] SERVICE ALERT: esxi08;PING;WARNING;SOFT;1;PING WARNING - Packet loss = 20%, RTA = 0.43 ms
[1569879898] SERVICE ALERT: esxi01;PING;WARNING;SOFT;1;PING WARNING - Packet loss = 20%, RTA = 0.99 ms
[1569879958] SERVICE ALERT: esxi08;PING;OK;SOFT;2;PING OK - Packet loss = 0%, RTA = 0.37 ms
[1569879962] SERVICE ALERT: esxi01;PING;OK;SOFT;2;PING OK - Packet loss = 0%, RTA = 0.50 ms
[1569881223] SERVICE ALERT: esxi08;PING;WARNING;SOFT;1;PING WARNING - Packet loss = 20%, RTA = 0.48 ms
[1569881287] SERVICE ALERT: esxi08;PING;OK;SOFT;2;PING OK - Packet loss = 0%, RTA = 0.47 ms
[1569881527] SERVICE ALERT: esxi01;PING;WARNING;SOFT;1;PING WARNING - Packet loss = 40%, RTA = 0.46 ms
[1569881591] SERVICE ALERT: esxi01;PING;OK;SOFT;2;PING OK - Packet loss = 0%, RTA = 0.43 ms
[1569882459] Auto-save of retention data completed successfully.
[1569884224] SERVICE ALERT: esxi06;PING;WARNING;SOFT;1;PING WARNING - Packet loss = 20%, RTA = 0.36 ms
[1569884288] SERVICE ALERT: esxi06;PING;OK;SOFT;2;PING OK - Packet loss = 0%, RTA = 0.45 ms
[1569885252] SERVICE ALERT: esxi08;PING;WARNING;SOFT;1;PING WARNING - Packet loss = 20%, RTA = 0.53 ms
[1569885316] SERVICE ALERT: esxi08;PING;OK;SOFT;2;PING OK - Packet loss = 0%, RTA = 0.50 ms
[1569886059] Auto-save of retention data completed successfully.
[1569887356] SERVICE ALERT: esxi01;PING;WARNING;SOFT;1;PING WARNING - Packet loss = 20%, RTA = 0.53 ms
[1569887420] SERVICE ALERT: esxi01;PING;OK;SOFT;2;PING OK - Packet loss = 0%, RTA = 0.44 ms
[1569889659] Auto-save of retention data completed successfully.
[1569893259] Auto-save of retention data completed successfully.
[1569893781] SERVICE ALERT: esxi08;PING;WARNING;SOFT;1;PING WARNING - Packet loss = 20%, RTA = 0.34 ms
[1569893845] SERVICE ALERT: esxi08;PING;OK;SOFT;2;PING OK - Packet loss = 0%, RTA = 0.34 ms
[1569894085] SERVICE ALERT: esxi01;PING;WARNING;SOFT;1;PING WARNING - Packet loss = 20%, RTA = 0.42 ms
[1569894149] SERVICE ALERT: esxi01;PING;OK;SOFT;2;PING OK - Packet loss = 0%, RTA = 0.39 ms
[1569896859] Auto-save of retention data completed successfully.
[1569900459] Auto-save of retention data completed successfully.
[1569903442] wproc: Core Worker 23158: job 144823 (pid=10819) timed out. Killing it
[1569903442] wproc: CHECK job 144823 from worker Core Worker 23158 timed out after 30.03s
[1569903442] wproc:   host=esxi07; service=(null);
[1569903442] wproc:   early_timeout=1; exited_ok=0; wait_status=0; error_code=62;
[1569903442] Warning: Check of host 'esxi07' timed out after 30.03 seconds
[1569903442] HOST ALERT: esxi07;DOWN;SOFT;1;(Host check timed out after 30.03 seconds)
[1569903443] wproc: Core Worker 23158: job 144823 (pid=10819): Dormant child reaped
[1569903532] wproc: Core Worker 23158: job 144829 (pid=10873) timed out. Killing it
[1569903532] wproc: CHECK job 144829 from worker Core Worker 23158 timed out after 30.01s
[1569903532] wproc:   host=esxi07; service=(null);
[1569903532] wproc:   early_timeout=1; exited_ok=0; wait_status=0; error_code=62;
[1569903532] Warning: Check of host 'esxi07' timed out after 30.01 seconds
[1569903532] HOST ALERT: esxi07;DOWN;SOFT;2;(Host check timed out after 30.01 seconds)
[1569903533] wproc: Core Worker 23158: job 144829 (pid=10873): Dormant child reaped
[1569903596] HOST ALERT: esxi07;UP;SOFT;1;PING OK - Packet loss = 0%, RTA = 0.40 ms
[1569904059] Auto-save of retention data completed successfully.
[1569907659] Auto-save of retention data completed successfully.
[1569911259] Auto-save of retention data completed successfully.
[1569911822] wproc: Core Worker 23160: job 145088 (pid=17564) timed out. Killing it
[1569911822] wproc: CHECK job 145088 from worker Core Worker 23160 timed out after 30.01s
[1569911822] wproc:   host=Director_Bldg; service=(null);
[1569911822] wproc:   early_timeout=1; exited_ok=0; wait_status=0; error_code=62;
[1569911822] Warning: Check of host 'Director_Bldg' timed out after 30.01 seconds
[1569911822] HOST ALERT: Director_Bldg;DOWN;SOFT;1;(Host check timed out after 30.01 seconds)
[1569911822] wproc: Core Worker 23160: job 145088 (pid=17564): Dormant child reaped
[1569911912] wproc: Core Worker 23159: job 145095 (pid=17618) timed out. Killing it
[1569911912] wproc: CHECK job 145095 from worker Core Worker 23159 timed out after 30.03s
[1569911912] wproc:   host=Director_Bldg; service=(null);
[1569911912] wproc:   early_timeout=1; exited_ok=0; wait_status=0; error_code=62;
[1569911912] Warning: Check of host 'Director_Bldg' timed out after 30.03 seconds
[1569911912] HOST ALERT: Director_Bldg;DOWN;SOFT;2;(Host check timed out after 30.03 seconds)
[1569911912] wproc: Core Worker 23159: job 145095 (pid=17618): Dormant child reaped
[1569912002] wproc: Core Worker 23159: job 145097 (pid=17650) timed out. Killing it
[1569912002] wproc: CHECK job 145097 from worker Core Worker 23159 timed out after 30.01s
[1569912002] wproc:   host=Director_Bldg; service=(null);
[1569912002] wproc:   early_timeout=1; exited_ok=0; wait_status=0; error_code=62;
[1569912002] Warning: Check of host 'Director_Bldg' timed out after 30.01 seconds
[1569912002] HOST ALERT: Director_Bldg;DOWN;SOFT;3;(Host check timed out after 30.01 seconds)
[1569912002] wproc: Core Worker 23159: job 145097 (pid=17650): Dormant child reaped
[1569912092] wproc: Core Worker 23159: job 145099 (pid=17804) timed out. Killing it
[1569912092] wproc: CHECK job 145099 from worker Core Worker 23159 timed out after 30.03s
[1569912092] wproc:   host=Director_Bldg; service=(null);
[1569912092] wproc:   early_timeout=1; exited_ok=0; wait_status=0; error_code=62;
[1569912092] Warning: Check of host 'Director_Bldg' timed out after 30.03 seconds
[1569912092] HOST ALERT: Director_Bldg;DOWN;SOFT;4;(Host check timed out after 30.03 seconds)
[1569912092] wproc: Core Worker 23159: job 145099 (pid=17804): Dormant child reaped
[1569912182] wproc: Core Worker 23159: job 145102 (pid=17845) timed out. Killing it
[1569912182] wproc: CHECK job 145102 from worker Core Worker 23159 timed out after 30.01s
[1569912182] wproc:   host=Director_Bldg; service=(null);
[1569912182] wproc:   early_timeout=1; exited_ok=0; wait_status=0; error_code=62;
[1569912182] Warning: Check of host 'Director_Bldg' timed out after 30.01 seconds
[1569912182] HOST ALERT: Director_Bldg;DOWN;SOFT;5;(Host check timed out after 30.01 seconds)
[1569912182] wproc: Core Worker 23159: job 145102 (pid=17845): Dormant child reaped
[1569912241] SERVICE ALERT: Director_Bldg;check-host-alive;CRITICAL;HARD;1;CRITICAL - Plugin timed out
[1569912272] wproc: Core Worker 23157: job 145106 (pid=17878) timed out. Killing it
[1569912272] wproc: CHECK job 145106 from worker Core Worker 23157 timed out after 30.01s
[1569912272] wproc:   host=Director_Bldg; service=(null);
[1569912272] wproc:   early_timeout=1; exited_ok=0; wait_status=0; error_code=62;
[1569912272] Warning: Check of host 'Director_Bldg' timed out after 30.01 seconds
[1569912272] HOST ALERT: Director_Bldg;DOWN;SOFT;6;(Host check timed out after 30.01 seconds)
[1569912272] wproc: Core Worker 23157: job 145106 (pid=17878): Dormant child reaped
[1569912362] wproc: Core Worker 23157: job 145108 (pid=18036) timed out. Killing it
[1569912362] wproc: CHECK job 145108 from worker Core Worker 23157 timed out after 30.03s
[1569912362] wproc:   host=Director_Bldg; service=(null);
[1569912362] wproc:   early_timeout=1; exited_ok=0; wait_status=0; error_code=62;
[1569912362] Warning: Check of host 'Director_Bldg' timed out after 30.03 seconds
[1569912362] HOST ALERT: Director_Bldg;DOWN;SOFT;7;(Host check timed out after 30.03 seconds)
[1569912362] wproc: Core Worker 23157: job 145108 (pid=18036): Dormant child reaped
[1569912452] wproc: Core Worker 23160: job 145109 (pid=18059) timed out. Killing it
[1569912452] wproc: CHECK job 145109 from worker Core Worker 23160 timed out after 30.01s
[1569912452] wproc:   host=Director_Bldg; service=(null);
[1569912452] wproc:   early_timeout=1; exited_ok=0; wait_status=0; error_code=62;
[1569912452] Warning: Check of host 'Director_Bldg' timed out after 30.01 seconds
[1569912452] HOST ALERT: Director_Bldg;DOWN;SOFT;8;(Host check timed out after 30.01 seconds)
[1569912452] wproc: Core Worker 23160: job 145109 (pid=18059): Dormant child reaped
[1569912485] wproc: Core Worker 23157: job 145113 (pid=18087) timed out. Killing it
[1569912485] wproc: CHECK job 145113 from worker Core Worker 23157 timed out after 30.01s
[1569912485] wproc:   host=Director_Resident; service=(null);
[1569912485] wproc:   early_timeout=1; exited_ok=0; wait_status=0; error_code=62;
[1569912485] Warning: Check of host 'Director_Resident' timed out after 30.01 seconds
[1569912485] HOST ALERT: Director_Resident;DOWN;SOFT;1;(Host check timed out after 30.01 seconds)
[1569912485] wproc: Core Worker 23157: job 145113 (pid=18087): Dormant child reaped
[1569912542] wproc: Core Worker 23159: job 145116 (pid=18120) timed out. Killing it
[1569912542] wproc: CHECK job 145116 from worker Core Worker 23159 timed out after 30.03s
[1569912542] wproc:   host=Director_Bldg; service=(null);
[1569912542] wproc:   early_timeout=1; exited_ok=0; wait_status=0; error_code=62;
[1569912542] Warning: Check of host 'Director_Bldg' timed out after 30.03 seconds
[1569912542] HOST ALERT: Director_Bldg;DOWN;SOFT;9;(Host check timed out after 30.03 seconds)
[1569912542] wproc: Core Worker 23159: job 145116 (pid=18120): Dormant child reaped
[1569912575] wproc: Core Worker 23158: job 145117 (pid=18126) timed out. Killing it
[1569912575] wproc: CHECK job 145117 from worker Core Worker 23158 timed out after 30.02s
[1569912575] wproc:   host=Director_Resident; service=(null);
[1569912575] wproc:   early_timeout=1; exited_ok=0; wait_status=0; error_code=62;
[1569912575] Warning: Check of host 'Director_Resident' timed out after 30.02 seconds
[1569912575] HOST ALERT: Director_Resident;DOWN;SOFT;2;(Host check timed out after 30.02 seconds)
[1569912575] wproc: Core Worker 23158: job 145117 (pid=18126): Dormant child reaped
[1569912632] wproc: Core Worker 23157: job 145119 (pid=18278) timed out. Killing it
[1569912632] wproc: CHECK job 145119 from worker Core Worker 23157 timed out after 30.03s
[1569912632] wproc:   host=Director_Bldg; service=(null);
[1569912632] wproc:   early_timeout=1; exited_ok=0; wait_status=0; error_code=62;
[1569912632] Warning: Check of host 'Director_Bldg' timed out after 30.03 seconds
[1569912632] HOST NOTIFICATION: nagiosadmin;Director_Bldg;DOWN;notify-host-by-email;(Host check timed out after 30.03 seconds)
[1569912632] HOST ALERT: Director_Bldg;DOWN;HARD;10;(Host check timed out after 30.03 seconds)
[1569912632] wproc: Core Worker 23157: job 145119 (pid=18278): Dormant child reaped
[1569912633] SERVICE ALERT: Director_Resident;check-host-alive;CRITICAL;HARD;1;CRITICAL - Plugin timed out
[1569912665] wproc: Core Worker 23157: job 145120 (pid=18300) timed out. Killing it
[1569912665] wproc: CHECK job 145120 from worker Core Worker 23157 timed out after 30.03s
[1569912665] wproc:   host=Director_Resident; service=(null);
[1569912665] wproc:   early_timeout=1; exited_ok=0; wait_status=0; error_code=62;
[1569912665] Warning: Check of host 'Director_Resident' timed out after 30.03 seconds
[1569912665] HOST ALERT: Director_Resident;DOWN;SOFT;3;(Host check timed out after 30.03 seconds)
[1569912665] wproc: Core Worker 23157: job 145120 (pid=18300): Dormant child reaped
[1569912755] wproc: Core Worker 23158: job 145122 (pid=18325) timed out. Killing it
[1569912755] wproc: CHECK job 145122 from worker Core Worker 23158 timed out after 30.01s
[1569912755] wproc:   host=Director_Resident; service=(null);
[1569912755] wproc:   early_timeout=1; exited_ok=0; wait_status=0; error_code=62;
[1569912755] Warning: Check of host 'Director_Resident' timed out after 30.01 seconds
[1569912755] HOST ALERT: Director_Resident;DOWN;SOFT;4;(Host check timed out after 30.01 seconds)
[1569912755] wproc: Core Worker 23158: job 145122 (pid=18325): Dormant child reaped
[1569912845] wproc: Core Worker 23158: job 145126 (pid=18372) timed out. Killing it
[1569912845] wproc: CHECK job 145126 from worker Core Worker 23158 timed out after 30.03s
[1569912845] wproc:   host=Director_Resident; service=(null);
[1569912845] wproc:   early_timeout=1; exited_ok=0; wait_status=0; error_code=62;
[1569912845] Warning: Check of host 'Director_Resident' timed out after 30.03 seconds
[1569912845] HOST ALERT: Director_Resident;DOWN;SOFT;5;(Host check timed out after 30.03 seconds)
[1569912845] wproc: Core Worker 23158: job 145126 (pid=18372): Dormant child reaped
[1569912935] wproc: Core Worker 23157: job 145128 (pid=18519) timed out. Killing it
[1569912935] wproc: CHECK job 145128 from worker Core Worker 23157 timed out after 30.03s
[1569912935] wproc:   host=Director_Resident; service=(null);
[1569912935] wproc:   early_timeout=1; exited_ok=0; wait_status=0; error_code=62;
[1569912935] Warning: Check of host 'Director_Resident' timed out after 30.03 seconds
[1569912935] HOST ALERT: Director_Resident;DOWN;SOFT;6;(Host check timed out after 30.03 seconds)
[1569912935] wproc: Core Worker 23157: job 145128 (pid=18519): Dormant child reaped
[1569912962] wproc: Core Worker 23160: job 145128 (pid=18533) timed out. Killing it
[1569912962] wproc: CHECK job 145128 from worker Core Worker 23160 timed out after 30.01s
[1569912962] wproc:   host=Director_Bldg; service=(null);
[1569912962] wproc:   early_timeout=1; exited_ok=0; wait_status=0; error_code=62;
[1569912962] Warning: Check of host 'Director_Bldg' timed out after 30.01 seconds
[1569912962] wproc: Core Worker 23160: job 145128 (pid=18533): Dormant child reaped
[1569913025] wproc: Core Worker 23160: job 145129 (pid=18550) timed out. Killing it
[1569913025] wproc: CHECK job 145129 from worker Core Worker 23160 timed out after 30.01s
[1569913025] wproc:   host=Director_Resident; service=(null);
[1569913025] wproc:   early_timeout=1; exited_ok=0; wait_status=0; error_code=62;
[1569913025] Warning: Check of host 'Director_Resident' timed out after 30.01 seconds
[1569913025] HOST ALERT: Director_Resident;DOWN;SOFT;7;(Host check timed out after 30.01 seconds)
[1569913025] wproc: Core Worker 23160: job 145129 (pid=18550): Dormant child reaped
[1569913115] wproc: Core Worker 23158: job 145136 (pid=18601) timed out. Killing it
[1569913115] wproc: CHECK job 145136 from worker Core Worker 23158 timed out after 30.03s
[1569913115] wproc:   host=Director_Resident; service=(null);
[1569913115] wproc:   early_timeout=1; exited_ok=0; wait_status=0; error_code=62;
[1569913115] Warning: Check of host 'Director_Resident' timed out after 30.03 seconds
[1569913115] HOST ALERT: Director_Resident;DOWN;SOFT;8;(Host check timed out after 30.03 seconds)
[1569913115] wproc: Core Worker 23158: job 145136 (pid=18601): Dormant child reaped
[1569913205] wproc: Core Worker 23158: job 145138 (pid=18633) timed out. Killing it
[1569913205] wproc: CHECK job 145138 from worker Core Worker 23158 timed out after 30.01s
[1569913205] wproc:   host=Director_Resident; service=(null);
[1569913205] wproc:   early_timeout=1; exited_ok=0; wait_status=0; error_code=62;
[1569913205] Warning: Check of host 'Director_Resident' timed out after 30.01 seconds
[1569913205] HOST ALERT: Director_Resident;DOWN;SOFT;9;(Host check timed out after 30.01 seconds)
[1569913205] wproc: Core Worker 23158: job 145138 (pid=18633): Dormant child reaped
[1569913262] wproc: Core Worker 23157: job 145140 (pid=18785) timed out. Killing it
[1569913262] wproc: CHECK job 145140 from worker Core Worker 23157 timed out after 30.03s
[1569913262] wproc:   host=Director_Bldg; service=(null);
[1569913262] wproc:   early_timeout=1; exited_ok=0; wait_status=0; error_code=62;
[1569913262] Warning: Check of host 'Director_Bldg' timed out after 30.03 seconds
[1569913262] wproc: Core Worker 23157: job 145140 (pid=18785): Dormant child reaped
[1569913295] wproc: Core Worker 23159: job 145140 (pid=18788) timed out. Killing it
[1569913295] wproc: CHECK job 145140 from worker Core Worker 23159 timed out after 30.02s
[1569913295] wproc:   host=Director_Resident; service=(null);
[1569913295] wproc:   early_timeout=1; exited_ok=0; wait_status=0; error_code=62;
[1569913295] Warning: Check of host 'Director_Resident' timed out after 30.02 seconds
[1569913295] HOST NOTIFICATION: nagiosadmin;Director_Resident;DOWN;notify-host-by-email;(Host check timed out after 30.02 seconds)
[1569913295] HOST ALERT: Director_Resident;DOWN;HARD;10;(Host check timed out after 30.02 seconds)
[1569913295] wproc: Core Worker 23159: job 145140 (pid=18788): Dormant child reaped
[1569913414] SERVICE ALERT: Director_Bldg;check-host-alive;OK;HARD;3;PING OK - Packet loss = 0%, RTA = 0.62 ms
[1569913418] HOST NOTIFICATION: nagiosadmin;Director_Bldg;UP;notify-host-by-email;PING OK - Packet loss = 0%, RTA = 0.60 ms
[1569913418] HOST ALERT: Director_Bldg;UP;HARD;1;PING OK - Packet loss = 0%, RTA = 0.60 ms
[1569913600] HOST NOTIFICATION: nagiosadmin;Director_Resident;UP;notify-host-by-email;PING OK - Packet loss = 20%, RTA = 0.73 ms
[1569913600] HOST ALERT: Director_Resident;UP;HARD;1;PING OK - Packet loss = 20%, RTA = 0.73 ms
[1569913806] SERVICE ALERT: Director_Resident;check-host-alive;OK;SOFT;1;PING OK - Packet loss = 0%, RTA = 0.60 ms
[1569914859] Auto-save of retention data completed successfully.
[1569918459] Auto-save of retention data completed successfully.
[1569919411] SERVICE ALERT: esxi08;PING;WARNING;SOFT;1;PING WARNING - Packet loss = 20%, RTA = 0.38 ms
[1569919475] SERVICE ALERT: esxi08;PING;OK;SOFT;2;PING OK - Packet loss = 0%, RTA = 0.34 ms
[1569922059] Auto-save of retention data completed successfully.
[1569922114] SERVICE ALERT: esxi01;PING;WARNING;SOFT;1;PING WARNING - Packet loss = 40%, RTA = 0.46 ms
[1569922178] SERVICE ALERT: esxi01;PING;OK;SOFT;2;PING OK - Packet loss = 0%, RTA = 0.49 ms
[1569922543] SERVICE ALERT: esxi01;PING;WARNING;SOFT;1;PING WARNING - Packet loss = 20%, RTA = 0.39 ms
[1569922607] SERVICE ALERT: esxi01;PING;OK;SOFT;2;PING OK - Packet loss = 0%, RTA = 0.40 ms
[1569925659] Auto-save of retention data completed successfully.
[1569929259] Auto-save of retention data completed successfully.
[1569932859] Auto-save of retention data completed successfully.
[1569936459] Auto-save of retention data completed successfully.
[1569940059] Auto-save of retention data completed successfully.
[1569942541] wproc: Core Worker 23159: job 146070 (pid=10235) timed out. Killing it
[1569942541] wproc: Core Worker 23159: job 29463296 with pid 10235 reaped at timeout. timeouts=7; started=146071
[1569943659] Auto-save of retention data completed successfully.
[1569947259] Auto-save of retention data completed successfully.
[1569950859] Auto-save of retention data completed successfully.
[1569954459] Auto-save of retention data completed successfully.
