[1546885800] LOG ROTATION: DAILY
[1546885800] LOG VERSION: 2.0
[1546885800] CURRENT HOST STATE: esxi01;UP;HARD;1;PING OK - Packet loss = 0%, RTA = 0.44 ms
[1546885800] CURRENT HOST STATE: esxi02;UP;HARD;1;PING OK - Packet loss = 0%, RTA = 0.40 ms
[1546885800] CURRENT HOST STATE: esxi03;UP;HARD;1;PING OK - Packet loss = 0%, RTA = 0.58 ms
[1546885800] CURRENT HOST STATE: esxi04;UP;HARD;1;PING OK - Packet loss = 0%, RTA = 0.43 ms
[1546885800] CURRENT HOST STATE: esxi05;DOWN;HARD;10;CRITICAL - Host Unreachable (10.5.5.55)
[1546885800] CURRENT HOST STATE: esxi06;UP;HARD;1;PING OK - Packet loss = 0%, RTA = 0.30 ms
[1546885800] CURRENT HOST STATE: esxi07;UP;HARD;1;PING OK - Packet loss = 0%, RTA = 0.39 ms
[1546885800] CURRENT HOST STATE: esxi08;UP;HARD;1;PING OK - Packet loss = 0%, RTA = 0.39 ms
[1546885800] CURRENT HOST STATE: esxi09;UP;HARD;1;PING OK - Packet loss = 0%, RTA = 0.40 ms
[1546885800] CURRENT HOST STATE: localhost;UP;HARD;1;PING OK - Packet loss = 0%, RTA = 0.04 ms
[1546885800] CURRENT HOST STATE: router1;UP;HARD;1;PING OK - Packet loss = 0%, RTA = 0.57 ms
[1546885800] CURRENT HOST STATE: router2;UP;HARD;1;PING OK - Packet loss = 0%, RTA = 0.73 ms
[1546885800] CURRENT HOST STATE: router3;UP;HARD;1;PING OK - Packet loss = 0%, RTA = 0.67 ms
[1546885800] CURRENT HOST STATE: vmware10gswitch;UP;HARD;1;PING OK - Packet loss = 0%, RTA = 1.39 ms
[1546885800] CURRENT HOST STATE: vmwaremgmtswitch;UP;HARD;1;PING OK - Packet loss = 0%, RTA = 0.79 ms
[1546885800] CURRENT SERVICE STATE: esxi01;ESXi Hardware Check;OK;HARD;1;OK - Server: Cisco Systems Inc UCSC-C220-M4S s/n: FCH22157EQH Chassis S/N: FCH2216V0WN  System BIOS: C220M4.3.0.4a.0.0226182253 2018-02-26
[1546885800] CURRENT SERVICE STATE: esxi01;PING;OK;HARD;1;PING OK - Packet loss = 0%, RTA = 0.52 ms
[1546885800] CURRENT SERVICE STATE: esxi02;ESXi Hardware Check;OK;HARD;1;OK - Server: Cisco Systems Inc UCSC-C220-M4S s/n: FCH22157E1D Chassis S/N: FCH2216V0Y6  System BIOS: C220M4.3.0.4a.0.0226182253 2018-02-26
[1546885800] CURRENT SERVICE STATE: esxi02;PING;OK;HARD;1;PING OK - Packet loss = 0%, RTA = 0.39 ms
[1546885800] CURRENT SERVICE STATE: esxi03;ESXi Hardware Check;OK;HARD;1;OK - Server: Cisco Systems Inc UCSC-C220-M4S s/n: FCH22157ESB Chassis S/N: FCH2216V0TW  System BIOS: C220M4.3.0.4a.0.0226182253 2018-02-26
[1546885800] CURRENT SERVICE STATE: esxi03;PING;OK;HARD;1;PING OK - Packet loss = 0%, RTA = 0.37 ms
[1546885800] CURRENT SERVICE STATE: esxi04;ESXi Hardware Check;OK;HARD;1;OK - Server: Cisco Systems Inc UCSC-C220-M4S s/n: FCH22137QKB Chassis S/N: FCH2216V0YZ  System BIOS: C220M4.3.0.4a.0.0226182253 2018-02-26
[1546885800] CURRENT SERVICE STATE: esxi04;PING;OK;HARD;1;PING OK - Packet loss = 0%, RTA = 0.40 ms
[1546885800] CURRENT SERVICE STATE: esxi05;ESXi Hardware Check;UNKNOWN;HARD;3;UNKNOWN: (0, 'Socket error: [Errno 113] No route to host')
[1546885800] CURRENT SERVICE STATE: esxi05;PING;CRITICAL;HARD;4;CRITICAL - Host Unreachable (10.5.5.55)
[1546885800] CURRENT SERVICE STATE: esxi06;ESXi Haradware Check;OK;HARD;1;OK - Server: Cisco Systems Inc UCSC-C220-M4S s/n: FCH22157ERW Chassis S/N: FCH2216V0X8  System BIOS: C220M4.3.0.4a.0.0226182253 2018-02-26
[1546885800] CURRENT SERVICE STATE: esxi06;PING;OK;HARD;1;PING OK - Packet loss = 0%, RTA = 0.39 ms
[1546885800] CURRENT SERVICE STATE: esxi07;ESXi Hardware Check;OK;HARD;1;OK - Server: Cisco Systems Inc UCSC-C220-M4S s/n: FCH22157EV7 Chassis S/N: FCH2216V0Y8  System BIOS: C220M4.3.0.4a.0.0226182253 2018-02-26
[1546885800] CURRENT SERVICE STATE: esxi07;PING;OK;HARD;1;PING OK - Packet loss = 0%, RTA = 0.51 ms
[1546885800] CURRENT SERVICE STATE: esxi08;ESXi Hardware Check;OK;HARD;1;OK - Server: Cisco Systems Inc UCSC-C220-M4S s/n: FCH22137QJN Chassis S/N: FCH2216V0YV  System BIOS: C220M4.3.0.4a.0.0226182253 2018-02-26
[1546885800] CURRENT SERVICE STATE: esxi08;PING;OK;HARD;1;PING OK - Packet loss = 0%, RTA = 0.38 ms
[1546885800] CURRENT SERVICE STATE: esxi09;ESXi Hardware Check;OK;HARD;1;OK - Server: Cisco Systems Inc UCSC-C220-M4S s/n: FCH22157ERY Chassis S/N: FCH2216V0YN  System BIOS: C220M4.3.0.4a.0.0226182253 2018-02-26
[1546885800] CURRENT SERVICE STATE: esxi09;PING;OK;HARD;1;PING OK - Packet loss = 0%, RTA = 0.40 ms
[1546885800] CURRENT SERVICE STATE: localhost;Current Load;OK;HARD;1;OK - load average: 0.00, 0.01, 0.05
[1546885800] CURRENT SERVICE STATE: localhost;Current Users;OK;HARD;1;USERS OK - 0 users currently logged in
[1546885800] CURRENT SERVICE STATE: localhost;HTTP;WARNING;HARD;4;HTTP WARNING: HTTP/1.1 403 Forbidden - 5179 bytes in 0.001 second response time
[1546885800] CURRENT SERVICE STATE: localhost;PING;OK;HARD;1;PING OK - Packet loss = 0%, RTA = 0.04 ms
[1546885800] CURRENT SERVICE STATE: localhost;Root Partition;OK;HARD;1;DISK OK - free space: / 44708 MB (87.36% inode=99%):
[1546885800] CURRENT SERVICE STATE: localhost;SSH;OK;HARD;1;SSH OK - OpenSSH_7.4 (protocol 2.0)
[1546885800] CURRENT SERVICE STATE: localhost;Swap Usage;OK;HARD;1;SWAP OK - 100% free (3967 MB out of 3967 MB)
[1546885800] CURRENT SERVICE STATE: localhost;Total Processes;OK;HARD;1;PROCS OK: 75 processes with STATE = RSZDT
[1546885800] CURRENT SERVICE STATE: router1;check-host-alive;OK;HARD;1;PING OK - Packet loss = 0%, RTA = 0.59 ms
[1546885800] CURRENT SERVICE STATE: router2;check-host-alive;OK;HARD;1;PING OK - Packet loss = 0%, RTA = 0.77 ms
[1546885800] CURRENT SERVICE STATE: router3;check-host-alive;OK;HARD;1;PING OK - Packet loss = 0%, RTA = 0.62 ms
[1546885800] CURRENT SERVICE STATE: vmware10gswitch;check-host-alive;OK;HARD;1;PING OK - Packet loss = 0%, RTA = 1.36 ms
[1546885800] CURRENT SERVICE STATE: vmwaremgmtswitch;check-host-alive;OK;HARD;1;PING OK - Packet loss = 0%, RTA = 0.79 ms
[1546888136] Auto-save of retention data completed successfully.
[1546891736] Auto-save of retention data completed successfully.
[1546895336] Auto-save of retention data completed successfully.
[1546898936] Auto-save of retention data completed successfully.
[1546902536] Auto-save of retention data completed successfully.
[1546906136] Auto-save of retention data completed successfully.
[1546909736] Auto-save of retention data completed successfully.
[1546913336] Auto-save of retention data completed successfully.
[1546916936] Auto-save of retention data completed successfully.
[1546918361] HOST NOTIFICATION: nagiosadmin;esxi05;DOWN;notify-host-by-email;CRITICAL - Host Unreachable (10.5.5.55)
[1546920536] Auto-save of retention data completed successfully.
[1546924136] Auto-save of retention data completed successfully.
[1546925561] HOST NOTIFICATION: nagiosadmin;esxi05;DOWN;notify-host-by-email;CRITICAL - Host Unreachable (10.5.5.55)
[1546927736] Auto-save of retention data completed successfully.
[1546931336] Auto-save of retention data completed successfully.
[1546932761] HOST NOTIFICATION: nagiosadmin;esxi05;DOWN;notify-host-by-email;CRITICAL - Host Unreachable (10.5.5.55)
[1546934936] Auto-save of retention data completed successfully.
[1546938536] Auto-save of retention data completed successfully.
[1546939961] HOST NOTIFICATION: nagiosadmin;esxi05;DOWN;notify-host-by-email;CRITICAL - Host Unreachable (10.5.5.55)
[1546942136] Auto-save of retention data completed successfully.
[1546942972] SERVICE ALERT: esxi09;PING;WARNING;SOFT;1;PING WARNING - Packet loss = 20%, RTA = 0.43 ms
[1546943036] SERVICE ALERT: esxi09;PING;OK;HARD;1;PING OK - Packet loss = 0%, RTA = 0.42 ms
[1546945736] Auto-save of retention data completed successfully.
[1546949336] Auto-save of retention data completed successfully.
[1546952936] Auto-save of retention data completed successfully.
[1546956536] Auto-save of retention data completed successfully.
[1546960136] Auto-save of retention data completed successfully.
[1546963736] Auto-save of retention data completed successfully.
[1546967336] Auto-save of retention data completed successfully.
[1546970936] Auto-save of retention data completed successfully.
[1546971893] SERVICE ALERT: esxi02;PING;WARNING;SOFT;1;PING WARNING - Packet loss = 20%, RTA = 0.50 ms
[1546971957] SERVICE ALERT: esxi02;PING;OK;HARD;1;PING OK - Packet loss = 0%, RTA = 0.44 ms
