[1545244200] LOG ROTATION: DAILY
[1545244200] LOG VERSION: 2.0
[1545244200] CURRENT HOST STATE: esxi01;UP;HARD;1;PING OK - Packet loss = 0%, RTA = 0.44 ms
[1545244200] CURRENT HOST STATE: esxi02;UP;HARD;1;PING OK - Packet loss = 0%, RTA = 0.41 ms
[1545244200] CURRENT HOST STATE: esxi03;UP;HARD;1;PING OK - Packet loss = 0%, RTA = 0.48 ms
[1545244200] CURRENT HOST STATE: esxi04;UP;HARD;1;PING OK - Packet loss = 0%, RTA = 0.42 ms
[1545244200] CURRENT HOST STATE: esxi05;DOWN;HARD;10;CRITICAL - Host Unreachable (10.5.5.55)
[1545244200] CURRENT HOST STATE: esxi06;UP;HARD;1;PING OK - Packet loss = 0%, RTA = 0.39 ms
[1545244200] CURRENT HOST STATE: esxi07;UP;HARD;1;PING OK - Packet loss = 0%, RTA = 0.45 ms
[1545244200] CURRENT HOST STATE: esxi08;UP;HARD;1;PING OK - Packet loss = 0%, RTA = 0.45 ms
[1545244200] CURRENT HOST STATE: esxi09;UP;HARD;1;PING OK - Packet loss = 0%, RTA = 0.46 ms
[1545244200] CURRENT HOST STATE: localhost;UP;HARD;1;PING OK - Packet loss = 0%, RTA = 0.04 ms
[1545244200] CURRENT HOST STATE: router1;UP;HARD;1;PING OK - Packet loss = 0%, RTA = 0.59 ms
[1545244200] CURRENT HOST STATE: router2;UP;HARD;1;PING OK - Packet loss = 0%, RTA = 0.76 ms
[1545244200] CURRENT HOST STATE: router3;UP;HARD;1;PING OK - Packet loss = 0%, RTA = 1.22 ms
[1545244200] CURRENT HOST STATE: vmware10gswitch;UP;HARD;1;PING OK - Packet loss = 0%, RTA = 1.28 ms
[1545244200] CURRENT HOST STATE: vmwaremgmtswitch;UP;HARD;1;PING OK - Packet loss = 0%, RTA = 0.79 ms
[1545244200] CURRENT SERVICE STATE: esxi01;ESXi Hardware Check;OK;HARD;1;OK - Server: Cisco Systems Inc UCSC-C220-M4S s/n: FCH22157EQH Chassis S/N: FCH2216V0WN  System BIOS: C220M4.3.0.4a.0.0226182253 2018-02-26
[1545244200] CURRENT SERVICE STATE: esxi01;PING;OK;HARD;1;PING OK - Packet loss = 0%, RTA = 0.45 ms
[1545244200] CURRENT SERVICE STATE: esxi02;ESXi Hardware Check;OK;HARD;1;OK - Server: Cisco Systems Inc UCSC-C220-M4S s/n: FCH22157E1D Chassis S/N: FCH2216V0Y6  System BIOS: C220M4.3.0.4a.0.0226182253 2018-02-26
[1545244200] CURRENT SERVICE STATE: esxi02;PING;OK;HARD;1;PING OK - Packet loss = 0%, RTA = 0.44 ms
[1545244200] CURRENT SERVICE STATE: esxi03;ESXi Hardware Check;OK;HARD;1;OK - Server: Cisco Systems Inc UCSC-C220-M4S s/n: FCH22157ESB Chassis S/N: FCH2216V0TW  System BIOS: C220M4.3.0.4a.0.0226182253 2018-02-26
[1545244200] CURRENT SERVICE STATE: esxi03;PING;OK;HARD;1;PING OK - Packet loss = 0%, RTA = 0.45 ms
[1545244200] CURRENT SERVICE STATE: esxi04;ESXi Hardware Check;OK;HARD;1;OK - Server: Cisco Systems Inc UCSC-C220-M4S s/n: FCH22137QKB Chassis S/N: FCH2216V0YZ  System BIOS: C220M4.3.0.4a.0.0226182253 2018-02-26
[1545244200] CURRENT SERVICE STATE: esxi04;PING;OK;HARD;1;PING OK - Packet loss = 0%, RTA = 0.48 ms
[1545244200] CURRENT SERVICE STATE: esxi05;ESXi Hardware Check;UNKNOWN;HARD;3;UNKNOWN: (0, 'Socket error: [Errno 113] No route to host')
[1545244200] CURRENT SERVICE STATE: esxi05;PING;CRITICAL;HARD;4;CRITICAL - Host Unreachable (10.5.5.55)
[1545244200] CURRENT SERVICE STATE: esxi06;ESXi Haradware Check;OK;HARD;1;OK - Server: Cisco Systems Inc UCSC-C220-M4S s/n: FCH22157ERW Chassis S/N: FCH2216V0X8  System BIOS: C220M4.3.0.4a.0.0226182253 2018-02-26
[1545244200] CURRENT SERVICE STATE: esxi06;PING;OK;HARD;1;PING OK - Packet loss = 0%, RTA = 0.46 ms
[1545244200] CURRENT SERVICE STATE: esxi07;ESXi Hardware Check;OK;HARD;1;OK - Server: Cisco Systems Inc UCSC-C220-M4S s/n: FCH22157EV7 Chassis S/N: FCH2216V0Y8  System BIOS: C220M4.3.0.4a.0.0226182253 2018-02-26
[1545244200] CURRENT SERVICE STATE: esxi07;PING;OK;HARD;1;PING OK - Packet loss = 0%, RTA = 0.50 ms
[1545244200] CURRENT SERVICE STATE: esxi08;ESXi Hardware Check;OK;HARD;1;OK - Server: Cisco Systems Inc UCSC-C220-M4S s/n: FCH22137QJN Chassis S/N: FCH2216V0YV  System BIOS: C220M4.3.0.4a.0.0226182253 2018-02-26
[1545244200] CURRENT SERVICE STATE: esxi08;PING;OK;HARD;1;PING OK - Packet loss = 0%, RTA = 0.38 ms
[1545244200] CURRENT SERVICE STATE: esxi09;ESXi Hardware Check;OK;HARD;1;OK - Server: Cisco Systems Inc UCSC-C220-M4S s/n: FCH22157ERY Chassis S/N: FCH2216V0YN  System BIOS: C220M4.3.0.4a.0.0226182253 2018-02-26
[1545244200] CURRENT SERVICE STATE: esxi09;PING;OK;HARD;1;PING OK - Packet loss = 0%, RTA = 0.45 ms
[1545244200] CURRENT SERVICE STATE: localhost;Current Load;OK;HARD;1;OK - load average: 0.02, 0.03, 0.05
[1545244200] CURRENT SERVICE STATE: localhost;Current Users;OK;HARD;1;USERS OK - 0 users currently logged in
[1545244200] CURRENT SERVICE STATE: localhost;HTTP;WARNING;HARD;4;HTTP WARNING: HTTP/1.1 403 Forbidden - 5179 bytes in 0.001 second response time
[1545244200] CURRENT SERVICE STATE: localhost;PING;OK;HARD;1;PING OK - Packet loss = 0%, RTA = 0.04 ms
[1545244200] CURRENT SERVICE STATE: localhost;Root Partition;OK;HARD;1;DISK OK - free space: / 44709 MB (87.36% inode=99%):
[1545244200] CURRENT SERVICE STATE: localhost;SSH;OK;HARD;1;SSH OK - OpenSSH_7.4 (protocol 2.0)
[1545244200] CURRENT SERVICE STATE: localhost;Swap Usage;OK;HARD;1;SWAP OK - 100% free (3967 MB out of 3967 MB)
[1545244200] CURRENT SERVICE STATE: localhost;Total Processes;OK;HARD;1;PROCS OK: 81 processes with STATE = RSZDT
[1545244200] CURRENT SERVICE STATE: router1;check-host-alive;OK;HARD;1;PING OK - Packet loss = 0%, RTA = 0.56 ms
[1545244200] CURRENT SERVICE STATE: router2;check-host-alive;OK;HARD;1;PING OK - Packet loss = 0%, RTA = 0.72 ms
[1545244200] CURRENT SERVICE STATE: router3;check-host-alive;OK;HARD;1;PING OK - Packet loss = 0%, RTA = 0.62 ms
[1545244200] CURRENT SERVICE STATE: vmware10gswitch;check-host-alive;OK;HARD;1;PING OK - Packet loss = 0%, RTA = 1.34 ms
[1545244200] CURRENT SERVICE STATE: vmwaremgmtswitch;check-host-alive;OK;HARD;1;PING OK - Packet loss = 0%, RTA = 0.81 ms
[1545246536] Auto-save of retention data completed successfully.
[1545250136] Auto-save of retention data completed successfully.
[1545253736] Auto-save of retention data completed successfully.
[1545257336] Auto-save of retention data completed successfully.
[1545260936] Auto-save of retention data completed successfully.
[1545264536] Auto-save of retention data completed successfully.
[1545268136] Auto-save of retention data completed successfully.
[1545271736] Auto-save of retention data completed successfully.
[1545275336] Auto-save of retention data completed successfully.
[1545276759] HOST NOTIFICATION: nagiosadmin;esxi05;DOWN;notify-host-by-email;CRITICAL - Host Unreachable (10.5.5.55)
[1545278936] Auto-save of retention data completed successfully.
[1545282536] Auto-save of retention data completed successfully.
[1545283959] HOST NOTIFICATION: nagiosadmin;esxi05;DOWN;notify-host-by-email;CRITICAL - Host Unreachable (10.5.5.55)
[1545285820] wproc: Core Worker 10552: job 19067 (pid=28085) timed out. Killing it
[1545285820] wproc: CHECK job 19067 from worker Core Worker 10552 timed out after 30.03s
[1545285820] wproc:   host=router1; service=(null);
[1545285820] wproc:   early_timeout=1; exited_ok=0; wait_status=0; error_code=62;
[1545285820] Warning: Check of host 'router1' timed out after 30.03 seconds
[1545285820] HOST ALERT: router1;DOWN;SOFT;1;(Host check timed out after 30.03 seconds)
[1545285820] wproc: Core Worker 10552: job 19067 (pid=28085): Dormant child reaped
[1545285884] HOST ALERT: router1;UP;SOFT;1;PING OK - Packet loss = 0%, RTA = 0.59 ms
[1545286136] Auto-save of retention data completed successfully.
[1545289736] Auto-save of retention data completed successfully.
[1545291159] HOST NOTIFICATION: nagiosadmin;esxi05;DOWN;notify-host-by-email;CRITICAL - Host Unreachable (10.5.5.55)
[1545293336] Auto-save of retention data completed successfully.
[1545296936] Auto-save of retention data completed successfully.
[1545298359] HOST NOTIFICATION: nagiosadmin;esxi05;DOWN;notify-host-by-email;CRITICAL - Host Unreachable (10.5.5.55)
[1545300536] Auto-save of retention data completed successfully.
[1545304136] Auto-save of retention data completed successfully.
[1545307736] Auto-save of retention data completed successfully.
[1545311336] Auto-save of retention data completed successfully.
[1545314936] Auto-save of retention data completed successfully.
[1545318536] Auto-save of retention data completed successfully.
[1545322136] Auto-save of retention data completed successfully.
[1545325736] Auto-save of retention data completed successfully.
[1545329336] Auto-save of retention data completed successfully.
