[1551378600] LOG ROTATION: DAILY
[1551378600] LOG VERSION: 2.0
[1551378600] CURRENT HOST STATE: esxi01;UP;HARD;1;PING OK - Packet loss = 0%, RTA = 0.55 ms
[1551378600] CURRENT HOST STATE: esxi02;UP;HARD;1;PING OK - Packet loss = 0%, RTA = 0.44 ms
[1551378600] CURRENT HOST STATE: esxi03;UP;HARD;1;PING OK - Packet loss = 20%, RTA = 0.33 ms
[1551378600] CURRENT HOST STATE: esxi04;UP;HARD;1;PING OK - Packet loss = 0%, RTA = 0.34 ms
[1551378600] CURRENT HOST STATE: esxi05;UP;HARD;1;PING OK - Packet loss = 0%, RTA = 0.42 ms
[1551378600] CURRENT HOST STATE: esxi06;UP;HARD;1;PING OK - Packet loss = 0%, RTA = 0.51 ms
[1551378600] CURRENT HOST STATE: esxi07;UP;HARD;1;PING OK - Packet loss = 0%, RTA = 0.35 ms
[1551378600] CURRENT HOST STATE: esxi08;UP;HARD;1;PING OK - Packet loss = 0%, RTA = 0.46 ms
[1551378600] CURRENT HOST STATE: esxi09;UP;HARD;1;PING OK - Packet loss = 0%, RTA = 0.38 ms
[1551378600] CURRENT HOST STATE: localhost;UP;HARD;1;PING OK - Packet loss = 0%, RTA = 0.03 ms
[1551378600] CURRENT HOST STATE: router1;UP;HARD;1;PING OK - Packet loss = 0%, RTA = 0.55 ms
[1551378600] CURRENT HOST STATE: router2;UP;HARD;1;PING OK - Packet loss = 0%, RTA = 0.69 ms
[1551378600] CURRENT HOST STATE: router3;UP;HARD;1;PING OK - Packet loss = 0%, RTA = 0.54 ms
[1551378600] CURRENT HOST STATE: vmware10gswitch;UP;HARD;1;PING OK - Packet loss = 0%, RTA = 1.22 ms
[1551378600] CURRENT HOST STATE: vmwaremgmtswitch;UP;HARD;1;PING OK - Packet loss = 0%, RTA = 2.83 ms
[1551378600] CURRENT SERVICE STATE: esxi01;ESXi Hardware Check;OK;HARD;1;OK - Server: Cisco Systems Inc UCSC-C220-M4S s/n: FCH22157EQH Chassis S/N: FCH2216V0WN  System BIOS: C220M4.3.0.4a.0.0226182253 2018-02-26
[1551378600] CURRENT SERVICE STATE: esxi01;PING;OK;HARD;1;PING OK - Packet loss = 0%, RTA = 0.39 ms
[1551378600] CURRENT SERVICE STATE: esxi02;ESXi Hardware Check;OK;HARD;1;OK - Server: Cisco Systems Inc UCSC-C220-M4S s/n: FCH22157E1D Chassis S/N: FCH2216V0Y6  System BIOS: C220M4.3.0.4a.0.0226182253 2018-02-26
[1551378600] CURRENT SERVICE STATE: esxi02;PING;OK;HARD;1;PING OK - Packet loss = 0%, RTA = 0.38 ms
[1551378600] CURRENT SERVICE STATE: esxi03;ESXi Hardware Check;OK;HARD;1;OK - Server: Cisco Systems Inc UCSC-C220-M4S s/n: FCH22157ESB Chassis S/N: FCH2216V0TW  System BIOS: C220M4.3.0.4a.0.0226182253 2018-02-26
[1551378600] CURRENT SERVICE STATE: esxi03;PING;OK;HARD;1;PING OK - Packet loss = 0%, RTA = 0.40 ms
[1551378600] CURRENT SERVICE STATE: esxi04;ESXi Hardware Check;OK;HARD;1;OK - Server: Cisco Systems Inc UCSC-C220-M4S s/n: FCH22137QKB Chassis S/N: FCH2216V0YZ  System BIOS: C220M4.3.0.4a.0.0226182253 2018-02-26
[1551378600] CURRENT SERVICE STATE: esxi04;PING;OK;HARD;1;PING OK - Packet loss = 0%, RTA = 0.42 ms
[1551378600] CURRENT SERVICE STATE: esxi05;ESXi Hardware Check;OK;HARD;1;OK - Server: Cisco Systems Inc UCSC-C220-M4S s/n: FCH22157EPD Chassis S/N: FCH2216V0Z0  System BIOS: C220M4.3.0.4a.0.0226182253 2018-02-26
[1551378600] CURRENT SERVICE STATE: esxi05;PING;OK;HARD;1;PING OK - Packet loss = 0%, RTA = 0.46 ms
[1551378600] CURRENT SERVICE STATE: esxi06;ESXi Haradware Check;OK;HARD;1;OK - Server: Cisco Systems Inc UCSC-C220-M4S s/n: FCH22157ERW Chassis S/N: FCH2216V0X8  System BIOS: C220M4.3.0.4a.0.0226182253 2018-02-26
[1551378600] CURRENT SERVICE STATE: esxi06;PING;OK;HARD;1;PING OK - Packet loss = 0%, RTA = 0.37 ms
[1551378600] CURRENT SERVICE STATE: esxi07;ESXi Hardware Check;OK;HARD;1;OK - Server: Cisco Systems Inc UCSC-C220-M4S s/n: FCH22157EV7 Chassis S/N: FCH2216V0Y8  System BIOS: C220M4.3.0.4a.0.0226182253 2018-02-26
[1551378600] CURRENT SERVICE STATE: esxi07;PING;OK;HARD;1;PING OK - Packet loss = 0%, RTA = 0.42 ms
[1551378600] CURRENT SERVICE STATE: esxi08;ESXi Hardware Check;OK;HARD;1;OK - Server: Cisco Systems Inc UCSC-C220-M4S s/n: FCH22137QJN Chassis S/N: FCH2216V0YV  System BIOS: C220M4.3.0.4a.0.0226182253 2018-02-26
[1551378600] CURRENT SERVICE STATE: esxi08;PING;OK;HARD;1;PING OK - Packet loss = 0%, RTA = 0.52 ms
[1551378600] CURRENT SERVICE STATE: esxi09;ESXi Hardware Check;OK;HARD;1;OK - Server: Cisco Systems Inc UCSC-C220-M4S s/n: FCH22157ERY Chassis S/N: FCH2216V0YN  System BIOS: C220M4.3.0.4a.0.0226182253 2018-02-26
[1551378600] CURRENT SERVICE STATE: esxi09;PING;OK;HARD;1;PING OK - Packet loss = 0%, RTA = 0.40 ms
[1551378600] CURRENT SERVICE STATE: localhost;Current Load;OK;HARD;1;OK - load average: 0.04, 0.04, 0.07
[1551378600] CURRENT SERVICE STATE: localhost;Current Users;OK;HARD;1;USERS OK - 3 users currently logged in
[1551378600] CURRENT SERVICE STATE: localhost;HTTP;WARNING;HARD;4;HTTP WARNING: HTTP/1.1 403 Forbidden - 5179 bytes in 0.001 second response time
[1551378600] CURRENT SERVICE STATE: localhost;PING;OK;HARD;1;PING OK - Packet loss = 0%, RTA = 0.02 ms
[1551378600] CURRENT SERVICE STATE: localhost;Root Partition;OK;HARD;1;DISK OK - free space: / 44291 MB (86.54% inode=99%):
[1551378600] CURRENT SERVICE STATE: localhost;SSH;OK;HARD;1;SSH OK - OpenSSH_7.4 (protocol 2.0)
[1551378600] CURRENT SERVICE STATE: localhost;Swap Usage;OK;HARD;1;SWAP OK - 100% free (3967 MB out of 3967 MB)
[1551378600] CURRENT SERVICE STATE: localhost;Total Processes;OK;HARD;1;PROCS OK: 76 processes with STATE = RSZDT
[1551378600] CURRENT SERVICE STATE: router1;check-host-alive;OK;HARD;1;PING OK - Packet loss = 0%, RTA = 0.54 ms
[1551378600] CURRENT SERVICE STATE: router2;check-host-alive;OK;HARD;1;PING OK - Packet loss = 0%, RTA = 0.73 ms
[1551378600] CURRENT SERVICE STATE: router3;check-host-alive;OK;HARD;1;PING OK - Packet loss = 0%, RTA = 0.87 ms
[1551378600] CURRENT SERVICE STATE: vmware10gswitch;check-host-alive;OK;HARD;1;PING OK - Packet loss = 0%, RTA = 1.29 ms
[1551378600] CURRENT SERVICE STATE: vmwaremgmtswitch;check-host-alive;OK;HARD;1;PING OK - Packet loss = 0%, RTA = 1.39 ms
[1551379842] Auto-save of retention data completed successfully.
[1551380090] SERVICE ALERT: esxi03;PING;WARNING;SOFT;1;PING WARNING - Packet loss = 20%, RTA = 0.48 ms
[1551380155] SERVICE ALERT: esxi03;PING;WARNING;SOFT;2;PING WARNING - Packet loss = 20%, RTA = 0.38 ms
[1551380219] SERVICE ALERT: esxi03;PING;OK;HARD;1;PING OK - Packet loss = 0%, RTA = 0.35 ms
[1551383442] Auto-save of retention data completed successfully.
[1551387042] Auto-save of retention data completed successfully.
[1551390642] Auto-save of retention data completed successfully.
[1551394242] Auto-save of retention data completed successfully.
[1551394620] SERVICE ALERT: esxi03;PING;WARNING;SOFT;1;PING WARNING - Packet loss = 20%, RTA = 2.55 ms
[1551394684] SERVICE ALERT: esxi03;PING;OK;HARD;1;PING OK - Packet loss = 0%, RTA = 0.31 ms
[1551397842] Auto-save of retention data completed successfully.
[1551400085] SERVICE ALERT: esxi03;PING;WARNING;SOFT;1;PING WARNING - Packet loss = 40%, RTA = 0.41 ms
[1551400149] SERVICE ALERT: esxi03;PING;OK;HARD;1;PING OK - Packet loss = 0%, RTA = 0.40 ms
[1551401442] Auto-save of retention data completed successfully.
[1551404950] SERVICE ALERT: esxi03;PING;WARNING;SOFT;1;PING WARNING - Packet loss = 20%, RTA = 0.44 ms
[1551405014] SERVICE ALERT: esxi03;PING;OK;HARD;1;PING OK - Packet loss = 0%, RTA = 0.40 ms
[1551405042] Auto-save of retention data completed successfully.
[1551408015] SERVICE ALERT: esxi03;PING;WARNING;SOFT;1;PING WARNING - Packet loss = 20%, RTA = 0.49 ms
[1551408080] SERVICE ALERT: esxi03;PING;WARNING;SOFT;2;PING WARNING - Packet loss = 20%, RTA = 0.41 ms
[1551408144] SERVICE ALERT: esxi03;PING;OK;HARD;1;PING OK - Packet loss = 0%, RTA = 0.28 ms
[1551408642] Auto-save of retention data completed successfully.
[1551412242] Auto-save of retention data completed successfully.
[1551415345] SERVICE ALERT: esxi03;PING;WARNING;SOFT;1;PING WARNING - Packet loss = 40%, RTA = 0.44 ms
[1551415409] SERVICE ALERT: esxi03;PING;OK;HARD;1;PING OK - Packet loss = 0%, RTA = 0.34 ms
[1551415842] Auto-save of retention data completed successfully.
[1551419442] Auto-save of retention data completed successfully.
[1551423042] Auto-save of retention data completed successfully.
[1551426510] SERVICE ALERT: esxi03;PING;WARNING;SOFT;1;PING WARNING - Packet loss = 20%, RTA = 0.29 ms
[1551426574] SERVICE ALERT: esxi03;PING;OK;HARD;1;PING OK - Packet loss = 0%, RTA = 0.38 ms
[1551426642] Auto-save of retention data completed successfully.
[1551428075] SERVICE ALERT: esxi03;PING;WARNING;SOFT;1;PING WARNING - Packet loss = 20%, RTA = 0.80 ms
[1551428139] SERVICE ALERT: esxi03;PING;OK;HARD;1;PING OK - Packet loss = 0%, RTA = 0.37 ms
[1551430242] Auto-save of retention data completed successfully.
[1551432940] SERVICE ALERT: esxi03;PING;WARNING;SOFT;1;PING WARNING - Packet loss = 20%, RTA = 0.36 ms
[1551433004] SERVICE ALERT: esxi03;PING;OK;HARD;1;PING OK - Packet loss = 0%, RTA = 0.34 ms
[1551433842] Auto-save of retention data completed successfully.
[1551435105] SERVICE ALERT: esxi03;PING;WARNING;SOFT;1;PING WARNING - Packet loss = 20%, RTA = 0.33 ms
[1551435169] SERVICE ALERT: esxi03;PING;OK;HARD;1;PING OK - Packet loss = 0%, RTA = 0.45 ms
[1551435770] SERVICE ALERT: esxi03;PING;WARNING;SOFT;1;PING WARNING - Packet loss = 20%, RTA = 0.37 ms
[1551435834] SERVICE ALERT: esxi03;PING;OK;HARD;1;PING OK - Packet loss = 0%, RTA = 0.65 ms
[1551436435] SERVICE ALERT: esxi03;PING;WARNING;SOFT;1;PING WARNING - Packet loss = 20%, RTA = 0.25 ms
[1551436499] SERVICE ALERT: esxi03;PING;OK;HARD;1;PING OK - Packet loss = 0%, RTA = 0.41 ms
[1551437442] Auto-save of retention data completed successfully.
[1551439500] SERVICE ALERT: esxi03;PING;WARNING;SOFT;1;PING WARNING - Packet loss = 20%, RTA = 0.48 ms
[1551439564] SERVICE ALERT: esxi03;PING;OK;HARD;1;PING OK - Packet loss = 0%, RTA = 0.32 ms
[1551441042] Auto-save of retention data completed successfully.
[1551444642] Auto-save of retention data completed successfully.
[1551448242] Auto-save of retention data completed successfully.
[1551451842] Auto-save of retention data completed successfully.
[1551455442] Auto-save of retention data completed successfully.
[1551459042] Auto-save of retention data completed successfully.
[1551462642] Auto-save of retention data completed successfully.
[1551463265] SERVICE ALERT: esxi03;PING;WARNING;SOFT;1;PING WARNING - Packet loss = 20%, RTA = 0.43 ms
[1551463329] SERVICE ALERT: esxi03;PING;OK;HARD;1;PING OK - Packet loss = 0%, RTA = 1.74 ms
