[1596825000] LOG ROTATION: DAILY
[1596825000] LOG VERSION: 2.0
[1596825000] CURRENT HOST STATE: AP_Main_Bldg;UP;HARD;1;PING OK - Packet loss = 0%, RTA = 0.75 ms
[1596825000] CURRENT HOST STATE: Director_Bldg;UP;HARD;1;PING OK - Packet loss = 0%, RTA = 0.57 ms
[1596825000] CURRENT HOST STATE: Director_Resident;UP;HARD;1;PING OK - Packet loss = 0%, RTA = 1.03 ms
[1596825000] CURRENT HOST STATE: esxi01;UP;HARD;1;PING OK - Packet loss = 0%, RTA = 0.41 ms
[1596825000] CURRENT HOST STATE: esxi02;UP;HARD;1;PING OK - Packet loss = 0%, RTA = 0.28 ms
[1596825000] CURRENT HOST STATE: esxi03;UP;HARD;1;PING OK - Packet loss = 0%, RTA = 0.31 ms
[1596825000] CURRENT HOST STATE: esxi04;UP;HARD;1;PING OK - Packet loss = 0%, RTA = 0.53 ms
[1596825000] CURRENT HOST STATE: esxi05;UP;HARD;1;PING OK - Packet loss = 0%, RTA = 0.42 ms
[1596825000] CURRENT HOST STATE: esxi06;UP;HARD;1;PING OK - Packet loss = 0%, RTA = 0.41 ms
[1596825000] CURRENT HOST STATE: esxi07;UP;HARD;1;PING OK - Packet loss = 0%, RTA = 0.40 ms
[1596825000] CURRENT HOST STATE: esxi08;UP;HARD;1;PING OK - Packet loss = 0%, RTA = 0.45 ms
[1596825000] CURRENT HOST STATE: esxi09;UP;HARD;1;PING OK - Packet loss = 0%, RTA = 0.42 ms
[1596825000] CURRENT HOST STATE: localhost;UP;HARD;1;PING OK - Packet loss = 0%, RTA = 0.05 ms
[1596825000] CURRENT HOST STATE: vmware10gswitch;UP;HARD;1;PING OK - Packet loss = 0%, RTA = 1.37 ms
[1596825000] CURRENT HOST STATE: vmwaremgmtswitch;UP;HARD;1;PING OK - Packet loss = 0%, RTA = 0.79 ms
[1596825000] CURRENT SERVICE STATE: AP_Main_Bldg;check-host-alive;OK;HARD;1;PING OK - Packet loss = 0%, RTA = 0.77 ms
[1596825000] CURRENT SERVICE STATE: Director_Bldg;check-host-alive;OK;HARD;1;PING OK - Packet loss = 0%, RTA = 0.60 ms
[1596825000] CURRENT SERVICE STATE: Director_Resident;check-host-alive;OK;HARD;1;PING OK - Packet loss = 0%, RTA = 0.67 ms
[1596825000] CURRENT SERVICE STATE: esxi01;ESXi Hardware Check;OK;HARD;1;OK - Server: Cisco Systems Inc UCSC-C220-M4S s/n: FCH22157EQH Chassis S/N: FCH2216V0WN  System BIOS: C220M4.3.0.4a.0.0226182253 2018-02-26
[1596825000] CURRENT SERVICE STATE: esxi01;PING;OK;HARD;1;PING OK - Packet loss = 0%, RTA = 0.47 ms
[1596825000] CURRENT SERVICE STATE: esxi02;ESXi Hardware Check;UNKNOWN;HARD;3;UNKNOWN:
[1596825000] CURRENT SERVICE STATE: esxi02;PING;OK;HARD;1;PING OK - Packet loss = 0%, RTA = 0.27 ms
[1596825000] CURRENT SERVICE STATE: esxi03;ESXi Hardware Check;OK;HARD;1;OK - Server: Cisco Systems Inc UCSC-C220-M4S s/n: FCH22157ESB Chassis S/N: FCH2216V0TW  System BIOS: C220M4.3.0.4a.0.0226182253 2018-02-26
[1596825000] CURRENT SERVICE STATE: esxi03;PING;OK;HARD;1;PING OK - Packet loss = 0%, RTA = 0.32 ms
[1596825000] CURRENT SERVICE STATE: esxi04;ESXi Hardware Check;OK;HARD;1;OK - Server: Cisco Systems Inc UCSC-C220-M4S s/n: FCH22137QKB Chassis S/N: FCH2216V0YZ  System BIOS: C220M4.3.0.4a.0.0226182253 2018-02-26
[1596825000] CURRENT SERVICE STATE: esxi04;PING;OK;HARD;1;PING OK - Packet loss = 0%, RTA = 0.53 ms
[1596825000] CURRENT SERVICE STATE: esxi05;ESXi Hardware Check;OK;HARD;1;OK - Server: Cisco Systems Inc UCSC-C220-M4S s/n: FCH22157EPD Chassis S/N: FCH2216V0Z0  System BIOS: C220M4.3.0.4a.0.0226182253 2018-02-26
[1596825000] CURRENT SERVICE STATE: esxi05;PING;OK;HARD;1;PING OK - Packet loss = 0%, RTA = 0.55 ms
[1596825000] CURRENT SERVICE STATE: esxi06;ESXi Haradware Check;UNKNOWN;HARD;3;UNKNOWN: (0, 'Socket error: [Errno 111] Connection refused')
[1596825000] CURRENT SERVICE STATE: esxi06;PING;OK;HARD;1;PING OK - Packet loss = 0%, RTA = 0.61 ms
[1596825000] CURRENT SERVICE STATE: esxi07;ESXi Hardware Check;OK;HARD;1;OK - Server: Cisco Systems Inc UCSC-C220-M4S s/n: FCH22157EV7 Chassis S/N: FCH2216V0Y8  System BIOS: C220M4.3.0.4a.0.0226182253 2018-02-26
[1596825000] CURRENT SERVICE STATE: esxi07;PING;OK;HARD;1;PING OK - Packet loss = 0%, RTA = 0.52 ms
[1596825000] CURRENT SERVICE STATE: esxi08;ESXi Hardware Check;OK;HARD;1;OK - Server: Cisco Systems Inc UCSC-C220-M4S s/n: FCH22137QJN Chassis S/N: FCH2216V0YV  System BIOS: C220M4.3.0.4a.0.0226182253 2018-02-26
[1596825000] CURRENT SERVICE STATE: esxi08;PING;OK;HARD;1;PING OK - Packet loss = 0%, RTA = 0.64 ms
[1596825000] CURRENT SERVICE STATE: esxi09;ESXi Hardware Check;OK;HARD;1;OK - Server: Cisco Systems Inc UCSC-C220-M4S s/n: FCH22157ERY Chassis S/N: FCH2216V0YN  System BIOS: C220M4.3.0.4a.0.0226182253 2018-02-26
[1596825000] CURRENT SERVICE STATE: esxi09;PING;OK;HARD;1;PING OK - Packet loss = 0%, RTA = 0.37 ms
[1596825000] CURRENT SERVICE STATE: localhost;Current Load;OK;HARD;1;OK - load average: 0.06, 0.04, 0.05
[1596825000] CURRENT SERVICE STATE: localhost;Current Users;OK;HARD;1;USERS OK - 0 users currently logged in
[1596825000] CURRENT SERVICE STATE: localhost;PING;OK;HARD;1;PING OK - Packet loss = 0%, RTA = 0.04 ms
[1596825000] CURRENT SERVICE STATE: localhost;Root Partition;OK;HARD;1;DISK OK - free space: / 42826 MB (83.68% inode=99%):
[1596825000] CURRENT SERVICE STATE: localhost;SSH;OK;HARD;1;SSH OK - OpenSSH_7.4 (protocol 2.0)
[1596825000] CURRENT SERVICE STATE: localhost;Swap Usage;OK;HARD;1;SWAP OK - 100% free (3967 MB out of 3967 MB)
[1596825000] CURRENT SERVICE STATE: localhost;Total Processes;OK;HARD;1;PROCS OK: 78 processes with STATE = RSZDT
[1596825000] CURRENT SERVICE STATE: vmware10gswitch;check-host-alive;OK;HARD;1;PING OK - Packet loss = 0%, RTA = 1.36 ms
[1596825000] CURRENT SERVICE STATE: vmwaremgmtswitch;check-host-alive;OK;HARD;1;PING OK - Packet loss = 0%, RTA = 0.85 ms
[1596825963] SERVICE NOTIFICATION: nagiosadmin;esxi02;ESXi Hardware Check;UNKNOWN;notify-service-by-email;UNKNOWN:
[1596826439] SERVICE NOTIFICATION: nagiosadmin;esxi06;ESXi Haradware Check;UNKNOWN;notify-service-by-email;UNKNOWN: (0, 'Socket error: [Errno 111] Connection refused')
[1596827285] Auto-save of retention data completed successfully.
[1596829565] SERVICE NOTIFICATION: nagiosadmin;esxi02;ESXi Hardware Check;UNKNOWN;notify-service-by-email;UNKNOWN:
[1596830039] SERVICE NOTIFICATION: nagiosadmin;esxi06;ESXi Haradware Check;UNKNOWN;notify-service-by-email;UNKNOWN: (0, 'Socket error: [Errno 111] Connection refused')
[1596830885] Auto-save of retention data completed successfully.
[1596833639] SERVICE NOTIFICATION: nagiosadmin;esxi06;ESXi Haradware Check;UNKNOWN;notify-service-by-email;UNKNOWN: (0, 'Socket error: [Errno 111] Connection refused')
[1596833764] SERVICE NOTIFICATION: nagiosadmin;esxi02;ESXi Hardware Check;UNKNOWN;notify-service-by-email;UNKNOWN:
[1596834485] Auto-save of retention data completed successfully.
[1596837240] SERVICE NOTIFICATION: nagiosadmin;esxi06;ESXi Haradware Check;UNKNOWN;notify-service-by-email;UNKNOWN: (0, 'Socket error: [Errno 111] Connection refused')
[1596837364] SERVICE NOTIFICATION: nagiosadmin;esxi02;ESXi Hardware Check;UNKNOWN;notify-service-by-email;UNKNOWN:
[1596838085] Auto-save of retention data completed successfully.
[1596840964] SERVICE NOTIFICATION: nagiosadmin;esxi02;ESXi Hardware Check;UNKNOWN;notify-service-by-email;UNKNOWN:
[1596841439] SERVICE NOTIFICATION: nagiosadmin;esxi06;ESXi Haradware Check;UNKNOWN;notify-service-by-email;UNKNOWN: (0, 'Socket error: [Errno 111] Connection refused')
[1596841685] Auto-save of retention data completed successfully.
[1596844564] SERVICE NOTIFICATION: nagiosadmin;esxi02;ESXi Hardware Check;UNKNOWN;notify-service-by-email;UNKNOWN:
[1596845039] SERVICE NOTIFICATION: nagiosadmin;esxi06;ESXi Haradware Check;UNKNOWN;notify-service-by-email;UNKNOWN: (0, 'Socket error: [Errno 111] Connection refused')
[1596845285] Auto-save of retention data completed successfully.
[1596848165] SERVICE NOTIFICATION: nagiosadmin;esxi02;ESXi Hardware Check;UNKNOWN;notify-service-by-email;UNKNOWN:
[1596848640] SERVICE NOTIFICATION: nagiosadmin;esxi06;ESXi Haradware Check;UNKNOWN;notify-service-by-email;UNKNOWN: (0, 'Socket error: [Errno 111] Connection refused')
[1596848885] Auto-save of retention data completed successfully.
[1596852364] SERVICE NOTIFICATION: nagiosadmin;esxi02;ESXi Hardware Check;UNKNOWN;notify-service-by-email;UNKNOWN:
[1596852485] Auto-save of retention data completed successfully.
[1596852839] SERVICE NOTIFICATION: nagiosadmin;esxi06;ESXi Haradware Check;UNKNOWN;notify-service-by-email;UNKNOWN: (0, 'Socket error: [Errno 111] Connection refused')
[1596855964] SERVICE NOTIFICATION: nagiosadmin;esxi02;ESXi Hardware Check;UNKNOWN;notify-service-by-email;UNKNOWN:
[1596856085] Auto-save of retention data completed successfully.
[1596856439] SERVICE NOTIFICATION: nagiosadmin;esxi06;ESXi Haradware Check;UNKNOWN;notify-service-by-email;UNKNOWN: (0, 'Socket error: [Errno 111] Connection refused')
[1596859564] SERVICE NOTIFICATION: nagiosadmin;esxi02;ESXi Hardware Check;UNKNOWN;notify-service-by-email;UNKNOWN:
[1596859685] Auto-save of retention data completed successfully.
[1596860040] SERVICE NOTIFICATION: nagiosadmin;esxi06;ESXi Haradware Check;UNKNOWN;notify-service-by-email;UNKNOWN: (0, 'Socket error: [Errno 111] Connection refused')
[1596863164] SERVICE NOTIFICATION: nagiosadmin;esxi02;ESXi Hardware Check;UNKNOWN;notify-service-by-email;UNKNOWN:
[1596863285] Auto-save of retention data completed successfully.
[1596864239] SERVICE NOTIFICATION: nagiosadmin;esxi06;ESXi Haradware Check;UNKNOWN;notify-service-by-email;UNKNOWN: (0, 'Socket error: [Errno 111] Connection refused')
[1596866764] SERVICE NOTIFICATION: nagiosadmin;esxi02;ESXi Hardware Check;UNKNOWN;notify-service-by-email;UNKNOWN:
[1596866885] Auto-save of retention data completed successfully.
[1596867839] SERVICE NOTIFICATION: nagiosadmin;esxi06;ESXi Haradware Check;UNKNOWN;notify-service-by-email;UNKNOWN: (0, 'Socket error: [Errno 111] Connection refused')
[1596870365] SERVICE NOTIFICATION: nagiosadmin;esxi02;ESXi Hardware Check;UNKNOWN;notify-service-by-email;UNKNOWN:
[1596870485] Auto-save of retention data completed successfully.
[1596871440] SERVICE NOTIFICATION: nagiosadmin;esxi06;ESXi Haradware Check;UNKNOWN;notify-service-by-email;UNKNOWN: (0, 'Socket error: [Errno 111] Connection refused')
[1596873965] SERVICE NOTIFICATION: nagiosadmin;esxi02;ESXi Hardware Check;UNKNOWN;notify-service-by-email;UNKNOWN:
[1596874085] Auto-save of retention data completed successfully.
[1596875639] SERVICE NOTIFICATION: nagiosadmin;esxi06;ESXi Haradware Check;UNKNOWN;notify-service-by-email;UNKNOWN: (0, 'Socket error: [Errno 111] Connection refused')
[1596876781] SERVICE ALERT: esxi03;PING;WARNING;SOFT;1;PING WARNING - Packet loss = 20%, RTA = 0.31 ms
[1596876845] SERVICE ALERT: esxi03;PING;OK;SOFT;2;PING OK - Packet loss = 0%, RTA = 0.35 ms
[1596877565] SERVICE NOTIFICATION: nagiosadmin;esxi02;ESXi Hardware Check;UNKNOWN;notify-service-by-email;UNKNOWN:
[1596877685] Auto-save of retention data completed successfully.
[1596879239] SERVICE NOTIFICATION: nagiosadmin;esxi06;ESXi Haradware Check;UNKNOWN;notify-service-by-email;UNKNOWN: (0, 'Socket error: [Errno 111] Connection refused')
[1596881285] Auto-save of retention data completed successfully.
[1596881765] SERVICE NOTIFICATION: nagiosadmin;esxi02;ESXi Hardware Check;UNKNOWN;notify-service-by-email;UNKNOWN:
[1596882840] SERVICE NOTIFICATION: nagiosadmin;esxi06;ESXi Haradware Check;UNKNOWN;notify-service-by-email;UNKNOWN: (0, 'Socket error: [Errno 111] Connection refused')
[1596884885] Auto-save of retention data completed successfully.
[1596885963] SERVICE NOTIFICATION: nagiosadmin;esxi02;ESXi Hardware Check;UNKNOWN;notify-service-by-email;UNKNOWN:
[1596887039] SERVICE NOTIFICATION: nagiosadmin;esxi06;ESXi Haradware Check;UNKNOWN;notify-service-by-email;UNKNOWN: (0, 'Socket error: [Errno 111] Connection refused')
[1596888485] Auto-save of retention data completed successfully.
[1596889564] SERVICE NOTIFICATION: nagiosadmin;esxi02;ESXi Hardware Check;UNKNOWN;notify-service-by-email;UNKNOWN:
[1596890639] SERVICE NOTIFICATION: nagiosadmin;esxi06;ESXi Haradware Check;UNKNOWN;notify-service-by-email;UNKNOWN: (0, 'Socket error: [Errno 111] Connection refused')
[1596892085] Auto-save of retention data completed successfully.
[1596893164] SERVICE NOTIFICATION: nagiosadmin;esxi02;ESXi Hardware Check;UNKNOWN;notify-service-by-email;UNKNOWN:
[1596894240] SERVICE NOTIFICATION: nagiosadmin;esxi06;ESXi Haradware Check;UNKNOWN;notify-service-by-email;UNKNOWN: (0, 'Socket error: [Errno 111] Connection refused')
[1596895685] Auto-save of retention data completed successfully.
[1596896765] SERVICE NOTIFICATION: nagiosadmin;esxi02;ESXi Hardware Check;UNKNOWN;notify-service-by-email;UNKNOWN:
[1596898439] SERVICE NOTIFICATION: nagiosadmin;esxi06;ESXi Haradware Check;UNKNOWN;notify-service-by-email;UNKNOWN: (0, 'Socket error: [Errno 111] Connection refused')
[1596899285] Auto-save of retention data completed successfully.
[1596900964] SERVICE NOTIFICATION: nagiosadmin;esxi02;ESXi Hardware Check;UNKNOWN;notify-service-by-email;UNKNOWN:
[1596902039] SERVICE NOTIFICATION: nagiosadmin;esxi06;ESXi Haradware Check;UNKNOWN;notify-service-by-email;UNKNOWN: (0, 'Socket error: [Errno 111] Connection refused')
[1596902885] Auto-save of retention data completed successfully.
[1596904564] SERVICE NOTIFICATION: nagiosadmin;esxi02;ESXi Hardware Check;UNKNOWN;notify-service-by-email;UNKNOWN:
[1596905640] SERVICE NOTIFICATION: nagiosadmin;esxi06;ESXi Haradware Check;UNKNOWN;notify-service-by-email;UNKNOWN: (0, 'Socket error: [Errno 111] Connection refused')
[1596906485] Auto-save of retention data completed successfully.
[1596908165] SERVICE NOTIFICATION: nagiosadmin;esxi02;ESXi Hardware Check;UNKNOWN;notify-service-by-email;UNKNOWN:
[1596909839] SERVICE NOTIFICATION: nagiosadmin;esxi06;ESXi Haradware Check;UNKNOWN;notify-service-by-email;UNKNOWN: (0, 'Socket error: [Errno 111] Connection refused')
[1596910085] Auto-save of retention data completed successfully.
