[1567535400] LOG ROTATION: DAILY
[1567535400] LOG VERSION: 2.0
[1567535400] CURRENT HOST STATE: AP_Main_Bldg;UP;HARD;1;PING OK - Packet loss = 0%, RTA = 0.79 ms
[1567535400] CURRENT HOST STATE: Director_Bldg;UP;HARD;1;PING OK - Packet loss = 0%, RTA = 0.56 ms
[1567535400] CURRENT HOST STATE: Director_Resident;UP;HARD;1;PING OK - Packet loss = 0%, RTA = 0.67 ms
[1567535400] CURRENT HOST STATE: esxi01;UP;HARD;1;PING OK - Packet loss = 0%, RTA = 0.51 ms
[1567535400] CURRENT HOST STATE: esxi02;UP;HARD;1;PING OK - Packet loss = 0%, RTA = 1.23 ms
[1567535400] CURRENT HOST STATE: esxi03;UP;HARD;1;PING OK - Packet loss = 0%, RTA = 0.40 ms
[1567535400] CURRENT HOST STATE: esxi04;UP;HARD;1;PING OK - Packet loss = 0%, RTA = 0.61 ms
[1567535400] CURRENT HOST STATE: esxi05;UP;HARD;1;PING OK - Packet loss = 0%, RTA = 0.36 ms
[1567535400] CURRENT HOST STATE: esxi06;UP;HARD;1;PING OK - Packet loss = 0%, RTA = 0.67 ms
[1567535400] CURRENT HOST STATE: esxi07;UP;HARD;1;PING OK - Packet loss = 0%, RTA = 0.58 ms
[1567535400] CURRENT HOST STATE: esxi08;UP;HARD;1;PING OK - Packet loss = 0%, RTA = 0.65 ms
[1567535400] CURRENT HOST STATE: esxi09;UP;HARD;1;PING OK - Packet loss = 0%, RTA = 0.33 ms
[1567535400] CURRENT HOST STATE: localhost;UP;HARD;1;PING OK - Packet loss = 0%, RTA = 0.05 ms
[1567535400] CURRENT HOST STATE: vmware10gswitch;UP;HARD;1;PING OK - Packet loss = 0%, RTA = 1.38 ms
[1567535400] CURRENT HOST STATE: vmwaremgmtswitch;UP;HARD;1;PING OK - Packet loss = 0%, RTA = 0.83 ms
[1567535400] CURRENT SERVICE STATE: AP_Main_Bldg;check-host-alive;OK;HARD;1;PING OK - Packet loss = 0%, RTA = 0.92 ms
[1567535400] CURRENT SERVICE STATE: Director_Bldg;check-host-alive;OK;HARD;1;PING OK - Packet loss = 0%, RTA = 0.45 ms
[1567535400] CURRENT SERVICE STATE: Director_Resident;check-host-alive;OK;HARD;1;PING OK - Packet loss = 0%, RTA = 1.21 ms
[1567535400] CURRENT SERVICE STATE: esxi01;ESXi Hardware Check;OK;HARD;1;OK - Server: Cisco Systems Inc UCSC-C220-M4S s/n: FCH22157EQH Chassis S/N: FCH2216V0WN  System BIOS: C220M4.3.0.4a.0.0226182253 2018-02-26
[1567535400] CURRENT SERVICE STATE: esxi01;PING;OK;HARD;1;PING OK - Packet loss = 0%, RTA = 0.64 ms
[1567535400] CURRENT SERVICE STATE: esxi02;ESXi Hardware Check;OK;HARD;1;OK - Server: Cisco Systems Inc UCSC-C220-M4S s/n: FCH22157E1D Chassis S/N: FCH2216V0Y6  System BIOS: C220M4.3.0.4a.0.0226182253 2018-02-26
[1567535400] CURRENT SERVICE STATE: esxi02;PING;OK;HARD;1;PING OK - Packet loss = 0%, RTA = 0.44 ms
[1567535400] CURRENT SERVICE STATE: esxi03;ESXi Hardware Check;OK;HARD;1;OK - Server: Cisco Systems Inc UCSC-C220-M4S s/n: FCH22157ESB Chassis S/N: FCH2216V0TW  System BIOS: C220M4.3.0.4a.0.0226182253 2018-02-26
[1567535400] CURRENT SERVICE STATE: esxi03;PING;OK;HARD;1;PING OK - Packet loss = 0%, RTA = 0.34 ms
[1567535400] CURRENT SERVICE STATE: esxi04;ESXi Hardware Check;OK;HARD;1;OK - Server: Cisco Systems Inc UCSC-C220-M4S s/n: FCH22137QKB Chassis S/N: FCH2216V0YZ  System BIOS: C220M4.3.0.4a.0.0226182253 2018-02-26
[1567535400] CURRENT SERVICE STATE: esxi04;PING;OK;HARD;1;PING OK - Packet loss = 0%, RTA = 0.37 ms
[1567535400] CURRENT SERVICE STATE: esxi05;ESXi Hardware Check;OK;HARD;1;OK - Server: Cisco Systems Inc UCSC-C220-M4S s/n: FCH22157EPD Chassis S/N: FCH2216V0Z0  System BIOS: C220M4.3.0.4a.0.0226182253 2018-02-26
[1567535400] CURRENT SERVICE STATE: esxi05;PING;OK;HARD;1;PING OK - Packet loss = 0%, RTA = 0.53 ms
[1567535400] CURRENT SERVICE STATE: esxi06;ESXi Haradware Check;OK;HARD;1;OK - Server: Cisco Systems Inc UCSC-C220-M4S s/n: FCH22157ERW Chassis S/N: FCH2216V0X8  System BIOS: C220M4.3.0.4a.0.0226182253 2018-02-26
[1567535400] CURRENT SERVICE STATE: esxi06;PING;OK;HARD;1;PING OK - Packet loss = 0%, RTA = 0.44 ms
[1567535400] CURRENT SERVICE STATE: esxi07;ESXi Hardware Check;OK;HARD;1;OK - Server: Cisco Systems Inc UCSC-C220-M4S s/n: FCH22157EV7 Chassis S/N: FCH2216V0Y8  System BIOS: C220M4.3.0.4a.0.0226182253 2018-02-26
[1567535400] CURRENT SERVICE STATE: esxi07;PING;OK;HARD;1;PING OK - Packet loss = 0%, RTA = 0.51 ms
[1567535400] CURRENT SERVICE STATE: esxi08;ESXi Hardware Check;OK;HARD;1;OK - Server: Cisco Systems Inc UCSC-C220-M4S s/n: FCH22137QJN Chassis S/N: FCH2216V0YV  System BIOS: C220M4.3.0.4a.0.0226182253 2018-02-26
[1567535400] CURRENT SERVICE STATE: esxi08;PING;OK;HARD;1;PING OK - Packet loss = 0%, RTA = 0.57 ms
[1567535400] CURRENT SERVICE STATE: esxi09;ESXi Hardware Check;OK;HARD;1;OK - Server: Cisco Systems Inc UCSC-C220-M4S s/n: FCH22157ERY Chassis S/N: FCH2216V0YN  System BIOS: C220M4.3.0.4a.0.0226182253 2018-02-26
[1567535400] CURRENT SERVICE STATE: esxi09;PING;OK;HARD;1;PING OK - Packet loss = 0%, RTA = 0.49 ms
[1567535400] CURRENT SERVICE STATE: localhost;Current Load;OK;HARD;1;OK - load average: 0.02, 0.06, 0.06
[1567535400] CURRENT SERVICE STATE: localhost;Current Users;OK;HARD;1;USERS OK - 3 users currently logged in
[1567535400] CURRENT SERVICE STATE: localhost;PING;OK;HARD;1;PING OK - Packet loss = 0%, RTA = 0.04 ms
[1567535400] CURRENT SERVICE STATE: localhost;Root Partition;OK;HARD;1;DISK OK - free space: / 43105 MB (84.23% inode=99%):
[1567535400] CURRENT SERVICE STATE: localhost;SSH;OK;HARD;1;SSH OK - OpenSSH_7.4 (protocol 2.0)
[1567535400] CURRENT SERVICE STATE: localhost;Swap Usage;OK;HARD;1;SWAP OK - 100% free (3950 MB out of 3967 MB)
[1567535400] CURRENT SERVICE STATE: localhost;Total Processes;OK;HARD;1;PROCS OK: 89 processes with STATE = RSZDT
[1567535400] CURRENT SERVICE STATE: vmware10gswitch;check-host-alive;OK;HARD;1;PING OK - Packet loss = 0%, RTA = 9.01 ms
[1567535400] CURRENT SERVICE STATE: vmwaremgmtswitch;check-host-alive;OK;HARD;1;PING OK - Packet loss = 0%, RTA = 0.82 ms
[1567538859] Auto-save of retention data completed successfully.
[1567541239] wproc: Core Worker 23160: job 69941 (pid=31483) timed out. Killing it
[1567541239] wproc: CHECK job 69941 from worker Core Worker 23160 timed out after 30.03s
[1567541239] wproc:   host=Director_Bldg; service=(null);
[1567541239] wproc:   early_timeout=1; exited_ok=0; wait_status=0; error_code=62;
[1567541239] Warning: Check of host 'Director_Bldg' timed out after 30.03 seconds
[1567541239] HOST ALERT: Director_Bldg;DOWN;SOFT;1;(Host check timed out after 30.03 seconds)
[1567541240] wproc: Core Worker 23160: job 69941 (pid=31483): Dormant child reaped
[1567541285] SERVICE ALERT: Director_Bldg;check-host-alive;CRITICAL;HARD;1;CRITICAL - Plugin timed out
[1567541330] wproc: Core Worker 23160: job 69948 (pid=31545) timed out. Killing it
[1567541330] wproc: CHECK job 69948 from worker Core Worker 23160 timed out after 30.03s
[1567541330] wproc:   host=Director_Bldg; service=(null);
[1567541330] wproc:   early_timeout=1; exited_ok=0; wait_status=0; error_code=62;
[1567541330] Warning: Check of host 'Director_Bldg' timed out after 30.03 seconds
[1567541330] HOST ALERT: Director_Bldg;DOWN;SOFT;2;(Host check timed out after 30.03 seconds)
[1567541330] wproc: Core Worker 23160: job 69948 (pid=31545): Dormant child reaped
[1567541420] wproc: Core Worker 23160: job 69950 (pid=31569) timed out. Killing it
[1567541420] wproc: CHECK job 69950 from worker Core Worker 23160 timed out after 30.01s
[1567541420] wproc:   host=Director_Bldg; service=(null);
[1567541420] wproc:   early_timeout=1; exited_ok=0; wait_status=0; error_code=62;
[1567541420] Warning: Check of host 'Director_Bldg' timed out after 30.01 seconds
[1567541420] HOST ALERT: Director_Bldg;DOWN;SOFT;3;(Host check timed out after 30.01 seconds)
[1567541420] wproc: Core Worker 23160: job 69950 (pid=31569): Dormant child reaped
[1567541484] HOST ALERT: Director_Bldg;UP;SOFT;1;PING OK - Packet loss = 0%, RTA = 0.56 ms
[1567541858] SERVICE ALERT: Director_Bldg;check-host-alive;OK;SOFT;1;PING OK - Packet loss = 0%, RTA = 0.82 ms
[1567542459] Auto-save of retention data completed successfully.
[1567546059] Auto-save of retention data completed successfully.
[1567549659] Auto-save of retention data completed successfully.
[1567553259] Auto-save of retention data completed successfully.
[1567556859] Auto-save of retention data completed successfully.
[1567558095] wproc: Core Worker 23158: job 70480 (pid=13031) timed out. Killing it
[1567558095] wproc: Core Worker 23158: job 39693456 with pid 13031 reaped at timeout. timeouts=8; started=70481
[1567560459] Auto-save of retention data completed successfully.
[1567564059] Auto-save of retention data completed successfully.
[1567567659] Auto-save of retention data completed successfully.
[1567571259] Auto-save of retention data completed successfully.
[1567571724] SERVICE ALERT: esxi03;PING;WARNING;SOFT;1;PING WARNING - Packet loss = 20%, RTA = 0.46 ms
[1567571788] SERVICE ALERT: esxi03;PING;OK;SOFT;2;PING OK - Packet loss = 0%, RTA = 0.35 ms
[1567572753] SERVICE ALERT: esxi03;PING;WARNING;SOFT;1;PING WARNING - Packet loss = 20%, RTA = 0.33 ms
[1567572818] SERVICE ALERT: esxi03;PING;WARNING;SOFT;2;PING WARNING - Packet loss = 20%, RTA = 0.38 ms
[1567572882] SERVICE ALERT: esxi03;PING;OK;SOFT;3;PING OK - Packet loss = 0%, RTA = 0.43 ms
[1567574859] Auto-save of retention data completed successfully.
[1567575110] wproc: Core Worker 23157: job 71018 (pid=26745) timed out. Killing it
[1567575110] wproc: CHECK job 71018 from worker Core Worker 23157 timed out after 30.03s
[1567575110] wproc:   host=Director_Bldg; service=(null);
[1567575110] wproc:   early_timeout=1; exited_ok=0; wait_status=0; error_code=62;
[1567575110] Warning: Check of host 'Director_Bldg' timed out after 30.03 seconds
[1567575110] HOST ALERT: Director_Bldg;DOWN;SOFT;1;(Host check timed out after 30.03 seconds)
[1567575111] wproc: Core Worker 23157: job 71018 (pid=26745): Dormant child reaped
[1567575200] wproc: Core Worker 23158: job 71022 (pid=26786) timed out. Killing it
[1567575200] wproc: CHECK job 71022 from worker Core Worker 23158 timed out after 30.03s
[1567575200] wproc:   host=Director_Bldg; service=(null);
[1567575200] wproc:   early_timeout=1; exited_ok=0; wait_status=0; error_code=62;
[1567575200] Warning: Check of host 'Director_Bldg' timed out after 30.03 seconds
[1567575200] HOST ALERT: Director_Bldg;DOWN;SOFT;2;(Host check timed out after 30.03 seconds)
[1567575201] wproc: Core Worker 23158: job 71022 (pid=26786): Dormant child reaped
[1567575290] wproc: Core Worker 23160: job 71023 (pid=26814) timed out. Killing it
[1567575290] wproc: CHECK job 71023 from worker Core Worker 23160 timed out after 30.03s
[1567575290] wproc:   host=Director_Bldg; service=(null);
[1567575290] wproc:   early_timeout=1; exited_ok=0; wait_status=0; error_code=62;
[1567575290] Warning: Check of host 'Director_Bldg' timed out after 30.03 seconds
[1567575290] HOST ALERT: Director_Bldg;DOWN;SOFT;3;(Host check timed out after 30.03 seconds)
[1567575291] wproc: Core Worker 23160: job 71023 (pid=26814): Dormant child reaped
[1567575380] wproc: Core Worker 23160: job 71025 (pid=26963) timed out. Killing it
[1567575380] wproc: CHECK job 71025 from worker Core Worker 23160 timed out after 30.03s
[1567575380] wproc:   host=Director_Bldg; service=(null);
[1567575380] wproc:   early_timeout=1; exited_ok=0; wait_status=0; error_code=62;
[1567575380] Warning: Check of host 'Director_Bldg' timed out after 30.03 seconds
[1567575380] HOST ALERT: Director_Bldg;DOWN;SOFT;4;(Host check timed out after 30.03 seconds)
[1567575381] wproc: Core Worker 23160: job 71025 (pid=26963): Dormant child reaped
[1567575470] wproc: Core Worker 23159: job 71027 (pid=26994) timed out. Killing it
[1567575470] wproc: CHECK job 71027 from worker Core Worker 23159 timed out after 30.01s
[1567575470] wproc:   host=Director_Bldg; service=(null);
[1567575470] wproc:   early_timeout=1; exited_ok=0; wait_status=0; error_code=62;
[1567575470] Warning: Check of host 'Director_Bldg' timed out after 30.01 seconds
[1567575470] HOST ALERT: Director_Bldg;DOWN;SOFT;5;(Host check timed out after 30.01 seconds)
[1567575471] wproc: Core Worker 23159: job 71027 (pid=26994): Dormant child reaped
[1567575485] SERVICE ALERT: Director_Bldg;check-host-alive;CRITICAL;HARD;1;CRITICAL - Plugin timed out
[1567575560] wproc: Core Worker 23160: job 71034 (pid=27050) timed out. Killing it
[1567575560] wproc: CHECK job 71034 from worker Core Worker 23160 timed out after 30.02s
[1567575560] wproc:   host=Director_Bldg; service=(null);
[1567575560] wproc:   early_timeout=1; exited_ok=0; wait_status=0; error_code=62;
[1567575560] Warning: Check of host 'Director_Bldg' timed out after 30.02 seconds
[1567575560] HOST ALERT: Director_Bldg;DOWN;SOFT;6;(Host check timed out after 30.02 seconds)
[1567575561] wproc: Core Worker 23160: job 71034 (pid=27050): Dormant child reaped
[1567575651] wproc: Core Worker 23157: job 71037 (pid=27214) timed out. Killing it
[1567575651] wproc: CHECK job 71037 from worker Core Worker 23157 timed out after 30.03s
[1567575651] wproc:   host=Director_Bldg; service=(null);
[1567575651] wproc:   early_timeout=1; exited_ok=0; wait_status=0; error_code=62;
[1567575651] Warning: Check of host 'Director_Bldg' timed out after 30.03 seconds
[1567575651] HOST ALERT: Director_Bldg;DOWN;SOFT;7;(Host check timed out after 30.03 seconds)
[1567575651] wproc: Core Worker 23157: job 71037 (pid=27214): Dormant child reaped
[1567575741] wproc: Core Worker 23157: job 71039 (pid=27238) timed out. Killing it
[1567575741] wproc: CHECK job 71039 from worker Core Worker 23157 timed out after 30.03s
[1567575741] wproc:   host=Director_Bldg; service=(null);
[1567575741] wproc:   early_timeout=1; exited_ok=0; wait_status=0; error_code=62;
[1567575741] Warning: Check of host 'Director_Bldg' timed out after 30.03 seconds
[1567575741] HOST ALERT: Director_Bldg;DOWN;SOFT;8;(Host check timed out after 30.03 seconds)
[1567575741] wproc: Core Worker 23157: job 71039 (pid=27238): Dormant child reaped
[1567575831] wproc: Core Worker 23157: job 71043 (pid=27284) timed out. Killing it
[1567575831] wproc: CHECK job 71043 from worker Core Worker 23157 timed out after 30.03s
[1567575831] wproc:   host=Director_Bldg; service=(null);
[1567575831] wproc:   early_timeout=1; exited_ok=0; wait_status=0; error_code=62;
[1567575831] Warning: Check of host 'Director_Bldg' timed out after 30.03 seconds
[1567575831] HOST ALERT: Director_Bldg;DOWN;SOFT;9;(Host check timed out after 30.03 seconds)
[1567575831] wproc: Core Worker 23157: job 71043 (pid=27284): Dormant child reaped
[1567575921] wproc: Core Worker 23160: job 71044 (pid=27306) timed out. Killing it
[1567575921] wproc: CHECK job 71044 from worker Core Worker 23160 timed out after 30.03s
[1567575921] wproc:   host=Director_Bldg; service=(null);
[1567575921] wproc:   early_timeout=1; exited_ok=0; wait_status=0; error_code=62;
[1567575921] Warning: Check of host 'Director_Bldg' timed out after 30.03 seconds
[1567575921] HOST NOTIFICATION: nagiosadmin;Director_Bldg;DOWN;notify-host-by-email;(Host check timed out after 30.03 seconds)
[1567575921] HOST ALERT: Director_Bldg;DOWN;HARD;10;(Host check timed out after 30.03 seconds)
[1567575921] wproc: Core Worker 23160: job 71044 (pid=27306): Dormant child reaped
[1567576018] wproc: Core Worker 23157: job 71047 (pid=27471) timed out. Killing it
[1567576018] wproc: CHECK job 71047 from worker Core Worker 23157 timed out after 30.03s
[1567576018] wproc:   host=Director_Resident; service=(null);
[1567576018] wproc:   early_timeout=1; exited_ok=0; wait_status=0; error_code=62;
[1567576018] Warning: Check of host 'Director_Resident' timed out after 30.03 seconds
[1567576018] HOST ALERT: Director_Resident;DOWN;SOFT;1;(Host check timed out after 30.03 seconds)
[1567576018] wproc: Core Worker 23157: job 71047 (pid=27471): Dormant child reaped
[1567576108] wproc: Core Worker 23160: job 71053 (pid=27524) timed out. Killing it
[1567576108] wproc: CHECK job 71053 from worker Core Worker 23160 timed out after 30.01s
[1567576108] wproc:   host=Director_Resident; service=(null);
[1567576108] wproc:   early_timeout=1; exited_ok=0; wait_status=0; error_code=62;
[1567576108] Warning: Check of host 'Director_Resident' timed out after 30.01 seconds
[1567576108] HOST ALERT: Director_Resident;DOWN;SOFT;2;(Host check timed out after 30.01 seconds)
[1567576108] wproc: Core Worker 23160: job 71053 (pid=27524): Dormant child reaped
[1567576198] wproc: Core Worker 23159: job 71055 (pid=27555) timed out. Killing it
[1567576198] wproc: CHECK job 71055 from worker Core Worker 23159 timed out after 30.03s
[1567576198] wproc:   host=Director_Resident; service=(null);
[1567576198] wproc:   early_timeout=1; exited_ok=0; wait_status=0; error_code=62;
[1567576198] Warning: Check of host 'Director_Resident' timed out after 30.03 seconds
[1567576198] HOST ALERT: Director_Resident;DOWN;SOFT;3;(Host check timed out after 30.03 seconds)
[1567576198] wproc: Core Worker 23159: job 71055 (pid=27555): Dormant child reaped
[1567576231] SERVICE ALERT: Director_Resident;check-host-alive;CRITICAL;HARD;1;CRITICAL - Plugin timed out
[1567576251] wproc: Core Worker 23158: job 71057 (pid=27707) timed out. Killing it
[1567576251] wproc: CHECK job 71057 from worker Core Worker 23158 timed out after 30.03s
[1567576251] wproc:   host=Director_Bldg; service=(null);
[1567576251] wproc:   early_timeout=1; exited_ok=0; wait_status=0; error_code=62;
[1567576251] Warning: Check of host 'Director_Bldg' timed out after 30.03 seconds
[1567576251] wproc: Core Worker 23158: job 71057 (pid=27707): Dormant child reaped
[1567576288] wproc: Core Worker 23157: job 71058 (pid=27713) timed out. Killing it
[1567576288] wproc: CHECK job 71058 from worker Core Worker 23157 timed out after 30.01s
[1567576288] wproc:   host=Director_Resident; service=(null);
[1567576288] wproc:   early_timeout=1; exited_ok=0; wait_status=0; error_code=62;
[1567576288] Warning: Check of host 'Director_Resident' timed out after 30.01 seconds
[1567576288] HOST ALERT: Director_Resident;DOWN;SOFT;4;(Host check timed out after 30.01 seconds)
[1567576288] wproc: Core Worker 23157: job 71058 (pid=27713): Dormant child reaped
[1567576378] wproc: Core Worker 23157: job 71060 (pid=27747) timed out. Killing it
[1567576378] wproc: CHECK job 71060 from worker Core Worker 23157 timed out after 30.02s
[1567576378] wproc:   host=Director_Resident; service=(null);
[1567576378] wproc:   early_timeout=1; exited_ok=0; wait_status=0; error_code=62;
[1567576378] Warning: Check of host 'Director_Resident' timed out after 30.02 seconds
[1567576378] HOST ALERT: Director_Resident;DOWN;SOFT;5;(Host check timed out after 30.02 seconds)
[1567576378] wproc: Core Worker 23157: job 71060 (pid=27747): Dormant child reaped
[1567576468] wproc: Core Worker 23160: job 71063 (pid=27783) timed out. Killing it
[1567576468] wproc: CHECK job 71063 from worker Core Worker 23160 timed out after 30.03s
[1567576468] wproc:   host=Director_Resident; service=(null);
[1567576468] wproc:   early_timeout=1; exited_ok=0; wait_status=0; error_code=62;
[1567576468] Warning: Check of host 'Director_Resident' timed out after 30.03 seconds
[1567576468] HOST ALERT: Director_Resident;DOWN;SOFT;6;(Host check timed out after 30.03 seconds)
[1567576468] wproc: Core Worker 23160: job 71063 (pid=27783): Dormant child reaped
[1567576551] wproc: Core Worker 23159: job 71065 (pid=27938) timed out. Killing it
[1567576551] wproc: CHECK job 71065 from worker Core Worker 23159 timed out after 30.03s
[1567576551] wproc:   host=Director_Bldg; service=(null);
[1567576551] wproc:   early_timeout=1; exited_ok=0; wait_status=0; error_code=62;
[1567576551] Warning: Check of host 'Director_Bldg' timed out after 30.03 seconds
[1567576551] wproc: Core Worker 23159: job 71065 (pid=27938): Dormant child reaped
[1567576558] wproc: Core Worker 23157: job 71066 (pid=27942) timed out. Killing it
[1567576558] wproc: CHECK job 71066 from worker Core Worker 23157 timed out after 30.03s
[1567576558] wproc:   host=Director_Resident; service=(null);
[1567576558] wproc:   early_timeout=1; exited_ok=0; wait_status=0; error_code=62;
[1567576558] Warning: Check of host 'Director_Resident' timed out after 30.03 seconds
[1567576558] HOST ALERT: Director_Resident;DOWN;SOFT;7;(Host check timed out after 30.03 seconds)
[1567576558] wproc: Core Worker 23157: job 71066 (pid=27942): Dormant child reaped
[1567576623] HOST ALERT: Director_Resident;UP;SOFT;1;PING OK - Packet loss = 20%, RTA = 0.77 ms
[1567576658] SERVICE ALERT: Director_Bldg;check-host-alive;OK;HARD;3;PING OK - Packet loss = 0%, RTA = 0.55 ms
[1567576662] HOST NOTIFICATION: nagiosadmin;Director_Bldg;UP;notify-host-by-email;PING OK - Packet loss = 0%, RTA = 0.57 ms
[1567576662] HOST ALERT: Director_Bldg;UP;HARD;1;PING OK - Packet loss = 0%, RTA = 0.57 ms
[1567576804] SERVICE ALERT: Director_Resident;check-host-alive;OK;SOFT;1;PING OK - Packet loss = 0%, RTA = 1.64 ms
[1567576847] SERVICE ALERT: esxi03;PING;WARNING;SOFT;1;PING WARNING - Packet loss = 20%, RTA = 0.56 ms
[1567576911] SERVICE ALERT: esxi03;PING;OK;SOFT;2;PING OK - Packet loss = 0%, RTA = 0.48 ms
[1567578459] Auto-save of retention data completed successfully.
[1567578776] SERVICE ALERT: esxi03;PING;WARNING;SOFT;1;PING WARNING - Packet loss = 20%, RTA = 0.35 ms
[1567578840] SERVICE ALERT: esxi03;PING;OK;SOFT;2;PING OK - Packet loss = 0%, RTA = 0.45 ms
[1567581605] SERVICE ALERT: esxi03;PING;WARNING;SOFT;1;PING WARNING - Packet loss = 20%, RTA = 0.48 ms
[1567581671] SERVICE ALERT: esxi03;PING;WARNING;SOFT;2;PING WARNING - Packet loss = 20%, RTA = 0.28 ms
[1567581735] SERVICE ALERT: esxi03;PING;OK;SOFT;3;PING OK - Packet loss = 0%, RTA = 0.45 ms
[1567582059] Auto-save of retention data completed successfully.
[1567584500] SERVICE ALERT: esxi03;PING;WARNING;SOFT;1;PING WARNING - Packet loss = 20%, RTA = 0.35 ms
[1567584564] SERVICE ALERT: esxi03;PING;OK;SOFT;2;PING OK - Packet loss = 0%, RTA = 0.42 ms
[1567584929] SERVICE ALERT: esxi03;PING;WARNING;SOFT;1;PING WARNING - Packet loss = 20%, RTA = 0.48 ms
[1567584993] SERVICE ALERT: esxi03;PING;OK;SOFT;2;PING OK - Packet loss = 0%, RTA = 0.38 ms
[1567585659] Auto-save of retention data completed successfully.
[1567587758] SERVICE ALERT: esxi03;PING;WARNING;SOFT;1;PING WARNING - Packet loss = 20%, RTA = 0.39 ms
[1567587823] SERVICE ALERT: esxi03;PING;WARNING;SOFT;2;PING WARNING - Packet loss = 20%, RTA = 0.55 ms
[1567587888] SERVICE ALERT: esxi03;PING;WARNING;SOFT;3;PING WARNING - Packet loss = 20%, RTA = 0.50 ms
[1567587952] SERVICE ALERT: esxi03;PING;OK;HARD;4;PING OK - Packet loss = 0%, RTA = 0.34 ms
[1567588557] SERVICE ALERT: esxi03;PING;WARNING;SOFT;1;PING WARNING - Packet loss = 20%, RTA = 0.47 ms
[1567588621] SERVICE ALERT: esxi03;PING;OK;SOFT;2;PING OK - Packet loss = 0%, RTA = 0.39 ms
[1567588686] SERVICE ALERT: esxi03;PING;WARNING;SOFT;1;PING WARNING - Packet loss = 20%, RTA = 0.43 ms
[1567588750] SERVICE ALERT: esxi03;PING;OK;SOFT;2;PING OK - Packet loss = 0%, RTA = 0.35 ms
[1567589259] Auto-save of retention data completed successfully.
[1567590015] SERVICE ALERT: esxi03;PING;WARNING;SOFT;1;PING WARNING - Packet loss = 20%, RTA = 0.35 ms
[1567590079] SERVICE ALERT: esxi03;PING;OK;SOFT;2;PING OK - Packet loss = 0%, RTA = 0.44 ms
[1567592859] Auto-save of retention data completed successfully.
[1567596459] Auto-save of retention data completed successfully.
[1567600059] Auto-save of retention data completed successfully.
[1567603659] Auto-save of retention data completed successfully.
[1567607259] Auto-save of retention data completed successfully.
[1567610859] Auto-save of retention data completed successfully.
[1567614459] Auto-save of retention data completed successfully.
[1567618059] Auto-save of retention data completed successfully.
[1567621659] Auto-save of retention data completed successfully.
