[1569609000] LOG ROTATION: DAILY
[1569609000] LOG VERSION: 2.0
[1569609000] CURRENT HOST STATE: AP_Main_Bldg;UP;HARD;1;PING OK - Packet loss = 0%, RTA = 0.79 ms
[1569609000] CURRENT HOST STATE: Director_Bldg;UP;HARD;1;PING OK - Packet loss = 0%, RTA = 0.62 ms
[1569609000] CURRENT HOST STATE: Director_Resident;UP;HARD;1;PING OK - Packet loss = 0%, RTA = 0.58 ms
[1569609000] CURRENT HOST STATE: esxi01;UP;HARD;1;PING OK - Packet loss = 0%, RTA = 0.53 ms
[1569609000] CURRENT HOST STATE: esxi02;UP;HARD;1;PING OK - Packet loss = 0%, RTA = 0.51 ms
[1569609000] CURRENT HOST STATE: esxi03;UP;HARD;1;PING OK - Packet loss = 0%, RTA = 0.34 ms
[1569609000] CURRENT HOST STATE: esxi04;UP;HARD;1;PING OK - Packet loss = 0%, RTA = 0.39 ms
[1569609000] CURRENT HOST STATE: esxi05;UP;HARD;1;PING OK - Packet loss = 0%, RTA = 0.47 ms
[1569609000] CURRENT HOST STATE: esxi06;UP;HARD;1;PING OK - Packet loss = 0%, RTA = 0.39 ms
[1569609000] CURRENT HOST STATE: esxi07;UP;HARD;1;PING OK - Packet loss = 0%, RTA = 0.49 ms
[1569609000] CURRENT HOST STATE: esxi08;UP;HARD;1;PING OK - Packet loss = 0%, RTA = 0.46 ms
[1569609000] CURRENT HOST STATE: esxi09;UP;HARD;1;PING OK - Packet loss = 20%, RTA = 0.41 ms
[1569609000] CURRENT HOST STATE: localhost;UP;HARD;1;PING OK - Packet loss = 0%, RTA = 0.05 ms
[1569609000] CURRENT HOST STATE: vmware10gswitch;UP;HARD;1;PING OK - Packet loss = 0%, RTA = 1.25 ms
[1569609000] CURRENT HOST STATE: vmwaremgmtswitch;UP;HARD;1;PING OK - Packet loss = 0%, RTA = 0.87 ms
[1569609000] CURRENT SERVICE STATE: AP_Main_Bldg;check-host-alive;OK;HARD;1;PING OK - Packet loss = 0%, RTA = 1.93 ms
[1569609000] CURRENT SERVICE STATE: Director_Bldg;check-host-alive;OK;HARD;1;PING OK - Packet loss = 0%, RTA = 0.60 ms
[1569609000] CURRENT SERVICE STATE: Director_Resident;check-host-alive;OK;HARD;1;PING OK - Packet loss = 0%, RTA = 0.71 ms
[1569609000] CURRENT SERVICE STATE: esxi01;ESXi Hardware Check;OK;HARD;1;OK - Server: Cisco Systems Inc UCSC-C220-M4S s/n: FCH22157EQH Chassis S/N: FCH2216V0WN  System BIOS: C220M4.3.0.4a.0.0226182253 2018-02-26
[1569609000] CURRENT SERVICE STATE: esxi01;PING;OK;HARD;1;PING OK - Packet loss = 0%, RTA = 0.52 ms
[1569609000] CURRENT SERVICE STATE: esxi02;ESXi Hardware Check;OK;HARD;1;OK - Server: Cisco Systems Inc UCSC-C220-M4S s/n: FCH22157E1D Chassis S/N: FCH2216V0Y6  System BIOS: C220M4.3.0.4a.0.0226182253 2018-02-26
[1569609000] CURRENT SERVICE STATE: esxi02;PING;OK;HARD;1;PING OK - Packet loss = 0%, RTA = 0.38 ms
[1569609000] CURRENT SERVICE STATE: esxi03;ESXi Hardware Check;OK;HARD;1;OK - Server: Cisco Systems Inc UCSC-C220-M4S s/n: FCH22157ESB Chassis S/N: FCH2216V0TW  System BIOS: C220M4.3.0.4a.0.0226182253 2018-02-26
[1569609000] CURRENT SERVICE STATE: esxi03;PING;OK;HARD;1;PING OK - Packet loss = 0%, RTA = 0.54 ms
[1569609000] CURRENT SERVICE STATE: esxi04;ESXi Hardware Check;OK;HARD;1;OK - Server: Cisco Systems Inc UCSC-C220-M4S s/n: FCH22137QKB Chassis S/N: FCH2216V0YZ  System BIOS: C220M4.3.0.4a.0.0226182253 2018-02-26
[1569609000] CURRENT SERVICE STATE: esxi04;PING;OK;HARD;1;PING OK - Packet loss = 0%, RTA = 0.47 ms
[1569609000] CURRENT SERVICE STATE: esxi05;ESXi Hardware Check;OK;HARD;1;OK - Server: Cisco Systems Inc UCSC-C220-M4S s/n: FCH22157EPD Chassis S/N: FCH2216V0Z0  System BIOS: C220M4.3.0.4a.0.0226182253 2018-02-26
[1569609000] CURRENT SERVICE STATE: esxi05;PING;OK;HARD;1;PING OK - Packet loss = 0%, RTA = 0.43 ms
[1569609000] CURRENT SERVICE STATE: esxi06;ESXi Haradware Check;OK;HARD;1;OK - Server: Cisco Systems Inc UCSC-C220-M4S s/n: FCH22157ERW Chassis S/N: FCH2216V0X8  System BIOS: C220M4.3.0.4a.0.0226182253 2018-02-26
[1569609000] CURRENT SERVICE STATE: esxi06;PING;OK;HARD;1;PING OK - Packet loss = 0%, RTA = 0.46 ms
[1569609000] CURRENT SERVICE STATE: esxi07;ESXi Hardware Check;OK;HARD;1;OK - Server: Cisco Systems Inc UCSC-C220-M4S s/n: FCH22157EV7 Chassis S/N: FCH2216V0Y8  System BIOS: C220M4.3.0.4a.0.0226182253 2018-02-26
[1569609000] CURRENT SERVICE STATE: esxi07;PING;OK;HARD;1;PING OK - Packet loss = 0%, RTA = 0.56 ms
[1569609000] CURRENT SERVICE STATE: esxi08;ESXi Hardware Check;OK;HARD;1;OK - Server: Cisco Systems Inc UCSC-C220-M4S s/n: FCH22137QJN Chassis S/N: FCH2216V0YV  System BIOS: C220M4.3.0.4a.0.0226182253 2018-02-26
[1569609000] CURRENT SERVICE STATE: esxi08;PING;OK;HARD;1;PING OK - Packet loss = 0%, RTA = 0.50 ms
[1569609000] CURRENT SERVICE STATE: esxi09;ESXi Hardware Check;OK;HARD;1;OK - Server: Cisco Systems Inc UCSC-C220-M4S s/n: FCH22157ERY Chassis S/N: FCH2216V0YN  System BIOS: C220M4.3.0.4a.0.0226182253 2018-02-26
[1569609000] CURRENT SERVICE STATE: esxi09;PING;OK;HARD;1;PING OK - Packet loss = 0%, RTA = 0.51 ms
[1569609000] CURRENT SERVICE STATE: localhost;Current Load;OK;HARD;1;OK - load average: 0.66, 0.18, 0.10
[1569609000] CURRENT SERVICE STATE: localhost;Current Users;OK;HARD;1;USERS OK - 2 users currently logged in
[1569609000] CURRENT SERVICE STATE: localhost;PING;OK;HARD;1;PING OK - Packet loss = 0%, RTA = 0.03 ms
[1569609000] CURRENT SERVICE STATE: localhost;Root Partition;OK;HARD;1;DISK OK - free space: / 42350 MB (82.75% inode=99%):
[1569609000] CURRENT SERVICE STATE: localhost;SSH;OK;HARD;1;SSH OK - OpenSSH_7.4 (protocol 2.0)
[1569609000] CURRENT SERVICE STATE: localhost;Swap Usage;OK;HARD;1;SWAP OK - 100% free (3946 MB out of 3967 MB)
[1569609000] CURRENT SERVICE STATE: localhost;Total Processes;OK;HARD;1;PROCS OK: 93 processes with STATE = RSZDT
[1569609000] CURRENT SERVICE STATE: vmware10gswitch;check-host-alive;OK;HARD;1;PING OK - Packet loss = 0%, RTA = 1.38 ms
[1569609000] CURRENT SERVICE STATE: vmwaremgmtswitch;check-host-alive;OK;HARD;1;PING OK - Packet loss = 0%, RTA = 0.88 ms
[1569612459] Auto-save of retention data completed successfully.
[1569616059] Auto-save of retention data completed successfully.
[1569619659] Auto-save of retention data completed successfully.
[1569623259] Auto-save of retention data completed successfully.
[1569626859] Auto-save of retention data completed successfully.
[1569630459] Auto-save of retention data completed successfully.
[1569634059] Auto-save of retention data completed successfully.
[1569637659] Auto-save of retention data completed successfully.
[1569641259] Auto-save of retention data completed successfully.
[1569643485] SERVICE ALERT: esxi04;PING;WARNING;SOFT;1;PING WARNING - Packet loss = 20%, RTA = 0.55 ms
[1569643549] SERVICE ALERT: esxi04;PING;OK;SOFT;2;PING OK - Packet loss = 0%, RTA = 0.51 ms
[1569644859] Auto-save of retention data completed successfully.
[1569648459] Auto-save of retention data completed successfully.
[1569652059] Auto-save of retention data completed successfully.
[1569655659] Auto-save of retention data completed successfully.
[1569657061] wproc: Core Worker 23159: job 137017 (pid=4938) timed out. Killing it
[1569657061] wproc: CHECK job 137017 from worker Core Worker 23159 timed out after 30.03s
[1569657061] wproc:   host=Director_Bldg; service=(null);
[1569657061] wproc:   early_timeout=1; exited_ok=0; wait_status=0; error_code=62;
[1569657061] Warning: Check of host 'Director_Bldg' timed out after 30.03 seconds
[1569657061] HOST ALERT: Director_Bldg;DOWN;SOFT;1;(Host check timed out after 30.03 seconds)
[1569657061] wproc: Core Worker 23159: job 137017 (pid=4938): Dormant child reaped
[1569657151] wproc: Core Worker 23159: job 137019 (pid=4969) timed out. Killing it
[1569657151] wproc: CHECK job 137019 from worker Core Worker 23159 timed out after 30.02s
[1569657151] wproc:   host=Director_Bldg; service=(null);
[1569657151] wproc:   early_timeout=1; exited_ok=0; wait_status=0; error_code=62;
[1569657151] Warning: Check of host 'Director_Bldg' timed out after 30.02 seconds
[1569657151] HOST ALERT: Director_Bldg;DOWN;SOFT;2;(Host check timed out after 30.02 seconds)
[1569657151] wproc: Core Worker 23159: job 137019 (pid=4969): Dormant child reaped
[1569657241] wproc: Core Worker 23160: job 137023 (pid=5009) timed out. Killing it
[1569657241] wproc: CHECK job 137023 from worker Core Worker 23160 timed out after 30.02s
[1569657241] wproc:   host=Director_Bldg; service=(null);
[1569657241] wproc:   early_timeout=1; exited_ok=0; wait_status=0; error_code=62;
[1569657241] Warning: Check of host 'Director_Bldg' timed out after 30.02 seconds
[1569657241] HOST ALERT: Director_Bldg;DOWN;SOFT;3;(Host check timed out after 30.02 seconds)
[1569657241] wproc: Core Worker 23160: job 137023 (pid=5009): Dormant child reaped
[1569657241] SERVICE ALERT: Director_Bldg;check-host-alive;CRITICAL;HARD;1;CRITICAL - Plugin timed out
[1569657331] wproc: Core Worker 23160: job 137025 (pid=5044) timed out. Killing it
[1569657331] wproc: CHECK job 137025 from worker Core Worker 23160 timed out after 30.03s
[1569657331] wproc:   host=Director_Bldg; service=(null);
[1569657331] wproc:   early_timeout=1; exited_ok=0; wait_status=0; error_code=62;
[1569657331] Warning: Check of host 'Director_Bldg' timed out after 30.03 seconds
[1569657331] HOST ALERT: Director_Bldg;DOWN;SOFT;4;(Host check timed out after 30.03 seconds)
[1569657331] wproc: Core Worker 23160: job 137025 (pid=5044): Dormant child reaped
[1569657395] HOST ALERT: Director_Bldg;UP;SOFT;1;PING OK - Packet loss = 0%, RTA = 0.66 ms
[1569657814] SERVICE ALERT: Director_Bldg;check-host-alive;OK;SOFT;1;PING OK - Packet loss = 0%, RTA = 0.60 ms
[1569659259] Auto-save of retention data completed successfully.
[1569662859] Auto-save of retention data completed successfully.
[1569666459] Auto-save of retention data completed successfully.
[1569670059] Auto-save of retention data completed successfully.
[1569673659] Auto-save of retention data completed successfully.
[1569673725] wproc: Core Worker 23159: job 137546 (pid=18306) timed out. Killing it
[1569673725] wproc: Core Worker 23159: job 29464048 with pid 18306 reaped at timeout. timeouts=6; started=137547
[1569677259] Auto-save of retention data completed successfully.
[1569680859] Auto-save of retention data completed successfully.
[1569684459] Auto-save of retention data completed successfully.
[1569688059] Auto-save of retention data completed successfully.
[1569691659] Auto-save of retention data completed successfully.
[1569695259] Auto-save of retention data completed successfully.
