[1602873000] LOG ROTATION: DAILY
[1602873000] LOG VERSION: 2.0
[1602873000] CURRENT HOST STATE: AP_Main_Bldg;UP;HARD;1;PING OK - Packet loss = 0%, RTA = 0.78 ms
[1602873000] CURRENT HOST STATE: Director_Bldg;UP;HARD;1;PING OK - Packet loss = 0%, RTA = 0.64 ms
[1602873000] CURRENT HOST STATE: Director_Resident;UP;HARD;1;PING OK - Packet loss = 0%, RTA = 1.05 ms
[1602873000] CURRENT HOST STATE: esxi01;UP;HARD;1;PING OK - Packet loss = 0%, RTA = 0.47 ms
[1602873000] CURRENT HOST STATE: esxi02;UP;HARD;1;PING OK - Packet loss = 0%, RTA = 0.49 ms
[1602873000] CURRENT HOST STATE: esxi03;UP;HARD;1;PING OK - Packet loss = 0%, RTA = 0.46 ms
[1602873000] CURRENT HOST STATE: esxi04;UP;HARD;1;PING OK - Packet loss = 0%, RTA = 0.48 ms
[1602873000] CURRENT HOST STATE: esxi05;UP;HARD;1;PING OK - Packet loss = 0%, RTA = 0.91 ms
[1602873000] CURRENT HOST STATE: esxi06;UP;HARD;1;PING OK - Packet loss = 0%, RTA = 0.45 ms
[1602873000] CURRENT HOST STATE: esxi07;UP;HARD;1;PING OK - Packet loss = 0%, RTA = 0.51 ms
[1602873000] CURRENT HOST STATE: esxi08;UP;HARD;1;PING OK - Packet loss = 0%, RTA = 0.57 ms
[1602873000] CURRENT HOST STATE: esxi09;UP;HARD;1;PING OK - Packet loss = 0%, RTA = 0.41 ms
[1602873000] CURRENT HOST STATE: localhost;UP;HARD;1;PING OK - Packet loss = 0%, RTA = 0.04 ms
[1602873000] CURRENT HOST STATE: vmware10gswitch;UP;HARD;1;PING OK - Packet loss = 0%, RTA = 1.32 ms
[1602873000] CURRENT HOST STATE: vmwaremgmtswitch;UP;HARD;1;PING OK - Packet loss = 0%, RTA = 0.79 ms
[1602873000] CURRENT SERVICE STATE: AP_Main_Bldg;check-host-alive;OK;HARD;1;PING OK - Packet loss = 0%, RTA = 0.81 ms
[1602873000] CURRENT SERVICE STATE: Director_Bldg;check-host-alive;OK;HARD;1;PING OK - Packet loss = 0%, RTA = 0.58 ms
[1602873000] CURRENT SERVICE STATE: Director_Resident;check-host-alive;OK;HARD;1;PING OK - Packet loss = 0%, RTA = 0.70 ms
[1602873000] CURRENT SERVICE STATE: esxi01;ESXi Hardware Check;OK;HARD;1;OK - Server: Cisco Systems Inc UCSC-C220-M4S s/n: FCH22157EQH Chassis S/N: FCH2216V0WN  System BIOS: C220M4.3.0.4a.0.0226182253 2018-02-26
[1602873000] CURRENT SERVICE STATE: esxi01;PING;OK;HARD;1;PING OK - Packet loss = 0%, RTA = 0.45 ms
[1602873000] CURRENT SERVICE STATE: esxi02;ESXi Hardware Check;UNKNOWN;HARD;3;UNKNOWN:
[1602873000] CURRENT SERVICE STATE: esxi02;PING;OK;HARD;1;PING OK - Packet loss = 0%, RTA = 0.52 ms
[1602873000] CURRENT SERVICE STATE: esxi03;ESXi Hardware Check;OK;HARD;1;OK - Server: Cisco Systems Inc UCSC-C220-M4S s/n: FCH22157ESB Chassis S/N: FCH2216V0TW  System BIOS: C220M4.3.0.4a.0.0226182253 2018-02-26
[1602873000] CURRENT SERVICE STATE: esxi03;PING;OK;HARD;1;PING OK - Packet loss = 0%, RTA = 0.62 ms
[1602873000] CURRENT SERVICE STATE: esxi04;ESXi Hardware Check;OK;HARD;1;OK - Server: Cisco Systems Inc UCSC-C220-M4S s/n: FCH22137QKB Chassis S/N: FCH2216V0YZ  System BIOS: C220M4.3.0.4a.0.0226182253 2018-02-26
[1602873000] CURRENT SERVICE STATE: esxi04;PING;OK;HARD;1;PING OK - Packet loss = 0%, RTA = 0.56 ms
[1602873000] CURRENT SERVICE STATE: esxi05;ESXi Hardware Check;OK;HARD;1;OK - Server: Cisco Systems Inc UCSC-C220-M4S s/n: FCH22157EPD Chassis S/N: FCH2216V0Z0  System BIOS: C220M4.3.0.4a.0.0226182253 2018-02-26
[1602873000] CURRENT SERVICE STATE: esxi05;PING;OK;HARD;1;PING OK - Packet loss = 0%, RTA = 0.50 ms
[1602873000] CURRENT SERVICE STATE: esxi06;ESXi Haradware Check;OK;HARD;1;OK - Server: Cisco Systems Inc UCSC-C220-M4S s/n: FCH22157ERW Chassis S/N: FCH2216V0X8  System BIOS: C220M4.3.0.4a.0.0226182253 2018-02-26
[1602873000] CURRENT SERVICE STATE: esxi06;PING;OK;HARD;1;PING OK - Packet loss = 0%, RTA = 0.59 ms
[1602873000] CURRENT SERVICE STATE: esxi07;ESXi Hardware Check;OK;HARD;1;OK - Server: Cisco Systems Inc UCSC-C220-M4S s/n: FCH22157EV7 Chassis S/N: FCH2216V0Y8  System BIOS: C220M4.3.0.4a.0.0226182253 2018-02-26
[1602873000] CURRENT SERVICE STATE: esxi07;PING;OK;HARD;1;PING OK - Packet loss = 0%, RTA = 0.51 ms
[1602873000] CURRENT SERVICE STATE: esxi08;ESXi Hardware Check;OK;HARD;1;OK - Server: Cisco Systems Inc UCSC-C220-M4S s/n: FCH22137QJN Chassis S/N: FCH2216V0YV  System BIOS: C220M4.3.0.4a.0.0226182253 2018-02-26
[1602873000] CURRENT SERVICE STATE: esxi08;PING;OK;HARD;1;PING OK - Packet loss = 0%, RTA = 0.36 ms
[1602873000] CURRENT SERVICE STATE: esxi09;ESXi Hardware Check;OK;HARD;1;OK - Server: Cisco Systems Inc UCSC-C220-M4S s/n: FCH22157ERY Chassis S/N: FCH2216V0YN  System BIOS: C220M4.3.0.4a.0.0226182253 2018-02-26
[1602873000] CURRENT SERVICE STATE: esxi09;PING;OK;HARD;1;PING OK - Packet loss = 0%, RTA = 0.54 ms
[1602873000] CURRENT SERVICE STATE: localhost;Current Load;OK;HARD;1;OK - load average: 0.08, 0.06, 0.05
[1602873000] CURRENT SERVICE STATE: localhost;Current Users;OK;HARD;1;USERS OK - 0 users currently logged in
[1602873000] CURRENT SERVICE STATE: localhost;PING;OK;HARD;1;PING OK - Packet loss = 0%, RTA = 0.04 ms
[1602873000] CURRENT SERVICE STATE: localhost;Root Partition;OK;HARD;1;DISK OK - free space: / 42821 MB (83.67% inode=99%):
[1602873000] CURRENT SERVICE STATE: localhost;SSH;OK;HARD;1;SSH OK - OpenSSH_7.4 (protocol 2.0)
[1602873000] CURRENT SERVICE STATE: localhost;Swap Usage;OK;HARD;1;SWAP OK - 100% free (3967 MB out of 3967 MB)
[1602873000] CURRENT SERVICE STATE: localhost;Total Processes;OK;HARD;1;PROCS OK: 80 processes with STATE = RSZDT
[1602873000] CURRENT SERVICE STATE: vmware10gswitch;check-host-alive;OK;HARD;1;PING OK - Packet loss = 0%, RTA = 1.38 ms
[1602873000] CURRENT SERVICE STATE: vmwaremgmtswitch;check-host-alive;OK;HARD;1;PING OK - Packet loss = 0%, RTA = 0.79 ms
[1602875372] Auto-save of retention data completed successfully.
[1602878972] Auto-save of retention data completed successfully.
[1602882572] Auto-save of retention data completed successfully.
[1602886172] Auto-save of retention data completed successfully.
[1602889772] Auto-save of retention data completed successfully.
[1602893372] Auto-save of retention data completed successfully.
[1602896972] Auto-save of retention data completed successfully.
[1602900572] Auto-save of retention data completed successfully.
[1602904172] Auto-save of retention data completed successfully.
[1602907772] Auto-save of retention data completed successfully.
[1602911372] Auto-save of retention data completed successfully.
[1602914972] Auto-save of retention data completed successfully.
[1602918572] Auto-save of retention data completed successfully.
[1602922172] Auto-save of retention data completed successfully.
[1602923489] wproc: Core Worker 8828: job 97595 (pid=12650) timed out. Killing it
[1602923489] wproc: CHECK job 97595 from worker Core Worker 8828 timed out after 30.03s
[1602923489] wproc:   host=Director_Resident; service=(null);
[1602923489] wproc:   early_timeout=1; exited_ok=0; wait_status=0; error_code=62;
[1602923489] Warning: Check of host 'Director_Resident' timed out after 30.03 seconds
[1602923489] HOST ALERT: Director_Resident;DOWN;SOFT;1;(Host check timed out after 30.03 seconds)
[1602923489] wproc: Core Worker 8828: job 97595 (pid=12650): Dormant child reaped
[1602923579] wproc: Core Worker 8828: job 97598 (pid=12705) timed out. Killing it
[1602923579] wproc: CHECK job 97598 from worker Core Worker 8828 timed out after 30.01s
[1602923579] wproc:   host=Director_Resident; service=(null);
[1602923579] wproc:   early_timeout=1; exited_ok=0; wait_status=0; error_code=62;
[1602923579] Warning: Check of host 'Director_Resident' timed out after 30.01 seconds
[1602923579] HOST ALERT: Director_Resident;DOWN;SOFT;2;(Host check timed out after 30.01 seconds)
[1602923579] wproc: Core Worker 8828: job 97598 (pid=12705): Dormant child reaped
[1602923608] wproc: Core Worker 8828: job 97601 (pid=12735) timed out. Killing it
[1602923608] wproc: CHECK job 97601 from worker Core Worker 8828 timed out after 30.01s
[1602923608] wproc:   host=Director_Bldg; service=(null);
[1602923608] wproc:   early_timeout=1; exited_ok=0; wait_status=0; error_code=62;
[1602923608] Warning: Check of host 'Director_Bldg' timed out after 30.01 seconds
[1602923608] HOST ALERT: Director_Bldg;DOWN;SOFT;1;(Host check timed out after 30.01 seconds)
[1602923609] wproc: Core Worker 8828: job 97601 (pid=12735): Dormant child reaped
[1602923669] wproc: Core Worker 8828: job 97602 (pid=12751) timed out. Killing it
[1602923669] wproc: CHECK job 97602 from worker Core Worker 8828 timed out after 30.01s
[1602923669] wproc:   host=Director_Resident; service=(null);
[1602923669] wproc:   early_timeout=1; exited_ok=0; wait_status=0; error_code=62;
[1602923669] Warning: Check of host 'Director_Resident' timed out after 30.01 seconds
[1602923669] HOST ALERT: Director_Resident;DOWN;SOFT;3;(Host check timed out after 30.01 seconds)
[1602923669] wproc: Core Worker 8828: job 97602 (pid=12751): Dormant child reaped
[1602923670] SERVICE ALERT: Director_Resident;check-host-alive;CRITICAL;HARD;1;CRITICAL - Plugin timed out
[1602923698] wproc: Core Worker 8828: job 97603 (pid=12759) timed out. Killing it
[1602923698] wproc: CHECK job 97603 from worker Core Worker 8828 timed out after 30.03s
[1602923698] wproc:   host=Director_Bldg; service=(null);
[1602923698] wproc:   early_timeout=1; exited_ok=0; wait_status=0; error_code=62;
[1602923698] Warning: Check of host 'Director_Bldg' timed out after 30.03 seconds
[1602923698] HOST ALERT: Director_Bldg;DOWN;SOFT;2;(Host check timed out after 30.03 seconds)
[1602923699] wproc: Core Worker 8828: job 97603 (pid=12759): Dormant child reaped
[1602923759] wproc: Core Worker 8830: job 97604 (pid=12914) timed out. Killing it
[1602923759] wproc: CHECK job 97604 from worker Core Worker 8830 timed out after 30.01s
[1602923759] wproc:   host=Director_Resident; service=(null);
[1602923759] wproc:   early_timeout=1; exited_ok=0; wait_status=0; error_code=62;
[1602923759] Warning: Check of host 'Director_Resident' timed out after 30.01 seconds
[1602923759] HOST ALERT: Director_Resident;DOWN;SOFT;4;(Host check timed out after 30.01 seconds)
[1602923759] wproc: Core Worker 8830: job 97604 (pid=12914): Dormant child reaped
[1602923788] wproc: Core Worker 8828: job 97605 (pid=12928) timed out. Killing it
[1602923788] wproc: CHECK job 97605 from worker Core Worker 8828 timed out after 30.00s
[1602923788] wproc:   host=Director_Bldg; service=(null);
[1602923788] wproc:   early_timeout=1; exited_ok=0; wait_status=0; error_code=62;
[1602923788] Warning: Check of host 'Director_Bldg' timed out after 30.00 seconds
[1602923788] HOST ALERT: Director_Bldg;DOWN;SOFT;3;(Host check timed out after 30.00 seconds)
[1602923789] wproc: Core Worker 8828: job 97605 (pid=12928): Dormant child reaped
[1602923790] SERVICE ALERT: Director_Bldg;check-host-alive;CRITICAL;HARD;1;CRITICAL - Plugin timed out
[1602923849] wproc: Core Worker 8829: job 97606 (pid=12947) timed out. Killing it
[1602923849] wproc: CHECK job 97606 from worker Core Worker 8829 timed out after 30.01s
[1602923849] wproc:   host=Director_Resident; service=(null);
[1602923849] wproc:   early_timeout=1; exited_ok=0; wait_status=0; error_code=62;
[1602923849] Warning: Check of host 'Director_Resident' timed out after 30.01 seconds
[1602923849] HOST ALERT: Director_Resident;DOWN;SOFT;5;(Host check timed out after 30.01 seconds)
[1602923849] wproc: Core Worker 8829: job 97606 (pid=12947): Dormant child reaped
[1602923878] wproc: Core Worker 8827: job 97608 (pid=12957) timed out. Killing it
[1602923878] wproc: CHECK job 97608 from worker Core Worker 8827 timed out after 30.00s
[1602923878] wproc:   host=Director_Bldg; service=(null);
[1602923878] wproc:   early_timeout=1; exited_ok=0; wait_status=0; error_code=62;
[1602923878] Warning: Check of host 'Director_Bldg' timed out after 30.00 seconds
[1602923878] HOST ALERT: Director_Bldg;DOWN;SOFT;4;(Host check timed out after 30.00 seconds)
[1602923879] wproc: Core Worker 8827: job 97608 (pid=12957): Dormant child reaped
[1602923939] wproc: Core Worker 8827: job 97612 (pid=12995) timed out. Killing it
[1602923939] wproc: CHECK job 97612 from worker Core Worker 8827 timed out after 30.03s
[1602923939] wproc:   host=Director_Resident; service=(null);
[1602923939] wproc:   early_timeout=1; exited_ok=0; wait_status=0; error_code=62;
[1602923939] Warning: Check of host 'Director_Resident' timed out after 30.03 seconds
[1602923939] HOST ALERT: Director_Resident;DOWN;SOFT;6;(Host check timed out after 30.03 seconds)
[1602923939] wproc: Core Worker 8827: job 97612 (pid=12995): Dormant child reaped
[1602923968] wproc: Core Worker 8830: job 97612 (pid=13007) timed out. Killing it
[1602923968] wproc: CHECK job 97612 from worker Core Worker 8830 timed out after 30.03s
[1602923968] wproc:   host=Director_Bldg; service=(null);
[1602923968] wproc:   early_timeout=1; exited_ok=0; wait_status=0; error_code=62;
[1602923968] Warning: Check of host 'Director_Bldg' timed out after 30.03 seconds
[1602923968] HOST ALERT: Director_Bldg;DOWN;SOFT;5;(Host check timed out after 30.03 seconds)
[1602923969] wproc: Core Worker 8830: job 97612 (pid=13007): Dormant child reaped
[1602924029] wproc: Core Worker 8829: job 97613 (pid=13025) timed out. Killing it
[1602924029] wproc: CHECK job 97613 from worker Core Worker 8829 timed out after 30.01s
[1602924029] wproc:   host=Director_Resident; service=(null);
[1602924029] wproc:   early_timeout=1; exited_ok=0; wait_status=0; error_code=62;
[1602924029] Warning: Check of host 'Director_Resident' timed out after 30.01 seconds
[1602924029] HOST ALERT: Director_Resident;DOWN;SOFT;7;(Host check timed out after 30.01 seconds)
[1602924029] wproc: Core Worker 8829: job 97613 (pid=13025): Dormant child reaped
[1602924059] wproc: Core Worker 8827: job 97615 (pid=13178) timed out. Killing it
[1602924059] wproc: CHECK job 97615 from worker Core Worker 8827 timed out after 30.03s
[1602924059] wproc:   host=Director_Bldg; service=(null);
[1602924059] wproc:   early_timeout=1; exited_ok=0; wait_status=0; error_code=62;
[1602924059] Warning: Check of host 'Director_Bldg' timed out after 30.03 seconds
[1602924059] HOST ALERT: Director_Bldg;DOWN;SOFT;6;(Host check timed out after 30.03 seconds)
[1602924059] wproc: Core Worker 8827: job 97615 (pid=13178): Dormant child reaped
[1602924119] wproc: Core Worker 8828: job 97616 (pid=13197) timed out. Killing it
[1602924119] wproc: CHECK job 97616 from worker Core Worker 8828 timed out after 30.01s
[1602924119] wproc:   host=Director_Resident; service=(null);
[1602924119] wproc:   early_timeout=1; exited_ok=0; wait_status=0; error_code=62;
[1602924119] Warning: Check of host 'Director_Resident' timed out after 30.01 seconds
[1602924119] HOST ALERT: Director_Resident;DOWN;SOFT;8;(Host check timed out after 30.01 seconds)
[1602924119] wproc: Core Worker 8828: job 97616 (pid=13197): Dormant child reaped
[1602924149] wproc: Core Worker 8829: job 97617 (pid=13214) timed out. Killing it
[1602924149] wproc: CHECK job 97617 from worker Core Worker 8829 timed out after 30.01s
[1602924149] wproc:   host=Director_Bldg; service=(null);
[1602924149] wproc:   early_timeout=1; exited_ok=0; wait_status=0; error_code=62;
[1602924149] Warning: Check of host 'Director_Bldg' timed out after 30.01 seconds
[1602924149] HOST ALERT: Director_Bldg;DOWN;SOFT;7;(Host check timed out after 30.01 seconds)
[1602924149] wproc: Core Worker 8829: job 97617 (pid=13214): Dormant child reaped
[1602924209] wproc: Core Worker 8829: job 97621 (pid=13251) timed out. Killing it
[1602924209] wproc: CHECK job 97621 from worker Core Worker 8829 timed out after 30.01s
[1602924209] wproc:   host=Director_Resident; service=(null);
[1602924209] wproc:   early_timeout=1; exited_ok=0; wait_status=0; error_code=62;
[1602924209] Warning: Check of host 'Director_Resident' timed out after 30.01 seconds
[1602924209] HOST ALERT: Director_Resident;DOWN;SOFT;9;(Host check timed out after 30.01 seconds)
[1602924209] wproc: Core Worker 8829: job 97621 (pid=13251): Dormant child reaped
[1602924239] wproc: Core Worker 8829: job 97622 (pid=13260) timed out. Killing it
[1602924239] wproc: CHECK job 97622 from worker Core Worker 8829 timed out after 30.03s
[1602924239] wproc:   host=Director_Bldg; service=(null);
[1602924239] wproc:   early_timeout=1; exited_ok=0; wait_status=0; error_code=62;
[1602924239] Warning: Check of host 'Director_Bldg' timed out after 30.03 seconds
[1602924239] HOST ALERT: Director_Bldg;DOWN;SOFT;8;(Host check timed out after 30.03 seconds)
[1602924239] wproc: Core Worker 8829: job 97622 (pid=13260): Dormant child reaped
[1602924299] wproc: Core Worker 8829: job 97623 (pid=13276) timed out. Killing it
[1602924299] wproc: CHECK job 97623 from worker Core Worker 8829 timed out after 30.03s
[1602924299] wproc:   host=Director_Resident; service=(null);
[1602924299] wproc:   early_timeout=1; exited_ok=0; wait_status=0; error_code=62;
[1602924299] Warning: Check of host 'Director_Resident' timed out after 30.03 seconds
[1602924299] HOST NOTIFICATION: nagiosadmin;Director_Resident;DOWN;notify-host-by-email;(Host check timed out after 30.03 seconds)
[1602924299] HOST ALERT: Director_Resident;DOWN;HARD;10;(Host check timed out after 30.03 seconds)
[1602924299] wproc: Core Worker 8829: job 97623 (pid=13276): Dormant child reaped
[1602924329] wproc: Core Worker 8830: job 97624 (pid=13290) timed out. Killing it
[1602924329] wproc: CHECK job 97624 from worker Core Worker 8830 timed out after 30.01s
[1602924329] wproc:   host=Director_Bldg; service=(null);
[1602924329] wproc:   early_timeout=1; exited_ok=0; wait_status=0; error_code=62;
[1602924329] Warning: Check of host 'Director_Bldg' timed out after 30.01 seconds
[1602924329] HOST ALERT: Director_Bldg;DOWN;SOFT;9;(Host check timed out after 30.01 seconds)
[1602924329] wproc: Core Worker 8830: job 97624 (pid=13290): Dormant child reaped
[1602924419] wproc: Core Worker 8829: job 97626 (pid=13460) timed out. Killing it
[1602924419] wproc: CHECK job 97626 from worker Core Worker 8829 timed out after 30.00s
[1602924419] wproc:   host=Director_Bldg; service=(null);
[1602924419] wproc:   early_timeout=1; exited_ok=0; wait_status=0; error_code=62;
[1602924419] Warning: Check of host 'Director_Bldg' timed out after 30.00 seconds
[1602924419] HOST NOTIFICATION: nagiosadmin;Director_Bldg;DOWN;notify-host-by-email;(Host check timed out after 30.00 seconds)
[1602924419] HOST ALERT: Director_Bldg;DOWN;HARD;10;(Host check timed out after 30.00 seconds)
[1602924419] wproc: Core Worker 8829: job 97626 (pid=13460): Dormant child reaped
[1602924629] wproc: Core Worker 8829: job 97633 (pid=13552) timed out. Killing it
[1602924629] wproc: CHECK job 97633 from worker Core Worker 8829 timed out after 30.01s
[1602924629] wproc:   host=Director_Resident; service=(null);
[1602924629] wproc:   early_timeout=1; exited_ok=0; wait_status=0; error_code=62;
[1602924629] Warning: Check of host 'Director_Resident' timed out after 30.01 seconds
[1602924629] wproc: Core Worker 8829: job 97633 (pid=13552): Dormant child reaped
[1602924749] wproc: Core Worker 8828: job 97637 (pid=13741) timed out. Killing it
[1602924749] wproc: CHECK job 97637 from worker Core Worker 8828 timed out after 30.01s
[1602924749] wproc:   host=Director_Bldg; service=(null);
[1602924749] wproc:   early_timeout=1; exited_ok=0; wait_status=0; error_code=62;
[1602924749] Warning: Check of host 'Director_Bldg' timed out after 30.01 seconds
[1602924749] wproc: Core Worker 8828: job 97637 (pid=13741): Dormant child reaped
[1602924929] wproc: Core Worker 8828: job 97643 (pid=13810) timed out. Killing it
[1602924929] wproc: CHECK job 97643 from worker Core Worker 8828 timed out after 30.02s
[1602924929] wproc:   host=Director_Resident; service=(null);
[1602924929] wproc:   early_timeout=1; exited_ok=0; wait_status=0; error_code=62;
[1602924929] Warning: Check of host 'Director_Resident' timed out after 30.02 seconds
[1602924929] wproc: Core Worker 8828: job 97643 (pid=13810): Dormant child reaped
[1602925049] wproc: Core Worker 8829: job 97645 (pid=13986) timed out. Killing it
[1602925049] wproc: CHECK job 97645 from worker Core Worker 8829 timed out after 30.01s
[1602925049] wproc:   host=Director_Bldg; service=(null);
[1602925049] wproc:   early_timeout=1; exited_ok=0; wait_status=0; error_code=62;
[1602925049] Warning: Check of host 'Director_Bldg' timed out after 30.01 seconds
[1602925049] wproc: Core Worker 8829: job 97645 (pid=13986): Dormant child reaped
[1602925229] wproc: Core Worker 8827: job 97652 (pid=14059) timed out. Killing it
[1602925229] wproc: CHECK job 97652 from worker Core Worker 8827 timed out after 30.01s
[1602925229] wproc:   host=Director_Resident; service=(null);
[1602925229] wproc:   early_timeout=1; exited_ok=0; wait_status=0; error_code=62;
[1602925229] Warning: Check of host 'Director_Resident' timed out after 30.01 seconds
[1602925229] wproc: Core Worker 8827: job 97652 (pid=14059): Dormant child reaped
[1602925349] wproc: Core Worker 8830: job 97655 (pid=14243) timed out. Killing it
[1602925349] wproc: CHECK job 97655 from worker Core Worker 8830 timed out after 30.01s
[1602925349] wproc:   host=Director_Bldg; service=(null);
[1602925349] wproc:   early_timeout=1; exited_ok=0; wait_status=0; error_code=62;
[1602925349] Warning: Check of host 'Director_Bldg' timed out after 30.01 seconds
[1602925349] wproc: Core Worker 8830: job 97655 (pid=14243): Dormant child reaped
[1602925529] wproc: Core Worker 8830: job 97661 (pid=14313) timed out. Killing it
[1602925529] wproc: CHECK job 97661 from worker Core Worker 8830 timed out after 30.03s
[1602925529] wproc:   host=Director_Resident; service=(null);
[1602925529] wproc:   early_timeout=1; exited_ok=0; wait_status=0; error_code=62;
[1602925529] Warning: Check of host 'Director_Resident' timed out after 30.03 seconds
[1602925529] wproc: Core Worker 8830: job 97661 (pid=14313): Dormant child reaped
[1602925649] wproc: Core Worker 8827: job 97664 (pid=14488) timed out. Killing it
[1602925649] wproc: CHECK job 97664 from worker Core Worker 8827 timed out after 30.01s
[1602925649] wproc:   host=Director_Bldg; service=(null);
[1602925649] wproc:   early_timeout=1; exited_ok=0; wait_status=0; error_code=62;
[1602925649] Warning: Check of host 'Director_Bldg' timed out after 30.01 seconds
[1602925649] wproc: Core Worker 8827: job 97664 (pid=14488): Dormant child reaped
[1602925772] Auto-save of retention data completed successfully.
[1602925829] wproc: Core Worker 8830: job 97670 (pid=14562) timed out. Killing it
[1602925829] wproc: CHECK job 97670 from worker Core Worker 8830 timed out after 30.03s
[1602925829] wproc:   host=Director_Resident; service=(null);
[1602925829] wproc:   early_timeout=1; exited_ok=0; wait_status=0; error_code=62;
[1602925829] Warning: Check of host 'Director_Resident' timed out after 30.03 seconds
[1602925829] wproc: Core Worker 8830: job 97670 (pid=14562): Dormant child reaped
[1602925949] wproc: Core Worker 8829: job 97673 (pid=14750) timed out. Killing it
[1602925949] wproc: CHECK job 97673 from worker Core Worker 8829 timed out after 30.01s
[1602925949] wproc:   host=Director_Bldg; service=(null);
[1602925949] wproc:   early_timeout=1; exited_ok=0; wait_status=0; error_code=62;
[1602925949] Warning: Check of host 'Director_Bldg' timed out after 30.01 seconds
[1602925949] wproc: Core Worker 8829: job 97673 (pid=14750): Dormant child reaped
[1602926129] wproc: Core Worker 8829: job 97679 (pid=14820) timed out. Killing it
[1602926129] wproc: CHECK job 97679 from worker Core Worker 8829 timed out after 30.02s
[1602926129] wproc:   host=Director_Resident; service=(null);
[1602926129] wproc:   early_timeout=1; exited_ok=0; wait_status=0; error_code=62;
[1602926129] Warning: Check of host 'Director_Resident' timed out after 30.02 seconds
[1602926129] HOST NOTIFICATION: nagiosadmin;Director_Resident;DOWN;notify-host-by-email;(Host check timed out after 30.02 seconds)
[1602926129] wproc: Core Worker 8829: job 97679 (pid=14820): Dormant child reaped
[1602926163] SERVICE ALERT: Director_Bldg;check-host-alive;OK;HARD;3;PING OK - Packet loss = 0%, RTA = 0.57 ms
[1602926167] HOST NOTIFICATION: nagiosadmin;Director_Bldg;UP;notify-host-by-email;PING OK - Packet loss = 0%, RTA = 0.50 ms
[1602926167] HOST ALERT: Director_Bldg;UP;HARD;1;PING OK - Packet loss = 0%, RTA = 0.50 ms
[1602926404] HOST NOTIFICATION: nagiosadmin;Director_Resident;UP;notify-host-by-email;PING OK - Packet loss = 20%, RTA = 0.75 ms
[1602926404] HOST ALERT: Director_Resident;UP;HARD;1;PING OK - Packet loss = 20%, RTA = 0.75 ms
[1602926643] SERVICE ALERT: Director_Resident;check-host-alive;OK;SOFT;1;PING OK - Packet loss = 0%, RTA = 0.71 ms
[1602929372] Auto-save of retention data completed successfully.
[1602932972] Auto-save of retention data completed successfully.
[1602936572] Auto-save of retention data completed successfully.
[1602940172] Auto-save of retention data completed successfully.
[1602941190] SERVICE ALERT: Director_Bldg;check-host-alive;CRITICAL;SOFT;1;CRITICAL - Plugin timed out
[1602941193] wproc: Core Worker 8828: job 98138 (pid=27601) timed out. Killing it
[1602941193] wproc: CHECK job 98138 from worker Core Worker 8828 timed out after 30.02s
[1602941193] wproc:   host=Director_Bldg; service=(null);
[1602941193] wproc:   early_timeout=1; exited_ok=0; wait_status=0; error_code=62;
[1602941193] Warning: Check of host 'Director_Bldg' timed out after 30.02 seconds
[1602941193] HOST ALERT: Director_Bldg;DOWN;SOFT;1;(Host check timed out after 30.02 seconds)
[1602941193] wproc: Core Worker 8828: job 98138 (pid=27601): Dormant child reaped
[1602941283] wproc: Core Worker 8829: job 98140 (pid=27628) timed out. Killing it
[1602941283] wproc: CHECK job 98140 from worker Core Worker 8829 timed out after 30.01s
[1602941283] wproc:   host=Director_Bldg; service=(null);
[1602941283] wproc:   early_timeout=1; exited_ok=0; wait_status=0; error_code=62;
[1602941283] Warning: Check of host 'Director_Bldg' timed out after 30.01 seconds
[1602941283] HOST ALERT: Director_Bldg;DOWN;SOFT;2;(Host check timed out after 30.01 seconds)
[1602941283] wproc: Core Worker 8829: job 98140 (pid=27628): Dormant child reaped
[1602941341] SERVICE ALERT: Director_Bldg;check-host-alive;CRITICAL;HARD;3;CRITICAL - Plugin timed out
[1602941373] wproc: Core Worker 8827: job 98145 (pid=27677) timed out. Killing it
[1602941373] wproc: CHECK job 98145 from worker Core Worker 8827 timed out after 30.02s
[1602941373] wproc:   host=Director_Bldg; service=(null);
[1602941373] wproc:   early_timeout=1; exited_ok=0; wait_status=0; error_code=62;
[1602941373] Warning: Check of host 'Director_Bldg' timed out after 30.02 seconds
[1602941373] HOST ALERT: Director_Bldg;DOWN;SOFT;3;(Host check timed out after 30.02 seconds)
[1602941373] wproc: Core Worker 8827: job 98145 (pid=27677): Dormant child reaped
[1602941463] wproc: Core Worker 8829: job 98147 (pid=27850) timed out. Killing it
[1602941463] wproc: CHECK job 98147 from worker Core Worker 8829 timed out after 30.03s
[1602941463] wproc:   host=Director_Bldg; service=(null);
[1602941463] wproc:   early_timeout=1; exited_ok=0; wait_status=0; error_code=62;
[1602941463] Warning: Check of host 'Director_Bldg' timed out after 30.03 seconds
[1602941463] HOST ALERT: Director_Bldg;DOWN;SOFT;4;(Host check timed out after 30.03 seconds)
[1602941463] wproc: Core Worker 8829: job 98147 (pid=27850): Dormant child reaped
[1602941553] wproc: Core Worker 8827: job 98150 (pid=27912) timed out. Killing it
[1602941553] wproc: CHECK job 98150 from worker Core Worker 8827 timed out after 30.02s
[1602941553] wproc:   host=Director_Bldg; service=(null);
[1602941553] wproc:   early_timeout=1; exited_ok=0; wait_status=0; error_code=62;
[1602941553] Warning: Check of host 'Director_Bldg' timed out after 30.02 seconds
[1602941553] HOST ALERT: Director_Bldg;DOWN;SOFT;5;(Host check timed out after 30.02 seconds)
[1602941553] wproc: Core Worker 8827: job 98150 (pid=27912): Dormant child reaped
[1602941643] wproc: Core Worker 8829: job 98154 (pid=27955) timed out. Killing it
[1602941643] wproc: CHECK job 98154 from worker Core Worker 8829 timed out after 30.02s
[1602941643] wproc:   host=Director_Bldg; service=(null);
[1602941643] wproc:   early_timeout=1; exited_ok=0; wait_status=0; error_code=62;
[1602941643] Warning: Check of host 'Director_Bldg' timed out after 30.02 seconds
[1602941643] HOST ALERT: Director_Bldg;DOWN;SOFT;6;(Host check timed out after 30.02 seconds)
[1602941643] wproc: Core Worker 8829: job 98154 (pid=27955): Dormant child reaped
[1602941707] HOST ALERT: Director_Bldg;UP;SOFT;1;PING OK - Packet loss = 0%, RTA = 0.60 ms
[1602941914] SERVICE ALERT: Director_Bldg;check-host-alive;OK;HARD;3;PING OK - Packet loss = 0%, RTA = 0.60 ms
[1602943772] Auto-save of retention data completed successfully.
[1602947372] Auto-save of retention data completed successfully.
[1602950972] Auto-save of retention data completed successfully.
[1602954572] Auto-save of retention data completed successfully.
[1602958172] Auto-save of retention data completed successfully.
