[1583433000] LOG ROTATION: DAILY
[1583433000] LOG VERSION: 2.0
[1583433000] CURRENT HOST STATE: AP_Main_Bldg;UP;HARD;1;PING OK - Packet loss = 0%, RTA = 0.74 ms
[1583433000] CURRENT HOST STATE: Director_Bldg;UP;HARD;1;PING OK - Packet loss = 0%, RTA = 0.61 ms
[1583433000] CURRENT HOST STATE: Director_Resident;UP;HARD;1;PING OK - Packet loss = 0%, RTA = 0.95 ms
[1583433000] CURRENT HOST STATE: esxi01;UP;HARD;1;PING OK - Packet loss = 0%, RTA = 0.32 ms
[1583433000] CURRENT HOST STATE: esxi02;UP;HARD;1;PING OK - Packet loss = 0%, RTA = 0.54 ms
[1583433000] CURRENT HOST STATE: esxi03;UP;HARD;1;PING OK - Packet loss = 0%, RTA = 0.34 ms
[1583433000] CURRENT HOST STATE: esxi04;UP;HARD;1;PING OK - Packet loss = 0%, RTA = 0.39 ms
[1583433000] CURRENT HOST STATE: esxi05;UP;HARD;1;PING OK - Packet loss = 0%, RTA = 0.39 ms
[1583433000] CURRENT HOST STATE: esxi06;UP;HARD;1;PING OK - Packet loss = 0%, RTA = 0.38 ms
[1583433000] CURRENT HOST STATE: esxi07;UP;HARD;1;PING OK - Packet loss = 0%, RTA = 0.55 ms
[1583433000] CURRENT HOST STATE: esxi08;UP;HARD;1;PING OK - Packet loss = 0%, RTA = 0.38 ms
[1583433000] CURRENT HOST STATE: esxi09;UP;HARD;1;PING OK - Packet loss = 0%, RTA = 0.33 ms
[1583433000] CURRENT HOST STATE: localhost;UP;HARD;1;PING OK - Packet loss = 0%, RTA = 0.03 ms
[1583433000] CURRENT HOST STATE: vmware10gswitch;UP;HARD;1;PING OK - Packet loss = 0%, RTA = 1.32 ms
[1583433000] CURRENT HOST STATE: vmwaremgmtswitch;UP;HARD;1;PING OK - Packet loss = 0%, RTA = 0.80 ms
[1583433000] CURRENT SERVICE STATE: AP_Main_Bldg;check-host-alive;OK;HARD;1;PING OK - Packet loss = 0%, RTA = 0.76 ms
[1583433000] CURRENT SERVICE STATE: Director_Bldg;check-host-alive;OK;HARD;1;PING OK - Packet loss = 0%, RTA = 0.56 ms
[1583433000] CURRENT SERVICE STATE: Director_Resident;check-host-alive;OK;HARD;1;PING OK - Packet loss = 0%, RTA = 1.11 ms
[1583433000] CURRENT SERVICE STATE: esxi01;ESXi Hardware Check;OK;HARD;1;OK - Server: Cisco Systems Inc UCSC-C220-M4S s/n: FCH22157EQH Chassis S/N: FCH2216V0WN  System BIOS: C220M4.3.0.4a.0.0226182253 2018-02-26
[1583433000] CURRENT SERVICE STATE: esxi01;PING;OK;HARD;1;PING OK - Packet loss = 0%, RTA = 0.34 ms
[1583433000] CURRENT SERVICE STATE: esxi02;ESXi Hardware Check;OK;HARD;1;OK - Server: Cisco Systems Inc UCSC-C220-M4S s/n: FCH22157E1D Chassis S/N: FCH2216V0Y6  System BIOS: C220M4.3.0.4a.0.0226182253 2018-02-26
[1583433000] CURRENT SERVICE STATE: esxi02;PING;OK;HARD;1;PING OK - Packet loss = 0%, RTA = 0.44 ms
[1583433000] CURRENT SERVICE STATE: esxi03;ESXi Hardware Check;OK;HARD;1;OK - Server: Cisco Systems Inc UCSC-C220-M4S s/n: FCH22157ESB Chassis S/N: FCH2216V0TW  System BIOS: C220M4.3.0.4a.0.0226182253 2018-02-26
[1583433000] CURRENT SERVICE STATE: esxi03;PING;OK;HARD;1;PING OK - Packet loss = 0%, RTA = 0.33 ms
[1583433000] CURRENT SERVICE STATE: esxi04;ESXi Hardware Check;OK;HARD;1;OK - Server: Cisco Systems Inc UCSC-C220-M4S s/n: FCH22137QKB Chassis S/N: FCH2216V0YZ  System BIOS: C220M4.3.0.4a.0.0226182253 2018-02-26
[1583433000] CURRENT SERVICE STATE: esxi04;PING;OK;HARD;1;PING OK - Packet loss = 0%, RTA = 0.48 ms
[1583433000] CURRENT SERVICE STATE: esxi05;ESXi Hardware Check;OK;HARD;1;OK - Server: Cisco Systems Inc UCSC-C220-M4S s/n: FCH22157EPD Chassis S/N: FCH2216V0Z0  System BIOS: C220M4.3.0.4a.0.0226182253 2018-02-26
[1583433000] CURRENT SERVICE STATE: esxi05;PING;OK;HARD;1;PING OK - Packet loss = 0%, RTA = 0.44 ms
[1583433000] CURRENT SERVICE STATE: esxi06;ESXi Haradware Check;OK;HARD;1;OK - Server: Cisco Systems Inc UCSC-C220-M4S s/n: FCH22157ERW Chassis S/N: FCH2216V0X8  System BIOS: C220M4.3.0.4a.0.0226182253 2018-02-26
[1583433000] CURRENT SERVICE STATE: esxi06;PING;OK;HARD;1;PING OK - Packet loss = 0%, RTA = 0.44 ms
[1583433000] CURRENT SERVICE STATE: esxi07;ESXi Hardware Check;OK;HARD;1;OK - Server: Cisco Systems Inc UCSC-C220-M4S s/n: FCH22157EV7 Chassis S/N: FCH2216V0Y8  System BIOS: C220M4.3.0.4a.0.0226182253 2018-02-26
[1583433000] CURRENT SERVICE STATE: esxi07;PING;OK;HARD;1;PING OK - Packet loss = 0%, RTA = 0.50 ms
[1583433000] CURRENT SERVICE STATE: esxi08;ESXi Hardware Check;OK;HARD;1;OK - Server: Cisco Systems Inc UCSC-C220-M4S s/n: FCH22137QJN Chassis S/N: FCH2216V0YV  System BIOS: C220M4.3.0.4a.0.0226182253 2018-02-26
[1583433000] CURRENT SERVICE STATE: esxi08;PING;OK;HARD;1;PING OK - Packet loss = 0%, RTA = 0.38 ms
[1583433000] CURRENT SERVICE STATE: esxi09;ESXi Hardware Check;OK;HARD;1;OK - Server: Cisco Systems Inc UCSC-C220-M4S s/n: FCH22157ERY Chassis S/N: FCH2216V0YN  System BIOS: C220M4.3.0.4a.0.0226182253 2018-02-26
[1583433000] CURRENT SERVICE STATE: esxi09;PING;OK;HARD;1;PING OK - Packet loss = 0%, RTA = 0.37 ms
[1583433000] CURRENT SERVICE STATE: localhost;Current Load;OK;HARD;1;OK - load average: 0.00, 0.01, 0.05
[1583433000] CURRENT SERVICE STATE: localhost;Current Users;OK;HARD;1;USERS OK - 0 users currently logged in
[1583433000] CURRENT SERVICE STATE: localhost;PING;OK;HARD;1;PING OK - Packet loss = 0%, RTA = 0.05 ms
[1583433000] CURRENT SERVICE STATE: localhost;Root Partition;OK;HARD;1;DISK OK - free space: / 42829 MB (83.69% inode=99%):
[1583433000] CURRENT SERVICE STATE: localhost;SSH;OK;HARD;1;SSH OK - OpenSSH_7.4 (protocol 2.0)
[1583433000] CURRENT SERVICE STATE: localhost;Swap Usage;OK;HARD;1;SWAP OK - 100% free (3967 MB out of 3967 MB)
[1583433000] CURRENT SERVICE STATE: localhost;Total Processes;OK;HARD;1;PROCS OK: 88 processes with STATE = RSZDT
[1583433000] CURRENT SERVICE STATE: vmware10gswitch;check-host-alive;OK;HARD;1;PING OK - Packet loss = 0%, RTA = 1.34 ms
[1583433000] CURRENT SERVICE STATE: vmwaremgmtswitch;check-host-alive;OK;HARD;1;PING OK - Packet loss = 0%, RTA = 0.77 ms
[1583435285] Auto-save of retention data completed successfully.
[1583438885] Auto-save of retention data completed successfully.
[1583442485] Auto-save of retention data completed successfully.
[1583446085] Auto-save of retention data completed successfully.
[1583449685] Auto-save of retention data completed successfully.
[1583452944] SERVICE ALERT: esxi03;PING;WARNING;SOFT;1;PING WARNING - Packet loss = 40%, RTA = 0.32 ms
[1583453008] SERVICE ALERT: esxi03;PING;OK;SOFT;2;PING OK - Packet loss = 0%, RTA = 0.36 ms
[1583453285] Auto-save of retention data completed successfully.
[1583456885] Auto-save of retention data completed successfully.
[1583460485] Auto-save of retention data completed successfully.
[1583464085] Auto-save of retention data completed successfully.
[1583465563] SERVICE ALERT: esxi02;PING;WARNING;SOFT;1;PING WARNING - Packet loss = 20%, RTA = 0.51 ms
[1583465627] SERVICE ALERT: esxi02;PING;OK;SOFT;2;PING OK - Packet loss = 0%, RTA = 0.44 ms
[1583467685] Auto-save of retention data completed successfully.
[1583471285] Auto-save of retention data completed successfully.
[1583474885] Auto-save of retention data completed successfully.
[1583478485] Auto-save of retention data completed successfully.
[1583482085] Auto-save of retention data completed successfully.
[1583485685] Auto-save of retention data completed successfully.
[1583489285] Auto-save of retention data completed successfully.
[1583492885] Auto-save of retention data completed successfully.
[1583493470] wproc: Core Worker 22692: job 241638 (pid=25070) timed out. Killing it
[1583493470] wproc: CHECK job 241638 from worker Core Worker 22692 timed out after 30.02s
[1583493470] wproc:   host=Director_Resident; service=(null);
[1583493470] wproc:   early_timeout=1; exited_ok=0; wait_status=0; error_code=62;
[1583493470] Warning: Check of host 'Director_Resident' timed out after 30.02 seconds
[1583493470] HOST ALERT: Director_Resident;DOWN;SOFT;1;(Host check timed out after 30.02 seconds)
[1583493471] wproc: Core Worker 22692: job 241638 (pid=25070): Dormant child reaped
[1583493538] wproc: Core Worker 22691: job 241643 (pid=25114) timed out. Killing it
[1583493538] wproc: CHECK job 241643 from worker Core Worker 22691 timed out after 30.02s
[1583493538] wproc:   host=Director_Bldg; service=(null);
[1583493538] wproc:   early_timeout=1; exited_ok=0; wait_status=0; error_code=62;
[1583493538] Warning: Check of host 'Director_Bldg' timed out after 30.02 seconds
[1583493538] HOST ALERT: Director_Bldg;DOWN;SOFT;1;(Host check timed out after 30.02 seconds)
[1583493539] wproc: Core Worker 22691: job 241643 (pid=25114): Dormant child reaped
[1583493560] wproc: Core Worker 22689: job 241644 (pid=25118) timed out. Killing it
[1583493560] wproc: CHECK job 241644 from worker Core Worker 22689 timed out after 30.01s
[1583493560] wproc:   host=Director_Resident; service=(null);
[1583493560] wproc:   early_timeout=1; exited_ok=0; wait_status=0; error_code=62;
[1583493560] Warning: Check of host 'Director_Resident' timed out after 30.01 seconds
[1583493560] HOST ALERT: Director_Resident;DOWN;SOFT;2;(Host check timed out after 30.01 seconds)
[1583493561] wproc: Core Worker 22689: job 241644 (pid=25118): Dormant child reaped
[1583493628] wproc: Core Worker 22691: job 241647 (pid=25149) timed out. Killing it
[1583493628] wproc: CHECK job 241647 from worker Core Worker 22691 timed out after 30.01s
[1583493628] wproc:   host=Director_Bldg; service=(null);
[1583493628] wproc:   early_timeout=1; exited_ok=0; wait_status=0; error_code=62;
[1583493628] Warning: Check of host 'Director_Bldg' timed out after 30.01 seconds
[1583493628] HOST ALERT: Director_Bldg;DOWN;SOFT;2;(Host check timed out after 30.01 seconds)
[1583493629] wproc: Core Worker 22691: job 241647 (pid=25149): Dormant child reaped
[1583493650] wproc: Core Worker 22692: job 241647 (pid=25307) timed out. Killing it
[1583493650] wproc: CHECK job 241647 from worker Core Worker 22692 timed out after 30.03s
[1583493650] wproc:   host=Director_Resident; service=(null);
[1583493650] wproc:   early_timeout=1; exited_ok=0; wait_status=0; error_code=62;
[1583493650] Warning: Check of host 'Director_Resident' timed out after 30.03 seconds
[1583493650] HOST ALERT: Director_Resident;DOWN;SOFT;3;(Host check timed out after 30.03 seconds)
[1583493651] wproc: Core Worker 22692: job 241647 (pid=25307): Dormant child reaped
[1583493718] wproc: Core Worker 22689: job 241649 (pid=25323) timed out. Killing it
[1583493718] wproc: CHECK job 241649 from worker Core Worker 22689 timed out after 30.03s
[1583493718] wproc:   host=Director_Bldg; service=(null);
[1583493718] wproc:   early_timeout=1; exited_ok=0; wait_status=0; error_code=62;
[1583493718] Warning: Check of host 'Director_Bldg' timed out after 30.03 seconds
[1583493718] HOST ALERT: Director_Bldg;DOWN;SOFT;3;(Host check timed out after 30.03 seconds)
[1583493719] wproc: Core Worker 22689: job 241649 (pid=25323): Dormant child reaped
[1583493740] wproc: Core Worker 22691: job 241649 (pid=25327) timed out. Killing it
[1583493740] wproc: CHECK job 241649 from worker Core Worker 22691 timed out after 30.03s
[1583493740] wproc:   host=Director_Resident; service=(null);
[1583493740] wproc:   early_timeout=1; exited_ok=0; wait_status=0; error_code=62;
[1583493740] Warning: Check of host 'Director_Resident' timed out after 30.03 seconds
[1583493740] HOST ALERT: Director_Resident;DOWN;SOFT;4;(Host check timed out after 30.03 seconds)
[1583493741] wproc: Core Worker 22691: job 241649 (pid=25327): Dormant child reaped
[1583493766] SERVICE ALERT: Director_Resident;check-host-alive;CRITICAL;HARD;1;CRITICAL - Plugin timed out
[1583493808] wproc: Core Worker 22690: job 241654 (pid=25370) timed out. Killing it
[1583493808] wproc: CHECK job 241654 from worker Core Worker 22690 timed out after 30.03s
[1583493808] wproc:   host=Director_Bldg; service=(null);
[1583493808] wproc:   early_timeout=1; exited_ok=0; wait_status=0; error_code=62;
[1583493808] Warning: Check of host 'Director_Bldg' timed out after 30.03 seconds
[1583493808] HOST ALERT: Director_Bldg;DOWN;SOFT;4;(Host check timed out after 30.03 seconds)
[1583493809] wproc: Core Worker 22690: job 241654 (pid=25370): Dormant child reaped
[1583493831] wproc: Core Worker 22691: job 241654 (pid=25380) timed out. Killing it
[1583493831] wproc: CHECK job 241654 from worker Core Worker 22691 timed out after 30.03s
[1583493831] wproc:   host=Director_Resident; service=(null);
[1583493831] wproc:   early_timeout=1; exited_ok=0; wait_status=0; error_code=62;
[1583493831] Warning: Check of host 'Director_Resident' timed out after 30.03 seconds
[1583493831] HOST ALERT: Director_Resident;DOWN;SOFT;5;(Host check timed out after 30.03 seconds)
[1583493831] wproc: Core Worker 22691: job 241654 (pid=25380): Dormant child reaped
[1583493894] SERVICE ALERT: Director_Bldg;check-host-alive;CRITICAL;HARD;1;CRITICAL - Plugin timed out
[1583493899] wproc: Core Worker 22691: job 241656 (pid=25404) timed out. Killing it
[1583493899] wproc: CHECK job 241656 from worker Core Worker 22691 timed out after 30.01s
[1583493899] wproc:   host=Director_Bldg; service=(null);
[1583493899] wproc:   early_timeout=1; exited_ok=0; wait_status=0; error_code=62;
[1583493899] Warning: Check of host 'Director_Bldg' timed out after 30.01 seconds
[1583493899] HOST ALERT: Director_Bldg;DOWN;SOFT;5;(Host check timed out after 30.01 seconds)
[1583493899] wproc: Core Worker 22691: job 241656 (pid=25404): Dormant child reaped
[1583493921] wproc: Core Worker 22691: job 241657 (pid=25412) timed out. Killing it
[1583493921] wproc: CHECK job 241657 from worker Core Worker 22691 timed out after 30.03s
[1583493921] wproc:   host=Director_Resident; service=(null);
[1583493921] wproc:   early_timeout=1; exited_ok=0; wait_status=0; error_code=62;
[1583493921] Warning: Check of host 'Director_Resident' timed out after 30.03 seconds
[1583493921] HOST ALERT: Director_Resident;DOWN;SOFT;6;(Host check timed out after 30.03 seconds)
[1583493921] wproc: Core Worker 22691: job 241657 (pid=25412): Dormant child reaped
[1583493989] wproc: Core Worker 22691: job 241658 (pid=25563) timed out. Killing it
[1583493989] wproc: CHECK job 241658 from worker Core Worker 22691 timed out after 30.03s
[1583493989] wproc:   host=Director_Bldg; service=(null);
[1583493989] wproc:   early_timeout=1; exited_ok=0; wait_status=0; error_code=62;
[1583493989] Warning: Check of host 'Director_Bldg' timed out after 30.03 seconds
[1583493989] HOST ALERT: Director_Bldg;DOWN;SOFT;6;(Host check timed out after 30.03 seconds)
[1583493989] wproc: Core Worker 22691: job 241658 (pid=25563): Dormant child reaped
[1583494011] wproc: Core Worker 22689: job 241659 (pid=25576) timed out. Killing it
[1583494011] wproc: CHECK job 241659 from worker Core Worker 22689 timed out after 30.03s
[1583494011] wproc:   host=Director_Resident; service=(null);
[1583494011] wproc:   early_timeout=1; exited_ok=0; wait_status=0; error_code=62;
[1583494011] Warning: Check of host 'Director_Resident' timed out after 30.03 seconds
[1583494011] HOST ALERT: Director_Resident;DOWN;SOFT;7;(Host check timed out after 30.03 seconds)
[1583494011] wproc: Core Worker 22689: job 241659 (pid=25576): Dormant child reaped
[1583494079] wproc: Core Worker 22691: job 241660 (pid=25597) timed out. Killing it
[1583494079] wproc: CHECK job 241660 from worker Core Worker 22691 timed out after 30.02s
[1583494079] wproc:   host=Director_Bldg; service=(null);
[1583494079] wproc:   early_timeout=1; exited_ok=0; wait_status=0; error_code=62;
[1583494079] Warning: Check of host 'Director_Bldg' timed out after 30.02 seconds
[1583494079] HOST ALERT: Director_Bldg;DOWN;SOFT;7;(Host check timed out after 30.02 seconds)
[1583494079] wproc: Core Worker 22691: job 241660 (pid=25597): Dormant child reaped
[1583494101] wproc: Core Worker 22689: job 241664 (pid=25623) timed out. Killing it
[1583494101] wproc: CHECK job 241664 from worker Core Worker 22689 timed out after 30.01s
[1583494101] wproc:   host=Director_Resident; service=(null);
[1583494101] wproc:   early_timeout=1; exited_ok=0; wait_status=0; error_code=62;
[1583494101] Warning: Check of host 'Director_Resident' timed out after 30.01 seconds
[1583494101] HOST ALERT: Director_Resident;DOWN;SOFT;8;(Host check timed out after 30.01 seconds)
[1583494101] wproc: Core Worker 22689: job 241664 (pid=25623): Dormant child reaped
[1583494169] wproc: Core Worker 22691: job 241665 (pid=25643) timed out. Killing it
[1583494169] wproc: CHECK job 241665 from worker Core Worker 22691 timed out after 30.00s
[1583494169] wproc:   host=Director_Bldg; service=(null);
[1583494169] wproc:   early_timeout=1; exited_ok=0; wait_status=0; error_code=62;
[1583494169] Warning: Check of host 'Director_Bldg' timed out after 30.00 seconds
[1583494169] HOST ALERT: Director_Bldg;DOWN;SOFT;8;(Host check timed out after 30.00 seconds)
[1583494169] wproc: Core Worker 22691: job 241665 (pid=25643): Dormant child reaped
[1583494191] wproc: Core Worker 22690: job 241666 (pid=25657) timed out. Killing it
[1583494191] wproc: CHECK job 241666 from worker Core Worker 22690 timed out after 30.01s
[1583494191] wproc:   host=Director_Resident; service=(null);
[1583494191] wproc:   early_timeout=1; exited_ok=0; wait_status=0; error_code=62;
[1583494191] Warning: Check of host 'Director_Resident' timed out after 30.01 seconds
[1583494191] HOST ALERT: Director_Resident;DOWN;SOFT;9;(Host check timed out after 30.01 seconds)
[1583494191] wproc: Core Worker 22690: job 241666 (pid=25657): Dormant child reaped
[1583494259] wproc: Core Worker 22689: job 241669 (pid=25827) timed out. Killing it
[1583494259] wproc: CHECK job 241669 from worker Core Worker 22689 timed out after 30.03s
[1583494259] wproc:   host=Director_Bldg; service=(null);
[1583494259] wproc:   early_timeout=1; exited_ok=0; wait_status=0; error_code=62;
[1583494259] Warning: Check of host 'Director_Bldg' timed out after 30.03 seconds
[1583494259] HOST ALERT: Director_Bldg;DOWN;SOFT;9;(Host check timed out after 30.03 seconds)
[1583494259] wproc: Core Worker 22689: job 241669 (pid=25827): Dormant child reaped
[1583494281] wproc: Core Worker 22691: job 241669 (pid=25831) timed out. Killing it
[1583494281] wproc: CHECK job 241669 from worker Core Worker 22691 timed out after 30.00s
[1583494281] wproc:   host=Director_Resident; service=(null);
[1583494281] wproc:   early_timeout=1; exited_ok=0; wait_status=0; error_code=62;
[1583494281] Warning: Check of host 'Director_Resident' timed out after 30.00 seconds
[1583494281] HOST NOTIFICATION: nagiosadmin;Director_Resident;DOWN;notify-host-by-email;(Host check timed out after 30.00 seconds)
[1583494281] HOST ALERT: Director_Resident;DOWN;HARD;10;(Host check timed out after 30.00 seconds)
[1583494281] wproc: Core Worker 22691: job 241669 (pid=25831): Dormant child reaped
[1583494349] wproc: Core Worker 22690: job 241671 (pid=25887) timed out. Killing it
[1583494349] wproc: CHECK job 241671 from worker Core Worker 22690 timed out after 30.03s
[1583494349] wproc:   host=Director_Bldg; service=(null);
[1583494349] wproc:   early_timeout=1; exited_ok=0; wait_status=0; error_code=62;
[1583494349] Warning: Check of host 'Director_Bldg' timed out after 30.03 seconds
[1583494349] HOST NOTIFICATION: nagiosadmin;Director_Bldg;DOWN;notify-host-by-email;(Host check timed out after 30.03 seconds)
[1583494349] HOST ALERT: Director_Bldg;DOWN;HARD;10;(Host check timed out after 30.03 seconds)
[1583494349] wproc: Core Worker 22690: job 241671 (pid=25887): Dormant child reaped
[1583494611] wproc: Core Worker 22691: job 241679 (pid=26128) timed out. Killing it
[1583494611] wproc: CHECK job 241679 from worker Core Worker 22691 timed out after 30.03s
[1583494611] wproc:   host=Director_Resident; service=(null);
[1583494611] wproc:   early_timeout=1; exited_ok=0; wait_status=0; error_code=62;
[1583494611] Warning: Check of host 'Director_Resident' timed out after 30.03 seconds
[1583494611] wproc: Core Worker 22691: job 241679 (pid=26128): Dormant child reaped
[1583494679] wproc: Core Worker 22689: job 241681 (pid=26149) timed out. Killing it
[1583494679] wproc: CHECK job 241681 from worker Core Worker 22689 timed out after 30.02s
[1583494679] wproc:   host=Director_Bldg; service=(null);
[1583494679] wproc:   early_timeout=1; exited_ok=0; wait_status=0; error_code=62;
[1583494679] Warning: Check of host 'Director_Bldg' timed out after 30.02 seconds
[1583494679] wproc: Core Worker 22689: job 241681 (pid=26149): Dormant child reaped
[1583494886] HOST NOTIFICATION: nagiosadmin;Director_Resident;UP;notify-host-by-email;PING OK - Packet loss = 20%, RTA = 0.93 ms
[1583494886] HOST ALERT: Director_Resident;UP;HARD;1;PING OK - Packet loss = 20%, RTA = 0.93 ms
[1583494939] SERVICE ALERT: Director_Resident;check-host-alive;OK;SOFT;1;PING OK - Packet loss = 0%, RTA = 0.63 ms
[1583494953] HOST NOTIFICATION: nagiosadmin;Director_Bldg;UP;notify-host-by-email;PING OK - Packet loss = 0%, RTA = 0.59 ms
[1583494953] HOST ALERT: Director_Bldg;UP;HARD;1;PING OK - Packet loss = 0%, RTA = 0.59 ms
[1583495067] SERVICE ALERT: Director_Bldg;check-host-alive;OK;SOFT;1;PING OK - Packet loss = 0%, RTA = 0.60 ms
[1583496485] Auto-save of retention data completed successfully.
[1583500085] Auto-save of retention data completed successfully.
[1583503685] Auto-save of retention data completed successfully.
[1583507285] Auto-save of retention data completed successfully.
[1583507992] SERVICE ALERT: esxi02;PING;WARNING;SOFT;1;PING WARNING - Packet loss = 20%, RTA = 0.27 ms
[1583508056] SERVICE ALERT: esxi02;PING;OK;SOFT;2;PING OK - Packet loss = 0%, RTA = 0.41 ms
[1583510885] Auto-save of retention data completed successfully.
[1583514485] Auto-save of retention data completed successfully.
[1583516653] SERVICE ALERT: esxi06;PING;WARNING;SOFT;1;PING WARNING - Packet loss = 20%, RTA = 0.44 ms
[1583516717] SERVICE ALERT: esxi06;PING;OK;SOFT;2;PING OK - Packet loss = 0%, RTA = 0.38 ms
[1583518085] Auto-save of retention data completed successfully.
