[1563129000] LOG ROTATION: DAILY
[1563129000] LOG VERSION: 2.0
[1563129000] CURRENT HOST STATE: esxi01;UP;HARD;1;PING OK - Packet loss = 0%, RTA = 0.38 ms
[1563129000] CURRENT HOST STATE: esxi02;UP;HARD;1;PING OK - Packet loss = 0%, RTA = 1.02 ms
[1563129000] CURRENT HOST STATE: esxi03;UP;HARD;1;PING OK - Packet loss = 0%, RTA = 0.52 ms
[1563129000] CURRENT HOST STATE: esxi04;UP;HARD;1;PING OK - Packet loss = 0%, RTA = 0.42 ms
[1563129000] CURRENT HOST STATE: esxi05;UP;HARD;1;PING OK - Packet loss = 0%, RTA = 0.67 ms
[1563129000] CURRENT HOST STATE: esxi06;UP;HARD;1;PING OK - Packet loss = 0%, RTA = 0.37 ms
[1563129000] CURRENT HOST STATE: esxi07;UP;HARD;1;PING OK - Packet loss = 0%, RTA = 0.49 ms
[1563129000] CURRENT HOST STATE: esxi08;UP;HARD;1;PING OK - Packet loss = 0%, RTA = 0.40 ms
[1563129000] CURRENT HOST STATE: esxi09;UP;HARD;1;PING OK - Packet loss = 0%, RTA = 0.35 ms
[1563129000] CURRENT HOST STATE: localhost;UP;HARD;1;PING OK - Packet loss = 0%, RTA = 0.05 ms
[1563129000] CURRENT HOST STATE: router1;UP;HARD;1;PING OK - Packet loss = 0%, RTA = 0.58 ms
[1563129000] CURRENT HOST STATE: router2;UP;HARD;1;PING OK - Packet loss = 0%, RTA = 0.72 ms
[1563129000] CURRENT HOST STATE: router3;UP;HARD;1;PING OK - Packet loss = 0%, RTA = 1.08 ms
[1563129000] CURRENT HOST STATE: vmware10gswitch;UP;HARD;1;PING OK - Packet loss = 0%, RTA = 1.32 ms
[1563129000] CURRENT HOST STATE: vmwaremgmtswitch;UP;HARD;1;PING OK - Packet loss = 0%, RTA = 0.81 ms
[1563129000] CURRENT SERVICE STATE: esxi01;ESXi Hardware Check;OK;HARD;1;OK - Server: Cisco Systems Inc UCSC-C220-M4S s/n: FCH22157EQH Chassis S/N: FCH2216V0WN  System BIOS: C220M4.3.0.4a.0.0226182253 2018-02-26
[1563129000] CURRENT SERVICE STATE: esxi01;PING;OK;HARD;1;PING OK - Packet loss = 0%, RTA = 0.46 ms
[1563129000] CURRENT SERVICE STATE: esxi02;ESXi Hardware Check;OK;HARD;1;OK - Server: Cisco Systems Inc UCSC-C220-M4S s/n: FCH22157E1D Chassis S/N: FCH2216V0Y6  System BIOS: C220M4.3.0.4a.0.0226182253 2018-02-26
[1563129000] CURRENT SERVICE STATE: esxi02;PING;OK;HARD;1;PING OK - Packet loss = 0%, RTA = 0.41 ms
[1563129000] CURRENT SERVICE STATE: esxi03;ESXi Hardware Check;OK;HARD;1;OK - Server: Cisco Systems Inc UCSC-C220-M4S s/n: FCH22157ESB Chassis S/N: FCH2216V0TW  System BIOS: C220M4.3.0.4a.0.0226182253 2018-02-26
[1563129000] CURRENT SERVICE STATE: esxi03;PING;OK;HARD;1;PING OK - Packet loss = 0%, RTA = 0.60 ms
[1563129000] CURRENT SERVICE STATE: esxi04;ESXi Hardware Check;OK;HARD;1;OK - Server: Cisco Systems Inc UCSC-C220-M4S s/n: FCH22137QKB Chassis S/N: FCH2216V0YZ  System BIOS: C220M4.3.0.4a.0.0226182253 2018-02-26
[1563129000] CURRENT SERVICE STATE: esxi04;PING;OK;HARD;1;PING OK - Packet loss = 0%, RTA = 0.63 ms
[1563129000] CURRENT SERVICE STATE: esxi05;ESXi Hardware Check;OK;HARD;1;OK - Server: Cisco Systems Inc UCSC-C220-M4S s/n: FCH22157EPD Chassis S/N: FCH2216V0Z0  System BIOS: C220M4.3.0.4a.0.0226182253 2018-02-26
[1563129000] CURRENT SERVICE STATE: esxi05;PING;OK;HARD;1;PING OK - Packet loss = 0%, RTA = 0.49 ms
[1563129000] CURRENT SERVICE STATE: esxi06;ESXi Haradware Check;OK;HARD;1;OK - Server: Cisco Systems Inc UCSC-C220-M4S s/n: FCH22157ERW Chassis S/N: FCH2216V0X8  System BIOS: C220M4.3.0.4a.0.0226182253 2018-02-26
[1563129000] CURRENT SERVICE STATE: esxi06;PING;OK;HARD;1;PING OK - Packet loss = 0%, RTA = 0.41 ms
[1563129000] CURRENT SERVICE STATE: esxi07;ESXi Hardware Check;OK;HARD;1;OK - Server: Cisco Systems Inc UCSC-C220-M4S s/n: FCH22157EV7 Chassis S/N: FCH2216V0Y8  System BIOS: C220M4.3.0.4a.0.0226182253 2018-02-26
[1563129000] CURRENT SERVICE STATE: esxi07;PING;OK;HARD;1;PING OK - Packet loss = 0%, RTA = 0.43 ms
[1563129000] CURRENT SERVICE STATE: esxi08;ESXi Hardware Check;OK;HARD;1;OK - Server: Cisco Systems Inc UCSC-C220-M4S s/n: FCH22137QJN Chassis S/N: FCH2216V0YV  System BIOS: C220M4.3.0.4a.0.0226182253 2018-02-26
[1563129000] CURRENT SERVICE STATE: esxi08;PING;OK;HARD;1;PING OK - Packet loss = 0%, RTA = 0.71 ms
[1563129000] CURRENT SERVICE STATE: esxi09;ESXi Hardware Check;OK;HARD;1;OK - Server: Cisco Systems Inc UCSC-C220-M4S s/n: FCH22157ERY Chassis S/N: FCH2216V0YN  System BIOS: C220M4.3.0.4a.0.0226182253 2018-02-26
[1563129000] CURRENT SERVICE STATE: esxi09;PING;OK;HARD;1;PING OK - Packet loss = 0%, RTA = 0.47 ms
[1563129000] CURRENT SERVICE STATE: localhost;Current Load;OK;HARD;1;OK - load average: 0.02, 0.03, 0.05
[1563129000] CURRENT SERVICE STATE: localhost;Current Users;OK;HARD;1;USERS OK - 3 users currently logged in
[1563129000] CURRENT SERVICE STATE: localhost;PING;OK;HARD;1;PING OK - Packet loss = 0%, RTA = 0.05 ms
[1563129000] CURRENT SERVICE STATE: localhost;Root Partition;OK;HARD;1;DISK OK - free space: / 43348 MB (84.70% inode=99%):
[1563129000] CURRENT SERVICE STATE: localhost;SSH;OK;HARD;1;SSH OK - OpenSSH_7.4 (protocol 2.0)
[1563129000] CURRENT SERVICE STATE: localhost;Swap Usage;OK;HARD;1;SWAP OK - 100% free (3962 MB out of 3967 MB)
[1563129000] CURRENT SERVICE STATE: localhost;Total Processes;OK;HARD;1;PROCS OK: 78 processes with STATE = RSZDT
[1563129000] CURRENT SERVICE STATE: router1;check-host-alive;OK;HARD;1;PING OK - Packet loss = 0%, RTA = 0.56 ms
[1563129000] CURRENT SERVICE STATE: router2;check-host-alive;OK;HARD;1;PING OK - Packet loss = 0%, RTA = 0.71 ms
[1563129000] CURRENT SERVICE STATE: router3;check-host-alive;OK;HARD;1;PING OK - Packet loss = 0%, RTA = 0.61 ms
[1563129000] CURRENT SERVICE STATE: vmware10gswitch;check-host-alive;OK;HARD;1;PING OK - Packet loss = 0%, RTA = 1.38 ms
[1563129000] CURRENT SERVICE STATE: vmwaremgmtswitch;check-host-alive;OK;HARD;1;PING OK - Packet loss = 0%, RTA = 0.72 ms
[1563129412] SERVICE ALERT: esxi03;PING;WARNING;SOFT;1;PING WARNING - Packet loss = 20%, RTA = 0.56 ms
[1563129476] SERVICE ALERT: esxi03;PING;OK;SOFT;2;PING OK - Packet loss = 0%, RTA = 0.47 ms
[1563129999] Auto-save of retention data completed successfully.
[1563132841] SERVICE ALERT: esxi03;PING;WARNING;SOFT;1;PING WARNING - Packet loss = 20%, RTA = 0.42 ms
[1563132905] SERVICE ALERT: esxi03;PING;OK;SOFT;2;PING OK - Packet loss = 0%, RTA = 0.37 ms
[1563133599] Auto-save of retention data completed successfully.
[1563135970] SERVICE ALERT: esxi03;PING;WARNING;SOFT;1;PING WARNING - Packet loss = 20%, RTA = 0.42 ms
[1563136034] SERVICE ALERT: esxi03;PING;OK;SOFT;2;PING OK - Packet loss = 0%, RTA = 0.47 ms
[1563137199] Auto-save of retention data completed successfully.
[1563138199] SERVICE ALERT: esxi03;PING;WARNING;SOFT;1;PING WARNING - Packet loss = 20%, RTA = 0.42 ms
[1563138263] SERVICE ALERT: esxi03;PING;OK;SOFT;2;PING OK - Packet loss = 0%, RTA = 0.42 ms
[1563138328] SERVICE ALERT: esxi03;PING;WARNING;SOFT;1;PING WARNING - Packet loss = 20%, RTA = 0.40 ms
[1563138392] SERVICE ALERT: esxi03;PING;OK;SOFT;2;PING OK - Packet loss = 0%, RTA = 0.53 ms
[1563138457] SERVICE ALERT: esxi03;PING;WARNING;SOFT;1;PING WARNING - Packet loss = 20%, RTA = 0.44 ms
[1563138522] SERVICE ALERT: esxi03;PING;WARNING;SOFT;2;PING WARNING - Packet loss = 20%, RTA = 0.44 ms
[1563138586] SERVICE ALERT: esxi03;PING;OK;SOFT;3;PING OK - Packet loss = 0%, RTA = 0.44 ms
[1563139851] SERVICE ALERT: esxi03;PING;WARNING;SOFT;1;PING WARNING - Packet loss = 20%, RTA = 0.45 ms
[1563139915] SERVICE ALERT: esxi03;PING;OK;SOFT;2;PING OK - Packet loss = 0%, RTA = 0.50 ms
[1563140580] SERVICE ALERT: esxi03;PING;WARNING;SOFT;1;PING WARNING - Packet loss = 20%, RTA = 0.43 ms
[1563140644] SERVICE ALERT: esxi03;PING;OK;SOFT;2;PING OK - Packet loss = 0%, RTA = 0.45 ms
[1563140709] SERVICE ALERT: esxi03;PING;WARNING;SOFT;1;PING WARNING - Packet loss = 20%, RTA = 0.50 ms
[1563140773] SERVICE ALERT: esxi03;PING;OK;SOFT;2;PING OK - Packet loss = 0%, RTA = 0.44 ms
[1563140799] Auto-save of retention data completed successfully.
[1563141738] SERVICE ALERT: esxi03;PING;WARNING;SOFT;1;PING WARNING - Packet loss = 20%, RTA = 0.37 ms
[1563141803] SERVICE ALERT: esxi03;PING;WARNING;SOFT;2;PING WARNING - Packet loss = 40%, RTA = 0.55 ms
[1563141867] SERVICE ALERT: esxi03;PING;OK;SOFT;3;PING OK - Packet loss = 0%, RTA = 0.48 ms
[1563143132] SERVICE ALERT: esxi03;PING;WARNING;SOFT;1;PING WARNING - Packet loss = 20%, RTA = 0.39 ms
[1563143196] SERVICE ALERT: esxi03;PING;OK;SOFT;2;PING OK - Packet loss = 0%, RTA = 0.47 ms
[1563143861] SERVICE ALERT: esxi03;PING;WARNING;SOFT;1;PING WARNING - Packet loss = 20%, RTA = 0.24 ms
[1563143925] SERVICE ALERT: esxi03;PING;OK;SOFT;2;PING OK - Packet loss = 0%, RTA = 0.45 ms
[1563144399] Auto-save of retention data completed successfully.
[1563147890] SERVICE ALERT: esxi03;PING;WARNING;SOFT;1;PING WARNING - Packet loss = 20%, RTA = 0.53 ms
[1563147954] SERVICE ALERT: esxi03;PING;OK;SOFT;2;PING OK - Packet loss = 0%, RTA = 0.53 ms
[1563147999] Auto-save of retention data completed successfully.
[1563148019] SERVICE ALERT: esxi03;PING;WARNING;SOFT;1;PING WARNING - Packet loss = 20%, RTA = 0.43 ms
[1563148084] SERVICE ALERT: esxi03;PING;WARNING;SOFT;2;PING WARNING - Packet loss = 20%, RTA = 0.47 ms
[1563148148] SERVICE ALERT: esxi03;PING;OK;SOFT;3;PING OK - Packet loss = 0%, RTA = 0.51 ms
[1563148213] SERVICE ALERT: esxi03;PING;WARNING;SOFT;1;PING WARNING - Packet loss = 20%, RTA = 0.80 ms
[1563148277] SERVICE ALERT: esxi03;PING;OK;SOFT;2;PING OK - Packet loss = 0%, RTA = 0.50 ms
[1563151599] Auto-save of retention data completed successfully.
[1563151642] SERVICE ALERT: esxi03;PING;WARNING;SOFT;1;PING WARNING - Packet loss = 20%, RTA = 0.38 ms
[1563151706] SERVICE ALERT: esxi03;PING;OK;SOFT;2;PING OK - Packet loss = 0%, RTA = 0.49 ms
[1563151771] SERVICE ALERT: esxi03;PING;WARNING;SOFT;1;PING WARNING - Packet loss = 20%, RTA = 0.53 ms
[1563151836] SERVICE ALERT: esxi03;PING;WARNING;SOFT;2;PING WARNING - Packet loss = 40%, RTA = 0.39 ms
[1563151901] SERVICE ALERT: esxi03;PING;WARNING;SOFT;3;PING WARNING - Packet loss = 20%, RTA = 0.42 ms
[1563151965] SERVICE ALERT: esxi03;PING;OK;HARD;4;PING OK - Packet loss = 0%, RTA = 0.47 ms
[1563152870] SERVICE ALERT: esxi03;PING;WARNING;SOFT;1;PING WARNING - Packet loss = 20%, RTA = 0.49 ms
[1563152934] SERVICE ALERT: esxi03;PING;OK;SOFT;2;PING OK - Packet loss = 0%, RTA = 0.51 ms
[1563154799] SERVICE ALERT: esxi03;PING;WARNING;SOFT;1;PING WARNING - Packet loss = 20%, RTA = 0.47 ms
[1563154863] SERVICE ALERT: esxi03;PING;OK;SOFT;2;PING OK - Packet loss = 0%, RTA = 0.51 ms
[1563155199] Auto-save of retention data completed successfully.
[1563155228] SERVICE ALERT: esxi03;PING;WARNING;SOFT;1;PING WARNING - Packet loss = 20%, RTA = 0.49 ms
[1563155292] SERVICE ALERT: esxi03;PING;OK;SOFT;2;PING OK - Packet loss = 0%, RTA = 0.46 ms
[1563156557] SERVICE ALERT: esxi03;PING;WARNING;SOFT;1;PING WARNING - Packet loss = 20%, RTA = 0.41 ms
[1563156621] SERVICE ALERT: esxi03;PING;OK;SOFT;2;PING OK - Packet loss = 0%, RTA = 0.44 ms
[1563157886] SERVICE ALERT: esxi03;PING;WARNING;SOFT;1;PING WARNING - Packet loss = 20%, RTA = 0.54 ms
[1563157950] SERVICE ALERT: esxi03;PING;OK;SOFT;2;PING OK - Packet loss = 0%, RTA = 0.52 ms
[1563158315] SERVICE ALERT: esxi03;PING;WARNING;SOFT;1;PING WARNING - Packet loss = 20%, RTA = 0.52 ms
[1563158379] SERVICE ALERT: esxi03;PING;OK;SOFT;2;PING OK - Packet loss = 0%, RTA = 0.51 ms
[1563158444] SERVICE ALERT: esxi03;PING;WARNING;SOFT;1;PING WARNING - Packet loss = 20%, RTA = 0.78 ms
[1563158508] SERVICE ALERT: esxi03;PING;OK;SOFT;2;PING OK - Packet loss = 0%, RTA = 0.41 ms
[1563158799] Auto-save of retention data completed successfully.
[1563161573] SERVICE ALERT: esxi03;PING;WARNING;SOFT;1;PING WARNING - Packet loss = 20%, RTA = 0.48 ms
[1563161637] SERVICE ALERT: esxi03;PING;OK;SOFT;2;PING OK - Packet loss = 0%, RTA = 0.49 ms
[1563162399] Auto-save of retention data completed successfully.
[1563165999] Auto-save of retention data completed successfully.
[1563169599] Auto-save of retention data completed successfully.
[1563171751] wproc: Core Worker 12905: job 93059 (pid=30718) timed out. Killing it
[1563171751] wproc: CHECK job 93059 from worker Core Worker 12905 timed out after 30.03s
[1563171751] wproc:   host=router1; service=(null);
[1563171751] wproc:   early_timeout=1; exited_ok=0; wait_status=0; error_code=62;
[1563171751] Warning: Check of host 'router1' timed out after 30.03 seconds
[1563171751] HOST ALERT: router1;DOWN;SOFT;1;(Host check timed out after 30.03 seconds)
[1563171752] wproc: Core Worker 12905: job 93059 (pid=30718): Dormant child reaped
[1563171815] HOST ALERT: router1;UP;SOFT;1;PING OK - Packet loss = 0%, RTA = 0.60 ms
[1563173199] Auto-save of retention data completed successfully.
[1563174842] wproc: Core Worker 12903: job 93157 (pid=689) timed out. Killing it
[1563174842] wproc: CHECK job 93157 from worker Core Worker 12903 timed out after 30.03s
[1563174842] wproc:   host=router1; service=(null);
[1563174842] wproc:   early_timeout=1; exited_ok=0; wait_status=0; error_code=62;
[1563174842] Warning: Check of host 'router1' timed out after 30.03 seconds
[1563174842] HOST ALERT: router1;DOWN;SOFT;1;(Host check timed out after 30.03 seconds)
[1563174842] wproc: Core Worker 12903: job 93157 (pid=689): Dormant child reaped
[1563174932] wproc: Core Worker 12905: job 93159 (pid=752) timed out. Killing it
[1563174932] wproc: CHECK job 93159 from worker Core Worker 12905 timed out after 30.01s
[1563174932] wproc:   host=router1; service=(null);
[1563174932] wproc:   early_timeout=1; exited_ok=0; wait_status=0; error_code=62;
[1563174932] Warning: Check of host 'router1' timed out after 30.01 seconds
[1563174932] HOST ALERT: router1;DOWN;SOFT;2;(Host check timed out after 30.01 seconds)
[1563174932] wproc: Core Worker 12905: job 93159 (pid=752): Dormant child reaped
[1563175022] wproc: Core Worker 12904: job 93163 (pid=888) timed out. Killing it
[1563175022] wproc: CHECK job 93163 from worker Core Worker 12904 timed out after 30.01s
[1563175022] wproc:   host=router1; service=(null);
[1563175022] wproc:   early_timeout=1; exited_ok=0; wait_status=0; error_code=62;
[1563175022] Warning: Check of host 'router1' timed out after 30.01 seconds
[1563175022] HOST ALERT: router1;DOWN;SOFT;3;(Host check timed out after 30.01 seconds)
[1563175022] wproc: Core Worker 12904: job 93163 (pid=888): Dormant child reaped
[1563175112] wproc: Core Worker 12904: job 93166 (pid=928) timed out. Killing it
[1563175112] wproc: CHECK job 93166 from worker Core Worker 12904 timed out after 30.01s
[1563175112] wproc:   host=router1; service=(null);
[1563175112] wproc:   early_timeout=1; exited_ok=0; wait_status=0; error_code=62;
[1563175112] Warning: Check of host 'router1' timed out after 30.01 seconds
[1563175112] HOST ALERT: router1;DOWN;SOFT;4;(Host check timed out after 30.01 seconds)
[1563175112] wproc: Core Worker 12904: job 93166 (pid=928): Dormant child reaped
[1563175202] wproc: Core Worker 12906: job 93168 (pid=954) timed out. Killing it
[1563175202] wproc: CHECK job 93168 from worker Core Worker 12906 timed out after 30.01s
[1563175202] wproc:   host=router1; service=(null);
[1563175202] wproc:   early_timeout=1; exited_ok=0; wait_status=0; error_code=62;
[1563175202] Warning: Check of host 'router1' timed out after 30.01 seconds
[1563175202] HOST ALERT: router1;DOWN;SOFT;5;(Host check timed out after 30.01 seconds)
[1563175202] wproc: Core Worker 12906: job 93168 (pid=954): Dormant child reaped
[1563175258] SERVICE ALERT: router1;check-host-alive;CRITICAL;HARD;1;CRITICAL - Plugin timed out
[1563175292] wproc: Core Worker 12905: job 93171 (pid=1123) timed out. Killing it
[1563175292] wproc: CHECK job 93171 from worker Core Worker 12905 timed out after 30.01s
[1563175292] wproc:   host=router1; service=(null);
[1563175292] wproc:   early_timeout=1; exited_ok=0; wait_status=0; error_code=62;
[1563175292] Warning: Check of host 'router1' timed out after 30.01 seconds
[1563175292] HOST ALERT: router1;DOWN;SOFT;6;(Host check timed out after 30.01 seconds)
[1563175292] wproc: Core Worker 12905: job 93171 (pid=1123): Dormant child reaped
[1563175382] wproc: Core Worker 12905: job 93175 (pid=1158) timed out. Killing it
[1563175382] wproc: CHECK job 93175 from worker Core Worker 12905 timed out after 30.03s
[1563175382] wproc:   host=router1; service=(null);
[1563175382] wproc:   early_timeout=1; exited_ok=0; wait_status=0; error_code=62;
[1563175382] Warning: Check of host 'router1' timed out after 30.03 seconds
[1563175382] HOST ALERT: router1;DOWN;SOFT;7;(Host check timed out after 30.03 seconds)
[1563175382] wproc: Core Worker 12905: job 93175 (pid=1158): Dormant child reaped
[1563175472] wproc: Core Worker 12903: job 93178 (pid=1198) timed out. Killing it
[1563175472] wproc: CHECK job 93178 from worker Core Worker 12903 timed out after 30.02s
[1563175472] wproc:   host=router1; service=(null);
[1563175472] wproc:   early_timeout=1; exited_ok=0; wait_status=0; error_code=62;
[1563175472] Warning: Check of host 'router1' timed out after 30.02 seconds
[1563175472] HOST ALERT: router1;DOWN;SOFT;8;(Host check timed out after 30.02 seconds)
[1563175472] wproc: Core Worker 12903: job 93178 (pid=1198): Dormant child reaped
[1563175562] wproc: Core Worker 12904: job 93181 (pid=1350) timed out. Killing it
[1563175562] wproc: CHECK job 93181 from worker Core Worker 12904 timed out after 30.03s
[1563175562] wproc:   host=router1; service=(null);
[1563175562] wproc:   early_timeout=1; exited_ok=0; wait_status=0; error_code=62;
[1563175562] Warning: Check of host 'router1' timed out after 30.03 seconds
[1563175562] HOST ALERT: router1;DOWN;SOFT;9;(Host check timed out after 30.03 seconds)
[1563175562] wproc: Core Worker 12904: job 93181 (pid=1350): Dormant child reaped
[1563175652] wproc: Core Worker 12906: job 93184 (pid=1389) timed out. Killing it
[1563175652] wproc: CHECK job 93184 from worker Core Worker 12906 timed out after 30.03s
[1563175652] wproc:   host=router1; service=(null);
[1563175652] wproc:   early_timeout=1; exited_ok=0; wait_status=0; error_code=62;
[1563175652] Warning: Check of host 'router1' timed out after 30.03 seconds
[1563175652] HOST NOTIFICATION: nagiosadmin;router1;DOWN;notify-host-by-email;(Host check timed out after 30.03 seconds)
[1563175652] HOST ALERT: router1;DOWN;HARD;10;(Host check timed out after 30.03 seconds)
[1563175652] wproc: Core Worker 12906: job 93184 (pid=1389): Dormant child reaped
[1563175982] wproc: Core Worker 12903: job 93195 (pid=1704) timed out. Killing it
[1563175982] wproc: CHECK job 93195 from worker Core Worker 12903 timed out after 30.02s
[1563175982] wproc:   host=router1; service=(null);
[1563175982] wproc:   early_timeout=1; exited_ok=0; wait_status=0; error_code=62;
[1563175982] Warning: Check of host 'router1' timed out after 30.02 seconds
[1563175982] wproc: Core Worker 12903: job 93195 (pid=1704): Dormant child reaped
[1563176037] wproc: Core Worker 12906: job 93197 (pid=1731) timed out. Killing it
[1563176037] wproc: CHECK job 93197 from worker Core Worker 12906 timed out after 30.03s
[1563176037] wproc:   host=router3; service=(null);
[1563176037] wproc:   early_timeout=1; exited_ok=0; wait_status=0; error_code=62;
[1563176037] Warning: Check of host 'router3' timed out after 30.03 seconds
[1563176037] HOST ALERT: router3;DOWN;SOFT;1;(Host check timed out after 30.03 seconds)
[1563176037] wproc: Core Worker 12906: job 93197 (pid=1731): Dormant child reaped
[1563176127] wproc: Core Worker 12906: job 93199 (pid=1778) timed out. Killing it
[1563176127] wproc: CHECK job 93199 from worker Core Worker 12906 timed out after 30.01s
[1563176127] wproc:   host=router3; service=(null);
[1563176127] wproc:   early_timeout=1; exited_ok=0; wait_status=0; error_code=62;
[1563176127] Warning: Check of host 'router3' timed out after 30.01 seconds
[1563176127] HOST ALERT: router3;DOWN;SOFT;2;(Host check timed out after 30.01 seconds)
[1563176127] wproc: Core Worker 12906: job 93199 (pid=1778): Dormant child reaped
[1563176168] SERVICE ALERT: router3;check-host-alive;CRITICAL;HARD;1;CRITICAL - Plugin timed out
[1563176217] wproc: Core Worker 12905: job 93202 (pid=1969) timed out. Killing it
[1563176217] wproc: CHECK job 93202 from worker Core Worker 12905 timed out after 30.03s
[1563176217] wproc:   host=router3; service=(null);
[1563176217] wproc:   early_timeout=1; exited_ok=0; wait_status=0; error_code=62;
[1563176217] Warning: Check of host 'router3' timed out after 30.03 seconds
[1563176217] HOST ALERT: router3;DOWN;SOFT;3;(Host check timed out after 30.03 seconds)
[1563176217] wproc: Core Worker 12905: job 93202 (pid=1969): Dormant child reaped
[1563176282] wproc: Core Worker 12905: job 93204 (pid=1995) timed out. Killing it
[1563176282] wproc: CHECK job 93204 from worker Core Worker 12905 timed out after 30.01s
[1563176282] wproc:   host=router1; service=(null);
[1563176282] wproc:   early_timeout=1; exited_ok=0; wait_status=0; error_code=62;
[1563176282] Warning: Check of host 'router1' timed out after 30.01 seconds
[1563176282] wproc: Core Worker 12905: job 93204 (pid=1995): Dormant child reaped
[1563176307] wproc: Core Worker 12904: job 93206 (pid=2018) timed out. Killing it
[1563176307] wproc: CHECK job 93206 from worker Core Worker 12904 timed out after 30.03s
[1563176307] wproc:   host=router3; service=(null);
[1563176307] wproc:   early_timeout=1; exited_ok=0; wait_status=0; error_code=62;
[1563176307] Warning: Check of host 'router3' timed out after 30.03 seconds
[1563176307] HOST ALERT: router3;DOWN;SOFT;4;(Host check timed out after 30.03 seconds)
[1563176307] wproc: Core Worker 12904: job 93206 (pid=2018): Dormant child reaped
[1563176397] wproc: Core Worker 12904: job 93208 (pid=2044) timed out. Killing it
[1563176397] wproc: CHECK job 93208 from worker Core Worker 12904 timed out after 30.01s
[1563176397] wproc:   host=router3; service=(null);
[1563176397] wproc:   early_timeout=1; exited_ok=0; wait_status=0; error_code=62;
[1563176397] Warning: Check of host 'router3' timed out after 30.01 seconds
[1563176397] HOST ALERT: router3;DOWN;SOFT;5;(Host check timed out after 30.01 seconds)
[1563176397] wproc: Core Worker 12904: job 93208 (pid=2044): Dormant child reaped
[1563176487] wproc: Core Worker 12906: job 93211 (pid=2214) timed out. Killing it
[1563176487] wproc: CHECK job 93211 from worker Core Worker 12906 timed out after 30.01s
[1563176487] wproc:   host=router3; service=(null);
[1563176487] wproc:   early_timeout=1; exited_ok=0; wait_status=0; error_code=62;
[1563176487] Warning: Check of host 'router3' timed out after 30.01 seconds
[1563176487] HOST ALERT: router3;DOWN;SOFT;6;(Host check timed out after 30.01 seconds)
[1563176487] wproc: Core Worker 12906: job 93211 (pid=2214): Dormant child reaped
[1563176577] wproc: Core Worker 12903: job 93215 (pid=2251) timed out. Killing it
[1563176577] wproc: CHECK job 93215 from worker Core Worker 12903 timed out after 30.01s
[1563176577] wproc:   host=router3; service=(null);
[1563176577] wproc:   early_timeout=1; exited_ok=0; wait_status=0; error_code=62;
[1563176577] Warning: Check of host 'router3' timed out after 30.01 seconds
[1563176577] HOST ALERT: router3;DOWN;SOFT;7;(Host check timed out after 30.01 seconds)
[1563176577] wproc: Core Worker 12903: job 93215 (pid=2251): Dormant child reaped
[1563176582] wproc: Core Worker 12905: job 93215 (pid=2254) timed out. Killing it
[1563176582] wproc: CHECK job 93215 from worker Core Worker 12905 timed out after 30.04s
[1563176582] wproc:   host=router1; service=(null);
[1563176582] wproc:   early_timeout=1; exited_ok=0; wait_status=0; error_code=62;
[1563176582] Warning: Check of host 'router1' timed out after 30.04 seconds
[1563176582] wproc: Core Worker 12905: job 93215 (pid=2254): Dormant child reaped
[1563176667] wproc: Core Worker 12906: job 93218 (pid=2291) timed out. Killing it
[1563176667] wproc: CHECK job 93218 from worker Core Worker 12906 timed out after 30.02s
[1563176667] wproc:   host=router3; service=(null);
[1563176667] wproc:   early_timeout=1; exited_ok=0; wait_status=0; error_code=62;
[1563176667] Warning: Check of host 'router3' timed out after 30.02 seconds
[1563176667] HOST ALERT: router3;DOWN;SOFT;8;(Host check timed out after 30.02 seconds)
[1563176667] wproc: Core Worker 12906: job 93218 (pid=2291): Dormant child reaped
[1563176757] wproc: Core Worker 12905: job 93220 (pid=2445) timed out. Killing it
[1563176757] wproc: CHECK job 93220 from worker Core Worker 12905 timed out after 30.04s
[1563176757] wproc:   host=router3; service=(null);
[1563176757] wproc:   early_timeout=1; exited_ok=0; wait_status=0; error_code=62;
[1563176757] Warning: Check of host 'router3' timed out after 30.04 seconds
[1563176757] HOST ALERT: router3;DOWN;SOFT;9;(Host check timed out after 30.04 seconds)
[1563176757] wproc: Core Worker 12905: job 93220 (pid=2445): Dormant child reaped
[1563176799] Auto-save of retention data completed successfully.
[1563176847] wproc: Core Worker 12905: job 93223 (pid=2483) timed out. Killing it
[1563176847] wproc: CHECK job 93223 from worker Core Worker 12905 timed out after 30.01s
[1563176847] wproc:   host=router3; service=(null);
[1563176847] wproc:   early_timeout=1; exited_ok=0; wait_status=0; error_code=62;
[1563176847] Warning: Check of host 'router3' timed out after 30.01 seconds
[1563176847] HOST NOTIFICATION: nagiosadmin;router3;DOWN;notify-host-by-email;(Host check timed out after 30.01 seconds)
[1563176847] HOST ALERT: router3;DOWN;HARD;10;(Host check timed out after 30.01 seconds)
[1563176847] wproc: Core Worker 12905: job 93223 (pid=2483): Dormant child reaped
[1563176882] wproc: Core Worker 12906: job 93225 (pid=2503) timed out. Killing it
[1563176882] wproc: CHECK job 93225 from worker Core Worker 12906 timed out after 30.01s
[1563176882] wproc:   host=router1; service=(null);
[1563176882] wproc:   early_timeout=1; exited_ok=0; wait_status=0; error_code=62;
[1563176882] Warning: Check of host 'router1' timed out after 30.01 seconds
[1563176882] wproc: Core Worker 12906: job 93225 (pid=2503): Dormant child reaped
[1563177177] wproc: Core Worker 12906: job 93235 (pid=2748) timed out. Killing it
[1563177177] wproc: CHECK job 93235 from worker Core Worker 12906 timed out after 30.01s
[1563177177] wproc:   host=router3; service=(null);
[1563177177] wproc:   early_timeout=1; exited_ok=0; wait_status=0; error_code=62;
[1563177177] Warning: Check of host 'router3' timed out after 30.01 seconds
[1563177177] wproc: Core Worker 12906: job 93235 (pid=2748): Dormant child reaped
[1563177182] wproc: Core Worker 12903: job 93235 (pid=2750) timed out. Killing it
[1563177182] wproc: CHECK job 93235 from worker Core Worker 12903 timed out after 30.02s
[1563177182] wproc:   host=router1; service=(null);
[1563177182] wproc:   early_timeout=1; exited_ok=0; wait_status=0; error_code=62;
[1563177182] Warning: Check of host 'router1' timed out after 30.02 seconds
[1563177182] wproc: Core Worker 12903: job 93235 (pid=2750): Dormant child reaped
[1563177452] HOST NOTIFICATION: nagiosadmin;router3;UP;notify-host-by-email;PING OK - Packet loss = 20%, RTA = 0.69 ms
[1563177452] HOST ALERT: router3;UP;HARD;1;PING OK - Packet loss = 20%, RTA = 0.69 ms
[1563177456] HOST NOTIFICATION: nagiosadmin;router1;UP;notify-host-by-email;PING OK - Packet loss = 0%, RTA = 0.60 ms
[1563177456] HOST ALERT: router1;UP;HARD;1;PING OK - Packet loss = 0%, RTA = 0.60 ms
[1563177631] SERVICE ALERT: router1;check-host-alive;OK;SOFT;1;PING OK - Packet loss = 0%, RTA = 0.61 ms
[1563177941] SERVICE ALERT: router3;check-host-alive;OK;SOFT;1;PING OK - Packet loss = 0%, RTA = 0.73 ms
[1563179600] SERVICE ALERT: esxi02;PING;WARNING;SOFT;1;PING WARNING - Packet loss = 20%, RTA = 0.48 ms
[1563179664] SERVICE ALERT: esxi02;PING;OK;SOFT;2;PING OK - Packet loss = 0%, RTA = 0.36 ms
[1563180399] Auto-save of retention data completed successfully.
[1563183999] Auto-save of retention data completed successfully.
[1563187599] Auto-save of retention data completed successfully.
[1563191199] Auto-save of retention data completed successfully.
[1563194799] Auto-save of retention data completed successfully.
[1563196202] SERVICE ALERT: esxi03;PING;WARNING;SOFT;1;PING WARNING - Packet loss = 20%, RTA = 0.78 ms
[1563196266] SERVICE ALERT: esxi03;PING;OK;SOFT;2;PING OK - Packet loss = 0%, RTA = 0.37 ms
[1563197831] SERVICE ALERT: esxi03;PING;WARNING;SOFT;1;PING WARNING - Packet loss = 20%, RTA = 0.43 ms
[1563197895] SERVICE ALERT: esxi03;PING;OK;SOFT;2;PING OK - Packet loss = 0%, RTA = 0.47 ms
[1563198399] Auto-save of retention data completed successfully.
[1563198560] SERVICE ALERT: esxi03;PING;WARNING;SOFT;1;PING WARNING - Packet loss = 20%, RTA = 0.40 ms
[1563198624] SERVICE ALERT: esxi03;PING;OK;SOFT;2;PING OK - Packet loss = 0%, RTA = 0.50 ms
[1563198689] SERVICE ALERT: esxi03;PING;WARNING;SOFT;1;PING WARNING - Packet loss = 20%, RTA = 0.53 ms
[1563198753] SERVICE ALERT: esxi03;PING;OK;SOFT;2;PING OK - Packet loss = 0%, RTA = 0.44 ms
[1563199118] SERVICE ALERT: esxi03;PING;WARNING;SOFT;1;PING WARNING - Packet loss = 20%, RTA = 0.43 ms
[1563199182] SERVICE ALERT: esxi03;PING;OK;SOFT;2;PING OK - Packet loss = 0%, RTA = 0.53 ms
[1563199400] SERVICE ALERT: esxi08;PING;WARNING;SOFT;1;PING WARNING - Packet loss = 20%, RTA = 0.32 ms
[1563199464] SERVICE ALERT: esxi08;PING;OK;SOFT;2;PING OK - Packet loss = 0%, RTA = 0.45 ms
[1563200747] SERVICE ALERT: esxi03;PING;WARNING;SOFT;1;PING WARNING - Packet loss = 40%, RTA = 0.48 ms
[1563200812] SERVICE ALERT: esxi03;PING;WARNING;SOFT;2;PING WARNING - Packet loss = 20%, RTA = 0.37 ms
[1563200876] SERVICE ALERT: esxi03;PING;OK;SOFT;3;PING OK - Packet loss = 0%, RTA = 0.45 ms
[1563200941] SERVICE ALERT: esxi03;PING;WARNING;SOFT;1;PING WARNING - Packet loss = 20%, RTA = 0.49 ms
[1563201005] SERVICE ALERT: esxi03;PING;OK;SOFT;2;PING OK - Packet loss = 0%, RTA = 2.01 ms
[1563201670] SERVICE ALERT: esxi03;PING;WARNING;SOFT;1;PING WARNING - Packet loss = 20%, RTA = 0.41 ms
[1563201734] SERVICE ALERT: esxi03;PING;OK;SOFT;2;PING OK - Packet loss = 0%, RTA = 0.38 ms
[1563201999] Auto-save of retention data completed successfully.
[1563205599] Auto-save of retention data completed successfully.
[1563207499] SERVICE ALERT: esxi03;PING;WARNING;SOFT;1;PING WARNING - Packet loss = 20%, RTA = 0.50 ms
[1563207563] SERVICE ALERT: esxi03;PING;OK;SOFT;2;PING OK - Packet loss = 0%, RTA = 0.51 ms
[1563209199] Auto-save of retention data completed successfully.
[1563212799] Auto-save of retention data completed successfully.
[1563213028] SERVICE ALERT: esxi03;PING;WARNING;SOFT;1;PING WARNING - Packet loss = 20%, RTA = 0.44 ms
[1563213092] SERVICE ALERT: esxi03;PING;OK;SOFT;2;PING OK - Packet loss = 0%, RTA = 0.46 ms
[1563214057] SERVICE ALERT: esxi03;PING;WARNING;SOFT;1;PING WARNING - Packet loss = 20%, RTA = 0.52 ms
[1563214121] SERVICE ALERT: esxi03;PING;OK;SOFT;2;PING OK - Packet loss = 0%, RTA = 0.44 ms
