[1650393000] LOG ROTATION: DAILY
[1650393000] LOG VERSION: 2.0
[1650393000] CURRENT HOST STATE: AP_Main_Bldg;DOWN;HARD;10;CRITICAL - Host Unreachable (10.3.1.25)
[1650393000] CURRENT HOST STATE: Director_Bldg;UP;HARD;1;PING OK - Packet loss = 0%, RTA = 0.57 ms
[1650393000] CURRENT HOST STATE: Director_Resident;UP;HARD;1;PING OK - Packet loss = 0%, RTA = 0.41 ms
[1650393000] CURRENT HOST STATE: Switch_29;UP;HARD;1;PING OK - Packet loss = 0%, RTA = 1.75 ms
[1650393000] CURRENT HOST STATE: Switch_30;UP;HARD;1;PING OK - Packet loss = 0%, RTA = 2.17 ms
[1650393000] CURRENT HOST STATE: Switch_31;UP;HARD;1;PING OK - Packet loss = 0%, RTA = 5.90 ms
[1650393000] CURRENT HOST STATE: Switch_32;UP;HARD;1;PING OK - Packet loss = 0%, RTA = 1.17 ms
[1650393000] CURRENT HOST STATE: Switch_33;UP;HARD;1;PING OK - Packet loss = 0%, RTA = 3.71 ms
[1650393000] CURRENT HOST STATE: Switch_34;UP;HARD;1;PING OK - Packet loss = 0%, RTA = 5.10 ms
[1650393000] CURRENT HOST STATE: esxi01;UP;HARD;1;PING OK - Packet loss = 0%, RTA = 0.60 ms
[1650393000] CURRENT HOST STATE: esxi02;UP;HARD;1;PING OK - Packet loss = 0%, RTA = 0.42 ms
[1650393000] CURRENT HOST STATE: esxi03;UP;HARD;1;PING OK - Packet loss = 0%, RTA = 0.58 ms
[1650393000] CURRENT HOST STATE: esxi04;UP;HARD;1;PING OK - Packet loss = 0%, RTA = 0.43 ms
[1650393000] CURRENT HOST STATE: esxi05;UP;HARD;1;PING OK - Packet loss = 0%, RTA = 0.40 ms
[1650393000] CURRENT HOST STATE: esxi06;UP;HARD;1;PING OK - Packet loss = 0%, RTA = 0.50 ms
[1650393000] CURRENT HOST STATE: esxi07;UP;HARD;1;PING OK - Packet loss = 0%, RTA = 0.46 ms
[1650393000] CURRENT HOST STATE: esxi08;UP;HARD;1;PING OK - Packet loss = 0%, RTA = 0.54 ms
[1650393000] CURRENT HOST STATE: esxi09;UP;HARD;1;PING OK - Packet loss = 0%, RTA = 0.50 ms
[1650393000] CURRENT HOST STATE: localhost;UP;HARD;1;PING OK - Packet loss = 0%, RTA = 0.04 ms
[1650393000] CURRENT HOST STATE: vmware10gswitch;UP;HARD;1;PING OK - Packet loss = 0%, RTA = 1.35 ms
[1650393000] CURRENT HOST STATE: vmwaremgmtswitch;UP;HARD;1;PING OK - Packet loss = 0%, RTA = 1.25 ms
[1650393000] CURRENT SERVICE STATE: AP_Main_Bldg;check-host-alive;CRITICAL;HARD;3;CRITICAL - Host Unreachable (10.3.1.25)
[1650393000] CURRENT SERVICE STATE: Director_Bldg;check-host-alive;OK;HARD;1;PING OK - Packet loss = 0%, RTA = 0.52 ms
[1650393000] CURRENT SERVICE STATE: Director_Resident;check-host-alive;OK;HARD;1;PING OK - Packet loss = 0%, RTA = 0.33 ms
[1650393000] CURRENT SERVICE STATE: Switch_29;check-host-alive;OK;HARD;1;PING OK - Packet loss = 0%, RTA = 0.82 ms
[1650393000] CURRENT SERVICE STATE: Switch_30;check-host-alive;OK;HARD;1;PING OK - Packet loss = 0%, RTA = 5.47 ms
[1650393000] CURRENT SERVICE STATE: Switch_31;check-host-alive;OK;HARD;1;PING OK - Packet loss = 0%, RTA = 1.42 ms
[1650393000] CURRENT SERVICE STATE: Switch_32;check-host-alive;OK;HARD;1;PING OK - Packet loss = 0%, RTA = 1.20 ms
[1650393000] CURRENT SERVICE STATE: Switch_33;check-host-alive;OK;HARD;1;PING OK - Packet loss = 0%, RTA = 2.01 ms
[1650393000] CURRENT SERVICE STATE: Switch_34;check-host-alive;OK;HARD;1;PING OK - Packet loss = 0%, RTA = 0.81 ms
[1650393000] CURRENT SERVICE STATE: esxi01;ESXi Hardware Check;OK;HARD;1;OK - Server: Cisco Systems Inc UCSC-C220-M4S s/n: FCH22157EQH Chassis S/N: FCH2216V0WN  System BIOS: C220M4.3.0.4a.0.0226182253 2018-02-26
[1650393000] CURRENT SERVICE STATE: esxi01;PING;OK;HARD;1;PING OK - Packet loss = 0%, RTA = 0.57 ms
[1650393000] CURRENT SERVICE STATE: esxi02;ESXi Hardware Check;OK;HARD;1;OK - Server: Cisco Systems Inc UCSC-C220-M4S s/n: FCH22157E1D Chassis S/N: FCH2216V0Y6  System BIOS: C220M4.3.0.4a.0.0226182253 2018-02-26
[1650393000] CURRENT SERVICE STATE: esxi02;PING;OK;HARD;1;PING OK - Packet loss = 0%, RTA = 0.38 ms
[1650393000] CURRENT SERVICE STATE: esxi03;ESXi Hardware Check;UNKNOWN;HARD;3;UNKNOWN: (0, 'Socket error: [Errno 111] Connection refused')
[1650393000] CURRENT SERVICE STATE: esxi03;PING;OK;HARD;1;PING OK - Packet loss = 0%, RTA = 0.54 ms
[1650393000] CURRENT SERVICE STATE: esxi04;ESXi Hardware Check;OK;HARD;1;OK - Server: Cisco Systems Inc UCSC-C220-M4S s/n: FCH22137QKB Chassis S/N: FCH2216V0YZ  System BIOS: C220M4.3.0.4a.0.0226182253 2018-02-26
[1650393000] CURRENT SERVICE STATE: esxi04;PING;OK;HARD;1;PING OK - Packet loss = 0%, RTA = 0.42 ms
[1650393000] CURRENT SERVICE STATE: esxi05;ESXi Hardware Check;OK;HARD;1;OK - Server: Cisco Systems Inc UCSC-C220-M4S s/n: FCH22157EPD Chassis S/N: FCH2216V0Z0  System BIOS: C220M4.3.0.4a.0.0226182253 2018-02-26
[1650393000] CURRENT SERVICE STATE: esxi05;PING;OK;HARD;1;PING OK - Packet loss = 0%, RTA = 0.61 ms
[1650393000] CURRENT SERVICE STATE: esxi06;ESXi Haradware Check;OK;HARD;1;OK - Server: Cisco Systems Inc UCSC-C220-M4S s/n: FCH22157ERW Chassis S/N: FCH2216V0X8  System BIOS: C220M4.3.0.4a.0.0226182253 2018-02-26
[1650393000] CURRENT SERVICE STATE: esxi06;PING;OK;HARD;1;PING OK - Packet loss = 0%, RTA = 0.82 ms
[1650393000] CURRENT SERVICE STATE: esxi07;ESXi Hardware Check;OK;HARD;1;OK - Server: Cisco Systems Inc UCSC-C220-M4S s/n: FCH22157EV7 Chassis S/N: FCH2216V0Y8  System BIOS: C220M4.4.1.2c.0.0202211901 2021-02-02
[1650393000] CURRENT SERVICE STATE: esxi07;PING;OK;HARD;1;PING OK - Packet loss = 0%, RTA = 0.51 ms
[1650393000] CURRENT SERVICE STATE: esxi08;ESXi Hardware Check;OK;HARD;1;OK - Server: Cisco Systems Inc UCSC-C220-M4S s/n: FCH22137QJN Chassis S/N: FCH2216V0YV  System BIOS: C220M4.3.0.4a.0.0226182253 2018-02-26
[1650393000] CURRENT SERVICE STATE: esxi08;PING;OK;HARD;1;PING OK - Packet loss = 0%, RTA = 0.50 ms
[1650393000] CURRENT SERVICE STATE: esxi09;ESXi Hardware Check;OK;HARD;1;OK - Server: Cisco Systems Inc UCSC-C220-M4S s/n: FCH22157ERY Chassis S/N: FCH2216V0YN  System BIOS: C220M4.4.1.2c.0.0202211901 2021-02-02
[1650393000] CURRENT SERVICE STATE: esxi09;PING;OK;HARD;1;PING OK - Packet loss = 0%, RTA = 0.47 ms
[1650393000] CURRENT SERVICE STATE: localhost;Current Load;OK;HARD;1;OK - load average: 0.05, 0.07, 0.02
[1650393000] CURRENT SERVICE STATE: localhost;Current Users;OK;HARD;1;USERS OK - 0 users currently logged in
[1650393000] CURRENT SERVICE STATE: localhost;PING;OK;HARD;1;PING OK - Packet loss = 0%, RTA = 0.06 ms
[1650393000] CURRENT SERVICE STATE: localhost;Root Partition;OK;HARD;1;DISK OK - free space: / 42457 MB (82.96% inode=99%):
[1650393000] CURRENT SERVICE STATE: localhost;SSH;OK;HARD;1;SSH OK - OpenSSH_7.4 (protocol 2.0)
[1650393000] CURRENT SERVICE STATE: localhost;Swap Usage;OK;HARD;1;SWAP OK - 100% free (3967 MB out of 3967 MB)
[1650393000] CURRENT SERVICE STATE: localhost;Total Processes;OK;HARD;1;PROCS OK: 122 processes with STATE = RSZDT
[1650393000] CURRENT SERVICE STATE: vmware10gswitch;check-host-alive;OK;HARD;1;PING OK - Packet loss = 0%, RTA = 1.29 ms
[1650393000] CURRENT SERVICE STATE: vmwaremgmtswitch;check-host-alive;OK;HARD;1;PING OK - Packet loss = 0%, RTA = 3.88 ms
[1650396297] SERVICE NOTIFICATION: nagiosadmin;esxi03;ESXi Hardware Check;UNKNOWN;notify-service-by-email;UNKNOWN: (0, 'Socket error: [Errno 111] Connection refused')
[1650396524] Auto-save of retention data completed successfully.
[1650399897] SERVICE NOTIFICATION: nagiosadmin;esxi03;ESXi Hardware Check;UNKNOWN;notify-service-by-email;UNKNOWN: (0, 'Socket error: [Errno 111] Connection refused')
[1650400124] Auto-save of retention data completed successfully.
[1650403497] SERVICE NOTIFICATION: nagiosadmin;esxi03;ESXi Hardware Check;UNKNOWN;notify-service-by-email;UNKNOWN: (0, 'Socket error: [Errno 111] Connection refused')
[1650403723] Auto-save of retention data completed successfully.
[1650407097] SERVICE NOTIFICATION: nagiosadmin;esxi03;ESXi Hardware Check;UNKNOWN;notify-service-by-email;UNKNOWN: (0, 'Socket error: [Errno 111] Connection refused')
[1650407324] Auto-save of retention data completed successfully.
[1650410697] SERVICE NOTIFICATION: nagiosadmin;esxi03;ESXi Hardware Check;UNKNOWN;notify-service-by-email;UNKNOWN: (0, 'Socket error: [Errno 111] Connection refused')
[1650410924] Auto-save of retention data completed successfully.
[1650414297] SERVICE NOTIFICATION: nagiosadmin;esxi03;ESXi Hardware Check;UNKNOWN;notify-service-by-email;UNKNOWN: (0, 'Socket error: [Errno 111] Connection refused')
[1650414524] Auto-save of retention data completed successfully.
[1650417897] SERVICE NOTIFICATION: nagiosadmin;esxi03;ESXi Hardware Check;UNKNOWN;notify-service-by-email;UNKNOWN: (0, 'Socket error: [Errno 111] Connection refused')
[1650418124] Auto-save of retention data completed successfully.
[1650421497] SERVICE NOTIFICATION: nagiosadmin;esxi03;ESXi Hardware Check;UNKNOWN;notify-service-by-email;UNKNOWN: (0, 'Socket error: [Errno 111] Connection refused')
[1650421724] Auto-save of retention data completed successfully.
[1650425097] SERVICE NOTIFICATION: nagiosadmin;esxi03;ESXi Hardware Check;UNKNOWN;notify-service-by-email;UNKNOWN: (0, 'Socket error: [Errno 111] Connection refused')
[1650425324] Auto-save of retention data completed successfully.
[1650428697] SERVICE NOTIFICATION: nagiosadmin;esxi03;ESXi Hardware Check;UNKNOWN;notify-service-by-email;UNKNOWN: (0, 'Socket error: [Errno 111] Connection refused')
[1650428924] Auto-save of retention data completed successfully.
[1650432297] SERVICE NOTIFICATION: nagiosadmin;esxi03;ESXi Hardware Check;UNKNOWN;notify-service-by-email;UNKNOWN: (0, 'Socket error: [Errno 111] Connection refused')
[1650432523] Auto-save of retention data completed successfully.
[1650435898] SERVICE NOTIFICATION: nagiosadmin;esxi03;ESXi Hardware Check;UNKNOWN;notify-service-by-email;UNKNOWN: (0, 'Socket error: [Errno 111] Connection refused')
[1650436124] Auto-save of retention data completed successfully.
[1650436271] wproc: Core Worker 1303: job 23392 (pid=27641) timed out. Killing it
[1650436271] wproc: CHECK job 23392 from worker Core Worker 1303 timed out after 30.01s
[1650436271] wproc:   host=esxi04; service=(null);
[1650436271] wproc:   early_timeout=1; exited_ok=0; wait_status=0; error_code=62;
[1650436271] Warning: Check of host 'esxi04' timed out after 30.01 seconds
[1650436271] HOST ALERT: esxi04;DOWN;SOFT;1;(Host check timed out after 30.01 seconds)
[1650436271] wproc: Core Worker 1303: job 23392 (pid=27641): Dormant child reaped
[1650436361] wproc: Core Worker 1301: job 23395 (pid=27704) timed out. Killing it
[1650436361] wproc: CHECK job 23395 from worker Core Worker 1301 timed out after 30.03s
[1650436361] wproc:   host=esxi04; service=(null);
[1650436361] wproc:   early_timeout=1; exited_ok=0; wait_status=0; error_code=62;
[1650436361] Warning: Check of host 'esxi04' timed out after 30.03 seconds
[1650436361] HOST ALERT: esxi04;DOWN;SOFT;2;(Host check timed out after 30.03 seconds)
[1650436361] wproc: Core Worker 1301: job 23395 (pid=27704): Dormant child reaped
[1650436404] SERVICE ALERT: esxi04;PING;CRITICAL;HARD;1;CRITICAL - Plugin timed out
[1650436451] wproc: Core Worker 1303: job 23397 (pid=27734) timed out. Killing it
[1650436451] wproc: CHECK job 23397 from worker Core Worker 1303 timed out after 30.01s
[1650436451] wproc:   host=esxi04; service=(null);
[1650436451] wproc:   early_timeout=1; exited_ok=0; wait_status=0; error_code=62;
[1650436451] Warning: Check of host 'esxi04' timed out after 30.01 seconds
[1650436451] HOST ALERT: esxi04;DOWN;SOFT;3;(Host check timed out after 30.01 seconds)
[1650436451] wproc: Core Worker 1303: job 23397 (pid=27734): Dormant child reaped
[1650436514] HOST ALERT: esxi04;DOWN;SOFT;4;CRITICAL - Host Unreachable (10.5.5.54)
[1650436554] SERVICE ALERT: esxi04;ESXi Hardware Check;UNKNOWN;HARD;1;UNKNOWN: (0, 'Socket error: [Errno 113] No route to host')
[1650436575] HOST ALERT: esxi04;DOWN;SOFT;5;CRITICAL - Host Unreachable (10.5.5.54)
[1650436636] HOST ALERT: esxi04;DOWN;SOFT;6;CRITICAL - Host Unreachable (10.5.5.54)
[1650436697] HOST ALERT: esxi04;DOWN;SOFT;7;CRITICAL - Host Unreachable (10.5.5.54)
[1650436757] HOST ALERT: esxi04;DOWN;SOFT;8;CRITICAL - Host Unreachable (10.5.5.54)
[1650436818] HOST ALERT: esxi04;DOWN;SOFT;9;CRITICAL - Host Unreachable (10.5.5.54)
[1650436879] HOST NOTIFICATION: nagiosadmin;esxi04;DOWN;notify-host-by-email;CRITICAL - Host Unreachable (10.5.5.54)
[1650436879] HOST ALERT: esxi04;DOWN;HARD;10;CRITICAL - Host Unreachable (10.5.5.54)
[1650437298] SERVICE ALERT: esxi05;PING;WARNING;SOFT;1;PING WARNING - Packet loss = 20%, RTA = 0.43 ms
[1650437362] SERVICE ALERT: esxi05;PING;OK;SOFT;2;PING OK - Packet loss = 0%, RTA = 0.46 ms
[1650439724] Auto-save of retention data completed successfully.
[1650440097] SERVICE NOTIFICATION: nagiosadmin;esxi03;ESXi Hardware Check;UNKNOWN;notify-service-by-email;UNKNOWN: (0, 'Socket error: [Errno 111] Connection refused')
[1650443324] Auto-save of retention data completed successfully.
[1650443697] SERVICE NOTIFICATION: nagiosadmin;esxi03;ESXi Hardware Check;UNKNOWN;notify-service-by-email;UNKNOWN: (0, 'Socket error: [Errno 111] Connection refused')
[1650444080] HOST NOTIFICATION: nagiosadmin;esxi04;DOWN;notify-host-by-email;CRITICAL - Host Unreachable (10.5.5.54)
[1650446863] SERVICE ALERT: esxi07;PING;CRITICAL;SOFT;1;CRITICAL - Host Unreachable (10.5.5.57)
[1650446863] SERVICE ALERT: esxi07;ESXi Hardware Check;UNKNOWN;SOFT;1;UNKNOWN: (0, 'Socket error: [Errno 113] No route to host')
[1650446866] HOST ALERT: esxi07;DOWN;SOFT;1;CRITICAL - Host Unreachable (10.5.5.57)
[1650446924] Auto-save of retention data completed successfully.
[1650446926] SERVICE ALERT: esxi07;PING;CRITICAL;HARD;4;CRITICAL - Host Unreachable (10.5.5.57)
[1650446929] HOST ALERT: esxi07;DOWN;SOFT;2;CRITICAL - Host Unreachable (10.5.5.57)
[1650446989] HOST ALERT: esxi07;DOWN;SOFT;3;CRITICAL - Host Unreachable (10.5.5.57)
[1650446989] SERVICE ALERT: esxi07;ESXi Hardware Check;UNKNOWN;HARD;3;UNKNOWN: (0, 'Socket error: [Errno 113] No route to host')
[1650447052] HOST ALERT: esxi07;DOWN;SOFT;4;CRITICAL - Host Unreachable (10.5.5.57)
[1650447115] HOST ALERT: esxi07;DOWN;SOFT;5;CRITICAL - Host Unreachable (10.5.5.57)
[1650447179] HOST ALERT: esxi07;DOWN;SOFT;6;CRITICAL - Host Unreachable (10.5.5.57)
[1650447241] HOST ALERT: esxi07;DOWN;SOFT;7;CRITICAL - Host Unreachable (10.5.5.57)
[1650447298] SERVICE NOTIFICATION: nagiosadmin;esxi03;ESXi Hardware Check;UNKNOWN;notify-service-by-email;UNKNOWN: (0, 'Socket error: [Errno 111] Connection refused')
[1650447304] HOST ALERT: esxi07;DOWN;SOFT;8;CRITICAL - Host Unreachable (10.5.5.57)
[1650447368] HOST ALERT: esxi07;UP;SOFT;1;PING OK - Packet loss = 0%, RTA = 0.39 ms
[1650447527] SERVICE ALERT: esxi07;PING;OK;HARD;4;PING OK - Packet loss = 0%, RTA = 0.53 ms
[1650447594] SERVICE ALERT: esxi07;ESXi Hardware Check;OK;HARD;3;OK - Server: Cisco Systems Inc UCSC-C220-M4S s/n: FCH22157EV7 Chassis S/N: FCH2216V0Y8  System BIOS: C220M4.4.1.2c.0.0202211901 2021-02-02
[1650447994] wproc: Core Worker 1302: job 23848 (pid=6357) timed out. Killing it
[1650447994] wproc: CHECK job 23848 from worker Core Worker 1302 timed out after 30.01s
[1650447994] wproc:   host=esxi07; service=(null);
[1650447994] wproc:   early_timeout=1; exited_ok=0; wait_status=0; error_code=62;
[1650447994] Warning: Check of host 'esxi07' timed out after 30.01 seconds
[1650447994] HOST ALERT: esxi07;DOWN;SOFT;1;(Host check timed out after 30.01 seconds)
[1650447994] wproc: Core Worker 1302: job 23848 (pid=6357): Dormant child reaped
[1650448084] wproc: Core Worker 1301: job 23851 (pid=6393) timed out. Killing it
[1650448084] wproc: CHECK job 23851 from worker Core Worker 1301 timed out after 30.01s
[1650448084] wproc:   host=esxi07; service=(null);
[1650448084] wproc:   early_timeout=1; exited_ok=0; wait_status=0; error_code=62;
[1650448084] Warning: Check of host 'esxi07' timed out after 30.01 seconds
[1650448084] HOST ALERT: esxi07;DOWN;SOFT;2;(Host check timed out after 30.01 seconds)
[1650448085] wproc: Core Worker 1301: job 23851 (pid=6393): Dormant child reaped
[1650448130] SERVICE ALERT: esxi07;PING;CRITICAL;HARD;1;CRITICAL - Host Unreachable (10.5.5.57)
[1650448147] HOST ALERT: esxi07;DOWN;SOFT;3;CRITICAL - Host Unreachable (10.5.5.57)
[1650448200] SERVICE ALERT: esxi07;ESXi Hardware Check;UNKNOWN;HARD;1;UNKNOWN: (0, 'Socket error: [Errno 113] No route to host')
[1650448209] HOST ALERT: esxi07;DOWN;SOFT;4;CRITICAL - Host Unreachable (10.5.5.57)
[1650448272] HOST ALERT: esxi07;DOWN;SOFT;5;CRITICAL - Host Unreachable (10.5.5.57)
[1650448335] HOST ALERT: esxi07;DOWN;SOFT;6;CRITICAL - Host Unreachable (10.5.5.57)
[1650448396] HOST ALERT: esxi07;DOWN;SOFT;7;CRITICAL - Host Unreachable (10.5.5.57)
[1650448459] HOST ALERT: esxi07;DOWN;SOFT;8;CRITICAL - Host Unreachable (10.5.5.57)
[1650448522] HOST ALERT: esxi07;DOWN;SOFT;9;CRITICAL - Host Unreachable (10.5.5.57)
[1650448583] HOST NOTIFICATION: nagiosadmin;esxi07;DOWN;notify-host-by-email;CRITICAL - Host Unreachable (10.5.5.57)
[1650448583] HOST ALERT: esxi07;DOWN;HARD;10;CRITICAL - Host Unreachable (10.5.5.57)
[1650450524] Auto-save of retention data completed successfully.
[1650451280] HOST NOTIFICATION: nagiosadmin;esxi04;DOWN;notify-host-by-email;CRITICAL - Host Unreachable (10.5.5.54)
[1650451497] SERVICE NOTIFICATION: nagiosadmin;esxi03;ESXi Hardware Check;UNKNOWN;notify-service-by-email;UNKNOWN: (0, 'Socket error: [Errno 111] Connection refused')
[1650452331] SERVICE ALERT: esxi07;PING;OK;HARD;4;PING OK - Packet loss = 0%, RTA = 0.43 ms
[1650452335] HOST NOTIFICATION: nagiosadmin;esxi07;UP;notify-host-by-email;PING OK - Packet loss = 0%, RTA = 0.39 ms
[1650452335] HOST ALERT: esxi07;UP;HARD;1;PING OK - Packet loss = 0%, RTA = 0.39 ms
[1650452405] SERVICE FLAPPING ALERT: esxi07;ESXi Hardware Check;STARTED; Service appears to have started flapping (21.8% change >= 20.0% threshold)
[1650452405] SERVICE ALERT: esxi07;ESXi Hardware Check;OK;SOFT;1;OK - Server: Cisco Systems Inc UCSC-C220-M4S s/n: FCH22157EV7 Chassis S/N: FCH2216V0Y8  System BIOS: C220M4.4.1.2c.0.0202211901 2021-02-02
[1650453026] SERVICE ALERT: esxi07;ESXi Hardware Check;UNKNOWN;SOFT;1;UNKNOWN:
[1650453183] SERVICE ALERT: esxi07;ESXi Hardware Check;UNKNOWN;SOFT;2;UNKNOWN: (0, 'Socket error: [Errno 113] No route to host')
[1650453229] SERVICE ALERT: esxi07;PING;CRITICAL;SOFT;1;CRITICAL - Host Unreachable (10.5.5.57)
[1650453232] HOST ALERT: esxi07;DOWN;SOFT;1;CRITICAL - Host Unreachable (10.5.5.57)
[1650453290] SERVICE ALERT: esxi07;PING;CRITICAL;HARD;4;CRITICAL - Host Unreachable (10.5.5.57)
[1650453294] HOST ALERT: esxi07;DOWN;SOFT;2;CRITICAL - Host Unreachable (10.5.5.57)
[1650453312] SERVICE ALERT: esxi07;ESXi Hardware Check;UNKNOWN;HARD;3;UNKNOWN: (0, 'Socket error: [Errno 113] No route to host')
[1650453358] HOST ALERT: esxi07;UP;SOFT;1;PING OK - Packet loss = 0%, RTA = 0.29 ms
[1650453594] SERVICE FLAPPING ALERT: esxi07;PING;STARTED; Service appears to have started flapping (22.0% change >= 20.0% threshold)
[1650453594] SERVICE ALERT: esxi07;PING;OK;HARD;4;PING OK - Packet loss = 0%, RTA = 0.32 ms
[1650453911] SERVICE ALERT: esxi07;ESXi Hardware Check;OK;HARD;3;OK - Server: Cisco Systems Inc UCSC-C220-M4S s/n: FCH22157EV7 Chassis S/N: FCH2216V0Y8  System BIOS: C220M4.4.1.2c.0.0202211901 2021-02-02
[1650453984] wproc: Core Worker 1303: job 24082 (pid=11923) timed out. Killing it
[1650453984] wproc: CHECK job 24082 from worker Core Worker 1303 timed out after 30.01s
[1650453984] wproc:   host=esxi07; service=(null);
[1650453984] wproc:   early_timeout=1; exited_ok=0; wait_status=0; error_code=62;
[1650453984] Warning: Check of host 'esxi07' timed out after 30.01 seconds
[1650453984] HOST FLAPPING ALERT: esxi07;STARTED; Host appears to have started flapping (20.7% change > 20.0% threshold)
[1650453984] HOST ALERT: esxi07;DOWN;SOFT;1;(Host check timed out after 30.01 seconds)
[1650453984] wproc: Core Worker 1303: job 24082 (pid=11923): Dormant child reaped
[1650454074] wproc: Core Worker 1301: job 24085 (pid=11954) timed out. Killing it
[1650454074] wproc: CHECK job 24085 from worker Core Worker 1301 timed out after 30.02s
[1650454074] wproc:   host=esxi07; service=(null);
[1650454074] wproc:   early_timeout=1; exited_ok=0; wait_status=0; error_code=62;
[1650454074] Warning: Check of host 'esxi07' timed out after 30.02 seconds
[1650454074] HOST ALERT: esxi07;DOWN;SOFT;2;(Host check timed out after 30.02 seconds)
[1650454074] wproc: Core Worker 1301: job 24085 (pid=11954): Dormant child reaped
[1650454124] Auto-save of retention data completed successfully.
[1650454138] HOST ALERT: esxi07;UP;SOFT;1;PING OK - Packet loss = 0%, RTA = 0.41 ms
[1650454464] wproc: Core Worker 1303: job 24097 (pid=12285) timed out. Killing it
[1650454464] wproc: CHECK job 24097 from worker Core Worker 1303 timed out after 30.03s
[1650454464] wproc:   host=esxi07; service=(null);
[1650454464] wproc:   early_timeout=1; exited_ok=0; wait_status=0; error_code=62;
[1650454464] Warning: Check of host 'esxi07' timed out after 30.03 seconds
[1650454464] HOST ALERT: esxi07;DOWN;SOFT;1;(Host check timed out after 30.03 seconds)
[1650454464] wproc: Core Worker 1303: job 24097 (pid=12285): Dormant child reaped
[1650454505] SERVICE ALERT: esxi07;PING;CRITICAL;HARD;1;CRITICAL - Plugin timed out
[1650454554] wproc: Core Worker 1301: job 24104 (pid=12489) timed out. Killing it
[1650454554] wproc: CHECK job 24104 from worker Core Worker 1301 timed out after 30.01s
[1650454554] wproc:   host=esxi07; service=(null);
[1650454554] wproc:   early_timeout=1; exited_ok=0; wait_status=0; error_code=62;
[1650454554] Warning: Check of host 'esxi07' timed out after 30.01 seconds
[1650454554] HOST ALERT: esxi07;DOWN;SOFT;2;(Host check timed out after 30.01 seconds)
[1650454554] wproc: Core Worker 1301: job 24104 (pid=12489): Dormant child reaped
[1650454571] wproc: Core Worker 1300: job 24104 (pid=12350) timed out. Killing it
[1650454571] wproc: CHECK job 24104 from worker Core Worker 1300 timed out after 60.01s
[1650454571] wproc:   host=esxi07; service=ESXi Hardware Check;
[1650454571] wproc:   early_timeout=1; exited_ok=0; wait_status=0; error_code=62;
[1650454571] Warning: Check of service 'ESXi Hardware Check' on host 'esxi07' timed out after 60.008s!
[1650454571] SERVICE ALERT: esxi07;ESXi Hardware Check;CRITICAL;HARD;1;(Service check timed out after 60.01 seconds)
[1650454571] wproc: Core Worker 1300: job 24104 (pid=12350): Dormant child reaped
[1650454618] HOST ALERT: esxi07;UP;SOFT;1;PING OK - Packet loss = 0%, RTA = 0.49 ms
[1650454798] SERVICE ALERT: esxi07;PING;OK;SOFT;1;PING OK - Packet loss = 0%, RTA = 0.42 ms
[1650454944] wproc: Core Worker 1301: job 24118 (pid=12805) timed out. Killing it
[1650454944] wproc: CHECK job 24118 from worker Core Worker 1301 timed out after 30.03s
[1650454944] wproc:   host=esxi07; service=(null);
[1650454944] wproc:   early_timeout=1; exited_ok=0; wait_status=0; error_code=62;
[1650454944] Warning: Check of host 'esxi07' timed out after 30.03 seconds
[1650454944] HOST ALERT: esxi07;DOWN;SOFT;1;(Host check timed out after 30.03 seconds)
[1650454944] wproc: Core Worker 1301: job 24118 (pid=12805): Dormant child reaped
[1650455008] HOST ALERT: esxi07;UP;SOFT;1;PING OK - Packet loss = 0%, RTA = 0.47 ms
[1650455097] SERVICE NOTIFICATION: nagiosadmin;esxi03;ESXi Hardware Check;UNKNOWN;notify-service-by-email;UNKNOWN: (0, 'Socket error: [Errno 111] Connection refused')
[1650455111] SERVICE ALERT: esxi07;ESXi Hardware Check;UNKNOWN;SOFT;1;UNKNOWN: (0, 'Socket error: [Errno 111] Connection refused')
[1650455719] SERVICE ALERT: esxi07;ESXi Hardware Check;OK;SOFT;2;OK - Server: Cisco Systems Inc UCSC-C220-M4S s/n: FCH22157EV7 Chassis S/N: FCH2216V0Y8  System BIOS: C220M4.4.1.2c.0.0202211901 2021-02-02
[1650456905] SERVICE ALERT: esxi07;PING;CRITICAL;SOFT;1;CRITICAL - Plugin timed out
[1650456935] wproc: Core Worker 1303: job 24195 (pid=14558) timed out. Killing it
[1650456935] wproc: CHECK job 24195 from worker Core Worker 1303 timed out after 30.01s
[1650456935] wproc:   host=esxi07; service=(null);
[1650456935] wproc:   early_timeout=1; exited_ok=0; wait_status=0; error_code=62;
[1650456935] Warning: Check of host 'esxi07' timed out after 30.01 seconds
[1650456935] HOST ALERT: esxi07;DOWN;SOFT;1;(Host check timed out after 30.01 seconds)
[1650456936] wproc: Core Worker 1303: job 24195 (pid=14558): Dormant child reaped
[1650456976] SERVICE ALERT: esxi07;PING;CRITICAL;HARD;4;CRITICAL - Plugin timed out
[1650457025] wproc: Core Worker 1303: job 24201 (pid=14752) timed out. Killing it
[1650457025] wproc: CHECK job 24201 from worker Core Worker 1303 timed out after 30.01s
[1650457025] wproc:   host=esxi07; service=(null);
[1650457025] wproc:   early_timeout=1; exited_ok=0; wait_status=0; error_code=62;
[1650457025] Warning: Check of host 'esxi07' timed out after 30.01 seconds
[1650457025] HOST ALERT: esxi07;DOWN;SOFT;2;(Host check timed out after 30.01 seconds)
[1650457026] wproc: Core Worker 1303: job 24201 (pid=14752): Dormant child reaped
[1650457099] wproc: Core Worker 1303: job 24202 (pid=14759) timed out. Killing it
[1650457099] wproc: CHECK job 24202 from worker Core Worker 1303 timed out after 60.01s
[1650457099] wproc:   host=esxi07; service=ESXi Hardware Check;
[1650457099] wproc:   early_timeout=1; exited_ok=0; wait_status=0; error_code=62;
[1650457099] Warning: Check of service 'ESXi Hardware Check' on host 'esxi07' timed out after 60.010s!
[1650457099] SERVICE ALERT: esxi07;ESXi Hardware Check;CRITICAL;HARD;1;(Service check timed out after 60.01 seconds)
[1650457100] wproc: Core Worker 1303: job 24202 (pid=14759): Dormant child reaped
[1650457101] SERVICE ALERT: esxi03;PING;WARNING;SOFT;1;PING WARNING - Packet loss = 20%, RTA = 0.49 ms
[1650457115] wproc: Core Worker 1300: job 24203 (pid=14771) timed out. Killing it
[1650457115] wproc: CHECK job 24203 from worker Core Worker 1300 timed out after 30.02s
[1650457115] wproc:   host=esxi07; service=(null);
[1650457115] wproc:   early_timeout=1; exited_ok=0; wait_status=0; error_code=62;
[1650457115] Warning: Check of host 'esxi07' timed out after 30.02 seconds
[1650457115] HOST ALERT: esxi07;DOWN;SOFT;3;(Host check timed out after 30.02 seconds)
[1650457116] wproc: Core Worker 1300: job 24203 (pid=14771): Dormant child reaped
[1650457165] SERVICE ALERT: esxi03;PING;OK;SOFT;2;PING OK - Packet loss = 0%, RTA = 0.39 ms
[1650457205] wproc: Core Worker 1300: job 24206 (pid=14813) timed out. Killing it
[1650457205] wproc: CHECK job 24206 from worker Core Worker 1300 timed out after 30.01s
[1650457205] wproc:   host=esxi07; service=(null);
[1650457205] wproc:   early_timeout=1; exited_ok=0; wait_status=0; error_code=62;
[1650457205] Warning: Check of host 'esxi07' timed out after 30.01 seconds
[1650457205] HOST ALERT: esxi07;DOWN;SOFT;4;(Host check timed out after 30.01 seconds)
[1650457206] wproc: Core Worker 1300: job 24206 (pid=14813): Dormant child reaped
[1650457295] wproc: Core Worker 1301: job 24211 (pid=15011) timed out. Killing it
[1650457295] wproc: CHECK job 24211 from worker Core Worker 1301 timed out after 30.01s
[1650457295] wproc:   host=esxi07; service=(null);
[1650457295] wproc:   early_timeout=1; exited_ok=0; wait_status=0; error_code=62;
[1650457295] Warning: Check of host 'esxi07' timed out after 30.01 seconds
[1650457295] HOST ALERT: esxi07;DOWN;SOFT;5;(Host check timed out after 30.01 seconds)
[1650457296] wproc: Core Worker 1301: job 24211 (pid=15011): Dormant child reaped
[1650457356] HOST ALERT: esxi07;DOWN;SOFT;6;CRITICAL - Host Unreachable (10.5.5.57)
[1650457417] HOST ALERT: esxi07;DOWN;SOFT;7;CRITICAL - Host Unreachable (10.5.5.57)
[1650457478] HOST FLAPPING ALERT: esxi07;STOPPED; Host appears to have stopped flapping (4.9% change < 5.0% threshold)
[1650457478] HOST ALERT: esxi07;DOWN;SOFT;8;CRITICAL - Host Unreachable (10.5.5.57)
[1650457539] HOST ALERT: esxi07;DOWN;SOFT;9;CRITICAL - Host Unreachable (10.5.5.57)
[1650457600] HOST ALERT: esxi07;DOWN;HARD;10;CRITICAL - Host Unreachable (10.5.5.57)
[1650457645] SERVICE ALERT: esxi07;ESXi Hardware Check;UNKNOWN;HARD;3;UNKNOWN: (0, 'Socket error: [Errno 113] No route to host')
[1650457724] Auto-save of retention data completed successfully.
[1650458697] SERVICE NOTIFICATION: nagiosadmin;esxi03;ESXi Hardware Check;UNKNOWN;notify-service-by-email;UNKNOWN: (0, 'Socket error: [Errno 111] Connection refused')
[1650459430] wproc: Core Worker 1301: job 24295 (pid=16997) timed out. Killing it
[1650459430] wproc: CHECK job 24295 from worker Core Worker 1301 timed out after 30.02s
[1650459430] wproc:   host=esxi07; service=(null);
[1650459430] wproc:   early_timeout=1; exited_ok=0; wait_status=0; error_code=62;
[1650459430] Warning: Check of host 'esxi07' timed out after 30.02 seconds
[1650459430] wproc: Core Worker 1301: job 24295 (pid=16997): Dormant child reaped
[1650460868] SERVICE FLAPPING ALERT: esxi07;PING;STOPPED; Service appears to have stopped flapping (4.5% change < 5.0% threshold)
[1650461324] Auto-save of retention data completed successfully.
[1650462297] SERVICE NOTIFICATION: nagiosadmin;esxi03;ESXi Hardware Check;UNKNOWN;notify-service-by-email;UNKNOWN: (0, 'Socket error: [Errno 111] Connection refused')
[1650464230] wproc: Core Worker 1302: job 24479 (pid=21409) timed out. Killing it
[1650464230] wproc: CHECK job 24479 from worker Core Worker 1302 timed out after 30.01s
[1650464230] wproc:   host=esxi07; service=(null);
[1650464230] wproc:   early_timeout=1; exited_ok=0; wait_status=0; error_code=62;
[1650464230] Warning: Check of host 'esxi07' timed out after 30.01 seconds
[1650464230] wproc: Core Worker 1302: job 24479 (pid=21409): Dormant child reaped
[1650464924] Auto-save of retention data completed successfully.
[1650465897] SERVICE NOTIFICATION: nagiosadmin;esxi03;ESXi Hardware Check;UNKNOWN;notify-service-by-email;UNKNOWN: (0, 'Socket error: [Errno 111] Connection refused')
[1650466330] wproc: Core Worker 1303: job 24559 (pid=23352) timed out. Killing it
[1650466330] wproc: CHECK job 24559 from worker Core Worker 1303 timed out after 30.02s
[1650466330] wproc:   host=esxi07; service=(null);
[1650466330] wproc:   early_timeout=1; exited_ok=0; wait_status=0; error_code=62;
[1650466330] Warning: Check of host 'esxi07' timed out after 30.02 seconds
[1650466330] wproc: Core Worker 1303: job 24559 (pid=23352): Dormant child reaped
[1650468430] wproc: Core Worker 1300: job 24641 (pid=25266) timed out. Killing it
[1650468430] wproc: CHECK job 24641 from worker Core Worker 1300 timed out after 30.03s
[1650468430] wproc:   host=esxi07; service=(null);
[1650468430] wproc:   early_timeout=1; exited_ok=0; wait_status=0; error_code=62;
[1650468430] Warning: Check of host 'esxi07' timed out after 30.03 seconds
[1650468430] wproc: Core Worker 1300: job 24641 (pid=25266): Dormant child reaped
[1650468524] Auto-save of retention data completed successfully.
[1650469046] SERVICE FLAPPING ALERT: esxi07;ESXi Hardware Check;STOPPED; Service appears to have stopped flapping (3.8% change < 5.0% threshold)
[1650469498] SERVICE NOTIFICATION: nagiosadmin;esxi03;ESXi Hardware Check;UNKNOWN;notify-service-by-email;UNKNOWN: (0, 'Socket error: [Errno 111] Connection refused')
[1650472124] Auto-save of retention data completed successfully.
[1650473697] SERVICE NOTIFICATION: nagiosadmin;esxi03;ESXi Hardware Check;UNKNOWN;notify-service-by-email;UNKNOWN: (0, 'Socket error: [Errno 111] Connection refused')
[1650475724] Auto-save of retention data completed successfully.
[1650477297] SERVICE NOTIFICATION: nagiosadmin;esxi03;ESXi Hardware Check;UNKNOWN;notify-service-by-email;UNKNOWN: (0, 'Socket error: [Errno 111] Connection refused')
[1650479324] Auto-save of retention data completed successfully.
