[1664994600] LOG ROTATION: DAILY
[1664994600] LOG VERSION: 2.0
[1664994600] CURRENT HOST STATE: AP_Main_Bldg;DOWN;HARD;10;CRITICAL - Host Unreachable (10.3.1.25)
[1664994600] CURRENT HOST STATE: Director_Bldg;UP;HARD;1;PING OK - Packet loss = 0%, RTA = 0.65 ms
[1664994600] CURRENT HOST STATE: Director_Resident;UP;HARD;1;PING OK - Packet loss = 0%, RTA = 0.38 ms
[1664994600] CURRENT HOST STATE: Switch_29;UP;HARD;1;PING OK - Packet loss = 0%, RTA = 3.46 ms
[1664994600] CURRENT HOST STATE: Switch_30;UP;HARD;1;PING OK - Packet loss = 0%, RTA = 1.43 ms
[1664994600] CURRENT HOST STATE: Switch_31;UP;HARD;1;PING OK - Packet loss = 0%, RTA = 1.23 ms
[1664994600] CURRENT HOST STATE: Switch_32;UP;HARD;1;PING OK - Packet loss = 0%, RTA = 1.11 ms
[1664994600] CURRENT HOST STATE: Switch_33;UP;HARD;1;PING OK - Packet loss = 0%, RTA = 0.92 ms
[1664994600] CURRENT HOST STATE: Switch_34;UP;HARD;1;PING OK - Packet loss = 0%, RTA = 4.88 ms
[1664994600] CURRENT HOST STATE: esxi01;UP;HARD;1;PING OK - Packet loss = 0%, RTA = 0.69 ms
[1664994600] CURRENT HOST STATE: esxi02;UP;HARD;1;PING OK - Packet loss = 0%, RTA = 0.51 ms
[1664994600] CURRENT HOST STATE: esxi03;UP;HARD;1;PING OK - Packet loss = 0%, RTA = 0.85 ms
[1664994600] CURRENT HOST STATE: esxi04;UP;HARD;1;PING OK - Packet loss = 0%, RTA = 0.33 ms
[1664994600] CURRENT HOST STATE: esxi05;UP;HARD;1;PING OK - Packet loss = 0%, RTA = 0.41 ms
[1664994600] CURRENT HOST STATE: esxi06;UP;HARD;1;PING OK - Packet loss = 0%, RTA = 0.61 ms
[1664994600] CURRENT HOST STATE: esxi07;UP;HARD;1;PING OK - Packet loss = 0%, RTA = 0.52 ms
[1664994600] CURRENT HOST STATE: esxi08;UP;HARD;1;PING OK - Packet loss = 0%, RTA = 0.47 ms
[1664994600] CURRENT HOST STATE: esxi09;UP;HARD;1;PING OK - Packet loss = 0%, RTA = 0.46 ms
[1664994600] CURRENT HOST STATE: localhost;UP;HARD;1;PING OK - Packet loss = 0%, RTA = 0.05 ms
[1664994600] CURRENT HOST STATE: vmware10gswitch;UP;HARD;1;PING OK - Packet loss = 0%, RTA = 1.34 ms
[1664994600] CURRENT HOST STATE: vmwaremgmtswitch;UP;HARD;1;PING OK - Packet loss = 0%, RTA = 4.44 ms
[1664994600] CURRENT SERVICE STATE: AP_Main_Bldg;check-host-alive;CRITICAL;HARD;3;CRITICAL - Host Unreachable (10.3.1.25)
[1664994600] CURRENT SERVICE STATE: Director_Bldg;check-host-alive;OK;HARD;1;PING OK - Packet loss = 0%, RTA = 0.56 ms
[1664994600] CURRENT SERVICE STATE: Director_Resident;check-host-alive;OK;HARD;1;PING OK - Packet loss = 0%, RTA = 0.41 ms
[1664994600] CURRENT SERVICE STATE: Switch_29;check-host-alive;OK;HARD;1;PING OK - Packet loss = 0%, RTA = 0.87 ms
[1664994600] CURRENT SERVICE STATE: Switch_30;check-host-alive;OK;HARD;1;PING OK - Packet loss = 0%, RTA = 4.24 ms
[1664994600] CURRENT SERVICE STATE: Switch_31;check-host-alive;OK;HARD;1;PING OK - Packet loss = 0%, RTA = 1.50 ms
[1664994600] CURRENT SERVICE STATE: Switch_32;check-host-alive;OK;HARD;1;PING OK - Packet loss = 0%, RTA = 1.01 ms
[1664994600] CURRENT SERVICE STATE: Switch_33;check-host-alive;OK;HARD;1;PING OK - Packet loss = 0%, RTA = 0.69 ms
[1664994600] CURRENT SERVICE STATE: Switch_34;check-host-alive;OK;HARD;1;PING OK - Packet loss = 0%, RTA = 1.55 ms
[1664994600] CURRENT SERVICE STATE: esxi01;ESXi Hardware Check;OK;HARD;1;OK - Server: Cisco Systems Inc UCSC-C220-M4S s/n: FCH22157EQH Chassis S/N: FCH2216V0WN  System BIOS: C220M4.4.1.2c.0.0202211901 2021-02-02
[1664994600] CURRENT SERVICE STATE: esxi01;PING;OK;HARD;1;PING OK - Packet loss = 0%, RTA = 0.47 ms
[1664994600] CURRENT SERVICE STATE: esxi02;ESXi Hardware Check;OK;HARD;1;OK - Server: Cisco Systems Inc UCSC-C220-M4S s/n: FCH22157E1D Chassis S/N: FCH2216V0Y6  System BIOS: C220M4.4.1.2c.0.0202211901 2021-02-02
[1664994600] CURRENT SERVICE STATE: esxi02;PING;OK;HARD;1;PING OK - Packet loss = 0%, RTA = 0.41 ms
[1664994600] CURRENT SERVICE STATE: esxi03;ESXi Hardware Check;OK;HARD;1;OK - Server: Cisco Systems Inc UCSC-C220-M4S s/n: FCH22157ESB Chassis S/N: FCH2216V0TW  System BIOS: C220M4.4.1.2c.0.0202211901 2021-02-02
[1664994600] CURRENT SERVICE STATE: esxi03;PING;OK;HARD;1;PING OK - Packet loss = 0%, RTA = 0.64 ms
[1664994600] CURRENT SERVICE STATE: esxi04;ESXi Hardware Check;OK;HARD;1;OK - Server: Cisco Systems Inc UCSC-C220-M4S s/n: FCH20177WVC Chassis S/N: FCH2018V06M  System BIOS: C220M4.4.1.2c.0.0202211901 2021-02-02
[1664994600] CURRENT SERVICE STATE: esxi04;PING;OK;HARD;1;PING OK - Packet loss = 0%, RTA = 0.51 ms
[1664994600] CURRENT SERVICE STATE: esxi05;ESXi Hardware Check;OK;HARD;1;OK - Server: Cisco Systems Inc UCSC-C220-M4S s/n: FCH22157EPD Chassis S/N: FCH2216V0Z0  System BIOS: C220M4.4.1.2c.0.0202211901 2021-02-02
[1664994600] CURRENT SERVICE STATE: esxi05;PING;OK;HARD;1;PING OK - Packet loss = 0%, RTA = 0.47 ms
[1664994600] CURRENT SERVICE STATE: esxi06;ESXi Haradware Check;OK;HARD;1;OK - Server: Cisco Systems Inc UCSC-C220-M4S s/n: FCH22157ERW Chassis S/N: FCH2216V0X8  System BIOS: C220M4.4.1.2c.0.0202211901 2021-02-02
[1664994600] CURRENT SERVICE STATE: esxi06;PING;OK;HARD;1;PING OK - Packet loss = 0%, RTA = 0.60 ms
[1664994600] CURRENT SERVICE STATE: esxi07;ESXi Hardware Check;OK;HARD;1;OK - Server: Cisco Systems Inc UCSC-C220-M4S s/n: FCH22157EV7 Chassis S/N: FCH2216V0Y8  System BIOS: C220M4.4.1.2c.0.0202211901 2021-02-02
[1664994600] CURRENT SERVICE STATE: esxi07;PING;OK;HARD;1;PING OK - Packet loss = 0%, RTA = 0.58 ms
[1664994600] CURRENT SERVICE STATE: esxi08;ESXi Hardware Check;OK;HARD;1;OK - Server: Cisco Systems Inc UCSC-C220-M4S s/n: FCH22137QJN Chassis S/N: FCH2216V0YV  System BIOS: C220M4.4.1.2c.0.0202211901 2021-02-02
[1664994600] CURRENT SERVICE STATE: esxi08;PING;OK;HARD;1;PING OK - Packet loss = 0%, RTA = 0.49 ms
[1664994600] CURRENT SERVICE STATE: esxi09;ESXi Hardware Check;OK;HARD;1;OK - Server: Cisco Systems Inc UCSC-C220-M4S s/n: FCH22157ERY Chassis S/N: FCH2216V0YN  System BIOS: C220M4.4.1.2c.0.0202211901 2021-02-02
[1664994600] CURRENT SERVICE STATE: esxi09;PING;OK;HARD;1;PING OK - Packet loss = 0%, RTA = 0.50 ms
[1664994600] CURRENT SERVICE STATE: localhost;Current Load;OK;HARD;1;OK - load average: 0.01, 0.02, 0.00
[1664994600] CURRENT SERVICE STATE: localhost;Current Users;OK;HARD;1;USERS OK - 1 users currently logged in
[1664994600] CURRENT SERVICE STATE: localhost;PING;OK;HARD;1;PING OK - Packet loss = 0%, RTA = 0.06 ms
[1664994600] CURRENT SERVICE STATE: localhost;Root Partition;OK;HARD;1;DISK OK - free space: / 41398 MB (80.89% inode=99%):
[1664994600] CURRENT SERVICE STATE: localhost;SSH;OK;HARD;1;SSH OK - OpenSSH_7.4 (protocol 2.0)
[1664994600] CURRENT SERVICE STATE: localhost;Swap Usage;OK;HARD;1;SWAP OK - 100% free (3967 MB out of 3967 MB)
[1664994600] CURRENT SERVICE STATE: localhost;Total Processes;OK;HARD;1;PROCS OK: 108 processes with STATE = RSZDT
[1664994600] CURRENT SERVICE STATE: vmware10gswitch;check-host-alive;OK;HARD;1;PING OK - Packet loss = 0%, RTA = 1.62 ms
[1664994600] CURRENT SERVICE STATE: vmwaremgmtswitch;check-host-alive;OK;HARD;1;PING OK - Packet loss = 0%, RTA = 0.97 ms
[1664998124] Auto-save of retention data completed successfully.
[1665001724] Auto-save of retention data completed successfully.
[1665005324] Auto-save of retention data completed successfully.
[1665008924] Auto-save of retention data completed successfully.
[1665012524] Auto-save of retention data completed successfully.
[1665016123] Auto-save of retention data completed successfully.
[1665019724] Auto-save of retention data completed successfully.
[1665023324] Auto-save of retention data completed successfully.
[1665026924] Auto-save of retention data completed successfully.
[1665030524] Auto-save of retention data completed successfully.
[1665034124] Auto-save of retention data completed successfully.
[1665037724] Auto-save of retention data completed successfully.
[1665041324] Auto-save of retention data completed successfully.
[1665044924] Auto-save of retention data completed successfully.
[1665048524] Auto-save of retention data completed successfully.
[1665052124] Auto-save of retention data completed successfully.
[1665055724] Auto-save of retention data completed successfully.
[1665059324] Auto-save of retention data completed successfully.
[1665062924] Auto-save of retention data completed successfully.
[1665066524] Auto-save of retention data completed successfully.
[1665070124] Auto-save of retention data completed successfully.
[1665073724] Auto-save of retention data completed successfully.
[1665077324] Auto-save of retention data completed successfully.
[1665080924] Auto-save of retention data completed successfully.
