[1578594600] LOG ROTATION: DAILY
[1578594600] LOG VERSION: 2.0
[1578594600] CURRENT HOST STATE: AP_Main_Bldg;UP;HARD;1;PING OK - Packet loss = 0%, RTA = 0.80 ms
[1578594600] CURRENT HOST STATE: Director_Bldg;UP;HARD;1;PING OK - Packet loss = 0%, RTA = 0.63 ms
[1578594600] CURRENT HOST STATE: Director_Resident;UP;HARD;1;PING OK - Packet loss = 0%, RTA = 0.72 ms
[1578594600] CURRENT HOST STATE: esxi01;UP;HARD;1;PING OK - Packet loss = 0%, RTA = 0.52 ms
[1578594600] CURRENT HOST STATE: esxi02;UP;HARD;1;PING OK - Packet loss = 0%, RTA = 0.49 ms
[1578594600] CURRENT HOST STATE: esxi03;UP;HARD;1;PING OK - Packet loss = 0%, RTA = 0.47 ms
[1578594600] CURRENT HOST STATE: esxi04;UP;HARD;1;PING OK - Packet loss = 0%, RTA = 0.59 ms
[1578594600] CURRENT HOST STATE: esxi05;UP;HARD;1;PING OK - Packet loss = 0%, RTA = 0.47 ms
[1578594600] CURRENT HOST STATE: esxi06;UP;HARD;1;PING OK - Packet loss = 0%, RTA = 0.87 ms
[1578594600] CURRENT HOST STATE: esxi07;UP;HARD;1;PING OK - Packet loss = 0%, RTA = 0.56 ms
[1578594600] CURRENT HOST STATE: esxi08;UP;HARD;1;PING OK - Packet loss = 0%, RTA = 0.50 ms
[1578594600] CURRENT HOST STATE: esxi09;UP;HARD;1;PING OK - Packet loss = 0%, RTA = 0.45 ms
[1578594600] CURRENT HOST STATE: localhost;UP;HARD;1;PING OK - Packet loss = 0%, RTA = 0.04 ms
[1578594600] CURRENT HOST STATE: vmware10gswitch;UP;HARD;1;PING OK - Packet loss = 0%, RTA = 1.36 ms
[1578594600] CURRENT HOST STATE: vmwaremgmtswitch;UP;HARD;1;PING OK - Packet loss = 0%, RTA = 0.90 ms
[1578594600] CURRENT SERVICE STATE: AP_Main_Bldg;check-host-alive;OK;HARD;1;PING OK - Packet loss = 0%, RTA = 0.81 ms
[1578594600] CURRENT SERVICE STATE: Director_Bldg;check-host-alive;OK;HARD;1;PING OK - Packet loss = 0%, RTA = 0.65 ms
[1578594600] CURRENT SERVICE STATE: Director_Resident;check-host-alive;OK;HARD;1;PING OK - Packet loss = 0%, RTA = 1.07 ms
[1578594600] CURRENT SERVICE STATE: esxi01;ESXi Hardware Check;OK;HARD;1;OK - Server: Cisco Systems Inc UCSC-C220-M4S s/n: FCH22157EQH Chassis S/N: FCH2216V0WN  System BIOS: C220M4.3.0.4a.0.0226182253 2018-02-26
[1578594600] CURRENT SERVICE STATE: esxi01;PING;OK;HARD;1;PING OK - Packet loss = 0%, RTA = 0.34 ms
[1578594600] CURRENT SERVICE STATE: esxi02;ESXi Hardware Check;OK;HARD;1;OK - Server: Cisco Systems Inc UCSC-C220-M4S s/n: FCH22157E1D Chassis S/N: FCH2216V0Y6  System BIOS: C220M4.3.0.4a.0.0226182253 2018-02-26
[1578594600] CURRENT SERVICE STATE: esxi02;PING;OK;HARD;1;PING OK - Packet loss = 0%, RTA = 0.57 ms
[1578594600] CURRENT SERVICE STATE: esxi03;ESXi Hardware Check;OK;HARD;1;OK - Server: Cisco Systems Inc UCSC-C220-M4S s/n: FCH22157ESB Chassis S/N: FCH2216V0TW  System BIOS: C220M4.3.0.4a.0.0226182253 2018-02-26
[1578594600] CURRENT SERVICE STATE: esxi03;PING;OK;HARD;1;PING OK - Packet loss = 0%, RTA = 0.50 ms
[1578594600] CURRENT SERVICE STATE: esxi04;ESXi Hardware Check;OK;HARD;1;OK - Server: Cisco Systems Inc UCSC-C220-M4S s/n: FCH22137QKB Chassis S/N: FCH2216V0YZ  System BIOS: C220M4.3.0.4a.0.0226182253 2018-02-26
[1578594600] CURRENT SERVICE STATE: esxi04;PING;OK;HARD;1;PING OK - Packet loss = 0%, RTA = 0.49 ms
[1578594600] CURRENT SERVICE STATE: esxi05;ESXi Hardware Check;OK;HARD;1;OK - Server: Cisco Systems Inc UCSC-C220-M4S s/n: FCH22157EPD Chassis S/N: FCH2216V0Z0  System BIOS: C220M4.3.0.4a.0.0226182253 2018-02-26
[1578594600] CURRENT SERVICE STATE: esxi05;PING;OK;HARD;1;PING OK - Packet loss = 0%, RTA = 0.60 ms
[1578594600] CURRENT SERVICE STATE: esxi06;ESXi Haradware Check;OK;HARD;1;OK - Server: Cisco Systems Inc UCSC-C220-M4S s/n: FCH22157ERW Chassis S/N: FCH2216V0X8  System BIOS: C220M4.3.0.4a.0.0226182253 2018-02-26
[1578594600] CURRENT SERVICE STATE: esxi06;PING;OK;HARD;1;PING OK - Packet loss = 0%, RTA = 0.49 ms
[1578594600] CURRENT SERVICE STATE: esxi07;ESXi Hardware Check;OK;HARD;1;OK - Server: Cisco Systems Inc UCSC-C220-M4S s/n: FCH22157EV7 Chassis S/N: FCH2216V0Y8  System BIOS: C220M4.3.0.4a.0.0226182253 2018-02-26
[1578594600] CURRENT SERVICE STATE: esxi07;PING;OK;HARD;1;PING OK - Packet loss = 0%, RTA = 0.62 ms
[1578594600] CURRENT SERVICE STATE: esxi08;ESXi Hardware Check;OK;HARD;1;OK - Server: Cisco Systems Inc UCSC-C220-M4S s/n: FCH22137QJN Chassis S/N: FCH2216V0YV  System BIOS: C220M4.3.0.4a.0.0226182253 2018-02-26
[1578594600] CURRENT SERVICE STATE: esxi08;PING;OK;HARD;1;PING OK - Packet loss = 0%, RTA = 0.55 ms
[1578594600] CURRENT SERVICE STATE: esxi09;ESXi Hardware Check;OK;HARD;1;OK - Server: Cisco Systems Inc UCSC-C220-M4S s/n: FCH22157ERY Chassis S/N: FCH2216V0YN  System BIOS: C220M4.3.0.4a.0.0226182253 2018-02-26
[1578594600] CURRENT SERVICE STATE: esxi09;PING;OK;HARD;1;PING OK - Packet loss = 0%, RTA = 0.41 ms
[1578594600] CURRENT SERVICE STATE: localhost;Current Load;OK;HARD;1;OK - load average: 0.01, 0.02, 0.05
[1578594600] CURRENT SERVICE STATE: localhost;Current Users;OK;HARD;1;USERS OK - 0 users currently logged in
[1578594600] CURRENT SERVICE STATE: localhost;PING;OK;HARD;1;PING OK - Packet loss = 0%, RTA = 0.04 ms
[1578594600] CURRENT SERVICE STATE: localhost;Root Partition;OK;HARD;1;DISK OK - free space: / 42835 MB (83.70% inode=99%):
[1578594600] CURRENT SERVICE STATE: localhost;SSH;OK;HARD;1;SSH OK - OpenSSH_7.4 (protocol 2.0)
[1578594600] CURRENT SERVICE STATE: localhost;Swap Usage;OK;HARD;1;SWAP OK - 100% free (3967 MB out of 3967 MB)
[1578594600] CURRENT SERVICE STATE: localhost;Total Processes;OK;HARD;1;PROCS OK: 79 processes with STATE = RSZDT
[1578594600] CURRENT SERVICE STATE: vmware10gswitch;check-host-alive;OK;HARD;1;PING OK - Packet loss = 0%, RTA = 1.29 ms
[1578594600] CURRENT SERVICE STATE: vmwaremgmtswitch;check-host-alive;OK;HARD;1;PING OK - Packet loss = 0%, RTA = 0.86 ms
[1578596885] Auto-save of retention data completed successfully.
[1578600485] Auto-save of retention data completed successfully.
[1578604085] Auto-save of retention data completed successfully.
[1578607685] Auto-save of retention data completed successfully.
[1578611285] Auto-save of retention data completed successfully.
[1578614885] Auto-save of retention data completed successfully.
[1578618485] Auto-save of retention data completed successfully.
[1578622085] Auto-save of retention data completed successfully.
[1578625685] Auto-save of retention data completed successfully.
[1578629285] Auto-save of retention data completed successfully.
[1578632885] Auto-save of retention data completed successfully.
[1578636485] Auto-save of retention data completed successfully.
[1578640085] Auto-save of retention data completed successfully.
[1578643685] Auto-save of retention data completed successfully.
[1578646967] wproc: Core Worker 22691: job 88062 (pid=31815) timed out. Killing it
[1578646967] wproc: CHECK job 88062 from worker Core Worker 22691 timed out after 30.01s
[1578646967] wproc:   host=Director_Bldg; service=(null);
[1578646967] wproc:   early_timeout=1; exited_ok=0; wait_status=0; error_code=62;
[1578646967] Warning: Check of host 'Director_Bldg' timed out after 30.01 seconds
[1578646967] HOST ALERT: Director_Bldg;DOWN;SOFT;1;(Host check timed out after 30.01 seconds)
[1578646967] wproc: Core Worker 22691: job 88062 (pid=31815): Dormant child reaped
[1578647057] wproc: Core Worker 22691: job 88067 (pid=31869) timed out. Killing it
[1578647057] wproc: CHECK job 88067 from worker Core Worker 22691 timed out after 30.03s
[1578647057] wproc:   host=Director_Bldg; service=(null);
[1578647057] wproc:   early_timeout=1; exited_ok=0; wait_status=0; error_code=62;
[1578647057] Warning: Check of host 'Director_Bldg' timed out after 30.03 seconds
[1578647057] HOST ALERT: Director_Bldg;DOWN;SOFT;2;(Host check timed out after 30.03 seconds)
[1578647057] wproc: Core Worker 22691: job 88067 (pid=31869): Dormant child reaped
[1578647091] SERVICE ALERT: Director_Bldg;check-host-alive;CRITICAL;HARD;1;CRITICAL - Plugin timed out
[1578647145] SERVICE ALERT: Director_Resident;check-host-alive;CRITICAL;SOFT;1;CRITICAL - Plugin timed out
[1578647147] wproc: Core Worker 22689: job 88069 (pid=32024) timed out. Killing it
[1578647147] wproc: CHECK job 88069 from worker Core Worker 22689 timed out after 30.01s
[1578647147] wproc:   host=Director_Bldg; service=(null);
[1578647147] wproc:   early_timeout=1; exited_ok=0; wait_status=0; error_code=62;
[1578647147] Warning: Check of host 'Director_Bldg' timed out after 30.01 seconds
[1578647147] HOST ALERT: Director_Bldg;DOWN;SOFT;3;(Host check timed out after 30.01 seconds)
[1578647147] wproc: Core Worker 22689: job 88069 (pid=32024): Dormant child reaped
[1578647175] wproc: Core Worker 22691: job 88070 (pid=32045) timed out. Killing it
[1578647175] wproc: CHECK job 88070 from worker Core Worker 22691 timed out after 30.01s
[1578647175] wproc:   host=Director_Resident; service=(null);
[1578647175] wproc:   early_timeout=1; exited_ok=0; wait_status=0; error_code=62;
[1578647175] Warning: Check of host 'Director_Resident' timed out after 30.01 seconds
[1578647175] HOST ALERT: Director_Resident;DOWN;SOFT;1;(Host check timed out after 30.01 seconds)
[1578647175] wproc: Core Worker 22691: job 88070 (pid=32045): Dormant child reaped
[1578647237] wproc: Core Worker 22689: job 88071 (pid=32060) timed out. Killing it
[1578647237] wproc: CHECK job 88071 from worker Core Worker 22689 timed out after 30.01s
[1578647237] wproc:   host=Director_Bldg; service=(null);
[1578647237] wproc:   early_timeout=1; exited_ok=0; wait_status=0; error_code=62;
[1578647237] Warning: Check of host 'Director_Bldg' timed out after 30.01 seconds
[1578647237] HOST ALERT: Director_Bldg;DOWN;SOFT;4;(Host check timed out after 30.01 seconds)
[1578647237] wproc: Core Worker 22689: job 88071 (pid=32060): Dormant child reaped
[1578647265] wproc: Core Worker 22689: job 88072 (pid=32070) timed out. Killing it
[1578647265] wproc: CHECK job 88072 from worker Core Worker 22689 timed out after 30.00s
[1578647265] wproc:   host=Director_Resident; service=(null);
[1578647265] wproc:   early_timeout=1; exited_ok=0; wait_status=0; error_code=62;
[1578647265] Warning: Check of host 'Director_Resident' timed out after 30.00 seconds
[1578647265] HOST ALERT: Director_Resident;DOWN;SOFT;2;(Host check timed out after 30.00 seconds)
[1578647265] wproc: Core Worker 22689: job 88072 (pid=32070): Dormant child reaped
[1578647285] Auto-save of retention data completed successfully.
[1578647296] SERVICE ALERT: Director_Resident;check-host-alive;CRITICAL;HARD;3;CRITICAL - Plugin timed out
[1578647327] wproc: Core Worker 22691: job 88076 (pid=32112) timed out. Killing it
[1578647327] wproc: CHECK job 88076 from worker Core Worker 22691 timed out after 30.01s
[1578647327] wproc:   host=Director_Bldg; service=(null);
[1578647327] wproc:   early_timeout=1; exited_ok=0; wait_status=0; error_code=62;
[1578647327] Warning: Check of host 'Director_Bldg' timed out after 30.01 seconds
[1578647327] HOST ALERT: Director_Bldg;DOWN;SOFT;5;(Host check timed out after 30.01 seconds)
[1578647327] wproc: Core Worker 22691: job 88076 (pid=32112): Dormant child reaped
[1578647355] wproc: Core Worker 22692: job 88077 (pid=32132) timed out. Killing it
[1578647355] wproc: CHECK job 88077 from worker Core Worker 22692 timed out after 30.02s
[1578647355] wproc:   host=Director_Resident; service=(null);
[1578647355] wproc:   early_timeout=1; exited_ok=0; wait_status=0; error_code=62;
[1578647355] Warning: Check of host 'Director_Resident' timed out after 30.02 seconds
[1578647355] HOST ALERT: Director_Resident;DOWN;SOFT;3;(Host check timed out after 30.02 seconds)
[1578647355] wproc: Core Worker 22692: job 88077 (pid=32132): Dormant child reaped
[1578647417] wproc: Core Worker 22692: job 88079 (pid=32152) timed out. Killing it
[1578647417] wproc: CHECK job 88079 from worker Core Worker 22692 timed out after 30.01s
[1578647417] wproc:   host=Director_Bldg; service=(null);
[1578647417] wproc:   early_timeout=1; exited_ok=0; wait_status=0; error_code=62;
[1578647417] Warning: Check of host 'Director_Bldg' timed out after 30.01 seconds
[1578647417] HOST ALERT: Director_Bldg;DOWN;SOFT;6;(Host check timed out after 30.01 seconds)
[1578647417] wproc: Core Worker 22692: job 88079 (pid=32152): Dormant child reaped
[1578647445] wproc: Core Worker 22691: job 88080 (pid=32306) timed out. Killing it
[1578647445] wproc: CHECK job 88080 from worker Core Worker 22691 timed out after 30.01s
[1578647445] wproc:   host=Director_Resident; service=(null);
[1578647445] wproc:   early_timeout=1; exited_ok=0; wait_status=0; error_code=62;
[1578647445] Warning: Check of host 'Director_Resident' timed out after 30.01 seconds
[1578647445] HOST ALERT: Director_Resident;DOWN;SOFT;4;(Host check timed out after 30.01 seconds)
[1578647445] wproc: Core Worker 22691: job 88080 (pid=32306): Dormant child reaped
[1578647507] wproc: Core Worker 22692: job 88082 (pid=32330) timed out. Killing it
[1578647507] wproc: CHECK job 88082 from worker Core Worker 22692 timed out after 30.02s
[1578647507] wproc:   host=Director_Bldg; service=(null);
[1578647507] wproc:   early_timeout=1; exited_ok=0; wait_status=0; error_code=62;
[1578647507] Warning: Check of host 'Director_Bldg' timed out after 30.02 seconds
[1578647507] HOST ALERT: Director_Bldg;DOWN;SOFT;7;(Host check timed out after 30.02 seconds)
[1578647507] wproc: Core Worker 22692: job 88082 (pid=32330): Dormant child reaped
[1578647535] wproc: Core Worker 22689: job 88083 (pid=32341) timed out. Killing it
[1578647535] wproc: CHECK job 88083 from worker Core Worker 22689 timed out after 30.01s
[1578647535] wproc:   host=Director_Resident; service=(null);
[1578647535] wproc:   early_timeout=1; exited_ok=0; wait_status=0; error_code=62;
[1578647535] Warning: Check of host 'Director_Resident' timed out after 30.01 seconds
[1578647535] HOST ALERT: Director_Resident;DOWN;SOFT;5;(Host check timed out after 30.01 seconds)
[1578647535] wproc: Core Worker 22689: job 88083 (pid=32341): Dormant child reaped
[1578647597] wproc: Core Worker 22690: job 88087 (pid=32380) timed out. Killing it
[1578647597] wproc: CHECK job 88087 from worker Core Worker 22690 timed out after 30.03s
[1578647597] wproc:   host=Director_Bldg; service=(null);
[1578647597] wproc:   early_timeout=1; exited_ok=0; wait_status=0; error_code=62;
[1578647597] Warning: Check of host 'Director_Bldg' timed out after 30.03 seconds
[1578647597] HOST ALERT: Director_Bldg;DOWN;SOFT;8;(Host check timed out after 30.03 seconds)
[1578647597] wproc: Core Worker 22690: job 88087 (pid=32380): Dormant child reaped
[1578647625] wproc: Core Worker 22692: job 88087 (pid=32385) timed out. Killing it
[1578647625] wproc: CHECK job 88087 from worker Core Worker 22692 timed out after 30.01s
[1578647625] wproc:   host=Director_Resident; service=(null);
[1578647625] wproc:   early_timeout=1; exited_ok=0; wait_status=0; error_code=62;
[1578647625] Warning: Check of host 'Director_Resident' timed out after 30.01 seconds
[1578647625] HOST ALERT: Director_Resident;DOWN;SOFT;6;(Host check timed out after 30.01 seconds)
[1578647625] wproc: Core Worker 22692: job 88087 (pid=32385): Dormant child reaped
[1578647662] HOST ALERT: Director_Bldg;UP;SOFT;1;PING OK - Packet loss = 20%, RTA = 0.62 ms
[1578647664] SERVICE ALERT: Director_Bldg;check-host-alive;OK;SOFT;1;PING OK - Packet loss = 0%, RTA = 0.65 ms
[1578647690] HOST ALERT: Director_Resident;UP;SOFT;1;PING OK - Packet loss = 20%, RTA = 1.99 ms
[1578647869] SERVICE ALERT: Director_Resident;check-host-alive;OK;HARD;3;PING OK - Packet loss = 0%, RTA = 1.00 ms
[1578650885] Auto-save of retention data completed successfully.
[1578654485] Auto-save of retention data completed successfully.
[1578658085] Auto-save of retention data completed successfully.
[1578661685] Auto-save of retention data completed successfully.
[1578665285] Auto-save of retention data completed successfully.
[1578668885] Auto-save of retention data completed successfully.
[1578672485] Auto-save of retention data completed successfully.
[1578676085] Auto-save of retention data completed successfully.
[1578679685] Auto-save of retention data completed successfully.
