[1656441000] LOG ROTATION: DAILY
[1656441000] LOG VERSION: 2.0
[1656441000] CURRENT HOST STATE: AP_Main_Bldg;DOWN;HARD;10;CRITICAL - Host Unreachable (10.3.1.25)
[1656441000] CURRENT HOST STATE: Director_Bldg;UP;HARD;1;PING OK - Packet loss = 0%, RTA = 0.60 ms
[1656441000] CURRENT HOST STATE: Director_Resident;UP;HARD;1;PING OK - Packet loss = 0%, RTA = 0.40 ms
[1656441000] CURRENT HOST STATE: Switch_29;UP;HARD;1;PING OK - Packet loss = 0%, RTA = 0.82 ms
[1656441000] CURRENT HOST STATE: Switch_30;UP;HARD;1;PING OK - Packet loss = 0%, RTA = 1.53 ms
[1656441000] CURRENT HOST STATE: Switch_31;UP;HARD;1;PING OK - Packet loss = 0%, RTA = 5.69 ms
[1656441000] CURRENT HOST STATE: Switch_32;UP;HARD;1;PING OK - Packet loss = 0%, RTA = 1.41 ms
[1656441000] CURRENT HOST STATE: Switch_33;UP;HARD;1;PING OK - Packet loss = 0%, RTA = 2.71 ms
[1656441000] CURRENT HOST STATE: Switch_34;UP;HARD;1;PING OK - Packet loss = 0%, RTA = 2.12 ms
[1656441000] CURRENT HOST STATE: esxi01;UP;HARD;1;PING OK - Packet loss = 0%, RTA = 0.57 ms
[1656441000] CURRENT HOST STATE: esxi02;UP;HARD;1;PING OK - Packet loss = 0%, RTA = 0.46 ms
[1656441000] CURRENT HOST STATE: esxi03;UP;HARD;1;PING OK - Packet loss = 0%, RTA = 0.50 ms
[1656441000] CURRENT HOST STATE: esxi04;UP;HARD;1;PING OK - Packet loss = 0%, RTA = 0.62 ms
[1656441000] CURRENT HOST STATE: esxi05;UP;HARD;1;PING OK - Packet loss = 0%, RTA = 0.60 ms
[1656441000] CURRENT HOST STATE: esxi06;UP;HARD;1;PING OK - Packet loss = 0%, RTA = 0.82 ms
[1656441000] CURRENT HOST STATE: esxi07;UP;HARD;1;PING OK - Packet loss = 0%, RTA = 0.53 ms
[1656441000] CURRENT HOST STATE: esxi08;UP;HARD;1;PING OK - Packet loss = 0%, RTA = 0.84 ms
[1656441000] CURRENT HOST STATE: esxi09;UP;HARD;1;PING OK - Packet loss = 0%, RTA = 0.49 ms
[1656441000] CURRENT HOST STATE: localhost;UP;HARD;1;PING OK - Packet loss = 0%, RTA = 0.05 ms
[1656441000] CURRENT HOST STATE: vmware10gswitch;UP;HARD;1;PING OK - Packet loss = 0%, RTA = 1.41 ms
[1656441000] CURRENT HOST STATE: vmwaremgmtswitch;UP;HARD;1;PING OK - Packet loss = 0%, RTA = 0.94 ms
[1656441000] CURRENT SERVICE STATE: AP_Main_Bldg;check-host-alive;CRITICAL;HARD;3;CRITICAL - Host Unreachable (10.3.1.25)
[1656441000] CURRENT SERVICE STATE: Director_Bldg;check-host-alive;OK;HARD;1;PING OK - Packet loss = 0%, RTA = 0.62 ms
[1656441000] CURRENT SERVICE STATE: Director_Resident;check-host-alive;OK;HARD;1;PING OK - Packet loss = 0%, RTA = 0.40 ms
[1656441000] CURRENT SERVICE STATE: Switch_29;check-host-alive;OK;HARD;1;PING OK - Packet loss = 0%, RTA = 1.23 ms
[1656441000] CURRENT SERVICE STATE: Switch_30;check-host-alive;OK;HARD;1;PING OK - Packet loss = 0%, RTA = 2.25 ms
[1656441000] CURRENT SERVICE STATE: Switch_31;check-host-alive;OK;HARD;1;PING OK - Packet loss = 0%, RTA = 2.80 ms
[1656441000] CURRENT SERVICE STATE: Switch_32;check-host-alive;OK;HARD;1;PING OK - Packet loss = 0%, RTA = 6.87 ms
[1656441000] CURRENT SERVICE STATE: Switch_33;check-host-alive;OK;HARD;1;PING OK - Packet loss = 0%, RTA = 1.14 ms
[1656441000] CURRENT SERVICE STATE: Switch_34;check-host-alive;OK;HARD;1;PING OK - Packet loss = 0%, RTA = 2.48 ms
[1656441000] CURRENT SERVICE STATE: esxi01;ESXi Hardware Check;OK;HARD;1;OK - Server: Cisco Systems Inc UCSC-C220-M4S s/n: FCH22157EQH Chassis S/N: FCH2216V0WN  System BIOS: C220M4.4.1.2c.0.0202211901 2021-02-02
[1656441000] CURRENT SERVICE STATE: esxi01;PING;OK;HARD;1;PING OK - Packet loss = 0%, RTA = 0.51 ms
[1656441000] CURRENT SERVICE STATE: esxi02;ESXi Hardware Check;OK;HARD;1;OK - Server: Cisco Systems Inc UCSC-C220-M4S s/n: FCH22157E1D Chassis S/N: FCH2216V0Y6  System BIOS: C220M4.4.1.2c.0.0202211901 2021-02-02
[1656441000] CURRENT SERVICE STATE: esxi02;PING;OK;HARD;1;PING OK - Packet loss = 0%, RTA = 0.59 ms
[1656441000] CURRENT SERVICE STATE: esxi03;ESXi Hardware Check;OK;HARD;1;OK - Server: Cisco Systems Inc UCSC-C220-M4S s/n: FCH22157ESB Chassis S/N: FCH2216V0TW  System BIOS: C220M4.4.1.2c.0.0202211901 2021-02-02
[1656441000] CURRENT SERVICE STATE: esxi03;PING;OK;HARD;1;PING OK - Packet loss = 0%, RTA = 0.62 ms
[1656441000] CURRENT SERVICE STATE: esxi04;ESXi Hardware Check;OK;HARD;1;OK - Server: Cisco Systems Inc UCSC-C220-M4S s/n: FCH20177WVC Chassis S/N: FCH2018V06M  System BIOS: C220M4.4.1.2c.0.0202211901 2021-02-02
[1656441000] CURRENT SERVICE STATE: esxi04;PING;OK;HARD;1;PING OK - Packet loss = 0%, RTA = 0.58 ms
[1656441000] CURRENT SERVICE STATE: esxi05;ESXi Hardware Check;OK;HARD;1;OK - Server: Cisco Systems Inc UCSC-C220-M4S s/n: FCH22157EPD Chassis S/N: FCH2216V0Z0  System BIOS: C220M4.4.1.2c.0.0202211901 2021-02-02
[1656441000] CURRENT SERVICE STATE: esxi05;PING;OK;HARD;1;PING OK - Packet loss = 0%, RTA = 1.82 ms
[1656441000] CURRENT SERVICE STATE: esxi06;ESXi Haradware Check;OK;HARD;1;OK - Server: Cisco Systems Inc UCSC-C220-M4S s/n: FCH22157ERW Chassis S/N: FCH2216V0X8  System BIOS: C220M4.4.1.2c.0.0202211901 2021-02-02
[1656441000] CURRENT SERVICE STATE: esxi06;PING;OK;HARD;1;PING OK - Packet loss = 0%, RTA = 0.56 ms
[1656441000] CURRENT SERVICE STATE: esxi07;ESXi Hardware Check;OK;HARD;1;OK - Server: Cisco Systems Inc UCSC-C220-M4S s/n: FCH22157EV7 Chassis S/N: FCH2216V0Y8  System BIOS: C220M4.4.1.2c.0.0202211901 2021-02-02
[1656441000] CURRENT SERVICE STATE: esxi07;PING;OK;HARD;1;PING OK - Packet loss = 0%, RTA = 0.44 ms
[1656441000] CURRENT SERVICE STATE: esxi08;ESXi Hardware Check;OK;HARD;1;OK - Server: Cisco Systems Inc UCSC-C220-M4S s/n: FCH22137QJN Chassis S/N: FCH2216V0YV  System BIOS: C220M4.4.1.2c.0.0202211901 2021-02-02
[1656441000] CURRENT SERVICE STATE: esxi08;PING;OK;HARD;1;PING OK - Packet loss = 0%, RTA = 0.56 ms
[1656441000] CURRENT SERVICE STATE: esxi09;ESXi Hardware Check;OK;HARD;1;OK - Server: Cisco Systems Inc UCSC-C220-M4S s/n: FCH22157ERY Chassis S/N: FCH2216V0YN  System BIOS: C220M4.4.1.2c.0.0202211901 2021-02-02
[1656441000] CURRENT SERVICE STATE: esxi09;PING;OK;HARD;1;PING OK - Packet loss = 0%, RTA = 0.48 ms
[1656441000] CURRENT SERVICE STATE: localhost;Current Load;OK;HARD;1;OK - load average: 0.03, 0.03, 0.00
[1656441000] CURRENT SERVICE STATE: localhost;Current Users;OK;HARD;1;USERS OK - 0 users currently logged in
[1656441000] CURRENT SERVICE STATE: localhost;PING;OK;HARD;1;PING OK - Packet loss = 0%, RTA = 0.05 ms
[1656441000] CURRENT SERVICE STATE: localhost;Root Partition;OK;HARD;1;DISK OK - free space: / 42462 MB (82.97% inode=99%):
[1656441000] CURRENT SERVICE STATE: localhost;SSH;OK;HARD;1;SSH OK - OpenSSH_7.4 (protocol 2.0)
[1656441000] CURRENT SERVICE STATE: localhost;Swap Usage;OK;HARD;1;SWAP OK - 100% free (3967 MB out of 3967 MB)
[1656441000] CURRENT SERVICE STATE: localhost;Total Processes;OK;HARD;1;PROCS OK: 112 processes with STATE = RSZDT
[1656441000] CURRENT SERVICE STATE: vmware10gswitch;check-host-alive;OK;HARD;1;PING OK - Packet loss = 0%, RTA = 1.43 ms
[1656441000] CURRENT SERVICE STATE: vmwaremgmtswitch;check-host-alive;OK;HARD;1;PING OK - Packet loss = 0%, RTA = 0.86 ms
[1656444524] Auto-save of retention data completed successfully.
[1656448124] Auto-save of retention data completed successfully.
[1656451724] Auto-save of retention data completed successfully.
[1656455324] Auto-save of retention data completed successfully.
[1656458924] Auto-save of retention data completed successfully.
[1656462524] Auto-save of retention data completed successfully.
[1656466124] Auto-save of retention data completed successfully.
[1656469724] Auto-save of retention data completed successfully.
[1656471549] SERVICE ALERT: esxi02;PING;WARNING;SOFT;1;PING WARNING - Packet loss = 20%, RTA = 0.43 ms
[1656471613] SERVICE ALERT: esxi02;PING;OK;SOFT;2;PING OK - Packet loss = 0%, RTA = 0.36 ms
[1656471980] SERVICE ALERT: esxi06;PING;WARNING;SOFT;1;PING WARNING - Packet loss = 20%, RTA = 0.49 ms
[1656472044] SERVICE ALERT: esxi06;PING;OK;SOFT;2;PING OK - Packet loss = 0%, RTA = 0.40 ms
[1656473324] Auto-save of retention data completed successfully.
[1656476924] Auto-save of retention data completed successfully.
[1656479808] SERVICE ALERT: esxi09;PING;WARNING;SOFT;1;PING WARNING - Packet loss = 20%, RTA = 0.43 ms
[1656479872] SERVICE ALERT: esxi09;PING;OK;SOFT;2;PING OK - Packet loss = 0%, RTA = 0.47 ms
[1656480524] Auto-save of retention data completed successfully.
[1656482763] SERVICE ALERT: esxi03;PING;WARNING;SOFT;1;PING WARNING - Packet loss = 20%, RTA = 0.49 ms
[1656482828] SERVICE ALERT: esxi03;PING;WARNING;SOFT;2;PING WARNING - Packet loss = 20%, RTA = 0.51 ms
[1656482892] SERVICE ALERT: esxi03;PING;OK;SOFT;3;PING OK - Packet loss = 0%, RTA = 0.57 ms
[1656484124] Auto-save of retention data completed successfully.
[1656484148] SERVICE ALERT: esxi04;PING;WARNING;SOFT;1;PING WARNING - Packet loss = 20%, RTA = 0.41 ms
[1656484212] SERVICE ALERT: esxi04;PING;OK;SOFT;2;PING OK - Packet loss = 0%, RTA = 0.42 ms
[1656487724] Auto-save of retention data completed successfully.
[1656491324] Auto-save of retention data completed successfully.
[1656494924] Auto-save of retention data completed successfully.
[1656497009] SERVICE ALERT: esxi06;PING;WARNING;SOFT;1;PING WARNING - Packet loss = 20%, RTA = 0.42 ms
[1656497073] SERVICE ALERT: esxi06;PING;OK;SOFT;2;PING OK - Packet loss = 0%, RTA = 0.51 ms
[1656498524] Auto-save of retention data completed successfully.
[1656502124] Auto-save of retention data completed successfully.
[1656505724] Auto-save of retention data completed successfully.
[1656509324] Auto-save of retention data completed successfully.
[1656512924] Auto-save of retention data completed successfully.
[1656516524] Auto-save of retention data completed successfully.
[1656520124] Auto-save of retention data completed successfully.
[1656523724] Auto-save of retention data completed successfully.
[1656527324] Auto-save of retention data completed successfully.
