[1541356200] LOG ROTATION: DAILY
[1541356200] LOG VERSION: 2.0
[1541356200] CURRENT HOST STATE: localhost;UP;HARD;1;PING OK - Packet loss = 0%, RTA = 0.03 ms
[1541356200] CURRENT HOST STATE: localhost.localdomain;DOWN;HARD;10;CRITICAL - Host Unreachable (10.5.5.15)
[1541356200] CURRENT HOST STATE: router1;UP;HARD;1;PING OK - Packet loss = 0%, RTA = 0.62 ms
[1541356200] CURRENT HOST STATE: router2;UP;HARD;1;PING OK - Packet loss = 0%, RTA = 0.79 ms
[1541356200] CURRENT HOST STATE: router3;UP;HARD;1;PING OK - Packet loss = 0%, RTA = 0.74 ms
[1541356200] CURRENT SERVICE STATE: localhost;Current Load;OK;HARD;1;OK - load average: 0.00, 0.01, 0.05
[1541356200] CURRENT SERVICE STATE: localhost;Current Users;OK;HARD;1;USERS OK - 0 users currently logged in
[1541356200] CURRENT SERVICE STATE: localhost;HTTP;WARNING;HARD;4;HTTP WARNING: HTTP/1.1 403 Forbidden - 5179 bytes in 0.001 second response time
[1541356200] CURRENT SERVICE STATE: localhost;PING;OK;HARD;1;PING OK - Packet loss = 0%, RTA = 0.04 ms
[1541356200] CURRENT SERVICE STATE: localhost;Root Partition;OK;HARD;1;DISK OK - free space: / 46740 MB (91.33% inode=99%):
[1541356200] CURRENT SERVICE STATE: localhost;SSH;OK;HARD;1;SSH OK - OpenSSH_7.4 (protocol 2.0)
[1541356200] CURRENT SERVICE STATE: localhost;Swap Usage;OK;HARD;1;SWAP OK - 100% free (3967 MB out of 3967 MB)
[1541356200] CURRENT SERVICE STATE: localhost;Total Processes;OK;HARD;1;PROCS OK: 85 processes with STATE = RSZDT
[1541356200] CURRENT SERVICE STATE: localhost.localdomain;Current Load;OK;HARD;1;OK - load average: 0.00, 0.04, 0.20
[1541356200] CURRENT SERVICE STATE: localhost.localdomain;Current Users;OK;HARD;1;USERS OK - 2 users currently logged in
[1541356200] CURRENT SERVICE STATE: localhost.localdomain;HTTP;CRITICAL;HARD;4;connect to address 10.5.5.15 and port 80: No route to host
[1541356200] CURRENT SERVICE STATE: localhost.localdomain;PING;CRITICAL;HARD;4;CRITICAL - Host Unreachable (10.5.5.15)
[1541356200] CURRENT SERVICE STATE: localhost.localdomain;Root Partition;OK;HARD;1;DISK OK - free space: / 46740 MB (91.33% inode=99%):
[1541356200] CURRENT SERVICE STATE: localhost.localdomain;SSH;CRITICAL;HARD;4;connect to address 10.5.5.15 and port 22: No route to host
[1541356200] CURRENT SERVICE STATE: localhost.localdomain;Swap Usage;OK;HARD;1;SWAP OK - 100% free (3967 MB out of 3967 MB)
[1541356200] CURRENT SERVICE STATE: localhost.localdomain;Total Processes;OK;HARD;1;PROCS OK: 86 processes with STATE = RSZDT
[1541356200] CURRENT SERVICE STATE: router1;check-host-alive;OK;HARD;1;PING OK - Packet loss = 0%, RTA = 0.63 ms
[1541356200] CURRENT SERVICE STATE: router2;check-host-alive;OK;HARD;1;PING OK - Packet loss = 0%, RTA = 0.79 ms
[1541356200] CURRENT SERVICE STATE: router3;check-host-alive;OK;HARD;1;PING OK - Packet loss = 0%, RTA = 0.82 ms
[1541358531] Auto-save of retention data completed successfully.
[1541362131] Auto-save of retention data completed successfully.
[1541365731] Auto-save of retention data completed successfully.
[1541369331] Auto-save of retention data completed successfully.
[1541372931] Auto-save of retention data completed successfully.
[1541376531] Auto-save of retention data completed successfully.
[1541380131] Auto-save of retention data completed successfully.
[1541383731] Auto-save of retention data completed successfully.
[1541387331] Auto-save of retention data completed successfully.
[1541390931] Auto-save of retention data completed successfully.
[1541394531] Auto-save of retention data completed successfully.
[1541398131] Auto-save of retention data completed successfully.
[1541401731] Auto-save of retention data completed successfully.
[1541405331] Auto-save of retention data completed successfully.
[1541408931] Auto-save of retention data completed successfully.
[1541412531] Auto-save of retention data completed successfully.
[1541416131] Auto-save of retention data completed successfully.
[1541419731] Auto-save of retention data completed successfully.
[1541423331] Auto-save of retention data completed successfully.
[1541426931] Auto-save of retention data completed successfully.
[1541430531] Auto-save of retention data completed successfully.
[1541434131] Auto-save of retention data completed successfully.
[1541437731] Auto-save of retention data completed successfully.
[1541441331] Auto-save of retention data completed successfully.
