[1591122600] LOG ROTATION: DAILY
[1591122600] LOG VERSION: 2.0
[1591122600] CURRENT HOST STATE: AP_Main_Bldg;UP;HARD;1;PING OK - Packet loss = 0%, RTA = 1.06 ms
[1591122600] CURRENT HOST STATE: Director_Bldg;UP;HARD;1;PING OK - Packet loss = 0%, RTA = 0.56 ms
[1591122600] CURRENT HOST STATE: Director_Resident;UP;HARD;1;PING OK - Packet loss = 0%, RTA = 0.68 ms
[1591122600] CURRENT HOST STATE: esxi01;UP;HARD;1;PING OK - Packet loss = 0%, RTA = 0.39 ms
[1591122600] CURRENT HOST STATE: esxi02;UP;HARD;1;PING OK - Packet loss = 0%, RTA = 0.57 ms
[1591122600] CURRENT HOST STATE: esxi03;UP;HARD;1;PING OK - Packet loss = 0%, RTA = 0.38 ms
[1591122600] CURRENT HOST STATE: esxi04;UP;HARD;1;PING OK - Packet loss = 0%, RTA = 0.33 ms
[1591122600] CURRENT HOST STATE: esxi05;UP;HARD;1;PING OK - Packet loss = 0%, RTA = 0.62 ms
[1591122600] CURRENT HOST STATE: esxi06;UP;HARD;1;PING OK - Packet loss = 0%, RTA = 0.36 ms
[1591122600] CURRENT HOST STATE: esxi07;UP;HARD;1;PING OK - Packet loss = 0%, RTA = 0.50 ms
[1591122600] CURRENT HOST STATE: esxi08;UP;HARD;1;PING OK - Packet loss = 0%, RTA = 0.39 ms
[1591122600] CURRENT HOST STATE: esxi09;UP;HARD;1;PING OK - Packet loss = 0%, RTA = 0.40 ms
[1591122600] CURRENT HOST STATE: localhost;UP;HARD;1;PING OK - Packet loss = 0%, RTA = 0.05 ms
[1591122600] CURRENT HOST STATE: vmware10gswitch;UP;HARD;1;PING OK - Packet loss = 0%, RTA = 1.46 ms
[1591122600] CURRENT HOST STATE: vmwaremgmtswitch;UP;HARD;1;PING OK - Packet loss = 0%, RTA = 0.83 ms
[1591122600] CURRENT SERVICE STATE: AP_Main_Bldg;check-host-alive;OK;HARD;1;PING OK - Packet loss = 0%, RTA = 0.77 ms
[1591122600] CURRENT SERVICE STATE: Director_Bldg;check-host-alive;OK;HARD;1;PING OK - Packet loss = 0%, RTA = 0.63 ms
[1591122600] CURRENT SERVICE STATE: Director_Resident;check-host-alive;OK;HARD;1;PING OK - Packet loss = 0%, RTA = 0.67 ms
[1591122600] CURRENT SERVICE STATE: esxi01;ESXi Hardware Check;OK;HARD;1;OK - Server: Cisco Systems Inc UCSC-C220-M4S s/n: FCH22157EQH Chassis S/N: FCH2216V0WN  System BIOS: C220M4.3.0.4a.0.0226182253 2018-02-26
[1591122600] CURRENT SERVICE STATE: esxi01;PING;OK;HARD;1;PING OK - Packet loss = 0%, RTA = 0.42 ms
[1591122600] CURRENT SERVICE STATE: esxi02;ESXi Hardware Check;OK;HARD;1;OK - Server: Cisco Systems Inc UCSC-C220-M4S s/n: FCH22157E1D Chassis S/N: FCH2216V0Y6  System BIOS: C220M4.3.0.4a.0.0226182253 2018-02-26
[1591122600] CURRENT SERVICE STATE: esxi02;PING;OK;HARD;1;PING OK - Packet loss = 0%, RTA = 0.45 ms
[1591122600] CURRENT SERVICE STATE: esxi03;ESXi Hardware Check;OK;HARD;1;OK - Server: Cisco Systems Inc UCSC-C220-M4S s/n: FCH22157ESB Chassis S/N: FCH2216V0TW  System BIOS: C220M4.3.0.4a.0.0226182253 2018-02-26
[1591122600] CURRENT SERVICE STATE: esxi03;PING;OK;HARD;1;PING OK - Packet loss = 0%, RTA = 0.35 ms
[1591122600] CURRENT SERVICE STATE: esxi04;ESXi Hardware Check;OK;HARD;1;OK - Server: Cisco Systems Inc UCSC-C220-M4S s/n: FCH22137QKB Chassis S/N: FCH2216V0YZ  System BIOS: C220M4.3.0.4a.0.0226182253 2018-02-26
[1591122600] CURRENT SERVICE STATE: esxi04;PING;OK;HARD;1;PING OK - Packet loss = 0%, RTA = 0.36 ms
[1591122600] CURRENT SERVICE STATE: esxi05;ESXi Hardware Check;OK;HARD;1;OK - Server: Cisco Systems Inc UCSC-C220-M4S s/n: FCH22157EPD Chassis S/N: FCH2216V0Z0  System BIOS: C220M4.3.0.4a.0.0226182253 2018-02-26
[1591122600] CURRENT SERVICE STATE: esxi05;PING;OK;HARD;1;PING OK - Packet loss = 0%, RTA = 0.44 ms
[1591122600] CURRENT SERVICE STATE: esxi06;ESXi Haradware Check;OK;HARD;1;OK - Server: Cisco Systems Inc UCSC-C220-M4S s/n: FCH22157ERW Chassis S/N: FCH2216V0X8  System BIOS: C220M4.3.0.4a.0.0226182253 2018-02-26
[1591122600] CURRENT SERVICE STATE: esxi06;PING;OK;HARD;1;PING OK - Packet loss = 0%, RTA = 0.51 ms
[1591122600] CURRENT SERVICE STATE: esxi07;ESXi Hardware Check;OK;HARD;1;OK - Server: Cisco Systems Inc UCSC-C220-M4S s/n: FCH22157EV7 Chassis S/N: FCH2216V0Y8  System BIOS: C220M4.3.0.4a.0.0226182253 2018-02-26
[1591122600] CURRENT SERVICE STATE: esxi07;PING;OK;HARD;1;PING OK - Packet loss = 0%, RTA = 0.55 ms
[1591122600] CURRENT SERVICE STATE: esxi08;ESXi Hardware Check;OK;HARD;1;OK - Server: Cisco Systems Inc UCSC-C220-M4S s/n: FCH22137QJN Chassis S/N: FCH2216V0YV  System BIOS: C220M4.3.0.4a.0.0226182253 2018-02-26
[1591122600] CURRENT SERVICE STATE: esxi08;PING;OK;HARD;1;PING OK - Packet loss = 0%, RTA = 0.51 ms
[1591122600] CURRENT SERVICE STATE: esxi09;ESXi Hardware Check;OK;HARD;1;OK - Server: Cisco Systems Inc UCSC-C220-M4S s/n: FCH22157ERY Chassis S/N: FCH2216V0YN  System BIOS: C220M4.3.0.4a.0.0226182253 2018-02-26
[1591122600] CURRENT SERVICE STATE: esxi09;PING;OK;HARD;1;PING OK - Packet loss = 0%, RTA = 0.40 ms
[1591122600] CURRENT SERVICE STATE: localhost;Current Load;OK;HARD;1;OK - load average: 0.00, 0.01, 0.05
[1591122600] CURRENT SERVICE STATE: localhost;Current Users;OK;HARD;1;USERS OK - 0 users currently logged in
[1591122600] CURRENT SERVICE STATE: localhost;PING;OK;HARD;1;PING OK - Packet loss = 0%, RTA = 0.06 ms
[1591122600] CURRENT SERVICE STATE: localhost;Root Partition;OK;HARD;1;DISK OK - free space: / 42829 MB (83.69% inode=99%):
[1591122600] CURRENT SERVICE STATE: localhost;SSH;OK;HARD;1;SSH OK - OpenSSH_7.4 (protocol 2.0)
[1591122600] CURRENT SERVICE STATE: localhost;Swap Usage;OK;HARD;1;SWAP OK - 100% free (3967 MB out of 3967 MB)
[1591122600] CURRENT SERVICE STATE: localhost;Total Processes;OK;HARD;1;PROCS OK: 84 processes with STATE = RSZDT
[1591122600] CURRENT SERVICE STATE: vmware10gswitch;check-host-alive;OK;HARD;1;PING OK - Packet loss = 0%, RTA = 1.29 ms
[1591122600] CURRENT SERVICE STATE: vmwaremgmtswitch;check-host-alive;OK;HARD;1;PING OK - Packet loss = 0%, RTA = 2.12 ms
[1591124885] Auto-save of retention data completed successfully.
[1591128485] Auto-save of retention data completed successfully.
[1591132085] Auto-save of retention data completed successfully.
[1591135685] Auto-save of retention data completed successfully.
[1591139285] Auto-save of retention data completed successfully.
[1591139342] SERVICE ALERT: esxi07;PING;WARNING;SOFT;1;PING WARNING - Packet loss = 20%, RTA = 0.55 ms
[1591139406] SERVICE ALERT: esxi07;PING;OK;SOFT;2;PING OK - Packet loss = 0%, RTA = 1.91 ms
[1591142885] Auto-save of retention data completed successfully.
[1591146485] Auto-save of retention data completed successfully.
[1591147437] SERVICE ALERT: esxi06;PING;WARNING;SOFT;1;PING WARNING - Packet loss = 20%, RTA = 0.79 ms
[1591147501] SERVICE ALERT: esxi06;PING;OK;SOFT;2;PING OK - Packet loss = 0%, RTA = 0.57 ms
[1591150085] Auto-save of retention data completed successfully.
[1591153685] Auto-save of retention data completed successfully.
[1591157285] Auto-save of retention data completed successfully.
[1591157715] SERVICE ALERT: Director_Resident;check-host-alive;CRITICAL;SOFT;1;CRITICAL - Plugin timed out
[1591157745] wproc: Core Worker 22692: job 483198 (pid=31211) timed out. Killing it
[1591157745] wproc: CHECK job 483198 from worker Core Worker 22692 timed out after 30.03s
[1591157745] wproc:   host=Director_Resident; service=(null);
[1591157745] wproc:   early_timeout=1; exited_ok=0; wait_status=0; error_code=62;
[1591157745] Warning: Check of host 'Director_Resident' timed out after 30.03 seconds
[1591157745] HOST ALERT: Director_Resident;DOWN;SOFT;1;(Host check timed out after 30.03 seconds)
[1591157746] wproc: Core Worker 22692: job 483198 (pid=31211): Dormant child reaped
[1591157835] wproc: Core Worker 22689: job 483201 (pid=31244) timed out. Killing it
[1591157835] wproc: CHECK job 483201 from worker Core Worker 22689 timed out after 30.03s
[1591157835] wproc:   host=Director_Resident; service=(null);
[1591157835] wproc:   early_timeout=1; exited_ok=0; wait_status=0; error_code=62;
[1591157835] Warning: Check of host 'Director_Resident' timed out after 30.03 seconds
[1591157835] HOST ALERT: Director_Resident;DOWN;SOFT;2;(Host check timed out after 30.03 seconds)
[1591157836] wproc: Core Worker 22689: job 483201 (pid=31244): Dormant child reaped
[1591157866] SERVICE ALERT: Director_Resident;check-host-alive;CRITICAL;HARD;3;CRITICAL - Plugin timed out
[1591157925] wproc: Core Worker 22689: job 483205 (pid=31284) timed out. Killing it
[1591157925] wproc: CHECK job 483205 from worker Core Worker 22689 timed out after 30.03s
[1591157925] wproc:   host=Director_Resident; service=(null);
[1591157925] wproc:   early_timeout=1; exited_ok=0; wait_status=0; error_code=62;
[1591157925] Warning: Check of host 'Director_Resident' timed out after 30.03 seconds
[1591157925] HOST ALERT: Director_Resident;DOWN;SOFT;3;(Host check timed out after 30.03 seconds)
[1591157926] wproc: Core Worker 22689: job 483205 (pid=31284): Dormant child reaped
[1591157968] wproc: Core Worker 22691: job 483206 (pid=31304) timed out. Killing it
[1591157968] wproc: CHECK job 483206 from worker Core Worker 22691 timed out after 30.01s
[1591157968] wproc:   host=Director_Bldg; service=(null);
[1591157968] wproc:   early_timeout=1; exited_ok=0; wait_status=0; error_code=62;
[1591157968] Warning: Check of host 'Director_Bldg' timed out after 30.01 seconds
[1591157968] HOST ALERT: Director_Bldg;DOWN;SOFT;1;(Host check timed out after 30.01 seconds)
[1591157968] wproc: Core Worker 22691: job 483206 (pid=31304): Dormant child reaped
[1591157973] SERVICE ALERT: Director_Bldg;check-host-alive;CRITICAL;HARD;1;CRITICAL - Plugin timed out
[1591158015] wproc: Core Worker 22690: job 483208 (pid=31326) timed out. Killing it
[1591158015] wproc: CHECK job 483208 from worker Core Worker 22690 timed out after 30.01s
[1591158015] wproc:   host=Director_Resident; service=(null);
[1591158015] wproc:   early_timeout=1; exited_ok=0; wait_status=0; error_code=62;
[1591158015] Warning: Check of host 'Director_Resident' timed out after 30.01 seconds
[1591158015] HOST ALERT: Director_Resident;DOWN;SOFT;4;(Host check timed out after 30.01 seconds)
[1591158016] wproc: Core Worker 22690: job 483208 (pid=31326): Dormant child reaped
[1591158058] wproc: Core Worker 22691: job 483209 (pid=31474) timed out. Killing it
[1591158058] wproc: CHECK job 483209 from worker Core Worker 22691 timed out after 30.02s
[1591158058] wproc:   host=Director_Bldg; service=(null);
[1591158058] wproc:   early_timeout=1; exited_ok=0; wait_status=0; error_code=62;
[1591158058] Warning: Check of host 'Director_Bldg' timed out after 30.02 seconds
[1591158058] HOST ALERT: Director_Bldg;DOWN;SOFT;2;(Host check timed out after 30.02 seconds)
[1591158058] wproc: Core Worker 22691: job 483209 (pid=31474): Dormant child reaped
[1591158105] wproc: Core Worker 22690: job 483211 (pid=31496) timed out. Killing it
[1591158105] wproc: CHECK job 483211 from worker Core Worker 22690 timed out after 30.01s
[1591158105] wproc:   host=Director_Resident; service=(null);
[1591158105] wproc:   early_timeout=1; exited_ok=0; wait_status=0; error_code=62;
[1591158105] Warning: Check of host 'Director_Resident' timed out after 30.01 seconds
[1591158105] HOST ALERT: Director_Resident;DOWN;SOFT;5;(Host check timed out after 30.01 seconds)
[1591158106] wproc: Core Worker 22690: job 483211 (pid=31496): Dormant child reaped
[1591158148] wproc: Core Worker 22692: job 483212 (pid=31513) timed out. Killing it
[1591158148] wproc: CHECK job 483212 from worker Core Worker 22692 timed out after 30.03s
[1591158148] wproc:   host=Director_Bldg; service=(null);
[1591158148] wproc:   early_timeout=1; exited_ok=0; wait_status=0; error_code=62;
[1591158148] Warning: Check of host 'Director_Bldg' timed out after 30.03 seconds
[1591158148] HOST ALERT: Director_Bldg;DOWN;SOFT;3;(Host check timed out after 30.03 seconds)
[1591158148] wproc: Core Worker 22692: job 483212 (pid=31513): Dormant child reaped
[1591158195] wproc: Core Worker 22690: job 483216 (pid=31546) timed out. Killing it
[1591158195] wproc: CHECK job 483216 from worker Core Worker 22690 timed out after 30.03s
[1591158195] wproc:   host=Director_Resident; service=(null);
[1591158195] wproc:   early_timeout=1; exited_ok=0; wait_status=0; error_code=62;
[1591158195] Warning: Check of host 'Director_Resident' timed out after 30.03 seconds
[1591158195] HOST ALERT: Director_Resident;DOWN;SOFT;6;(Host check timed out after 30.03 seconds)
[1591158196] wproc: Core Worker 22690: job 483216 (pid=31546): Dormant child reaped
[1591158238] wproc: Core Worker 22689: job 483217 (pid=31552) timed out. Killing it
[1591158238] wproc: CHECK job 483217 from worker Core Worker 22689 timed out after 30.03s
[1591158238] wproc:   host=Director_Bldg; service=(null);
[1591158238] wproc:   early_timeout=1; exited_ok=0; wait_status=0; error_code=62;
[1591158238] Warning: Check of host 'Director_Bldg' timed out after 30.03 seconds
[1591158238] HOST ALERT: Director_Bldg;DOWN;SOFT;4;(Host check timed out after 30.03 seconds)
[1591158238] wproc: Core Worker 22689: job 483217 (pid=31552): Dormant child reaped
[1591158285] wproc: Core Worker 22692: job 483218 (pid=31574) timed out. Killing it
[1591158285] wproc: CHECK job 483218 from worker Core Worker 22692 timed out after 30.01s
[1591158285] wproc:   host=Director_Resident; service=(null);
[1591158285] wproc:   early_timeout=1; exited_ok=0; wait_status=0; error_code=62;
[1591158285] Warning: Check of host 'Director_Resident' timed out after 30.01 seconds
[1591158285] HOST ALERT: Director_Resident;DOWN;SOFT;7;(Host check timed out after 30.01 seconds)
[1591158286] wproc: Core Worker 22692: job 483218 (pid=31574): Dormant child reaped
[1591158328] wproc: Core Worker 22691: job 483219 (pid=31588) timed out. Killing it
[1591158328] wproc: CHECK job 483219 from worker Core Worker 22691 timed out after 30.03s
[1591158328] wproc:   host=Director_Bldg; service=(null);
[1591158328] wproc:   early_timeout=1; exited_ok=0; wait_status=0; error_code=62;
[1591158328] Warning: Check of host 'Director_Bldg' timed out after 30.03 seconds
[1591158328] HOST ALERT: Director_Bldg;DOWN;SOFT;5;(Host check timed out after 30.03 seconds)
[1591158328] wproc: Core Worker 22691: job 483219 (pid=31588): Dormant child reaped
[1591158359] SERVICE ALERT: esxi04;PING;WARNING;SOFT;1;PING WARNING - Packet loss = 20%, RTA = 0.52 ms
[1591158375] wproc: Core Worker 22689: job 483220 (pid=31736) timed out. Killing it
[1591158375] wproc: CHECK job 483220 from worker Core Worker 22689 timed out after 30.02s
[1591158375] wproc:   host=Director_Resident; service=(null);
[1591158375] wproc:   early_timeout=1; exited_ok=0; wait_status=0; error_code=62;
[1591158375] Warning: Check of host 'Director_Resident' timed out after 30.02 seconds
[1591158375] HOST ALERT: Director_Resident;DOWN;SOFT;8;(Host check timed out after 30.02 seconds)
[1591158376] wproc: Core Worker 22689: job 483220 (pid=31736): Dormant child reaped
[1591158418] wproc: Core Worker 22689: job 483222 (pid=31752) timed out. Killing it
[1591158418] wproc: CHECK job 483222 from worker Core Worker 22689 timed out after 30.01s
[1591158418] wproc:   host=Director_Bldg; service=(null);
[1591158418] wproc:   early_timeout=1; exited_ok=0; wait_status=0; error_code=62;
[1591158418] Warning: Check of host 'Director_Bldg' timed out after 30.01 seconds
[1591158418] HOST ALERT: Director_Bldg;DOWN;SOFT;6;(Host check timed out after 30.01 seconds)
[1591158418] wproc: Core Worker 22689: job 483222 (pid=31752): Dormant child reaped
[1591158423] SERVICE ALERT: esxi04;PING;OK;SOFT;2;PING OK - Packet loss = 0%, RTA = 0.44 ms
[1591158466] wproc: Core Worker 22689: job 483223 (pid=31768) timed out. Killing it
[1591158466] wproc: CHECK job 483223 from worker Core Worker 22689 timed out after 30.01s
[1591158466] wproc:   host=Director_Resident; service=(null);
[1591158466] wproc:   early_timeout=1; exited_ok=0; wait_status=0; error_code=62;
[1591158466] Warning: Check of host 'Director_Resident' timed out after 30.01 seconds
[1591158466] HOST ALERT: Director_Resident;DOWN;SOFT;9;(Host check timed out after 30.01 seconds)
[1591158466] wproc: Core Worker 22689: job 483223 (pid=31768): Dormant child reaped
[1591158508] wproc: Core Worker 22691: job 483226 (pid=31802) timed out. Killing it
[1591158508] wproc: CHECK job 483226 from worker Core Worker 22691 timed out after 30.00s
[1591158508] wproc:   host=Director_Bldg; service=(null);
[1591158508] wproc:   early_timeout=1; exited_ok=0; wait_status=0; error_code=62;
[1591158508] Warning: Check of host 'Director_Bldg' timed out after 30.00 seconds
[1591158508] HOST ALERT: Director_Bldg;DOWN;SOFT;7;(Host check timed out after 30.00 seconds)
[1591158508] wproc: Core Worker 22691: job 483226 (pid=31802): Dormant child reaped
[1591158556] wproc: Core Worker 22692: job 483227 (pid=31821) timed out. Killing it
[1591158556] wproc: CHECK job 483227 from worker Core Worker 22692 timed out after 30.01s
[1591158556] wproc:   host=Director_Resident; service=(null);
[1591158556] wproc:   early_timeout=1; exited_ok=0; wait_status=0; error_code=62;
[1591158556] Warning: Check of host 'Director_Resident' timed out after 30.01 seconds
[1591158556] HOST NOTIFICATION: nagiosadmin;Director_Resident;DOWN;notify-host-by-email;(Host check timed out after 30.01 seconds)
[1591158556] HOST ALERT: Director_Resident;DOWN;HARD;10;(Host check timed out after 30.01 seconds)
[1591158556] wproc: Core Worker 22692: job 483227 (pid=31821): Dormant child reaped
[1591158598] wproc: Core Worker 22689: job 483230 (pid=31845) timed out. Killing it
[1591158598] wproc: CHECK job 483230 from worker Core Worker 22689 timed out after 30.02s
[1591158598] wproc:   host=Director_Bldg; service=(null);
[1591158598] wproc:   early_timeout=1; exited_ok=0; wait_status=0; error_code=62;
[1591158598] Warning: Check of host 'Director_Bldg' timed out after 30.02 seconds
[1591158598] HOST ALERT: Director_Bldg;DOWN;SOFT;8;(Host check timed out after 30.02 seconds)
[1591158598] wproc: Core Worker 22689: job 483230 (pid=31845): Dormant child reaped
[1591158688] wproc: Core Worker 22692: job 483231 (pid=32019) timed out. Killing it
[1591158688] wproc: CHECK job 483231 from worker Core Worker 22692 timed out after 30.01s
[1591158688] wproc:   host=Director_Bldg; service=(null);
[1591158688] wproc:   early_timeout=1; exited_ok=0; wait_status=0; error_code=62;
[1591158688] Warning: Check of host 'Director_Bldg' timed out after 30.01 seconds
[1591158688] HOST ALERT: Director_Bldg;DOWN;SOFT;9;(Host check timed out after 30.01 seconds)
[1591158688] wproc: Core Worker 22692: job 483231 (pid=32019): Dormant child reaped
[1591158778] wproc: Core Worker 22692: job 483234 (pid=32078) timed out. Killing it
[1591158778] wproc: CHECK job 483234 from worker Core Worker 22692 timed out after 30.01s
[1591158778] wproc:   host=Director_Bldg; service=(null);
[1591158778] wproc:   early_timeout=1; exited_ok=0; wait_status=0; error_code=62;
[1591158778] Warning: Check of host 'Director_Bldg' timed out after 30.01 seconds
[1591158778] HOST NOTIFICATION: nagiosadmin;Director_Bldg;DOWN;notify-host-by-email;(Host check timed out after 30.01 seconds)
[1591158778] HOST ALERT: Director_Bldg;DOWN;HARD;10;(Host check timed out after 30.01 seconds)
[1591158778] wproc: Core Worker 22692: job 483234 (pid=32078): Dormant child reaped
[1591158886] wproc: Core Worker 22690: job 483240 (pid=32142) timed out. Killing it
[1591158886] wproc: CHECK job 483240 from worker Core Worker 22690 timed out after 30.01s
[1591158886] wproc:   host=Director_Resident; service=(null);
[1591158886] wproc:   early_timeout=1; exited_ok=0; wait_status=0; error_code=62;
[1591158886] Warning: Check of host 'Director_Resident' timed out after 30.01 seconds
[1591158886] wproc: Core Worker 22690: job 483240 (pid=32142): Dormant child reaped
[1591159108] wproc: Core Worker 22692: job 483246 (pid=32360) timed out. Killing it
[1591159108] wproc: CHECK job 483246 from worker Core Worker 22692 timed out after 30.03s
[1591159108] wproc:   host=Director_Bldg; service=(null);
[1591159108] wproc:   early_timeout=1; exited_ok=0; wait_status=0; error_code=62;
[1591159108] Warning: Check of host 'Director_Bldg' timed out after 30.03 seconds
[1591159108] wproc: Core Worker 22692: job 483246 (pid=32360): Dormant child reaped
[1591159186] wproc: Core Worker 22690: job 483249 (pid=32388) timed out. Killing it
[1591159186] wproc: CHECK job 483249 from worker Core Worker 22690 timed out after 30.01s
[1591159186] wproc:   host=Director_Resident; service=(null);
[1591159186] wproc:   early_timeout=1; exited_ok=0; wait_status=0; error_code=62;
[1591159186] Warning: Check of host 'Director_Resident' timed out after 30.01 seconds
[1591159186] wproc: Core Worker 22690: job 483249 (pid=32388): Dormant child reaped
[1591159408] wproc: Core Worker 22690: job 483257 (pid=32619) timed out. Killing it
[1591159408] wproc: CHECK job 483257 from worker Core Worker 22690 timed out after 30.02s
[1591159408] wproc:   host=Director_Bldg; service=(null);
[1591159408] wproc:   early_timeout=1; exited_ok=0; wait_status=0; error_code=62;
[1591159408] Warning: Check of host 'Director_Bldg' timed out after 30.02 seconds
[1591159408] wproc: Core Worker 22690: job 483257 (pid=32619): Dormant child reaped
[1591159486] wproc: Core Worker 22690: job 483259 (pid=32643) timed out. Killing it
[1591159486] wproc: CHECK job 483259 from worker Core Worker 22690 timed out after 30.01s
[1591159486] wproc:   host=Director_Resident; service=(null);
[1591159486] wproc:   early_timeout=1; exited_ok=0; wait_status=0; error_code=62;
[1591159486] Warning: Check of host 'Director_Resident' timed out after 30.01 seconds
[1591159486] wproc: Core Worker 22690: job 483259 (pid=32643): Dormant child reaped
[1591159708] wproc: Core Worker 22692: job 483265 (pid=456) timed out. Killing it
[1591159708] wproc: CHECK job 483265 from worker Core Worker 22692 timed out after 30.03s
[1591159708] wproc:   host=Director_Bldg; service=(null);
[1591159708] wproc:   early_timeout=1; exited_ok=0; wait_status=0; error_code=62;
[1591159708] Warning: Check of host 'Director_Bldg' timed out after 30.03 seconds
[1591159708] wproc: Core Worker 22692: job 483265 (pid=456): Dormant child reaped
[1591159786] wproc: Core Worker 22690: job 483268 (pid=488) timed out. Killing it
[1591159786] wproc: CHECK job 483268 from worker Core Worker 22690 timed out after 30.02s
[1591159786] wproc:   host=Director_Resident; service=(null);
[1591159786] wproc:   early_timeout=1; exited_ok=0; wait_status=0; error_code=62;
[1591159786] Warning: Check of host 'Director_Resident' timed out after 30.02 seconds
[1591159786] wproc: Core Worker 22690: job 483268 (pid=488): Dormant child reaped
[1591160008] wproc: Core Worker 22690: job 483276 (pid=733) timed out. Killing it
[1591160008] wproc: CHECK job 483276 from worker Core Worker 22690 timed out after 30.03s
[1591160008] wproc:   host=Director_Bldg; service=(null);
[1591160008] wproc:   early_timeout=1; exited_ok=0; wait_status=0; error_code=62;
[1591160008] Warning: Check of host 'Director_Bldg' timed out after 30.03 seconds
[1591160008] wproc: Core Worker 22690: job 483276 (pid=733): Dormant child reaped
[1591160086] wproc: Core Worker 22690: job 483278 (pid=758) timed out. Killing it
[1591160086] wproc: CHECK job 483278 from worker Core Worker 22690 timed out after 30.03s
[1591160086] wproc:   host=Director_Resident; service=(null);
[1591160086] wproc:   early_timeout=1; exited_ok=0; wait_status=0; error_code=62;
[1591160086] Warning: Check of host 'Director_Resident' timed out after 30.03 seconds
[1591160086] wproc: Core Worker 22690: job 483278 (pid=758): Dormant child reaped
[1591160308] wproc: Core Worker 22692: job 483284 (pid=1047) timed out. Killing it
[1591160308] wproc: CHECK job 483284 from worker Core Worker 22692 timed out after 30.03s
[1591160308] wproc:   host=Director_Bldg; service=(null);
[1591160308] wproc:   early_timeout=1; exited_ok=0; wait_status=0; error_code=62;
[1591160308] Warning: Check of host 'Director_Bldg' timed out after 30.03 seconds
[1591160308] wproc: Core Worker 22692: job 483284 (pid=1047): Dormant child reaped
[1591160386] wproc: Core Worker 22690: job 483287 (pid=1080) timed out. Killing it
[1591160386] wproc: CHECK job 483287 from worker Core Worker 22690 timed out after 30.02s
[1591160386] wproc:   host=Director_Resident; service=(null);
[1591160386] wproc:   early_timeout=1; exited_ok=0; wait_status=0; error_code=62;
[1591160386] Warning: Check of host 'Director_Resident' timed out after 30.02 seconds
[1591160386] HOST NOTIFICATION: nagiosadmin;Director_Resident;DOWN;notify-host-by-email;(Host check timed out after 30.02 seconds)
[1591160386] wproc: Core Worker 22690: job 483287 (pid=1080): Dormant child reaped
[1591160608] wproc: Core Worker 22691: job 483295 (pid=1328) timed out. Killing it
[1591160608] wproc: CHECK job 483295 from worker Core Worker 22691 timed out after 30.01s
[1591160608] wproc:   host=Director_Bldg; service=(null);
[1591160608] wproc:   early_timeout=1; exited_ok=0; wait_status=0; error_code=62;
[1591160608] Warning: Check of host 'Director_Bldg' timed out after 30.01 seconds
[1591160608] HOST NOTIFICATION: nagiosadmin;Director_Bldg;DOWN;notify-host-by-email;(Host check timed out after 30.01 seconds)
[1591160608] wproc: Core Worker 22691: job 483295 (pid=1328): Dormant child reaped
[1591160686] wproc: Core Worker 22692: job 483297 (pid=1360) timed out. Killing it
[1591160686] wproc: CHECK job 483297 from worker Core Worker 22692 timed out after 30.03s
[1591160686] wproc:   host=Director_Resident; service=(null);
[1591160686] wproc:   early_timeout=1; exited_ok=0; wait_status=0; error_code=62;
[1591160686] Warning: Check of host 'Director_Resident' timed out after 30.03 seconds
[1591160686] wproc: Core Worker 22692: job 483297 (pid=1360): Dormant child reaped
[1591160885] Auto-save of retention data completed successfully.
[1591160908] wproc: Core Worker 22690: job 483304 (pid=1583) timed out. Killing it
[1591160908] wproc: CHECK job 483304 from worker Core Worker 22690 timed out after 30.01s
[1591160908] wproc:   host=Director_Bldg; service=(null);
[1591160908] wproc:   early_timeout=1; exited_ok=0; wait_status=0; error_code=62;
[1591160908] Warning: Check of host 'Director_Bldg' timed out after 30.01 seconds
[1591160908] wproc: Core Worker 22690: job 483304 (pid=1583): Dormant child reaped
[1591160986] wproc: Core Worker 22692: job 483306 (pid=1611) timed out. Killing it
[1591160986] wproc: CHECK job 483306 from worker Core Worker 22692 timed out after 30.01s
[1591160986] wproc:   host=Director_Resident; service=(null);
[1591160986] wproc:   early_timeout=1; exited_ok=0; wait_status=0; error_code=62;
[1591160986] Warning: Check of host 'Director_Resident' timed out after 30.01 seconds
[1591160986] wproc: Core Worker 22692: job 483306 (pid=1611): Dormant child reaped
[1591161208] wproc: Core Worker 22692: job 483314 (pid=1847) timed out. Killing it
[1591161208] wproc: CHECK job 483314 from worker Core Worker 22692 timed out after 30.02s
[1591161208] wproc:   host=Director_Bldg; service=(null);
[1591161208] wproc:   early_timeout=1; exited_ok=0; wait_status=0; error_code=62;
[1591161208] Warning: Check of host 'Director_Bldg' timed out after 30.02 seconds
[1591161208] wproc: Core Worker 22692: job 483314 (pid=1847): Dormant child reaped
[1591161286] wproc: Core Worker 22692: job 483316 (pid=1873) timed out. Killing it
[1591161286] wproc: CHECK job 483316 from worker Core Worker 22692 timed out after 30.03s
[1591161286] wproc:   host=Director_Resident; service=(null);
[1591161286] wproc:   early_timeout=1; exited_ok=0; wait_status=0; error_code=62;
[1591161286] Warning: Check of host 'Director_Resident' timed out after 30.03 seconds
[1591161286] wproc: Core Worker 22692: job 483316 (pid=1873): Dormant child reaped
[1591161508] wproc: Core Worker 22690: job 483323 (pid=2092) timed out. Killing it
[1591161508] wproc: CHECK job 483323 from worker Core Worker 22690 timed out after 30.03s
[1591161508] wproc:   host=Director_Bldg; service=(null);
[1591161508] wproc:   early_timeout=1; exited_ok=0; wait_status=0; error_code=62;
[1591161508] Warning: Check of host 'Director_Bldg' timed out after 30.03 seconds
[1591161508] wproc: Core Worker 22690: job 483323 (pid=2092): Dormant child reaped
[1591161586] wproc: Core Worker 22692: job 483325 (pid=2120) timed out. Killing it
[1591161586] wproc: CHECK job 483325 from worker Core Worker 22692 timed out after 30.01s
[1591161586] wproc:   host=Director_Resident; service=(null);
[1591161586] wproc:   early_timeout=1; exited_ok=0; wait_status=0; error_code=62;
[1591161586] Warning: Check of host 'Director_Resident' timed out after 30.01 seconds
[1591161586] wproc: Core Worker 22692: job 483325 (pid=2120): Dormant child reaped
[1591161808] wproc: Core Worker 22692: job 483333 (pid=2350) timed out. Killing it
[1591161808] wproc: CHECK job 483333 from worker Core Worker 22692 timed out after 30.02s
[1591161808] wproc:   host=Director_Bldg; service=(null);
[1591161808] wproc:   early_timeout=1; exited_ok=0; wait_status=0; error_code=62;
[1591161808] Warning: Check of host 'Director_Bldg' timed out after 30.02 seconds
[1591161808] wproc: Core Worker 22692: job 483333 (pid=2350): Dormant child reaped
[1591161886] wproc: Core Worker 22692: job 483335 (pid=2374) timed out. Killing it
[1591161886] wproc: CHECK job 483335 from worker Core Worker 22692 timed out after 30.01s
[1591161886] wproc:   host=Director_Resident; service=(null);
[1591161886] wproc:   early_timeout=1; exited_ok=0; wait_status=0; error_code=62;
[1591161886] Warning: Check of host 'Director_Resident' timed out after 30.01 seconds
[1591161886] wproc: Core Worker 22692: job 483335 (pid=2374): Dormant child reaped
[1591162108] wproc: Core Worker 22690: job 483342 (pid=2595) timed out. Killing it
[1591162108] wproc: CHECK job 483342 from worker Core Worker 22690 timed out after 30.03s
[1591162108] wproc:   host=Director_Bldg; service=(null);
[1591162108] wproc:   early_timeout=1; exited_ok=0; wait_status=0; error_code=62;
[1591162108] Warning: Check of host 'Director_Bldg' timed out after 30.03 seconds
[1591162108] wproc: Core Worker 22690: job 483342 (pid=2595): Dormant child reaped
[1591162161] HOST NOTIFICATION: nagiosadmin;Director_Resident;UP;notify-host-by-email;PING OK - Packet loss = 20%, RTA = 0.68 ms
[1591162161] HOST ALERT: Director_Resident;UP;HARD;1;PING OK - Packet loss = 20%, RTA = 0.68 ms
[1591162382] HOST NOTIFICATION: nagiosadmin;Director_Bldg;UP;notify-host-by-email;PING OK - Packet loss = 0%, RTA = 0.56 ms
[1591162382] HOST ALERT: Director_Bldg;UP;HARD;1;PING OK - Packet loss = 0%, RTA = 0.56 ms
[1591162639] SERVICE ALERT: Director_Resident;check-host-alive;OK;HARD;3;PING OK - Packet loss = 0%, RTA = 1.05 ms
[1591162746] SERVICE ALERT: Director_Bldg;check-host-alive;OK;SOFT;1;PING OK - Packet loss = 0%, RTA = 0.64 ms
[1591164485] Auto-save of retention data completed successfully.
[1591167586] wproc: Core Worker 22690: job 483516 (pid=7253) timed out. Killing it
[1591167586] wproc: CHECK job 483516 from worker Core Worker 22690 timed out after 30.03s
[1591167586] wproc:   host=Director_Resident; service=(null);
[1591167586] wproc:   early_timeout=1; exited_ok=0; wait_status=0; error_code=62;
[1591167586] Warning: Check of host 'Director_Resident' timed out after 30.03 seconds
[1591167586] HOST ALERT: Director_Resident;DOWN;SOFT;1;(Host check timed out after 30.03 seconds)
[1591167586] wproc: Core Worker 22690: job 483516 (pid=7253): Dormant child reaped
[1591167676] wproc: Core Worker 22690: job 483518 (pid=7428) timed out. Killing it
[1591167676] wproc: CHECK job 483518 from worker Core Worker 22690 timed out after 30.02s
[1591167676] wproc:   host=Director_Resident; service=(null);
[1591167676] wproc:   early_timeout=1; exited_ok=0; wait_status=0; error_code=62;
[1591167676] Warning: Check of host 'Director_Resident' timed out after 30.02 seconds
[1591167676] HOST ALERT: Director_Resident;DOWN;SOFT;2;(Host check timed out after 30.02 seconds)
[1591167676] wproc: Core Worker 22690: job 483518 (pid=7428): Dormant child reaped
[1591167766] wproc: Core Worker 22689: job 483521 (pid=7456) timed out. Killing it
[1591167766] wproc: CHECK job 483521 from worker Core Worker 22689 timed out after 30.01s
[1591167766] wproc:   host=Director_Resident; service=(null);
[1591167766] wproc:   early_timeout=1; exited_ok=0; wait_status=0; error_code=62;
[1591167766] Warning: Check of host 'Director_Resident' timed out after 30.01 seconds
[1591167766] HOST ALERT: Director_Resident;DOWN;SOFT;3;(Host check timed out after 30.01 seconds)
[1591167766] wproc: Core Worker 22689: job 483521 (pid=7456): Dormant child reaped
[1591167808] wproc: Core Worker 22692: job 483524 (pid=7492) timed out. Killing it
[1591167808] wproc: CHECK job 483524 from worker Core Worker 22692 timed out after 30.01s
[1591167808] wproc:   host=Director_Bldg; service=(null);
[1591167808] wproc:   early_timeout=1; exited_ok=0; wait_status=0; error_code=62;
[1591167808] Warning: Check of host 'Director_Bldg' timed out after 30.01 seconds
[1591167808] HOST ALERT: Director_Bldg;DOWN;SOFT;1;(Host check timed out after 30.01 seconds)
[1591167808] wproc: Core Worker 22692: job 483524 (pid=7492): Dormant child reaped
[1591167856] wproc: Core Worker 22691: job 483525 (pid=7513) timed out. Killing it
[1591167856] wproc: CHECK job 483525 from worker Core Worker 22691 timed out after 30.01s
[1591167856] wproc:   host=Director_Resident; service=(null);
[1591167856] wproc:   early_timeout=1; exited_ok=0; wait_status=0; error_code=62;
[1591167856] Warning: Check of host 'Director_Resident' timed out after 30.01 seconds
[1591167856] HOST ALERT: Director_Resident;DOWN;SOFT;4;(Host check timed out after 30.01 seconds)
[1591167856] wproc: Core Worker 22691: job 483525 (pid=7513): Dormant child reaped
[1591167898] wproc: Core Worker 22690: job 483527 (pid=7527) timed out. Killing it
[1591167898] wproc: CHECK job 483527 from worker Core Worker 22690 timed out after 30.02s
[1591167898] wproc:   host=Director_Bldg; service=(null);
[1591167898] wproc:   early_timeout=1; exited_ok=0; wait_status=0; error_code=62;
[1591167898] Warning: Check of host 'Director_Bldg' timed out after 30.02 seconds
[1591167898] HOST ALERT: Director_Bldg;DOWN;SOFT;2;(Host check timed out after 30.02 seconds)
[1591167898] wproc: Core Worker 22690: job 483527 (pid=7527): Dormant child reaped
[1591167921] HOST ALERT: Director_Resident;UP;SOFT;1;PING OK - Packet loss = 20%, RTA = 0.74 ms
[1591167962] HOST ALERT: Director_Bldg;UP;SOFT;1;PING OK - Packet loss = 0%, RTA = 0.54 ms
[1591168085] Auto-save of retention data completed successfully.
[1591171588] wproc: Core Worker 22692: job 483642 (pid=10850) timed out. Killing it
[1591171588] wproc: CHECK job 483642 from worker Core Worker 22692 timed out after 30.01s
[1591171588] wproc:   host=Director_Bldg; service=(null);
[1591171588] wproc:   early_timeout=1; exited_ok=0; wait_status=0; error_code=62;
[1591171588] Warning: Check of host 'Director_Bldg' timed out after 30.01 seconds
[1591171588] HOST ALERT: Director_Bldg;DOWN;SOFT;1;(Host check timed out after 30.01 seconds)
[1591171589] wproc: Core Worker 22692: job 483642 (pid=10850): Dormant child reaped
[1591171670] SERVICE ALERT: Director_Resident;check-host-alive;CRITICAL;SOFT;1;CRITICAL - Plugin timed out
[1591171678] wproc: Core Worker 22692: job 483644 (pid=10874) timed out. Killing it
[1591171678] wproc: CHECK job 483644 from worker Core Worker 22692 timed out after 30.01s
[1591171678] wproc:   host=Director_Bldg; service=(null);
[1591171678] wproc:   early_timeout=1; exited_ok=0; wait_status=0; error_code=62;
[1591171678] Warning: Check of host 'Director_Bldg' timed out after 30.01 seconds
[1591171678] HOST ALERT: Director_Bldg;DOWN;SOFT;2;(Host check timed out after 30.01 seconds)
[1591171679] wproc: Core Worker 22692: job 483644 (pid=10874): Dormant child reaped
[1591171685] Auto-save of retention data completed successfully.
[1591171700] wproc: Core Worker 22689: job 483648 (pid=10906) timed out. Killing it
[1591171700] wproc: CHECK job 483648 from worker Core Worker 22689 timed out after 30.03s
[1591171700] wproc:   host=Director_Resident; service=(null);
[1591171700] wproc:   early_timeout=1; exited_ok=0; wait_status=0; error_code=62;
[1591171700] Warning: Check of host 'Director_Resident' timed out after 30.03 seconds
[1591171700] HOST ALERT: Director_Resident;DOWN;SOFT;1;(Host check timed out after 30.03 seconds)
[1591171701] wproc: Core Worker 22689: job 483648 (pid=10906): Dormant child reaped
[1591171768] wproc: Core Worker 22692: job 483649 (pid=10928) timed out. Killing it
[1591171768] wproc: CHECK job 483649 from worker Core Worker 22692 timed out after 30.00s
[1591171768] wproc:   host=Director_Bldg; service=(null);
[1591171768] wproc:   early_timeout=1; exited_ok=0; wait_status=0; error_code=62;
[1591171768] Warning: Check of host 'Director_Bldg' timed out after 30.00 seconds
[1591171768] HOST ALERT: Director_Bldg;DOWN;SOFT;3;(Host check timed out after 30.00 seconds)
[1591171769] wproc: Core Worker 22692: job 483649 (pid=10928): Dormant child reaped
[1591171773] SERVICE ALERT: Director_Bldg;check-host-alive;CRITICAL;HARD;1;CRITICAL - Plugin timed out
[1591171791] wproc: Core Worker 22690: job 483651 (pid=10940) timed out. Killing it
[1591171791] wproc: CHECK job 483651 from worker Core Worker 22690 timed out after 30.03s
[1591171791] wproc:   host=Director_Resident; service=(null);
[1591171791] wproc:   early_timeout=1; exited_ok=0; wait_status=0; error_code=62;
[1591171791] Warning: Check of host 'Director_Resident' timed out after 30.03 seconds
[1591171791] HOST ALERT: Director_Resident;DOWN;SOFT;2;(Host check timed out after 30.03 seconds)
[1591171791] wproc: Core Worker 22690: job 483651 (pid=10940): Dormant child reaped
[1591171821] SERVICE ALERT: Director_Resident;check-host-alive;CRITICAL;HARD;3;CRITICAL - Plugin timed out
[1591171858] wproc: Core Worker 22689: job 483653 (pid=11103) timed out. Killing it
[1591171858] wproc: CHECK job 483653 from worker Core Worker 22689 timed out after 30.00s
[1591171858] wproc:   host=Director_Bldg; service=(null);
[1591171858] wproc:   early_timeout=1; exited_ok=0; wait_status=0; error_code=62;
[1591171858] Warning: Check of host 'Director_Bldg' timed out after 30.00 seconds
[1591171858] HOST ALERT: Director_Bldg;DOWN;SOFT;4;(Host check timed out after 30.00 seconds)
[1591171859] wproc: Core Worker 22689: job 483653 (pid=11103): Dormant child reaped
[1591171881] wproc: Core Worker 22691: job 483653 (pid=11116) timed out. Killing it
[1591171881] wproc: CHECK job 483653 from worker Core Worker 22691 timed out after 30.02s
[1591171881] wproc:   host=Director_Resident; service=(null);
[1591171881] wproc:   early_timeout=1; exited_ok=0; wait_status=0; error_code=62;
[1591171881] Warning: Check of host 'Director_Resident' timed out after 30.02 seconds
[1591171881] HOST ALERT: Director_Resident;DOWN;SOFT;3;(Host check timed out after 30.02 seconds)
[1591171881] wproc: Core Worker 22691: job 483653 (pid=11116): Dormant child reaped
[1591171948] wproc: Core Worker 22690: job 483656 (pid=11143) timed out. Killing it
[1591171948] wproc: CHECK job 483656 from worker Core Worker 22690 timed out after 30.03s
[1591171948] wproc:   host=Director_Bldg; service=(null);
[1591171948] wproc:   early_timeout=1; exited_ok=0; wait_status=0; error_code=62;
[1591171948] Warning: Check of host 'Director_Bldg' timed out after 30.03 seconds
[1591171948] HOST ALERT: Director_Bldg;DOWN;SOFT;5;(Host check timed out after 30.03 seconds)
[1591171949] wproc: Core Worker 22690: job 483656 (pid=11143): Dormant child reaped
[1591171971] wproc: Core Worker 22691: job 483656 (pid=11145) timed out. Killing it
[1591171971] wproc: CHECK job 483656 from worker Core Worker 22691 timed out after 30.01s
[1591171971] wproc:   host=Director_Resident; service=(null);
[1591171971] wproc:   early_timeout=1; exited_ok=0; wait_status=0; error_code=62;
[1591171971] Warning: Check of host 'Director_Resident' timed out after 30.01 seconds
[1591171971] HOST ALERT: Director_Resident;DOWN;SOFT;4;(Host check timed out after 30.01 seconds)
[1591171971] wproc: Core Worker 22691: job 483656 (pid=11145): Dormant child reaped
[1591172012] HOST ALERT: Director_Bldg;UP;SOFT;1;PING OK - Packet loss = 0%, RTA = 0.58 ms
[1591172036] HOST ALERT: Director_Resident;UP;SOFT;1;PING OK - Packet loss = 20%, RTA = 0.83 ms
[1591172346] SERVICE ALERT: Director_Bldg;check-host-alive;OK;SOFT;1;PING OK - Packet loss = 0%, RTA = 0.64 ms
[1591172394] SERVICE ALERT: Director_Resident;check-host-alive;OK;HARD;3;PING OK - Packet loss = 0%, RTA = 1.13 ms
[1591173538] wproc: Core Worker 22690: job 483707 (pid=12462) timed out. Killing it
[1591173538] wproc: CHECK job 483707 from worker Core Worker 22690 timed out after 30.02s
[1591173538] wproc:   host=Director_Bldg; service=(null);
[1591173538] wproc:   early_timeout=1; exited_ok=0; wait_status=0; error_code=62;
[1591173538] Warning: Check of host 'Director_Bldg' timed out after 30.02 seconds
[1591173538] HOST ALERT: Director_Bldg;DOWN;SOFT;1;(Host check timed out after 30.02 seconds)
[1591173539] wproc: Core Worker 22690: job 483707 (pid=12462): Dormant child reaped
[1591173561] wproc: Core Worker 22691: job 483707 (pid=12472) timed out. Killing it
[1591173561] wproc: CHECK job 483707 from worker Core Worker 22691 timed out after 30.01s
[1591173561] wproc:   host=Director_Resident; service=(null);
[1591173561] wproc:   early_timeout=1; exited_ok=0; wait_status=0; error_code=62;
[1591173561] Warning: Check of host 'Director_Resident' timed out after 30.01 seconds
[1591173561] HOST ALERT: Director_Resident;DOWN;SOFT;1;(Host check timed out after 30.01 seconds)
[1591173561] wproc: Core Worker 22691: job 483707 (pid=12472): Dormant child reaped
[1591173573] SERVICE FLAPPING ALERT: Director_Bldg;check-host-alive;STARTED; Service appears to have started flapping (22.0% change >= 20.0% threshold)
[1591173573] SERVICE ALERT: Director_Bldg;check-host-alive;CRITICAL;HARD;1;CRITICAL - Plugin timed out
[1591173602] HOST FLAPPING ALERT: Director_Bldg;STARTED; Host appears to have started flapping (21.6% change > 20.0% threshold)
[1591173602] HOST ALERT: Director_Bldg;UP;SOFT;1;PING OK - Packet loss = 0%, RTA = 2.90 ms
[1591173603] HOST FLAPPING ALERT: Director_Resident;STARTED; Host appears to have started flapping (21.7% change > 20.0% threshold)
[1591173603] HOST ALERT: Director_Resident;UP;SOFT;1;PING OK - Packet loss = 0%, RTA = 0.68 ms
[1591174146] SERVICE ALERT: Director_Bldg;check-host-alive;OK;SOFT;1;PING OK - Packet loss = 0%, RTA = 0.75 ms
[1591175285] Auto-save of retention data completed successfully.
[1591177202] HOST FLAPPING ALERT: Director_Bldg;STOPPED; Host appears to have stopped flapping (3.9% change < 5.0% threshold)
[1591177203] HOST FLAPPING ALERT: Director_Resident;STOPPED; Host appears to have stopped flapping (3.9% change < 5.0% threshold)
[1591178885] Auto-save of retention data completed successfully.
[1591180528] wproc: Core Worker 22689: job 483929 (pid=18362) timed out. Killing it
[1591180528] wproc: CHECK job 483929 from worker Core Worker 22689 timed out after 30.02s
[1591180528] wproc:   host=Director_Bldg; service=(null);
[1591180528] wproc:   early_timeout=1; exited_ok=0; wait_status=0; error_code=62;
[1591180528] Warning: Check of host 'Director_Bldg' timed out after 30.02 seconds
[1591180528] HOST ALERT: Director_Bldg;DOWN;SOFT;1;(Host check timed out after 30.02 seconds)
[1591180528] wproc: Core Worker 22689: job 483929 (pid=18362): Dormant child reaped
[1591180529] wproc: Core Worker 22690: job 483929 (pid=18364) timed out. Killing it
[1591180529] wproc: CHECK job 483929 from worker Core Worker 22690 timed out after 30.00s
[1591180529] wproc:   host=Director_Resident; service=(null);
[1591180529] wproc:   early_timeout=1; exited_ok=0; wait_status=0; error_code=62;
[1591180529] Warning: Check of host 'Director_Resident' timed out after 30.00 seconds
[1591180529] HOST ALERT: Director_Resident;DOWN;SOFT;1;(Host check timed out after 30.00 seconds)
[1591180529] wproc: Core Worker 22690: job 483929 (pid=18364): Dormant child reaped
[1591180618] wproc: Core Worker 22690: job 483931 (pid=18522) timed out. Killing it
[1591180618] wproc: CHECK job 483931 from worker Core Worker 22690 timed out after 30.00s
[1591180618] wproc:   host=Director_Bldg; service=(null);
[1591180618] wproc:   early_timeout=1; exited_ok=0; wait_status=0; error_code=62;
[1591180618] Warning: Check of host 'Director_Bldg' timed out after 30.00 seconds
[1591180618] HOST ALERT: Director_Bldg;DOWN;SOFT;2;(Host check timed out after 30.00 seconds)
[1591180618] wproc: Core Worker 22690: job 483931 (pid=18522): Dormant child reaped
[1591180619] wproc: Core Worker 22691: job 483931 (pid=18524) timed out. Killing it
[1591180619] wproc: CHECK job 483931 from worker Core Worker 22691 timed out after 30.03s
[1591180619] wproc:   host=Director_Resident; service=(null);
[1591180619] wproc:   early_timeout=1; exited_ok=0; wait_status=0; error_code=62;
[1591180619] Warning: Check of host 'Director_Resident' timed out after 30.03 seconds
[1591180619] HOST ALERT: Director_Resident;DOWN;SOFT;2;(Host check timed out after 30.03 seconds)
[1591180619] wproc: Core Worker 22691: job 483931 (pid=18524): Dormant child reaped
[1591180708] wproc: Core Worker 22690: job 483935 (pid=18568) timed out. Killing it
[1591180708] wproc: CHECK job 483935 from worker Core Worker 22690 timed out after 30.01s
[1591180708] wproc:   host=Director_Bldg; service=(null);
[1591180708] wproc:   early_timeout=1; exited_ok=0; wait_status=0; error_code=62;
[1591180708] Warning: Check of host 'Director_Bldg' timed out after 30.01 seconds
[1591180708] HOST ALERT: Director_Bldg;DOWN;SOFT;3;(Host check timed out after 30.01 seconds)
[1591180708] wproc: Core Worker 22690: job 483935 (pid=18568): Dormant child reaped
[1591180709] wproc: Core Worker 22692: job 483935 (pid=18572) timed out. Killing it
[1591180709] wproc: CHECK job 483935 from worker Core Worker 22692 timed out after 30.03s
[1591180709] wproc:   host=Director_Resident; service=(null);
[1591180709] wproc:   early_timeout=1; exited_ok=0; wait_status=0; error_code=62;
[1591180709] Warning: Check of host 'Director_Resident' timed out after 30.03 seconds
[1591180709] HOST ALERT: Director_Resident;DOWN;SOFT;3;(Host check timed out after 30.03 seconds)
[1591180709] wproc: Core Worker 22692: job 483935 (pid=18572): Dormant child reaped
[1591180773] SERVICE ALERT: Director_Bldg;check-host-alive;CRITICAL;HARD;1;CRITICAL - Plugin timed out
[1591180798] wproc: Core Worker 22691: job 483938 (pid=18602) timed out. Killing it
[1591180798] wproc: CHECK job 483938 from worker Core Worker 22691 timed out after 30.01s
[1591180798] wproc:   host=Director_Bldg; service=(null);
[1591180798] wproc:   early_timeout=1; exited_ok=0; wait_status=0; error_code=62;
[1591180798] Warning: Check of host 'Director_Bldg' timed out after 30.01 seconds
[1591180798] HOST ALERT: Director_Bldg;DOWN;SOFT;4;(Host check timed out after 30.01 seconds)
[1591180798] wproc: Core Worker 22691: job 483938 (pid=18602): Dormant child reaped
[1591180799] wproc: Core Worker 22692: job 483938 (pid=18604) timed out. Killing it
[1591180799] wproc: CHECK job 483938 from worker Core Worker 22692 timed out after 30.01s
[1591180799] wproc:   host=Director_Resident; service=(null);
[1591180799] wproc:   early_timeout=1; exited_ok=0; wait_status=0; error_code=62;
[1591180799] Warning: Check of host 'Director_Resident' timed out after 30.01 seconds
[1591180799] HOST ALERT: Director_Resident;DOWN;SOFT;4;(Host check timed out after 30.01 seconds)
[1591180799] wproc: Core Worker 22692: job 483938 (pid=18604): Dormant child reaped
[1591180824] SERVICE ALERT: Director_Resident;check-host-alive;CRITICAL;HARD;1;CRITICAL - Plugin timed out
[1591180888] wproc: Core Worker 22692: job 483940 (pid=18777) timed out. Killing it
[1591180888] wproc: CHECK job 483940 from worker Core Worker 22692 timed out after 30.01s
[1591180888] wproc:   host=Director_Bldg; service=(null);
[1591180888] wproc:   early_timeout=1; exited_ok=0; wait_status=0; error_code=62;
[1591180888] Warning: Check of host 'Director_Bldg' timed out after 30.01 seconds
[1591180888] HOST ALERT: Director_Bldg;DOWN;SOFT;5;(Host check timed out after 30.01 seconds)
[1591180888] wproc: Core Worker 22692: job 483940 (pid=18777): Dormant child reaped
[1591180889] wproc: Core Worker 22692: job 483941 (pid=18785) timed out. Killing it
[1591180889] wproc: CHECK job 483941 from worker Core Worker 22692 timed out after 30.01s
[1591180889] wproc:   host=Director_Resident; service=(null);
[1591180889] wproc:   early_timeout=1; exited_ok=0; wait_status=0; error_code=62;
[1591180889] Warning: Check of host 'Director_Resident' timed out after 30.01 seconds
[1591180889] HOST ALERT: Director_Resident;DOWN;SOFT;5;(Host check timed out after 30.01 seconds)
[1591180889] wproc: Core Worker 22692: job 483941 (pid=18785): Dormant child reaped
[1591180978] wproc: Core Worker 22689: job 483944 (pid=18809) timed out. Killing it
[1591180978] wproc: CHECK job 483944 from worker Core Worker 22689 timed out after 30.01s
[1591180978] wproc:   host=Director_Bldg; service=(null);
[1591180978] wproc:   early_timeout=1; exited_ok=0; wait_status=0; error_code=62;
[1591180978] Warning: Check of host 'Director_Bldg' timed out after 30.01 seconds
[1591180978] HOST ALERT: Director_Bldg;DOWN;SOFT;6;(Host check timed out after 30.01 seconds)
[1591180978] wproc: Core Worker 22689: job 483944 (pid=18809): Dormant child reaped
[1591180979] wproc: Core Worker 22690: job 483944 (pid=18811) timed out. Killing it
[1591180979] wproc: CHECK job 483944 from worker Core Worker 22690 timed out after 30.01s
[1591180979] wproc:   host=Director_Resident; service=(null);
[1591180979] wproc:   early_timeout=1; exited_ok=0; wait_status=0; error_code=62;
[1591180979] Warning: Check of host 'Director_Resident' timed out after 30.01 seconds
[1591180979] HOST ALERT: Director_Resident;DOWN;SOFT;6;(Host check timed out after 30.01 seconds)
[1591180979] wproc: Core Worker 22690: job 483944 (pid=18811): Dormant child reaped
[1591181068] wproc: Core Worker 22692: job 483948 (pid=18861) timed out. Killing it
[1591181068] wproc: CHECK job 483948 from worker Core Worker 22692 timed out after 30.02s
[1591181068] wproc:   host=Director_Bldg; service=(null);
[1591181068] wproc:   early_timeout=1; exited_ok=0; wait_status=0; error_code=62;
[1591181068] Warning: Check of host 'Director_Bldg' timed out after 30.02 seconds
[1591181068] HOST ALERT: Director_Bldg;DOWN;SOFT;7;(Host check timed out after 30.02 seconds)
[1591181068] wproc: Core Worker 22692: job 483948 (pid=18861): Dormant child reaped
[1591181069] wproc: Core Worker 22689: job 483949 (pid=18863) timed out. Killing it
[1591181069] wproc: CHECK job 483949 from worker Core Worker 22689 timed out after 30.01s
[1591181069] wproc:   host=Director_Resident; service=(null);
[1591181069] wproc:   early_timeout=1; exited_ok=0; wait_status=0; error_code=62;
[1591181069] Warning: Check of host 'Director_Resident' timed out after 30.01 seconds
[1591181069] HOST ALERT: Director_Resident;DOWN;SOFT;7;(Host check timed out after 30.01 seconds)
[1591181069] wproc: Core Worker 22689: job 483949 (pid=18863): Dormant child reaped
[1591181158] wproc: Core Worker 22691: job 483950 (pid=19020) timed out. Killing it
[1591181158] wproc: CHECK job 483950 from worker Core Worker 22691 timed out after 30.01s
[1591181158] wproc:   host=Director_Bldg; service=(null);
[1591181158] wproc:   early_timeout=1; exited_ok=0; wait_status=0; error_code=62;
[1591181158] Warning: Check of host 'Director_Bldg' timed out after 30.01 seconds
[1591181158] HOST ALERT: Director_Bldg;DOWN;SOFT;8;(Host check timed out after 30.01 seconds)
[1591181158] wproc: Core Worker 22691: job 483950 (pid=19020): Dormant child reaped
[1591181159] wproc: Core Worker 22692: job 483950 (pid=19022) timed out. Killing it
[1591181159] wproc: CHECK job 483950 from worker Core Worker 22692 timed out after 30.00s
[1591181159] wproc:   host=Director_Resident; service=(null);
[1591181159] wproc:   early_timeout=1; exited_ok=0; wait_status=0; error_code=62;
[1591181159] Warning: Check of host 'Director_Resident' timed out after 30.00 seconds
[1591181159] HOST ALERT: Director_Resident;DOWN;SOFT;8;(Host check timed out after 30.00 seconds)
[1591181159] wproc: Core Worker 22692: job 483950 (pid=19022): Dormant child reaped
[1591181248] wproc: Core Worker 22689: job 483953 (pid=19055) timed out. Killing it
[1591181248] wproc: CHECK job 483953 from worker Core Worker 22689 timed out after 30.03s
[1591181248] wproc:   host=Director_Bldg; service=(null);
[1591181248] wproc:   early_timeout=1; exited_ok=0; wait_status=0; error_code=62;
[1591181248] Warning: Check of host 'Director_Bldg' timed out after 30.03 seconds
[1591181248] HOST ALERT: Director_Bldg;DOWN;SOFT;9;(Host check timed out after 30.03 seconds)
[1591181248] wproc: Core Worker 22689: job 483953 (pid=19055): Dormant child reaped
[1591181249] wproc: Core Worker 22690: job 483953 (pid=19057) timed out. Killing it
[1591181249] wproc: CHECK job 483953 from worker Core Worker 22690 timed out after 30.01s
[1591181249] wproc:   host=Director_Resident; service=(null);
[1591181249] wproc:   early_timeout=1; exited_ok=0; wait_status=0; error_code=62;
[1591181249] Warning: Check of host 'Director_Resident' timed out after 30.01 seconds
[1591181249] HOST ALERT: Director_Resident;DOWN;SOFT;9;(Host check timed out after 30.01 seconds)
[1591181249] wproc: Core Worker 22690: job 483953 (pid=19057): Dormant child reaped
[1591181338] wproc: Core Worker 22691: job 483957 (pid=19099) timed out. Killing it
[1591181338] wproc: CHECK job 483957 from worker Core Worker 22691 timed out after 30.01s
[1591181338] wproc:   host=Director_Bldg; service=(null);
[1591181338] wproc:   early_timeout=1; exited_ok=0; wait_status=0; error_code=62;
[1591181338] Warning: Check of host 'Director_Bldg' timed out after 30.01 seconds
[1591181338] HOST NOTIFICATION: nagiosadmin;Director_Bldg;DOWN;notify-host-by-email;(Host check timed out after 30.01 seconds)
[1591181338] HOST ALERT: Director_Bldg;DOWN;HARD;10;(Host check timed out after 30.01 seconds)
[1591181338] wproc: Core Worker 22691: job 483957 (pid=19099): Dormant child reaped
[1591181339] wproc: Core Worker 22689: job 483958 (pid=19103) timed out. Killing it
[1591181339] wproc: CHECK job 483958 from worker Core Worker 22689 timed out after 30.01s
[1591181339] wproc:   host=Director_Resident; service=(null);
[1591181339] wproc:   early_timeout=1; exited_ok=0; wait_status=0; error_code=62;
[1591181339] Warning: Check of host 'Director_Resident' timed out after 30.01 seconds
[1591181339] HOST NOTIFICATION: nagiosadmin;Director_Resident;DOWN;notify-host-by-email;(Host check timed out after 30.01 seconds)
[1591181339] HOST ALERT: Director_Resident;DOWN;HARD;10;(Host check timed out after 30.01 seconds)
[1591181339] wproc: Core Worker 22689: job 483958 (pid=19103): Dormant child reaped
[1591181668] wproc: Core Worker 22690: job 483969 (pid=19388) timed out. Killing it
[1591181668] wproc: CHECK job 483969 from worker Core Worker 22690 timed out after 30.01s
[1591181668] wproc:   host=Director_Bldg; service=(null);
[1591181668] wproc:   early_timeout=1; exited_ok=0; wait_status=0; error_code=62;
[1591181668] Warning: Check of host 'Director_Bldg' timed out after 30.01 seconds
[1591181668] wproc: Core Worker 22690: job 483969 (pid=19388): Dormant child reaped
[1591181669] wproc: Core Worker 22691: job 483969 (pid=19390) timed out. Killing it
[1591181669] wproc: CHECK job 483969 from worker Core Worker 22691 timed out after 30.01s
[1591181669] wproc:   host=Director_Resident; service=(null);
[1591181669] wproc:   early_timeout=1; exited_ok=0; wait_status=0; error_code=62;
[1591181669] Warning: Check of host 'Director_Resident' timed out after 30.01 seconds
[1591181669] wproc: Core Worker 22691: job 483969 (pid=19390): Dormant child reaped
[1591181968] wproc: Core Worker 22692: job 483977 (pid=19631) timed out. Killing it
[1591181968] wproc: CHECK job 483977 from worker Core Worker 22692 timed out after 30.01s
[1591181968] wproc:   host=Director_Bldg; service=(null);
[1591181968] wproc:   early_timeout=1; exited_ok=0; wait_status=0; error_code=62;
[1591181968] Warning: Check of host 'Director_Bldg' timed out after 30.01 seconds
[1591181968] wproc: Core Worker 22692: job 483977 (pid=19631): Dormant child reaped
[1591181969] wproc: Core Worker 22689: job 483978 (pid=19633) timed out. Killing it
[1591181969] wproc: CHECK job 483978 from worker Core Worker 22689 timed out after 30.02s
[1591181969] wproc:   host=Director_Resident; service=(null);
[1591181969] wproc:   early_timeout=1; exited_ok=0; wait_status=0; error_code=62;
[1591181969] Warning: Check of host 'Director_Resident' timed out after 30.02 seconds
[1591181969] wproc: Core Worker 22689: job 483978 (pid=19633): Dormant child reaped
[1591182268] wproc: Core Worker 22690: job 483988 (pid=19898) timed out. Killing it
[1591182268] wproc: CHECK job 483988 from worker Core Worker 22690 timed out after 30.01s
[1591182268] wproc:   host=Director_Bldg; service=(null);
[1591182268] wproc:   early_timeout=1; exited_ok=0; wait_status=0; error_code=62;
[1591182268] Warning: Check of host 'Director_Bldg' timed out after 30.01 seconds
[1591182268] wproc: Core Worker 22690: job 483988 (pid=19898): Dormant child reaped
[1591182269] wproc: Core Worker 22691: job 483988 (pid=19900) timed out. Killing it
[1591182269] wproc: CHECK job 483988 from worker Core Worker 22691 timed out after 30.01s
[1591182269] wproc:   host=Director_Resident; service=(null);
[1591182269] wproc:   early_timeout=1; exited_ok=0; wait_status=0; error_code=62;
[1591182269] Warning: Check of host 'Director_Resident' timed out after 30.01 seconds
[1591182269] wproc: Core Worker 22691: job 483988 (pid=19900): Dormant child reaped
[1591182485] Auto-save of retention data completed successfully.
[1591182568] wproc: Core Worker 22692: job 483996 (pid=20142) timed out. Killing it
[1591182568] wproc: CHECK job 483996 from worker Core Worker 22692 timed out after 30.02s
[1591182568] wproc:   host=Director_Bldg; service=(null);
[1591182568] wproc:   early_timeout=1; exited_ok=0; wait_status=0; error_code=62;
[1591182568] Warning: Check of host 'Director_Bldg' timed out after 30.02 seconds
[1591182568] wproc: Core Worker 22692: job 483996 (pid=20142): Dormant child reaped
[1591182569] wproc: Core Worker 22689: job 483997 (pid=20144) timed out. Killing it
[1591182569] wproc: CHECK job 483997 from worker Core Worker 22689 timed out after 30.02s
[1591182569] wproc:   host=Director_Resident; service=(null);
[1591182569] wproc:   early_timeout=1; exited_ok=0; wait_status=0; error_code=62;
[1591182569] Warning: Check of host 'Director_Resident' timed out after 30.02 seconds
[1591182569] wproc: Core Worker 22689: job 483997 (pid=20144): Dormant child reaped
[1591182868] wproc: Core Worker 22690: job 484007 (pid=20402) timed out. Killing it
[1591182868] wproc: CHECK job 484007 from worker Core Worker 22690 timed out after 30.01s
[1591182868] wproc:   host=Director_Bldg; service=(null);
[1591182868] wproc:   early_timeout=1; exited_ok=0; wait_status=0; error_code=62;
[1591182868] Warning: Check of host 'Director_Bldg' timed out after 30.01 seconds
[1591182868] wproc: Core Worker 22690: job 484007 (pid=20402): Dormant child reaped
[1591182869] wproc: Core Worker 22691: job 484007 (pid=20404) timed out. Killing it
[1591182869] wproc: CHECK job 484007 from worker Core Worker 22691 timed out after 30.01s
[1591182869] wproc:   host=Director_Resident; service=(null);
[1591182869] wproc:   early_timeout=1; exited_ok=0; wait_status=0; error_code=62;
[1591182869] Warning: Check of host 'Director_Resident' timed out after 30.01 seconds
[1591182869] wproc: Core Worker 22691: job 484007 (pid=20404): Dormant child reaped
[1591183168] wproc: Core Worker 22692: job 484015 (pid=20647) timed out. Killing it
[1591183168] wproc: CHECK job 484015 from worker Core Worker 22692 timed out after 30.02s
[1591183168] wproc:   host=Director_Bldg; service=(null);
[1591183168] wproc:   early_timeout=1; exited_ok=0; wait_status=0; error_code=62;
[1591183168] Warning: Check of host 'Director_Bldg' timed out after 30.02 seconds
[1591183168] HOST NOTIFICATION: nagiosadmin;Director_Bldg;DOWN;notify-host-by-email;(Host check timed out after 30.02 seconds)
[1591183168] wproc: Core Worker 22692: job 484015 (pid=20647): Dormant child reaped
[1591183169] wproc: Core Worker 22689: job 484016 (pid=20649) timed out. Killing it
[1591183169] wproc: CHECK job 484016 from worker Core Worker 22689 timed out after 30.01s
[1591183169] wproc:   host=Director_Resident; service=(null);
[1591183169] wproc:   early_timeout=1; exited_ok=0; wait_status=0; error_code=62;
[1591183169] Warning: Check of host 'Director_Resident' timed out after 30.01 seconds
[1591183169] HOST NOTIFICATION: nagiosadmin;Director_Resident;DOWN;notify-host-by-email;(Host check timed out after 30.01 seconds)
[1591183169] wproc: Core Worker 22689: job 484016 (pid=20649): Dormant child reaped
[1591183468] wproc: Core Worker 22692: job 484026 (pid=20918) timed out. Killing it
[1591183468] wproc: CHECK job 484026 from worker Core Worker 22692 timed out after 30.02s
[1591183468] wproc:   host=Director_Bldg; service=(null);
[1591183468] wproc:   early_timeout=1; exited_ok=0; wait_status=0; error_code=62;
[1591183468] Warning: Check of host 'Director_Bldg' timed out after 30.02 seconds
[1591183468] wproc: Core Worker 22692: job 484026 (pid=20918): Dormant child reaped
[1591183469] wproc: Core Worker 22689: job 484027 (pid=20920) timed out. Killing it
[1591183469] wproc: CHECK job 484027 from worker Core Worker 22689 timed out after 30.01s
[1591183469] wproc:   host=Director_Resident; service=(null);
[1591183469] wproc:   early_timeout=1; exited_ok=0; wait_status=0; error_code=62;
[1591183469] Warning: Check of host 'Director_Resident' timed out after 30.01 seconds
[1591183469] wproc: Core Worker 22689: job 484027 (pid=20920): Dormant child reaped
[1591183768] wproc: Core Worker 22690: job 484035 (pid=21162) timed out. Killing it
[1591183768] wproc: CHECK job 484035 from worker Core Worker 22690 timed out after 30.02s
[1591183768] wproc:   host=Director_Bldg; service=(null);
[1591183768] wproc:   early_timeout=1; exited_ok=0; wait_status=0; error_code=62;
[1591183768] Warning: Check of host 'Director_Bldg' timed out after 30.02 seconds
[1591183768] wproc: Core Worker 22690: job 484035 (pid=21162): Dormant child reaped
[1591183769] wproc: Core Worker 22691: job 484035 (pid=21164) timed out. Killing it
[1591183769] wproc: CHECK job 484035 from worker Core Worker 22691 timed out after 30.02s
[1591183769] wproc:   host=Director_Resident; service=(null);
[1591183769] wproc:   early_timeout=1; exited_ok=0; wait_status=0; error_code=62;
[1591183769] Warning: Check of host 'Director_Resident' timed out after 30.02 seconds
[1591183769] wproc: Core Worker 22691: job 484035 (pid=21164): Dormant child reaped
[1591184068] wproc: Core Worker 22692: job 484045 (pid=21451) timed out. Killing it
[1591184068] wproc: CHECK job 484045 from worker Core Worker 22692 timed out after 30.01s
[1591184068] wproc:   host=Director_Bldg; service=(null);
[1591184068] wproc:   early_timeout=1; exited_ok=0; wait_status=0; error_code=62;
[1591184068] Warning: Check of host 'Director_Bldg' timed out after 30.01 seconds
[1591184068] wproc: Core Worker 22692: job 484045 (pid=21451): Dormant child reaped
[1591184069] wproc: Core Worker 22689: job 484046 (pid=21453) timed out. Killing it
[1591184069] wproc: CHECK job 484046 from worker Core Worker 22689 timed out after 30.01s
[1591184069] wproc:   host=Director_Resident; service=(null);
[1591184069] wproc:   early_timeout=1; exited_ok=0; wait_status=0; error_code=62;
[1591184069] Warning: Check of host 'Director_Resident' timed out after 30.01 seconds
[1591184069] wproc: Core Worker 22689: job 484046 (pid=21453): Dormant child reaped
[1591184368] wproc: Core Worker 22690: job 484054 (pid=21695) timed out. Killing it
[1591184368] wproc: CHECK job 484054 from worker Core Worker 22690 timed out after 30.01s
[1591184368] wproc:   host=Director_Bldg; service=(null);
[1591184368] wproc:   early_timeout=1; exited_ok=0; wait_status=0; error_code=62;
[1591184368] Warning: Check of host 'Director_Bldg' timed out after 30.01 seconds
[1591184368] wproc: Core Worker 22690: job 484054 (pid=21695): Dormant child reaped
[1591184369] wproc: Core Worker 22691: job 484054 (pid=21697) timed out. Killing it
[1591184369] wproc: CHECK job 484054 from worker Core Worker 22691 timed out after 30.00s
[1591184369] wproc:   host=Director_Resident; service=(null);
[1591184369] wproc:   early_timeout=1; exited_ok=0; wait_status=0; error_code=62;
[1591184369] Warning: Check of host 'Director_Resident' timed out after 30.00 seconds
[1591184369] wproc: Core Worker 22691: job 484054 (pid=21697): Dormant child reaped
[1591184668] wproc: Core Worker 22692: job 484064 (pid=21954) timed out. Killing it
[1591184668] wproc: CHECK job 484064 from worker Core Worker 22692 timed out after 30.01s
[1591184668] wproc:   host=Director_Bldg; service=(null);
[1591184668] wproc:   early_timeout=1; exited_ok=0; wait_status=0; error_code=62;
[1591184668] Warning: Check of host 'Director_Bldg' timed out after 30.01 seconds
[1591184668] wproc: Core Worker 22692: job 484064 (pid=21954): Dormant child reaped
[1591184669] wproc: Core Worker 22689: job 484065 (pid=21956) timed out. Killing it
[1591184669] wproc: CHECK job 484065 from worker Core Worker 22689 timed out after 30.01s
[1591184669] wproc:   host=Director_Resident; service=(null);
[1591184669] wproc:   early_timeout=1; exited_ok=0; wait_status=0; error_code=62;
[1591184669] Warning: Check of host 'Director_Resident' timed out after 30.01 seconds
[1591184669] wproc: Core Worker 22689: job 484065 (pid=21956): Dormant child reaped
[1591184968] wproc: Core Worker 22690: job 484073 (pid=22196) timed out. Killing it
[1591184968] wproc: CHECK job 484073 from worker Core Worker 22690 timed out after 30.02s
[1591184968] wproc:   host=Director_Bldg; service=(null);
[1591184968] wproc:   early_timeout=1; exited_ok=0; wait_status=0; error_code=62;
[1591184968] Warning: Check of host 'Director_Bldg' timed out after 30.02 seconds
[1591184968] HOST NOTIFICATION: nagiosadmin;Director_Bldg;DOWN;notify-host-by-email;(Host check timed out after 30.02 seconds)
[1591184968] wproc: Core Worker 22690: job 484073 (pid=22196): Dormant child reaped
[1591184969] wproc: Core Worker 22691: job 484073 (pid=22198) timed out. Killing it
[1591184969] wproc: CHECK job 484073 from worker Core Worker 22691 timed out after 30.01s
[1591184969] wproc:   host=Director_Resident; service=(null);
[1591184969] wproc:   early_timeout=1; exited_ok=0; wait_status=0; error_code=62;
[1591184969] Warning: Check of host 'Director_Resident' timed out after 30.01 seconds
[1591184969] HOST NOTIFICATION: nagiosadmin;Director_Resident;DOWN;notify-host-by-email;(Host check timed out after 30.01 seconds)
[1591184969] wproc: Core Worker 22691: job 484073 (pid=22198): Dormant child reaped
[1591185268] wproc: Core Worker 22690: job 484084 (pid=22466) timed out. Killing it
[1591185268] wproc: CHECK job 484084 from worker Core Worker 22690 timed out after 30.01s
[1591185268] wproc:   host=Director_Bldg; service=(null);
[1591185268] wproc:   early_timeout=1; exited_ok=0; wait_status=0; error_code=62;
[1591185268] Warning: Check of host 'Director_Bldg' timed out after 30.01 seconds
[1591185268] wproc: Core Worker 22690: job 484084 (pid=22466): Dormant child reaped
[1591185269] wproc: Core Worker 22691: job 484084 (pid=22468) timed out. Killing it
[1591185269] wproc: CHECK job 484084 from worker Core Worker 22691 timed out after 30.01s
[1591185269] wproc:   host=Director_Resident; service=(null);
[1591185269] wproc:   early_timeout=1; exited_ok=0; wait_status=0; error_code=62;
[1591185269] Warning: Check of host 'Director_Resident' timed out after 30.01 seconds
[1591185269] wproc: Core Worker 22691: job 484084 (pid=22468): Dormant child reaped
[1591185542] HOST NOTIFICATION: nagiosadmin;Director_Bldg;UP;notify-host-by-email;PING OK - Packet loss = 0%, RTA = 0.55 ms
[1591185542] HOST ALERT: Director_Bldg;UP;HARD;1;PING OK - Packet loss = 0%, RTA = 0.55 ms
[1591185544] HOST NOTIFICATION: nagiosadmin;Director_Resident;UP;notify-host-by-email;PING OK - Packet loss = 20%, RTA = 0.67 ms
[1591185544] HOST ALERT: Director_Resident;UP;HARD;1;PING OK - Packet loss = 20%, RTA = 0.67 ms
[1591185546] SERVICE ALERT: Director_Bldg;check-host-alive;OK;SOFT;1;PING OK - Packet loss = 0%, RTA = 0.57 ms
[1591185597] SERVICE ALERT: Director_Resident;check-host-alive;OK;SOFT;1;PING OK - Packet loss = 0%, RTA = 0.92 ms
[1591186085] Auto-save of retention data completed successfully.
[1591189685] Auto-save of retention data completed successfully.
[1591192746] SERVICE FLAPPING ALERT: Director_Bldg;check-host-alive;STOPPED; Service appears to have stopped flapping (4.7% change < 5.0% threshold)
[1591193285] Auto-save of retention data completed successfully.
[1591196885] Auto-save of retention data completed successfully.
[1591200485] Auto-save of retention data completed successfully.
[1591204085] Auto-save of retention data completed successfully.
[1591207685] Auto-save of retention data completed successfully.
