[1567708200] LOG ROTATION: DAILY
[1567708200] LOG VERSION: 2.0
[1567708200] CURRENT HOST STATE: AP_Main_Bldg;UP;HARD;1;PING OK - Packet loss = 0%, RTA = 0.68 ms
[1567708200] CURRENT HOST STATE: Director_Bldg;UP;HARD;1;PING OK - Packet loss = 0%, RTA = 0.55 ms
[1567708200] CURRENT HOST STATE: Director_Resident;UP;HARD;1;PING OK - Packet loss = 0%, RTA = 1.36 ms
[1567708200] CURRENT HOST STATE: esxi01;UP;HARD;1;PING OK - Packet loss = 0%, RTA = 0.39 ms
[1567708200] CURRENT HOST STATE: esxi02;UP;HARD;1;PING OK - Packet loss = 0%, RTA = 0.40 ms
[1567708200] CURRENT HOST STATE: esxi03;UP;HARD;1;PING OK - Packet loss = 0%, RTA = 0.46 ms
[1567708200] CURRENT HOST STATE: esxi04;UP;HARD;1;PING OK - Packet loss = 0%, RTA = 0.39 ms
[1567708200] CURRENT HOST STATE: esxi05;UP;HARD;1;PING OK - Packet loss = 0%, RTA = 0.32 ms
[1567708200] CURRENT HOST STATE: esxi06;UP;HARD;1;PING OK - Packet loss = 0%, RTA = 0.44 ms
[1567708200] CURRENT HOST STATE: esxi07;UP;HARD;1;PING OK - Packet loss = 0%, RTA = 0.44 ms
[1567708200] CURRENT HOST STATE: esxi08;UP;HARD;1;PING OK - Packet loss = 0%, RTA = 0.25 ms
[1567708200] CURRENT HOST STATE: esxi09;UP;HARD;1;PING OK - Packet loss = 0%, RTA = 0.32 ms
[1567708200] CURRENT HOST STATE: localhost;UP;HARD;1;PING OK - Packet loss = 0%, RTA = 0.05 ms
[1567708200] CURRENT HOST STATE: vmware10gswitch;UP;HARD;1;PING OK - Packet loss = 0%, RTA = 5.76 ms
[1567708200] CURRENT HOST STATE: vmwaremgmtswitch;UP;HARD;1;PING OK - Packet loss = 0%, RTA = 0.81 ms
[1567708200] CURRENT SERVICE STATE: AP_Main_Bldg;check-host-alive;OK;HARD;1;PING OK - Packet loss = 0%, RTA = 1.11 ms
[1567708200] CURRENT SERVICE STATE: Director_Bldg;check-host-alive;OK;HARD;1;PING OK - Packet loss = 0%, RTA = 0.92 ms
[1567708200] CURRENT SERVICE STATE: Director_Resident;check-host-alive;OK;HARD;1;PING OK - Packet loss = 0%, RTA = 1.33 ms
[1567708200] CURRENT SERVICE STATE: esxi01;ESXi Hardware Check;OK;HARD;1;OK - Server: Cisco Systems Inc UCSC-C220-M4S s/n: FCH22157EQH Chassis S/N: FCH2216V0WN  System BIOS: C220M4.3.0.4a.0.0226182253 2018-02-26
[1567708200] CURRENT SERVICE STATE: esxi01;PING;OK;HARD;1;PING OK - Packet loss = 0%, RTA = 0.40 ms
[1567708200] CURRENT SERVICE STATE: esxi02;ESXi Hardware Check;OK;HARD;1;OK - Server: Cisco Systems Inc UCSC-C220-M4S s/n: FCH22157E1D Chassis S/N: FCH2216V0Y6  System BIOS: C220M4.3.0.4a.0.0226182253 2018-02-26
[1567708200] CURRENT SERVICE STATE: esxi02;PING;OK;HARD;1;PING OK - Packet loss = 0%, RTA = 0.46 ms
[1567708200] CURRENT SERVICE STATE: esxi03;ESXi Hardware Check;OK;HARD;1;OK - Server: Cisco Systems Inc UCSC-C220-M4S s/n: FCH22157ESB Chassis S/N: FCH2216V0TW  System BIOS: C220M4.3.0.4a.0.0226182253 2018-02-26
[1567708200] CURRENT SERVICE STATE: esxi03;PING;OK;HARD;1;PING OK - Packet loss = 0%, RTA = 0.32 ms
[1567708200] CURRENT SERVICE STATE: esxi04;ESXi Hardware Check;OK;HARD;1;OK - Server: Cisco Systems Inc UCSC-C220-M4S s/n: FCH22137QKB Chassis S/N: FCH2216V0YZ  System BIOS: C220M4.3.0.4a.0.0226182253 2018-02-26
[1567708200] CURRENT SERVICE STATE: esxi04;PING;OK;HARD;1;PING OK - Packet loss = 0%, RTA = 0.42 ms
[1567708200] CURRENT SERVICE STATE: esxi05;ESXi Hardware Check;OK;HARD;1;OK - Server: Cisco Systems Inc UCSC-C220-M4S s/n: FCH22157EPD Chassis S/N: FCH2216V0Z0  System BIOS: C220M4.3.0.4a.0.0226182253 2018-02-26
[1567708200] CURRENT SERVICE STATE: esxi05;PING;OK;HARD;1;PING OK - Packet loss = 0%, RTA = 0.50 ms
[1567708200] CURRENT SERVICE STATE: esxi06;ESXi Haradware Check;OK;HARD;1;OK - Server: Cisco Systems Inc UCSC-C220-M4S s/n: FCH22157ERW Chassis S/N: FCH2216V0X8  System BIOS: C220M4.3.0.4a.0.0226182253 2018-02-26
[1567708200] CURRENT SERVICE STATE: esxi06;PING;OK;HARD;1;PING OK - Packet loss = 0%, RTA = 0.55 ms
[1567708200] CURRENT SERVICE STATE: esxi07;ESXi Hardware Check;OK;HARD;1;OK - Server: Cisco Systems Inc UCSC-C220-M4S s/n: FCH22157EV7 Chassis S/N: FCH2216V0Y8  System BIOS: C220M4.3.0.4a.0.0226182253 2018-02-26
[1567708200] CURRENT SERVICE STATE: esxi07;PING;OK;HARD;1;PING OK - Packet loss = 0%, RTA = 0.42 ms
[1567708200] CURRENT SERVICE STATE: esxi08;ESXi Hardware Check;OK;HARD;1;OK - Server: Cisco Systems Inc UCSC-C220-M4S s/n: FCH22137QJN Chassis S/N: FCH2216V0YV  System BIOS: C220M4.3.0.4a.0.0226182253 2018-02-26
[1567708200] CURRENT SERVICE STATE: esxi08;PING;OK;HARD;1;PING OK - Packet loss = 0%, RTA = 0.45 ms
[1567708200] CURRENT SERVICE STATE: esxi09;ESXi Hardware Check;OK;HARD;1;OK - Server: Cisco Systems Inc UCSC-C220-M4S s/n: FCH22157ERY Chassis S/N: FCH2216V0YN  System BIOS: C220M4.3.0.4a.0.0226182253 2018-02-26
[1567708200] CURRENT SERVICE STATE: esxi09;PING;OK;HARD;1;PING OK - Packet loss = 0%, RTA = 0.36 ms
[1567708200] CURRENT SERVICE STATE: localhost;Current Load;OK;HARD;1;OK - load average: 0.02, 0.04, 0.05
[1567708200] CURRENT SERVICE STATE: localhost;Current Users;OK;HARD;1;USERS OK - 3 users currently logged in
[1567708200] CURRENT SERVICE STATE: localhost;PING;OK;HARD;1;PING OK - Packet loss = 0%, RTA = 0.04 ms
[1567708200] CURRENT SERVICE STATE: localhost;Root Partition;OK;HARD;1;DISK OK - free space: / 43102 MB (84.22% inode=99%):
[1567708200] CURRENT SERVICE STATE: localhost;SSH;OK;HARD;1;SSH OK - OpenSSH_7.4 (protocol 2.0)
[1567708200] CURRENT SERVICE STATE: localhost;Swap Usage;OK;HARD;1;SWAP OK - 100% free (3950 MB out of 3967 MB)
[1567708200] CURRENT SERVICE STATE: localhost;Total Processes;OK;HARD;1;PROCS OK: 89 processes with STATE = RSZDT
[1567708200] CURRENT SERVICE STATE: vmware10gswitch;check-host-alive;OK;HARD;1;PING OK - Packet loss = 0%, RTA = 1.32 ms
[1567708200] CURRENT SERVICE STATE: vmwaremgmtswitch;check-host-alive;OK;HARD;1;PING OK - Packet loss = 0%, RTA = 0.78 ms
[1567711659] Auto-save of retention data completed successfully.
[1567715259] Auto-save of retention data completed successfully.
[1567718859] Auto-save of retention data completed successfully.
[1567722459] Auto-save of retention data completed successfully.
[1567726059] Auto-save of retention data completed successfully.
[1567729659] Auto-save of retention data completed successfully.
[1567733259] Auto-save of retention data completed successfully.
[1567736859] Auto-save of retention data completed successfully.
[1567740459] Auto-save of retention data completed successfully.
[1567743663] SERVICE ALERT: esxi03;PING;WARNING;SOFT;1;PING WARNING - Packet loss = 20%, RTA = 0.37 ms
[1567743728] SERVICE ALERT: esxi03;PING;WARNING;SOFT;2;PING WARNING - Packet loss = 20%, RTA = 0.44 ms
[1567743792] SERVICE ALERT: esxi03;PING;OK;SOFT;3;PING OK - Packet loss = 0%, RTA = 0.40 ms
[1567744059] Auto-save of retention data completed successfully.
[1567744757] SERVICE ALERT: esxi03;PING;WARNING;SOFT;1;PING WARNING - Packet loss = 20%, RTA = 0.51 ms
[1567744821] SERVICE ALERT: esxi03;PING;OK;SOFT;2;PING OK - Packet loss = 0%, RTA = 0.32 ms
[1567747659] Auto-save of retention data completed successfully.
[1567749986] SERVICE ALERT: esxi03;PING;WARNING;SOFT;1;PING WARNING - Packet loss = 20%, RTA = 0.38 ms
[1567750050] SERVICE ALERT: esxi03;PING;OK;SOFT;2;PING OK - Packet loss = 0%, RTA = 4.55 ms
[1567750715] SERVICE ALERT: esxi03;PING;WARNING;SOFT;1;PING WARNING - Packet loss = 20%, RTA = 0.40 ms
[1567750779] SERVICE ALERT: esxi03;PING;OK;SOFT;2;PING OK - Packet loss = 0%, RTA = 0.34 ms
[1567750844] SERVICE ALERT: esxi03;PING;WARNING;SOFT;1;PING WARNING - Packet loss = 20%, RTA = 0.40 ms
[1567750908] SERVICE ALERT: esxi03;PING;OK;SOFT;2;PING OK - Packet loss = 0%, RTA = 0.49 ms
[1567751259] Auto-save of retention data completed successfully.
[1567754859] Auto-save of retention data completed successfully.
[1567757573] SERVICE ALERT: esxi03;PING;WARNING;SOFT;1;PING WARNING - Packet loss = 20%, RTA = 0.60 ms
[1567757637] SERVICE ALERT: esxi03;PING;OK;SOFT;2;PING OK - Packet loss = 0%, RTA = 0.50 ms
[1567758008] SERVICE ALERT: esxi03;PING;CRITICAL;SOFT;1;CRITICAL - Plugin timed out
[1567758038] wproc: Core Worker 23157: job 76830 (pid=13692) timed out. Killing it
[1567758038] wproc: CHECK job 76830 from worker Core Worker 23157 timed out after 30.03s
[1567758038] wproc:   host=esxi03; service=(null);
[1567758038] wproc:   early_timeout=1; exited_ok=0; wait_status=0; error_code=62;
[1567758038] Warning: Check of host 'esxi03' timed out after 30.03 seconds
[1567758038] HOST ALERT: esxi03;DOWN;SOFT;1;(Host check timed out after 30.03 seconds)
[1567758038] wproc: Core Worker 23157: job 76830 (pid=13692): Dormant child reaped
[1567758079] SERVICE ALERT: esxi03;PING;CRITICAL;HARD;4;CRITICAL - Plugin timed out
[1567758128] wproc: Core Worker 23159: job 76831 (pid=13721) timed out. Killing it
[1567758128] wproc: CHECK job 76831 from worker Core Worker 23159 timed out after 30.03s
[1567758128] wproc:   host=esxi03; service=(null);
[1567758128] wproc:   early_timeout=1; exited_ok=0; wait_status=0; error_code=62;
[1567758128] Warning: Check of host 'esxi03' timed out after 30.03 seconds
[1567758128] HOST ALERT: esxi03;DOWN;SOFT;2;(Host check timed out after 30.03 seconds)
[1567758128] wproc: Core Worker 23159: job 76831 (pid=13721): Dormant child reaped
[1567758218] wproc: Core Worker 23160: job 76835 (pid=13761) timed out. Killing it
[1567758218] wproc: CHECK job 76835 from worker Core Worker 23160 timed out after 30.03s
[1567758218] wproc:   host=esxi03; service=(null);
[1567758218] wproc:   early_timeout=1; exited_ok=0; wait_status=0; error_code=62;
[1567758218] Warning: Check of host 'esxi03' timed out after 30.03 seconds
[1567758218] HOST ALERT: esxi03;DOWN;SOFT;3;(Host check timed out after 30.03 seconds)
[1567758218] wproc: Core Worker 23160: job 76835 (pid=13761): Dormant child reaped
[1567758282] HOST ALERT: esxi03;UP;SOFT;1;PING OK - Packet loss = 0%, RTA = 0.48 ms
[1567758372] SERVICE ALERT: esxi03;PING;OK;HARD;4;PING OK - Packet loss = 0%, RTA = 0.54 ms
[1567758459] Auto-save of retention data completed successfully.
[1567760177] SERVICE ALERT: esxi03;PING;WARNING;SOFT;1;PING WARNING - Packet loss = 20%, RTA = 0.48 ms
[1567760241] SERVICE ALERT: esxi03;PING;OK;SOFT;2;PING OK - Packet loss = 0%, RTA = 0.52 ms
[1567761806] SERVICE ALERT: esxi03;PING;WARNING;SOFT;1;PING WARNING - Packet loss = 20%, RTA = 0.35 ms
[1567761870] SERVICE ALERT: esxi03;PING;OK;SOFT;2;PING OK - Packet loss = 0%, RTA = 0.40 ms
[1567762059] Auto-save of retention data completed successfully.
[1567762841] SERVICE ALERT: esxi03;PING;CRITICAL;SOFT;1;CRITICAL - Plugin timed out
[1567762871] wproc: Core Worker 23158: job 76984 (pid=17571) timed out. Killing it
[1567762871] wproc: CHECK job 76984 from worker Core Worker 23158 timed out after 30.03s
[1567762871] wproc:   host=esxi03; service=(null);
[1567762871] wproc:   early_timeout=1; exited_ok=0; wait_status=0; error_code=62;
[1567762871] Warning: Check of host 'esxi03' timed out after 30.03 seconds
[1567762871] HOST ALERT: esxi03;DOWN;SOFT;1;(Host check timed out after 30.03 seconds)
[1567762871] wproc: Core Worker 23158: job 76984 (pid=17571): Dormant child reaped
[1567762912] SERVICE ALERT: esxi03;PING;CRITICAL;HARD;4;CRITICAL - Plugin timed out
[1567762961] wproc: Core Worker 23157: job 76986 (pid=17593) timed out. Killing it
[1567762961] wproc: CHECK job 76986 from worker Core Worker 23157 timed out after 30.01s
[1567762961] wproc:   host=esxi03; service=(null);
[1567762961] wproc:   early_timeout=1; exited_ok=0; wait_status=0; error_code=62;
[1567762961] Warning: Check of host 'esxi03' timed out after 30.01 seconds
[1567762961] HOST ALERT: esxi03;DOWN;SOFT;2;(Host check timed out after 30.01 seconds)
[1567762961] wproc: Core Worker 23157: job 76986 (pid=17593): Dormant child reaped
[1567763051] wproc: Core Worker 23159: job 76990 (pid=17643) timed out. Killing it
[1567763051] wproc: CHECK job 76990 from worker Core Worker 23159 timed out after 30.03s
[1567763051] wproc:   host=esxi03; service=(null);
[1567763051] wproc:   early_timeout=1; exited_ok=0; wait_status=0; error_code=62;
[1567763051] Warning: Check of host 'esxi03' timed out after 30.03 seconds
[1567763051] HOST ALERT: esxi03;DOWN;SOFT;3;(Host check timed out after 30.03 seconds)
[1567763052] wproc: Core Worker 23159: job 76990 (pid=17643): Dormant child reaped
[1567763141] wproc: Core Worker 23158: job 76992 (pid=17790) timed out. Killing it
[1567763141] wproc: CHECK job 76992 from worker Core Worker 23158 timed out after 30.02s
[1567763141] wproc:   host=esxi03; service=(null);
[1567763141] wproc:   early_timeout=1; exited_ok=0; wait_status=0; error_code=62;
[1567763141] Warning: Check of host 'esxi03' timed out after 30.02 seconds
[1567763141] HOST ALERT: esxi03;DOWN;SOFT;4;(Host check timed out after 30.02 seconds)
[1567763142] wproc: Core Worker 23158: job 76992 (pid=17790): Dormant child reaped
[1567763205] SERVICE FLAPPING ALERT: esxi03;PING;STARTED; Service appears to have started flapping (20.3% change >= 20.0% threshold)
[1567763205] SERVICE ALERT: esxi03;PING;OK;HARD;4;PING OK - Packet loss = 0%, RTA = 0.51 ms
[1567763205] HOST ALERT: esxi03;UP;SOFT;1;PING OK - Packet loss = 0%, RTA = 0.42 ms
[1567763906] wproc: Core Worker 23160: job 77014 (pid=18310) timed out. Killing it
[1567763906] wproc: CHECK job 77014 from worker Core Worker 23160 timed out after 60.03s
[1567763906] wproc:   host=esxi07; service=ESXi Hardware Check;
[1567763906] wproc:   early_timeout=1; exited_ok=0; wait_status=0; error_code=62;
[1567763906] Warning: Check of service 'ESXi Hardware Check' on host 'esxi07' timed out after 60.027s!
[1567763906] SERVICE ALERT: esxi07;ESXi Hardware Check;CRITICAL;SOFT;1;(Service check timed out after 60.03 seconds)
[1567763906] wproc: Core Worker 23160: job 77014 (pid=18310): Dormant child reaped
[1567763936] wproc: Core Worker 23159: job 77020 (pid=18357) timed out. Killing it
[1567763936] wproc: CHECK job 77020 from worker Core Worker 23159 timed out after 30.04s
[1567763936] wproc:   host=esxi07; service=(null);
[1567763936] wproc:   early_timeout=1; exited_ok=0; wait_status=0; error_code=62;
[1567763936] Warning: Check of host 'esxi07' timed out after 30.04 seconds
[1567763936] HOST ALERT: esxi07;DOWN;SOFT;1;(Host check timed out after 30.04 seconds)
[1567763936] wproc: Core Worker 23159: job 77020 (pid=18357): Dormant child reaped
[1567764019] SERVICE ALERT: esxi07;PING;CRITICAL;HARD;1;CRITICAL - Plugin timed out
[1567764026] wproc: Core Worker 23157: job 77022 (pid=18385) timed out. Killing it
[1567764026] wproc: CHECK job 77022 from worker Core Worker 23157 timed out after 30.00s
[1567764026] wproc:   host=esxi07; service=(null);
[1567764026] wproc:   early_timeout=1; exited_ok=0; wait_status=0; error_code=62;
[1567764026] Warning: Check of host 'esxi07' timed out after 30.00 seconds
[1567764026] HOST ALERT: esxi07;DOWN;SOFT;2;(Host check timed out after 30.00 seconds)
[1567764026] wproc: Core Worker 23157: job 77022 (pid=18385): Dormant child reaped
[1567764086] wproc: Core Worker 23157: job 77023 (pid=18523) timed out. Killing it
[1567764086] wproc: CHECK job 77023 from worker Core Worker 23157 timed out after 60.00s
[1567764086] wproc:   host=esxi07; service=ESXi Hardware Check;
[1567764086] wproc:   early_timeout=1; exited_ok=0; wait_status=0; error_code=62;
[1567764086] Warning: Check of service 'ESXi Hardware Check' on host 'esxi07' timed out after 60.004s!
[1567764086] SERVICE ALERT: esxi07;ESXi Hardware Check;CRITICAL;HARD;3;(Service check timed out after 60.00 seconds)
[1567764086] wproc: Core Worker 23157: job 77023 (pid=18523): Dormant child reaped
[1567764116] wproc: Core Worker 23158: job 77024 (pid=18540) timed out. Killing it
[1567764116] wproc: CHECK job 77024 from worker Core Worker 23158 timed out after 30.03s
[1567764116] wproc:   host=esxi07; service=(null);
[1567764116] wproc:   early_timeout=1; exited_ok=0; wait_status=0; error_code=62;
[1567764116] Warning: Check of host 'esxi07' timed out after 30.03 seconds
[1567764116] HOST ALERT: esxi07;DOWN;SOFT;3;(Host check timed out after 30.03 seconds)
[1567764116] wproc: Core Worker 23158: job 77024 (pid=18540): Dormant child reaped
[1567764206] wproc: Core Worker 23160: job 77028 (pid=18591) timed out. Killing it
[1567764206] wproc: CHECK job 77028 from worker Core Worker 23160 timed out after 30.02s
[1567764206] wproc:   host=esxi07; service=(null);
[1567764206] wproc:   early_timeout=1; exited_ok=0; wait_status=0; error_code=62;
[1567764206] Warning: Check of host 'esxi07' timed out after 30.02 seconds
[1567764206] HOST ALERT: esxi07;DOWN;SOFT;4;(Host check timed out after 30.02 seconds)
[1567764206] wproc: Core Worker 23160: job 77028 (pid=18591): Dormant child reaped
[1567764296] wproc: Core Worker 23157: job 77030 (pid=18609) timed out. Killing it
[1567764296] wproc: CHECK job 77030 from worker Core Worker 23157 timed out after 30.02s
[1567764296] wproc:   host=esxi07; service=(null);
[1567764296] wproc:   early_timeout=1; exited_ok=0; wait_status=0; error_code=62;
[1567764296] Warning: Check of host 'esxi07' timed out after 30.02 seconds
[1567764296] HOST ALERT: esxi07;DOWN;SOFT;5;(Host check timed out after 30.02 seconds)
[1567764296] wproc: Core Worker 23157: job 77030 (pid=18609): Dormant child reaped
[1567764386] wproc: Core Worker 23160: job 77031 (pid=18764) timed out. Killing it
[1567764386] wproc: CHECK job 77031 from worker Core Worker 23160 timed out after 30.03s
[1567764386] wproc:   host=esxi07; service=(null);
[1567764386] wproc:   early_timeout=1; exited_ok=0; wait_status=0; error_code=62;
[1567764386] Warning: Check of host 'esxi07' timed out after 30.03 seconds
[1567764386] HOST ALERT: esxi07;DOWN;SOFT;6;(Host check timed out after 30.03 seconds)
[1567764386] wproc: Core Worker 23160: job 77031 (pid=18764): Dormant child reaped
[1567764450] HOST ALERT: esxi07;UP;SOFT;1;PING OK - Packet loss = 0%, RTA = 2.28 ms
[1567764619] SERVICE NOTIFICATION: nagiosadmin;esxi07;PING;CRITICAL;notify-service-by-email;CRITICAL - Plugin timed out
[1567764686] wproc: Core Worker 23157: job 77043 (pid=19025) timed out. Killing it
[1567764686] wproc: CHECK job 77043 from worker Core Worker 23157 timed out after 60.00s
[1567764686] wproc:   host=esxi07; service=ESXi Hardware Check;
[1567764686] wproc:   early_timeout=1; exited_ok=0; wait_status=0; error_code=62;
[1567764686] Warning: Check of service 'ESXi Hardware Check' on host 'esxi07' timed out after 60.005s!
[1567764686] SERVICE NOTIFICATION: nagiosadmin;esxi07;ESXi Hardware Check;CRITICAL;notify-service-by-email;(Service check timed out after 60.00 seconds)
[1567764686] wproc: Core Worker 23157: job 77043 (pid=19025): Dormant child reaped
[1567764776] wproc: Core Worker 23160: job 77045 (pid=19066) timed out. Killing it
[1567764776] wproc: CHECK job 77045 from worker Core Worker 23160 timed out after 30.01s
[1567764776] wproc:   host=esxi07; service=(null);
[1567764776] wproc:   early_timeout=1; exited_ok=0; wait_status=0; error_code=62;
[1567764776] Warning: Check of host 'esxi07' timed out after 30.01 seconds
[1567764776] HOST ALERT: esxi07;DOWN;SOFT;1;(Host check timed out after 30.01 seconds)
[1567764776] wproc: Core Worker 23160: job 77045 (pid=19066): Dormant child reaped
[1567764866] wproc: Core Worker 23160: job 77049 (pid=19112) timed out. Killing it
[1567764866] wproc: CHECK job 77049 from worker Core Worker 23160 timed out after 30.01s
[1567764866] wproc:   host=esxi07; service=(null);
[1567764866] wproc:   early_timeout=1; exited_ok=0; wait_status=0; error_code=62;
[1567764866] Warning: Check of host 'esxi07' timed out after 30.01 seconds
[1567764866] HOST ALERT: esxi07;DOWN;SOFT;2;(Host check timed out after 30.01 seconds)
[1567764866] wproc: Core Worker 23160: job 77049 (pid=19112): Dormant child reaped
[1567764956] wproc: Core Worker 23159: job 77051 (pid=19259) timed out. Killing it
[1567764956] wproc: CHECK job 77051 from worker Core Worker 23159 timed out after 30.03s
[1567764956] wproc:   host=esxi07; service=(null);
[1567764956] wproc:   early_timeout=1; exited_ok=0; wait_status=0; error_code=62;
[1567764956] Warning: Check of host 'esxi07' timed out after 30.03 seconds
[1567764956] HOST ALERT: esxi07;DOWN;SOFT;3;(Host check timed out after 30.03 seconds)
[1567764956] wproc: Core Worker 23159: job 77051 (pid=19259): Dormant child reaped
[1567765046] wproc: Core Worker 23159: job 77053 (pid=19292) timed out. Killing it
[1567765046] wproc: CHECK job 77053 from worker Core Worker 23159 timed out after 30.01s
[1567765046] wproc:   host=esxi07; service=(null);
[1567765046] wproc:   early_timeout=1; exited_ok=0; wait_status=0; error_code=62;
[1567765046] Warning: Check of host 'esxi07' timed out after 30.01 seconds
[1567765046] HOST ALERT: esxi07;DOWN;SOFT;4;(Host check timed out after 30.01 seconds)
[1567765046] wproc: Core Worker 23159: job 77053 (pid=19292): Dormant child reaped
[1567765110] HOST FLAPPING ALERT: esxi07;STARTED; Host appears to have started flapping (21.1% change > 20.0% threshold)
[1567765110] HOST ALERT: esxi07;UP;SOFT;1;PING OK - Packet loss = 0%, RTA = 0.45 ms
[1567765212] SERVICE ALERT: esxi07;PING;OK;SOFT;1;PING OK - Packet loss = 0%, RTA = 0.55 ms
[1567765236] SERVICE NOTIFICATION: nagiosadmin;esxi07;ESXi Hardware Check;OK;notify-service-by-email;OK - Server: Cisco Systems Inc UCSC-C220-M4S s/n: FCH22157EV7 Chassis S/N: FCH2216V0Y8  System BIOS: C220M4.3.0.4a.0.0226182253 2018-02-26
[1567765236] SERVICE ALERT: esxi07;ESXi Hardware Check;OK;HARD;3;OK - Server: Cisco Systems Inc UCSC-C220-M4S s/n: FCH22157EV7 Chassis S/N: FCH2216V0Y8  System BIOS: C220M4.3.0.4a.0.0226182253 2018-02-26
[1567765659] Auto-save of retention data completed successfully.
[1567766910] HOST FLAPPING ALERT: esxi07;STOPPED; Host appears to have stopped flapping (4.3% change < 5.0% threshold)
[1567768905] SERVICE FLAPPING ALERT: esxi03;PING;STOPPED; Service appears to have stopped flapping (3.8% change < 5.0% threshold)
[1567769259] Auto-save of retention data completed successfully.
[1567770706] SERVICE ALERT: esxi03;PING;WARNING;SOFT;1;PING WARNING - Packet loss = 20%, RTA = 0.47 ms
[1567770770] SERVICE ALERT: esxi03;PING;OK;SOFT;2;PING OK - Packet loss = 0%, RTA = 0.50 ms
[1567771136] wproc: Core Worker 23158: job 77251 (pid=24192) timed out. Killing it
[1567771136] wproc: CHECK job 77251 from worker Core Worker 23158 timed out after 30.03s
[1567771136] wproc:   host=esxi07; service=(null);
[1567771136] wproc:   early_timeout=1; exited_ok=0; wait_status=0; error_code=62;
[1567771136] Warning: Check of host 'esxi07' timed out after 30.03 seconds
[1567771136] HOST ALERT: esxi07;DOWN;SOFT;1;(Host check timed out after 30.03 seconds)
[1567771136] wproc: Core Worker 23158: job 77251 (pid=24192): Dormant child reaped
[1567771219] SERVICE ALERT: esxi07;PING;CRITICAL;HARD;1;CRITICAL - Plugin timed out
[1567771226] wproc: Core Worker 23157: job 77253 (pid=24222) timed out. Killing it
[1567771226] wproc: CHECK job 77253 from worker Core Worker 23157 timed out after 30.03s
[1567771226] wproc:   host=esxi07; service=(null);
[1567771226] wproc:   early_timeout=1; exited_ok=0; wait_status=0; error_code=62;
[1567771226] Warning: Check of host 'esxi07' timed out after 30.03 seconds
[1567771226] HOST ALERT: esxi07;DOWN;SOFT;2;(Host check timed out after 30.03 seconds)
[1567771226] wproc: Core Worker 23157: job 77253 (pid=24222): Dormant child reaped
[1567771290] HOST ALERT: esxi07;UP;SOFT;1;PING OK - Packet loss = 0%, RTA = 0.53 ms
[1567771296] wproc: Core Worker 23158: job 77254 (pid=24362) timed out. Killing it
[1567771296] wproc: CHECK job 77254 from worker Core Worker 23158 timed out after 60.01s
[1567771296] wproc:   host=esxi07; service=ESXi Hardware Check;
[1567771296] wproc:   early_timeout=1; exited_ok=0; wait_status=0; error_code=62;
[1567771296] Warning: Check of service 'ESXi Hardware Check' on host 'esxi07' timed out after 60.011s!
[1567771296] SERVICE ALERT: esxi07;ESXi Hardware Check;CRITICAL;SOFT;1;(Service check timed out after 60.01 seconds)
[1567771297] wproc: Core Worker 23158: job 77254 (pid=24362): Dormant child reaped
[1567771428] SERVICE ALERT: esxi07;ESXi Hardware Check;OK;SOFT;2;OK - Server: Cisco Systems Inc UCSC-C220-M4S s/n: FCH22157EV7 Chassis S/N: FCH2216V0Y8  System BIOS: C220M4.3.0.4a.0.0226182253 2018-02-26
[1567771512] SERVICE ALERT: esxi07;PING;OK;SOFT;1;PING OK - Packet loss = 0%, RTA = 0.50 ms
[1567772859] Auto-save of retention data completed successfully.
[1567776459] Auto-save of retention data completed successfully.
[1567780059] Auto-save of retention data completed successfully.
[1567783659] Auto-save of retention data completed successfully.
[1567787259] Auto-save of retention data completed successfully.
[1567790859] Auto-save of retention data completed successfully.
[1567794459] Auto-save of retention data completed successfully.
