[1575052200] LOG ROTATION: DAILY
[1575052200] LOG VERSION: 2.0
[1575052200] CURRENT HOST STATE: AP_Main_Bldg;UP;HARD;1;PING OK - Packet loss = 0%, RTA = 0.75 ms
[1575052200] CURRENT HOST STATE: Director_Bldg;UP;HARD;1;PING OK - Packet loss = 0%, RTA = 0.55 ms
[1575052200] CURRENT HOST STATE: Director_Resident;UP;HARD;1;PING OK - Packet loss = 0%, RTA = 0.95 ms
[1575052200] CURRENT HOST STATE: esxi01;UP;HARD;1;PING OK - Packet loss = 0%, RTA = 0.40 ms
[1575052200] CURRENT HOST STATE: esxi02;UP;HARD;1;PING OK - Packet loss = 0%, RTA = 0.50 ms
[1575052200] CURRENT HOST STATE: esxi03;UP;HARD;1;PING OK - Packet loss = 0%, RTA = 0.40 ms
[1575052200] CURRENT HOST STATE: esxi04;UP;HARD;1;PING OK - Packet loss = 0%, RTA = 0.51 ms
[1575052200] CURRENT HOST STATE: esxi05;UP;HARD;1;PING OK - Packet loss = 0%, RTA = 0.67 ms
[1575052200] CURRENT HOST STATE: esxi06;UP;HARD;1;PING OK - Packet loss = 0%, RTA = 0.50 ms
[1575052200] CURRENT HOST STATE: esxi07;UP;HARD;1;PING OK - Packet loss = 0%, RTA = 0.65 ms
[1575052200] CURRENT HOST STATE: esxi08;UP;HARD;1;PING OK - Packet loss = 0%, RTA = 0.52 ms
[1575052200] CURRENT HOST STATE: esxi09;UP;HARD;1;PING OK - Packet loss = 0%, RTA = 0.41 ms
[1575052200] CURRENT HOST STATE: localhost;UP;HARD;1;PING OK - Packet loss = 0%, RTA = 0.05 ms
[1575052200] CURRENT HOST STATE: vmware10gswitch;UP;HARD;1;PING OK - Packet loss = 0%, RTA = 1.41 ms
[1575052200] CURRENT HOST STATE: vmwaremgmtswitch;UP;HARD;1;PING OK - Packet loss = 0%, RTA = 0.75 ms
[1575052200] CURRENT SERVICE STATE: AP_Main_Bldg;check-host-alive;OK;HARD;1;PING OK - Packet loss = 0%, RTA = 2.73 ms
[1575052200] CURRENT SERVICE STATE: Director_Bldg;check-host-alive;OK;HARD;1;PING OK - Packet loss = 0%, RTA = 0.64 ms
[1575052200] CURRENT SERVICE STATE: Director_Resident;check-host-alive;OK;HARD;1;PING OK - Packet loss = 0%, RTA = 2.24 ms
[1575052200] CURRENT SERVICE STATE: esxi01;ESXi Hardware Check;OK;HARD;1;OK - Server: Cisco Systems Inc UCSC-C220-M4S s/n: FCH22157EQH Chassis S/N: FCH2216V0WN  System BIOS: C220M4.3.0.4a.0.0226182253 2018-02-26
[1575052200] CURRENT SERVICE STATE: esxi01;PING;OK;HARD;1;PING OK - Packet loss = 0%, RTA = 0.47 ms
[1575052200] CURRENT SERVICE STATE: esxi02;ESXi Hardware Check;OK;HARD;1;OK - Server: Cisco Systems Inc UCSC-C220-M4S s/n: FCH22157E1D Chassis S/N: FCH2216V0Y6  System BIOS: C220M4.3.0.4a.0.0226182253 2018-02-26
[1575052200] CURRENT SERVICE STATE: esxi02;PING;OK;HARD;1;PING OK - Packet loss = 0%, RTA = 0.66 ms
[1575052200] CURRENT SERVICE STATE: esxi03;ESXi Hardware Check;OK;HARD;1;OK - Server: Cisco Systems Inc UCSC-C220-M4S s/n: FCH22157ESB Chassis S/N: FCH2216V0TW  System BIOS: C220M4.3.0.4a.0.0226182253 2018-02-26
[1575052200] CURRENT SERVICE STATE: esxi03;PING;OK;HARD;1;PING OK - Packet loss = 0%, RTA = 0.53 ms
[1575052200] CURRENT SERVICE STATE: esxi04;ESXi Hardware Check;OK;HARD;1;OK - Server: Cisco Systems Inc UCSC-C220-M4S s/n: FCH22137QKB Chassis S/N: FCH2216V0YZ  System BIOS: C220M4.3.0.4a.0.0226182253 2018-02-26
[1575052200] CURRENT SERVICE STATE: esxi04;PING;OK;HARD;1;PING OK - Packet loss = 0%, RTA = 0.47 ms
[1575052200] CURRENT SERVICE STATE: esxi05;ESXi Hardware Check;OK;HARD;1;OK - Server: Cisco Systems Inc UCSC-C220-M4S s/n: FCH22157EPD Chassis S/N: FCH2216V0Z0  System BIOS: C220M4.3.0.4a.0.0226182253 2018-02-26
[1575052200] CURRENT SERVICE STATE: esxi05;PING;OK;HARD;1;PING OK - Packet loss = 0%, RTA = 1.59 ms
[1575052200] CURRENT SERVICE STATE: esxi06;ESXi Haradware Check;OK;HARD;1;OK - Server: Cisco Systems Inc UCSC-C220-M4S s/n: FCH22157ERW Chassis S/N: FCH2216V0X8  System BIOS: C220M4.3.0.4a.0.0226182253 2018-02-26
[1575052200] CURRENT SERVICE STATE: esxi06;PING;OK;HARD;1;PING OK - Packet loss = 0%, RTA = 0.67 ms
[1575052200] CURRENT SERVICE STATE: esxi07;ESXi Hardware Check;OK;HARD;1;OK - Server: Cisco Systems Inc UCSC-C220-M4S s/n: FCH22157EV7 Chassis S/N: FCH2216V0Y8  System BIOS: C220M4.3.0.4a.0.0226182253 2018-02-26
[1575052200] CURRENT SERVICE STATE: esxi07;PING;OK;HARD;1;PING OK - Packet loss = 0%, RTA = 0.61 ms
[1575052200] CURRENT SERVICE STATE: esxi08;ESXi Hardware Check;OK;HARD;1;OK - Server: Cisco Systems Inc UCSC-C220-M4S s/n: FCH22137QJN Chassis S/N: FCH2216V0YV  System BIOS: C220M4.3.0.4a.0.0226182253 2018-02-26
[1575052200] CURRENT SERVICE STATE: esxi08;PING;OK;HARD;1;PING OK - Packet loss = 0%, RTA = 0.53 ms
[1575052200] CURRENT SERVICE STATE: esxi09;ESXi Hardware Check;OK;HARD;1;OK - Server: Cisco Systems Inc UCSC-C220-M4S s/n: FCH22157ERY Chassis S/N: FCH2216V0YN  System BIOS: C220M4.3.0.4a.0.0226182253 2018-02-26
[1575052200] CURRENT SERVICE STATE: esxi09;PING;OK;HARD;1;PING OK - Packet loss = 0%, RTA = 0.45 ms
[1575052200] CURRENT SERVICE STATE: localhost;Current Load;OK;HARD;1;OK - load average: 0.00, 0.03, 0.05
[1575052200] CURRENT SERVICE STATE: localhost;Current Users;OK;HARD;1;USERS OK - 0 users currently logged in
[1575052200] CURRENT SERVICE STATE: localhost;PING;OK;HARD;1;PING OK - Packet loss = 0%, RTA = 0.04 ms
[1575052200] CURRENT SERVICE STATE: localhost;Root Partition;OK;HARD;1;DISK OK - free space: / 42810 MB (83.65% inode=99%):
[1575052200] CURRENT SERVICE STATE: localhost;SSH;OK;HARD;1;SSH OK - OpenSSH_7.4 (protocol 2.0)
[1575052200] CURRENT SERVICE STATE: localhost;Swap Usage;OK;HARD;1;SWAP OK - 100% free (3967 MB out of 3967 MB)
[1575052200] CURRENT SERVICE STATE: localhost;Total Processes;OK;HARD;1;PROCS OK: 81 processes with STATE = RSZDT
[1575052200] CURRENT SERVICE STATE: vmware10gswitch;check-host-alive;OK;HARD;1;PING OK - Packet loss = 0%, RTA = 1.38 ms
[1575052200] CURRENT SERVICE STATE: vmwaremgmtswitch;check-host-alive;OK;HARD;1;PING OK - Packet loss = 0%, RTA = 4.43 ms
[1575052820] Auto-save of retention data completed successfully.
[1575056420] Auto-save of retention data completed successfully.
[1575060020] Auto-save of retention data completed successfully.
[1575063620] Auto-save of retention data completed successfully.
[1575067220] Auto-save of retention data completed successfully.
[1575070820] Auto-save of retention data completed successfully.
[1575074420] Auto-save of retention data completed successfully.
[1575078020] Auto-save of retention data completed successfully.
[1575081620] Auto-save of retention data completed successfully.
[1575085220] Auto-save of retention data completed successfully.
[1575088820] Auto-save of retention data completed successfully.
[1575092420] Auto-save of retention data completed successfully.
[1575096020] Auto-save of retention data completed successfully.
[1575099620] Auto-save of retention data completed successfully.
[1575103220] Auto-save of retention data completed successfully.
[1575106820] Auto-save of retention data completed successfully.
[1575108700] Caught SIGTERM, shutting down...
[1575108700] Caught SIGTERM, shutting down...
[1575108700] Successfully shutdown... (PID=1458)
[1575215035] Nagios 4.4.4 starting... (PID=1734)
[1575215035] Local time is Sun Dec 01 21:13:55 IST 2019
[1575215035] LOG VERSION: 2.0
[1575215036] qh: Socket '/usr/local/nagios/var/rw/nagios.qh' successfully initialized
[1575215036] qh: core query handler registered
[1575215036] qh: echo service query handler registered
[1575215036] qh: help for the query handler registered
[1575215036] wproc: Successfully registered manager as @wproc with query handler
[1575215036] wproc: Registry request: name=Core Worker 1742;pid=1742
[1575215036] wproc: Registry request: name=Core Worker 1740;pid=1740
[1575215036] wproc: Registry request: name=Core Worker 1741;pid=1741
[1575215036] wproc: Registry request: name=Core Worker 1739;pid=1739
[1575215038] Successfully launched command file worker with pid 1796
[1575215040] SERVICE ALERT: localhost;Current Load;WARNING;SOFT;1;WARNING - load average: 5.11, 1.91, 0.70
[1575215044] SERVICE ALERT: esxi02;PING;WARNING;SOFT;1;PING WARNING - Packet loss = 20%, RTA = 0.33 ms
[1575215068] wproc: Core Worker 1741: job 7 (pid=1824) timed out. Killing it
[1575215068] wproc: Core Worker 1741: job 16171040 with pid 1824 reaped at timeout. timeouts=1; started=8
[1575215069] SERVICE ALERT: Director_Resident;check-host-alive;CRITICAL;SOFT;1;CRITICAL - Plugin timed out
[1575215069] SERVICE ALERT: Director_Bldg;check-host-alive;CRITICAL;SOFT;1;CRITICAL - Plugin timed out
[1575215074] wproc: Core Worker 1742: job 8 (pid=1876) timed out. Killing it
[1575215074] wproc: Core Worker 1742: job 22778480 with pid 1876 reaped at timeout. timeouts=1; started=9
[1575215086] wproc: Core Worker 1740: job 8 (pid=2146) timed out. Killing it
[1575215086] wproc: CHECK job 8 from worker Core Worker 1740 timed out after 30.01s
[1575215086] wproc:   host=Director_Bldg; service=(null);
[1575215086] wproc:   early_timeout=1; exited_ok=0; wait_status=0; error_code=62;
[1575215086] Warning: Check of host 'Director_Bldg' timed out after 30.01 seconds
[1575215086] HOST ALERT: Director_Bldg;DOWN;SOFT;1;(Host check timed out after 30.01 seconds)
[1575215086] wproc: Core Worker 1740: job 8 (pid=2146): Dormant child reaped
[1575215096] Warning: The check of service 'check-host-alive' on host 'vmwaremgmtswitch' looks like it was orphaned (results never came back; last_check=1575108622; next_check=248).  I'm scheduling an immediate check of the service...
[1575215099] wproc: Core Worker 1741: job 8 (pid=2736) timed out. Killing it
[1575215099] wproc: CHECK job 8 from worker Core Worker 1741 timed out after 30.02s
[1575215099] wproc:   host=Director_Resident; service=(null);
[1575215099] wproc:   early_timeout=1; exited_ok=0; wait_status=0; error_code=62;
[1575215099] Warning: Check of host 'Director_Resident' timed out after 30.02 seconds
[1575215099] HOST ALERT: Director_Resident;DOWN;SOFT;1;(Host check timed out after 30.02 seconds)
[1575215099] wproc: Core Worker 1741: job 8 (pid=2736): Dormant child reaped
[1575215100] SERVICE ALERT: localhost;Current Load;WARNING;SOFT;2;WARNING - load average: 6.14, 2.99, 1.16
[1575215108] SERVICE ALERT: esxi02;PING;OK;SOFT;2;PING OK - Packet loss = 0%, RTA = 0.63 ms
[1575215160] SERVICE ALERT: localhost;Current Load;OK;SOFT;3;OK - load average: 4.58, 3.14, 1.32
[1575215176] wproc: Core Worker 1742: job 10 (pid=10429) timed out. Killing it
[1575215176] wproc: CHECK job 10 from worker Core Worker 1742 timed out after 30.01s
[1575215176] wproc:   host=Director_Bldg; service=(null);
[1575215176] wproc:   early_timeout=1; exited_ok=0; wait_status=0; error_code=62;
[1575215176] Warning: Check of host 'Director_Bldg' timed out after 30.01 seconds
[1575215176] HOST ALERT: Director_Bldg;DOWN;SOFT;2;(Host check timed out after 30.01 seconds)
[1575215176] wproc: Core Worker 1742: job 10 (pid=10429): Dormant child reaped
[1575215189] wproc: Core Worker 1741: job 10 (pid=10433) timed out. Killing it
[1575215189] wproc: CHECK job 10 from worker Core Worker 1741 timed out after 30.00s
[1575215189] wproc:   host=Director_Resident; service=(null);
[1575215189] wproc:   early_timeout=1; exited_ok=0; wait_status=0; error_code=62;
[1575215189] Warning: Check of host 'Director_Resident' timed out after 30.00 seconds
[1575215189] HOST ALERT: Director_Resident;DOWN;SOFT;2;(Host check timed out after 30.00 seconds)
[1575215189] wproc: Core Worker 1741: job 10 (pid=10433): Dormant child reaped
[1575215220] SERVICE ALERT: Director_Resident;check-host-alive;CRITICAL;HARD;3;CRITICAL - Plugin timed out
[1575215220] SERVICE ALERT: Director_Bldg;check-host-alive;CRITICAL;HARD;3;CRITICAL - Plugin timed out
[1575215266] wproc: Core Worker 1742: job 13 (pid=10472) timed out. Killing it
[1575215266] wproc: CHECK job 13 from worker Core Worker 1742 timed out after 30.01s
[1575215266] wproc:   host=Director_Bldg; service=(null);
[1575215266] wproc:   early_timeout=1; exited_ok=0; wait_status=0; error_code=62;
[1575215266] Warning: Check of host 'Director_Bldg' timed out after 30.01 seconds
[1575215266] HOST ALERT: Director_Bldg;DOWN;SOFT;3;(Host check timed out after 30.01 seconds)
[1575215266] wproc: Core Worker 1742: job 13 (pid=10472): Dormant child reaped
[1575215279] wproc: Core Worker 1740: job 13 (pid=10474) timed out. Killing it
[1575215279] wproc: CHECK job 13 from worker Core Worker 1740 timed out after 30.03s
[1575215279] wproc:   host=Director_Resident; service=(null);
[1575215279] wproc:   early_timeout=1; exited_ok=0; wait_status=0; error_code=62;
[1575215279] Warning: Check of host 'Director_Resident' timed out after 30.03 seconds
[1575215279] HOST ALERT: Director_Resident;DOWN;SOFT;3;(Host check timed out after 30.03 seconds)
[1575215279] wproc: Core Worker 1740: job 13 (pid=10474): Dormant child reaped
[1575215356] wproc: Core Worker 1740: job 14 (pid=10498) timed out. Killing it
[1575215356] wproc: CHECK job 14 from worker Core Worker 1740 timed out after 30.02s
[1575215356] wproc:   host=Director_Bldg; service=(null);
[1575215356] wproc:   early_timeout=1; exited_ok=0; wait_status=0; error_code=62;
[1575215356] Warning: Check of host 'Director_Bldg' timed out after 30.02 seconds
[1575215356] HOST ALERT: Director_Bldg;DOWN;SOFT;4;(Host check timed out after 30.02 seconds)
[1575215356] wproc: Core Worker 1740: job 14 (pid=10498): Dormant child reaped
[1575215369] wproc: Core Worker 1740: job 18 (pid=10528) timed out. Killing it
[1575215369] wproc: CHECK job 18 from worker Core Worker 1740 timed out after 30.02s
[1575215369] wproc:   host=Director_Resident; service=(null);
[1575215369] wproc:   early_timeout=1; exited_ok=0; wait_status=0; error_code=62;
[1575215369] Warning: Check of host 'Director_Resident' timed out after 30.02 seconds
[1575215369] HOST ALERT: Director_Resident;DOWN;SOFT;4;(Host check timed out after 30.02 seconds)
[1575215369] wproc: Core Worker 1740: job 18 (pid=10528): Dormant child reaped
[1575215446] wproc: Core Worker 1740: job 19 (pid=10690) timed out. Killing it
[1575215446] wproc: CHECK job 19 from worker Core Worker 1740 timed out after 30.02s
[1575215446] wproc:   host=Director_Bldg; service=(null);
[1575215446] wproc:   early_timeout=1; exited_ok=0; wait_status=0; error_code=62;
[1575215446] Warning: Check of host 'Director_Bldg' timed out after 30.02 seconds
[1575215446] HOST ALERT: Director_Bldg;DOWN;SOFT;5;(Host check timed out after 30.02 seconds)
[1575215446] wproc: Core Worker 1740: job 19 (pid=10690): Dormant child reaped
[1575215459] wproc: Core Worker 1741: job 19 (pid=10692) timed out. Killing it
[1575215459] wproc: CHECK job 19 from worker Core Worker 1741 timed out after 30.03s
[1575215459] wproc:   host=Director_Resident; service=(null);
[1575215459] wproc:   early_timeout=1; exited_ok=0; wait_status=0; error_code=62;
[1575215459] Warning: Check of host 'Director_Resident' timed out after 30.03 seconds
[1575215459] HOST ALERT: Director_Resident;DOWN;SOFT;5;(Host check timed out after 30.03 seconds)
[1575215459] wproc: Core Worker 1741: job 19 (pid=10692): Dormant child reaped
[1575215536] wproc: Core Worker 1742: job 21 (pid=10720) timed out. Killing it
[1575215536] wproc: CHECK job 21 from worker Core Worker 1742 timed out after 30.00s
[1575215536] wproc:   host=Director_Bldg; service=(null);
[1575215536] wproc:   early_timeout=1; exited_ok=0; wait_status=0; error_code=62;
[1575215536] Warning: Check of host 'Director_Bldg' timed out after 30.00 seconds
[1575215536] HOST ALERT: Director_Bldg;DOWN;SOFT;6;(Host check timed out after 30.00 seconds)
[1575215536] wproc: Core Worker 1742: job 21 (pid=10720): Dormant child reaped
[1575215549] wproc: Core Worker 1741: job 21 (pid=10725) timed out. Killing it
[1575215549] wproc: CHECK job 21 from worker Core Worker 1741 timed out after 30.03s
[1575215549] wproc:   host=Director_Resident; service=(null);
[1575215549] wproc:   early_timeout=1; exited_ok=0; wait_status=0; error_code=62;
[1575215549] Warning: Check of host 'Director_Resident' timed out after 30.03 seconds
[1575215549] HOST ALERT: Director_Resident;DOWN;SOFT;6;(Host check timed out after 30.03 seconds)
[1575215549] wproc: Core Worker 1741: job 21 (pid=10725): Dormant child reaped
[1575215626] wproc: Core Worker 1739: job 22 (pid=10743) timed out. Killing it
[1575215626] wproc: CHECK job 22 from worker Core Worker 1739 timed out after 30.01s
[1575215626] wproc:   host=Director_Bldg; service=(null);
[1575215626] wproc:   early_timeout=1; exited_ok=0; wait_status=0; error_code=62;
[1575215626] Warning: Check of host 'Director_Bldg' timed out after 30.01 seconds
[1575215626] HOST ALERT: Director_Bldg;DOWN;SOFT;7;(Host check timed out after 30.01 seconds)
[1575215626] wproc: Core Worker 1739: job 22 (pid=10743): Dormant child reaped
[1575215639] wproc: Core Worker 1742: job 23 (pid=10745) timed out. Killing it
[1575215639] wproc: CHECK job 23 from worker Core Worker 1742 timed out after 30.01s
[1575215639] wproc:   host=Director_Resident; service=(null);
[1575215639] wproc:   early_timeout=1; exited_ok=0; wait_status=0; error_code=62;
[1575215639] Warning: Check of host 'Director_Resident' timed out after 30.01 seconds
[1575215639] HOST ALERT: Director_Resident;DOWN;SOFT;7;(Host check timed out after 30.01 seconds)
[1575215640] wproc: Core Worker 1742: job 23 (pid=10745): Dormant child reaped
[1575215716] wproc: Core Worker 1739: job 30 (pid=10813) timed out. Killing it
[1575215716] wproc: CHECK job 30 from worker Core Worker 1739 timed out after 30.03s
[1575215716] wproc:   host=Director_Bldg; service=(null);
[1575215716] wproc:   early_timeout=1; exited_ok=0; wait_status=0; error_code=62;
[1575215716] Warning: Check of host 'Director_Bldg' timed out after 30.03 seconds
[1575215716] HOST ALERT: Director_Bldg;DOWN;SOFT;8;(Host check timed out after 30.03 seconds)
[1575215716] wproc: Core Worker 1739: job 30 (pid=10813): Dormant child reaped
[1575215729] wproc: Core Worker 1740: job 31 (pid=10817) timed out. Killing it
[1575215729] wproc: CHECK job 31 from worker Core Worker 1740 timed out after 30.01s
[1575215729] wproc:   host=Director_Resident; service=(null);
[1575215729] wproc:   early_timeout=1; exited_ok=0; wait_status=0; error_code=62;
[1575215729] Warning: Check of host 'Director_Resident' timed out after 30.01 seconds
[1575215729] HOST ALERT: Director_Resident;DOWN;SOFT;8;(Host check timed out after 30.01 seconds)
[1575215730] wproc: Core Worker 1740: job 31 (pid=10817): Dormant child reaped
[1575215806] wproc: Core Worker 1741: job 32 (pid=10975) timed out. Killing it
[1575215806] wproc: CHECK job 32 from worker Core Worker 1741 timed out after 30.01s
[1575215806] wproc:   host=Director_Bldg; service=(null);
[1575215806] wproc:   early_timeout=1; exited_ok=0; wait_status=0; error_code=62;
[1575215806] Warning: Check of host 'Director_Bldg' timed out after 30.01 seconds
[1575215806] HOST ALERT: Director_Bldg;DOWN;SOFT;9;(Host check timed out after 30.01 seconds)
[1575215807] wproc: Core Worker 1741: job 32 (pid=10975): Dormant child reaped
[1575215819] wproc: Core Worker 1740: job 33 (pid=10981) timed out. Killing it
[1575215819] wproc: CHECK job 33 from worker Core Worker 1740 timed out after 30.03s
[1575215819] wproc:   host=Director_Resident; service=(null);
[1575215819] wproc:   early_timeout=1; exited_ok=0; wait_status=0; error_code=62;
[1575215819] Warning: Check of host 'Director_Resident' timed out after 30.03 seconds
[1575215819] HOST ALERT: Director_Resident;DOWN;SOFT;9;(Host check timed out after 30.03 seconds)
[1575215820] wproc: Core Worker 1740: job 33 (pid=10981): Dormant child reaped
[1575215896] wproc: Core Worker 1739: job 34 (pid=11010) timed out. Killing it
[1575215896] wproc: CHECK job 34 from worker Core Worker 1739 timed out after 30.02s
[1575215896] wproc:   host=Director_Bldg; service=(null);
[1575215896] wproc:   early_timeout=1; exited_ok=0; wait_status=0; error_code=62;
[1575215896] Warning: Check of host 'Director_Bldg' timed out after 30.02 seconds
[1575215896] HOST NOTIFICATION: nagiosadmin;Director_Bldg;DOWN;notify-host-by-email;(Host check timed out after 30.02 seconds)
[1575215896] HOST ALERT: Director_Bldg;DOWN;HARD;10;(Host check timed out after 30.02 seconds)
[1575215897] wproc: Core Worker 1739: job 34 (pid=11010): Dormant child reaped
[1575215909] wproc: Core Worker 1742: job 35 (pid=11012) timed out. Killing it
[1575215909] wproc: CHECK job 35 from worker Core Worker 1742 timed out after 30.03s
[1575215909] wproc:   host=Director_Resident; service=(null);
[1575215909] wproc:   early_timeout=1; exited_ok=0; wait_status=0; error_code=62;
[1575215909] Warning: Check of host 'Director_Resident' timed out after 30.03 seconds
[1575215909] HOST NOTIFICATION: nagiosadmin;Director_Resident;DOWN;notify-host-by-email;(Host check timed out after 30.03 seconds)
[1575215909] HOST ALERT: Director_Resident;DOWN;HARD;10;(Host check timed out after 30.03 seconds)
[1575215910] wproc: Core Worker 1742: job 35 (pid=11012): Dormant child reaped
[1575216226] wproc: Core Worker 1740: job 43 (pid=11271) timed out. Killing it
[1575216226] wproc: CHECK job 43 from worker Core Worker 1740 timed out after 30.03s
[1575216226] wproc:   host=Director_Bldg; service=(null);
[1575216226] wproc:   early_timeout=1; exited_ok=0; wait_status=0; error_code=62;
[1575216226] Warning: Check of host 'Director_Bldg' timed out after 30.03 seconds
[1575216227] wproc: Core Worker 1740: job 43 (pid=11271): Dormant child reaped
[1575216239] wproc: Core Worker 1741: job 43 (pid=11273) timed out. Killing it
[1575216239] wproc: CHECK job 43 from worker Core Worker 1741 timed out after 30.01s
[1575216239] wproc:   host=Director_Resident; service=(null);
[1575216239] wproc:   early_timeout=1; exited_ok=0; wait_status=0; error_code=62;
[1575216239] Warning: Check of host 'Director_Resident' timed out after 30.01 seconds
[1575216240] wproc: Core Worker 1741: job 43 (pid=11273): Dormant child reaped
[1575216274] wproc: Core Worker 1742: job 51 (pid=11331) timed out. Killing it
[1575216274] wproc: Core Worker 1742: job 22780976 with pid 11331 reaped at timeout. timeouts=2; started=52
[1575216526] wproc: Core Worker 1741: job 54 (pid=11530) timed out. Killing it
[1575216526] wproc: CHECK job 54 from worker Core Worker 1741 timed out after 30.03s
[1575216526] wproc:   host=Director_Bldg; service=(null);
[1575216526] wproc:   early_timeout=1; exited_ok=0; wait_status=0; error_code=62;
[1575216526] Warning: Check of host 'Director_Bldg' timed out after 30.03 seconds
[1575216527] wproc: Core Worker 1741: job 54 (pid=11530): Dormant child reaped
[1575216539] wproc: Core Worker 1739: job 54 (pid=11532) timed out. Killing it
[1575216539] wproc: CHECK job 54 from worker Core Worker 1739 timed out after 30.01s
[1575216539] wproc:   host=Director_Resident; service=(null);
[1575216539] wproc:   early_timeout=1; exited_ok=0; wait_status=0; error_code=62;
[1575216539] Warning: Check of host 'Director_Resident' timed out after 30.01 seconds
[1575216540] wproc: Core Worker 1739: job 54 (pid=11532): Dormant child reaped
[1575216826] wproc: Core Worker 1740: job 62 (pid=11773) timed out. Killing it
[1575216826] wproc: CHECK job 62 from worker Core Worker 1740 timed out after 30.03s
[1575216826] wproc:   host=Director_Bldg; service=(null);
[1575216826] wproc:   early_timeout=1; exited_ok=0; wait_status=0; error_code=62;
[1575216826] Warning: Check of host 'Director_Bldg' timed out after 30.03 seconds
[1575216827] wproc: Core Worker 1740: job 62 (pid=11773): Dormant child reaped
[1575216839] wproc: Core Worker 1741: job 62 (pid=11775) timed out. Killing it
[1575216839] wproc: CHECK job 62 from worker Core Worker 1741 timed out after 30.01s
[1575216839] wproc:   host=Director_Resident; service=(null);
[1575216839] wproc:   early_timeout=1; exited_ok=0; wait_status=0; error_code=62;
[1575216839] Warning: Check of host 'Director_Resident' timed out after 30.01 seconds
[1575216840] wproc: Core Worker 1741: job 62 (pid=11775): Dormant child reaped
[1575216843] SERVICE ALERT: esxi06;PING;WARNING;SOFT;1;PING WARNING - Packet loss = 20%, RTA = 3.45 ms
[1575216907] SERVICE ALERT: esxi06;PING;OK;SOFT;2;PING OK - Packet loss = 0%, RTA = 0.47 ms
[1575217126] wproc: Core Worker 1742: job 74 (pid=12034) timed out. Killing it
[1575217126] wproc: CHECK job 74 from worker Core Worker 1742 timed out after 30.01s
[1575217126] wproc:   host=Director_Bldg; service=(null);
[1575217126] wproc:   early_timeout=1; exited_ok=0; wait_status=0; error_code=62;
[1575217126] Warning: Check of host 'Director_Bldg' timed out after 30.01 seconds
[1575217127] wproc: Core Worker 1742: job 74 (pid=12034): Dormant child reaped
[1575217139] wproc: Core Worker 1740: job 74 (pid=12036) timed out. Killing it
[1575217139] wproc: CHECK job 74 from worker Core Worker 1740 timed out after 30.01s
[1575217139] wproc:   host=Director_Resident; service=(null);
[1575217139] wproc:   early_timeout=1; exited_ok=0; wait_status=0; error_code=62;
[1575217139] Warning: Check of host 'Director_Resident' timed out after 30.01 seconds
[1575217140] wproc: Core Worker 1740: job 74 (pid=12036): Dormant child reaped
[1575217400] HOST NOTIFICATION: nagiosadmin;Director_Bldg;UP;notify-host-by-email;PING OK - Packet loss = 0%, RTA = 0.70 ms
[1575217400] HOST ALERT: Director_Bldg;UP;HARD;1;PING OK - Packet loss = 0%, RTA = 0.70 ms
[1575217414] HOST NOTIFICATION: nagiosadmin;Director_Resident;UP;notify-host-by-email;PING OK - Packet loss = 40%, RTA = 0.74 ms
[1575217414] HOST ALERT: Director_Resident;UP;HARD;1;PING OK - Packet loss = 40%, RTA = 0.74 ms
[1575217593] SERVICE ALERT: Director_Bldg;check-host-alive;OK;HARD;3;PING OK - Packet loss = 0%, RTA = 0.64 ms
[1575217593] SERVICE ALERT: Director_Resident;check-host-alive;OK;HARD;3;PING OK - Packet loss = 0%, RTA = 0.72 ms
[1575217743] SERVICE ALERT: esxi04;PING;WARNING;SOFT;1;PING WARNING - Packet loss = 40%, RTA = 0.44 ms
[1575217807] SERVICE ALERT: esxi04;PING;OK;SOFT;2;PING OK - Packet loss = 0%, RTA = 0.48 ms
[1575218074] wproc: Core Worker 1741: job 109 (pid=12898) timed out. Killing it
[1575218074] wproc: Core Worker 1741: job 16147328 with pid 12898 reaped at timeout. timeouts=2; started=110
[1575218343] SERVICE ALERT: esxi08;PING;WARNING;SOFT;1;PING WARNING - Packet loss = 20%, RTA = 0.69 ms
[1575218407] SERVICE ALERT: esxi08;PING;OK;SOFT;2;PING OK - Packet loss = 0%, RTA = 0.45 ms
[1575218636] Auto-save of retention data completed successfully.
[1575222236] Auto-save of retention data completed successfully.
[1575868085] Caught SIGTERM, shutting down...
