[1601231400] LOG ROTATION: DAILY
[1601231400] LOG VERSION: 2.0
[1601231400] CURRENT HOST STATE: AP_Main_Bldg;UP;HARD;1;PING OK - Packet loss = 0%, RTA = 0.71 ms
[1601231400] CURRENT HOST STATE: Director_Bldg;UP;HARD;1;PING OK - Packet loss = 0%, RTA = 0.67 ms
[1601231400] CURRENT HOST STATE: Director_Resident;UP;HARD;1;PING OK - Packet loss = 0%, RTA = 1.28 ms
[1601231400] CURRENT HOST STATE: esxi01;UP;HARD;1;PING OK - Packet loss = 0%, RTA = 0.53 ms
[1601231400] CURRENT HOST STATE: esxi02;UP;HARD;1;PING OK - Packet loss = 0%, RTA = 0.49 ms
[1601231400] CURRENT HOST STATE: esxi03;UP;HARD;1;PING OK - Packet loss = 0%, RTA = 0.36 ms
[1601231400] CURRENT HOST STATE: esxi04;UP;HARD;1;PING OK - Packet loss = 0%, RTA = 0.57 ms
[1601231400] CURRENT HOST STATE: esxi05;UP;HARD;1;PING OK - Packet loss = 0%, RTA = 0.48 ms
[1601231400] CURRENT HOST STATE: esxi06;UP;HARD;1;PING OK - Packet loss = 0%, RTA = 0.72 ms
[1601231400] CURRENT HOST STATE: esxi07;UP;HARD;1;PING OK - Packet loss = 0%, RTA = 0.58 ms
[1601231400] CURRENT HOST STATE: esxi08;UP;HARD;1;PING OK - Packet loss = 0%, RTA = 0.78 ms
[1601231400] CURRENT HOST STATE: esxi09;UP;HARD;1;PING OK - Packet loss = 0%, RTA = 0.40 ms
[1601231400] CURRENT HOST STATE: localhost;UP;HARD;1;PING OK - Packet loss = 0%, RTA = 0.05 ms
[1601231400] CURRENT HOST STATE: vmware10gswitch;UP;HARD;1;PING OK - Packet loss = 0%, RTA = 1.32 ms
[1601231400] CURRENT HOST STATE: vmwaremgmtswitch;UP;HARD;1;PING OK - Packet loss = 0%, RTA = 0.83 ms
[1601231400] CURRENT SERVICE STATE: AP_Main_Bldg;check-host-alive;OK;HARD;1;PING OK - Packet loss = 0%, RTA = 0.72 ms
[1601231400] CURRENT SERVICE STATE: Director_Bldg;check-host-alive;OK;HARD;1;PING OK - Packet loss = 0%, RTA = 0.61 ms
[1601231400] CURRENT SERVICE STATE: Director_Resident;check-host-alive;OK;HARD;1;PING OK - Packet loss = 0%, RTA = 0.91 ms
[1601231400] CURRENT SERVICE STATE: esxi01;ESXi Hardware Check;OK;HARD;1;OK - Server: Cisco Systems Inc UCSC-C220-M4S s/n: FCH22157EQH Chassis S/N: FCH2216V0WN  System BIOS: C220M4.3.0.4a.0.0226182253 2018-02-26
[1601231400] CURRENT SERVICE STATE: esxi01;PING;OK;HARD;1;PING OK - Packet loss = 0%, RTA = 0.46 ms
[1601231400] CURRENT SERVICE STATE: esxi02;ESXi Hardware Check;UNKNOWN;HARD;3;UNKNOWN:
[1601231400] CURRENT SERVICE STATE: esxi02;PING;OK;HARD;1;PING OK - Packet loss = 0%, RTA = 0.49 ms
[1601231400] CURRENT SERVICE STATE: esxi03;ESXi Hardware Check;OK;HARD;1;OK - Server: Cisco Systems Inc UCSC-C220-M4S s/n: FCH22157ESB Chassis S/N: FCH2216V0TW  System BIOS: C220M4.3.0.4a.0.0226182253 2018-02-26
[1601231400] CURRENT SERVICE STATE: esxi03;PING;OK;HARD;1;PING OK - Packet loss = 0%, RTA = 0.37 ms
[1601231400] CURRENT SERVICE STATE: esxi04;ESXi Hardware Check;OK;HARD;1;OK - Server: Cisco Systems Inc UCSC-C220-M4S s/n: FCH22137QKB Chassis S/N: FCH2216V0YZ  System BIOS: C220M4.3.0.4a.0.0226182253 2018-02-26
[1601231400] CURRENT SERVICE STATE: esxi04;PING;OK;HARD;1;PING OK - Packet loss = 0%, RTA = 0.42 ms
[1601231400] CURRENT SERVICE STATE: esxi05;ESXi Hardware Check;OK;HARD;1;OK - Server: Cisco Systems Inc UCSC-C220-M4S s/n: FCH22157EPD Chassis S/N: FCH2216V0Z0  System BIOS: C220M4.3.0.4a.0.0226182253 2018-02-26
[1601231400] CURRENT SERVICE STATE: esxi05;PING;OK;HARD;1;PING OK - Packet loss = 0%, RTA = 0.51 ms
[1601231400] CURRENT SERVICE STATE: esxi06;ESXi Haradware Check;OK;HARD;1;OK - Server: Cisco Systems Inc UCSC-C220-M4S s/n: FCH22157ERW Chassis S/N: FCH2216V0X8  System BIOS: C220M4.3.0.4a.0.0226182253 2018-02-26
[1601231400] CURRENT SERVICE STATE: esxi06;PING;OK;HARD;1;PING OK - Packet loss = 0%, RTA = 0.59 ms
[1601231400] CURRENT SERVICE STATE: esxi07;ESXi Hardware Check;OK;HARD;1;OK - Server: Cisco Systems Inc UCSC-C220-M4S s/n: FCH22157EV7 Chassis S/N: FCH2216V0Y8  System BIOS: C220M4.3.0.4a.0.0226182253 2018-02-26
[1601231400] CURRENT SERVICE STATE: esxi07;PING;OK;HARD;1;PING OK - Packet loss = 0%, RTA = 0.90 ms
[1601231400] CURRENT SERVICE STATE: esxi08;ESXi Hardware Check;OK;HARD;1;OK - Server: Cisco Systems Inc UCSC-C220-M4S s/n: FCH22137QJN Chassis S/N: FCH2216V0YV  System BIOS: C220M4.3.0.4a.0.0226182253 2018-02-26
[1601231400] CURRENT SERVICE STATE: esxi08;PING;OK;HARD;1;PING OK - Packet loss = 0%, RTA = 0.39 ms
[1601231400] CURRENT SERVICE STATE: esxi09;ESXi Hardware Check;OK;HARD;1;OK - Server: Cisco Systems Inc UCSC-C220-M4S s/n: FCH22157ERY Chassis S/N: FCH2216V0YN  System BIOS: C220M4.3.0.4a.0.0226182253 2018-02-26
[1601231400] CURRENT SERVICE STATE: esxi09;PING;OK;HARD;1;PING OK - Packet loss = 0%, RTA = 0.37 ms
[1601231400] CURRENT SERVICE STATE: localhost;Current Load;OK;HARD;1;OK - load average: 0.00, 0.01, 0.05
[1601231400] CURRENT SERVICE STATE: localhost;Current Users;OK;HARD;1;USERS OK - 0 users currently logged in
[1601231400] CURRENT SERVICE STATE: localhost;PING;OK;HARD;1;PING OK - Packet loss = 0%, RTA = 0.04 ms
[1601231400] CURRENT SERVICE STATE: localhost;Root Partition;OK;HARD;1;DISK OK - free space: / 42829 MB (83.69% inode=99%):
[1601231400] CURRENT SERVICE STATE: localhost;SSH;OK;HARD;1;SSH OK - OpenSSH_7.4 (protocol 2.0)
[1601231400] CURRENT SERVICE STATE: localhost;Swap Usage;OK;HARD;1;SWAP OK - 100% free (3967 MB out of 3967 MB)
[1601231400] CURRENT SERVICE STATE: localhost;Total Processes;OK;HARD;1;PROCS OK: 76 processes with STATE = RSZDT
[1601231400] CURRENT SERVICE STATE: vmware10gswitch;check-host-alive;OK;HARD;1;PING OK - Packet loss = 0%, RTA = 1.36 ms
[1601231400] CURRENT SERVICE STATE: vmwaremgmtswitch;check-host-alive;OK;HARD;1;PING OK - Packet loss = 0%, RTA = 0.79 ms
[1601233772] Auto-save of retention data completed successfully.
[1601237372] Auto-save of retention data completed successfully.
[1601240972] Auto-save of retention data completed successfully.
[1601244572] Auto-save of retention data completed successfully.
[1601248172] Auto-save of retention data completed successfully.
[1601251772] Auto-save of retention data completed successfully.
[1601255372] Auto-save of retention data completed successfully.
[1601258972] Auto-save of retention data completed successfully.
[1601262572] Auto-save of retention data completed successfully.
[1601266172] Auto-save of retention data completed successfully.
[1601269053] SERVICE ALERT: Director_Bldg;check-host-alive;CRITICAL;SOFT;1;CRITICAL - Plugin timed out
[1601269056] SERVICE ALERT: Director_Resident;check-host-alive;CRITICAL;SOFT;1;CRITICAL - Plugin timed out
[1601269083] wproc: Core Worker 8827: job 47208 (pid=27323) timed out. Killing it
[1601269083] wproc: CHECK job 47208 from worker Core Worker 8827 timed out after 30.00s
[1601269083] wproc:   host=Director_Bldg; service=(null);
[1601269083] wproc:   early_timeout=1; exited_ok=0; wait_status=0; error_code=62;
[1601269083] Warning: Check of host 'Director_Bldg' timed out after 30.00 seconds
[1601269083] HOST ALERT: Director_Bldg;DOWN;SOFT;1;(Host check timed out after 30.00 seconds)
[1601269083] wproc: Core Worker 8827: job 47208 (pid=27323): Dormant child reaped
[1601269086] wproc: Core Worker 8828: job 47208 (pid=27325) timed out. Killing it
[1601269086] wproc: CHECK job 47208 from worker Core Worker 8828 timed out after 30.01s
[1601269086] wproc:   host=Director_Resident; service=(null);
[1601269086] wproc:   early_timeout=1; exited_ok=0; wait_status=0; error_code=62;
[1601269086] Warning: Check of host 'Director_Resident' timed out after 30.01 seconds
[1601269086] HOST ALERT: Director_Resident;DOWN;SOFT;1;(Host check timed out after 30.01 seconds)
[1601269087] wproc: Core Worker 8828: job 47208 (pid=27325): Dormant child reaped
[1601269173] wproc: Core Worker 8828: job 47212 (pid=27364) timed out. Killing it
[1601269173] wproc: CHECK job 47212 from worker Core Worker 8828 timed out after 30.01s
[1601269173] wproc:   host=Director_Bldg; service=(null);
[1601269173] wproc:   early_timeout=1; exited_ok=0; wait_status=0; error_code=62;
[1601269173] Warning: Check of host 'Director_Bldg' timed out after 30.01 seconds
[1601269173] HOST ALERT: Director_Bldg;DOWN;SOFT;2;(Host check timed out after 30.01 seconds)
[1601269173] wproc: Core Worker 8828: job 47212 (pid=27364): Dormant child reaped
[1601269176] wproc: Core Worker 8830: job 47212 (pid=27366) timed out. Killing it
[1601269176] wproc: CHECK job 47212 from worker Core Worker 8830 timed out after 30.01s
[1601269176] wproc:   host=Director_Resident; service=(null);
[1601269176] wproc:   early_timeout=1; exited_ok=0; wait_status=0; error_code=62;
[1601269176] Warning: Check of host 'Director_Resident' timed out after 30.01 seconds
[1601269176] HOST ALERT: Director_Resident;DOWN;SOFT;2;(Host check timed out after 30.01 seconds)
[1601269177] wproc: Core Worker 8830: job 47212 (pid=27366): Dormant child reaped
[1601269204] SERVICE ALERT: Director_Bldg;check-host-alive;CRITICAL;HARD;3;CRITICAL - Plugin timed out
[1601269207] SERVICE ALERT: Director_Resident;check-host-alive;CRITICAL;HARD;3;CRITICAL - Plugin timed out
[1601269263] wproc: Core Worker 8827: job 47216 (pid=27553) timed out. Killing it
[1601269263] wproc: CHECK job 47216 from worker Core Worker 8827 timed out after 30.02s
[1601269263] wproc:   host=Director_Bldg; service=(null);
[1601269263] wproc:   early_timeout=1; exited_ok=0; wait_status=0; error_code=62;
[1601269263] Warning: Check of host 'Director_Bldg' timed out after 30.02 seconds
[1601269263] HOST ALERT: Director_Bldg;DOWN;SOFT;3;(Host check timed out after 30.02 seconds)
[1601269263] wproc: Core Worker 8827: job 47216 (pid=27553): Dormant child reaped
[1601269266] wproc: Core Worker 8828: job 47216 (pid=27555) timed out. Killing it
[1601269266] wproc: CHECK job 47216 from worker Core Worker 8828 timed out after 30.02s
[1601269266] wproc:   host=Director_Resident; service=(null);
[1601269266] wproc:   early_timeout=1; exited_ok=0; wait_status=0; error_code=62;
[1601269266] Warning: Check of host 'Director_Resident' timed out after 30.02 seconds
[1601269266] HOST ALERT: Director_Resident;DOWN;SOFT;3;(Host check timed out after 30.02 seconds)
[1601269267] wproc: Core Worker 8828: job 47216 (pid=27555): Dormant child reaped
[1601269353] wproc: Core Worker 8827: job 47219 (pid=27582) timed out. Killing it
[1601269353] wproc: CHECK job 47219 from worker Core Worker 8827 timed out after 30.03s
[1601269353] wproc:   host=Director_Bldg; service=(null);
[1601269353] wproc:   early_timeout=1; exited_ok=0; wait_status=0; error_code=62;
[1601269353] Warning: Check of host 'Director_Bldg' timed out after 30.03 seconds
[1601269353] HOST ALERT: Director_Bldg;DOWN;SOFT;4;(Host check timed out after 30.03 seconds)
[1601269353] wproc: Core Worker 8827: job 47219 (pid=27582): Dormant child reaped
[1601269356] wproc: Core Worker 8828: job 47219 (pid=27584) timed out. Killing it
[1601269356] wproc: CHECK job 47219 from worker Core Worker 8828 timed out after 30.01s
[1601269356] wproc:   host=Director_Resident; service=(null);
[1601269356] wproc:   early_timeout=1; exited_ok=0; wait_status=0; error_code=62;
[1601269356] Warning: Check of host 'Director_Resident' timed out after 30.01 seconds
[1601269356] HOST ALERT: Director_Resident;DOWN;SOFT;4;(Host check timed out after 30.01 seconds)
[1601269357] wproc: Core Worker 8828: job 47219 (pid=27584): Dormant child reaped
[1601269443] wproc: Core Worker 8827: job 47223 (pid=27627) timed out. Killing it
[1601269443] wproc: CHECK job 47223 from worker Core Worker 8827 timed out after 30.02s
[1601269443] wproc:   host=Director_Bldg; service=(null);
[1601269443] wproc:   early_timeout=1; exited_ok=0; wait_status=0; error_code=62;
[1601269443] Warning: Check of host 'Director_Bldg' timed out after 30.02 seconds
[1601269443] HOST ALERT: Director_Bldg;DOWN;SOFT;5;(Host check timed out after 30.02 seconds)
[1601269443] wproc: Core Worker 8827: job 47223 (pid=27627): Dormant child reaped
[1601269446] wproc: Core Worker 8828: job 47223 (pid=27629) timed out. Killing it
[1601269446] wproc: CHECK job 47223 from worker Core Worker 8828 timed out after 30.03s
[1601269446] wproc:   host=Director_Resident; service=(null);
[1601269446] wproc:   early_timeout=1; exited_ok=0; wait_status=0; error_code=62;
[1601269446] Warning: Check of host 'Director_Resident' timed out after 30.03 seconds
[1601269446] HOST ALERT: Director_Resident;DOWN;SOFT;5;(Host check timed out after 30.03 seconds)
[1601269447] wproc: Core Worker 8828: job 47223 (pid=27629): Dormant child reaped
[1601269533] wproc: Core Worker 8827: job 47225 (pid=27747) timed out. Killing it
[1601269533] wproc: CHECK job 47225 from worker Core Worker 8827 timed out after 30.01s
[1601269533] wproc:   host=Director_Bldg; service=(null);
[1601269533] wproc:   early_timeout=1; exited_ok=0; wait_status=0; error_code=62;
[1601269533] Warning: Check of host 'Director_Bldg' timed out after 30.01 seconds
[1601269533] HOST ALERT: Director_Bldg;DOWN;SOFT;6;(Host check timed out after 30.01 seconds)
[1601269533] wproc: Core Worker 8827: job 47225 (pid=27747): Dormant child reaped
[1601269536] wproc: Core Worker 8830: job 47225 (pid=27792) timed out. Killing it
[1601269536] wproc: CHECK job 47225 from worker Core Worker 8830 timed out after 30.03s
[1601269536] wproc:   host=Director_Resident; service=(null);
[1601269536] wproc:   early_timeout=1; exited_ok=0; wait_status=0; error_code=62;
[1601269536] Warning: Check of host 'Director_Resident' timed out after 30.03 seconds
[1601269536] HOST ALERT: Director_Resident;DOWN;SOFT;6;(Host check timed out after 30.03 seconds)
[1601269537] wproc: Core Worker 8830: job 47225 (pid=27792): Dormant child reaped
[1601269623] wproc: Core Worker 8827: job 47227 (pid=27820) timed out. Killing it
[1601269623] wproc: CHECK job 47227 from worker Core Worker 8827 timed out after 30.01s
[1601269623] wproc:   host=Director_Bldg; service=(null);
[1601269623] wproc:   early_timeout=1; exited_ok=0; wait_status=0; error_code=62;
[1601269623] Warning: Check of host 'Director_Bldg' timed out after 30.01 seconds
[1601269623] HOST ALERT: Director_Bldg;DOWN;SOFT;7;(Host check timed out after 30.01 seconds)
[1601269623] wproc: Core Worker 8827: job 47227 (pid=27820): Dormant child reaped
[1601269626] wproc: Core Worker 8830: job 47227 (pid=27824) timed out. Killing it
[1601269626] wproc: CHECK job 47227 from worker Core Worker 8830 timed out after 30.01s
[1601269626] wproc:   host=Director_Resident; service=(null);
[1601269626] wproc:   early_timeout=1; exited_ok=0; wait_status=0; error_code=62;
[1601269626] Warning: Check of host 'Director_Resident' timed out after 30.01 seconds
[1601269626] HOST ALERT: Director_Resident;DOWN;SOFT;7;(Host check timed out after 30.01 seconds)
[1601269627] wproc: Core Worker 8830: job 47227 (pid=27824): Dormant child reaped
[1601269713] wproc: Core Worker 8830: job 47231 (pid=27861) timed out. Killing it
[1601269713] wproc: CHECK job 47231 from worker Core Worker 8830 timed out after 30.01s
[1601269713] wproc:   host=Director_Bldg; service=(null);
[1601269713] wproc:   early_timeout=1; exited_ok=0; wait_status=0; error_code=62;
[1601269713] Warning: Check of host 'Director_Bldg' timed out after 30.01 seconds
[1601269713] HOST ALERT: Director_Bldg;DOWN;SOFT;8;(Host check timed out after 30.01 seconds)
[1601269713] wproc: Core Worker 8830: job 47231 (pid=27861): Dormant child reaped
[1601269716] wproc: Core Worker 8829: job 47231 (pid=27863) timed out. Killing it
[1601269716] wproc: CHECK job 47231 from worker Core Worker 8829 timed out after 30.01s
[1601269716] wproc:   host=Director_Resident; service=(null);
[1601269716] wproc:   early_timeout=1; exited_ok=0; wait_status=0; error_code=62;
[1601269716] Warning: Check of host 'Director_Resident' timed out after 30.01 seconds
[1601269716] HOST ALERT: Director_Resident;DOWN;SOFT;8;(Host check timed out after 30.01 seconds)
[1601269717] wproc: Core Worker 8829: job 47231 (pid=27863): Dormant child reaped
[1601269772] Auto-save of retention data completed successfully.
[1601269803] wproc: Core Worker 8827: job 47234 (pid=27898) timed out. Killing it
[1601269803] wproc: CHECK job 47234 from worker Core Worker 8827 timed out after 30.01s
[1601269803] wproc:   host=Director_Bldg; service=(null);
[1601269803] wproc:   early_timeout=1; exited_ok=0; wait_status=0; error_code=62;
[1601269803] Warning: Check of host 'Director_Bldg' timed out after 30.01 seconds
[1601269803] HOST ALERT: Director_Bldg;DOWN;SOFT;9;(Host check timed out after 30.01 seconds)
[1601269803] wproc: Core Worker 8827: job 47234 (pid=27898): Dormant child reaped
[1601269806] wproc: Core Worker 8829: job 47234 (pid=27904) timed out. Killing it
[1601269806] wproc: CHECK job 47234 from worker Core Worker 8829 timed out after 30.01s
[1601269806] wproc:   host=Director_Resident; service=(null);
[1601269806] wproc:   early_timeout=1; exited_ok=0; wait_status=0; error_code=62;
[1601269806] Warning: Check of host 'Director_Resident' timed out after 30.01 seconds
[1601269806] HOST ALERT: Director_Resident;DOWN;SOFT;9;(Host check timed out after 30.01 seconds)
[1601269807] wproc: Core Worker 8829: job 47234 (pid=27904): Dormant child reaped
[1601269893] wproc: Core Worker 8827: job 47237 (pid=28073) timed out. Killing it
[1601269893] wproc: CHECK job 47237 from worker Core Worker 8827 timed out after 30.01s
[1601269893] wproc:   host=Director_Bldg; service=(null);
[1601269893] wproc:   early_timeout=1; exited_ok=0; wait_status=0; error_code=62;
[1601269893] Warning: Check of host 'Director_Bldg' timed out after 30.01 seconds
[1601269893] HOST NOTIFICATION: nagiosadmin;Director_Bldg;DOWN;notify-host-by-email;(Host check timed out after 30.01 seconds)
[1601269893] HOST ALERT: Director_Bldg;DOWN;HARD;10;(Host check timed out after 30.01 seconds)
[1601269893] wproc: Core Worker 8827: job 47237 (pid=28073): Dormant child reaped
[1601269896] wproc: Core Worker 8828: job 47237 (pid=28075) timed out. Killing it
[1601269896] wproc: CHECK job 47237 from worker Core Worker 8828 timed out after 30.01s
[1601269896] wproc:   host=Director_Resident; service=(null);
[1601269896] wproc:   early_timeout=1; exited_ok=0; wait_status=0; error_code=62;
[1601269896] Warning: Check of host 'Director_Resident' timed out after 30.01 seconds
[1601269896] HOST NOTIFICATION: nagiosadmin;Director_Resident;DOWN;notify-host-by-email;(Host check timed out after 30.01 seconds)
[1601269896] HOST ALERT: Director_Resident;DOWN;HARD;10;(Host check timed out after 30.01 seconds)
[1601269897] wproc: Core Worker 8828: job 47237 (pid=28075): Dormant child reaped
[1601270223] wproc: Core Worker 8829: job 47246 (pid=28339) timed out. Killing it
[1601270223] wproc: CHECK job 47246 from worker Core Worker 8829 timed out after 30.01s
[1601270223] wproc:   host=Director_Bldg; service=(null);
[1601270223] wproc:   early_timeout=1; exited_ok=0; wait_status=0; error_code=62;
[1601270223] Warning: Check of host 'Director_Bldg' timed out after 30.01 seconds
[1601270223] wproc: Core Worker 8829: job 47246 (pid=28339): Dormant child reaped
[1601270226] wproc: Core Worker 8828: job 47247 (pid=28343) timed out. Killing it
[1601270226] wproc: CHECK job 47247 from worker Core Worker 8828 timed out after 30.01s
[1601270226] wproc:   host=Director_Resident; service=(null);
[1601270226] wproc:   early_timeout=1; exited_ok=0; wait_status=0; error_code=62;
[1601270226] Warning: Check of host 'Director_Resident' timed out after 30.01 seconds
[1601270227] wproc: Core Worker 8828: job 47247 (pid=28343): Dormant child reaped
[1601270377] SERVICE ALERT: Director_Bldg;check-host-alive;OK;HARD;3;PING OK - Packet loss = 0%, RTA = 0.58 ms
[1601270381] HOST NOTIFICATION: nagiosadmin;Director_Bldg;UP;notify-host-by-email;PING OK - Packet loss = 0%, RTA = 0.56 ms
[1601270381] HOST ALERT: Director_Bldg;UP;HARD;1;PING OK - Packet loss = 0%, RTA = 0.56 ms
[1601270381] SERVICE ALERT: Director_Resident;check-host-alive;OK;HARD;3;PING OK - Packet loss = 20%, RTA = 0.62 ms
[1601270385] HOST NOTIFICATION: nagiosadmin;Director_Resident;UP;notify-host-by-email;PING OK - Packet loss = 0%, RTA = 0.65 ms
[1601270385] HOST ALERT: Director_Resident;UP;HARD;1;PING OK - Packet loss = 0%, RTA = 0.65 ms
[1601273372] Auto-save of retention data completed successfully.
[1601276972] Auto-save of retention data completed successfully.
[1601280572] Auto-save of retention data completed successfully.
[1601284172] Auto-save of retention data completed successfully.
[1601287772] Auto-save of retention data completed successfully.
[1601291372] Auto-save of retention data completed successfully.
[1601294972] Auto-save of retention data completed successfully.
[1601298572] Auto-save of retention data completed successfully.
[1601302172] Auto-save of retention data completed successfully.
[1601305772] Auto-save of retention data completed successfully.
[1601309372] Auto-save of retention data completed successfully.
[1601312972] Auto-save of retention data completed successfully.
[1601316572] Auto-save of retention data completed successfully.
[1601316692] SERVICE ALERT: esxi01;PING;WARNING;SOFT;1;PING WARNING - Packet loss = 20%, RTA = 0.36 ms
[1601316756] SERVICE ALERT: esxi01;PING;OK;SOFT;2;PING OK - Packet loss = 0%, RTA = 0.46 ms
