[1612204200] LOG ROTATION: DAILY
[1612204200] LOG VERSION: 2.0
[1612204200] CURRENT HOST STATE: AP_Main_Bldg;DOWN;HARD;10;CRITICAL - Host Unreachable (10.3.1.25)
[1612204200] CURRENT HOST STATE: Director_Bldg;UP;HARD;1;PING OK - Packet loss = 0%, RTA = 0.56 ms
[1612204200] CURRENT HOST STATE: Director_Resident;UP;HARD;1;PING OK - Packet loss = 0%, RTA = 0.37 ms
[1612204200] CURRENT HOST STATE: esxi01;UP;HARD;1;PING OK - Packet loss = 0%, RTA = 0.43 ms
[1612204200] CURRENT HOST STATE: esxi02;UP;HARD;1;PING OK - Packet loss = 0%, RTA = 0.42 ms
[1612204200] CURRENT HOST STATE: esxi03;UP;HARD;1;PING OK - Packet loss = 0%, RTA = 0.43 ms
[1612204200] CURRENT HOST STATE: esxi04;UP;HARD;1;PING OK - Packet loss = 0%, RTA = 0.39 ms
[1612204200] CURRENT HOST STATE: esxi05;UP;HARD;1;PING OK - Packet loss = 0%, RTA = 0.50 ms
[1612204200] CURRENT HOST STATE: esxi06;UP;HARD;1;PING OK - Packet loss = 0%, RTA = 0.30 ms
[1612204200] CURRENT HOST STATE: esxi07;UP;HARD;1;PING OK - Packet loss = 0%, RTA = 0.49 ms
[1612204200] CURRENT HOST STATE: esxi08;UP;HARD;1;PING OK - Packet loss = 0%, RTA = 0.32 ms
[1612204200] CURRENT HOST STATE: esxi09;UP;HARD;1;PING OK - Packet loss = 0%, RTA = 0.65 ms
[1612204200] CURRENT HOST STATE: localhost;UP;HARD;1;PING OK - Packet loss = 0%, RTA = 0.06 ms
[1612204200] CURRENT HOST STATE: vmware10gswitch;UP;HARD;1;PING OK - Packet loss = 0%, RTA = 1.17 ms
[1612204200] CURRENT HOST STATE: vmwaremgmtswitch;UP;HARD;1;PING OK - Packet loss = 0%, RTA = 0.84 ms
[1612204200] CURRENT SERVICE STATE: AP_Main_Bldg;check-host-alive;CRITICAL;HARD;1;CRITICAL - Host Unreachable (10.3.1.25)
[1612204200] CURRENT SERVICE STATE: Director_Bldg;check-host-alive;OK;HARD;1;PING OK - Packet loss = 0%, RTA = 0.59 ms
[1612204200] CURRENT SERVICE STATE: Director_Resident;check-host-alive;OK;HARD;1;PING OK - Packet loss = 0%, RTA = 0.31 ms
[1612204200] CURRENT SERVICE STATE: esxi01;ESXi Hardware Check;OK;HARD;1;OK - Server: Cisco Systems Inc UCSC-C220-M4S s/n: FCH22157EQH Chassis S/N: FCH2216V0WN  System BIOS: C220M4.3.0.4a.0.0226182253 2018-02-26
[1612204200] CURRENT SERVICE STATE: esxi01;PING;OK;HARD;1;PING OK - Packet loss = 0%, RTA = 0.57 ms
[1612204200] CURRENT SERVICE STATE: esxi02;ESXi Hardware Check;OK;HARD;1;OK - Server: Cisco Systems Inc UCSC-C220-M4S s/n: FCH22157E1D Chassis S/N: FCH2216V0Y6  System BIOS: C220M4.3.0.4a.0.0226182253 2018-02-26
[1612204200] CURRENT SERVICE STATE: esxi02;PING;OK;HARD;1;PING OK - Packet loss = 0%, RTA = 0.44 ms
[1612204200] CURRENT SERVICE STATE: esxi03;ESXi Hardware Check;OK;HARD;1;OK - Server: Cisco Systems Inc UCSC-C220-M4S s/n: FCH22157ESB Chassis S/N: FCH2216V0TW  System BIOS: C220M4.3.0.4a.0.0226182253 2018-02-26
[1612204200] CURRENT SERVICE STATE: esxi03;PING;OK;HARD;1;PING OK - Packet loss = 0%, RTA = 0.34 ms
[1612204200] CURRENT SERVICE STATE: esxi04;ESXi Hardware Check;OK;HARD;1;OK - Server: Cisco Systems Inc UCSC-C220-M4S s/n: FCH22137QKB Chassis S/N: FCH2216V0YZ  System BIOS: C220M4.3.0.4a.0.0226182253 2018-02-26
[1612204200] CURRENT SERVICE STATE: esxi04;PING;OK;HARD;1;PING OK - Packet loss = 0%, RTA = 0.39 ms
[1612204200] CURRENT SERVICE STATE: esxi05;ESXi Hardware Check;OK;HARD;1;OK - Server: Cisco Systems Inc UCSC-C220-M4S s/n: FCH22157EPD Chassis S/N: FCH2216V0Z0  System BIOS: C220M4.3.0.4a.0.0226182253 2018-02-26
[1612204200] CURRENT SERVICE STATE: esxi05;PING;OK;HARD;1;PING OK - Packet loss = 0%, RTA = 0.38 ms
[1612204200] CURRENT SERVICE STATE: esxi06;ESXi Haradware Check;OK;HARD;1;OK - Server: Cisco Systems Inc UCSC-C220-M4S s/n: FCH22157ERW Chassis S/N: FCH2216V0X8  System BIOS: C220M4.3.0.4a.0.0226182253 2018-02-26
[1612204200] CURRENT SERVICE STATE: esxi06;PING;OK;HARD;1;PING OK - Packet loss = 0%, RTA = 0.34 ms
[1612204200] CURRENT SERVICE STATE: esxi07;ESXi Hardware Check;OK;HARD;1;OK - Server: Cisco Systems Inc UCSC-C220-M4S s/n: FCH22157EV7 Chassis S/N: FCH2216V0Y8  System BIOS: C220M4.3.0.4a.0.0226182253 2018-02-26
[1612204200] CURRENT SERVICE STATE: esxi07;PING;OK;HARD;1;PING OK - Packet loss = 0%, RTA = 0.49 ms
[1612204200] CURRENT SERVICE STATE: esxi08;ESXi Hardware Check;OK;HARD;1;OK - Server: Cisco Systems Inc UCSC-C220-M4S s/n: FCH22137QJN Chassis S/N: FCH2216V0YV  System BIOS: C220M4.3.0.4a.0.0226182253 2018-02-26
[1612204200] CURRENT SERVICE STATE: esxi08;PING;OK;HARD;1;PING OK - Packet loss = 0%, RTA = 0.29 ms
[1612204200] CURRENT SERVICE STATE: esxi09;ESXi Hardware Check;OK;HARD;1;OK - Server: Cisco Systems Inc UCSC-C220-M4S s/n: FCH22157ERY Chassis S/N: FCH2216V0YN  System BIOS: C220M4.3.0.4a.0.0226182253 2018-02-26
[1612204200] CURRENT SERVICE STATE: esxi09;PING;OK;HARD;1;PING OK - Packet loss = 0%, RTA = 0.32 ms
[1612204200] CURRENT SERVICE STATE: localhost;Current Load;OK;HARD;1;OK - load average: 0.00, 0.03, 0.05
[1612204200] CURRENT SERVICE STATE: localhost;Current Users;OK;HARD;1;USERS OK - 0 users currently logged in
[1612204200] CURRENT SERVICE STATE: localhost;PING;OK;HARD;1;PING OK - Packet loss = 0%, RTA = 0.03 ms
[1612204200] CURRENT SERVICE STATE: localhost;Root Partition;OK;HARD;1;DISK OK - free space: / 42761 MB (83.55% inode=99%):
[1612204200] CURRENT SERVICE STATE: localhost;SSH;OK;HARD;1;SSH OK - OpenSSH_7.4 (protocol 2.0)
[1612204200] CURRENT SERVICE STATE: localhost;Swap Usage;OK;HARD;1;SWAP OK - 100% free (3967 MB out of 3967 MB)
[1612204200] CURRENT SERVICE STATE: localhost;Total Processes;OK;HARD;1;PROCS OK: 75 processes with STATE = RSZDT
[1612204200] CURRENT SERVICE STATE: vmware10gswitch;check-host-alive;OK;HARD;1;PING OK - Packet loss = 0%, RTA = 1.24 ms
[1612204200] CURRENT SERVICE STATE: vmwaremgmtswitch;check-host-alive;OK;HARD;1;PING OK - Packet loss = 0%, RTA = 0.86 ms
[1612207795] Auto-save of retention data completed successfully.
[1612211395] Auto-save of retention data completed successfully.
[1612214995] Auto-save of retention data completed successfully.
[1612218595] Auto-save of retention data completed successfully.
[1612222195] Auto-save of retention data completed successfully.
[1612225795] Auto-save of retention data completed successfully.
[1612229395] Auto-save of retention data completed successfully.
[1612232995] Auto-save of retention data completed successfully.
[1612236595] Auto-save of retention data completed successfully.
[1612240195] Auto-save of retention data completed successfully.
[1612241481] SERVICE ALERT: esxi03;PING;WARNING;SOFT;1;PING WARNING - Packet loss = 20%, RTA = 0.37 ms
[1612241545] SERVICE ALERT: esxi03;PING;OK;SOFT;2;PING OK - Packet loss = 0%, RTA = 0.29 ms
[1612241910] SERVICE ALERT: esxi03;PING;WARNING;SOFT;1;PING WARNING - Packet loss = 20%, RTA = 0.43 ms
[1612241974] SERVICE ALERT: esxi03;PING;OK;SOFT;2;PING OK - Packet loss = 0%, RTA = 0.36 ms
[1612242039] SERVICE ALERT: esxi03;PING;WARNING;SOFT;1;PING WARNING - Packet loss = 20%, RTA = 0.37 ms
[1612242103] SERVICE ALERT: esxi03;PING;OK;SOFT;2;PING OK - Packet loss = 0%, RTA = 0.26 ms
[1612242168] SERVICE ALERT: esxi03;PING;WARNING;SOFT;1;PING WARNING - Packet loss = 20%, RTA = 0.43 ms
[1612242233] SERVICE ALERT: esxi03;PING;WARNING;SOFT;2;PING WARNING - Packet loss = 20%, RTA = 0.34 ms
[1612242297] SERVICE ALERT: esxi03;PING;OK;SOFT;3;PING OK - Packet loss = 0%, RTA = 0.29 ms
[1612243795] Auto-save of retention data completed successfully.
[1612246262] SERVICE ALERT: esxi03;PING;WARNING;SOFT;1;PING WARNING - Packet loss = 20%, RTA = 0.38 ms
[1612246326] SERVICE ALERT: esxi03;PING;OK;SOFT;2;PING OK - Packet loss = 0%, RTA = 0.32 ms
[1612247099] Caught SIGTERM, shutting down...
[1612247099] Caught SIGTERM, shutting down...
[1612247099] Successfully shutdown... (PID=16269)
[1612248649] Nagios 4.4.4 starting... (PID=1173)
[1612248649] Local time is Tue Feb 02 12:20:49 IST 2021
[1612248649] LOG VERSION: 2.0
[1612248649] qh: Socket '/usr/local/nagios/var/rw/nagios.qh' successfully initialized
[1612248649] qh: core query handler registered
[1612248649] qh: echo service query handler registered
[1612248649] qh: help for the query handler registered
[1612248649] wproc: Successfully registered manager as @wproc with query handler
[1612248649] wproc: Registry request: name=Core Worker 1175;pid=1175
[1612248649] wproc: Registry request: name=Core Worker 1176;pid=1176
[1612248649] wproc: Registry request: name=Core Worker 1177;pid=1177
[1612248649] wproc: Registry request: name=Core Worker 1178;pid=1178
[1612248649] Successfully launched command file worker with pid 1180
[1612248657] SERVICE ALERT: esxi03;PING;WARNING;SOFT;1;PING WARNING - Packet loss = 20%, RTA = 1.02 ms
[1612248683] wproc: Core Worker 1177: job 9 (pid=1246) timed out. Killing it
[1612248683] wproc: Core Worker 1177: job 37968480 with pid 1246 reaped at timeout. timeouts=1; started=11
[1612248684] wproc: Core Worker 1175: job 10 (pid=1250) timed out. Killing it
[1612248684] wproc: Core Worker 1175: job 23771744 with pid 1250 reaped at timeout. timeouts=1; started=12
[1612248684] wproc: Core Worker 1177: job 10 (pid=1252) timed out. Killing it
[1612248684] wproc: Core Worker 1177: job 37967456 with pid 1252 reaped at timeout. timeouts=2; started=11
[1612248694] wproc: Core Worker 1175: job 11 (pid=1261) timed out. Killing it
[1612248694] wproc: Core Worker 1175: job 23774816 with pid 1261 reaped at timeout. timeouts=2; started=12
[1612248709] Warning: The check of service 'check-host-alive' on host 'vmware10gswitch' looks like it was orphaned (results never came back; last_check=1612246899; next_check=490).  I'm scheduling an immediate check of the service...
[1612248709] wproc: Core Worker 1177: job 8 (pid=1209) timed out. Killing it
[1612248709] wproc: Core Worker 1177: job 37975184 with pid 1209 reaped at timeout. timeouts=3; started=11
[1612248721] SERVICE ALERT: esxi03;PING;OK;SOFT;2;PING OK - Packet loss = 0%, RTA = 0.27 ms
[1612249283] wproc: Core Worker 1178: job 32 (pid=1814) timed out. Killing it
[1612249283] wproc: Core Worker 1178: job 34103184 with pid 1814 reaped at timeout. timeouts=1; started=34
[1612249284] wproc: Core Worker 1178: job 33 (pid=1822) timed out. Killing it
[1612249284] wproc: Core Worker 1178: job 34105920 with pid 1822 reaped at timeout. timeouts=2; started=34
[1612249884] wproc: Core Worker 1175: job 57 (pid=2372) timed out. Killing it
[1612249884] wproc: Core Worker 1175: job 23771216 with pid 2372 reaped at timeout. timeouts=3; started=58
[1612249887] wproc: Core Worker 1176: job 57 (pid=2375) timed out. Killing it
[1612249887] wproc: Core Worker 1176: job 31319904 with pid 2375 reaped at timeout. timeouts=1; started=58
[1612249894] wproc: Core Worker 1177: job 57 (pid=2377) timed out. Killing it
[1612249894] wproc: Core Worker 1177: job 37972816 with pid 2377 reaped at timeout. timeouts=4; started=58
[1612250154] SERVICE ALERT: esxi05;PING;WARNING;SOFT;1;PING WARNING - Packet loss = 20%, RTA = 0.43 ms
[1612250154] SERVICE ALERT: esxi02;PING;WARNING;SOFT;1;PING WARNING - Packet loss = 20%, RTA = 0.26 ms
[1612250218] SERVICE ALERT: esxi02;PING;OK;SOFT;2;PING OK - Packet loss = 0%, RTA = 0.36 ms
[1612250218] SERVICE ALERT: esxi05;PING;OK;SOFT;2;PING OK - Packet loss = 0%, RTA = 0.47 ms
[1612250283] SERVICE ALERT: esxi02;PING;WARNING;SOFT;1;PING WARNING - Packet loss = 20%, RTA = 0.54 ms
[1612250283] SERVICE ALERT: esxi05;PING;WARNING;SOFT;1;PING WARNING - Packet loss = 20%, RTA = 0.37 ms
[1612250348] SERVICE ALERT: esxi02;PING;WARNING;SOFT;2;PING WARNING - Packet loss = 20%, RTA = 0.48 ms
[1612250348] SERVICE ALERT: esxi05;PING;WARNING;SOFT;2;PING WARNING - Packet loss = 20%, RTA = 0.83 ms
[1612250412] SERVICE ALERT: esxi02;PING;OK;SOFT;3;PING OK - Packet loss = 0%, RTA = 0.36 ms
[1612250412] SERVICE ALERT: esxi05;PING;OK;SOFT;3;PING OK - Packet loss = 0%, RTA = 0.48 ms
[1612250477] SERVICE ALERT: esxi05;PING;WARNING;SOFT;1;PING WARNING - Packet loss = 20%, RTA = 0.59 ms
[1612250494] wproc: Core Worker 1177: job 82 (pid=2990) timed out. Killing it
[1612250494] wproc: Core Worker 1177: job 37969808 with pid 2990 reaped at timeout. timeouts=5; started=83
[1612250541] SERVICE ALERT: esxi05;PING;OK;SOFT;2;PING OK - Packet loss = 0%, RTA = 0.44 ms
[1612251084] wproc: Core Worker 1176: job 105 (pid=3556) timed out. Killing it
[1612251084] wproc: Core Worker 1176: job 31315776 with pid 3556 reaped at timeout. timeouts=2; started=107
[1612251094] wproc: Core Worker 1175: job 106 (pid=3589) timed out. Killing it
[1612251094] wproc: Core Worker 1175: job 23775040 with pid 3589 reaped at timeout. timeouts=4; started=107
[1612251132] wproc: Core Worker 1176: job 106 (pid=3591) timed out. Killing it
[1612251132] wproc: Core Worker 1176: job 31298144 with pid 3591 reaped at timeout. timeouts=3; started=107
[1612251486] SERVICE ALERT: esxi03;PING;WARNING;SOFT;1;PING WARNING - Packet loss = 20%, RTA = 0.49 ms
[1612251550] SERVICE ALERT: esxi03;PING;OK;SOFT;2;PING OK - Packet loss = 0%, RTA = 0.34 ms
[1612252249] Auto-save of retention data completed successfully.
[1612253484] wproc: Core Worker 1176: job 198 (pid=5809) timed out. Killing it
[1612253484] wproc: Core Worker 1176: job 31317600 with pid 5809 reaped at timeout. timeouts=4; started=199
[1612255849] Auto-save of retention data completed successfully.
[1612256532] wproc: Core Worker 1178: job 313 (pid=8658) timed out. Killing it
[1612256532] wproc: Core Worker 1178: job 34106080 with pid 8658 reaped at timeout. timeouts=3; started=314
[1612257107] wproc: Core Worker 1175: job 337 (pid=9272) timed out. Killing it
[1612257107] wproc: Core Worker 1175: job 23771520 with pid 9272 reaped at timeout. timeouts=5; started=338
[1612258854] SERVICE ALERT: esxi06;PING;WARNING;SOFT;1;PING WARNING - Packet loss = 20%, RTA = 4.64 ms
[1612258918] SERVICE ALERT: esxi06;PING;OK;SOFT;2;PING OK - Packet loss = 0%, RTA = 0.40 ms
[1612259449] Auto-save of retention data completed successfully.
[1612262454] SERVICE ALERT: esxi08;PING;WARNING;SOFT;1;PING WARNING - Packet loss = 20%, RTA = 3.97 ms
[1612262518] SERVICE ALERT: esxi08;PING;OK;SOFT;2;PING OK - Packet loss = 0%, RTA = 0.71 ms
[1612263049] Auto-save of retention data completed successfully.
[1612266054] SERVICE ALERT: esxi01;PING;WARNING;SOFT;1;PING WARNING - Packet loss = 20%, RTA = 5.69 ms
[1612266118] SERVICE ALERT: esxi01;PING;OK;SOFT;2;PING OK - Packet loss = 0%, RTA = 0.34 ms
[1612266649] Auto-save of retention data completed successfully.
[1612267383] SERVICE ALERT: esxi06;PING;WARNING;SOFT;1;PING WARNING - Packet loss = 20%, RTA = 0.39 ms
[1612267383] SERVICE ALERT: esxi01;PING;WARNING;SOFT;1;PING WARNING - Packet loss = 40%, RTA = 0.37 ms
[1612267447] SERVICE ALERT: esxi01;PING;OK;SOFT;2;PING OK - Packet loss = 0%, RTA = 0.42 ms
[1612267448] SERVICE ALERT: esxi06;PING;WARNING;SOFT;2;PING WARNING - Packet loss = 20%, RTA = 0.54 ms
[1612267512] SERVICE ALERT: esxi06;PING;OK;SOFT;3;PING OK - Packet loss = 0%, RTA = 0.44 ms
[1612270249] Auto-save of retention data completed successfully.
[1612273849] Auto-save of retention data completed successfully.
[1612277449] Auto-save of retention data completed successfully.
[1612281049] Auto-save of retention data completed successfully.
[1612284649] Auto-save of retention data completed successfully.
[1612288249] Auto-save of retention data completed successfully.
