[1547490600] LOG ROTATION: DAILY
[1547490600] LOG VERSION: 2.0
[1547490600] CURRENT HOST STATE: esxi01;UP;HARD;1;PING OK - Packet loss = 0%, RTA = 0.39 ms
[1547490600] CURRENT HOST STATE: esxi02;UP;HARD;1;PING OK - Packet loss = 0%, RTA = 0.38 ms
[1547490600] CURRENT HOST STATE: esxi03;UP;HARD;1;PING OK - Packet loss = 0%, RTA = 0.36 ms
[1547490600] CURRENT HOST STATE: esxi04;UP;HARD;1;PING OK - Packet loss = 0%, RTA = 0.34 ms
[1547490600] CURRENT HOST STATE: esxi05;DOWN;HARD;10;CRITICAL - Host Unreachable (10.5.5.55)
[1547490600] CURRENT HOST STATE: esxi06;UP;HARD;1;PING OK - Packet loss = 0%, RTA = 0.44 ms
[1547490600] CURRENT HOST STATE: esxi07;UP;HARD;1;PING OK - Packet loss = 0%, RTA = 0.34 ms
[1547490600] CURRENT HOST STATE: esxi08;UP;HARD;1;PING OK - Packet loss = 0%, RTA = 0.29 ms
[1547490600] CURRENT HOST STATE: esxi09;UP;HARD;1;PING OK - Packet loss = 0%, RTA = 0.32 ms
[1547490600] CURRENT HOST STATE: localhost;UP;HARD;1;PING OK - Packet loss = 0%, RTA = 0.03 ms
[1547490600] CURRENT HOST STATE: router1;UP;HARD;1;PING OK - Packet loss = 0%, RTA = 0.48 ms
[1547490600] CURRENT HOST STATE: router2;UP;HARD;1;PING OK - Packet loss = 0%, RTA = 0.64 ms
[1547490600] CURRENT HOST STATE: router3;UP;HARD;1;PING OK - Packet loss = 0%, RTA = 0.79 ms
[1547490600] CURRENT HOST STATE: vmware10gswitch;UP;HARD;1;PING OK - Packet loss = 0%, RTA = 2.05 ms
[1547490600] CURRENT HOST STATE: vmwaremgmtswitch;UP;HARD;1;PING OK - Packet loss = 0%, RTA = 2.51 ms
[1547490600] CURRENT SERVICE STATE: esxi01;ESXi Hardware Check;OK;HARD;1;OK - Server: Cisco Systems Inc UCSC-C220-M4S s/n: FCH22157EQH Chassis S/N: FCH2216V0WN  System BIOS: C220M4.3.0.4a.0.0226182253 2018-02-26
[1547490600] CURRENT SERVICE STATE: esxi01;PING;OK;HARD;1;PING OK - Packet loss = 0%, RTA = 0.44 ms
[1547490600] CURRENT SERVICE STATE: esxi02;ESXi Hardware Check;OK;HARD;1;OK - Server: Cisco Systems Inc UCSC-C220-M4S s/n: FCH22157E1D Chassis S/N: FCH2216V0Y6  System BIOS: C220M4.3.0.4a.0.0226182253 2018-02-26
[1547490600] CURRENT SERVICE STATE: esxi02;PING;OK;HARD;1;PING OK - Packet loss = 0%, RTA = 0.70 ms
[1547490600] CURRENT SERVICE STATE: esxi03;ESXi Hardware Check;OK;HARD;1;OK - Server: Cisco Systems Inc UCSC-C220-M4S s/n: FCH22157ESB Chassis S/N: FCH2216V0TW  System BIOS: C220M4.3.0.4a.0.0226182253 2018-02-26
[1547490600] CURRENT SERVICE STATE: esxi03;PING;OK;HARD;1;PING OK - Packet loss = 0%, RTA = 0.37 ms
[1547490600] CURRENT SERVICE STATE: esxi04;ESXi Hardware Check;OK;HARD;1;OK - Server: Cisco Systems Inc UCSC-C220-M4S s/n: FCH22137QKB Chassis S/N: FCH2216V0YZ  System BIOS: C220M4.3.0.4a.0.0226182253 2018-02-26
[1547490600] CURRENT SERVICE STATE: esxi04;PING;OK;HARD;1;PING OK - Packet loss = 0%, RTA = 0.30 ms
[1547490600] CURRENT SERVICE STATE: esxi05;ESXi Hardware Check;UNKNOWN;HARD;3;UNKNOWN: (0, 'Socket error: [Errno 113] No route to host')
[1547490600] CURRENT SERVICE STATE: esxi05;PING;CRITICAL;HARD;4;CRITICAL - Host Unreachable (10.5.5.55)
[1547490600] CURRENT SERVICE STATE: esxi06;ESXi Haradware Check;OK;HARD;1;OK - Server: Cisco Systems Inc UCSC-C220-M4S s/n: FCH22157ERW Chassis S/N: FCH2216V0X8  System BIOS: C220M4.3.0.4a.0.0226182253 2018-02-26
[1547490600] CURRENT SERVICE STATE: esxi06;PING;OK;HARD;1;PING OK - Packet loss = 0%, RTA = 0.36 ms
[1547490600] CURRENT SERVICE STATE: esxi07;ESXi Hardware Check;OK;HARD;1;OK - Server: Cisco Systems Inc UCSC-C220-M4S s/n: FCH22157EV7 Chassis S/N: FCH2216V0Y8  System BIOS: C220M4.3.0.4a.0.0226182253 2018-02-26
[1547490600] CURRENT SERVICE STATE: esxi07;PING;OK;HARD;1;PING OK - Packet loss = 0%, RTA = 0.39 ms
[1547490600] CURRENT SERVICE STATE: esxi08;ESXi Hardware Check;OK;HARD;1;OK - Server: Cisco Systems Inc UCSC-C220-M4S s/n: FCH22137QJN Chassis S/N: FCH2216V0YV  System BIOS: C220M4.3.0.4a.0.0226182253 2018-02-26
[1547490600] CURRENT SERVICE STATE: esxi08;PING;OK;HARD;1;PING OK - Packet loss = 0%, RTA = 0.61 ms
[1547490600] CURRENT SERVICE STATE: esxi09;ESXi Hardware Check;OK;HARD;1;OK - Server: Cisco Systems Inc UCSC-C220-M4S s/n: FCH22157ERY Chassis S/N: FCH2216V0YN  System BIOS: C220M4.3.0.4a.0.0226182253 2018-02-26
[1547490600] CURRENT SERVICE STATE: esxi09;PING;OK;HARD;1;PING OK - Packet loss = 0%, RTA = 0.33 ms
[1547490600] CURRENT SERVICE STATE: localhost;Current Load;OK;HARD;1;OK - load average: 0.01, 0.02, 0.05
[1547490600] CURRENT SERVICE STATE: localhost;Current Users;OK;HARD;1;USERS OK - 0 users currently logged in
[1547490600] CURRENT SERVICE STATE: localhost;HTTP;WARNING;HARD;4;HTTP WARNING: HTTP/1.1 403 Forbidden - 5179 bytes in 0.001 second response time
[1547490600] CURRENT SERVICE STATE: localhost;PING;OK;HARD;1;PING OK - Packet loss = 0%, RTA = 0.03 ms
[1547490600] CURRENT SERVICE STATE: localhost;Root Partition;OK;HARD;1;DISK OK - free space: / 44711 MB (87.36% inode=99%):
[1547490600] CURRENT SERVICE STATE: localhost;SSH;OK;HARD;1;SSH OK - OpenSSH_7.4 (protocol 2.0)
[1547490600] CURRENT SERVICE STATE: localhost;Swap Usage;OK;HARD;1;SWAP OK - 100% free (3967 MB out of 3967 MB)
[1547490600] CURRENT SERVICE STATE: localhost;Total Processes;OK;HARD;1;PROCS OK: 75 processes with STATE = RSZDT
[1547490600] CURRENT SERVICE STATE: router1;check-host-alive;OK;HARD;1;PING OK - Packet loss = 0%, RTA = 0.53 ms
[1547490600] CURRENT SERVICE STATE: router2;check-host-alive;OK;HARD;1;PING OK - Packet loss = 0%, RTA = 0.72 ms
[1547490600] CURRENT SERVICE STATE: router3;check-host-alive;OK;HARD;1;PING OK - Packet loss = 0%, RTA = 0.63 ms
[1547490600] CURRENT SERVICE STATE: vmware10gswitch;check-host-alive;OK;HARD;1;PING OK - Packet loss = 0%, RTA = 1.21 ms
[1547490600] CURRENT SERVICE STATE: vmwaremgmtswitch;check-host-alive;OK;HARD;1;PING OK - Packet loss = 0%, RTA = 0.74 ms
[1547492936] Auto-save of retention data completed successfully.
[1547496536] Auto-save of retention data completed successfully.
[1547500136] Auto-save of retention data completed successfully.
[1547503736] Auto-save of retention data completed successfully.
[1547507336] Auto-save of retention data completed successfully.
[1547510936] Auto-save of retention data completed successfully.
[1547514536] Auto-save of retention data completed successfully.
[1547516942] SERVICE ALERT: esxi01;PING;WARNING;SOFT;1;PING WARNING - Packet loss = 20%, RTA = 0.20 ms
[1547517006] SERVICE ALERT: esxi01;PING;OK;HARD;1;PING OK - Packet loss = 0%, RTA = 0.39 ms
[1547518136] Auto-save of retention data completed successfully.
[1547521736] Auto-save of retention data completed successfully.
[1547523163] HOST NOTIFICATION: nagiosadmin;esxi05;DOWN;notify-host-by-email;CRITICAL - Host Unreachable (10.5.5.55)
[1547525336] Auto-save of retention data completed successfully.
[1547528936] Auto-save of retention data completed successfully.
[1547530363] HOST NOTIFICATION: nagiosadmin;esxi05;DOWN;notify-host-by-email;CRITICAL - Host Unreachable (10.5.5.55)
[1547532536] Auto-save of retention data completed successfully.
[1547535131] Caught SIGTERM, shutting down...
[1547535131] Caught SIGTERM, shutting down...
[1547535131] Successfully shutdown... (PID=10549)
[1547535197] Nagios 4.4.2 starting... (PID=6018)
[1547535197] Local time is Tue Jan 15 12:23:17 IST 2019
[1547535197] LOG VERSION: 2.0
[1547535197] qh: Socket '/usr/local/nagios/var/rw/nagios.qh' successfully initialized
[1547535197] qh: core query handler registered
[1547535197] qh: echo service query handler registered
[1547535197] qh: help for the query handler registered
[1547535197] wproc: Successfully registered manager as @wproc with query handler
[1547535197] wproc: Registry request: name=Core Worker 6025;pid=6025
[1547535197] wproc: Registry request: name=Core Worker 6023;pid=6023
[1547535197] wproc: Registry request: name=Core Worker 6024;pid=6024
[1547535197] wproc: Registry request: name=Core Worker 6022;pid=6022
[1547535197] Successfully launched command file worker with pid 6032
[1547535200] HOST ALERT: esxi03;DOWN;SOFT;1;CRITICAL - Host Unreachable (10.5.5.53)
[1547535215] HOST ALERT: router3;DOWN;SOFT;1;CRITICAL - Host Unreachable (10.1.1.26)
[1547535220] HOST ALERT: esxi08;DOWN;SOFT;1;CRITICAL - Host Unreachable (10.5.5.58)
[1547535236] SERVICE ALERT: esxi09;PING;CRITICAL;SOFT;1;CRITICAL - Host Unreachable (10.5.5.59)
[1547535239] HOST ALERT: esxi09;DOWN;SOFT;1;CRITICAL - Host Unreachable (10.5.5.59)
[1547535240] SERVICE ALERT: esxi03;PING;CRITICAL;HARD;1;CRITICAL - Host Unreachable (10.5.5.53)
[1547535245] HOST ALERT: esxi01;DOWN;SOFT;1;CRITICAL - Host Unreachable (10.5.5.51)
[1547535263] HOST ALERT: esxi07;DOWN;SOFT;1;CRITICAL - Host Unreachable (10.5.5.57)
[1547535266] SERVICE ALERT: esxi01;ESXi Hardware Check;UNKNOWN;HARD;1;UNKNOWN: (0, 'Socket error: [Errno 113] No route to host')
[1547535280] HOST ALERT: router3;UP;SOFT;1;PING OK - Packet loss = 20%, RTA = 0.64 ms
[1547535284] HOST ALERT: esxi08;UP;SOFT;1;PING OK - Packet loss = 0%, RTA = 1.18 ms
[1547535295] SERVICE NOTIFICATION: nagiosadmin;esxi05;ESXi Hardware Check;OK;notify-service-by-email;OK - Server: Cisco Systems Inc UCSC-C220-M4S s/n: FCH22157EPD Chassis S/N: FCH2216V0Z0  System BIOS: C220M4.3.0.4a.0.0226182253 2018-02-26
[1547535295] SERVICE ALERT: esxi05;ESXi Hardware Check;OK;HARD;1;OK - Server: Cisco Systems Inc UCSC-C220-M4S s/n: FCH22157EPD Chassis S/N: FCH2216V0Z0  System BIOS: C220M4.3.0.4a.0.0226182253 2018-02-26
[1547535299] HOST NOTIFICATION: nagiosadmin;esxi05;UP;notify-host-by-email;PING OK - Packet loss = 0%, RTA = 0.40 ms
[1547535299] HOST ALERT: esxi05;UP;HARD;1;PING OK - Packet loss = 0%, RTA = 0.40 ms
[1547535300] SERVICE ALERT: esxi09;PING;OK;HARD;1;PING OK - Packet loss = 0%, RTA = 0.38 ms
[1547535303] HOST ALERT: esxi09;UP;SOFT;1;PING OK - Packet loss = 0%, RTA = 0.26 ms
[1547535304] SERVICE ALERT: esxi03;PING;OK;HARD;1;PING OK - Packet loss = 0%, RTA = 0.33 ms
[1547535308] HOST ALERT: esxi03;UP;SOFT;1;PING OK - Packet loss = 0%, RTA = 0.31 ms
[1547535309] HOST ALERT: esxi01;UP;SOFT;1;PING OK - Packet loss = 0%, RTA = 0.36 ms
[1547535322] wproc: Core Worker 6023: job 3 (pid=7710) timed out. Killing it
[1547535322] wproc: CHECK job 3 from worker Core Worker 6023 timed out after 60.02s
[1547535322] wproc:   host=esxi02; service=ESXi Hardware Check;
[1547535322] wproc:   early_timeout=1; exited_ok=0; wait_status=0; error_code=62;
[1547535322] Warning: Check of service 'ESXi Hardware Check' on host 'esxi02' timed out after 60.020s!
[1547535322] SERVICE ALERT: esxi02;ESXi Hardware Check;CRITICAL;SOFT;1;(Service check timed out after 60.02 seconds)
[1547535323] wproc: Core Worker 6023: job 3 (pid=7710): Dormant child reaped
[1547535327] HOST ALERT: esxi07;UP;SOFT;1;PING OK - Packet loss = 0%, RTA = 0.43 ms
[1547535385] SERVICE NOTIFICATION: nagiosadmin;esxi05;PING;OK;notify-service-by-email;PING OK - Packet loss = 0%, RTA = 0.29 ms
[1547535385] SERVICE ALERT: esxi05;PING;OK;HARD;1;PING OK - Packet loss = 0%, RTA = 0.29 ms
[1547535394] SERVICE NOTIFICATION: nagiosadmin;esxi01;ESXi Hardware Check;OK;notify-service-by-email;OK - Server: Cisco Systems Inc UCSC-C220-M4S s/n: FCH22157EQH Chassis S/N: FCH2216V0WN  System BIOS: C220M4.3.0.4a.0.0226182253 2018-02-26
[1547535394] SERVICE ALERT: esxi01;ESXi Hardware Check;OK;HARD;1;OK - Server: Cisco Systems Inc UCSC-C220-M4S s/n: FCH22157EQH Chassis S/N: FCH2216V0WN  System BIOS: C220M4.3.0.4a.0.0226182253 2018-02-26
[1547535451] SERVICE ALERT: esxi02;ESXi Hardware Check;OK;HARD;1;OK - Server: Cisco Systems Inc UCSC-C220-M4S s/n: FCH22157E1D Chassis S/N: FCH2216V0Y6  System BIOS: C220M4.3.0.4a.0.0226182253 2018-02-26
[1547535632] Caught SIGTERM, shutting down...
[1547535632] Successfully shutdown... (PID=6018)
[1547535632] Nagios 4.4.2 starting... (PID=9230)
[1547535632] Local time is Tue Jan 15 12:30:32 IST 2019
[1547535632] LOG VERSION: 2.0
[1547535632] qh: Socket '/usr/local/nagios/var/rw/nagios.qh' successfully initialized
[1547535632] qh: core query handler registered
[1547535632] qh: echo service query handler registered
[1547535632] qh: help for the query handler registered
[1547535632] wproc: Successfully registered manager as @wproc with query handler
[1547535632] wproc: Registry request: name=Core Worker 9231;pid=9231
[1547535632] wproc: Registry request: name=Core Worker 9232;pid=9232
[1547535632] wproc: Registry request: name=Core Worker 9233;pid=9233
[1547535632] wproc: Registry request: name=Core Worker 9234;pid=9234
[1547535632] Successfully launched command file worker with pid 9241
[1547535633] Caught SIGTERM, shutting down...
[1547535633] Caught SIGTERM, shutting down...
[1547535633] Caught SIGTERM, shutting down...
[1547535633] Successfully shutdown... (PID=9230)
[1547535633] Nagios 4.4.2 starting... (PID=9258)
[1547535633] Local time is Tue Jan 15 12:30:33 IST 2019
[1547535633] LOG VERSION: 2.0
[1547535633] qh: Socket '/usr/local/nagios/var/rw/nagios.qh' successfully initialized
[1547535633] qh: core query handler registered
[1547535633] qh: echo service query handler registered
[1547535633] qh: help for the query handler registered
[1547535633] wproc: Successfully registered manager as @wproc with query handler
[1547535633] wproc: Registry request: name=Core Worker 9259;pid=9259
[1547535633] wproc: Registry request: name=Core Worker 9260;pid=9260
[1547535633] wproc: Registry request: name=Core Worker 9261;pid=9261
[1547535633] wproc: Registry request: name=Core Worker 9262;pid=9262
[1547535633] Successfully launched command file worker with pid 9269
[1547535643] Caught SIGTERM, shutting down...
[1547535643] Successfully shutdown... (PID=9258)
[1547535660] Nagios 4.4.2 starting... (PID=5946)
[1547535660] Local time is Tue Jan 15 12:31:00 IST 2019
[1547535660] LOG VERSION: 2.0
[1547535660] qh: Socket '/usr/local/nagios/var/rw/nagios.qh' successfully initialized
[1547535660] qh: core query handler registered
[1547535660] qh: echo service query handler registered
[1547535660] qh: help for the query handler registered
[1547535660] wproc: Successfully registered manager as @wproc with query handler
[1547535660] wproc: Registry request: name=Core Worker 5950;pid=5950
[1547535660] wproc: Registry request: name=Core Worker 5951;pid=5951
[1547535660] wproc: Registry request: name=Core Worker 5949;pid=5949
[1547535660] wproc: Registry request: name=Core Worker 5948;pid=5948
[1547535660] Successfully launched command file worker with pid 5962
[1547537143] Nagios 4.4.2 starting... (PID=5979)
[1547537143] Local time is Tue Jan 15 12:55:43 IST 2019
[1547537143] LOG VERSION: 2.0
[1547537143] qh: Socket '/usr/local/nagios/var/rw/nagios.qh' successfully initialized
[1547537143] qh: core query handler registered
[1547537143] qh: echo service query handler registered
[1547537143] qh: help for the query handler registered
[1547537143] wproc: Successfully registered manager as @wproc with query handler
[1547537143] wproc: Registry request: name=Core Worker 5989;pid=5989
[1547537143] wproc: Registry request: name=Core Worker 5987;pid=5987
[1547537143] wproc: Registry request: name=Core Worker 5988;pid=5988
[1547537143] wproc: Registry request: name=Core Worker 5985;pid=5985
[1547537144] Successfully launched command file worker with pid 6004
[1547540743] Auto-save of retention data completed successfully.
[1547544343] Auto-save of retention data completed successfully.
[1547546319] Nagios 4.4.2 starting... (PID=5980)
[1547546319] Local time is Tue Jan 15 15:28:39 IST 2019
[1547546319] LOG VERSION: 2.0
[1547546319] qh: Socket '/usr/local/nagios/var/rw/nagios.qh' successfully initialized
[1547546319] qh: core query handler registered
[1547546319] qh: echo service query handler registered
[1547546319] qh: help for the query handler registered
[1547546319] wproc: Successfully registered manager as @wproc with query handler
[1547546319] wproc: Registry request: name=Core Worker 5988;pid=5988
[1547546319] wproc: Registry request: name=Core Worker 5986;pid=5986
[1547546319] wproc: Registry request: name=Core Worker 5987;pid=5987
[1547546319] wproc: Registry request: name=Core Worker 5989;pid=5989
[1547546319] Successfully launched command file worker with pid 6006
[1547546383] SERVICE ALERT: esxi02;PING;WARNING;SOFT;1;PING WARNING - Packet loss = 20%, RTA = 0.29 ms
[1547546447] SERVICE ALERT: esxi02;PING;OK;HARD;1;PING OK - Packet loss = 0%, RTA = 0.29 ms
[1547548485] SERVICE ALERT: esxi05;PING;WARNING;SOFT;1;PING WARNING - Packet loss = 20%, RTA = 0.18 ms
[1547548549] SERVICE ALERT: esxi05;PING;OK;HARD;1;PING OK - Packet loss = 0%, RTA = 0.23 ms
[1547549919] Auto-save of retention data completed successfully.
[1547550048] SERVICE ALERT: esxi02;PING;WARNING;SOFT;1;PING WARNING - Packet loss = 20%, RTA = 0.36 ms
[1547550112] SERVICE ALERT: esxi02;PING;OK;HARD;1;PING OK - Packet loss = 0%, RTA = 0.39 ms
[1547553519] Auto-save of retention data completed successfully.
[1547557119] Auto-save of retention data completed successfully.
[1547560719] Auto-save of retention data completed successfully.
[1547562050] SERVICE ALERT: esxi05;PING;WARNING;SOFT;1;PING WARNING - Packet loss = 20%, RTA = 0.32 ms
[1547562114] SERVICE ALERT: esxi05;PING;OK;HARD;1;PING OK - Packet loss = 0%, RTA = 0.22 ms
[1547564319] Auto-save of retention data completed successfully.
[1547567513] SERVICE ALERT: esxi02;PING;WARNING;SOFT;1;PING WARNING - Packet loss = 20%, RTA = 0.32 ms
[1547567515] SERVICE ALERT: esxi05;PING;WARNING;SOFT;1;PING WARNING - Packet loss = 20%, RTA = 0.47 ms
[1547567578] SERVICE ALERT: esxi02;PING;WARNING;SOFT;2;PING WARNING - Packet loss = 20%, RTA = 0.55 ms
[1547567579] SERVICE ALERT: esxi05;PING;OK;HARD;1;PING OK - Packet loss = 0%, RTA = 0.19 ms
[1547567642] SERVICE ALERT: esxi02;PING;OK;HARD;1;PING OK - Packet loss = 0%, RTA = 0.37 ms
[1547567919] Auto-save of retention data completed successfully.
[1547571519] Auto-save of retention data completed successfully.
[1547575119] Auto-save of retention data completed successfully.
[1550469040] Caught SIGTERM, shutting down...
