[1578162600] LOG ROTATION: DAILY
[1578162600] LOG VERSION: 2.0
[1578162600] CURRENT HOST STATE: AP_Main_Bldg;UP;HARD;1;PING OK - Packet loss = 0%, RTA = 0.82 ms
[1578162600] CURRENT HOST STATE: Director_Bldg;UP;HARD;1;PING OK - Packet loss = 0%, RTA = 0.63 ms
[1578162600] CURRENT HOST STATE: Director_Resident;UP;HARD;1;PING OK - Packet loss = 0%, RTA = 0.70 ms
[1578162600] CURRENT HOST STATE: esxi01;UP;HARD;1;PING OK - Packet loss = 0%, RTA = 0.51 ms
[1578162600] CURRENT HOST STATE: esxi02;UP;HARD;1;PING OK - Packet loss = 0%, RTA = 0.53 ms
[1578162600] CURRENT HOST STATE: esxi03;UP;HARD;1;PING OK - Packet loss = 0%, RTA = 0.52 ms
[1578162600] CURRENT HOST STATE: esxi04;UP;HARD;1;PING OK - Packet loss = 0%, RTA = 0.45 ms
[1578162600] CURRENT HOST STATE: esxi05;UP;HARD;1;PING OK - Packet loss = 0%, RTA = 0.61 ms
[1578162600] CURRENT HOST STATE: esxi06;UP;HARD;1;PING OK - Packet loss = 0%, RTA = 0.66 ms
[1578162600] CURRENT HOST STATE: esxi07;UP;HARD;1;PING OK - Packet loss = 0%, RTA = 0.62 ms
[1578162600] CURRENT HOST STATE: esxi08;UP;HARD;1;PING OK - Packet loss = 0%, RTA = 0.52 ms
[1578162600] CURRENT HOST STATE: esxi09;UP;HARD;1;PING OK - Packet loss = 0%, RTA = 0.39 ms
[1578162600] CURRENT HOST STATE: localhost;UP;HARD;1;PING OK - Packet loss = 0%, RTA = 0.04 ms
[1578162600] CURRENT HOST STATE: vmware10gswitch;UP;HARD;1;PING OK - Packet loss = 0%, RTA = 1.33 ms
[1578162600] CURRENT HOST STATE: vmwaremgmtswitch;UP;HARD;1;PING OK - Packet loss = 0%, RTA = 0.85 ms
[1578162600] CURRENT SERVICE STATE: AP_Main_Bldg;check-host-alive;OK;HARD;1;PING OK - Packet loss = 0%, RTA = 0.81 ms
[1578162600] CURRENT SERVICE STATE: Director_Bldg;check-host-alive;OK;HARD;1;PING OK - Packet loss = 0%, RTA = 0.64 ms
[1578162600] CURRENT SERVICE STATE: Director_Resident;check-host-alive;OK;HARD;1;PING OK - Packet loss = 0%, RTA = 0.87 ms
[1578162600] CURRENT SERVICE STATE: esxi01;ESXi Hardware Check;OK;HARD;1;OK - Server: Cisco Systems Inc UCSC-C220-M4S s/n: FCH22157EQH Chassis S/N: FCH2216V0WN  System BIOS: C220M4.3.0.4a.0.0226182253 2018-02-26
[1578162600] CURRENT SERVICE STATE: esxi01;PING;OK;HARD;1;PING OK - Packet loss = 0%, RTA = 0.49 ms
[1578162600] CURRENT SERVICE STATE: esxi02;ESXi Hardware Check;OK;HARD;1;OK - Server: Cisco Systems Inc UCSC-C220-M4S s/n: FCH22157E1D Chassis S/N: FCH2216V0Y6  System BIOS: C220M4.3.0.4a.0.0226182253 2018-02-26
[1578162600] CURRENT SERVICE STATE: esxi02;PING;OK;HARD;1;PING OK - Packet loss = 0%, RTA = 0.56 ms
[1578162600] CURRENT SERVICE STATE: esxi03;ESXi Hardware Check;OK;HARD;1;OK - Server: Cisco Systems Inc UCSC-C220-M4S s/n: FCH22157ESB Chassis S/N: FCH2216V0TW  System BIOS: C220M4.3.0.4a.0.0226182253 2018-02-26
[1578162600] CURRENT SERVICE STATE: esxi03;PING;OK;HARD;1;PING OK - Packet loss = 0%, RTA = 0.40 ms
[1578162600] CURRENT SERVICE STATE: esxi04;ESXi Hardware Check;OK;HARD;1;OK - Server: Cisco Systems Inc UCSC-C220-M4S s/n: FCH22137QKB Chassis S/N: FCH2216V0YZ  System BIOS: C220M4.3.0.4a.0.0226182253 2018-02-26
[1578162600] CURRENT SERVICE STATE: esxi04;PING;OK;HARD;1;PING OK - Packet loss = 0%, RTA = 0.52 ms
[1578162600] CURRENT SERVICE STATE: esxi05;ESXi Hardware Check;OK;HARD;1;OK - Server: Cisco Systems Inc UCSC-C220-M4S s/n: FCH22157EPD Chassis S/N: FCH2216V0Z0  System BIOS: C220M4.3.0.4a.0.0226182253 2018-02-26
[1578162600] CURRENT SERVICE STATE: esxi05;PING;OK;HARD;1;PING OK - Packet loss = 0%, RTA = 0.55 ms
[1578162600] CURRENT SERVICE STATE: esxi06;ESXi Haradware Check;OK;HARD;1;OK - Server: Cisco Systems Inc UCSC-C220-M4S s/n: FCH22157ERW Chassis S/N: FCH2216V0X8  System BIOS: C220M4.3.0.4a.0.0226182253 2018-02-26
[1578162600] CURRENT SERVICE STATE: esxi06;PING;OK;HARD;1;PING OK - Packet loss = 0%, RTA = 0.58 ms
[1578162600] CURRENT SERVICE STATE: esxi07;ESXi Hardware Check;OK;HARD;1;OK - Server: Cisco Systems Inc UCSC-C220-M4S s/n: FCH22157EV7 Chassis S/N: FCH2216V0Y8  System BIOS: C220M4.3.0.4a.0.0226182253 2018-02-26
[1578162600] CURRENT SERVICE STATE: esxi07;PING;OK;HARD;1;PING OK - Packet loss = 0%, RTA = 0.53 ms
[1578162600] CURRENT SERVICE STATE: esxi08;ESXi Hardware Check;OK;HARD;1;OK - Server: Cisco Systems Inc UCSC-C220-M4S s/n: FCH22137QJN Chassis S/N: FCH2216V0YV  System BIOS: C220M4.3.0.4a.0.0226182253 2018-02-26
[1578162600] CURRENT SERVICE STATE: esxi08;PING;OK;HARD;1;PING OK - Packet loss = 0%, RTA = 0.51 ms
[1578162600] CURRENT SERVICE STATE: esxi09;ESXi Hardware Check;OK;HARD;1;OK - Server: Cisco Systems Inc UCSC-C220-M4S s/n: FCH22157ERY Chassis S/N: FCH2216V0YN  System BIOS: C220M4.3.0.4a.0.0226182253 2018-02-26
[1578162600] CURRENT SERVICE STATE: esxi09;PING;OK;HARD;1;PING OK - Packet loss = 0%, RTA = 0.45 ms
[1578162600] CURRENT SERVICE STATE: localhost;Current Load;OK;HARD;1;OK - load average: 0.03, 0.07, 0.06
[1578162600] CURRENT SERVICE STATE: localhost;Current Users;OK;HARD;1;USERS OK - 0 users currently logged in
[1578162600] CURRENT SERVICE STATE: localhost;PING;OK;HARD;1;PING OK - Packet loss = 0%, RTA = 0.05 ms
[1578162600] CURRENT SERVICE STATE: localhost;Root Partition;OK;HARD;1;DISK OK - free space: / 42833 MB (83.69% inode=99%):
[1578162600] CURRENT SERVICE STATE: localhost;SSH;OK;HARD;1;SSH OK - OpenSSH_7.4 (protocol 2.0)
[1578162600] CURRENT SERVICE STATE: localhost;Swap Usage;OK;HARD;1;SWAP OK - 100% free (3967 MB out of 3967 MB)
[1578162600] CURRENT SERVICE STATE: localhost;Total Processes;OK;HARD;1;PROCS OK: 82 processes with STATE = RSZDT
[1578162600] CURRENT SERVICE STATE: vmware10gswitch;check-host-alive;OK;HARD;1;PING OK - Packet loss = 0%, RTA = 1.35 ms
[1578162600] CURRENT SERVICE STATE: vmwaremgmtswitch;check-host-alive;OK;HARD;1;PING OK - Packet loss = 0%, RTA = 0.84 ms
[1578164885] Auto-save of retention data completed successfully.
[1578168485] Auto-save of retention data completed successfully.
[1578172085] Auto-save of retention data completed successfully.
[1578175685] Auto-save of retention data completed successfully.
[1578179285] Auto-save of retention data completed successfully.
[1578182885] Auto-save of retention data completed successfully.
[1578186485] Auto-save of retention data completed successfully.
[1578190085] Auto-save of retention data completed successfully.
[1578193685] Auto-save of retention data completed successfully.
[1578197285] Auto-save of retention data completed successfully.
[1578200885] Auto-save of retention data completed successfully.
[1578203024] wproc: Core Worker 22689: job 73998 (pid=9347) timed out. Killing it
[1578203024] wproc: CHECK job 73998 from worker Core Worker 22689 timed out after 30.01s
[1578203024] wproc:   host=Director_Bldg; service=(null);
[1578203024] wproc:   early_timeout=1; exited_ok=0; wait_status=0; error_code=62;
[1578203024] Warning: Check of host 'Director_Bldg' timed out after 30.01 seconds
[1578203024] HOST ALERT: Director_Bldg;DOWN;SOFT;1;(Host check timed out after 30.01 seconds)
[1578203024] wproc: Core Worker 22689: job 73998 (pid=9347): Dormant child reaped
[1578203090] SERVICE ALERT: Director_Bldg;check-host-alive;CRITICAL;HARD;1;CRITICAL - Plugin timed out
[1578203114] wproc: Core Worker 22690: job 74001 (pid=9389) timed out. Killing it
[1578203114] wproc: CHECK job 74001 from worker Core Worker 22690 timed out after 30.01s
[1578203114] wproc:   host=Director_Bldg; service=(null);
[1578203114] wproc:   early_timeout=1; exited_ok=0; wait_status=0; error_code=62;
[1578203114] Warning: Check of host 'Director_Bldg' timed out after 30.01 seconds
[1578203114] HOST ALERT: Director_Bldg;DOWN;SOFT;2;(Host check timed out after 30.01 seconds)
[1578203114] wproc: Core Worker 22690: job 74001 (pid=9389): Dormant child reaped
[1578203204] wproc: Core Worker 22689: job 74003 (pid=9551) timed out. Killing it
[1578203204] wproc: CHECK job 74003 from worker Core Worker 22689 timed out after 30.03s
[1578203204] wproc:   host=Director_Bldg; service=(null);
[1578203204] wproc:   early_timeout=1; exited_ok=0; wait_status=0; error_code=62;
[1578203204] Warning: Check of host 'Director_Bldg' timed out after 30.03 seconds
[1578203204] HOST ALERT: Director_Bldg;DOWN;SOFT;3;(Host check timed out after 30.03 seconds)
[1578203204] wproc: Core Worker 22689: job 74003 (pid=9551): Dormant child reaped
[1578203294] wproc: Core Worker 22691: job 74007 (pid=9602) timed out. Killing it
[1578203294] wproc: CHECK job 74007 from worker Core Worker 22691 timed out after 30.03s
[1578203294] wproc:   host=Director_Bldg; service=(null);
[1578203294] wproc:   early_timeout=1; exited_ok=0; wait_status=0; error_code=62;
[1578203294] Warning: Check of host 'Director_Bldg' timed out after 30.03 seconds
[1578203294] HOST ALERT: Director_Bldg;DOWN;SOFT;4;(Host check timed out after 30.03 seconds)
[1578203294] wproc: Core Worker 22691: job 74007 (pid=9602): Dormant child reaped
[1578203384] wproc: Core Worker 22691: job 74010 (pid=9635) timed out. Killing it
[1578203384] wproc: CHECK job 74010 from worker Core Worker 22691 timed out after 30.01s
[1578203384] wproc:   host=Director_Bldg; service=(null);
[1578203384] wproc:   early_timeout=1; exited_ok=0; wait_status=0; error_code=62;
[1578203384] Warning: Check of host 'Director_Bldg' timed out after 30.01 seconds
[1578203384] HOST ALERT: Director_Bldg;DOWN;SOFT;5;(Host check timed out after 30.01 seconds)
[1578203384] wproc: Core Worker 22691: job 74010 (pid=9635): Dormant child reaped
[1578203474] wproc: Core Worker 22691: job 74013 (pid=9817) timed out. Killing it
[1578203474] wproc: CHECK job 74013 from worker Core Worker 22691 timed out after 30.01s
[1578203474] wproc:   host=Director_Bldg; service=(null);
[1578203474] wproc:   early_timeout=1; exited_ok=0; wait_status=0; error_code=62;
[1578203474] Warning: Check of host 'Director_Bldg' timed out after 30.01 seconds
[1578203474] HOST ALERT: Director_Bldg;DOWN;SOFT;6;(Host check timed out after 30.01 seconds)
[1578203474] wproc: Core Worker 22691: job 74013 (pid=9817): Dormant child reaped
[1578203564] wproc: Core Worker 22689: job 74015 (pid=9835) timed out. Killing it
[1578203564] wproc: CHECK job 74015 from worker Core Worker 22689 timed out after 30.00s
[1578203564] wproc:   host=Director_Bldg; service=(null);
[1578203564] wproc:   early_timeout=1; exited_ok=0; wait_status=0; error_code=62;
[1578203564] Warning: Check of host 'Director_Bldg' timed out after 30.00 seconds
[1578203564] HOST ALERT: Director_Bldg;DOWN;SOFT;7;(Host check timed out after 30.00 seconds)
[1578203564] wproc: Core Worker 22689: job 74015 (pid=9835): Dormant child reaped
[1578203654] wproc: Core Worker 22691: job 74020 (pid=9893) timed out. Killing it
[1578203654] wproc: CHECK job 74020 from worker Core Worker 22691 timed out after 30.03s
[1578203654] wproc:   host=Director_Bldg; service=(null);
[1578203654] wproc:   early_timeout=1; exited_ok=0; wait_status=0; error_code=62;
[1578203654] Warning: Check of host 'Director_Bldg' timed out after 30.03 seconds
[1578203654] HOST ALERT: Director_Bldg;DOWN;SOFT;8;(Host check timed out after 30.03 seconds)
[1578203654] wproc: Core Worker 22691: job 74020 (pid=9893): Dormant child reaped
[1578203744] wproc: Core Worker 22692: job 74021 (pid=10047) timed out. Killing it
[1578203744] wproc: CHECK job 74021 from worker Core Worker 22692 timed out after 30.01s
[1578203744] wproc:   host=Director_Bldg; service=(null);
[1578203744] wproc:   early_timeout=1; exited_ok=0; wait_status=0; error_code=62;
[1578203744] Warning: Check of host 'Director_Bldg' timed out after 30.01 seconds
[1578203744] HOST ALERT: Director_Bldg;DOWN;SOFT;9;(Host check timed out after 30.01 seconds)
[1578203744] wproc: Core Worker 22692: job 74021 (pid=10047): Dormant child reaped
[1578203834] wproc: Core Worker 22691: job 74023 (pid=10077) timed out. Killing it
[1578203834] wproc: CHECK job 74023 from worker Core Worker 22691 timed out after 30.02s
[1578203834] wproc:   host=Director_Bldg; service=(null);
[1578203834] wproc:   early_timeout=1; exited_ok=0; wait_status=0; error_code=62;
[1578203834] Warning: Check of host 'Director_Bldg' timed out after 30.02 seconds
[1578203834] HOST NOTIFICATION: nagiosadmin;Director_Bldg;DOWN;notify-host-by-email;(Host check timed out after 30.02 seconds)
[1578203834] HOST ALERT: Director_Bldg;DOWN;HARD;10;(Host check timed out after 30.02 seconds)
[1578203834] wproc: Core Worker 22691: job 74023 (pid=10077): Dormant child reaped
[1578204164] wproc: Core Worker 22692: job 74034 (pid=10352) timed out. Killing it
[1578204164] wproc: CHECK job 74034 from worker Core Worker 22692 timed out after 30.00s
[1578204164] wproc:   host=Director_Bldg; service=(null);
[1578204164] wproc:   early_timeout=1; exited_ok=0; wait_status=0; error_code=62;
[1578204164] Warning: Check of host 'Director_Bldg' timed out after 30.00 seconds
[1578204164] wproc: Core Worker 22692: job 74034 (pid=10352): Dormant child reaped
[1578204464] wproc: Core Worker 22690: job 74043 (pid=10597) timed out. Killing it
[1578204464] wproc: CHECK job 74043 from worker Core Worker 22690 timed out after 30.01s
[1578204464] wproc:   host=Director_Bldg; service=(null);
[1578204464] wproc:   early_timeout=1; exited_ok=0; wait_status=0; error_code=62;
[1578204464] Warning: Check of host 'Director_Bldg' timed out after 30.01 seconds
[1578204464] wproc: Core Worker 22690: job 74043 (pid=10597): Dormant child reaped
[1578204485] Auto-save of retention data completed successfully.
[1578204764] wproc: Core Worker 22692: job 74053 (pid=10858) timed out. Killing it
[1578204764] wproc: CHECK job 74053 from worker Core Worker 22692 timed out after 30.00s
[1578204764] wproc:   host=Director_Bldg; service=(null);
[1578204764] wproc:   early_timeout=1; exited_ok=0; wait_status=0; error_code=62;
[1578204764] Warning: Check of host 'Director_Bldg' timed out after 30.00 seconds
[1578204764] wproc: Core Worker 22692: job 74053 (pid=10858): Dormant child reaped
[1578205064] wproc: Core Worker 22690: job 74062 (pid=11104) timed out. Killing it
[1578205064] wproc: CHECK job 74062 from worker Core Worker 22690 timed out after 30.01s
[1578205064] wproc:   host=Director_Bldg; service=(null);
[1578205064] wproc:   early_timeout=1; exited_ok=0; wait_status=0; error_code=62;
[1578205064] Warning: Check of host 'Director_Bldg' timed out after 30.01 seconds
[1578205064] wproc: Core Worker 22690: job 74062 (pid=11104): Dormant child reaped
[1578205364] wproc: Core Worker 22692: job 74072 (pid=11368) timed out. Killing it
[1578205364] wproc: CHECK job 74072 from worker Core Worker 22692 timed out after 30.00s
[1578205364] wproc:   host=Director_Bldg; service=(null);
[1578205364] wproc:   early_timeout=1; exited_ok=0; wait_status=0; error_code=62;
[1578205364] Warning: Check of host 'Director_Bldg' timed out after 30.00 seconds
[1578205364] wproc: Core Worker 22692: job 74072 (pid=11368): Dormant child reaped
[1578205664] wproc: Core Worker 22690: job 74081 (pid=11611) timed out. Killing it
[1578205664] wproc: CHECK job 74081 from worker Core Worker 22690 timed out after 30.01s
[1578205664] wproc:   host=Director_Bldg; service=(null);
[1578205664] wproc:   early_timeout=1; exited_ok=0; wait_status=0; error_code=62;
[1578205664] Warning: Check of host 'Director_Bldg' timed out after 30.01 seconds
[1578205664] HOST NOTIFICATION: nagiosadmin;Director_Bldg;DOWN;notify-host-by-email;(Host check timed out after 30.01 seconds)
[1578205664] wproc: Core Worker 22690: job 74081 (pid=11611): Dormant child reaped
[1578205964] wproc: Core Worker 22689: job 74092 (pid=11909) timed out. Killing it
[1578205964] wproc: CHECK job 74092 from worker Core Worker 22689 timed out after 30.00s
[1578205964] wproc:   host=Director_Bldg; service=(null);
[1578205964] wproc:   early_timeout=1; exited_ok=0; wait_status=0; error_code=62;
[1578205964] Warning: Check of host 'Director_Bldg' timed out after 30.00 seconds
[1578205964] wproc: Core Worker 22689: job 74092 (pid=11909): Dormant child reaped
[1578206264] wproc: Core Worker 22691: job 74100 (pid=12154) timed out. Killing it
[1578206264] wproc: CHECK job 74100 from worker Core Worker 22691 timed out after 30.01s
[1578206264] wproc:   host=Director_Bldg; service=(null);
[1578206264] wproc:   early_timeout=1; exited_ok=0; wait_status=0; error_code=62;
[1578206264] Warning: Check of host 'Director_Bldg' timed out after 30.01 seconds
[1578206264] wproc: Core Worker 22691: job 74100 (pid=12154): Dormant child reaped
[1578206564] wproc: Core Worker 22689: job 74111 (pid=12418) timed out. Killing it
[1578206564] wproc: CHECK job 74111 from worker Core Worker 22689 timed out after 30.01s
[1578206564] wproc:   host=Director_Bldg; service=(null);
[1578206564] wproc:   early_timeout=1; exited_ok=0; wait_status=0; error_code=62;
[1578206564] Warning: Check of host 'Director_Bldg' timed out after 30.01 seconds
[1578206564] wproc: Core Worker 22689: job 74111 (pid=12418): Dormant child reaped
[1578206864] wproc: Core Worker 22691: job 74119 (pid=12659) timed out. Killing it
[1578206864] wproc: CHECK job 74119 from worker Core Worker 22691 timed out after 30.01s
[1578206864] wproc:   host=Director_Bldg; service=(null);
[1578206864] wproc:   early_timeout=1; exited_ok=0; wait_status=0; error_code=62;
[1578206864] Warning: Check of host 'Director_Bldg' timed out after 30.01 seconds
[1578206864] wproc: Core Worker 22691: job 74119 (pid=12659): Dormant child reaped
[1578207164] wproc: Core Worker 22689: job 74130 (pid=12918) timed out. Killing it
[1578207164] wproc: CHECK job 74130 from worker Core Worker 22689 timed out after 30.01s
[1578207164] wproc:   host=Director_Bldg; service=(null);
[1578207164] wproc:   early_timeout=1; exited_ok=0; wait_status=0; error_code=62;
[1578207164] Warning: Check of host 'Director_Bldg' timed out after 30.01 seconds
[1578207164] wproc: Core Worker 22689: job 74130 (pid=12918): Dormant child reaped
[1578207464] wproc: Core Worker 22691: job 74138 (pid=13161) timed out. Killing it
[1578207464] wproc: CHECK job 74138 from worker Core Worker 22691 timed out after 30.01s
[1578207464] wproc:   host=Director_Bldg; service=(null);
[1578207464] wproc:   early_timeout=1; exited_ok=0; wait_status=0; error_code=62;
[1578207464] Warning: Check of host 'Director_Bldg' timed out after 30.01 seconds
[1578207464] HOST NOTIFICATION: nagiosadmin;Director_Bldg;DOWN;notify-host-by-email;(Host check timed out after 30.01 seconds)
[1578207464] wproc: Core Worker 22691: job 74138 (pid=13161): Dormant child reaped
[1578207764] wproc: Core Worker 22690: job 74149 (pid=13429) timed out. Killing it
[1578207764] wproc: CHECK job 74149 from worker Core Worker 22690 timed out after 30.01s
[1578207764] wproc:   host=Director_Bldg; service=(null);
[1578207764] wproc:   early_timeout=1; exited_ok=0; wait_status=0; error_code=62;
[1578207764] Warning: Check of host 'Director_Bldg' timed out after 30.01 seconds
[1578207764] wproc: Core Worker 22690: job 74149 (pid=13429): Dormant child reaped
[1578208064] wproc: Core Worker 22692: job 74157 (pid=13675) timed out. Killing it
[1578208064] wproc: CHECK job 74157 from worker Core Worker 22692 timed out after 30.01s
[1578208064] wproc:   host=Director_Bldg; service=(null);
[1578208064] wproc:   early_timeout=1; exited_ok=0; wait_status=0; error_code=62;
[1578208064] Warning: Check of host 'Director_Bldg' timed out after 30.01 seconds
[1578208064] wproc: Core Worker 22692: job 74157 (pid=13675): Dormant child reaped
[1578208085] Auto-save of retention data completed successfully.
[1578208364] wproc: Core Worker 22690: job 74168 (pid=13935) timed out. Killing it
[1578208364] wproc: CHECK job 74168 from worker Core Worker 22690 timed out after 30.01s
[1578208364] wproc:   host=Director_Bldg; service=(null);
[1578208364] wproc:   early_timeout=1; exited_ok=0; wait_status=0; error_code=62;
[1578208364] Warning: Check of host 'Director_Bldg' timed out after 30.01 seconds
[1578208364] wproc: Core Worker 22690: job 74168 (pid=13935): Dormant child reaped
[1578208664] wproc: Core Worker 22692: job 74176 (pid=14179) timed out. Killing it
[1578208664] wproc: CHECK job 74176 from worker Core Worker 22692 timed out after 30.01s
[1578208664] wproc:   host=Director_Bldg; service=(null);
[1578208664] wproc:   early_timeout=1; exited_ok=0; wait_status=0; error_code=62;
[1578208664] Warning: Check of host 'Director_Bldg' timed out after 30.01 seconds
[1578208664] wproc: Core Worker 22692: job 74176 (pid=14179): Dormant child reaped
[1578208964] wproc: Core Worker 22690: job 74187 (pid=14442) timed out. Killing it
[1578208964] wproc: CHECK job 74187 from worker Core Worker 22690 timed out after 30.01s
[1578208964] wproc:   host=Director_Bldg; service=(null);
[1578208964] wproc:   early_timeout=1; exited_ok=0; wait_status=0; error_code=62;
[1578208964] Warning: Check of host 'Director_Bldg' timed out after 30.01 seconds
[1578208964] wproc: Core Worker 22690: job 74187 (pid=14442): Dormant child reaped
[1578209264] wproc: Core Worker 22692: job 74195 (pid=14684) timed out. Killing it
[1578209264] wproc: CHECK job 74195 from worker Core Worker 22692 timed out after 30.01s
[1578209264] wproc:   host=Director_Bldg; service=(null);
[1578209264] wproc:   early_timeout=1; exited_ok=0; wait_status=0; error_code=62;
[1578209264] Warning: Check of host 'Director_Bldg' timed out after 30.01 seconds
[1578209264] HOST NOTIFICATION: nagiosadmin;Director_Bldg;DOWN;notify-host-by-email;(Host check timed out after 30.01 seconds)
[1578209264] wproc: Core Worker 22692: job 74195 (pid=14684): Dormant child reaped
[1578209564] wproc: Core Worker 22691: job 74206 (pid=14981) timed out. Killing it
[1578209564] wproc: CHECK job 74206 from worker Core Worker 22691 timed out after 30.01s
[1578209564] wproc:   host=Director_Bldg; service=(null);
[1578209564] wproc:   early_timeout=1; exited_ok=0; wait_status=0; error_code=62;
[1578209564] Warning: Check of host 'Director_Bldg' timed out after 30.01 seconds
[1578209564] wproc: Core Worker 22691: job 74206 (pid=14981): Dormant child reaped
[1578209864] wproc: Core Worker 22689: job 74215 (pid=15227) timed out. Killing it
[1578209864] wproc: CHECK job 74215 from worker Core Worker 22689 timed out after 30.01s
[1578209864] wproc:   host=Director_Bldg; service=(null);
[1578209864] wproc:   early_timeout=1; exited_ok=0; wait_status=0; error_code=62;
[1578209864] Warning: Check of host 'Director_Bldg' timed out after 30.01 seconds
[1578209864] wproc: Core Worker 22689: job 74215 (pid=15227): Dormant child reaped
[1578210164] wproc: Core Worker 22691: job 74225 (pid=15487) timed out. Killing it
[1578210164] wproc: CHECK job 74225 from worker Core Worker 22691 timed out after 30.01s
[1578210164] wproc:   host=Director_Bldg; service=(null);
[1578210164] wproc:   early_timeout=1; exited_ok=0; wait_status=0; error_code=62;
[1578210164] Warning: Check of host 'Director_Bldg' timed out after 30.01 seconds
[1578210164] wproc: Core Worker 22691: job 74225 (pid=15487): Dormant child reaped
[1578210464] wproc: Core Worker 22689: job 74234 (pid=15730) timed out. Killing it
[1578210464] wproc: CHECK job 74234 from worker Core Worker 22689 timed out after 30.01s
[1578210464] wproc:   host=Director_Bldg; service=(null);
[1578210464] wproc:   early_timeout=1; exited_ok=0; wait_status=0; error_code=62;
[1578210464] Warning: Check of host 'Director_Bldg' timed out after 30.01 seconds
[1578210464] wproc: Core Worker 22689: job 74234 (pid=15730): Dormant child reaped
[1578210764] wproc: Core Worker 22691: job 74244 (pid=15990) timed out. Killing it
[1578210764] wproc: CHECK job 74244 from worker Core Worker 22691 timed out after 30.01s
[1578210764] wproc:   host=Director_Bldg; service=(null);
[1578210764] wproc:   early_timeout=1; exited_ok=0; wait_status=0; error_code=62;
[1578210764] Warning: Check of host 'Director_Bldg' timed out after 30.01 seconds
[1578210764] wproc: Core Worker 22691: job 74244 (pid=15990): Dormant child reaped
[1578211064] wproc: Core Worker 22689: job 74253 (pid=16233) timed out. Killing it
[1578211064] wproc: CHECK job 74253 from worker Core Worker 22689 timed out after 30.01s
[1578211064] wproc:   host=Director_Bldg; service=(null);
[1578211064] wproc:   early_timeout=1; exited_ok=0; wait_status=0; error_code=62;
[1578211064] Warning: Check of host 'Director_Bldg' timed out after 30.01 seconds
[1578211064] HOST NOTIFICATION: nagiosadmin;Director_Bldg;DOWN;notify-host-by-email;(Host check timed out after 30.01 seconds)
[1578211064] wproc: Core Worker 22689: job 74253 (pid=16233): Dormant child reaped
[1578211364] wproc: Core Worker 22692: job 74263 (pid=16502) timed out. Killing it
[1578211364] wproc: CHECK job 74263 from worker Core Worker 22692 timed out after 30.01s
[1578211364] wproc:   host=Director_Bldg; service=(null);
[1578211364] wproc:   early_timeout=1; exited_ok=0; wait_status=0; error_code=62;
[1578211364] Warning: Check of host 'Director_Bldg' timed out after 30.01 seconds
[1578211364] wproc: Core Worker 22692: job 74263 (pid=16502): Dormant child reaped
[1578211664] wproc: Core Worker 22690: job 74272 (pid=16743) timed out. Killing it
[1578211664] wproc: CHECK job 74272 from worker Core Worker 22690 timed out after 30.01s
[1578211664] wproc:   host=Director_Bldg; service=(null);
[1578211664] wproc:   early_timeout=1; exited_ok=0; wait_status=0; error_code=62;
[1578211664] Warning: Check of host 'Director_Bldg' timed out after 30.01 seconds
[1578211665] wproc: Core Worker 22690: job 74272 (pid=16743): Dormant child reaped
[1578211685] Auto-save of retention data completed successfully.
[1578211964] wproc: Core Worker 22692: job 74282 (pid=17003) timed out. Killing it
[1578211964] wproc: CHECK job 74282 from worker Core Worker 22692 timed out after 30.00s
[1578211964] wproc:   host=Director_Bldg; service=(null);
[1578211964] wproc:   early_timeout=1; exited_ok=0; wait_status=0; error_code=62;
[1578211964] Warning: Check of host 'Director_Bldg' timed out after 30.00 seconds
[1578211965] wproc: Core Worker 22692: job 74282 (pid=17003): Dormant child reaped
[1578212264] wproc: Core Worker 22690: job 74291 (pid=17245) timed out. Killing it
[1578212264] wproc: CHECK job 74291 from worker Core Worker 22690 timed out after 30.01s
[1578212264] wproc:   host=Director_Bldg; service=(null);
[1578212264] wproc:   early_timeout=1; exited_ok=0; wait_status=0; error_code=62;
[1578212264] Warning: Check of host 'Director_Bldg' timed out after 30.01 seconds
[1578212265] wproc: Core Worker 22690: job 74291 (pid=17245): Dormant child reaped
[1578212564] wproc: Core Worker 22692: job 74301 (pid=17513) timed out. Killing it
[1578212564] wproc: CHECK job 74301 from worker Core Worker 22692 timed out after 30.00s
[1578212564] wproc:   host=Director_Bldg; service=(null);
[1578212564] wproc:   early_timeout=1; exited_ok=0; wait_status=0; error_code=62;
[1578212564] Warning: Check of host 'Director_Bldg' timed out after 30.00 seconds
[1578212565] wproc: Core Worker 22692: job 74301 (pid=17513): Dormant child reaped
[1578212864] wproc: Core Worker 22690: job 74310 (pid=17755) timed out. Killing it
[1578212864] wproc: CHECK job 74310 from worker Core Worker 22690 timed out after 30.01s
[1578212864] wproc:   host=Director_Bldg; service=(null);
[1578212864] wproc:   early_timeout=1; exited_ok=0; wait_status=0; error_code=62;
[1578212864] Warning: Check of host 'Director_Bldg' timed out after 30.01 seconds
[1578212864] HOST NOTIFICATION: nagiosadmin;Director_Bldg;DOWN;notify-host-by-email;(Host check timed out after 30.01 seconds)
[1578212865] wproc: Core Worker 22690: job 74310 (pid=17755): Dormant child reaped
[1578213164] wproc: Core Worker 22689: job 74321 (pid=18048) timed out. Killing it
[1578213164] wproc: CHECK job 74321 from worker Core Worker 22689 timed out after 30.00s
[1578213164] wproc:   host=Director_Bldg; service=(null);
[1578213164] wproc:   early_timeout=1; exited_ok=0; wait_status=0; error_code=62;
[1578213164] Warning: Check of host 'Director_Bldg' timed out after 30.00 seconds
[1578213165] wproc: Core Worker 22689: job 74321 (pid=18048): Dormant child reaped
[1578213464] wproc: Core Worker 22691: job 74329 (pid=18297) timed out. Killing it
[1578213464] wproc: CHECK job 74329 from worker Core Worker 22691 timed out after 30.01s
[1578213464] wproc:   host=Director_Bldg; service=(null);
[1578213464] wproc:   early_timeout=1; exited_ok=0; wait_status=0; error_code=62;
[1578213464] Warning: Check of host 'Director_Bldg' timed out after 30.01 seconds
[1578213465] wproc: Core Worker 22691: job 74329 (pid=18297): Dormant child reaped
[1578213764] wproc: Core Worker 22689: job 74340 (pid=18563) timed out. Killing it
[1578213764] wproc: CHECK job 74340 from worker Core Worker 22689 timed out after 30.01s
[1578213764] wproc:   host=Director_Bldg; service=(null);
[1578213764] wproc:   early_timeout=1; exited_ok=0; wait_status=0; error_code=62;
[1578213764] Warning: Check of host 'Director_Bldg' timed out after 30.01 seconds
[1578213765] wproc: Core Worker 22689: job 74340 (pid=18563): Dormant child reaped
[1578214064] wproc: Core Worker 22691: job 74348 (pid=18805) timed out. Killing it
[1578214064] wproc: CHECK job 74348 from worker Core Worker 22691 timed out after 30.01s
[1578214064] wproc:   host=Director_Bldg; service=(null);
[1578214064] wproc:   early_timeout=1; exited_ok=0; wait_status=0; error_code=62;
[1578214064] Warning: Check of host 'Director_Bldg' timed out after 30.01 seconds
[1578214065] wproc: Core Worker 22691: job 74348 (pid=18805): Dormant child reaped
[1578214338] HOST NOTIFICATION: nagiosadmin;Director_Bldg;UP;notify-host-by-email;PING OK - Packet loss = 0%, RTA = 0.60 ms
[1578214338] HOST ALERT: Director_Bldg;UP;HARD;1;PING OK - Packet loss = 0%, RTA = 0.60 ms
[1578214463] SERVICE ALERT: Director_Bldg;check-host-alive;OK;SOFT;1;PING OK - Packet loss = 0%, RTA = 0.68 ms
[1578215285] Auto-save of retention data completed successfully.
[1578218885] Auto-save of retention data completed successfully.
[1578222485] Auto-save of retention data completed successfully.
[1578226085] Auto-save of retention data completed successfully.
[1578229685] Auto-save of retention data completed successfully.
[1578233285] Auto-save of retention data completed successfully.
[1578236885] Auto-save of retention data completed successfully.
[1578240485] Auto-save of retention data completed successfully.
[1578244085] Auto-save of retention data completed successfully.
[1578247685] Auto-save of retention data completed successfully.
