[1596565800] LOG ROTATION: DAILY
[1596565800] LOG VERSION: 2.0
[1596565800] CURRENT HOST STATE: AP_Main_Bldg;UP;HARD;1;PING OK - Packet loss = 0%, RTA = 0.64 ms
[1596565800] CURRENT HOST STATE: Director_Bldg;UP;HARD;1;PING OK - Packet loss = 0%, RTA = 0.60 ms
[1596565800] CURRENT HOST STATE: Director_Resident;UP;HARD;1;PING OK - Packet loss = 0%, RTA = 1.26 ms
[1596565800] CURRENT HOST STATE: esxi01;UP;HARD;1;PING OK - Packet loss = 0%, RTA = 0.42 ms
[1596565800] CURRENT HOST STATE: esxi02;UP;HARD;1;PING OK - Packet loss = 0%, RTA = 0.47 ms
[1596565800] CURRENT HOST STATE: esxi03;UP;HARD;1;PING OK - Packet loss = 0%, RTA = 0.48 ms
[1596565800] CURRENT HOST STATE: esxi04;UP;HARD;1;PING OK - Packet loss = 0%, RTA = 0.50 ms
[1596565800] CURRENT HOST STATE: esxi05;UP;HARD;1;PING OK - Packet loss = 0%, RTA = 0.43 ms
[1596565800] CURRENT HOST STATE: esxi06;UP;HARD;1;PING OK - Packet loss = 0%, RTA = 0.64 ms
[1596565800] CURRENT HOST STATE: esxi07;UP;HARD;1;PING OK - Packet loss = 0%, RTA = 0.45 ms
[1596565800] CURRENT HOST STATE: esxi08;UP;HARD;1;PING OK - Packet loss = 0%, RTA = 0.44 ms
[1596565800] CURRENT HOST STATE: esxi09;UP;HARD;1;PING OK - Packet loss = 0%, RTA = 0.40 ms
[1596565800] CURRENT HOST STATE: localhost;UP;HARD;1;PING OK - Packet loss = 0%, RTA = 0.05 ms
[1596565800] CURRENT HOST STATE: vmware10gswitch;UP;HARD;1;PING OK - Packet loss = 0%, RTA = 1.37 ms
[1596565800] CURRENT HOST STATE: vmwaremgmtswitch;UP;HARD;1;PING OK - Packet loss = 0%, RTA = 0.82 ms
[1596565800] CURRENT SERVICE STATE: AP_Main_Bldg;check-host-alive;OK;HARD;1;PING OK - Packet loss = 0%, RTA = 0.76 ms
[1596565800] CURRENT SERVICE STATE: Director_Bldg;check-host-alive;OK;HARD;1;PING OK - Packet loss = 0%, RTA = 0.60 ms
[1596565800] CURRENT SERVICE STATE: Director_Resident;check-host-alive;OK;HARD;1;PING OK - Packet loss = 0%, RTA = 0.65 ms
[1596565800] CURRENT SERVICE STATE: esxi01;ESXi Hardware Check;OK;HARD;1;OK - Server: Cisco Systems Inc UCSC-C220-M4S s/n: FCH22157EQH Chassis S/N: FCH2216V0WN  System BIOS: C220M4.3.0.4a.0.0226182253 2018-02-26
[1596565800] CURRENT SERVICE STATE: esxi01;PING;OK;HARD;1;PING OK - Packet loss = 0%, RTA = 0.47 ms
[1596565800] CURRENT SERVICE STATE: esxi02;ESXi Hardware Check;OK;HARD;1;OK - Server: Cisco Systems Inc UCSC-C220-M4S s/n: FCH22157E1D Chassis S/N: FCH2216V0Y6  System BIOS: C220M4.3.0.4a.0.0226182253 2018-02-26
[1596565800] CURRENT SERVICE STATE: esxi02;PING;OK;HARD;1;PING OK - Packet loss = 0%, RTA = 0.54 ms
[1596565800] CURRENT SERVICE STATE: esxi03;ESXi Hardware Check;OK;HARD;1;OK - Server: Cisco Systems Inc UCSC-C220-M4S s/n: FCH22157ESB Chassis S/N: FCH2216V0TW  System BIOS: C220M4.3.0.4a.0.0226182253 2018-02-26
[1596565800] CURRENT SERVICE STATE: esxi03;PING;OK;HARD;1;PING OK - Packet loss = 0%, RTA = 0.43 ms
[1596565800] CURRENT SERVICE STATE: esxi04;ESXi Hardware Check;OK;HARD;1;OK - Server: Cisco Systems Inc UCSC-C220-M4S s/n: FCH22137QKB Chassis S/N: FCH2216V0YZ  System BIOS: C220M4.3.0.4a.0.0226182253 2018-02-26
[1596565800] CURRENT SERVICE STATE: esxi04;PING;OK;HARD;1;PING OK - Packet loss = 0%, RTA = 0.47 ms
[1596565800] CURRENT SERVICE STATE: esxi05;ESXi Hardware Check;OK;HARD;1;OK - Server: Cisco Systems Inc UCSC-C220-M4S s/n: FCH22157EPD Chassis S/N: FCH2216V0Z0  System BIOS: C220M4.3.0.4a.0.0226182253 2018-02-26
[1596565800] CURRENT SERVICE STATE: esxi05;PING;OK;HARD;1;PING OK - Packet loss = 0%, RTA = 0.58 ms
[1596565800] CURRENT SERVICE STATE: esxi06;ESXi Haradware Check;UNKNOWN;HARD;3;UNKNOWN: (0, 'Socket error: [Errno 111] Connection refused')
[1596565800] CURRENT SERVICE STATE: esxi06;PING;OK;HARD;1;PING OK - Packet loss = 0%, RTA = 0.59 ms
[1596565800] CURRENT SERVICE STATE: esxi07;ESXi Hardware Check;UNKNOWN;HARD;3;UNKNOWN: (0, 'Socket error: [Errno 111] Connection refused')
[1596565800] CURRENT SERVICE STATE: esxi07;PING;OK;HARD;1;PING OK - Packet loss = 0%, RTA = 0.47 ms
[1596565800] CURRENT SERVICE STATE: esxi08;ESXi Hardware Check;OK;HARD;1;OK - Server: Cisco Systems Inc UCSC-C220-M4S s/n: FCH22137QJN Chassis S/N: FCH2216V0YV  System BIOS: C220M4.3.0.4a.0.0226182253 2018-02-26
[1596565800] CURRENT SERVICE STATE: esxi08;PING;OK;HARD;1;PING OK - Packet loss = 0%, RTA = 0.34 ms
[1596565800] CURRENT SERVICE STATE: esxi09;ESXi Hardware Check;OK;HARD;1;OK - Server: Cisco Systems Inc UCSC-C220-M4S s/n: FCH22157ERY Chassis S/N: FCH2216V0YN  System BIOS: C220M4.3.0.4a.0.0226182253 2018-02-26
[1596565800] CURRENT SERVICE STATE: esxi09;PING;OK;HARD;1;PING OK - Packet loss = 0%, RTA = 0.46 ms
[1596565800] CURRENT SERVICE STATE: localhost;Current Load;OK;HARD;1;OK - load average: 0.04, 0.04, 0.05
[1596565800] CURRENT SERVICE STATE: localhost;Current Users;OK;HARD;1;USERS OK - 0 users currently logged in
[1596565800] CURRENT SERVICE STATE: localhost;PING;OK;HARD;1;PING OK - Packet loss = 0%, RTA = 0.05 ms
[1596565800] CURRENT SERVICE STATE: localhost;Root Partition;OK;HARD;1;DISK OK - free space: / 42831 MB (83.69% inode=99%):
[1596565800] CURRENT SERVICE STATE: localhost;SSH;OK;HARD;1;SSH OK - OpenSSH_7.4 (protocol 2.0)
[1596565800] CURRENT SERVICE STATE: localhost;Swap Usage;OK;HARD;1;SWAP OK - 100% free (3967 MB out of 3967 MB)
[1596565800] CURRENT SERVICE STATE: localhost;Total Processes;OK;HARD;1;PROCS OK: 79 processes with STATE = RSZDT
[1596565800] CURRENT SERVICE STATE: vmware10gswitch;check-host-alive;OK;HARD;1;PING OK - Packet loss = 0%, RTA = 1.29 ms
[1596565800] CURRENT SERVICE STATE: vmwaremgmtswitch;check-host-alive;OK;HARD;1;PING OK - Packet loss = 0%, RTA = 0.76 ms
[1596567199] wproc: Core Worker 22691: job 654801 (pid=23934) timed out. Killing it
[1596567199] wproc: CHECK job 654801 from worker Core Worker 22691 timed out after 30.01s
[1596567199] wproc:   host=esxi07; service=(null);
[1596567199] wproc:   early_timeout=1; exited_ok=0; wait_status=0; error_code=62;
[1596567199] Warning: Check of host 'esxi07' timed out after 30.01 seconds
[1596567199] HOST ALERT: esxi07;DOWN;SOFT;1;(Host check timed out after 30.01 seconds)
[1596567199] wproc: Core Worker 22691: job 654801 (pid=23934): Dormant child reaped
[1596567239] SERVICE NOTIFICATION: nagiosadmin;esxi06;ESXi Haradware Check;UNKNOWN;notify-service-by-email;UNKNOWN: (0, 'Socket error: [Errno 111] Connection refused')
[1596567265] SERVICE ALERT: esxi07;PING;CRITICAL;HARD;1;CRITICAL - Plugin timed out
[1596567289] wproc: Core Worker 22690: job 654804 (pid=23969) timed out. Killing it
[1596567289] wproc: CHECK job 654804 from worker Core Worker 22690 timed out after 30.03s
[1596567289] wproc:   host=esxi07; service=(null);
[1596567289] wproc:   early_timeout=1; exited_ok=0; wait_status=0; error_code=62;
[1596567289] Warning: Check of host 'esxi07' timed out after 30.03 seconds
[1596567289] HOST ALERT: esxi07;DOWN;SOFT;2;(Host check timed out after 30.03 seconds)
[1596567289] wproc: Core Worker 22690: job 654804 (pid=23969): Dormant child reaped
[1596567353] HOST ALERT: esxi07;UP;SOFT;1;PING OK - Packet loss = 0%, RTA = 0.77 ms
[1596567420] SERVICE NOTIFICATION: nagiosadmin;esxi07;ESXi Hardware Check;OK;notify-service-by-email;OK - Server: Cisco Systems Inc UCSC-C220-M4S s/n: FCH22157EV7 Chassis S/N: FCH2216V0Y8  System BIOS: C220M4.3.0.4a.0.0226182253 2018-02-26
[1596567420] SERVICE ALERT: esxi07;ESXi Hardware Check;OK;HARD;3;OK - Server: Cisco Systems Inc UCSC-C220-M4S s/n: FCH22157EV7 Chassis S/N: FCH2216V0Y8  System BIOS: C220M4.3.0.4a.0.0226182253 2018-02-26
[1596567558] SERVICE ALERT: esxi07;PING;OK;SOFT;1;PING OK - Packet loss = 0%, RTA = 0.51 ms
[1596568029] SERVICE ALERT: esxi06;PING;WARNING;SOFT;1;PING WARNING - Packet loss = 20%, RTA = 0.50 ms
[1596568085] Auto-save of retention data completed successfully.
[1596568093] SERVICE ALERT: esxi06;PING;OK;SOFT;2;PING OK - Packet loss = 0%, RTA = 0.45 ms
[1596570839] SERVICE NOTIFICATION: nagiosadmin;esxi06;ESXi Haradware Check;UNKNOWN;notify-service-by-email;UNKNOWN: (0, 'Socket error: [Errno 111] Connection refused')
[1596571685] Auto-save of retention data completed successfully.
[1596574439] SERVICE NOTIFICATION: nagiosadmin;esxi06;ESXi Haradware Check;UNKNOWN;notify-service-by-email;UNKNOWN: (0, 'Socket error: [Errno 111] Connection refused')
[1596575285] Auto-save of retention data completed successfully.
[1596578039] SERVICE NOTIFICATION: nagiosadmin;esxi06;ESXi Haradware Check;UNKNOWN;notify-service-by-email;UNKNOWN: (0, 'Socket error: [Errno 111] Connection refused')
[1596578885] Auto-save of retention data completed successfully.
[1596581639] SERVICE NOTIFICATION: nagiosadmin;esxi06;ESXi Haradware Check;UNKNOWN;notify-service-by-email;UNKNOWN: (0, 'Socket error: [Errno 111] Connection refused')
[1596582485] Auto-save of retention data completed successfully.
[1596585239] SERVICE NOTIFICATION: nagiosadmin;esxi06;ESXi Haradware Check;UNKNOWN;notify-service-by-email;UNKNOWN: (0, 'Socket error: [Errno 111] Connection refused')
[1596586085] Auto-save of retention data completed successfully.
[1596588764] SERVICE ALERT: esxi01;PING;WARNING;SOFT;1;PING WARNING - Packet loss = 20%, RTA = 0.48 ms
[1596588828] SERVICE ALERT: esxi01;PING;OK;SOFT;2;PING OK - Packet loss = 0%, RTA = 0.47 ms
[1596588839] SERVICE NOTIFICATION: nagiosadmin;esxi06;ESXi Haradware Check;UNKNOWN;notify-service-by-email;UNKNOWN: (0, 'Socket error: [Errno 111] Connection refused')
[1596589685] Auto-save of retention data completed successfully.
[1596592439] SERVICE NOTIFICATION: nagiosadmin;esxi06;ESXi Haradware Check;UNKNOWN;notify-service-by-email;UNKNOWN: (0, 'Socket error: [Errno 111] Connection refused')
[1596593285] Auto-save of retention data completed successfully.
[1596596039] SERVICE NOTIFICATION: nagiosadmin;esxi06;ESXi Haradware Check;UNKNOWN;notify-service-by-email;UNKNOWN: (0, 'Socket error: [Errno 111] Connection refused')
[1596596885] Auto-save of retention data completed successfully.
[1596599640] SERVICE NOTIFICATION: nagiosadmin;esxi06;ESXi Haradware Check;UNKNOWN;notify-service-by-email;UNKNOWN: (0, 'Socket error: [Errno 111] Connection refused')
[1596600485] Auto-save of retention data completed successfully.
[1596603839] SERVICE NOTIFICATION: nagiosadmin;esxi06;ESXi Haradware Check;UNKNOWN;notify-service-by-email;UNKNOWN: (0, 'Socket error: [Errno 111] Connection refused')
[1596603896] SERVICE ALERT: esxi02;PING;WARNING;SOFT;1;PING WARNING - Packet loss = 20%, RTA = 0.45 ms
[1596603960] SERVICE ALERT: esxi02;PING;OK;SOFT;2;PING OK - Packet loss = 0%, RTA = 0.44 ms
[1596604085] Auto-save of retention data completed successfully.
[1596607439] SERVICE NOTIFICATION: nagiosadmin;esxi06;ESXi Haradware Check;UNKNOWN;notify-service-by-email;UNKNOWN: (0, 'Socket error: [Errno 111] Connection refused')
[1596607685] Auto-save of retention data completed successfully.
[1596611040] SERVICE NOTIFICATION: nagiosadmin;esxi06;ESXi Haradware Check;UNKNOWN;notify-service-by-email;UNKNOWN: (0, 'Socket error: [Errno 111] Connection refused')
[1596611285] Auto-save of retention data completed successfully.
[1596614885] Auto-save of retention data completed successfully.
[1596615239] SERVICE NOTIFICATION: nagiosadmin;esxi06;ESXi Haradware Check;UNKNOWN;notify-service-by-email;UNKNOWN: (0, 'Socket error: [Errno 111] Connection refused')
[1596618485] Auto-save of retention data completed successfully.
[1596618839] SERVICE NOTIFICATION: nagiosadmin;esxi06;ESXi Haradware Check;UNKNOWN;notify-service-by-email;UNKNOWN: (0, 'Socket error: [Errno 111] Connection refused')
[1596622085] Auto-save of retention data completed successfully.
[1596622439] SERVICE NOTIFICATION: nagiosadmin;esxi06;ESXi Haradware Check;UNKNOWN;notify-service-by-email;UNKNOWN: (0, 'Socket error: [Errno 111] Connection refused')
[1596625685] Auto-save of retention data completed successfully.
[1596626039] SERVICE NOTIFICATION: nagiosadmin;esxi06;ESXi Haradware Check;UNKNOWN;notify-service-by-email;UNKNOWN: (0, 'Socket error: [Errno 111] Connection refused')
[1596629285] Auto-save of retention data completed successfully.
[1596629640] SERVICE NOTIFICATION: nagiosadmin;esxi06;ESXi Haradware Check;UNKNOWN;notify-service-by-email;UNKNOWN: (0, 'Socket error: [Errno 111] Connection refused')
[1596632885] Auto-save of retention data completed successfully.
[1596633839] SERVICE NOTIFICATION: nagiosadmin;esxi06;ESXi Haradware Check;UNKNOWN;notify-service-by-email;UNKNOWN: (0, 'Socket error: [Errno 111] Connection refused')
[1596636485] Auto-save of retention data completed successfully.
[1596637439] SERVICE NOTIFICATION: nagiosadmin;esxi06;ESXi Haradware Check;UNKNOWN;notify-service-by-email;UNKNOWN: (0, 'Socket error: [Errno 111] Connection refused')
[1596640085] Auto-save of retention data completed successfully.
[1596641039] SERVICE NOTIFICATION: nagiosadmin;esxi06;ESXi Haradware Check;UNKNOWN;notify-service-by-email;UNKNOWN: (0, 'Socket error: [Errno 111] Connection refused')
[1596643685] Auto-save of retention data completed successfully.
[1596644639] SERVICE NOTIFICATION: nagiosadmin;esxi06;ESXi Haradware Check;UNKNOWN;notify-service-by-email;UNKNOWN: (0, 'Socket error: [Errno 111] Connection refused')
[1596647285] Auto-save of retention data completed successfully.
[1596648239] SERVICE NOTIFICATION: nagiosadmin;esxi06;ESXi Haradware Check;UNKNOWN;notify-service-by-email;UNKNOWN: (0, 'Socket error: [Errno 111] Connection refused')
[1596650885] Auto-save of retention data completed successfully.
[1596651839] SERVICE NOTIFICATION: nagiosadmin;esxi06;ESXi Haradware Check;UNKNOWN;notify-service-by-email;UNKNOWN: (0, 'Socket error: [Errno 111] Connection refused')
