[1602700200] LOG ROTATION: DAILY
[1602700200] LOG VERSION: 2.0
[1602700200] CURRENT HOST STATE: AP_Main_Bldg;UP;HARD;1;PING OK - Packet loss = 0%, RTA = 0.79 ms
[1602700200] CURRENT HOST STATE: Director_Bldg;DOWN;HARD;10;(Host check timed out after 30.02 seconds)
[1602700200] CURRENT HOST STATE: Director_Resident;DOWN;HARD;10;(Host check timed out after 30.01 seconds)
[1602700200] CURRENT HOST STATE: esxi01;UP;HARD;1;PING OK - Packet loss = 0%, RTA = 0.52 ms
[1602700200] CURRENT HOST STATE: esxi02;UP;HARD;1;PING OK - Packet loss = 0%, RTA = 0.49 ms
[1602700200] CURRENT HOST STATE: esxi03;UP;HARD;1;PING OK - Packet loss = 0%, RTA = 0.35 ms
[1602700200] CURRENT HOST STATE: esxi04;UP;HARD;1;PING OK - Packet loss = 0%, RTA = 0.49 ms
[1602700200] CURRENT HOST STATE: esxi05;UP;HARD;1;PING OK - Packet loss = 0%, RTA = 0.55 ms
[1602700200] CURRENT HOST STATE: esxi06;UP;HARD;1;PING OK - Packet loss = 0%, RTA = 0.54 ms
[1602700200] CURRENT HOST STATE: esxi07;UP;HARD;1;PING OK - Packet loss = 0%, RTA = 0.47 ms
[1602700200] CURRENT HOST STATE: esxi08;UP;HARD;1;PING OK - Packet loss = 0%, RTA = 0.44 ms
[1602700200] CURRENT HOST STATE: esxi09;UP;HARD;1;PING OK - Packet loss = 0%, RTA = 0.39 ms
[1602700200] CURRENT HOST STATE: localhost;UP;HARD;1;PING OK - Packet loss = 0%, RTA = 0.05 ms
[1602700200] CURRENT HOST STATE: vmware10gswitch;UP;HARD;1;PING OK - Packet loss = 0%, RTA = 3.41 ms
[1602700200] CURRENT HOST STATE: vmwaremgmtswitch;UP;HARD;1;PING OK - Packet loss = 0%, RTA = 0.85 ms
[1602700200] CURRENT SERVICE STATE: AP_Main_Bldg;check-host-alive;OK;HARD;1;PING OK - Packet loss = 0%, RTA = 0.77 ms
[1602700200] CURRENT SERVICE STATE: Director_Bldg;check-host-alive;CRITICAL;HARD;3;CRITICAL - Plugin timed out
[1602700200] CURRENT SERVICE STATE: Director_Resident;check-host-alive;CRITICAL;HARD;1;CRITICAL - Plugin timed out
[1602700200] CURRENT SERVICE STATE: esxi01;ESXi Hardware Check;OK;HARD;1;OK - Server: Cisco Systems Inc UCSC-C220-M4S s/n: FCH22157EQH Chassis S/N: FCH2216V0WN  System BIOS: C220M4.3.0.4a.0.0226182253 2018-02-26
[1602700200] CURRENT SERVICE STATE: esxi01;PING;OK;HARD;1;PING OK - Packet loss = 0%, RTA = 0.54 ms
[1602700200] CURRENT SERVICE STATE: esxi02;ESXi Hardware Check;UNKNOWN;HARD;3;UNKNOWN:
[1602700200] CURRENT SERVICE STATE: esxi02;PING;OK;HARD;1;PING OK - Packet loss = 0%, RTA = 0.46 ms
[1602700200] CURRENT SERVICE STATE: esxi03;ESXi Hardware Check;OK;HARD;1;OK - Server: Cisco Systems Inc UCSC-C220-M4S s/n: FCH22157ESB Chassis S/N: FCH2216V0TW  System BIOS: C220M4.3.0.4a.0.0226182253 2018-02-26
[1602700200] CURRENT SERVICE STATE: esxi03;PING;OK;HARD;1;PING OK - Packet loss = 0%, RTA = 0.31 ms
[1602700200] CURRENT SERVICE STATE: esxi04;ESXi Hardware Check;OK;HARD;1;OK - Server: Cisco Systems Inc UCSC-C220-M4S s/n: FCH22137QKB Chassis S/N: FCH2216V0YZ  System BIOS: C220M4.3.0.4a.0.0226182253 2018-02-26
[1602700200] CURRENT SERVICE STATE: esxi04;PING;OK;HARD;1;PING OK - Packet loss = 0%, RTA = 0.47 ms
[1602700200] CURRENT SERVICE STATE: esxi05;ESXi Hardware Check;OK;HARD;1;OK - Server: Cisco Systems Inc UCSC-C220-M4S s/n: FCH22157EPD Chassis S/N: FCH2216V0Z0  System BIOS: C220M4.3.0.4a.0.0226182253 2018-02-26
[1602700200] CURRENT SERVICE STATE: esxi05;PING;OK;HARD;1;PING OK - Packet loss = 0%, RTA = 0.87 ms
[1602700200] CURRENT SERVICE STATE: esxi06;ESXi Haradware Check;OK;HARD;1;OK - Server: Cisco Systems Inc UCSC-C220-M4S s/n: FCH22157ERW Chassis S/N: FCH2216V0X8  System BIOS: C220M4.3.0.4a.0.0226182253 2018-02-26
[1602700200] CURRENT SERVICE STATE: esxi06;PING;OK;HARD;1;PING OK - Packet loss = 0%, RTA = 0.57 ms
[1602700200] CURRENT SERVICE STATE: esxi07;ESXi Hardware Check;OK;HARD;1;OK - Server: Cisco Systems Inc UCSC-C220-M4S s/n: FCH22157EV7 Chassis S/N: FCH2216V0Y8  System BIOS: C220M4.3.0.4a.0.0226182253 2018-02-26
[1602700200] CURRENT SERVICE STATE: esxi07;PING;OK;HARD;1;PING OK - Packet loss = 0%, RTA = 0.45 ms
[1602700200] CURRENT SERVICE STATE: esxi08;ESXi Hardware Check;OK;HARD;1;OK - Server: Cisco Systems Inc UCSC-C220-M4S s/n: FCH22137QJN Chassis S/N: FCH2216V0YV  System BIOS: C220M4.3.0.4a.0.0226182253 2018-02-26
[1602700200] CURRENT SERVICE STATE: esxi08;PING;OK;HARD;1;PING OK - Packet loss = 0%, RTA = 0.84 ms
[1602700200] CURRENT SERVICE STATE: esxi09;ESXi Hardware Check;OK;HARD;1;OK - Server: Cisco Systems Inc UCSC-C220-M4S s/n: FCH22157ERY Chassis S/N: FCH2216V0YN  System BIOS: C220M4.3.0.4a.0.0226182253 2018-02-26
[1602700200] CURRENT SERVICE STATE: esxi09;PING;OK;HARD;1;PING OK - Packet loss = 0%, RTA = 0.47 ms
[1602700200] CURRENT SERVICE STATE: localhost;Current Load;OK;HARD;1;OK - load average: 0.00, 0.01, 0.05
[1602700200] CURRENT SERVICE STATE: localhost;Current Users;OK;HARD;1;USERS OK - 0 users currently logged in
[1602700200] CURRENT SERVICE STATE: localhost;PING;OK;HARD;1;PING OK - Packet loss = 0%, RTA = 0.05 ms
[1602700200] CURRENT SERVICE STATE: localhost;Root Partition;OK;HARD;1;DISK OK - free space: / 42826 MB (83.68% inode=99%):
[1602700200] CURRENT SERVICE STATE: localhost;SSH;OK;HARD;1;SSH OK - OpenSSH_7.4 (protocol 2.0)
[1602700200] CURRENT SERVICE STATE: localhost;Swap Usage;OK;HARD;1;SWAP OK - 100% free (3967 MB out of 3967 MB)
[1602700200] CURRENT SERVICE STATE: localhost;Total Processes;OK;HARD;1;PROCS OK: 79 processes with STATE = RSZDT
[1602700200] CURRENT SERVICE STATE: vmware10gswitch;check-host-alive;OK;HARD;1;PING OK - Packet loss = 0%, RTA = 1.40 ms
[1602700200] CURRENT SERVICE STATE: vmwaremgmtswitch;check-host-alive;OK;HARD;1;PING OK - Packet loss = 0%, RTA = 1.03 ms
[1602700289] wproc: Core Worker 8830: job 90795 (pid=15666) timed out. Killing it
[1602700289] wproc: CHECK job 90795 from worker Core Worker 8830 timed out after 30.03s
[1602700289] wproc:   host=Director_Resident; service=(null);
[1602700289] wproc:   early_timeout=1; exited_ok=0; wait_status=0; error_code=62;
[1602700289] Warning: Check of host 'Director_Resident' timed out after 30.03 seconds
[1602700289] wproc: Core Worker 8830: job 90795 (pid=15666): Dormant child reaped
[1602700434] wproc: Core Worker 8828: job 90802 (pid=15771) timed out. Killing it
[1602700434] wproc: CHECK job 90802 from worker Core Worker 8828 timed out after 30.03s
[1602700434] wproc:   host=Director_Bldg; service=(null);
[1602700434] wproc:   early_timeout=1; exited_ok=0; wait_status=0; error_code=62;
[1602700434] Warning: Check of host 'Director_Bldg' timed out after 30.03 seconds
[1602700434] HOST NOTIFICATION: nagiosadmin;Director_Bldg;DOWN;notify-host-by-email;(Host check timed out after 30.03 seconds)
[1602700434] wproc: Core Worker 8828: job 90802 (pid=15771): Dormant child reaped
[1602700589] wproc: Core Worker 8827: job 90805 (pid=15951) timed out. Killing it
[1602700589] wproc: CHECK job 90805 from worker Core Worker 8827 timed out after 30.03s
[1602700589] wproc:   host=Director_Resident; service=(null);
[1602700589] wproc:   early_timeout=1; exited_ok=0; wait_status=0; error_code=62;
[1602700589] Warning: Check of host 'Director_Resident' timed out after 30.03 seconds
[1602700589] HOST NOTIFICATION: nagiosadmin;Director_Resident;DOWN;notify-host-by-email;(Host check timed out after 30.03 seconds)
[1602700589] wproc: Core Worker 8827: job 90805 (pid=15951): Dormant child reaped
[1602700734] wproc: Core Worker 8828: job 90811 (pid=16030) timed out. Killing it
[1602700734] wproc: CHECK job 90811 from worker Core Worker 8828 timed out after 30.03s
[1602700734] wproc:   host=Director_Bldg; service=(null);
[1602700734] wproc:   early_timeout=1; exited_ok=0; wait_status=0; error_code=62;
[1602700734] Warning: Check of host 'Director_Bldg' timed out after 30.03 seconds
[1602700734] wproc: Core Worker 8828: job 90811 (pid=16030): Dormant child reaped
[1602700889] wproc: Core Worker 8828: job 90814 (pid=16213) timed out. Killing it
[1602700889] wproc: CHECK job 90814 from worker Core Worker 8828 timed out after 30.01s
[1602700889] wproc:   host=Director_Resident; service=(null);
[1602700889] wproc:   early_timeout=1; exited_ok=0; wait_status=0; error_code=62;
[1602700889] Warning: Check of host 'Director_Resident' timed out after 30.01 seconds
[1602700889] wproc: Core Worker 8828: job 90814 (pid=16213): Dormant child reaped
[1602701034] wproc: Core Worker 8827: job 90821 (pid=16294) timed out. Killing it
[1602701034] wproc: CHECK job 90821 from worker Core Worker 8827 timed out after 30.01s
[1602701034] wproc:   host=Director_Bldg; service=(null);
[1602701034] wproc:   early_timeout=1; exited_ok=0; wait_status=0; error_code=62;
[1602701034] Warning: Check of host 'Director_Bldg' timed out after 30.01 seconds
[1602701034] wproc: Core Worker 8827: job 90821 (pid=16294): Dormant child reaped
[1602701189] wproc: Core Worker 8830: job 90823 (pid=16468) timed out. Killing it
[1602701189] wproc: CHECK job 90823 from worker Core Worker 8830 timed out after 30.01s
[1602701189] wproc:   host=Director_Resident; service=(null);
[1602701189] wproc:   early_timeout=1; exited_ok=0; wait_status=0; error_code=62;
[1602701189] Warning: Check of host 'Director_Resident' timed out after 30.01 seconds
[1602701189] wproc: Core Worker 8830: job 90823 (pid=16468): Dormant child reaped
[1602701334] wproc: Core Worker 8830: job 90829 (pid=16538) timed out. Killing it
[1602701334] wproc: CHECK job 90829 from worker Core Worker 8830 timed out after 30.02s
[1602701334] wproc:   host=Director_Bldg; service=(null);
[1602701334] wproc:   early_timeout=1; exited_ok=0; wait_status=0; error_code=62;
[1602701334] Warning: Check of host 'Director_Bldg' timed out after 30.02 seconds
[1602701334] wproc: Core Worker 8830: job 90829 (pid=16538): Dormant child reaped
[1602701489] wproc: Core Worker 8830: job 90832 (pid=16718) timed out. Killing it
[1602701489] wproc: CHECK job 90832 from worker Core Worker 8830 timed out after 30.02s
[1602701489] wproc:   host=Director_Resident; service=(null);
[1602701489] wproc:   early_timeout=1; exited_ok=0; wait_status=0; error_code=62;
[1602701489] Warning: Check of host 'Director_Resident' timed out after 30.02 seconds
[1602701489] wproc: Core Worker 8830: job 90832 (pid=16718): Dormant child reaped
[1602701634] wproc: Core Worker 8828: job 90839 (pid=16798) timed out. Killing it
[1602701634] wproc: CHECK job 90839 from worker Core Worker 8828 timed out after 30.03s
[1602701634] wproc:   host=Director_Bldg; service=(null);
[1602701634] wproc:   early_timeout=1; exited_ok=0; wait_status=0; error_code=62;
[1602701634] Warning: Check of host 'Director_Bldg' timed out after 30.03 seconds
[1602701634] wproc: Core Worker 8828: job 90839 (pid=16798): Dormant child reaped
[1602701789] wproc: Core Worker 8829: job 90841 (pid=16977) timed out. Killing it
[1602701789] wproc: CHECK job 90841 from worker Core Worker 8829 timed out after 30.03s
[1602701789] wproc:   host=Director_Resident; service=(null);
[1602701789] wproc:   early_timeout=1; exited_ok=0; wait_status=0; error_code=62;
[1602701789] Warning: Check of host 'Director_Resident' timed out after 30.03 seconds
[1602701789] wproc: Core Worker 8829: job 90841 (pid=16977): Dormant child reaped
[1602701934] wproc: Core Worker 8829: job 90847 (pid=17047) timed out. Killing it
[1602701934] wproc: CHECK job 90847 from worker Core Worker 8829 timed out after 30.01s
[1602701934] wproc:   host=Director_Bldg; service=(null);
[1602701934] wproc:   early_timeout=1; exited_ok=0; wait_status=0; error_code=62;
[1602701934] Warning: Check of host 'Director_Bldg' timed out after 30.01 seconds
[1602701934] wproc: Core Worker 8829: job 90847 (pid=17047): Dormant child reaped
[1602702089] wproc: Core Worker 8829: job 90850 (pid=17227) timed out. Killing it
[1602702089] wproc: CHECK job 90850 from worker Core Worker 8829 timed out after 30.03s
[1602702089] wproc:   host=Director_Resident; service=(null);
[1602702089] wproc:   early_timeout=1; exited_ok=0; wait_status=0; error_code=62;
[1602702089] Warning: Check of host 'Director_Resident' timed out after 30.03 seconds
[1602702089] wproc: Core Worker 8829: job 90850 (pid=17227): Dormant child reaped
[1602702234] wproc: Core Worker 8830: job 90857 (pid=17303) timed out. Killing it
[1602702234] wproc: CHECK job 90857 from worker Core Worker 8830 timed out after 30.01s
[1602702234] wproc:   host=Director_Bldg; service=(null);
[1602702234] wproc:   early_timeout=1; exited_ok=0; wait_status=0; error_code=62;
[1602702234] Warning: Check of host 'Director_Bldg' timed out after 30.01 seconds
[1602702234] HOST NOTIFICATION: nagiosadmin;Director_Bldg;DOWN;notify-host-by-email;(Host check timed out after 30.01 seconds)
[1602702234] wproc: Core Worker 8830: job 90857 (pid=17303): Dormant child reaped
[1602702389] wproc: Core Worker 8828: job 90860 (pid=17482) timed out. Killing it
[1602702389] wproc: CHECK job 90860 from worker Core Worker 8828 timed out after 30.03s
[1602702389] wproc:   host=Director_Resident; service=(null);
[1602702389] wproc:   early_timeout=1; exited_ok=0; wait_status=0; error_code=62;
[1602702389] Warning: Check of host 'Director_Resident' timed out after 30.03 seconds
[1602702389] HOST NOTIFICATION: nagiosadmin;Director_Resident;DOWN;notify-host-by-email;(Host check timed out after 30.03 seconds)
[1602702389] wproc: Core Worker 8828: job 90860 (pid=17482): Dormant child reaped
[1602702534] wproc: Core Worker 8830: job 90866 (pid=17560) timed out. Killing it
[1602702534] wproc: CHECK job 90866 from worker Core Worker 8830 timed out after 30.03s
[1602702534] wproc:   host=Director_Bldg; service=(null);
[1602702534] wproc:   early_timeout=1; exited_ok=0; wait_status=0; error_code=62;
[1602702534] Warning: Check of host 'Director_Bldg' timed out after 30.03 seconds
[1602702534] wproc: Core Worker 8830: job 90866 (pid=17560): Dormant child reaped
[1602702572] Auto-save of retention data completed successfully.
[1602702689] wproc: Core Worker 8830: job 90869 (pid=17740) timed out. Killing it
[1602702689] wproc: CHECK job 90869 from worker Core Worker 8830 timed out after 30.01s
[1602702689] wproc:   host=Director_Resident; service=(null);
[1602702689] wproc:   early_timeout=1; exited_ok=0; wait_status=0; error_code=62;
[1602702689] Warning: Check of host 'Director_Resident' timed out after 30.01 seconds
[1602702689] wproc: Core Worker 8830: job 90869 (pid=17740): Dormant child reaped
[1602702834] wproc: Core Worker 8828: job 90876 (pid=17821) timed out. Killing it
[1602702834] wproc: CHECK job 90876 from worker Core Worker 8828 timed out after 30.03s
[1602702834] wproc:   host=Director_Bldg; service=(null);
[1602702834] wproc:   early_timeout=1; exited_ok=0; wait_status=0; error_code=62;
[1602702834] Warning: Check of host 'Director_Bldg' timed out after 30.03 seconds
[1602702834] wproc: Core Worker 8828: job 90876 (pid=17821): Dormant child reaped
[1602702989] wproc: Core Worker 8829: job 90878 (pid=17996) timed out. Killing it
[1602702989] wproc: CHECK job 90878 from worker Core Worker 8829 timed out after 30.03s
[1602702989] wproc:   host=Director_Resident; service=(null);
[1602702989] wproc:   early_timeout=1; exited_ok=0; wait_status=0; error_code=62;
[1602702989] Warning: Check of host 'Director_Resident' timed out after 30.03 seconds
[1602702989] wproc: Core Worker 8829: job 90878 (pid=17996): Dormant child reaped
[1602703134] wproc: Core Worker 8829: job 90884 (pid=18066) timed out. Killing it
[1602703134] wproc: CHECK job 90884 from worker Core Worker 8829 timed out after 30.03s
[1602703134] wproc:   host=Director_Bldg; service=(null);
[1602703134] wproc:   early_timeout=1; exited_ok=0; wait_status=0; error_code=62;
[1602703134] Warning: Check of host 'Director_Bldg' timed out after 30.03 seconds
[1602703134] wproc: Core Worker 8829: job 90884 (pid=18066): Dormant child reaped
[1602703289] wproc: Core Worker 8829: job 90887 (pid=18251) timed out. Killing it
[1602703289] wproc: CHECK job 90887 from worker Core Worker 8829 timed out after 30.03s
[1602703289] wproc:   host=Director_Resident; service=(null);
[1602703289] wproc:   early_timeout=1; exited_ok=0; wait_status=0; error_code=62;
[1602703289] Warning: Check of host 'Director_Resident' timed out after 30.03 seconds
[1602703289] wproc: Core Worker 8829: job 90887 (pid=18251): Dormant child reaped
[1602703434] wproc: Core Worker 8830: job 90894 (pid=18332) timed out. Killing it
[1602703434] wproc: CHECK job 90894 from worker Core Worker 8830 timed out after 30.03s
[1602703434] wproc:   host=Director_Bldg; service=(null);
[1602703434] wproc:   early_timeout=1; exited_ok=0; wait_status=0; error_code=62;
[1602703434] Warning: Check of host 'Director_Bldg' timed out after 30.03 seconds
[1602703434] wproc: Core Worker 8830: job 90894 (pid=18332): Dormant child reaped
[1602703589] wproc: Core Worker 8827: job 90897 (pid=18504) timed out. Killing it
[1602703589] wproc: CHECK job 90897 from worker Core Worker 8827 timed out after 30.03s
[1602703589] wproc:   host=Director_Resident; service=(null);
[1602703589] wproc:   early_timeout=1; exited_ok=0; wait_status=0; error_code=62;
[1602703589] Warning: Check of host 'Director_Resident' timed out after 30.03 seconds
[1602703589] wproc: Core Worker 8827: job 90897 (pid=18504): Dormant child reaped
[1602703734] wproc: Core Worker 8827: job 90903 (pid=18574) timed out. Killing it
[1602703734] wproc: CHECK job 90903 from worker Core Worker 8827 timed out after 30.03s
[1602703734] wproc:   host=Director_Bldg; service=(null);
[1602703734] wproc:   early_timeout=1; exited_ok=0; wait_status=0; error_code=62;
[1602703734] Warning: Check of host 'Director_Bldg' timed out after 30.03 seconds
[1602703734] wproc: Core Worker 8827: job 90903 (pid=18574): Dormant child reaped
[1602703889] wproc: Core Worker 8827: job 90906 (pid=18761) timed out. Killing it
[1602703889] wproc: CHECK job 90906 from worker Core Worker 8827 timed out after 30.01s
[1602703889] wproc:   host=Director_Resident; service=(null);
[1602703889] wproc:   early_timeout=1; exited_ok=0; wait_status=0; error_code=62;
[1602703889] Warning: Check of host 'Director_Resident' timed out after 30.01 seconds
[1602703889] wproc: Core Worker 8827: job 90906 (pid=18761): Dormant child reaped
[1602704034] wproc: Core Worker 8829: job 90912 (pid=18869) timed out. Killing it
[1602704034] wproc: CHECK job 90912 from worker Core Worker 8829 timed out after 30.03s
[1602704034] wproc:   host=Director_Bldg; service=(null);
[1602704034] wproc:   early_timeout=1; exited_ok=0; wait_status=0; error_code=62;
[1602704034] Warning: Check of host 'Director_Bldg' timed out after 30.03 seconds
[1602704034] HOST NOTIFICATION: nagiosadmin;Director_Bldg;DOWN;notify-host-by-email;(Host check timed out after 30.03 seconds)
[1602704034] wproc: Core Worker 8829: job 90912 (pid=18869): Dormant child reaped
[1602704189] wproc: Core Worker 8830: job 90915 (pid=19049) timed out. Killing it
[1602704189] wproc: CHECK job 90915 from worker Core Worker 8830 timed out after 30.03s
[1602704189] wproc:   host=Director_Resident; service=(null);
[1602704189] wproc:   early_timeout=1; exited_ok=0; wait_status=0; error_code=62;
[1602704189] Warning: Check of host 'Director_Resident' timed out after 30.03 seconds
[1602704189] HOST NOTIFICATION: nagiosadmin;Director_Resident;DOWN;notify-host-by-email;(Host check timed out after 30.03 seconds)
[1602704189] wproc: Core Worker 8830: job 90915 (pid=19049): Dormant child reaped
[1602704334] wproc: Core Worker 8829: job 90921 (pid=19129) timed out. Killing it
[1602704334] wproc: CHECK job 90921 from worker Core Worker 8829 timed out after 30.03s
[1602704334] wproc:   host=Director_Bldg; service=(null);
[1602704334] wproc:   early_timeout=1; exited_ok=0; wait_status=0; error_code=62;
[1602704334] Warning: Check of host 'Director_Bldg' timed out after 30.03 seconds
[1602704334] wproc: Core Worker 8829: job 90921 (pid=19129): Dormant child reaped
[1602704489] wproc: Core Worker 8829: job 90924 (pid=19314) timed out. Killing it
[1602704489] wproc: CHECK job 90924 from worker Core Worker 8829 timed out after 30.03s
[1602704489] wproc:   host=Director_Resident; service=(null);
[1602704489] wproc:   early_timeout=1; exited_ok=0; wait_status=0; error_code=62;
[1602704489] Warning: Check of host 'Director_Resident' timed out after 30.03 seconds
[1602704489] wproc: Core Worker 8829: job 90924 (pid=19314): Dormant child reaped
[1602704634] wproc: Core Worker 8830: job 90931 (pid=19394) timed out. Killing it
[1602704634] wproc: CHECK job 90931 from worker Core Worker 8830 timed out after 30.02s
[1602704634] wproc:   host=Director_Bldg; service=(null);
[1602704634] wproc:   early_timeout=1; exited_ok=0; wait_status=0; error_code=62;
[1602704634] Warning: Check of host 'Director_Bldg' timed out after 30.02 seconds
[1602704634] wproc: Core Worker 8830: job 90931 (pid=19394): Dormant child reaped
[1602704789] wproc: Core Worker 8827: job 90934 (pid=19569) timed out. Killing it
[1602704789] wproc: CHECK job 90934 from worker Core Worker 8827 timed out after 30.03s
[1602704789] wproc:   host=Director_Resident; service=(null);
[1602704789] wproc:   early_timeout=1; exited_ok=0; wait_status=0; error_code=62;
[1602704789] Warning: Check of host 'Director_Resident' timed out after 30.03 seconds
[1602704789] wproc: Core Worker 8827: job 90934 (pid=19569): Dormant child reaped
[1602704934] wproc: Core Worker 8827: job 90940 (pid=19638) timed out. Killing it
[1602704934] wproc: CHECK job 90940 from worker Core Worker 8827 timed out after 30.03s
[1602704934] wproc:   host=Director_Bldg; service=(null);
[1602704934] wproc:   early_timeout=1; exited_ok=0; wait_status=0; error_code=62;
[1602704934] Warning: Check of host 'Director_Bldg' timed out after 30.03 seconds
[1602704934] wproc: Core Worker 8827: job 90940 (pid=19638): Dormant child reaped
[1602705089] wproc: Core Worker 8827: job 90943 (pid=19818) timed out. Killing it
[1602705089] wproc: CHECK job 90943 from worker Core Worker 8827 timed out after 30.01s
[1602705089] wproc:   host=Director_Resident; service=(null);
[1602705089] wproc:   early_timeout=1; exited_ok=0; wait_status=0; error_code=62;
[1602705089] Warning: Check of host 'Director_Resident' timed out after 30.01 seconds
[1602705089] wproc: Core Worker 8827: job 90943 (pid=19818): Dormant child reaped
[1602705234] wproc: Core Worker 8829: job 90949 (pid=19899) timed out. Killing it
[1602705234] wproc: CHECK job 90949 from worker Core Worker 8829 timed out after 30.03s
[1602705234] wproc:   host=Director_Bldg; service=(null);
[1602705234] wproc:   early_timeout=1; exited_ok=0; wait_status=0; error_code=62;
[1602705234] Warning: Check of host 'Director_Bldg' timed out after 30.03 seconds
[1602705234] wproc: Core Worker 8829: job 90949 (pid=19899): Dormant child reaped
[1602705389] wproc: Core Worker 8828: job 90952 (pid=20071) timed out. Killing it
[1602705389] wproc: CHECK job 90952 from worker Core Worker 8828 timed out after 30.01s
[1602705389] wproc:   host=Director_Resident; service=(null);
[1602705389] wproc:   early_timeout=1; exited_ok=0; wait_status=0; error_code=62;
[1602705389] Warning: Check of host 'Director_Resident' timed out after 30.01 seconds
[1602705389] wproc: Core Worker 8828: job 90952 (pid=20071): Dormant child reaped
[1602705534] wproc: Core Worker 8828: job 90958 (pid=20141) timed out. Killing it
[1602705534] wproc: CHECK job 90958 from worker Core Worker 8828 timed out after 30.02s
[1602705534] wproc:   host=Director_Bldg; service=(null);
[1602705534] wproc:   early_timeout=1; exited_ok=0; wait_status=0; error_code=62;
[1602705534] Warning: Check of host 'Director_Bldg' timed out after 30.02 seconds
[1602705534] wproc: Core Worker 8828: job 90958 (pid=20141): Dormant child reaped
[1602705689] wproc: Core Worker 8828: job 90961 (pid=20323) timed out. Killing it
[1602705689] wproc: CHECK job 90961 from worker Core Worker 8828 timed out after 30.03s
[1602705689] wproc:   host=Director_Resident; service=(null);
[1602705689] wproc:   early_timeout=1; exited_ok=0; wait_status=0; error_code=62;
[1602705689] Warning: Check of host 'Director_Resident' timed out after 30.03 seconds
[1602705689] wproc: Core Worker 8828: job 90961 (pid=20323): Dormant child reaped
[1602705834] wproc: Core Worker 8827: job 90968 (pid=20402) timed out. Killing it
[1602705834] wproc: CHECK job 90968 from worker Core Worker 8827 timed out after 30.00s
[1602705834] wproc:   host=Director_Bldg; service=(null);
[1602705834] wproc:   early_timeout=1; exited_ok=0; wait_status=0; error_code=62;
[1602705834] Warning: Check of host 'Director_Bldg' timed out after 30.00 seconds
[1602705834] HOST NOTIFICATION: nagiosadmin;Director_Bldg;DOWN;notify-host-by-email;(Host check timed out after 30.00 seconds)
[1602705834] wproc: Core Worker 8827: job 90968 (pid=20402): Dormant child reaped
[1602705989] wproc: Core Worker 8829: job 90970 (pid=20580) timed out. Killing it
[1602705989] wproc: CHECK job 90970 from worker Core Worker 8829 timed out after 30.03s
[1602705989] wproc:   host=Director_Resident; service=(null);
[1602705989] wproc:   early_timeout=1; exited_ok=0; wait_status=0; error_code=62;
[1602705989] Warning: Check of host 'Director_Resident' timed out after 30.03 seconds
[1602705989] HOST NOTIFICATION: nagiosadmin;Director_Resident;DOWN;notify-host-by-email;(Host check timed out after 30.03 seconds)
[1602705990] wproc: Core Worker 8829: job 90970 (pid=20580): Dormant child reaped
[1602706134] wproc: Core Worker 8827: job 90977 (pid=20659) timed out. Killing it
[1602706134] wproc: CHECK job 90977 from worker Core Worker 8827 timed out after 30.03s
[1602706134] wproc:   host=Director_Bldg; service=(null);
[1602706134] wproc:   early_timeout=1; exited_ok=0; wait_status=0; error_code=62;
[1602706134] Warning: Check of host 'Director_Bldg' timed out after 30.03 seconds
[1602706135] wproc: Core Worker 8827: job 90977 (pid=20659): Dormant child reaped
[1602706172] Auto-save of retention data completed successfully.
[1602706289] wproc: Core Worker 8827: job 90980 (pid=20849) timed out. Killing it
[1602706289] wproc: CHECK job 90980 from worker Core Worker 8827 timed out after 30.01s
[1602706289] wproc:   host=Director_Resident; service=(null);
[1602706289] wproc:   early_timeout=1; exited_ok=0; wait_status=0; error_code=62;
[1602706289] Warning: Check of host 'Director_Resident' timed out after 30.01 seconds
[1602706290] wproc: Core Worker 8827: job 90980 (pid=20849): Dormant child reaped
[1602706434] wproc: Core Worker 8829: job 90986 (pid=20928) timed out. Killing it
[1602706434] wproc: CHECK job 90986 from worker Core Worker 8829 timed out after 30.01s
[1602706434] wproc:   host=Director_Bldg; service=(null);
[1602706434] wproc:   early_timeout=1; exited_ok=0; wait_status=0; error_code=62;
[1602706434] Warning: Check of host 'Director_Bldg' timed out after 30.01 seconds
[1602706435] wproc: Core Worker 8829: job 90986 (pid=20928): Dormant child reaped
[1602706589] wproc: Core Worker 8828: job 90989 (pid=21102) timed out. Killing it
[1602706589] wproc: CHECK job 90989 from worker Core Worker 8828 timed out after 30.01s
[1602706589] wproc:   host=Director_Resident; service=(null);
[1602706589] wproc:   early_timeout=1; exited_ok=0; wait_status=0; error_code=62;
[1602706589] Warning: Check of host 'Director_Resident' timed out after 30.01 seconds
[1602706590] wproc: Core Worker 8828: job 90989 (pid=21102): Dormant child reaped
[1602706734] wproc: Core Worker 8828: job 90995 (pid=21172) timed out. Killing it
[1602706734] wproc: CHECK job 90995 from worker Core Worker 8828 timed out after 30.03s
[1602706734] wproc:   host=Director_Bldg; service=(null);
[1602706734] wproc:   early_timeout=1; exited_ok=0; wait_status=0; error_code=62;
[1602706734] Warning: Check of host 'Director_Bldg' timed out after 30.03 seconds
[1602706735] wproc: Core Worker 8828: job 90995 (pid=21172): Dormant child reaped
[1602706889] wproc: Core Worker 8828: job 90998 (pid=21351) timed out. Killing it
[1602706889] wproc: CHECK job 90998 from worker Core Worker 8828 timed out after 30.03s
[1602706889] wproc:   host=Director_Resident; service=(null);
[1602706889] wproc:   early_timeout=1; exited_ok=0; wait_status=0; error_code=62;
[1602706889] Warning: Check of host 'Director_Resident' timed out after 30.03 seconds
[1602706890] wproc: Core Worker 8828: job 90998 (pid=21351): Dormant child reaped
[1602707034] wproc: Core Worker 8827: job 91005 (pid=21433) timed out. Killing it
[1602707034] wproc: CHECK job 91005 from worker Core Worker 8827 timed out after 30.03s
[1602707034] wproc:   host=Director_Bldg; service=(null);
[1602707034] wproc:   early_timeout=1; exited_ok=0; wait_status=0; error_code=62;
[1602707034] Warning: Check of host 'Director_Bldg' timed out after 30.03 seconds
[1602707035] wproc: Core Worker 8827: job 91005 (pid=21433): Dormant child reaped
[1602707189] wproc: Core Worker 8830: job 91007 (pid=21607) timed out. Killing it
[1602707189] wproc: CHECK job 91007 from worker Core Worker 8830 timed out after 30.03s
[1602707189] wproc:   host=Director_Resident; service=(null);
[1602707189] wproc:   early_timeout=1; exited_ok=0; wait_status=0; error_code=62;
[1602707189] Warning: Check of host 'Director_Resident' timed out after 30.03 seconds
[1602707190] wproc: Core Worker 8830: job 91007 (pid=21607): Dormant child reaped
[1602707334] wproc: Core Worker 8830: job 91013 (pid=21676) timed out. Killing it
[1602707334] wproc: CHECK job 91013 from worker Core Worker 8830 timed out after 30.03s
[1602707334] wproc:   host=Director_Bldg; service=(null);
[1602707334] wproc:   early_timeout=1; exited_ok=0; wait_status=0; error_code=62;
[1602707334] Warning: Check of host 'Director_Bldg' timed out after 30.03 seconds
[1602707335] wproc: Core Worker 8830: job 91013 (pid=21676): Dormant child reaped
[1602707489] wproc: Core Worker 8830: job 91016 (pid=21859) timed out. Killing it
[1602707489] wproc: CHECK job 91016 from worker Core Worker 8830 timed out after 30.02s
[1602707489] wproc:   host=Director_Resident; service=(null);
[1602707489] wproc:   early_timeout=1; exited_ok=0; wait_status=0; error_code=62;
[1602707489] Warning: Check of host 'Director_Resident' timed out after 30.02 seconds
[1602707490] wproc: Core Worker 8830: job 91016 (pid=21859): Dormant child reaped
[1602707634] wproc: Core Worker 8828: job 91023 (pid=21966) timed out. Killing it
[1602707634] wproc: CHECK job 91023 from worker Core Worker 8828 timed out after 30.01s
[1602707634] wproc:   host=Director_Bldg; service=(null);
[1602707634] wproc:   early_timeout=1; exited_ok=0; wait_status=0; error_code=62;
[1602707634] Warning: Check of host 'Director_Bldg' timed out after 30.01 seconds
[1602707634] HOST NOTIFICATION: nagiosadmin;Director_Bldg;DOWN;notify-host-by-email;(Host check timed out after 30.01 seconds)
[1602707635] wproc: Core Worker 8828: job 91023 (pid=21966): Dormant child reaped
[1602707789] wproc: Core Worker 8827: job 91026 (pid=22145) timed out. Killing it
[1602707789] wproc: CHECK job 91026 from worker Core Worker 8827 timed out after 30.02s
[1602707789] wproc:   host=Director_Resident; service=(null);
[1602707789] wproc:   early_timeout=1; exited_ok=0; wait_status=0; error_code=62;
[1602707789] Warning: Check of host 'Director_Resident' timed out after 30.02 seconds
[1602707789] HOST NOTIFICATION: nagiosadmin;Director_Resident;DOWN;notify-host-by-email;(Host check timed out after 30.02 seconds)
[1602707790] wproc: Core Worker 8827: job 91026 (pid=22145): Dormant child reaped
[1602707934] wproc: Core Worker 8828: job 91032 (pid=22223) timed out. Killing it
[1602707934] wproc: CHECK job 91032 from worker Core Worker 8828 timed out after 30.03s
[1602707934] wproc:   host=Director_Bldg; service=(null);
[1602707934] wproc:   early_timeout=1; exited_ok=0; wait_status=0; error_code=62;
[1602707934] Warning: Check of host 'Director_Bldg' timed out after 30.03 seconds
[1602707935] wproc: Core Worker 8828: job 91032 (pid=22223): Dormant child reaped
[1602708089] wproc: Core Worker 8828: job 91035 (pid=22408) timed out. Killing it
[1602708089] wproc: CHECK job 91035 from worker Core Worker 8828 timed out after 30.00s
[1602708089] wproc:   host=Director_Resident; service=(null);
[1602708089] wproc:   early_timeout=1; exited_ok=0; wait_status=0; error_code=62;
[1602708089] Warning: Check of host 'Director_Resident' timed out after 30.00 seconds
[1602708090] wproc: Core Worker 8828: job 91035 (pid=22408): Dormant child reaped
[1602708234] wproc: Core Worker 8827: job 91042 (pid=22491) timed out. Killing it
[1602708234] wproc: CHECK job 91042 from worker Core Worker 8827 timed out after 30.00s
[1602708234] wproc:   host=Director_Bldg; service=(null);
[1602708234] wproc:   early_timeout=1; exited_ok=0; wait_status=0; error_code=62;
[1602708234] Warning: Check of host 'Director_Bldg' timed out after 30.00 seconds
[1602708235] wproc: Core Worker 8827: job 91042 (pid=22491): Dormant child reaped
[1602708389] wproc: Core Worker 8830: job 91044 (pid=22664) timed out. Killing it
[1602708389] wproc: CHECK job 91044 from worker Core Worker 8830 timed out after 30.02s
[1602708389] wproc:   host=Director_Resident; service=(null);
[1602708389] wproc:   early_timeout=1; exited_ok=0; wait_status=0; error_code=62;
[1602708389] Warning: Check of host 'Director_Resident' timed out after 30.02 seconds
[1602708390] wproc: Core Worker 8830: job 91044 (pid=22664): Dormant child reaped
[1602708534] wproc: Core Worker 8830: job 91050 (pid=22737) timed out. Killing it
[1602708534] wproc: CHECK job 91050 from worker Core Worker 8830 timed out after 30.03s
[1602708534] wproc:   host=Director_Bldg; service=(null);
[1602708534] wproc:   early_timeout=1; exited_ok=0; wait_status=0; error_code=62;
[1602708534] Warning: Check of host 'Director_Bldg' timed out after 30.03 seconds
[1602708535] wproc: Core Worker 8830: job 91050 (pid=22737): Dormant child reaped
[1602708689] wproc: Core Worker 8830: job 91053 (pid=22919) timed out. Killing it
[1602708689] wproc: CHECK job 91053 from worker Core Worker 8830 timed out after 30.03s
[1602708689] wproc:   host=Director_Resident; service=(null);
[1602708689] wproc:   early_timeout=1; exited_ok=0; wait_status=0; error_code=62;
[1602708689] Warning: Check of host 'Director_Resident' timed out after 30.03 seconds
[1602708690] wproc: Core Worker 8830: job 91053 (pid=22919): Dormant child reaped
[1602708835] wproc: Core Worker 8828: job 91060 (pid=22999) timed out. Killing it
[1602708835] wproc: CHECK job 91060 from worker Core Worker 8828 timed out after 30.03s
[1602708835] wproc:   host=Director_Bldg; service=(null);
[1602708835] wproc:   early_timeout=1; exited_ok=0; wait_status=0; error_code=62;
[1602708835] Warning: Check of host 'Director_Bldg' timed out after 30.03 seconds
[1602708835] wproc: Core Worker 8828: job 91060 (pid=22999): Dormant child reaped
[1602708989] wproc: Core Worker 8829: job 91062 (pid=23175) timed out. Killing it
[1602708989] wproc: CHECK job 91062 from worker Core Worker 8829 timed out after 30.00s
[1602708989] wproc:   host=Director_Resident; service=(null);
[1602708989] wproc:   early_timeout=1; exited_ok=0; wait_status=0; error_code=62;
[1602708989] Warning: Check of host 'Director_Resident' timed out after 30.00 seconds
[1602708990] wproc: Core Worker 8829: job 91062 (pid=23175): Dormant child reaped
[1602709134] wproc: Core Worker 8829: job 91068 (pid=23245) timed out. Killing it
[1602709134] wproc: CHECK job 91068 from worker Core Worker 8829 timed out after 30.03s
[1602709134] wproc:   host=Director_Bldg; service=(null);
[1602709134] wproc:   early_timeout=1; exited_ok=0; wait_status=0; error_code=62;
[1602709134] Warning: Check of host 'Director_Bldg' timed out after 30.03 seconds
[1602709134] wproc: Core Worker 8829: job 91068 (pid=23245): Dormant child reaped
[1602709290] wproc: Core Worker 8829: job 91071 (pid=23430) timed out. Killing it
[1602709290] wproc: CHECK job 91071 from worker Core Worker 8829 timed out after 30.03s
[1602709290] wproc:   host=Director_Resident; service=(null);
[1602709290] wproc:   early_timeout=1; exited_ok=0; wait_status=0; error_code=62;
[1602709290] Warning: Check of host 'Director_Resident' timed out after 30.03 seconds
[1602709290] wproc: Core Worker 8829: job 91071 (pid=23430): Dormant child reaped
[1602709434] wproc: Core Worker 8830: job 91078 (pid=23509) timed out. Killing it
[1602709434] wproc: CHECK job 91078 from worker Core Worker 8830 timed out after 30.03s
[1602709434] wproc:   host=Director_Bldg; service=(null);
[1602709434] wproc:   early_timeout=1; exited_ok=0; wait_status=0; error_code=62;
[1602709434] Warning: Check of host 'Director_Bldg' timed out after 30.03 seconds
[1602709434] HOST NOTIFICATION: nagiosadmin;Director_Bldg;DOWN;notify-host-by-email;(Host check timed out after 30.03 seconds)
[1602709434] wproc: Core Worker 8830: job 91078 (pid=23509): Dormant child reaped
[1602709589] wproc: Core Worker 8828: job 91081 (pid=23698) timed out. Killing it
[1602709589] wproc: CHECK job 91081 from worker Core Worker 8828 timed out after 30.01s
[1602709589] wproc:   host=Director_Resident; service=(null);
[1602709589] wproc:   early_timeout=1; exited_ok=0; wait_status=0; error_code=62;
[1602709589] Warning: Check of host 'Director_Resident' timed out after 30.01 seconds
[1602709589] HOST NOTIFICATION: nagiosadmin;Director_Resident;DOWN;notify-host-by-email;(Host check timed out after 30.01 seconds)
[1602709589] wproc: Core Worker 8828: job 91081 (pid=23698): Dormant child reaped
[1602709734] wproc: Core Worker 8830: job 91087 (pid=23776) timed out. Killing it
[1602709734] wproc: CHECK job 91087 from worker Core Worker 8830 timed out after 30.03s
[1602709734] wproc:   host=Director_Bldg; service=(null);
[1602709734] wproc:   early_timeout=1; exited_ok=0; wait_status=0; error_code=62;
[1602709734] Warning: Check of host 'Director_Bldg' timed out after 30.03 seconds
[1602709734] wproc: Core Worker 8830: job 91087 (pid=23776): Dormant child reaped
[1602709772] Auto-save of retention data completed successfully.
[1602709889] wproc: Core Worker 8830: job 91090 (pid=23956) timed out. Killing it
[1602709889] wproc: CHECK job 91090 from worker Core Worker 8830 timed out after 30.03s
[1602709889] wproc:   host=Director_Resident; service=(null);
[1602709889] wproc:   early_timeout=1; exited_ok=0; wait_status=0; error_code=62;
[1602709889] Warning: Check of host 'Director_Resident' timed out after 30.03 seconds
[1602709889] wproc: Core Worker 8830: job 91090 (pid=23956): Dormant child reaped
[1602710034] wproc: Core Worker 8828: job 91097 (pid=24037) timed out. Killing it
[1602710034] wproc: CHECK job 91097 from worker Core Worker 8828 timed out after 30.00s
[1602710034] wproc:   host=Director_Bldg; service=(null);
[1602710034] wproc:   early_timeout=1; exited_ok=0; wait_status=0; error_code=62;
[1602710034] Warning: Check of host 'Director_Bldg' timed out after 30.00 seconds
[1602710034] wproc: Core Worker 8828: job 91097 (pid=24037): Dormant child reaped
[1602710189] wproc: Core Worker 8829: job 91099 (pid=24210) timed out. Killing it
[1602710189] wproc: CHECK job 91099 from worker Core Worker 8829 timed out after 30.03s
[1602710189] wproc:   host=Director_Resident; service=(null);
[1602710189] wproc:   early_timeout=1; exited_ok=0; wait_status=0; error_code=62;
[1602710189] Warning: Check of host 'Director_Resident' timed out after 30.03 seconds
[1602710189] wproc: Core Worker 8829: job 91099 (pid=24210): Dormant child reaped
[1602710334] wproc: Core Worker 8829: job 91105 (pid=24279) timed out. Killing it
[1602710334] wproc: CHECK job 91105 from worker Core Worker 8829 timed out after 30.02s
[1602710334] wproc:   host=Director_Bldg; service=(null);
[1602710334] wproc:   early_timeout=1; exited_ok=0; wait_status=0; error_code=62;
[1602710334] Warning: Check of host 'Director_Bldg' timed out after 30.02 seconds
[1602710334] wproc: Core Worker 8829: job 91105 (pid=24279): Dormant child reaped
[1602710489] wproc: Core Worker 8829: job 91108 (pid=24461) timed out. Killing it
[1602710489] wproc: CHECK job 91108 from worker Core Worker 8829 timed out after 30.02s
[1602710489] wproc:   host=Director_Resident; service=(null);
[1602710489] wproc:   early_timeout=1; exited_ok=0; wait_status=0; error_code=62;
[1602710489] Warning: Check of host 'Director_Resident' timed out after 30.02 seconds
[1602710489] wproc: Core Worker 8829: job 91108 (pid=24461): Dormant child reaped
[1602710634] wproc: Core Worker 8830: job 91115 (pid=24541) timed out. Killing it
[1602710634] wproc: CHECK job 91115 from worker Core Worker 8830 timed out after 30.03s
[1602710634] wproc:   host=Director_Bldg; service=(null);
[1602710634] wproc:   early_timeout=1; exited_ok=0; wait_status=0; error_code=62;
[1602710634] Warning: Check of host 'Director_Bldg' timed out after 30.03 seconds
[1602710634] wproc: Core Worker 8830: job 91115 (pid=24541): Dormant child reaped
[1602710789] wproc: Core Worker 8827: job 91118 (pid=24714) timed out. Killing it
[1602710789] wproc: CHECK job 91118 from worker Core Worker 8827 timed out after 30.03s
[1602710789] wproc:   host=Director_Resident; service=(null);
[1602710789] wproc:   early_timeout=1; exited_ok=0; wait_status=0; error_code=62;
[1602710789] Warning: Check of host 'Director_Resident' timed out after 30.03 seconds
[1602710789] wproc: Core Worker 8827: job 91118 (pid=24714): Dormant child reaped
[1602710934] wproc: Core Worker 8827: job 91124 (pid=24784) timed out. Killing it
[1602710934] wproc: CHECK job 91124 from worker Core Worker 8827 timed out after 30.03s
[1602710934] wproc:   host=Director_Bldg; service=(null);
[1602710934] wproc:   early_timeout=1; exited_ok=0; wait_status=0; error_code=62;
[1602710934] Warning: Check of host 'Director_Bldg' timed out after 30.03 seconds
[1602710934] wproc: Core Worker 8827: job 91124 (pid=24784): Dormant child reaped
[1602711089] wproc: Core Worker 8827: job 91127 (pid=24968) timed out. Killing it
[1602711089] wproc: CHECK job 91127 from worker Core Worker 8827 timed out after 30.01s
[1602711089] wproc:   host=Director_Resident; service=(null);
[1602711089] wproc:   early_timeout=1; exited_ok=0; wait_status=0; error_code=62;
[1602711089] Warning: Check of host 'Director_Resident' timed out after 30.01 seconds
[1602711089] wproc: Core Worker 8827: job 91127 (pid=24968): Dormant child reaped
[1602711234] wproc: Core Worker 8829: job 91133 (pid=25075) timed out. Killing it
[1602711234] wproc: CHECK job 91133 from worker Core Worker 8829 timed out after 30.01s
[1602711234] wproc:   host=Director_Bldg; service=(null);
[1602711234] wproc:   early_timeout=1; exited_ok=0; wait_status=0; error_code=62;
[1602711234] Warning: Check of host 'Director_Bldg' timed out after 30.01 seconds
[1602711234] HOST NOTIFICATION: nagiosadmin;Director_Bldg;DOWN;notify-host-by-email;(Host check timed out after 30.01 seconds)
[1602711234] wproc: Core Worker 8829: job 91133 (pid=25075): Dormant child reaped
[1602711389] wproc: Core Worker 8830: job 91136 (pid=25252) timed out. Killing it
[1602711389] wproc: CHECK job 91136 from worker Core Worker 8830 timed out after 30.03s
[1602711389] wproc:   host=Director_Resident; service=(null);
[1602711389] wproc:   early_timeout=1; exited_ok=0; wait_status=0; error_code=62;
[1602711389] Warning: Check of host 'Director_Resident' timed out after 30.03 seconds
[1602711389] HOST NOTIFICATION: nagiosadmin;Director_Resident;DOWN;notify-host-by-email;(Host check timed out after 30.03 seconds)
[1602711389] wproc: Core Worker 8830: job 91136 (pid=25252): Dormant child reaped
[1602711534] wproc: Core Worker 8829: job 91142 (pid=25332) timed out. Killing it
[1602711534] wproc: CHECK job 91142 from worker Core Worker 8829 timed out after 30.02s
[1602711534] wproc:   host=Director_Bldg; service=(null);
[1602711534] wproc:   early_timeout=1; exited_ok=0; wait_status=0; error_code=62;
[1602711534] Warning: Check of host 'Director_Bldg' timed out after 30.02 seconds
[1602711534] wproc: Core Worker 8829: job 91142 (pid=25332): Dormant child reaped
[1602711689] wproc: Core Worker 8829: job 91145 (pid=25508) timed out. Killing it
[1602711689] wproc: CHECK job 91145 from worker Core Worker 8829 timed out after 30.01s
[1602711689] wproc:   host=Director_Resident; service=(null);
[1602711689] wproc:   early_timeout=1; exited_ok=0; wait_status=0; error_code=62;
[1602711689] Warning: Check of host 'Director_Resident' timed out after 30.01 seconds
[1602711689] wproc: Core Worker 8829: job 91145 (pid=25508): Dormant child reaped
[1602711834] wproc: Core Worker 8830: job 91152 (pid=25627) timed out. Killing it
[1602711834] wproc: CHECK job 91152 from worker Core Worker 8830 timed out after 30.01s
[1602711834] wproc:   host=Director_Bldg; service=(null);
[1602711834] wproc:   early_timeout=1; exited_ok=0; wait_status=0; error_code=62;
[1602711834] Warning: Check of host 'Director_Bldg' timed out after 30.01 seconds
[1602711834] wproc: Core Worker 8830: job 91152 (pid=25627): Dormant child reaped
[1602711989] wproc: Core Worker 8827: job 91155 (pid=25800) timed out. Killing it
[1602711989] wproc: CHECK job 91155 from worker Core Worker 8827 timed out after 30.03s
[1602711989] wproc:   host=Director_Resident; service=(null);
[1602711989] wproc:   early_timeout=1; exited_ok=0; wait_status=0; error_code=62;
[1602711989] Warning: Check of host 'Director_Resident' timed out after 30.03 seconds
[1602711989] wproc: Core Worker 8827: job 91155 (pid=25800): Dormant child reaped
[1602712134] wproc: Core Worker 8827: job 91161 (pid=25869) timed out. Killing it
[1602712134] wproc: CHECK job 91161 from worker Core Worker 8827 timed out after 30.03s
[1602712134] wproc:   host=Director_Bldg; service=(null);
[1602712134] wproc:   early_timeout=1; exited_ok=0; wait_status=0; error_code=62;
[1602712134] Warning: Check of host 'Director_Bldg' timed out after 30.03 seconds
[1602712134] wproc: Core Worker 8827: job 91161 (pid=25869): Dormant child reaped
[1602712289] wproc: Core Worker 8827: job 91164 (pid=26058) timed out. Killing it
[1602712289] wproc: CHECK job 91164 from worker Core Worker 8827 timed out after 30.00s
[1602712289] wproc:   host=Director_Resident; service=(null);
[1602712289] wproc:   early_timeout=1; exited_ok=0; wait_status=0; error_code=62;
[1602712289] Warning: Check of host 'Director_Resident' timed out after 30.00 seconds
[1602712289] wproc: Core Worker 8827: job 91164 (pid=26058): Dormant child reaped
[1602712434] wproc: Core Worker 8829: job 91170 (pid=26140) timed out. Killing it
[1602712434] wproc: CHECK job 91170 from worker Core Worker 8829 timed out after 30.03s
[1602712434] wproc:   host=Director_Bldg; service=(null);
[1602712434] wproc:   early_timeout=1; exited_ok=0; wait_status=0; error_code=62;
[1602712434] Warning: Check of host 'Director_Bldg' timed out after 30.03 seconds
[1602712434] wproc: Core Worker 8829: job 91170 (pid=26140): Dormant child reaped
[1602712589] wproc: Core Worker 8828: job 91173 (pid=26311) timed out. Killing it
[1602712589] wproc: CHECK job 91173 from worker Core Worker 8828 timed out after 30.01s
[1602712589] wproc:   host=Director_Resident; service=(null);
[1602712589] wproc:   early_timeout=1; exited_ok=0; wait_status=0; error_code=62;
[1602712589] Warning: Check of host 'Director_Resident' timed out after 30.01 seconds
[1602712589] wproc: Core Worker 8828: job 91173 (pid=26311): Dormant child reaped
[1602712734] wproc: Core Worker 8828: job 91179 (pid=26383) timed out. Killing it
[1602712734] wproc: CHECK job 91179 from worker Core Worker 8828 timed out after 30.01s
[1602712734] wproc:   host=Director_Bldg; service=(null);
[1602712734] wproc:   early_timeout=1; exited_ok=0; wait_status=0; error_code=62;
[1602712734] Warning: Check of host 'Director_Bldg' timed out after 30.01 seconds
[1602712734] wproc: Core Worker 8828: job 91179 (pid=26383): Dormant child reaped
[1602712889] wproc: Core Worker 8828: job 91182 (pid=26567) timed out. Killing it
[1602712889] wproc: CHECK job 91182 from worker Core Worker 8828 timed out after 30.01s
[1602712889] wproc:   host=Director_Resident; service=(null);
[1602712889] wproc:   early_timeout=1; exited_ok=0; wait_status=0; error_code=62;
[1602712889] Warning: Check of host 'Director_Resident' timed out after 30.01 seconds
[1602712889] wproc: Core Worker 8828: job 91182 (pid=26567): Dormant child reaped
[1602713034] wproc: Core Worker 8827: job 91189 (pid=26645) timed out. Killing it
[1602713034] wproc: CHECK job 91189 from worker Core Worker 8827 timed out after 30.02s
[1602713034] wproc:   host=Director_Bldg; service=(null);
[1602713034] wproc:   early_timeout=1; exited_ok=0; wait_status=0; error_code=62;
[1602713034] Warning: Check of host 'Director_Bldg' timed out after 30.02 seconds
[1602713034] HOST NOTIFICATION: nagiosadmin;Director_Bldg;DOWN;notify-host-by-email;(Host check timed out after 30.02 seconds)
[1602713034] wproc: Core Worker 8827: job 91189 (pid=26645): Dormant child reaped
[1602713189] wproc: Core Worker 8829: job 91191 (pid=26822) timed out. Killing it
[1602713189] wproc: CHECK job 91191 from worker Core Worker 8829 timed out after 30.03s
[1602713189] wproc:   host=Director_Resident; service=(null);
[1602713189] wproc:   early_timeout=1; exited_ok=0; wait_status=0; error_code=62;
[1602713189] Warning: Check of host 'Director_Resident' timed out after 30.03 seconds
[1602713189] HOST NOTIFICATION: nagiosadmin;Director_Resident;DOWN;notify-host-by-email;(Host check timed out after 30.03 seconds)
[1602713189] wproc: Core Worker 8829: job 91191 (pid=26822): Dormant child reaped
[1602713334] wproc: Core Worker 8827: job 91198 (pid=26901) timed out. Killing it
[1602713334] wproc: CHECK job 91198 from worker Core Worker 8827 timed out after 30.03s
[1602713334] wproc:   host=Director_Bldg; service=(null);
[1602713334] wproc:   early_timeout=1; exited_ok=0; wait_status=0; error_code=62;
[1602713334] Warning: Check of host 'Director_Bldg' timed out after 30.03 seconds
[1602713334] wproc: Core Worker 8827: job 91198 (pid=26901): Dormant child reaped
[1602713372] Auto-save of retention data completed successfully.
[1602713489] wproc: Core Worker 8827: job 91201 (pid=27084) timed out. Killing it
[1602713489] wproc: CHECK job 91201 from worker Core Worker 8827 timed out after 30.03s
[1602713489] wproc:   host=Director_Resident; service=(null);
[1602713489] wproc:   early_timeout=1; exited_ok=0; wait_status=0; error_code=62;
[1602713489] Warning: Check of host 'Director_Resident' timed out after 30.03 seconds
[1602713489] wproc: Core Worker 8827: job 91201 (pid=27084): Dormant child reaped
[1602713634] wproc: Core Worker 8829: job 91207 (pid=27165) timed out. Killing it
[1602713634] wproc: CHECK job 91207 from worker Core Worker 8829 timed out after 30.02s
[1602713634] wproc:   host=Director_Bldg; service=(null);
[1602713634] wproc:   early_timeout=1; exited_ok=0; wait_status=0; error_code=62;
[1602713634] Warning: Check of host 'Director_Bldg' timed out after 30.02 seconds
[1602713634] wproc: Core Worker 8829: job 91207 (pid=27165): Dormant child reaped
[1602713789] wproc: Core Worker 8828: job 91210 (pid=27338) timed out. Killing it
[1602713789] wproc: CHECK job 91210 from worker Core Worker 8828 timed out after 30.01s
[1602713789] wproc:   host=Director_Resident; service=(null);
[1602713789] wproc:   early_timeout=1; exited_ok=0; wait_status=0; error_code=62;
[1602713789] Warning: Check of host 'Director_Resident' timed out after 30.01 seconds
[1602713789] wproc: Core Worker 8828: job 91210 (pid=27338): Dormant child reaped
[1602713934] wproc: Core Worker 8828: job 91216 (pid=27408) timed out. Killing it
[1602713934] wproc: CHECK job 91216 from worker Core Worker 8828 timed out after 30.02s
[1602713934] wproc:   host=Director_Bldg; service=(null);
[1602713934] wproc:   early_timeout=1; exited_ok=0; wait_status=0; error_code=62;
[1602713934] Warning: Check of host 'Director_Bldg' timed out after 30.02 seconds
[1602713934] wproc: Core Worker 8828: job 91216 (pid=27408): Dormant child reaped
[1602714089] wproc: Core Worker 8828: job 91219 (pid=27589) timed out. Killing it
[1602714089] wproc: CHECK job 91219 from worker Core Worker 8828 timed out after 30.01s
[1602714089] wproc:   host=Director_Resident; service=(null);
[1602714089] wproc:   early_timeout=1; exited_ok=0; wait_status=0; error_code=62;
[1602714089] Warning: Check of host 'Director_Resident' timed out after 30.01 seconds
[1602714089] wproc: Core Worker 8828: job 91219 (pid=27589): Dormant child reaped
[1602714234] wproc: Core Worker 8827: job 91226 (pid=27670) timed out. Killing it
[1602714234] wproc: CHECK job 91226 from worker Core Worker 8827 timed out after 30.01s
[1602714234] wproc:   host=Director_Bldg; service=(null);
[1602714234] wproc:   early_timeout=1; exited_ok=0; wait_status=0; error_code=62;
[1602714234] Warning: Check of host 'Director_Bldg' timed out after 30.01 seconds
[1602714234] wproc: Core Worker 8827: job 91226 (pid=27670): Dormant child reaped
[1602714389] wproc: Core Worker 8830: job 91228 (pid=27845) timed out. Killing it
[1602714389] wproc: CHECK job 91228 from worker Core Worker 8830 timed out after 30.00s
[1602714389] wproc:   host=Director_Resident; service=(null);
[1602714389] wproc:   early_timeout=1; exited_ok=0; wait_status=0; error_code=62;
[1602714389] Warning: Check of host 'Director_Resident' timed out after 30.00 seconds
[1602714389] wproc: Core Worker 8830: job 91228 (pid=27845): Dormant child reaped
[1602714534] wproc: Core Worker 8830: job 91234 (pid=27914) timed out. Killing it
[1602714534] wproc: CHECK job 91234 from worker Core Worker 8830 timed out after 30.03s
[1602714534] wproc:   host=Director_Bldg; service=(null);
[1602714534] wproc:   early_timeout=1; exited_ok=0; wait_status=0; error_code=62;
[1602714534] Warning: Check of host 'Director_Bldg' timed out after 30.03 seconds
[1602714534] wproc: Core Worker 8830: job 91234 (pid=27914): Dormant child reaped
[1602714689] wproc: Core Worker 8830: job 91237 (pid=28097) timed out. Killing it
[1602714689] wproc: CHECK job 91237 from worker Core Worker 8830 timed out after 30.03s
[1602714689] wproc:   host=Director_Resident; service=(null);
[1602714689] wproc:   early_timeout=1; exited_ok=0; wait_status=0; error_code=62;
[1602714689] Warning: Check of host 'Director_Resident' timed out after 30.03 seconds
[1602714689] wproc: Core Worker 8830: job 91237 (pid=28097): Dormant child reaped
[1602714834] wproc: Core Worker 8828: job 91244 (pid=28207) timed out. Killing it
[1602714834] wproc: CHECK job 91244 from worker Core Worker 8828 timed out after 30.01s
[1602714834] wproc:   host=Director_Bldg; service=(null);
[1602714834] wproc:   early_timeout=1; exited_ok=0; wait_status=0; error_code=62;
[1602714834] Warning: Check of host 'Director_Bldg' timed out after 30.01 seconds
[1602714834] HOST NOTIFICATION: nagiosadmin;Director_Bldg;DOWN;notify-host-by-email;(Host check timed out after 30.01 seconds)
[1602714834] wproc: Core Worker 8828: job 91244 (pid=28207): Dormant child reaped
[1602714989] wproc: Core Worker 8827: job 91247 (pid=28387) timed out. Killing it
[1602714989] wproc: CHECK job 91247 from worker Core Worker 8827 timed out after 30.00s
[1602714989] wproc:   host=Director_Resident; service=(null);
[1602714989] wproc:   early_timeout=1; exited_ok=0; wait_status=0; error_code=62;
[1602714989] Warning: Check of host 'Director_Resident' timed out after 30.00 seconds
[1602714989] HOST NOTIFICATION: nagiosadmin;Director_Resident;DOWN;notify-host-by-email;(Host check timed out after 30.00 seconds)
[1602714989] wproc: Core Worker 8827: job 91247 (pid=28387): Dormant child reaped
[1602715134] wproc: Core Worker 8828: job 91253 (pid=28465) timed out. Killing it
[1602715134] wproc: CHECK job 91253 from worker Core Worker 8828 timed out after 30.03s
[1602715134] wproc:   host=Director_Bldg; service=(null);
[1602715134] wproc:   early_timeout=1; exited_ok=0; wait_status=0; error_code=62;
[1602715134] Warning: Check of host 'Director_Bldg' timed out after 30.03 seconds
[1602715134] wproc: Core Worker 8828: job 91253 (pid=28465): Dormant child reaped
[1602715289] wproc: Core Worker 8828: job 91256 (pid=28646) timed out. Killing it
[1602715289] wproc: CHECK job 91256 from worker Core Worker 8828 timed out after 30.03s
[1602715289] wproc:   host=Director_Resident; service=(null);
[1602715289] wproc:   early_timeout=1; exited_ok=0; wait_status=0; error_code=62;
[1602715289] Warning: Check of host 'Director_Resident' timed out after 30.03 seconds
[1602715289] wproc: Core Worker 8828: job 91256 (pid=28646): Dormant child reaped
[1602715434] wproc: Core Worker 8827: job 91263 (pid=28729) timed out. Killing it
[1602715434] wproc: CHECK job 91263 from worker Core Worker 8827 timed out after 30.01s
[1602715434] wproc:   host=Director_Bldg; service=(null);
[1602715434] wproc:   early_timeout=1; exited_ok=0; wait_status=0; error_code=62;
[1602715434] Warning: Check of host 'Director_Bldg' timed out after 30.01 seconds
[1602715434] wproc: Core Worker 8827: job 91263 (pid=28729): Dormant child reaped
[1602715589] wproc: Core Worker 8830: job 91265 (pid=28903) timed out. Killing it
[1602715589] wproc: CHECK job 91265 from worker Core Worker 8830 timed out after 30.03s
[1602715589] wproc:   host=Director_Resident; service=(null);
[1602715589] wproc:   early_timeout=1; exited_ok=0; wait_status=0; error_code=62;
[1602715589] Warning: Check of host 'Director_Resident' timed out after 30.03 seconds
[1602715589] wproc: Core Worker 8830: job 91265 (pid=28903): Dormant child reaped
[1602715734] wproc: Core Worker 8830: job 91271 (pid=28973) timed out. Killing it
[1602715734] wproc: CHECK job 91271 from worker Core Worker 8830 timed out after 30.03s
[1602715734] wproc:   host=Director_Bldg; service=(null);
[1602715734] wproc:   early_timeout=1; exited_ok=0; wait_status=0; error_code=62;
[1602715734] Warning: Check of host 'Director_Bldg' timed out after 30.03 seconds
[1602715734] wproc: Core Worker 8830: job 91271 (pid=28973): Dormant child reaped
[1602715889] wproc: Core Worker 8830: job 91274 (pid=29154) timed out. Killing it
[1602715889] wproc: CHECK job 91274 from worker Core Worker 8830 timed out after 30.01s
[1602715889] wproc:   host=Director_Resident; service=(null);
[1602715889] wproc:   early_timeout=1; exited_ok=0; wait_status=0; error_code=62;
[1602715889] Warning: Check of host 'Director_Resident' timed out after 30.01 seconds
[1602715889] wproc: Core Worker 8830: job 91274 (pid=29154): Dormant child reaped
[1602716034] wproc: Core Worker 8828: job 91281 (pid=29236) timed out. Killing it
[1602716034] wproc: CHECK job 91281 from worker Core Worker 8828 timed out after 30.03s
[1602716034] wproc:   host=Director_Bldg; service=(null);
[1602716034] wproc:   early_timeout=1; exited_ok=0; wait_status=0; error_code=62;
[1602716034] Warning: Check of host 'Director_Bldg' timed out after 30.03 seconds
[1602716034] wproc: Core Worker 8828: job 91281 (pid=29236): Dormant child reaped
[1602716189] wproc: Core Worker 8829: job 91283 (pid=29409) timed out. Killing it
[1602716189] wproc: CHECK job 91283 from worker Core Worker 8829 timed out after 30.01s
[1602716189] wproc:   host=Director_Resident; service=(null);
[1602716189] wproc:   early_timeout=1; exited_ok=0; wait_status=0; error_code=62;
[1602716189] Warning: Check of host 'Director_Resident' timed out after 30.01 seconds
[1602716189] wproc: Core Worker 8829: job 91283 (pid=29409): Dormant child reaped
[1602716334] wproc: Core Worker 8829: job 91289 (pid=29479) timed out. Killing it
[1602716334] wproc: CHECK job 91289 from worker Core Worker 8829 timed out after 30.03s
[1602716334] wproc:   host=Director_Bldg; service=(null);
[1602716334] wproc:   early_timeout=1; exited_ok=0; wait_status=0; error_code=62;
[1602716334] Warning: Check of host 'Director_Bldg' timed out after 30.03 seconds
[1602716334] wproc: Core Worker 8829: job 91289 (pid=29479): Dormant child reaped
[1602716489] wproc: Core Worker 8829: job 91292 (pid=29659) timed out. Killing it
[1602716489] wproc: CHECK job 91292 from worker Core Worker 8829 timed out after 30.02s
[1602716489] wproc:   host=Director_Resident; service=(null);
[1602716489] wproc:   early_timeout=1; exited_ok=0; wait_status=0; error_code=62;
[1602716489] Warning: Check of host 'Director_Resident' timed out after 30.02 seconds
[1602716489] wproc: Core Worker 8829: job 91292 (pid=29659): Dormant child reaped
[1602716634] wproc: Core Worker 8830: job 91299 (pid=29739) timed out. Killing it
[1602716634] wproc: CHECK job 91299 from worker Core Worker 8830 timed out after 30.03s
[1602716634] wproc:   host=Director_Bldg; service=(null);
[1602716634] wproc:   early_timeout=1; exited_ok=0; wait_status=0; error_code=62;
[1602716634] Warning: Check of host 'Director_Bldg' timed out after 30.03 seconds
[1602716634] HOST NOTIFICATION: nagiosadmin;Director_Bldg;DOWN;notify-host-by-email;(Host check timed out after 30.03 seconds)
[1602716634] wproc: Core Worker 8830: job 91299 (pid=29739): Dormant child reaped
[1602716789] wproc: Core Worker 8828: job 91302 (pid=29921) timed out. Killing it
[1602716789] wproc: CHECK job 91302 from worker Core Worker 8828 timed out after 30.01s
[1602716789] wproc:   host=Director_Resident; service=(null);
[1602716789] wproc:   early_timeout=1; exited_ok=0; wait_status=0; error_code=62;
[1602716789] Warning: Check of host 'Director_Resident' timed out after 30.01 seconds
[1602716789] HOST NOTIFICATION: nagiosadmin;Director_Resident;DOWN;notify-host-by-email;(Host check timed out after 30.01 seconds)
[1602716789] wproc: Core Worker 8828: job 91302 (pid=29921): Dormant child reaped
[1602716934] wproc: Core Worker 8830: job 91308 (pid=29999) timed out. Killing it
[1602716934] wproc: CHECK job 91308 from worker Core Worker 8830 timed out after 30.03s
[1602716934] wproc:   host=Director_Bldg; service=(null);
[1602716934] wproc:   early_timeout=1; exited_ok=0; wait_status=0; error_code=62;
[1602716934] Warning: Check of host 'Director_Bldg' timed out after 30.03 seconds
[1602716934] wproc: Core Worker 8830: job 91308 (pid=29999): Dormant child reaped
[1602716972] Auto-save of retention data completed successfully.
[1602717089] wproc: Core Worker 8830: job 91311 (pid=30183) timed out. Killing it
[1602717089] wproc: CHECK job 91311 from worker Core Worker 8830 timed out after 30.03s
[1602717089] wproc:   host=Director_Resident; service=(null);
[1602717089] wproc:   early_timeout=1; exited_ok=0; wait_status=0; error_code=62;
[1602717089] Warning: Check of host 'Director_Resident' timed out after 30.03 seconds
[1602717089] wproc: Core Worker 8830: job 91311 (pid=30183): Dormant child reaped
[1602717234] wproc: Core Worker 8828: job 91318 (pid=30265) timed out. Killing it
[1602717234] wproc: CHECK job 91318 from worker Core Worker 8828 timed out after 30.00s
[1602717234] wproc:   host=Director_Bldg; service=(null);
[1602717234] wproc:   early_timeout=1; exited_ok=0; wait_status=0; error_code=62;
[1602717234] Warning: Check of host 'Director_Bldg' timed out after 30.00 seconds
[1602717234] wproc: Core Worker 8828: job 91318 (pid=30265): Dormant child reaped
[1602717389] wproc: Core Worker 8829: job 91320 (pid=30440) timed out. Killing it
[1602717389] wproc: CHECK job 91320 from worker Core Worker 8829 timed out after 30.01s
[1602717389] wproc:   host=Director_Resident; service=(null);
[1602717389] wproc:   early_timeout=1; exited_ok=0; wait_status=0; error_code=62;
[1602717389] Warning: Check of host 'Director_Resident' timed out after 30.01 seconds
[1602717389] wproc: Core Worker 8829: job 91320 (pid=30440): Dormant child reaped
[1602717534] wproc: Core Worker 8829: job 91326 (pid=30509) timed out. Killing it
[1602717534] wproc: CHECK job 91326 from worker Core Worker 8829 timed out after 30.03s
[1602717534] wproc:   host=Director_Bldg; service=(null);
[1602717534] wproc:   early_timeout=1; exited_ok=0; wait_status=0; error_code=62;
[1602717534] Warning: Check of host 'Director_Bldg' timed out after 30.03 seconds
[1602717535] wproc: Core Worker 8829: job 91326 (pid=30509): Dormant child reaped
[1602717689] wproc: Core Worker 8829: job 91329 (pid=30692) timed out. Killing it
[1602717689] wproc: CHECK job 91329 from worker Core Worker 8829 timed out after 30.00s
[1602717689] wproc:   host=Director_Resident; service=(null);
[1602717689] wproc:   early_timeout=1; exited_ok=0; wait_status=0; error_code=62;
[1602717689] Warning: Check of host 'Director_Resident' timed out after 30.00 seconds
[1602717689] wproc: Core Worker 8829: job 91329 (pid=30692): Dormant child reaped
[1602717834] wproc: Core Worker 8830: job 91336 (pid=30776) timed out. Killing it
[1602717834] wproc: CHECK job 91336 from worker Core Worker 8830 timed out after 30.01s
[1602717834] wproc:   host=Director_Bldg; service=(null);
[1602717834] wproc:   early_timeout=1; exited_ok=0; wait_status=0; error_code=62;
[1602717834] Warning: Check of host 'Director_Bldg' timed out after 30.01 seconds
[1602717835] wproc: Core Worker 8830: job 91336 (pid=30776): Dormant child reaped
[1602717989] wproc: Core Worker 8827: job 91339 (pid=30948) timed out. Killing it
[1602717989] wproc: CHECK job 91339 from worker Core Worker 8827 timed out after 30.01s
[1602717989] wproc:   host=Director_Resident; service=(null);
[1602717989] wproc:   early_timeout=1; exited_ok=0; wait_status=0; error_code=62;
[1602717989] Warning: Check of host 'Director_Resident' timed out after 30.01 seconds
[1602717989] wproc: Core Worker 8827: job 91339 (pid=30948): Dormant child reaped
[1602718134] wproc: Core Worker 8827: job 91345 (pid=31018) timed out. Killing it
[1602718134] wproc: CHECK job 91345 from worker Core Worker 8827 timed out after 30.03s
[1602718134] wproc:   host=Director_Bldg; service=(null);
[1602718134] wproc:   early_timeout=1; exited_ok=0; wait_status=0; error_code=62;
[1602718134] Warning: Check of host 'Director_Bldg' timed out after 30.03 seconds
[1602718135] wproc: Core Worker 8827: job 91345 (pid=31018): Dormant child reaped
[1602718289] wproc: Core Worker 8827: job 91348 (pid=31197) timed out. Killing it
[1602718289] wproc: CHECK job 91348 from worker Core Worker 8827 timed out after 30.03s
[1602718289] wproc:   host=Director_Resident; service=(null);
[1602718289] wproc:   early_timeout=1; exited_ok=0; wait_status=0; error_code=62;
[1602718289] Warning: Check of host 'Director_Resident' timed out after 30.03 seconds
[1602718289] wproc: Core Worker 8827: job 91348 (pid=31197): Dormant child reaped
[1602718434] wproc: Core Worker 8829: job 91354 (pid=31305) timed out. Killing it
[1602718434] wproc: CHECK job 91354 from worker Core Worker 8829 timed out after 30.03s
[1602718434] wproc:   host=Director_Bldg; service=(null);
[1602718434] wproc:   early_timeout=1; exited_ok=0; wait_status=0; error_code=62;
[1602718434] Warning: Check of host 'Director_Bldg' timed out after 30.03 seconds
[1602718434] HOST NOTIFICATION: nagiosadmin;Director_Bldg;DOWN;notify-host-by-email;(Host check timed out after 30.03 seconds)
[1602718435] wproc: Core Worker 8829: job 91354 (pid=31305): Dormant child reaped
[1602718589] wproc: Core Worker 8830: job 91357 (pid=31487) timed out. Killing it
[1602718589] wproc: CHECK job 91357 from worker Core Worker 8830 timed out after 30.03s
[1602718589] wproc:   host=Director_Resident; service=(null);
[1602718589] wproc:   early_timeout=1; exited_ok=0; wait_status=0; error_code=62;
[1602718589] Warning: Check of host 'Director_Resident' timed out after 30.03 seconds
[1602718589] HOST NOTIFICATION: nagiosadmin;Director_Resident;DOWN;notify-host-by-email;(Host check timed out after 30.03 seconds)
[1602718589] wproc: Core Worker 8830: job 91357 (pid=31487): Dormant child reaped
[1602718734] wproc: Core Worker 8829: job 91363 (pid=31566) timed out. Killing it
[1602718734] wproc: CHECK job 91363 from worker Core Worker 8829 timed out after 30.03s
[1602718734] wproc:   host=Director_Bldg; service=(null);
[1602718734] wproc:   early_timeout=1; exited_ok=0; wait_status=0; error_code=62;
[1602718734] Warning: Check of host 'Director_Bldg' timed out after 30.03 seconds
[1602718735] wproc: Core Worker 8829: job 91363 (pid=31566): Dormant child reaped
[1602718889] wproc: Core Worker 8829: job 91366 (pid=31745) timed out. Killing it
[1602718889] wproc: CHECK job 91366 from worker Core Worker 8829 timed out after 30.03s
[1602718889] wproc:   host=Director_Resident; service=(null);
[1602718889] wproc:   early_timeout=1; exited_ok=0; wait_status=0; error_code=62;
[1602718889] Warning: Check of host 'Director_Resident' timed out after 30.03 seconds
[1602718889] wproc: Core Worker 8829: job 91366 (pid=31745): Dormant child reaped
[1602719034] wproc: Core Worker 8830: job 91373 (pid=31828) timed out. Killing it
[1602719034] wproc: CHECK job 91373 from worker Core Worker 8830 timed out after 30.03s
[1602719034] wproc:   host=Director_Bldg; service=(null);
[1602719034] wproc:   early_timeout=1; exited_ok=0; wait_status=0; error_code=62;
[1602719034] Warning: Check of host 'Director_Bldg' timed out after 30.03 seconds
[1602719035] wproc: Core Worker 8830: job 91373 (pid=31828): Dormant child reaped
[1602719189] wproc: Core Worker 8827: job 91376 (pid=32002) timed out. Killing it
[1602719189] wproc: CHECK job 91376 from worker Core Worker 8827 timed out after 30.03s
[1602719189] wproc:   host=Director_Resident; service=(null);
[1602719189] wproc:   early_timeout=1; exited_ok=0; wait_status=0; error_code=62;
[1602719189] Warning: Check of host 'Director_Resident' timed out after 30.03 seconds
[1602719189] wproc: Core Worker 8827: job 91376 (pid=32002): Dormant child reaped
[1602719334] wproc: Core Worker 8827: job 91382 (pid=32072) timed out. Killing it
[1602719334] wproc: CHECK job 91382 from worker Core Worker 8827 timed out after 30.03s
[1602719334] wproc:   host=Director_Bldg; service=(null);
[1602719334] wproc:   early_timeout=1; exited_ok=0; wait_status=0; error_code=62;
[1602719334] Warning: Check of host 'Director_Bldg' timed out after 30.03 seconds
[1602719335] wproc: Core Worker 8827: job 91382 (pid=32072): Dormant child reaped
[1602719489] wproc: Core Worker 8827: job 91385 (pid=32260) timed out. Killing it
[1602719489] wproc: CHECK job 91385 from worker Core Worker 8827 timed out after 30.03s
[1602719489] wproc:   host=Director_Resident; service=(null);
[1602719489] wproc:   early_timeout=1; exited_ok=0; wait_status=0; error_code=62;
[1602719489] Warning: Check of host 'Director_Resident' timed out after 30.03 seconds
[1602719489] wproc: Core Worker 8827: job 91385 (pid=32260): Dormant child reaped
[1602719634] wproc: Core Worker 8829: job 91391 (pid=32344) timed out. Killing it
[1602719634] wproc: CHECK job 91391 from worker Core Worker 8829 timed out after 30.02s
[1602719634] wproc:   host=Director_Bldg; service=(null);
[1602719634] wproc:   early_timeout=1; exited_ok=0; wait_status=0; error_code=62;
[1602719634] Warning: Check of host 'Director_Bldg' timed out after 30.02 seconds
[1602719635] wproc: Core Worker 8829: job 91391 (pid=32344): Dormant child reaped
[1602719789] wproc: Core Worker 8828: job 91394 (pid=32517) timed out. Killing it
[1602719789] wproc: CHECK job 91394 from worker Core Worker 8828 timed out after 30.01s
[1602719789] wproc:   host=Director_Resident; service=(null);
[1602719789] wproc:   early_timeout=1; exited_ok=0; wait_status=0; error_code=62;
[1602719789] Warning: Check of host 'Director_Resident' timed out after 30.01 seconds
[1602719789] wproc: Core Worker 8828: job 91394 (pid=32517): Dormant child reaped
[1602719935] wproc: Core Worker 8828: job 91400 (pid=32586) timed out. Killing it
[1602719935] wproc: CHECK job 91400 from worker Core Worker 8828 timed out after 30.03s
[1602719935] wproc:   host=Director_Bldg; service=(null);
[1602719935] wproc:   early_timeout=1; exited_ok=0; wait_status=0; error_code=62;
[1602719935] Warning: Check of host 'Director_Bldg' timed out after 30.03 seconds
[1602719935] wproc: Core Worker 8828: job 91400 (pid=32586): Dormant child reaped
[1602720089] wproc: Core Worker 8828: job 91403 (pid=303) timed out. Killing it
[1602720089] wproc: CHECK job 91403 from worker Core Worker 8828 timed out after 30.03s
[1602720089] wproc:   host=Director_Resident; service=(null);
[1602720089] wproc:   early_timeout=1; exited_ok=0; wait_status=0; error_code=62;
[1602720089] Warning: Check of host 'Director_Resident' timed out after 30.03 seconds
[1602720090] wproc: Core Worker 8828: job 91403 (pid=303): Dormant child reaped
[1602720234] wproc: Core Worker 8827: job 91410 (pid=448) timed out. Killing it
[1602720234] wproc: CHECK job 91410 from worker Core Worker 8827 timed out after 30.01s
[1602720234] wproc:   host=Director_Bldg; service=(null);
[1602720234] wproc:   early_timeout=1; exited_ok=0; wait_status=0; error_code=62;
[1602720234] Warning: Check of host 'Director_Bldg' timed out after 30.01 seconds
[1602720234] HOST NOTIFICATION: nagiosadmin;Director_Bldg;DOWN;notify-host-by-email;(Host check timed out after 30.01 seconds)
[1602720234] wproc: Core Worker 8827: job 91410 (pid=448): Dormant child reaped
[1602720389] wproc: Core Worker 8829: job 91412 (pid=644) timed out. Killing it
[1602720389] wproc: CHECK job 91412 from worker Core Worker 8829 timed out after 30.03s
[1602720389] wproc:   host=Director_Resident; service=(null);
[1602720389] wproc:   early_timeout=1; exited_ok=0; wait_status=0; error_code=62;
[1602720389] Warning: Check of host 'Director_Resident' timed out after 30.03 seconds
[1602720389] HOST NOTIFICATION: nagiosadmin;Director_Resident;DOWN;notify-host-by-email;(Host check timed out after 30.03 seconds)
[1602720390] wproc: Core Worker 8829: job 91412 (pid=644): Dormant child reaped
[1602720534] wproc: Core Worker 8827: job 91419 (pid=726) timed out. Killing it
[1602720534] wproc: CHECK job 91419 from worker Core Worker 8827 timed out after 30.03s
[1602720534] wproc:   host=Director_Bldg; service=(null);
[1602720534] wproc:   early_timeout=1; exited_ok=0; wait_status=0; error_code=62;
[1602720534] Warning: Check of host 'Director_Bldg' timed out after 30.03 seconds
[1602720534] wproc: Core Worker 8827: job 91419 (pid=726): Dormant child reaped
[1602720572] Auto-save of retention data completed successfully.
[1602720689] wproc: Core Worker 8827: job 91422 (pid=936) timed out. Killing it
[1602720689] wproc: CHECK job 91422 from worker Core Worker 8827 timed out after 30.01s
[1602720689] wproc:   host=Director_Resident; service=(null);
[1602720689] wproc:   early_timeout=1; exited_ok=0; wait_status=0; error_code=62;
[1602720689] Warning: Check of host 'Director_Resident' timed out after 30.01 seconds
[1602720690] wproc: Core Worker 8827: job 91422 (pid=936): Dormant child reaped
[1602720834] wproc: Core Worker 8829: job 91428 (pid=1055) timed out. Killing it
[1602720834] wproc: CHECK job 91428 from worker Core Worker 8829 timed out after 30.00s
[1602720834] wproc:   host=Director_Bldg; service=(null);
[1602720834] wproc:   early_timeout=1; exited_ok=0; wait_status=0; error_code=62;
[1602720834] Warning: Check of host 'Director_Bldg' timed out after 30.00 seconds
[1602720834] wproc: Core Worker 8829: job 91428 (pid=1055): Dormant child reaped
[1602720989] wproc: Core Worker 8828: job 91431 (pid=1235) timed out. Killing it
[1602720989] wproc: CHECK job 91431 from worker Core Worker 8828 timed out after 30.02s
[1602720989] wproc:   host=Director_Resident; service=(null);
[1602720989] wproc:   early_timeout=1; exited_ok=0; wait_status=0; error_code=62;
[1602720989] Warning: Check of host 'Director_Resident' timed out after 30.02 seconds
[1602720990] wproc: Core Worker 8828: job 91431 (pid=1235): Dormant child reaped
[1602721134] wproc: Core Worker 8828: job 91437 (pid=1317) timed out. Killing it
[1602721134] wproc: CHECK job 91437 from worker Core Worker 8828 timed out after 30.02s
[1602721134] wproc:   host=Director_Bldg; service=(null);
[1602721134] wproc:   early_timeout=1; exited_ok=0; wait_status=0; error_code=62;
[1602721134] Warning: Check of host 'Director_Bldg' timed out after 30.02 seconds
[1602721134] wproc: Core Worker 8828: job 91437 (pid=1317): Dormant child reaped
[1602721289] wproc: Core Worker 8828: job 91440 (pid=1500) timed out. Killing it
[1602721289] wproc: CHECK job 91440 from worker Core Worker 8828 timed out after 30.03s
[1602721289] wproc:   host=Director_Resident; service=(null);
[1602721289] wproc:   early_timeout=1; exited_ok=0; wait_status=0; error_code=62;
[1602721289] Warning: Check of host 'Director_Resident' timed out after 30.03 seconds
[1602721290] wproc: Core Worker 8828: job 91440 (pid=1500): Dormant child reaped
[1602721434] wproc: Core Worker 8827: job 91447 (pid=1584) timed out. Killing it
[1602721434] wproc: CHECK job 91447 from worker Core Worker 8827 timed out after 30.00s
[1602721434] wproc:   host=Director_Bldg; service=(null);
[1602721434] wproc:   early_timeout=1; exited_ok=0; wait_status=0; error_code=62;
[1602721434] Warning: Check of host 'Director_Bldg' timed out after 30.00 seconds
[1602721434] wproc: Core Worker 8827: job 91447 (pid=1584): Dormant child reaped
[1602721589] wproc: Core Worker 8830: job 91449 (pid=1759) timed out. Killing it
[1602721589] wproc: CHECK job 91449 from worker Core Worker 8830 timed out after 30.00s
[1602721589] wproc:   host=Director_Resident; service=(null);
[1602721589] wproc:   early_timeout=1; exited_ok=0; wait_status=0; error_code=62;
[1602721589] Warning: Check of host 'Director_Resident' timed out after 30.00 seconds
[1602721590] wproc: Core Worker 8830: job 91449 (pid=1759): Dormant child reaped
[1602721734] wproc: Core Worker 8830: job 91455 (pid=1831) timed out. Killing it
[1602721734] wproc: CHECK job 91455 from worker Core Worker 8830 timed out after 30.03s
[1602721734] wproc:   host=Director_Bldg; service=(null);
[1602721734] wproc:   early_timeout=1; exited_ok=0; wait_status=0; error_code=62;
[1602721734] Warning: Check of host 'Director_Bldg' timed out after 30.03 seconds
[1602721734] wproc: Core Worker 8830: job 91455 (pid=1831): Dormant child reaped
[1602721889] wproc: Core Worker 8830: job 91458 (pid=2024) timed out. Killing it
[1602721889] wproc: CHECK job 91458 from worker Core Worker 8830 timed out after 30.03s
[1602721889] wproc:   host=Director_Resident; service=(null);
[1602721889] wproc:   early_timeout=1; exited_ok=0; wait_status=0; error_code=62;
[1602721889] Warning: Check of host 'Director_Resident' timed out after 30.03 seconds
[1602721890] wproc: Core Worker 8830: job 91458 (pid=2024): Dormant child reaped
[1602722034] wproc: Core Worker 8828: job 91465 (pid=2132) timed out. Killing it
[1602722034] wproc: CHECK job 91465 from worker Core Worker 8828 timed out after 30.03s
[1602722034] wproc:   host=Director_Bldg; service=(null);
[1602722034] wproc:   early_timeout=1; exited_ok=0; wait_status=0; error_code=62;
[1602722034] Warning: Check of host 'Director_Bldg' timed out after 30.03 seconds
[1602722034] HOST NOTIFICATION: nagiosadmin;Director_Bldg;DOWN;notify-host-by-email;(Host check timed out after 30.03 seconds)
[1602722034] wproc: Core Worker 8828: job 91465 (pid=2132): Dormant child reaped
[1602722189] wproc: Core Worker 8827: job 91468 (pid=2313) timed out. Killing it
[1602722189] wproc: CHECK job 91468 from worker Core Worker 8827 timed out after 30.01s
[1602722189] wproc:   host=Director_Resident; service=(null);
[1602722189] wproc:   early_timeout=1; exited_ok=0; wait_status=0; error_code=62;
[1602722189] Warning: Check of host 'Director_Resident' timed out after 30.01 seconds
[1602722189] HOST NOTIFICATION: nagiosadmin;Director_Resident;DOWN;notify-host-by-email;(Host check timed out after 30.01 seconds)
[1602722190] wproc: Core Worker 8827: job 91468 (pid=2313): Dormant child reaped
[1602722334] wproc: Core Worker 8828: job 91474 (pid=2391) timed out. Killing it
[1602722334] wproc: CHECK job 91474 from worker Core Worker 8828 timed out after 30.03s
[1602722334] wproc:   host=Director_Bldg; service=(null);
[1602722334] wproc:   early_timeout=1; exited_ok=0; wait_status=0; error_code=62;
[1602722334] Warning: Check of host 'Director_Bldg' timed out after 30.03 seconds
[1602722334] wproc: Core Worker 8828: job 91474 (pid=2391): Dormant child reaped
[1602722489] wproc: Core Worker 8828: job 91477 (pid=2573) timed out. Killing it
[1602722489] wproc: CHECK job 91477 from worker Core Worker 8828 timed out after 30.03s
[1602722489] wproc:   host=Director_Resident; service=(null);
[1602722489] wproc:   early_timeout=1; exited_ok=0; wait_status=0; error_code=62;
[1602722489] Warning: Check of host 'Director_Resident' timed out after 30.03 seconds
[1602722490] wproc: Core Worker 8828: job 91477 (pid=2573): Dormant child reaped
[1602722634] wproc: Core Worker 8827: job 91484 (pid=2657) timed out. Killing it
[1602722634] wproc: CHECK job 91484 from worker Core Worker 8827 timed out after 30.00s
[1602722634] wproc:   host=Director_Bldg; service=(null);
[1602722634] wproc:   early_timeout=1; exited_ok=0; wait_status=0; error_code=62;
[1602722634] Warning: Check of host 'Director_Bldg' timed out after 30.00 seconds
[1602722634] wproc: Core Worker 8827: job 91484 (pid=2657): Dormant child reaped
[1602722789] wproc: Core Worker 8830: job 91486 (pid=2833) timed out. Killing it
[1602722789] wproc: CHECK job 91486 from worker Core Worker 8830 timed out after 30.03s
[1602722789] wproc:   host=Director_Resident; service=(null);
[1602722789] wproc:   early_timeout=1; exited_ok=0; wait_status=0; error_code=62;
[1602722789] Warning: Check of host 'Director_Resident' timed out after 30.03 seconds
[1602722790] wproc: Core Worker 8830: job 91486 (pid=2833): Dormant child reaped
[1602722934] wproc: Core Worker 8830: job 91492 (pid=2903) timed out. Killing it
[1602722934] wproc: CHECK job 91492 from worker Core Worker 8830 timed out after 30.03s
[1602722934] wproc:   host=Director_Bldg; service=(null);
[1602722934] wproc:   early_timeout=1; exited_ok=0; wait_status=0; error_code=62;
[1602722934] Warning: Check of host 'Director_Bldg' timed out after 30.03 seconds
[1602722934] wproc: Core Worker 8830: job 91492 (pid=2903): Dormant child reaped
[1602723089] wproc: Core Worker 8830: job 91495 (pid=3083) timed out. Killing it
[1602723089] wproc: CHECK job 91495 from worker Core Worker 8830 timed out after 30.03s
[1602723089] wproc:   host=Director_Resident; service=(null);
[1602723089] wproc:   early_timeout=1; exited_ok=0; wait_status=0; error_code=62;
[1602723089] Warning: Check of host 'Director_Resident' timed out after 30.03 seconds
[1602723089] wproc: Core Worker 8830: job 91495 (pid=3083): Dormant child reaped
[1602723234] wproc: Core Worker 8828: job 91502 (pid=3165) timed out. Killing it
[1602723234] wproc: CHECK job 91502 from worker Core Worker 8828 timed out after 30.03s
[1602723234] wproc:   host=Director_Bldg; service=(null);
[1602723234] wproc:   early_timeout=1; exited_ok=0; wait_status=0; error_code=62;
[1602723234] Warning: Check of host 'Director_Bldg' timed out after 30.03 seconds
[1602723234] wproc: Core Worker 8828: job 91502 (pid=3165): Dormant child reaped
[1602723389] wproc: Core Worker 8829: job 91504 (pid=3344) timed out. Killing it
[1602723389] wproc: CHECK job 91504 from worker Core Worker 8829 timed out after 30.03s
[1602723389] wproc:   host=Director_Resident; service=(null);
[1602723389] wproc:   early_timeout=1; exited_ok=0; wait_status=0; error_code=62;
[1602723389] Warning: Check of host 'Director_Resident' timed out after 30.03 seconds
[1602723389] wproc: Core Worker 8829: job 91504 (pid=3344): Dormant child reaped
[1602723534] wproc: Core Worker 8829: job 91510 (pid=3414) timed out. Killing it
[1602723534] wproc: CHECK job 91510 from worker Core Worker 8829 timed out after 30.03s
[1602723534] wproc:   host=Director_Bldg; service=(null);
[1602723534] wproc:   early_timeout=1; exited_ok=0; wait_status=0; error_code=62;
[1602723534] Warning: Check of host 'Director_Bldg' timed out after 30.03 seconds
[1602723534] wproc: Core Worker 8829: job 91510 (pid=3414): Dormant child reaped
[1602723689] wproc: Core Worker 8829: job 91513 (pid=3598) timed out. Killing it
[1602723689] wproc: CHECK job 91513 from worker Core Worker 8829 timed out after 30.03s
[1602723689] wproc:   host=Director_Resident; service=(null);
[1602723689] wproc:   early_timeout=1; exited_ok=0; wait_status=0; error_code=62;
[1602723689] Warning: Check of host 'Director_Resident' timed out after 30.03 seconds
[1602723689] wproc: Core Worker 8829: job 91513 (pid=3598): Dormant child reaped
[1602723834] wproc: Core Worker 8830: job 91520 (pid=3677) timed out. Killing it
[1602723834] wproc: CHECK job 91520 from worker Core Worker 8830 timed out after 30.03s
[1602723834] wproc:   host=Director_Bldg; service=(null);
[1602723834] wproc:   early_timeout=1; exited_ok=0; wait_status=0; error_code=62;
[1602723834] Warning: Check of host 'Director_Bldg' timed out after 30.03 seconds
[1602723834] HOST NOTIFICATION: nagiosadmin;Director_Bldg;DOWN;notify-host-by-email;(Host check timed out after 30.03 seconds)
[1602723834] wproc: Core Worker 8830: job 91520 (pid=3677): Dormant child reaped
[1602723989] wproc: Core Worker 8828: job 91523 (pid=3858) timed out. Killing it
[1602723989] wproc: CHECK job 91523 from worker Core Worker 8828 timed out after 30.01s
[1602723989] wproc:   host=Director_Resident; service=(null);
[1602723989] wproc:   early_timeout=1; exited_ok=0; wait_status=0; error_code=62;
[1602723989] Warning: Check of host 'Director_Resident' timed out after 30.01 seconds
[1602723989] HOST NOTIFICATION: nagiosadmin;Director_Resident;DOWN;notify-host-by-email;(Host check timed out after 30.01 seconds)
[1602723989] wproc: Core Worker 8828: job 91523 (pid=3858): Dormant child reaped
[1602724134] wproc: Core Worker 8830: job 91529 (pid=3929) timed out. Killing it
[1602724134] wproc: CHECK job 91529 from worker Core Worker 8830 timed out after 30.03s
[1602724134] wproc:   host=Director_Bldg; service=(null);
[1602724134] wproc:   early_timeout=1; exited_ok=0; wait_status=0; error_code=62;
[1602724134] Warning: Check of host 'Director_Bldg' timed out after 30.03 seconds
[1602724134] wproc: Core Worker 8830: job 91529 (pid=3929): Dormant child reaped
[1602724172] Auto-save of retention data completed successfully.
[1602724289] wproc: Core Worker 8830: job 91532 (pid=4118) timed out. Killing it
[1602724289] wproc: CHECK job 91532 from worker Core Worker 8830 timed out after 30.01s
[1602724289] wproc:   host=Director_Resident; service=(null);
[1602724289] wproc:   early_timeout=1; exited_ok=0; wait_status=0; error_code=62;
[1602724289] Warning: Check of host 'Director_Resident' timed out after 30.01 seconds
[1602724289] wproc: Core Worker 8830: job 91532 (pid=4118): Dormant child reaped
[1602724434] wproc: Core Worker 8828: job 91539 (pid=4194) timed out. Killing it
[1602724434] wproc: CHECK job 91539 from worker Core Worker 8828 timed out after 30.01s
[1602724434] wproc:   host=Director_Bldg; service=(null);
[1602724434] wproc:   early_timeout=1; exited_ok=0; wait_status=0; error_code=62;
[1602724434] Warning: Check of host 'Director_Bldg' timed out after 30.01 seconds
[1602724434] wproc: Core Worker 8828: job 91539 (pid=4194): Dormant child reaped
[1602724589] wproc: Core Worker 8829: job 91541 (pid=4373) timed out. Killing it
[1602724589] wproc: CHECK job 91541 from worker Core Worker 8829 timed out after 30.01s
[1602724589] wproc:   host=Director_Resident; service=(null);
[1602724589] wproc:   early_timeout=1; exited_ok=0; wait_status=0; error_code=62;
[1602724589] Warning: Check of host 'Director_Resident' timed out after 30.01 seconds
[1602724589] wproc: Core Worker 8829: job 91541 (pid=4373): Dormant child reaped
[1602724734] wproc: Core Worker 8829: job 91547 (pid=4434) timed out. Killing it
[1602724734] wproc: CHECK job 91547 from worker Core Worker 8829 timed out after 30.03s
[1602724734] wproc:   host=Director_Bldg; service=(null);
[1602724734] wproc:   early_timeout=1; exited_ok=0; wait_status=0; error_code=62;
[1602724734] Warning: Check of host 'Director_Bldg' timed out after 30.03 seconds
[1602724734] wproc: Core Worker 8829: job 91547 (pid=4434): Dormant child reaped
[1602724889] wproc: Core Worker 8829: job 91550 (pid=4625) timed out. Killing it
[1602724889] wproc: CHECK job 91550 from worker Core Worker 8829 timed out after 30.03s
[1602724889] wproc:   host=Director_Resident; service=(null);
[1602724889] wproc:   early_timeout=1; exited_ok=0; wait_status=0; error_code=62;
[1602724889] Warning: Check of host 'Director_Resident' timed out after 30.03 seconds
[1602724889] wproc: Core Worker 8829: job 91550 (pid=4625): Dormant child reaped
[1602725034] wproc: Core Worker 8830: job 91557 (pid=4701) timed out. Killing it
[1602725034] wproc: CHECK job 91557 from worker Core Worker 8830 timed out after 30.01s
[1602725034] wproc:   host=Director_Bldg; service=(null);
[1602725034] wproc:   early_timeout=1; exited_ok=0; wait_status=0; error_code=62;
[1602725034] Warning: Check of host 'Director_Bldg' timed out after 30.01 seconds
[1602725034] wproc: Core Worker 8830: job 91557 (pid=4701): Dormant child reaped
[1602725189] wproc: Core Worker 8827: job 91560 (pid=4880) timed out. Killing it
[1602725189] wproc: CHECK job 91560 from worker Core Worker 8827 timed out after 30.03s
[1602725189] wproc:   host=Director_Resident; service=(null);
[1602725189] wproc:   early_timeout=1; exited_ok=0; wait_status=0; error_code=62;
[1602725189] Warning: Check of host 'Director_Resident' timed out after 30.03 seconds
[1602725189] wproc: Core Worker 8827: job 91560 (pid=4880): Dormant child reaped
[1602725334] wproc: Core Worker 8827: job 91566 (pid=4945) timed out. Killing it
[1602725334] wproc: CHECK job 91566 from worker Core Worker 8827 timed out after 30.02s
[1602725334] wproc:   host=Director_Bldg; service=(null);
[1602725334] wproc:   early_timeout=1; exited_ok=0; wait_status=0; error_code=62;
[1602725334] Warning: Check of host 'Director_Bldg' timed out after 30.02 seconds
[1602725334] wproc: Core Worker 8827: job 91566 (pid=4945): Dormant child reaped
[1602725489] wproc: Core Worker 8827: job 91569 (pid=5142) timed out. Killing it
[1602725489] wproc: CHECK job 91569 from worker Core Worker 8827 timed out after 30.02s
[1602725489] wproc:   host=Director_Resident; service=(null);
[1602725489] wproc:   early_timeout=1; exited_ok=0; wait_status=0; error_code=62;
[1602725489] Warning: Check of host 'Director_Resident' timed out after 30.02 seconds
[1602725489] wproc: Core Worker 8827: job 91569 (pid=5142): Dormant child reaped
[1602725634] wproc: Core Worker 8829: job 91575 (pid=5240) timed out. Killing it
[1602725634] wproc: CHECK job 91575 from worker Core Worker 8829 timed out after 30.03s
[1602725634] wproc:   host=Director_Bldg; service=(null);
[1602725634] wproc:   early_timeout=1; exited_ok=0; wait_status=0; error_code=62;
[1602725634] Warning: Check of host 'Director_Bldg' timed out after 30.03 seconds
[1602725634] HOST NOTIFICATION: nagiosadmin;Director_Bldg;DOWN;notify-host-by-email;(Host check timed out after 30.03 seconds)
[1602725634] wproc: Core Worker 8829: job 91575 (pid=5240): Dormant child reaped
[1602725789] wproc: Core Worker 8830: job 91578 (pid=5428) timed out. Killing it
[1602725789] wproc: CHECK job 91578 from worker Core Worker 8830 timed out after 30.03s
[1602725789] wproc:   host=Director_Resident; service=(null);
[1602725789] wproc:   early_timeout=1; exited_ok=0; wait_status=0; error_code=62;
[1602725789] Warning: Check of host 'Director_Resident' timed out after 30.03 seconds
[1602725789] HOST NOTIFICATION: nagiosadmin;Director_Resident;DOWN;notify-host-by-email;(Host check timed out after 30.03 seconds)
[1602725789] wproc: Core Worker 8830: job 91578 (pid=5428): Dormant child reaped
[1602725934] wproc: Core Worker 8829: job 91584 (pid=5498) timed out. Killing it
[1602725934] wproc: CHECK job 91584 from worker Core Worker 8829 timed out after 30.02s
[1602725934] wproc:   host=Director_Bldg; service=(null);
[1602725934] wproc:   early_timeout=1; exited_ok=0; wait_status=0; error_code=62;
[1602725934] Warning: Check of host 'Director_Bldg' timed out after 30.02 seconds
[1602725934] wproc: Core Worker 8829: job 91584 (pid=5498): Dormant child reaped
[1602726089] wproc: Core Worker 8829: job 91587 (pid=5695) timed out. Killing it
[1602726089] wproc: CHECK job 91587 from worker Core Worker 8829 timed out after 30.03s
[1602726089] wproc:   host=Director_Resident; service=(null);
[1602726089] wproc:   early_timeout=1; exited_ok=0; wait_status=0; error_code=62;
[1602726089] Warning: Check of host 'Director_Resident' timed out after 30.03 seconds
[1602726089] wproc: Core Worker 8829: job 91587 (pid=5695): Dormant child reaped
[1602726234] wproc: Core Worker 8830: job 91594 (pid=5773) timed out. Killing it
[1602726234] wproc: CHECK job 91594 from worker Core Worker 8830 timed out after 30.02s
[1602726234] wproc:   host=Director_Bldg; service=(null);
[1602726234] wproc:   early_timeout=1; exited_ok=0; wait_status=0; error_code=62;
[1602726234] Warning: Check of host 'Director_Bldg' timed out after 30.02 seconds
[1602726234] wproc: Core Worker 8830: job 91594 (pid=5773): Dormant child reaped
[1602726389] wproc: Core Worker 8827: job 91597 (pid=5958) timed out. Killing it
[1602726389] wproc: CHECK job 91597 from worker Core Worker 8827 timed out after 30.03s
[1602726389] wproc:   host=Director_Resident; service=(null);
[1602726389] wproc:   early_timeout=1; exited_ok=0; wait_status=0; error_code=62;
[1602726389] Warning: Check of host 'Director_Resident' timed out after 30.03 seconds
[1602726389] wproc: Core Worker 8827: job 91597 (pid=5958): Dormant child reaped
[1602726534] wproc: Core Worker 8827: job 91603 (pid=6020) timed out. Killing it
[1602726534] wproc: CHECK job 91603 from worker Core Worker 8827 timed out after 30.03s
[1602726534] wproc:   host=Director_Bldg; service=(null);
[1602726534] wproc:   early_timeout=1; exited_ok=0; wait_status=0; error_code=62;
[1602726534] Warning: Check of host 'Director_Bldg' timed out after 30.03 seconds
[1602726534] wproc: Core Worker 8827: job 91603 (pid=6020): Dormant child reaped
[1602726664] HOST NOTIFICATION: nagiosadmin;Director_Resident;UP;notify-host-by-email;PING OK - Packet loss = 40%, RTA = 0.67 ms
[1602726664] HOST ALERT: Director_Resident;UP;HARD;1;PING OK - Packet loss = 40%, RTA = 0.67 ms
[1602726688] SERVICE ALERT: Director_Bldg;check-host-alive;OK;HARD;3;PING OK - Packet loss = 0%, RTA = 0.60 ms
[1602726692] HOST NOTIFICATION: nagiosadmin;Director_Bldg;UP;notify-host-by-email;PING OK - Packet loss = 0%, RTA = 0.60 ms
[1602726692] HOST ALERT: Director_Bldg;UP;HARD;1;PING OK - Packet loss = 0%, RTA = 0.60 ms
[1602726843] SERVICE ALERT: Director_Resident;check-host-alive;OK;SOFT;1;PING OK - Packet loss = 0%, RTA = 0.72 ms
[1602727772] Auto-save of retention data completed successfully.
[1602731372] Auto-save of retention data completed successfully.
[1602733315] SERVICE ALERT: Director_Bldg;check-host-alive;CRITICAL;SOFT;1;CRITICAL - Plugin timed out
[1602733318] wproc: Core Worker 8827: job 91808 (pid=12014) timed out. Killing it
[1602733318] wproc: CHECK job 91808 from worker Core Worker 8827 timed out after 30.01s
[1602733318] wproc:   host=Director_Bldg; service=(null);
[1602733318] wproc:   early_timeout=1; exited_ok=0; wait_status=0; error_code=62;
[1602733318] Warning: Check of host 'Director_Bldg' timed out after 30.01 seconds
[1602733318] HOST ALERT: Director_Bldg;DOWN;SOFT;1;(Host check timed out after 30.01 seconds)
[1602733319] wproc: Core Worker 8827: job 91808 (pid=12014): Dormant child reaped
[1602733382] HOST ALERT: Director_Bldg;UP;SOFT;1;PING OK - Packet loss = 0%, RTA = 0.64 ms
[1602733439] SERVICE ALERT: Director_Bldg;check-host-alive;OK;SOFT;2;PING OK - Packet loss = 0%, RTA = 0.68 ms
[1602734972] Auto-save of retention data completed successfully.
[1602738572] Auto-save of retention data completed successfully.
[1602742172] Auto-save of retention data completed successfully.
[1602743699] SERVICE ALERT: esxi05;PING;WARNING;SOFT;1;PING WARNING - Packet loss = 40%, RTA = 0.39 ms
[1602743763] SERVICE ALERT: esxi05;PING;OK;SOFT;2;PING OK - Packet loss = 0%, RTA = 0.39 ms
[1602745772] Auto-save of retention data completed successfully.
[1602749372] Auto-save of retention data completed successfully.
[1602752972] Auto-save of retention data completed successfully.
[1602756572] Auto-save of retention data completed successfully.
[1602760172] Auto-save of retention data completed successfully.
[1602763772] Auto-save of retention data completed successfully.
[1602766031] SERVICE ALERT: esxi08;PING;WARNING;SOFT;1;PING WARNING - Packet loss = 20%, RTA = 0.74 ms
[1602766095] SERVICE ALERT: esxi08;PING;OK;SOFT;2;PING OK - Packet loss = 0%, RTA = 0.35 ms
[1602767372] Auto-save of retention data completed successfully.
[1602770972] Auto-save of retention data completed successfully.
[1602772628] SERVICE ALERT: esxi05;PING;WARNING;SOFT;1;PING WARNING - Packet loss = 20%, RTA = 0.51 ms
[1602772692] SERVICE ALERT: esxi05;PING;OK;SOFT;2;PING OK - Packet loss = 0%, RTA = 0.46 ms
[1602774572] Auto-save of retention data completed successfully.
[1602777260] SERVICE ALERT: esxi08;PING;WARNING;SOFT;1;PING WARNING - Packet loss = 20%, RTA = 0.42 ms
[1602777324] SERVICE ALERT: esxi08;PING;OK;SOFT;2;PING OK - Packet loss = 0%, RTA = 0.52 ms
[1602778172] Auto-save of retention data completed successfully.
[1602781772] Auto-save of retention data completed successfully.
[1602785372] Auto-save of retention data completed successfully.
