[1557945000] LOG ROTATION: DAILY
[1557945000] LOG VERSION: 2.0
[1557945000] CURRENT HOST STATE: esxi01;UP;HARD;1;PING OK - Packet loss = 0%, RTA = 0.52 ms
[1557945000] CURRENT HOST STATE: esxi02;UP;HARD;1;PING OK - Packet loss = 0%, RTA = 0.53 ms
[1557945000] CURRENT HOST STATE: esxi03;UP;HARD;1;PING OK - Packet loss = 0%, RTA = 0.49 ms
[1557945000] CURRENT HOST STATE: esxi04;UP;HARD;1;PING OK - Packet loss = 0%, RTA = 0.50 ms
[1557945000] CURRENT HOST STATE: esxi05;UP;HARD;1;PING OK - Packet loss = 0%, RTA = 0.49 ms
[1557945000] CURRENT HOST STATE: esxi06;UP;HARD;1;PING OK - Packet loss = 0%, RTA = 0.48 ms
[1557945000] CURRENT HOST STATE: esxi07;UP;HARD;1;PING OK - Packet loss = 0%, RTA = 0.41 ms
[1557945000] CURRENT HOST STATE: esxi08;UP;HARD;1;PING OK - Packet loss = 0%, RTA = 0.43 ms
[1557945000] CURRENT HOST STATE: esxi09;UP;HARD;1;PING OK - Packet loss = 0%, RTA = 0.36 ms
[1557945000] CURRENT HOST STATE: localhost;UP;HARD;1;PING OK - Packet loss = 0%, RTA = 0.05 ms
[1557945000] CURRENT HOST STATE: router1;UP;HARD;1;PING OK - Packet loss = 0%, RTA = 0.65 ms
[1557945000] CURRENT HOST STATE: router2;UP;HARD;1;PING OK - Packet loss = 0%, RTA = 0.81 ms
[1557945000] CURRENT HOST STATE: router3;UP;HARD;1;PING OK - Packet loss = 0%, RTA = 1.16 ms
[1557945000] CURRENT HOST STATE: vmware10gswitch;UP;HARD;1;PING OK - Packet loss = 0%, RTA = 1.34 ms
[1557945000] CURRENT HOST STATE: vmwaremgmtswitch;UP;HARD;1;PING OK - Packet loss = 0%, RTA = 1.85 ms
[1557945000] CURRENT SERVICE STATE: esxi01;ESXi Hardware Check;OK;HARD;1;OK - Server: Cisco Systems Inc UCSC-C220-M4S s/n: FCH22157EQH Chassis S/N: FCH2216V0WN  System BIOS: C220M4.3.0.4a.0.0226182253 2018-02-26
[1557945000] CURRENT SERVICE STATE: esxi01;PING;OK;HARD;1;PING OK - Packet loss = 0%, RTA = 0.44 ms
[1557945000] CURRENT SERVICE STATE: esxi02;ESXi Hardware Check;OK;HARD;1;OK - Server: Cisco Systems Inc UCSC-C220-M4S s/n: FCH22157E1D Chassis S/N: FCH2216V0Y6  System BIOS: C220M4.3.0.4a.0.0226182253 2018-02-26
[1557945000] CURRENT SERVICE STATE: esxi02;PING;OK;HARD;1;PING OK - Packet loss = 0%, RTA = 0.49 ms
[1557945000] CURRENT SERVICE STATE: esxi03;ESXi Hardware Check;OK;HARD;1;OK - Server: Cisco Systems Inc UCSC-C220-M4S s/n: FCH22157ESB Chassis S/N: FCH2216V0TW  System BIOS: C220M4.3.0.4a.0.0226182253 2018-02-26
[1557945000] CURRENT SERVICE STATE: esxi03;PING;OK;HARD;1;PING OK - Packet loss = 0%, RTA = 0.36 ms
[1557945000] CURRENT SERVICE STATE: esxi04;ESXi Hardware Check;OK;HARD;1;OK - Server: Cisco Systems Inc UCSC-C220-M4S s/n: FCH22137QKB Chassis S/N: FCH2216V0YZ  System BIOS: C220M4.3.0.4a.0.0226182253 2018-02-26
[1557945000] CURRENT SERVICE STATE: esxi04;PING;OK;HARD;1;PING OK - Packet loss = 0%, RTA = 0.38 ms
[1557945000] CURRENT SERVICE STATE: esxi05;ESXi Hardware Check;OK;HARD;1;OK - Server: Cisco Systems Inc UCSC-C220-M4S s/n: FCH22157EPD Chassis S/N: FCH2216V0Z0  System BIOS: C220M4.3.0.4a.0.0226182253 2018-02-26
[1557945000] CURRENT SERVICE STATE: esxi05;PING;OK;HARD;1;PING OK - Packet loss = 0%, RTA = 0.35 ms
[1557945000] CURRENT SERVICE STATE: esxi06;ESXi Haradware Check;OK;HARD;1;OK - Server: Cisco Systems Inc UCSC-C220-M4S s/n: FCH22157ERW Chassis S/N: FCH2216V0X8  System BIOS: C220M4.3.0.4a.0.0226182253 2018-02-26
[1557945000] CURRENT SERVICE STATE: esxi06;PING;OK;HARD;1;PING OK - Packet loss = 0%, RTA = 0.62 ms
[1557945000] CURRENT SERVICE STATE: esxi07;ESXi Hardware Check;OK;HARD;1;OK - Server: Cisco Systems Inc UCSC-C220-M4S s/n: FCH22157EV7 Chassis S/N: FCH2216V0Y8  System BIOS: C220M4.3.0.4a.0.0226182253 2018-02-26
[1557945000] CURRENT SERVICE STATE: esxi07;PING;OK;HARD;1;PING OK - Packet loss = 0%, RTA = 0.52 ms
[1557945000] CURRENT SERVICE STATE: esxi08;ESXi Hardware Check;OK;HARD;1;OK - Server: Cisco Systems Inc UCSC-C220-M4S s/n: FCH22137QJN Chassis S/N: FCH2216V0YV  System BIOS: C220M4.3.0.4a.0.0226182253 2018-02-26
[1557945000] CURRENT SERVICE STATE: esxi08;PING;OK;HARD;1;PING OK - Packet loss = 0%, RTA = 0.26 ms
[1557945000] CURRENT SERVICE STATE: esxi09;ESXi Hardware Check;OK;HARD;1;OK - Server: Cisco Systems Inc UCSC-C220-M4S s/n: FCH22157ERY Chassis S/N: FCH2216V0YN  System BIOS: C220M4.3.0.4a.0.0226182253 2018-02-26
[1557945000] CURRENT SERVICE STATE: esxi09;PING;OK;HARD;1;PING OK - Packet loss = 0%, RTA = 0.40 ms
[1557945000] CURRENT SERVICE STATE: localhost;Current Load;OK;HARD;1;OK - load average: 0.07, 0.06, 0.05
[1557945000] CURRENT SERVICE STATE: localhost;Current Users;OK;HARD;1;USERS OK - 3 users currently logged in
[1557945000] CURRENT SERVICE STATE: localhost;PING;OK;HARD;1;PING OK - Packet loss = 0%, RTA = 0.04 ms
[1557945000] CURRENT SERVICE STATE: localhost;Root Partition;OK;HARD;1;DISK OK - free space: / 43875 MB (85.73% inode=99%):
[1557945000] CURRENT SERVICE STATE: localhost;SSH;OK;HARD;1;SSH OK - OpenSSH_7.4 (protocol 2.0)
[1557945000] CURRENT SERVICE STATE: localhost;Swap Usage;OK;HARD;1;SWAP OK - 100% free (3966 MB out of 3967 MB)
[1557945000] CURRENT SERVICE STATE: localhost;Total Processes;OK;HARD;1;PROCS OK: 76 processes with STATE = RSZDT
[1557945000] CURRENT SERVICE STATE: router1;check-host-alive;OK;HARD;1;PING OK - Packet loss = 0%, RTA = 0.60 ms
[1557945000] CURRENT SERVICE STATE: router2;check-host-alive;OK;HARD;1;PING OK - Packet loss = 0%, RTA = 0.82 ms
[1557945000] CURRENT SERVICE STATE: router3;check-host-alive;OK;HARD;1;PING OK - Packet loss = 0%, RTA = 0.64 ms
[1557945000] CURRENT SERVICE STATE: vmware10gswitch;check-host-alive;OK;HARD;1;PING OK - Packet loss = 0%, RTA = 1.21 ms
[1557945000] CURRENT SERVICE STATE: vmwaremgmtswitch;check-host-alive;OK;HARD;1;PING OK - Packet loss = 0%, RTA = 0.80 ms
[1557945241] Auto-save of retention data completed successfully.
[1557948841] Auto-save of retention data completed successfully.
[1557948910] SERVICE ALERT: esxi03;PING;WARNING;SOFT;1;PING WARNING - Packet loss = 20%, RTA = 0.31 ms
[1557948975] SERVICE ALERT: esxi03;PING;WARNING;SOFT;2;PING WARNING - Packet loss = 20%, RTA = 0.43 ms
[1557949039] SERVICE ALERT: esxi03;PING;OK;SOFT;3;PING OK - Packet loss = 0%, RTA = 0.44 ms
[1557951204] SERVICE ALERT: esxi03;PING;WARNING;SOFT;1;PING WARNING - Packet loss = 20%, RTA = 0.34 ms
[1557951268] SERVICE ALERT: esxi03;PING;OK;SOFT;2;PING OK - Packet loss = 0%, RTA = 0.46 ms
[1557952441] Auto-save of retention data completed successfully.
[1557953433] SERVICE ALERT: esxi03;PING;WARNING;SOFT;1;PING WARNING - Packet loss = 20%, RTA = 0.42 ms
[1557953497] SERVICE ALERT: esxi03;PING;OK;SOFT;2;PING OK - Packet loss = 0%, RTA = 0.47 ms
[1557956041] Auto-save of retention data completed successfully.
[1557957162] SERVICE ALERT: esxi03;PING;WARNING;SOFT;1;PING WARNING - Packet loss = 20%, RTA = 0.43 ms
[1557957226] SERVICE ALERT: esxi03;PING;OK;SOFT;2;PING OK - Packet loss = 0%, RTA = 0.43 ms
[1557959091] SERVICE ALERT: esxi03;PING;WARNING;SOFT;1;PING WARNING - Packet loss = 20%, RTA = 0.35 ms
[1557959155] SERVICE ALERT: esxi03;PING;OK;SOFT;2;PING OK - Packet loss = 0%, RTA = 0.43 ms
[1557959641] Auto-save of retention data completed successfully.
[1557963241] Auto-save of retention data completed successfully.
[1557966841] Auto-save of retention data completed successfully.
[1557970020] SERVICE ALERT: esxi03;PING;WARNING;SOFT;1;PING WARNING - Packet loss = 20%, RTA = 0.81 ms
[1557970084] SERVICE ALERT: esxi03;PING;OK;SOFT;2;PING OK - Packet loss = 0%, RTA = 0.54 ms
[1557970441] Auto-save of retention data completed successfully.
[1557974041] Auto-save of retention data completed successfully.
[1557977641] Auto-save of retention data completed successfully.
[1557981241] Auto-save of retention data completed successfully.
[1557984549] SERVICE ALERT: esxi03;PING;WARNING;SOFT;1;PING WARNING - Packet loss = 20%, RTA = 0.41 ms
[1557984614] SERVICE ALERT: esxi03;PING;WARNING;SOFT;2;PING WARNING - Packet loss = 20%, RTA = 0.36 ms
[1557984678] SERVICE ALERT: esxi03;PING;OK;SOFT;3;PING OK - Packet loss = 0%, RTA = 0.43 ms
[1557984841] Auto-save of retention data completed successfully.
[1557985343] SERVICE ALERT: esxi03;PING;WARNING;SOFT;1;PING WARNING - Packet loss = 20%, RTA = 0.49 ms
[1557985407] SERVICE ALERT: esxi03;PING;OK;SOFT;2;PING OK - Packet loss = 0%, RTA = 0.44 ms
[1557988441] Auto-save of retention data completed successfully.
[1557988472] SERVICE ALERT: esxi03;PING;WARNING;SOFT;1;PING WARNING - Packet loss = 20%, RTA = 0.30 ms
[1557988536] SERVICE ALERT: esxi03;PING;OK;SOFT;2;PING OK - Packet loss = 0%, RTA = 0.38 ms
[1557989359] wproc: Core Worker 21450: job 96325 (pid=26047) timed out. Killing it
[1557989359] wproc: CHECK job 96325 from worker Core Worker 21450 timed out after 30.01s
[1557989359] wproc:   host=router1; service=(null);
[1557989359] wproc:   early_timeout=1; exited_ok=0; wait_status=0; error_code=62;
[1557989359] Warning: Check of host 'router1' timed out after 30.01 seconds
[1557989359] HOST ALERT: router1;DOWN;SOFT;1;(Host check timed out after 30.01 seconds)
[1557989359] wproc: Core Worker 21450: job 96325 (pid=26047): Dormant child reaped
[1557989413] SERVICE ALERT: router1;check-host-alive;CRITICAL;HARD;1;CRITICAL - Plugin timed out
[1557989449] wproc: Core Worker 21450: job 96328 (pid=26209) timed out. Killing it
[1557989449] wproc: CHECK job 96328 from worker Core Worker 21450 timed out after 30.01s
[1557989449] wproc:   host=router1; service=(null);
[1557989449] wproc:   early_timeout=1; exited_ok=0; wait_status=0; error_code=62;
[1557989449] Warning: Check of host 'router1' timed out after 30.01 seconds
[1557989449] HOST ALERT: router1;DOWN;SOFT;2;(Host check timed out after 30.01 seconds)
[1557989449] wproc: Core Worker 21450: job 96328 (pid=26209): Dormant child reaped
[1557989539] wproc: Core Worker 21453: job 96331 (pid=26253) timed out. Killing it
[1557989539] wproc: CHECK job 96331 from worker Core Worker 21453 timed out after 30.01s
[1557989539] wproc:   host=router1; service=(null);
[1557989539] wproc:   early_timeout=1; exited_ok=0; wait_status=0; error_code=62;
[1557989539] Warning: Check of host 'router1' timed out after 30.01 seconds
[1557989539] HOST ALERT: router1;DOWN;SOFT;3;(Host check timed out after 30.01 seconds)
[1557989539] wproc: Core Worker 21453: job 96331 (pid=26253): Dormant child reaped
[1557989629] wproc: Core Worker 21453: job 96333 (pid=26277) timed out. Killing it
[1557989629] wproc: CHECK job 96333 from worker Core Worker 21453 timed out after 30.01s
[1557989629] wproc:   host=router1; service=(null);
[1557989629] wproc:   early_timeout=1; exited_ok=0; wait_status=0; error_code=62;
[1557989629] Warning: Check of host 'router1' timed out after 30.01 seconds
[1557989629] HOST ALERT: router1;DOWN;SOFT;4;(Host check timed out after 30.01 seconds)
[1557989629] wproc: Core Worker 21453: job 96333 (pid=26277): Dormant child reaped
[1557989719] wproc: Core Worker 21453: job 96337 (pid=26322) timed out. Killing it
[1557989719] wproc: CHECK job 96337 from worker Core Worker 21453 timed out after 30.03s
[1557989719] wproc:   host=router1; service=(null);
[1557989719] wproc:   early_timeout=1; exited_ok=0; wait_status=0; error_code=62;
[1557989719] Warning: Check of host 'router1' timed out after 30.03 seconds
[1557989719] HOST ALERT: router1;DOWN;SOFT;5;(Host check timed out after 30.03 seconds)
[1557989719] wproc: Core Worker 21453: job 96337 (pid=26322): Dormant child reaped
[1557989809] wproc: Core Worker 21453: job 96340 (pid=26479) timed out. Killing it
[1557989809] wproc: CHECK job 96340 from worker Core Worker 21453 timed out after 30.01s
[1557989809] wproc:   host=router1; service=(null);
[1557989809] wproc:   early_timeout=1; exited_ok=0; wait_status=0; error_code=62;
[1557989809] Warning: Check of host 'router1' timed out after 30.01 seconds
[1557989809] HOST ALERT: router1;DOWN;SOFT;6;(Host check timed out after 30.01 seconds)
[1557989809] wproc: Core Worker 21453: job 96340 (pid=26479): Dormant child reaped
[1557989899] wproc: Core Worker 21451: job 96343 (pid=26512) timed out. Killing it
[1557989899] wproc: CHECK job 96343 from worker Core Worker 21451 timed out after 30.03s
[1557989899] wproc:   host=router1; service=(null);
[1557989899] wproc:   early_timeout=1; exited_ok=0; wait_status=0; error_code=62;
[1557989899] Warning: Check of host 'router1' timed out after 30.03 seconds
[1557989899] HOST ALERT: router1;DOWN;SOFT;7;(Host check timed out after 30.03 seconds)
[1557989899] wproc: Core Worker 21451: job 96343 (pid=26512): Dormant child reaped
[1557989989] wproc: Core Worker 21451: job 96346 (pid=26543) timed out. Killing it
[1557989989] wproc: CHECK job 96346 from worker Core Worker 21451 timed out after 30.02s
[1557989989] wproc:   host=router1; service=(null);
[1557989989] wproc:   early_timeout=1; exited_ok=0; wait_status=0; error_code=62;
[1557989989] Warning: Check of host 'router1' timed out after 30.02 seconds
[1557989989] HOST ALERT: router1;DOWN;SOFT;8;(Host check timed out after 30.02 seconds)
[1557989989] wproc: Core Worker 21451: job 96346 (pid=26543): Dormant child reaped
[1557990079] wproc: Core Worker 21450: job 96350 (pid=26716) timed out. Killing it
[1557990079] wproc: CHECK job 96350 from worker Core Worker 21450 timed out after 30.01s
[1557990079] wproc:   host=router1; service=(null);
[1557990079] wproc:   early_timeout=1; exited_ok=0; wait_status=0; error_code=62;
[1557990079] Warning: Check of host 'router1' timed out after 30.01 seconds
[1557990079] HOST ALERT: router1;DOWN;SOFT;9;(Host check timed out after 30.01 seconds)
[1557990079] wproc: Core Worker 21450: job 96350 (pid=26716): Dormant child reaped
[1557990143] HOST ALERT: router1;UP;SOFT;1;PING OK - Packet loss = 0%, RTA = 0.62 ms
[1557990586] SERVICE ALERT: router1;check-host-alive;OK;SOFT;1;PING OK - Packet loss = 0%, RTA = 0.56 ms
[1557992041] Auto-save of retention data completed successfully.
[1557992201] SERVICE ALERT: esxi03;PING;WARNING;SOFT;1;PING WARNING - Packet loss = 20%, RTA = 0.39 ms
[1557992265] SERVICE ALERT: esxi03;PING;OK;SOFT;2;PING OK - Packet loss = 0%, RTA = 0.36 ms
[1557995641] Auto-save of retention data completed successfully.
[1557999241] Auto-save of retention data completed successfully.
[1558002841] Auto-save of retention data completed successfully.
[1558006441] Auto-save of retention data completed successfully.
[1558010041] Auto-save of retention data completed successfully.
[1558013641] Auto-save of retention data completed successfully.
[1558016930] SERVICE ALERT: esxi03;PING;WARNING;SOFT;1;PING WARNING - Packet loss = 20%, RTA = 0.32 ms
[1558016932] SERVICE ALERT: esxi08;PING;WARNING;SOFT;1;PING WARNING - Packet loss = 20%, RTA = 0.40 ms
[1558016994] SERVICE ALERT: esxi03;PING;OK;SOFT;2;PING OK - Packet loss = 0%, RTA = 0.36 ms
[1558016997] SERVICE ALERT: esxi08;PING;WARNING;SOFT;2;PING WARNING - Packet loss = 20%, RTA = 0.38 ms
[1558017061] SERVICE ALERT: esxi08;PING;OK;SOFT;3;PING OK - Packet loss = 0%, RTA = 0.40 ms
[1558017241] Auto-save of retention data completed successfully.
[1558020841] Auto-save of retention data completed successfully.
[1558024441] Auto-save of retention data completed successfully.
[1558028041] Auto-save of retention data completed successfully.
