[1576866600] LOG ROTATION: DAILY
[1576866600] LOG VERSION: 2.0
[1576866600] CURRENT HOST STATE: AP_Main_Bldg;UP;HARD;1;PING OK - Packet loss = 0%, RTA = 1.40 ms
[1576866600] CURRENT HOST STATE: Director_Bldg;UP;HARD;1;PING OK - Packet loss = 0%, RTA = 0.62 ms
[1576866600] CURRENT HOST STATE: Director_Resident;UP;HARD;1;PING OK - Packet loss = 0%, RTA = 0.74 ms
[1576866600] CURRENT HOST STATE: esxi01;UP;HARD;1;PING OK - Packet loss = 0%, RTA = 0.63 ms
[1576866600] CURRENT HOST STATE: esxi02;UP;HARD;1;PING OK - Packet loss = 0%, RTA = 1.57 ms
[1576866600] CURRENT HOST STATE: esxi03;UP;HARD;1;PING OK - Packet loss = 0%, RTA = 0.57 ms
[1576866600] CURRENT HOST STATE: esxi04;UP;HARD;1;PING OK - Packet loss = 0%, RTA = 0.57 ms
[1576866600] CURRENT HOST STATE: esxi05;UP;HARD;1;PING OK - Packet loss = 0%, RTA = 0.54 ms
[1576866600] CURRENT HOST STATE: esxi06;UP;HARD;1;PING OK - Packet loss = 0%, RTA = 0.50 ms
[1576866600] CURRENT HOST STATE: esxi07;UP;HARD;1;PING OK - Packet loss = 0%, RTA = 0.78 ms
[1576866600] CURRENT HOST STATE: esxi08;UP;HARD;1;PING OK - Packet loss = 0%, RTA = 0.58 ms
[1576866600] CURRENT HOST STATE: esxi09;UP;HARD;1;PING OK - Packet loss = 0%, RTA = 0.56 ms
[1576866600] CURRENT HOST STATE: localhost;UP;HARD;1;PING OK - Packet loss = 0%, RTA = 0.04 ms
[1576866600] CURRENT HOST STATE: vmware10gswitch;UP;HARD;1;PING OK - Packet loss = 0%, RTA = 1.39 ms
[1576866600] CURRENT HOST STATE: vmwaremgmtswitch;UP;HARD;1;PING OK - Packet loss = 0%, RTA = 0.83 ms
[1576866600] CURRENT SERVICE STATE: AP_Main_Bldg;check-host-alive;OK;HARD;1;PING OK - Packet loss = 0%, RTA = 1.46 ms
[1576866600] CURRENT SERVICE STATE: Director_Bldg;check-host-alive;OK;HARD;1;PING OK - Packet loss = 0%, RTA = 0.61 ms
[1576866600] CURRENT SERVICE STATE: Director_Resident;check-host-alive;OK;HARD;1;PING OK - Packet loss = 0%, RTA = 1.33 ms
[1576866600] CURRENT SERVICE STATE: esxi01;ESXi Hardware Check;OK;HARD;1;OK - Server: Cisco Systems Inc UCSC-C220-M4S s/n: FCH22157EQH Chassis S/N: FCH2216V0WN  System BIOS: C220M4.3.0.4a.0.0226182253 2018-02-26
[1576866600] CURRENT SERVICE STATE: esxi01;PING;OK;HARD;1;PING OK - Packet loss = 0%, RTA = 0.49 ms
[1576866600] CURRENT SERVICE STATE: esxi02;ESXi Hardware Check;OK;HARD;1;OK - Server: Cisco Systems Inc UCSC-C220-M4S s/n: FCH22157E1D Chassis S/N: FCH2216V0Y6  System BIOS: C220M4.3.0.4a.0.0226182253 2018-02-26
[1576866600] CURRENT SERVICE STATE: esxi02;PING;OK;HARD;1;PING OK - Packet loss = 0%, RTA = 0.66 ms
[1576866600] CURRENT SERVICE STATE: esxi03;ESXi Hardware Check;OK;HARD;1;OK - Server: Cisco Systems Inc UCSC-C220-M4S s/n: FCH22157ESB Chassis S/N: FCH2216V0TW  System BIOS: C220M4.3.0.4a.0.0226182253 2018-02-26
[1576866600] CURRENT SERVICE STATE: esxi03;PING;OK;HARD;1;PING OK - Packet loss = 0%, RTA = 0.49 ms
[1576866600] CURRENT SERVICE STATE: esxi04;ESXi Hardware Check;OK;HARD;1;OK - Server: Cisco Systems Inc UCSC-C220-M4S s/n: FCH22137QKB Chassis S/N: FCH2216V0YZ  System BIOS: C220M4.3.0.4a.0.0226182253 2018-02-26
[1576866600] CURRENT SERVICE STATE: esxi04;PING;OK;HARD;1;PING OK - Packet loss = 0%, RTA = 0.59 ms
[1576866600] CURRENT SERVICE STATE: esxi05;ESXi Hardware Check;OK;HARD;1;OK - Server: Cisco Systems Inc UCSC-C220-M4S s/n: FCH22157EPD Chassis S/N: FCH2216V0Z0  System BIOS: C220M4.3.0.4a.0.0226182253 2018-02-26
[1576866600] CURRENT SERVICE STATE: esxi05;PING;OK;HARD;1;PING OK - Packet loss = 0%, RTA = 0.46 ms
[1576866600] CURRENT SERVICE STATE: esxi06;ESXi Haradware Check;OK;HARD;1;OK - Server: Cisco Systems Inc UCSC-C220-M4S s/n: FCH22157ERW Chassis S/N: FCH2216V0X8  System BIOS: C220M4.3.0.4a.0.0226182253 2018-02-26
[1576866600] CURRENT SERVICE STATE: esxi06;PING;OK;HARD;1;PING OK - Packet loss = 0%, RTA = 0.49 ms
[1576866600] CURRENT SERVICE STATE: esxi07;ESXi Hardware Check;OK;HARD;1;OK - Server: Cisco Systems Inc UCSC-C220-M4S s/n: FCH22157EV7 Chassis S/N: FCH2216V0Y8  System BIOS: C220M4.3.0.4a.0.0226182253 2018-02-26
[1576866600] CURRENT SERVICE STATE: esxi07;PING;OK;HARD;1;PING OK - Packet loss = 0%, RTA = 0.56 ms
[1576866600] CURRENT SERVICE STATE: esxi08;ESXi Hardware Check;OK;HARD;1;OK - Server: Cisco Systems Inc UCSC-C220-M4S s/n: FCH22137QJN Chassis S/N: FCH2216V0YV  System BIOS: C220M4.3.0.4a.0.0226182253 2018-02-26
[1576866600] CURRENT SERVICE STATE: esxi08;PING;OK;HARD;1;PING OK - Packet loss = 0%, RTA = 0.42 ms
[1576866600] CURRENT SERVICE STATE: esxi09;ESXi Hardware Check;OK;HARD;1;OK - Server: Cisco Systems Inc UCSC-C220-M4S s/n: FCH22157ERY Chassis S/N: FCH2216V0YN  System BIOS: C220M4.3.0.4a.0.0226182253 2018-02-26
[1576866600] CURRENT SERVICE STATE: esxi09;PING;OK;HARD;1;PING OK - Packet loss = 0%, RTA = 0.39 ms
[1576866600] CURRENT SERVICE STATE: localhost;Current Load;OK;HARD;1;OK - load average: 0.00, 0.01, 0.05
[1576866600] CURRENT SERVICE STATE: localhost;Current Users;OK;HARD;1;USERS OK - 0 users currently logged in
[1576866600] CURRENT SERVICE STATE: localhost;PING;OK;HARD;1;PING OK - Packet loss = 0%, RTA = 0.04 ms
[1576866600] CURRENT SERVICE STATE: localhost;Root Partition;OK;HARD;1;DISK OK - free space: / 42838 MB (83.70% inode=99%):
[1576866600] CURRENT SERVICE STATE: localhost;SSH;OK;HARD;1;SSH OK - OpenSSH_7.4 (protocol 2.0)
[1576866600] CURRENT SERVICE STATE: localhost;Swap Usage;OK;HARD;1;SWAP OK - 100% free (3967 MB out of 3967 MB)
[1576866600] CURRENT SERVICE STATE: localhost;Total Processes;OK;HARD;1;PROCS OK: 90 processes with STATE = RSZDT
[1576866600] CURRENT SERVICE STATE: vmware10gswitch;check-host-alive;OK;HARD;1;PING OK - Packet loss = 0%, RTA = 1.92 ms
[1576866600] CURRENT SERVICE STATE: vmwaremgmtswitch;check-host-alive;OK;HARD;1;PING OK - Packet loss = 0%, RTA = 1.02 ms
[1576868885] Auto-save of retention data completed successfully.
[1576872485] Auto-save of retention data completed successfully.
[1576876085] Auto-save of retention data completed successfully.
[1576879685] Auto-save of retention data completed successfully.
[1576883285] Auto-save of retention data completed successfully.
[1576886885] Auto-save of retention data completed successfully.
[1576890485] Auto-save of retention data completed successfully.
[1576894085] Auto-save of retention data completed successfully.
[1576897685] Auto-save of retention data completed successfully.
[1576901285] Auto-save of retention data completed successfully.
[1576903079] wproc: Core Worker 22690: job 32800 (pid=724) timed out. Killing it
[1576903079] wproc: CHECK job 32800 from worker Core Worker 22690 timed out after 30.03s
[1576903079] wproc:   host=Director_Bldg; service=(null);
[1576903079] wproc:   early_timeout=1; exited_ok=0; wait_status=0; error_code=62;
[1576903079] Warning: Check of host 'Director_Bldg' timed out after 30.03 seconds
[1576903079] HOST ALERT: Director_Bldg;DOWN;SOFT;1;(Host check timed out after 30.03 seconds)
[1576903080] wproc: Core Worker 22690: job 32800 (pid=724): Dormant child reaped
[1576903169] wproc: Core Worker 22691: job 32802 (pid=751) timed out. Killing it
[1576903169] wproc: CHECK job 32802 from worker Core Worker 22691 timed out after 30.00s
[1576903169] wproc:   host=Director_Bldg; service=(null);
[1576903169] wproc:   early_timeout=1; exited_ok=0; wait_status=0; error_code=62;
[1576903169] Warning: Check of host 'Director_Bldg' timed out after 30.00 seconds
[1576903169] HOST ALERT: Director_Bldg;DOWN;SOFT;2;(Host check timed out after 30.00 seconds)
[1576903170] wproc: Core Worker 22691: job 32802 (pid=751): Dormant child reaped
[1576903181] SERVICE ALERT: Director_Bldg;check-host-alive;CRITICAL;HARD;1;CRITICAL - Plugin timed out
[1576903259] wproc: Core Worker 22689: job 32806 (pid=982) timed out. Killing it
[1576903259] wproc: CHECK job 32806 from worker Core Worker 22689 timed out after 30.00s
[1576903259] wproc:   host=Director_Bldg; service=(null);
[1576903259] wproc:   early_timeout=1; exited_ok=0; wait_status=0; error_code=62;
[1576903259] Warning: Check of host 'Director_Bldg' timed out after 30.00 seconds
[1576903259] HOST ALERT: Director_Bldg;DOWN;SOFT;3;(Host check timed out after 30.00 seconds)
[1576903260] wproc: Core Worker 22689: job 32806 (pid=982): Dormant child reaped
[1576903349] wproc: Core Worker 22692: job 32807 (pid=1012) timed out. Killing it
[1576903349] wproc: CHECK job 32807 from worker Core Worker 22692 timed out after 30.00s
[1576903349] wproc:   host=Director_Bldg; service=(null);
[1576903349] wproc:   early_timeout=1; exited_ok=0; wait_status=0; error_code=62;
[1576903349] Warning: Check of host 'Director_Bldg' timed out after 30.00 seconds
[1576903349] HOST ALERT: Director_Bldg;DOWN;SOFT;4;(Host check timed out after 30.00 seconds)
[1576903350] wproc: Core Worker 22692: job 32807 (pid=1012): Dormant child reaped
[1576903439] wproc: Core Worker 22691: job 32812 (pid=1075) timed out. Killing it
[1576903439] wproc: CHECK job 32812 from worker Core Worker 22691 timed out after 30.03s
[1576903439] wproc:   host=Director_Bldg; service=(null);
[1576903439] wproc:   early_timeout=1; exited_ok=0; wait_status=0; error_code=62;
[1576903439] Warning: Check of host 'Director_Bldg' timed out after 30.03 seconds
[1576903439] HOST ALERT: Director_Bldg;DOWN;SOFT;5;(Host check timed out after 30.03 seconds)
[1576903440] wproc: Core Worker 22691: job 32812 (pid=1075): Dormant child reaped
[1576903529] wproc: Core Worker 22690: job 32814 (pid=1099) timed out. Killing it
[1576903529] wproc: CHECK job 32814 from worker Core Worker 22690 timed out after 30.01s
[1576903529] wproc:   host=Director_Bldg; service=(null);
[1576903529] wproc:   early_timeout=1; exited_ok=0; wait_status=0; error_code=62;
[1576903529] Warning: Check of host 'Director_Bldg' timed out after 30.01 seconds
[1576903529] HOST ALERT: Director_Bldg;DOWN;SOFT;6;(Host check timed out after 30.01 seconds)
[1576903530] wproc: Core Worker 22690: job 32814 (pid=1099): Dormant child reaped
[1576903619] wproc: Core Worker 22690: job 32815 (pid=1261) timed out. Killing it
[1576903619] wproc: CHECK job 32815 from worker Core Worker 22690 timed out after 30.03s
[1576903619] wproc:   host=Director_Bldg; service=(null);
[1576903619] wproc:   early_timeout=1; exited_ok=0; wait_status=0; error_code=62;
[1576903619] Warning: Check of host 'Director_Bldg' timed out after 30.03 seconds
[1576903619] HOST ALERT: Director_Bldg;DOWN;SOFT;7;(Host check timed out after 30.03 seconds)
[1576903620] wproc: Core Worker 22690: job 32815 (pid=1261): Dormant child reaped
[1576903709] wproc: Core Worker 22692: job 32820 (pid=1321) timed out. Killing it
[1576903709] wproc: CHECK job 32820 from worker Core Worker 22692 timed out after 30.01s
[1576903709] wproc:   host=Director_Bldg; service=(null);
[1576903709] wproc:   early_timeout=1; exited_ok=0; wait_status=0; error_code=62;
[1576903709] Warning: Check of host 'Director_Bldg' timed out after 30.01 seconds
[1576903709] HOST ALERT: Director_Bldg;DOWN;SOFT;8;(Host check timed out after 30.01 seconds)
[1576903710] wproc: Core Worker 22692: job 32820 (pid=1321): Dormant child reaped
[1576903799] wproc: Core Worker 22691: job 32823 (pid=1359) timed out. Killing it
[1576903799] wproc: CHECK job 32823 from worker Core Worker 22691 timed out after 30.01s
[1576903799] wproc:   host=Director_Bldg; service=(null);
[1576903799] wproc:   early_timeout=1; exited_ok=0; wait_status=0; error_code=62;
[1576903799] Warning: Check of host 'Director_Bldg' timed out after 30.01 seconds
[1576903799] HOST ALERT: Director_Bldg;DOWN;SOFT;9;(Host check timed out after 30.01 seconds)
[1576903800] wproc: Core Worker 22691: job 32823 (pid=1359): Dormant child reaped
[1576903890] wproc: Core Worker 22690: job 32826 (pid=1528) timed out. Killing it
[1576903890] wproc: CHECK job 32826 from worker Core Worker 22690 timed out after 30.03s
[1576903890] wproc:   host=Director_Bldg; service=(null);
[1576903890] wproc:   early_timeout=1; exited_ok=0; wait_status=0; error_code=62;
[1576903890] Warning: Check of host 'Director_Bldg' timed out after 30.03 seconds
[1576903890] HOST NOTIFICATION: nagiosadmin;Director_Bldg;DOWN;notify-host-by-email;(Host check timed out after 30.03 seconds)
[1576903890] HOST ALERT: Director_Bldg;DOWN;HARD;10;(Host check timed out after 30.03 seconds)
[1576903890] wproc: Core Worker 22690: job 32826 (pid=1528): Dormant child reaped
[1576904220] wproc: Core Worker 22689: job 32835 (pid=1790) timed out. Killing it
[1576904220] wproc: CHECK job 32835 from worker Core Worker 22689 timed out after 30.03s
[1576904220] wproc:   host=Director_Bldg; service=(null);
[1576904220] wproc:   early_timeout=1; exited_ok=0; wait_status=0; error_code=62;
[1576904220] Warning: Check of host 'Director_Bldg' timed out after 30.03 seconds
[1576904220] wproc: Core Worker 22689: job 32835 (pid=1790): Dormant child reaped
[1576904520] wproc: Core Worker 22690: job 32846 (pid=2056) timed out. Killing it
[1576904520] wproc: CHECK job 32846 from worker Core Worker 22690 timed out after 30.03s
[1576904520] wproc:   host=Director_Bldg; service=(null);
[1576904520] wproc:   early_timeout=1; exited_ok=0; wait_status=0; error_code=62;
[1576904520] Warning: Check of host 'Director_Bldg' timed out after 30.03 seconds
[1576904520] wproc: Core Worker 22690: job 32846 (pid=2056): Dormant child reaped
[1576904820] wproc: Core Worker 22689: job 32854 (pid=2293) timed out. Killing it
[1576904820] wproc: CHECK job 32854 from worker Core Worker 22689 timed out after 30.03s
[1576904820] wproc:   host=Director_Bldg; service=(null);
[1576904820] wproc:   early_timeout=1; exited_ok=0; wait_status=0; error_code=62;
[1576904820] Warning: Check of host 'Director_Bldg' timed out after 30.03 seconds
[1576904820] wproc: Core Worker 22689: job 32854 (pid=2293): Dormant child reaped
[1576904885] Auto-save of retention data completed successfully.
[1576905094] HOST NOTIFICATION: nagiosadmin;Director_Bldg;UP;notify-host-by-email;PING OK - Packet loss = 0%, RTA = 0.62 ms
[1576905094] HOST ALERT: Director_Bldg;UP;HARD;1;PING OK - Packet loss = 0%, RTA = 0.62 ms
[1576905554] SERVICE ALERT: Director_Bldg;check-host-alive;OK;SOFT;1;PING OK - Packet loss = 0%, RTA = 0.61 ms
[1576908485] Auto-save of retention data completed successfully.
[1576912085] Auto-save of retention data completed successfully.
[1576915685] Auto-save of retention data completed successfully.
[1576919285] Auto-save of retention data completed successfully.
[1576922885] Auto-save of retention data completed successfully.
[1576926485] Auto-save of retention data completed successfully.
[1576930085] Auto-save of retention data completed successfully.
[1576933685] Auto-save of retention data completed successfully.
[1576937285] Auto-save of retention data completed successfully.
[1576940885] Auto-save of retention data completed successfully.
[1576944485] Auto-save of retention data completed successfully.
[1576948085] Auto-save of retention data completed successfully.
[1576951685] Auto-save of retention data completed successfully.
