[1543343400] LOG ROTATION: DAILY
[1543343400] LOG VERSION: 2.0
[1543343400] CURRENT HOST STATE: localhost;UP;HARD;1;PING OK - Packet loss = 0%, RTA = 0.03 ms
[1543343400] CURRENT HOST STATE: localhost.localdomain;DOWN;HARD;10;CRITICAL - Host Unreachable (10.5.5.15)
[1543343400] CURRENT HOST STATE: router1;UP;HARD;1;PING OK - Packet loss = 0%, RTA = 0.66 ms
[1543343400] CURRENT HOST STATE: router2;UP;HARD;1;PING OK - Packet loss = 0%, RTA = 0.82 ms
[1543343400] CURRENT HOST STATE: router3;UP;HARD;1;PING OK - Packet loss = 0%, RTA = 0.71 ms
[1543343400] CURRENT SERVICE STATE: localhost;Current Load;OK;HARD;1;OK - load average: 0.00, 0.01, 0.05
[1543343400] CURRENT SERVICE STATE: localhost;Current Users;OK;HARD;1;USERS OK - 0 users currently logged in
[1543343400] CURRENT SERVICE STATE: localhost;HTTP;WARNING;HARD;4;HTTP WARNING: HTTP/1.1 403 Forbidden - 5179 bytes in 0.001 second response time
[1543343400] CURRENT SERVICE STATE: localhost;PING;OK;HARD;1;PING OK - Packet loss = 0%, RTA = 0.03 ms
[1543343400] CURRENT SERVICE STATE: localhost;Root Partition;OK;HARD;1;DISK OK - free space: / 45529 MB (88.96% inode=99%):
[1543343400] CURRENT SERVICE STATE: localhost;SSH;OK;HARD;1;SSH OK - OpenSSH_7.4 (protocol 2.0)
[1543343400] CURRENT SERVICE STATE: localhost;Swap Usage;OK;HARD;1;SWAP OK - 100% free (3967 MB out of 3967 MB)
[1543343400] CURRENT SERVICE STATE: localhost;Total Processes;OK;HARD;1;PROCS OK: 79 processes with STATE = RSZDT
[1543343400] CURRENT SERVICE STATE: localhost.localdomain;Current Load;OK;HARD;1;OK - load average: 0.00, 0.04, 0.20
[1543343400] CURRENT SERVICE STATE: localhost.localdomain;Current Users;OK;HARD;1;USERS OK - 2 users currently logged in
[1543343400] CURRENT SERVICE STATE: localhost.localdomain;HTTP;CRITICAL;HARD;4;connect to address 10.5.5.15 and port 80: No route to host
[1543343400] CURRENT SERVICE STATE: localhost.localdomain;PING;CRITICAL;HARD;4;CRITICAL - Host Unreachable (10.5.5.15)
[1543343400] CURRENT SERVICE STATE: localhost.localdomain;Root Partition;OK;HARD;1;DISK OK - free space: / 45529 MB (88.96% inode=99%):
[1543343400] CURRENT SERVICE STATE: localhost.localdomain;SSH;CRITICAL;HARD;4;connect to address 10.5.5.15 and port 22: No route to host
[1543343400] CURRENT SERVICE STATE: localhost.localdomain;Swap Usage;OK;HARD;1;SWAP OK - 100% free (3967 MB out of 3967 MB)
[1543343400] CURRENT SERVICE STATE: localhost.localdomain;Total Processes;OK;HARD;1;PROCS OK: 79 processes with STATE = RSZDT
[1543343400] CURRENT SERVICE STATE: router1;check-host-alive;OK;HARD;1;PING OK - Packet loss = 0%, RTA = 0.66 ms
[1543343400] CURRENT SERVICE STATE: router2;check-host-alive;OK;HARD;1;PING OK - Packet loss = 0%, RTA = 0.79 ms
[1543343400] CURRENT SERVICE STATE: router3;check-host-alive;OK;HARD;1;PING OK - Packet loss = 0%, RTA = 0.76 ms
[1543345720] Auto-save of retention data completed successfully.
[1543349320] Auto-save of retention data completed successfully.
[1543352920] Auto-save of retention data completed successfully.
[1543356520] Auto-save of retention data completed successfully.
[1543360120] Auto-save of retention data completed successfully.
[1543363720] Auto-save of retention data completed successfully.
[1543367320] Auto-save of retention data completed successfully.
[1543370920] Auto-save of retention data completed successfully.
[1543374520] Auto-save of retention data completed successfully.
[1543378120] Auto-save of retention data completed successfully.
[1543381720] Auto-save of retention data completed successfully.
[1543385320] Auto-save of retention data completed successfully.
[1543388920] Auto-save of retention data completed successfully.
[1543392520] Auto-save of retention data completed successfully.
[1543396120] Auto-save of retention data completed successfully.
[1543399720] Auto-save of retention data completed successfully.
[1543403320] Auto-save of retention data completed successfully.
[1543406920] Auto-save of retention data completed successfully.
[1543410520] Auto-save of retention data completed successfully.
[1543414120] Auto-save of retention data completed successfully.
[1543417720] Auto-save of retention data completed successfully.
[1543421320] Auto-save of retention data completed successfully.
[1543424920] Auto-save of retention data completed successfully.
[1543428520] Auto-save of retention data completed successfully.
