[1541615400] LOG ROTATION: DAILY
[1541615400] LOG VERSION: 2.0
[1541615400] CURRENT HOST STATE: localhost;UP;HARD;1;PING OK - Packet loss = 0%, RTA = 0.04 ms
[1541615400] CURRENT HOST STATE: localhost.localdomain;DOWN;HARD;10;CRITICAL - Host Unreachable (10.5.5.15)
[1541615400] CURRENT HOST STATE: router1;UP;HARD;1;PING OK - Packet loss = 0%, RTA = 0.61 ms
[1541615400] CURRENT HOST STATE: router2;UP;HARD;1;PING OK - Packet loss = 0%, RTA = 0.82 ms
[1541615400] CURRENT HOST STATE: router3;UP;HARD;1;PING OK - Packet loss = 0%, RTA = 0.74 ms
[1541615400] CURRENT SERVICE STATE: localhost;Current Load;OK;HARD;1;OK - load average: 0.00, 0.01, 0.05
[1541615400] CURRENT SERVICE STATE: localhost;Current Users;OK;HARD;1;USERS OK - 0 users currently logged in
[1541615400] CURRENT SERVICE STATE: localhost;HTTP;WARNING;HARD;4;HTTP WARNING: HTTP/1.1 403 Forbidden - 5179 bytes in 0.001 second response time
[1541615400] CURRENT SERVICE STATE: localhost;PING;OK;HARD;1;PING OK - Packet loss = 0%, RTA = 0.04 ms
[1541615400] CURRENT SERVICE STATE: localhost;Root Partition;OK;HARD;1;DISK OK - free space: / 46735 MB (91.32% inode=99%):
[1541615400] CURRENT SERVICE STATE: localhost;SSH;OK;HARD;1;SSH OK - OpenSSH_7.4 (protocol 2.0)
[1541615400] CURRENT SERVICE STATE: localhost;Swap Usage;OK;HARD;1;SWAP OK - 100% free (3967 MB out of 3967 MB)
[1541615400] CURRENT SERVICE STATE: localhost;Total Processes;OK;HARD;1;PROCS OK: 80 processes with STATE = RSZDT
[1541615400] CURRENT SERVICE STATE: localhost.localdomain;Current Load;OK;HARD;1;OK - load average: 0.00, 0.04, 0.20
[1541615400] CURRENT SERVICE STATE: localhost.localdomain;Current Users;OK;HARD;1;USERS OK - 2 users currently logged in
[1541615400] CURRENT SERVICE STATE: localhost.localdomain;HTTP;CRITICAL;HARD;4;connect to address 10.5.5.15 and port 80: No route to host
[1541615400] CURRENT SERVICE STATE: localhost.localdomain;PING;CRITICAL;HARD;4;CRITICAL - Host Unreachable (10.5.5.15)
[1541615400] CURRENT SERVICE STATE: localhost.localdomain;Root Partition;OK;HARD;1;DISK OK - free space: / 46735 MB (91.32% inode=99%):
[1541615400] CURRENT SERVICE STATE: localhost.localdomain;SSH;CRITICAL;HARD;4;connect to address 10.5.5.15 and port 22: No route to host
[1541615400] CURRENT SERVICE STATE: localhost.localdomain;Swap Usage;OK;HARD;1;SWAP OK - 100% free (3967 MB out of 3967 MB)
[1541615400] CURRENT SERVICE STATE: localhost.localdomain;Total Processes;OK;HARD;1;PROCS OK: 79 processes with STATE = RSZDT
[1541615400] CURRENT SERVICE STATE: router1;check-host-alive;OK;HARD;1;PING OK - Packet loss = 0%, RTA = 0.66 ms
[1541615400] CURRENT SERVICE STATE: router2;check-host-alive;OK;HARD;1;PING OK - Packet loss = 0%, RTA = 0.79 ms
[1541615400] CURRENT SERVICE STATE: router3;check-host-alive;OK;HARD;1;PING OK - Packet loss = 0%, RTA = 0.77 ms
[1541617731] Auto-save of retention data completed successfully.
[1541621331] Auto-save of retention data completed successfully.
[1541624931] Auto-save of retention data completed successfully.
[1541628531] Auto-save of retention data completed successfully.
[1541632131] Auto-save of retention data completed successfully.
[1541635731] Auto-save of retention data completed successfully.
[1541639331] Auto-save of retention data completed successfully.
[1541642931] Auto-save of retention data completed successfully.
[1541646531] Auto-save of retention data completed successfully.
[1541650131] Auto-save of retention data completed successfully.
[1541653731] Auto-save of retention data completed successfully.
[1541657331] Auto-save of retention data completed successfully.
[1541660931] Auto-save of retention data completed successfully.
[1541664531] Auto-save of retention data completed successfully.
[1541668131] Auto-save of retention data completed successfully.
[1541671731] Auto-save of retention data completed successfully.
[1541675331] Auto-save of retention data completed successfully.
[1541678931] Auto-save of retention data completed successfully.
[1541682531] Auto-save of retention data completed successfully.
[1541686131] Auto-save of retention data completed successfully.
[1541689731] Auto-save of retention data completed successfully.
[1541693331] Auto-save of retention data completed successfully.
[1541696931] Auto-save of retention data completed successfully.
[1541700531] Auto-save of retention data completed successfully.
