[1652985000] LOG ROTATION: DAILY
[1652985000] LOG VERSION: 2.0
[1652985000] CURRENT HOST STATE: AP_Main_Bldg;DOWN;HARD;10;CRITICAL - Host Unreachable (10.3.1.25)
[1652985000] CURRENT HOST STATE: Director_Bldg;UP;HARD;1;PING OK - Packet loss = 0%, RTA = 0.64 ms
[1652985000] CURRENT HOST STATE: Director_Resident;UP;HARD;1;PING OK - Packet loss = 0%, RTA = 0.34 ms
[1652985000] CURRENT HOST STATE: Switch_29;UP;HARD;1;PING OK - Packet loss = 0%, RTA = 2.73 ms
[1652985000] CURRENT HOST STATE: Switch_30;UP;HARD;1;PING OK - Packet loss = 0%, RTA = 4.65 ms
[1652985000] CURRENT HOST STATE: Switch_31;UP;HARD;1;PING OK - Packet loss = 0%, RTA = 4.29 ms
[1652985000] CURRENT HOST STATE: Switch_32;UP;HARD;1;PING OK - Packet loss = 0%, RTA = 1.45 ms
[1652985000] CURRENT HOST STATE: Switch_33;UP;HARD;1;PING OK - Packet loss = 0%, RTA = 1.94 ms
[1652985000] CURRENT HOST STATE: Switch_34;UP;HARD;1;PING OK - Packet loss = 0%, RTA = 6.53 ms
[1652985000] CURRENT HOST STATE: esxi01;UP;HARD;1;PING OK - Packet loss = 0%, RTA = 0.43 ms
[1652985000] CURRENT HOST STATE: esxi02;UP;HARD;1;PING OK - Packet loss = 0%, RTA = 0.98 ms
[1652985000] CURRENT HOST STATE: esxi03;UP;HARD;1;PING OK - Packet loss = 0%, RTA = 0.47 ms
[1652985000] CURRENT HOST STATE: esxi04;UP;HARD;1;PING OK - Packet loss = 0%, RTA = 0.53 ms
[1652985000] CURRENT HOST STATE: esxi05;UP;HARD;1;PING OK - Packet loss = 0%, RTA = 0.46 ms
[1652985000] CURRENT HOST STATE: esxi06;UP;HARD;1;PING OK - Packet loss = 0%, RTA = 0.62 ms
[1652985000] CURRENT HOST STATE: esxi07;UP;HARD;1;PING OK - Packet loss = 0%, RTA = 0.61 ms
[1652985000] CURRENT HOST STATE: esxi08;UP;HARD;1;PING OK - Packet loss = 0%, RTA = 0.47 ms
[1652985000] CURRENT HOST STATE: esxi09;UP;HARD;1;PING OK - Packet loss = 0%, RTA = 0.48 ms
[1652985000] CURRENT HOST STATE: localhost;UP;HARD;1;PING OK - Packet loss = 0%, RTA = 0.06 ms
[1652985000] CURRENT HOST STATE: vmware10gswitch;UP;HARD;1;PING OK - Packet loss = 0%, RTA = 1.39 ms
[1652985000] CURRENT HOST STATE: vmwaremgmtswitch;UP;HARD;1;PING OK - Packet loss = 0%, RTA = 1.51 ms
[1652985000] CURRENT SERVICE STATE: AP_Main_Bldg;check-host-alive;CRITICAL;HARD;3;CRITICAL - Host Unreachable (10.3.1.25)
[1652985000] CURRENT SERVICE STATE: Director_Bldg;check-host-alive;OK;HARD;1;PING OK - Packet loss = 0%, RTA = 0.58 ms
[1652985000] CURRENT SERVICE STATE: Director_Resident;check-host-alive;OK;HARD;1;PING OK - Packet loss = 0%, RTA = 0.29 ms
[1652985000] CURRENT SERVICE STATE: Switch_29;check-host-alive;OK;HARD;1;PING OK - Packet loss = 0%, RTA = 1.02 ms
[1652985000] CURRENT SERVICE STATE: Switch_30;check-host-alive;OK;HARD;1;PING OK - Packet loss = 0%, RTA = 0.84 ms
[1652985000] CURRENT SERVICE STATE: Switch_31;check-host-alive;OK;HARD;1;PING OK - Packet loss = 0%, RTA = 11.35 ms
[1652985000] CURRENT SERVICE STATE: Switch_32;check-host-alive;OK;HARD;1;PING OK - Packet loss = 0%, RTA = 2.91 ms
[1652985000] CURRENT SERVICE STATE: Switch_33;check-host-alive;OK;HARD;1;PING OK - Packet loss = 0%, RTA = 2.50 ms
[1652985000] CURRENT SERVICE STATE: Switch_34;check-host-alive;OK;HARD;1;PING OK - Packet loss = 0%, RTA = 2.61 ms
[1652985000] CURRENT SERVICE STATE: esxi01;ESXi Hardware Check;OK;HARD;1;OK - Server: Cisco Systems Inc UCSC-C220-M4S s/n: FCH22157EQH Chassis S/N: FCH2216V0WN  System BIOS: C220M4.4.1.2c.0.0202211901 2021-02-02
[1652985000] CURRENT SERVICE STATE: esxi01;PING;OK;HARD;1;PING OK - Packet loss = 0%, RTA = 0.51 ms
[1652985000] CURRENT SERVICE STATE: esxi02;ESXi Hardware Check;OK;HARD;1;OK - Server: Cisco Systems Inc UCSC-C220-M4S s/n: FCH22157E1D Chassis S/N: FCH2216V0Y6  System BIOS: C220M4.4.1.2c.0.0202211901 2021-02-02
[1652985000] CURRENT SERVICE STATE: esxi02;PING;OK;HARD;1;PING OK - Packet loss = 0%, RTA = 0.49 ms
[1652985000] CURRENT SERVICE STATE: esxi03;ESXi Hardware Check;UNKNOWN;HARD;3;UNKNOWN: (0, 'Socket error: [Errno 111] Connection refused')
[1652985000] CURRENT SERVICE STATE: esxi03;PING;OK;HARD;1;PING OK - Packet loss = 0%, RTA = 0.50 ms
[1652985000] CURRENT SERVICE STATE: esxi04;ESXi Hardware Check;OK;HARD;1;OK - Server: Cisco Systems Inc UCSC-C220-M4S s/n: FCH20177WVC Chassis S/N: FCH2018V06M  System BIOS: C220M4.4.1.2c.0.0202211901 2021-02-02
[1652985000] CURRENT SERVICE STATE: esxi04;PING;OK;HARD;1;PING OK - Packet loss = 0%, RTA = 0.60 ms
[1652985000] CURRENT SERVICE STATE: esxi05;ESXi Hardware Check;OK;HARD;1;OK - Server: Cisco Systems Inc UCSC-C220-M4S s/n: FCH22157EPD Chassis S/N: FCH2216V0Z0  System BIOS: C220M4.4.1.2c.0.0202211901 2021-02-02
[1652985000] CURRENT SERVICE STATE: esxi05;PING;OK;HARD;1;PING OK - Packet loss = 0%, RTA = 0.54 ms
[1652985000] CURRENT SERVICE STATE: esxi06;ESXi Haradware Check;OK;HARD;1;OK - Server: Cisco Systems Inc UCSC-C220-M4S s/n: FCH22157ERW Chassis S/N: FCH2216V0X8  System BIOS: C220M4.4.1.2c.0.0202211901 2021-02-02
[1652985000] CURRENT SERVICE STATE: esxi06;PING;OK;HARD;1;PING OK - Packet loss = 0%, RTA = 0.52 ms
[1652985000] CURRENT SERVICE STATE: esxi07;ESXi Hardware Check;OK;HARD;1;OK - Server: Cisco Systems Inc UCSC-C220-M4S s/n: FCH22157EV7 Chassis S/N: FCH2216V0Y8  System BIOS: C220M4.4.1.2c.0.0202211901 2021-02-02
[1652985000] CURRENT SERVICE STATE: esxi07;PING;OK;HARD;1;PING OK - Packet loss = 0%, RTA = 0.55 ms
[1652985000] CURRENT SERVICE STATE: esxi08;ESXi Hardware Check;OK;HARD;1;OK - Server: Cisco Systems Inc UCSC-C220-M4S s/n: FCH22137QJN Chassis S/N: FCH2216V0YV  System BIOS: C220M4.4.1.2c.0.0202211901 2021-02-02
[1652985000] CURRENT SERVICE STATE: esxi08;PING;OK;HARD;1;PING OK - Packet loss = 0%, RTA = 0.52 ms
[1652985000] CURRENT SERVICE STATE: esxi09;ESXi Hardware Check;OK;HARD;1;OK - Server: Cisco Systems Inc UCSC-C220-M4S s/n: FCH22157ERY Chassis S/N: FCH2216V0YN  System BIOS: C220M4.4.1.2c.0.0202211901 2021-02-02
[1652985000] CURRENT SERVICE STATE: esxi09;PING;OK;HARD;1;PING OK - Packet loss = 0%, RTA = 0.51 ms
[1652985000] CURRENT SERVICE STATE: localhost;Current Load;OK;HARD;1;OK - load average: 0.19, 0.07, 0.02
[1652985000] CURRENT SERVICE STATE: localhost;Current Users;OK;HARD;1;USERS OK - 0 users currently logged in
[1652985000] CURRENT SERVICE STATE: localhost;PING;OK;HARD;1;PING OK - Packet loss = 0%, RTA = 0.04 ms
[1652985000] CURRENT SERVICE STATE: localhost;Root Partition;OK;HARD;1;DISK OK - free space: / 42455 MB (82.96% inode=99%):
[1652985000] CURRENT SERVICE STATE: localhost;SSH;OK;HARD;1;SSH OK - OpenSSH_7.4 (protocol 2.0)
[1652985000] CURRENT SERVICE STATE: localhost;Swap Usage;OK;HARD;1;SWAP OK - 100% free (3967 MB out of 3967 MB)
[1652985000] CURRENT SERVICE STATE: localhost;Total Processes;OK;HARD;1;PROCS OK: 114 processes with STATE = RSZDT
[1652985000] CURRENT SERVICE STATE: vmware10gswitch;check-host-alive;OK;HARD;1;PING OK - Packet loss = 0%, RTA = 1.21 ms
[1652985000] CURRENT SERVICE STATE: vmwaremgmtswitch;check-host-alive;OK;HARD;1;PING OK - Packet loss = 0%, RTA = 3.15 ms
[1652988055] SERVICE NOTIFICATION: nagiosadmin;esxi03;ESXi Hardware Check;UNKNOWN;notify-service-by-email;UNKNOWN: (0, 'Socket error: [Errno 111] Connection refused')
[1652988524] Auto-save of retention data completed successfully.
[1652991655] SERVICE NOTIFICATION: nagiosadmin;esxi03;ESXi Hardware Check;UNKNOWN;notify-service-by-email;UNKNOWN: (0, 'Socket error: [Errno 111] Connection refused')
[1652992124] Auto-save of retention data completed successfully.
[1652995255] SERVICE NOTIFICATION: nagiosadmin;esxi03;ESXi Hardware Check;UNKNOWN;notify-service-by-email;UNKNOWN: (0, 'Socket error: [Errno 111] Connection refused')
[1652995724] Auto-save of retention data completed successfully.
[1652998855] SERVICE NOTIFICATION: nagiosadmin;esxi03;ESXi Hardware Check;UNKNOWN;notify-service-by-email;UNKNOWN: (0, 'Socket error: [Errno 111] Connection refused')
[1652999324] Auto-save of retention data completed successfully.
[1653002455] SERVICE NOTIFICATION: nagiosadmin;esxi03;ESXi Hardware Check;UNKNOWN;notify-service-by-email;UNKNOWN: (0, 'Socket error: [Errno 111] Connection refused')
[1653002924] Auto-save of retention data completed successfully.
[1653006055] SERVICE NOTIFICATION: nagiosadmin;esxi03;ESXi Hardware Check;UNKNOWN;notify-service-by-email;UNKNOWN: (0, 'Socket error: [Errno 111] Connection refused')
[1653006524] Auto-save of retention data completed successfully.
[1653009655] SERVICE NOTIFICATION: nagiosadmin;esxi03;ESXi Hardware Check;UNKNOWN;notify-service-by-email;UNKNOWN: (0, 'Socket error: [Errno 111] Connection refused')
[1653010124] Auto-save of retention data completed successfully.
[1653013256] SERVICE NOTIFICATION: nagiosadmin;esxi03;ESXi Hardware Check;UNKNOWN;notify-service-by-email;UNKNOWN: (0, 'Socket error: [Errno 111] Connection refused')
[1653013724] Auto-save of retention data completed successfully.
[1653017324] Auto-save of retention data completed successfully.
[1653017455] SERVICE NOTIFICATION: nagiosadmin;esxi03;ESXi Hardware Check;UNKNOWN;notify-service-by-email;UNKNOWN: (0, 'Socket error: [Errno 111] Connection refused')
[1653020924] Auto-save of retention data completed successfully.
[1653021055] SERVICE NOTIFICATION: nagiosadmin;esxi03;ESXi Hardware Check;UNKNOWN;notify-service-by-email;UNKNOWN: (0, 'Socket error: [Errno 111] Connection refused')
[1653022536] SERVICE ALERT: esxi03;PING;CRITICAL;SOFT;1;CRITICAL - Plugin timed out
[1653022566] wproc: Core Worker 1301: job 122841 (pid=23657) timed out. Killing it
[1653022566] wproc: CHECK job 122841 from worker Core Worker 1301 timed out after 30.03s
[1653022566] wproc:   host=esxi03; service=(null);
[1653022566] wproc:   early_timeout=1; exited_ok=0; wait_status=0; error_code=62;
[1653022566] Warning: Check of host 'esxi03' timed out after 30.03 seconds
[1653022566] HOST ALERT: esxi03;DOWN;SOFT;1;(Host check timed out after 30.03 seconds)
[1653022566] wproc: Core Worker 1301: job 122841 (pid=23657): Dormant child reaped
[1653022607] SERVICE ALERT: esxi03;PING;CRITICAL;HARD;4;CRITICAL - Plugin timed out
[1653022656] wproc: Core Worker 1302: job 122843 (pid=23691) timed out. Killing it
[1653022656] wproc: CHECK job 122843 from worker Core Worker 1302 timed out after 30.02s
[1653022656] wproc:   host=esxi03; service=(null);
[1653022656] wproc:   early_timeout=1; exited_ok=0; wait_status=0; error_code=62;
[1653022656] Warning: Check of host 'esxi03' timed out after 30.02 seconds
[1653022656] HOST ALERT: esxi03;DOWN;SOFT;2;(Host check timed out after 30.02 seconds)
[1653022656] wproc: Core Worker 1302: job 122843 (pid=23691): Dormant child reaped
[1653022746] wproc: Core Worker 1300: job 122847 (pid=23725) timed out. Killing it
[1653022746] wproc: CHECK job 122847 from worker Core Worker 1300 timed out after 30.03s
[1653022746] wproc:   host=esxi03; service=(null);
[1653022746] wproc:   early_timeout=1; exited_ok=0; wait_status=0; error_code=62;
[1653022746] Warning: Check of host 'esxi03' timed out after 30.03 seconds
[1653022746] HOST ALERT: esxi03;DOWN;SOFT;3;(Host check timed out after 30.03 seconds)
[1653022746] wproc: Core Worker 1300: job 122847 (pid=23725): Dormant child reaped
[1653022808] HOST ALERT: esxi03;DOWN;SOFT;4;CRITICAL - Host Unreachable (10.5.5.53)
[1653022869] HOST ALERT: esxi03;DOWN;SOFT;5;CRITICAL - Host Unreachable (10.5.5.53)
[1653022930] HOST ALERT: esxi03;DOWN;SOFT;6;CRITICAL - Host Unreachable (10.5.5.53)
[1653022991] HOST ALERT: esxi03;DOWN;SOFT;7;CRITICAL - Host Unreachable (10.5.5.53)
[1653023055] HOST ALERT: esxi03;UP;SOFT;1;PING OK - Packet loss = 0%, RTA = 0.43 ms
[1653023200] SERVICE ALERT: esxi03;PING;OK;HARD;4;PING OK - Packet loss = 0%, RTA = 0.56 ms
[1653023672] EXTERNAL COMMAND: SCHEDULE_FORCED_SVC_CHECK;esxi03;ESXi Hardware Check;1653023843
[1653024524] Auto-save of retention data completed successfully.
[1653025032] EXTERNAL COMMAND: SCHEDULE_FORCED_SVC_CHECK;esxi03;ESXi Hardware Check;1653025204
[1653025212] SERVICE NOTIFICATION: nagiosadmin;esxi03;ESXi Hardware Check;OK;notify-service-by-email;OK - Server: Cisco Systems Inc UCSC-C220-M4S s/n: FCH22157ESB Chassis S/N: FCH2216V0TW  System BIOS: C220M4.4.1.2c.0.0202211901 2021-02-02
[1653025212] SERVICE ALERT: esxi03;ESXi Hardware Check;OK;HARD;3;OK - Server: Cisco Systems Inc UCSC-C220-M4S s/n: FCH22157ESB Chassis S/N: FCH2216V0TW  System BIOS: C220M4.4.1.2c.0.0202211901 2021-02-02
[1653028124] Auto-save of retention data completed successfully.
[1653031724] Auto-save of retention data completed successfully.
[1653035324] Auto-save of retention data completed successfully.
[1653038924] Auto-save of retention data completed successfully.
[1653042524] Auto-save of retention data completed successfully.
[1653046124] Auto-save of retention data completed successfully.
[1653049724] Auto-save of retention data completed successfully.
[1653053324] Auto-save of retention data completed successfully.
[1653056924] Auto-save of retention data completed successfully.
[1653060524] Auto-save of retention data completed successfully.
[1653064124] Auto-save of retention data completed successfully.
[1653067724] Auto-save of retention data completed successfully.
[1653071324] Auto-save of retention data completed successfully.
