[1576348200] LOG ROTATION: DAILY
[1576348200] LOG VERSION: 2.0
[1576348200] CURRENT HOST STATE: AP_Main_Bldg;UP;HARD;1;PING OK - Packet loss = 0%, RTA = 0.78 ms
[1576348200] CURRENT HOST STATE: Director_Bldg;UP;HARD;1;PING OK - Packet loss = 0%, RTA = 0.57 ms
[1576348200] CURRENT HOST STATE: Director_Resident;UP;HARD;1;PING OK - Packet loss = 0%, RTA = 0.60 ms
[1576348200] CURRENT HOST STATE: esxi01;UP;HARD;1;PING OK - Packet loss = 0%, RTA = 0.51 ms
[1576348200] CURRENT HOST STATE: esxi02;UP;HARD;1;PING OK - Packet loss = 0%, RTA = 1.46 ms
[1576348200] CURRENT HOST STATE: esxi03;UP;HARD;1;PING OK - Packet loss = 0%, RTA = 0.56 ms
[1576348200] CURRENT HOST STATE: esxi04;UP;HARD;1;PING OK - Packet loss = 0%, RTA = 0.53 ms
[1576348200] CURRENT HOST STATE: esxi05;UP;HARD;1;PING OK - Packet loss = 0%, RTA = 0.47 ms
[1576348200] CURRENT HOST STATE: esxi06;UP;HARD;1;PING OK - Packet loss = 0%, RTA = 0.80 ms
[1576348200] CURRENT HOST STATE: esxi07;UP;HARD;1;PING OK - Packet loss = 0%, RTA = 0.37 ms
[1576348200] CURRENT HOST STATE: esxi08;UP;HARD;1;PING OK - Packet loss = 0%, RTA = 0.44 ms
[1576348200] CURRENT HOST STATE: esxi09;UP;HARD;1;PING OK - Packet loss = 0%, RTA = 2.15 ms
[1576348200] CURRENT HOST STATE: localhost;UP;HARD;1;PING OK - Packet loss = 0%, RTA = 0.05 ms
[1576348200] CURRENT HOST STATE: vmware10gswitch;UP;HARD;1;PING OK - Packet loss = 0%, RTA = 1.37 ms
[1576348200] CURRENT HOST STATE: vmwaremgmtswitch;UP;HARD;1;PING OK - Packet loss = 0%, RTA = 0.81 ms
[1576348200] CURRENT SERVICE STATE: AP_Main_Bldg;check-host-alive;OK;HARD;1;PING OK - Packet loss = 0%, RTA = 0.73 ms
[1576348200] CURRENT SERVICE STATE: Director_Bldg;check-host-alive;OK;HARD;1;PING OK - Packet loss = 0%, RTA = 0.58 ms
[1576348200] CURRENT SERVICE STATE: Director_Resident;check-host-alive;OK;HARD;1;PING OK - Packet loss = 0%, RTA = 0.74 ms
[1576348200] CURRENT SERVICE STATE: esxi01;ESXi Hardware Check;OK;HARD;1;OK - Server: Cisco Systems Inc UCSC-C220-M4S s/n: FCH22157EQH Chassis S/N: FCH2216V0WN  System BIOS: C220M4.3.0.4a.0.0226182253 2018-02-26
[1576348200] CURRENT SERVICE STATE: esxi01;PING;OK;HARD;1;PING OK - Packet loss = 0%, RTA = 0.67 ms
[1576348200] CURRENT SERVICE STATE: esxi02;ESXi Hardware Check;OK;HARD;1;OK - Server: Cisco Systems Inc UCSC-C220-M4S s/n: FCH22157E1D Chassis S/N: FCH2216V0Y6  System BIOS: C220M4.3.0.4a.0.0226182253 2018-02-26
[1576348200] CURRENT SERVICE STATE: esxi02;PING;OK;HARD;1;PING OK - Packet loss = 0%, RTA = 0.54 ms
[1576348200] CURRENT SERVICE STATE: esxi03;ESXi Hardware Check;OK;HARD;1;OK - Server: Cisco Systems Inc UCSC-C220-M4S s/n: FCH22157ESB Chassis S/N: FCH2216V0TW  System BIOS: C220M4.3.0.4a.0.0226182253 2018-02-26
[1576348200] CURRENT SERVICE STATE: esxi03;PING;OK;HARD;1;PING OK - Packet loss = 0%, RTA = 0.45 ms
[1576348200] CURRENT SERVICE STATE: esxi04;ESXi Hardware Check;OK;HARD;1;OK - Server: Cisco Systems Inc UCSC-C220-M4S s/n: FCH22137QKB Chassis S/N: FCH2216V0YZ  System BIOS: C220M4.3.0.4a.0.0226182253 2018-02-26
[1576348200] CURRENT SERVICE STATE: esxi04;PING;OK;HARD;1;PING OK - Packet loss = 0%, RTA = 0.53 ms
[1576348200] CURRENT SERVICE STATE: esxi05;ESXi Hardware Check;OK;HARD;1;OK - Server: Cisco Systems Inc UCSC-C220-M4S s/n: FCH22157EPD Chassis S/N: FCH2216V0Z0  System BIOS: C220M4.3.0.4a.0.0226182253 2018-02-26
[1576348200] CURRENT SERVICE STATE: esxi05;PING;OK;HARD;1;PING OK - Packet loss = 0%, RTA = 0.52 ms
[1576348200] CURRENT SERVICE STATE: esxi06;ESXi Haradware Check;OK;HARD;1;OK - Server: Cisco Systems Inc UCSC-C220-M4S s/n: FCH22157ERW Chassis S/N: FCH2216V0X8  System BIOS: C220M4.3.0.4a.0.0226182253 2018-02-26
[1576348200] CURRENT SERVICE STATE: esxi06;PING;OK;HARD;1;PING OK - Packet loss = 0%, RTA = 0.51 ms
[1576348200] CURRENT SERVICE STATE: esxi07;ESXi Hardware Check;OK;HARD;1;OK - Server: Cisco Systems Inc UCSC-C220-M4S s/n: FCH22157EV7 Chassis S/N: FCH2216V0Y8  System BIOS: C220M4.3.0.4a.0.0226182253 2018-02-26
[1576348200] CURRENT SERVICE STATE: esxi07;PING;OK;HARD;1;PING OK - Packet loss = 0%, RTA = 0.57 ms
[1576348200] CURRENT SERVICE STATE: esxi08;ESXi Hardware Check;OK;HARD;1;OK - Server: Cisco Systems Inc UCSC-C220-M4S s/n: FCH22137QJN Chassis S/N: FCH2216V0YV  System BIOS: C220M4.3.0.4a.0.0226182253 2018-02-26
[1576348200] CURRENT SERVICE STATE: esxi08;PING;OK;HARD;1;PING OK - Packet loss = 0%, RTA = 2.59 ms
[1576348200] CURRENT SERVICE STATE: esxi09;ESXi Hardware Check;OK;HARD;1;OK - Server: Cisco Systems Inc UCSC-C220-M4S s/n: FCH22157ERY Chassis S/N: FCH2216V0YN  System BIOS: C220M4.3.0.4a.0.0226182253 2018-02-26
[1576348200] CURRENT SERVICE STATE: esxi09;PING;OK;HARD;1;PING OK - Packet loss = 0%, RTA = 0.58 ms
[1576348200] CURRENT SERVICE STATE: localhost;Current Load;OK;HARD;1;OK - load average: 0.00, 0.01, 0.05
[1576348200] CURRENT SERVICE STATE: localhost;Current Users;OK;HARD;1;USERS OK - 0 users currently logged in
[1576348200] CURRENT SERVICE STATE: localhost;PING;OK;HARD;1;PING OK - Packet loss = 0%, RTA = 0.04 ms
[1576348200] CURRENT SERVICE STATE: localhost;Root Partition;OK;HARD;1;DISK OK - free space: / 42838 MB (83.70% inode=99%):
[1576348200] CURRENT SERVICE STATE: localhost;SSH;OK;HARD;1;SSH OK - OpenSSH_7.4 (protocol 2.0)
[1576348200] CURRENT SERVICE STATE: localhost;Swap Usage;OK;HARD;1;SWAP OK - 100% free (3967 MB out of 3967 MB)
[1576348200] CURRENT SERVICE STATE: localhost;Total Processes;OK;HARD;1;PROCS OK: 82 processes with STATE = RSZDT
[1576348200] CURRENT SERVICE STATE: vmware10gswitch;check-host-alive;OK;HARD;1;PING OK - Packet loss = 0%, RTA = 1.37 ms
[1576348200] CURRENT SERVICE STATE: vmwaremgmtswitch;check-host-alive;OK;HARD;1;PING OK - Packet loss = 0%, RTA = 0.88 ms
[1576350485] Auto-save of retention data completed successfully.
[1576354085] Auto-save of retention data completed successfully.
[1576357685] Auto-save of retention data completed successfully.
[1576361285] Auto-save of retention data completed successfully.
[1576364885] Auto-save of retention data completed successfully.
[1576366659] SERVICE ALERT: esxi05;PING;WARNING;SOFT;1;PING WARNING - Packet loss = 20%, RTA = 0.48 ms
[1576366723] SERVICE ALERT: esxi05;PING;OK;SOFT;2;PING OK - Packet loss = 0%, RTA = 0.51 ms
[1576367088] SERVICE ALERT: esxi05;PING;WARNING;SOFT;1;PING WARNING - Packet loss = 40%, RTA = 0.53 ms
[1576367152] SERVICE ALERT: esxi05;PING;OK;SOFT;2;PING OK - Packet loss = 0%, RTA = 0.55 ms
[1576368485] Auto-save of retention data completed successfully.
[1576372085] Auto-save of retention data completed successfully.
[1576373392] SERVICE ALERT: esxi08;PING;WARNING;SOFT;1;PING WARNING - Packet loss = 20%, RTA = 0.38 ms
[1576373456] SERVICE ALERT: esxi08;PING;OK;SOFT;2;PING OK - Packet loss = 0%, RTA = 0.50 ms
[1576375685] Auto-save of retention data completed successfully.
[1576379285] Auto-save of retention data completed successfully.
[1576379517] SERVICE ALERT: esxi05;PING;WARNING;SOFT;1;PING WARNING - Packet loss = 20%, RTA = 0.47 ms
[1576379581] SERVICE ALERT: esxi05;PING;OK;SOFT;2;PING OK - Packet loss = 0%, RTA = 0.56 ms
[1576382821] SERVICE ALERT: esxi08;PING;CRITICAL;SOFT;1;PING CRITICAL - Packet loss = 60%, RTA = 0.53 ms
[1576382885] Auto-save of retention data completed successfully.
[1576382885] SERVICE ALERT: esxi08;PING;OK;SOFT;2;PING OK - Packet loss = 0%, RTA = 0.53 ms
[1576386246] SERVICE ALERT: esxi05;PING;WARNING;SOFT;1;PING WARNING - Packet loss = 20%, RTA = 0.56 ms
[1576386310] SERVICE ALERT: esxi05;PING;OK;SOFT;2;PING OK - Packet loss = 0%, RTA = 0.52 ms
[1576386485] Auto-save of retention data completed successfully.
[1576389250] SERVICE ALERT: esxi08;PING;WARNING;SOFT;1;PING WARNING - Packet loss = 20%, RTA = 0.46 ms
[1576389314] SERVICE ALERT: esxi08;PING;OK;SOFT;2;PING OK - Packet loss = 0%, RTA = 0.48 ms
[1576390085] Auto-save of retention data completed successfully.
[1576393685] Auto-save of retention data completed successfully.
[1576397285] Auto-save of retention data completed successfully.
[1576399575] SERVICE ALERT: esxi05;PING;WARNING;SOFT;1;PING WARNING - Packet loss = 20%, RTA = 0.54 ms
[1576399639] SERVICE ALERT: esxi05;PING;OK;SOFT;2;PING OK - Packet loss = 0%, RTA = 0.56 ms
[1576399879] SERVICE ALERT: esxi08;PING;WARNING;SOFT;1;PING WARNING - Packet loss = 20%, RTA = 0.46 ms
[1576399943] SERVICE ALERT: esxi08;PING;OK;SOFT;2;PING OK - Packet loss = 0%, RTA = 0.50 ms
[1576400885] Auto-save of retention data completed successfully.
[1576404485] Auto-save of retention data completed successfully.
[1576408085] Auto-save of retention data completed successfully.
[1576411108] SERVICE ALERT: esxi08;PING;WARNING;SOFT;1;PING WARNING - Packet loss = 20%, RTA = 0.54 ms
[1576411172] SERVICE ALERT: esxi08;PING;OK;SOFT;2;PING OK - Packet loss = 0%, RTA = 0.41 ms
[1576411685] Auto-save of retention data completed successfully.
[1576415285] Auto-save of retention data completed successfully.
[1576418885] Auto-save of retention data completed successfully.
[1576422485] Auto-save of retention data completed successfully.
[1576426085] Auto-save of retention data completed successfully.
[1576429685] Auto-save of retention data completed successfully.
[1576433285] Auto-save of retention data completed successfully.
