[1644517800] LOG ROTATION: DAILY
[1644517800] LOG VERSION: 2.0
[1644517800] CURRENT HOST STATE: AP_Main_Bldg;DOWN;HARD;10;CRITICAL - Host Unreachable (10.3.1.25)
[1644517800] CURRENT HOST STATE: Director_Bldg;UP;HARD;1;PING OK - Packet loss = 0%, RTA = 0.50 ms
[1644517800] CURRENT HOST STATE: Director_Resident;UP;HARD;1;PING OK - Packet loss = 0%, RTA = 0.29 ms
[1644517800] CURRENT HOST STATE: Switch_29;UP;HARD;1;PING OK - Packet loss = 0%, RTA = 2.17 ms
[1644517800] CURRENT HOST STATE: Switch_30;UP;HARD;1;PING OK - Packet loss = 0%, RTA = 2.16 ms
[1644517800] CURRENT HOST STATE: Switch_31;UP;HARD;1;PING OK - Packet loss = 0%, RTA = 1.18 ms
[1644517800] CURRENT HOST STATE: Switch_32;UP;HARD;1;PING OK - Packet loss = 0%, RTA = 1.63 ms
[1644517800] CURRENT HOST STATE: Switch_33;UP;HARD;1;PING OK - Packet loss = 0%, RTA = 2.96 ms
[1644517800] CURRENT HOST STATE: Switch_34;UP;HARD;1;PING OK - Packet loss = 0%, RTA = 0.79 ms
[1644517800] CURRENT HOST STATE: esxi01;UP;HARD;1;PING OK - Packet loss = 0%, RTA = 0.53 ms
[1644517800] CURRENT HOST STATE: esxi02;UP;HARD;1;PING OK - Packet loss = 0%, RTA = 0.37 ms
[1644517800] CURRENT HOST STATE: esxi03;UP;HARD;1;PING OK - Packet loss = 0%, RTA = 0.35 ms
[1644517800] CURRENT HOST STATE: esxi04;UP;HARD;1;PING OK - Packet loss = 0%, RTA = 0.38 ms
[1644517800] CURRENT HOST STATE: esxi05;UP;HARD;1;PING OK - Packet loss = 0%, RTA = 0.76 ms
[1644517800] CURRENT HOST STATE: esxi06;UP;HARD;1;PING OK - Packet loss = 0%, RTA = 0.31 ms
[1644517800] CURRENT HOST STATE: esxi07;UP;HARD;1;PING OK - Packet loss = 0%, RTA = 0.51 ms
[1644517800] CURRENT HOST STATE: esxi08;UP;HARD;1;PING OK - Packet loss = 0%, RTA = 0.30 ms
[1644517800] CURRENT HOST STATE: esxi09;UP;HARD;1;PING OK - Packet loss = 0%, RTA = 0.33 ms
[1644517800] CURRENT HOST STATE: localhost;UP;HARD;1;PING OK - Packet loss = 0%, RTA = 0.05 ms
[1644517800] CURRENT HOST STATE: vmware10gswitch;UP;HARD;1;PING OK - Packet loss = 0%, RTA = 1.30 ms
[1644517800] CURRENT HOST STATE: vmwaremgmtswitch;UP;HARD;1;PING OK - Packet loss = 0%, RTA = 3.60 ms
[1644517800] CURRENT SERVICE STATE: AP_Main_Bldg;check-host-alive;CRITICAL;HARD;3;CRITICAL - Host Unreachable (10.3.1.25)
[1644517800] CURRENT SERVICE STATE: Director_Bldg;check-host-alive;OK;HARD;1;PING OK - Packet loss = 0%, RTA = 0.56 ms
[1644517800] CURRENT SERVICE STATE: Director_Resident;check-host-alive;OK;HARD;1;PING OK - Packet loss = 0%, RTA = 0.30 ms
[1644517800] CURRENT SERVICE STATE: Switch_29;check-host-alive;OK;HARD;1;PING OK - Packet loss = 0%, RTA = 1.67 ms
[1644517800] CURRENT SERVICE STATE: Switch_30;check-host-alive;OK;HARD;1;PING OK - Packet loss = 0%, RTA = 1.70 ms
[1644517800] CURRENT SERVICE STATE: Switch_31;check-host-alive;OK;HARD;1;PING OK - Packet loss = 0%, RTA = 1.53 ms
[1644517800] CURRENT SERVICE STATE: Switch_32;check-host-alive;OK;HARD;1;PING OK - Packet loss = 0%, RTA = 3.33 ms
[1644517800] CURRENT SERVICE STATE: Switch_33;check-host-alive;OK;HARD;1;PING OK - Packet loss = 0%, RTA = 1.74 ms
[1644517800] CURRENT SERVICE STATE: Switch_34;check-host-alive;OK;HARD;1;PING OK - Packet loss = 0%, RTA = 2.82 ms
[1644517800] CURRENT SERVICE STATE: esxi01;ESXi Hardware Check;OK;HARD;1;OK - Server: Cisco Systems Inc UCSC-C220-M4S s/n: FCH22157EQH Chassis S/N: FCH2216V0WN  System BIOS: C220M4.3.0.4a.0.0226182253 2018-02-26
[1644517800] CURRENT SERVICE STATE: esxi01;PING;OK;HARD;1;PING OK - Packet loss = 0%, RTA = 0.56 ms
[1644517800] CURRENT SERVICE STATE: esxi02;ESXi Hardware Check;OK;HARD;1;OK - Server: Cisco Systems Inc UCSC-C220-M4S s/n: FCH22157E1D Chassis S/N: FCH2216V0Y6  System BIOS: C220M4.3.0.4a.0.0226182253 2018-02-26
[1644517800] CURRENT SERVICE STATE: esxi02;PING;OK;HARD;1;PING OK - Packet loss = 0%, RTA = 0.34 ms
[1644517800] CURRENT SERVICE STATE: esxi03;ESXi Hardware Check;OK;HARD;1;OK - Server: Cisco Systems Inc UCSC-C220-M4S s/n: FCH22157ESB Chassis S/N: FCH2216V0TW  System BIOS: C220M4.3.0.4a.0.0226182253 2018-02-26
[1644517800] CURRENT SERVICE STATE: esxi03;PING;OK;HARD;1;PING OK - Packet loss = 0%, RTA = 0.39 ms
[1644517800] CURRENT SERVICE STATE: esxi04;ESXi Hardware Check;OK;HARD;1;OK - Server: Cisco Systems Inc UCSC-C220-M4S s/n: FCH22137QKB Chassis S/N: FCH2216V0YZ  System BIOS: C220M4.3.0.4a.0.0226182253 2018-02-26
[1644517800] CURRENT SERVICE STATE: esxi04;PING;OK;HARD;1;PING OK - Packet loss = 0%, RTA = 0.41 ms
[1644517800] CURRENT SERVICE STATE: esxi05;ESXi Hardware Check;OK;HARD;1;OK - Server: Cisco Systems Inc UCSC-C220-M4S s/n: FCH22157EPD Chassis S/N: FCH2216V0Z0  System BIOS: C220M4.3.0.4a.0.0226182253 2018-02-26
[1644517800] CURRENT SERVICE STATE: esxi05;PING;OK;HARD;1;PING OK - Packet loss = 0%, RTA = 0.39 ms
[1644517800] CURRENT SERVICE STATE: esxi06;ESXi Haradware Check;OK;HARD;1;OK - Server: Cisco Systems Inc UCSC-C220-M4S s/n: FCH22157ERW Chassis S/N: FCH2216V0X8  System BIOS: C220M4.3.0.4a.0.0226182253 2018-02-26
[1644517800] CURRENT SERVICE STATE: esxi06;PING;OK;HARD;1;PING OK - Packet loss = 0%, RTA = 0.27 ms
[1644517800] CURRENT SERVICE STATE: esxi07;ESXi Hardware Check;OK;HARD;1;OK - Server: Cisco Systems Inc UCSC-C220-M4S s/n: FCH22157EV7 Chassis S/N: FCH2216V0Y8  System BIOS: C220M4.3.0.4a.0.0226182253 2018-02-26
[1644517800] CURRENT SERVICE STATE: esxi07;PING;OK;HARD;1;PING OK - Packet loss = 0%, RTA = 0.44 ms
[1644517800] CURRENT SERVICE STATE: esxi08;ESXi Hardware Check;OK;HARD;1;OK - Server: Cisco Systems Inc UCSC-C220-M4S s/n: FCH22137QJN Chassis S/N: FCH2216V0YV  System BIOS: C220M4.3.0.4a.0.0226182253 2018-02-26
[1644517800] CURRENT SERVICE STATE: esxi08;PING;OK;HARD;1;PING OK - Packet loss = 0%, RTA = 0.34 ms
[1644517800] CURRENT SERVICE STATE: esxi09;ESXi Hardware Check;OK;HARD;1;OK - Server: Cisco Systems Inc UCSC-C220-M4S s/n: FCH22157ERY Chassis S/N: FCH2216V0YN  System BIOS: C220M4.3.0.4a.0.0226182253 2018-02-26
[1644517800] CURRENT SERVICE STATE: esxi09;PING;OK;HARD;1;PING OK - Packet loss = 0%, RTA = 0.37 ms
[1644517800] CURRENT SERVICE STATE: localhost;Current Load;OK;HARD;1;OK - load average: 0.09, 0.04, 0.01
[1644517800] CURRENT SERVICE STATE: localhost;Current Users;OK;HARD;1;USERS OK - 0 users currently logged in
[1644517800] CURRENT SERVICE STATE: localhost;PING;OK;HARD;1;PING OK - Packet loss = 0%, RTA = 0.05 ms
[1644517800] CURRENT SERVICE STATE: localhost;Root Partition;OK;HARD;1;DISK OK - free space: / 42428 MB (82.90% inode=99%):
[1644517800] CURRENT SERVICE STATE: localhost;SSH;OK;HARD;1;SSH OK - OpenSSH_7.4 (protocol 2.0)
[1644517800] CURRENT SERVICE STATE: localhost;Swap Usage;OK;HARD;1;SWAP OK - 100% free (3967 MB out of 3967 MB)
[1644517800] CURRENT SERVICE STATE: localhost;Total Processes;OK;HARD;1;PROCS OK: 103 processes with STATE = RSZDT
[1644517800] CURRENT SERVICE STATE: vmware10gswitch;check-host-alive;OK;HARD;1;PING OK - Packet loss = 0%, RTA = 3.09 ms
[1644517800] CURRENT SERVICE STATE: vmwaremgmtswitch;check-host-alive;OK;HARD;1;PING OK - Packet loss = 0%, RTA = 0.78 ms
[1644520569] SERVICE ALERT: esxi03;PING;WARNING;SOFT;1;PING WARNING - Packet loss = 20%, RTA = 0.33 ms
[1644520634] SERVICE ALERT: esxi03;PING;WARNING;SOFT;2;PING WARNING - Packet loss = 20%, RTA = 0.28 ms
[1644520699] SERVICE ALERT: esxi03;PING;OK;SOFT;3;PING OK - Packet loss = 0%, RTA = 0.32 ms
[1644521381] Auto-save of retention data completed successfully.
[1644522564] SERVICE ALERT: esxi03;PING;WARNING;SOFT;1;PING WARNING - Packet loss = 20%, RTA = 0.28 ms
[1644522628] SERVICE ALERT: esxi03;PING;OK;SOFT;2;PING OK - Packet loss = 0%, RTA = 0.35 ms
[1644524193] SERVICE ALERT: esxi03;PING;WARNING;SOFT;1;PING WARNING - Packet loss = 20%, RTA = 0.31 ms
[1644524257] SERVICE ALERT: esxi03;PING;OK;SOFT;2;PING OK - Packet loss = 0%, RTA = 0.41 ms
[1644524981] Auto-save of retention data completed successfully.
[1644525222] SERVICE ALERT: esxi03;PING;WARNING;SOFT;1;PING WARNING - Packet loss = 20%, RTA = 0.29 ms
[1644525286] SERVICE ALERT: esxi03;PING;OK;SOFT;2;PING OK - Packet loss = 0%, RTA = 0.29 ms
[1644528581] Auto-save of retention data completed successfully.
[1644532181] Auto-save of retention data completed successfully.
[1644532851] SERVICE ALERT: esxi03;PING;WARNING;SOFT;1;PING WARNING - Packet loss = 20%, RTA = 2.02 ms
[1644532915] SERVICE ALERT: esxi03;PING;OK;SOFT;2;PING OK - Packet loss = 0%, RTA = 0.35 ms
[1644534480] SERVICE ALERT: esxi03;PING;WARNING;SOFT;1;PING WARNING - Packet loss = 20%, RTA = 0.35 ms
[1644534544] SERVICE ALERT: esxi03;PING;OK;SOFT;2;PING OK - Packet loss = 0%, RTA = 0.34 ms
[1644535781] Auto-save of retention data completed successfully.
[1644536109] SERVICE ALERT: esxi03;PING;WARNING;SOFT;1;PING WARNING - Packet loss = 20%, RTA = 0.31 ms
[1644536174] SERVICE ALERT: esxi03;PING;WARNING;SOFT;2;PING WARNING - Packet loss = 20%, RTA = 1.25 ms
[1644536238] SERVICE ALERT: esxi03;PING;OK;SOFT;3;PING OK - Packet loss = 0%, RTA = 0.30 ms
[1644536604] SERVICE ALERT: esxi03;PING;WARNING;SOFT;1;PING WARNING - Packet loss = 20%, RTA = 0.26 ms
[1644536668] SERVICE ALERT: esxi03;PING;OK;SOFT;2;PING OK - Packet loss = 0%, RTA = 0.31 ms
[1644539381] Auto-save of retention data completed successfully.
[1644540633] SERVICE ALERT: esxi03;PING;WARNING;SOFT;1;PING WARNING - Packet loss = 20%, RTA = 0.28 ms
[1644540697] SERVICE ALERT: esxi03;PING;OK;SOFT;2;PING OK - Packet loss = 0%, RTA = 0.38 ms
[1644542981] Auto-save of retention data completed successfully.
[1644546581] Auto-save of retention data completed successfully.
[1644549162] SERVICE ALERT: esxi03;PING;WARNING;SOFT;1;PING WARNING - Packet loss = 20%, RTA = 0.32 ms
[1644549226] SERVICE ALERT: esxi03;PING;OK;SOFT;2;PING OK - Packet loss = 0%, RTA = 0.36 ms
[1644550181] Auto-save of retention data completed successfully.
[1644553781] Auto-save of retention data completed successfully.
[1644557381] Auto-save of retention data completed successfully.
[1644560981] Auto-save of retention data completed successfully.
[1644564581] Auto-save of retention data completed successfully.
[1644568181] Auto-save of retention data completed successfully.
[1644571460] SERVICE ALERT: Director_Resident;check-host-alive;CRITICAL;SOFT;1;CRITICAL - Host Unreachable (10.1.1.26)
[1644571463] HOST ALERT: Director_Resident;DOWN;SOFT;1;CRITICAL - Host Unreachable (10.1.1.26)
[1644571494] HOST ALERT: Director_Bldg;DOWN;SOFT;1;CRITICAL - Host Unreachable (10.3.1.10)
[1644571526] HOST ALERT: Director_Resident;DOWN;SOFT;2;CRITICAL - Host Unreachable (10.1.1.26)
[1644571557] HOST ALERT: Director_Bldg;DOWN;SOFT;2;CRITICAL - Host Unreachable (10.3.1.10)
[1644571583] SERVICE ALERT: Director_Resident;check-host-alive;CRITICAL;HARD;3;CRITICAL - Host Unreachable (10.1.1.26)
[1644571586] HOST ALERT: Director_Resident;DOWN;SOFT;3;CRITICAL - Host Unreachable (10.1.1.26)
[1644571620] HOST ALERT: Director_Bldg;DOWN;SOFT;3;CRITICAL - Host Unreachable (10.3.1.10)
[1644571649] HOST ALERT: Director_Resident;DOWN;SOFT;4;CRITICAL - Host Unreachable (10.1.1.26)
[1644571683] HOST ALERT: Director_Bldg;DOWN;SOFT;4;CRITICAL - Host Unreachable (10.3.1.10)
[1644571712] HOST ALERT: Director_Resident;DOWN;SOFT;5;CRITICAL - Host Unreachable (10.1.1.26)
[1644571746] HOST ALERT: Director_Bldg;DOWN;SOFT;5;CRITICAL - Host Unreachable (10.3.1.10)
[1644571775] HOST ALERT: Director_Resident;DOWN;SOFT;6;CRITICAL - Host Unreachable (10.1.1.26)
[1644571781] Auto-save of retention data completed successfully.
[1644571791] SERVICE ALERT: Director_Bldg;check-host-alive;CRITICAL;HARD;1;CRITICAL - Host Unreachable (10.3.1.10)
[1644571809] HOST ALERT: Director_Bldg;DOWN;SOFT;6;CRITICAL - Host Unreachable (10.3.1.10)
[1644571839] HOST ALERT: Director_Resident;UP;SOFT;1;PING OK - Packet loss = 0%, RTA = 0.27 ms
[1644571873] HOST ALERT: Director_Bldg;UP;SOFT;1;PING OK - Packet loss = 0%, RTA = 0.52 ms
[1644572184] SERVICE ALERT: Director_Resident;check-host-alive;OK;HARD;3;PING OK - Packet loss = 0%, RTA = 0.33 ms
[1644572392] SERVICE ALERT: Director_Bldg;check-host-alive;OK;SOFT;1;PING OK - Packet loss = 0%, RTA = 0.59 ms
[1644574791] SERVICE ALERT: esxi03;PING;WARNING;SOFT;1;PING WARNING - Packet loss = 20%, RTA = 0.30 ms
[1644574856] SERVICE ALERT: esxi03;PING;OK;SOFT;2;PING OK - Packet loss = 0%, RTA = 0.24 ms
[1644575381] Auto-save of retention data completed successfully.
[1644578981] Auto-save of retention data completed successfully.
[1644582581] Auto-save of retention data completed successfully.
[1644584222] SERVICE ALERT: esxi03;PING;WARNING;SOFT;1;PING WARNING - Packet loss = 20%, RTA = 0.40 ms
[1644584286] SERVICE ALERT: esxi03;PING;OK;SOFT;2;PING OK - Packet loss = 0%, RTA = 0.29 ms
[1644586181] Auto-save of retention data completed successfully.
[1644589752] SERVICE ALERT: esxi03;PING;WARNING;SOFT;1;PING WARNING - Packet loss = 20%, RTA = 0.35 ms
[1644589781] Auto-save of retention data completed successfully.
[1644589816] SERVICE ALERT: esxi03;PING;OK;SOFT;2;PING OK - Packet loss = 0%, RTA = 0.28 ms
[1644593381] Auto-save of retention data completed successfully.
[1644594981] SERVICE ALERT: esxi03;PING;WARNING;SOFT;1;PING WARNING - Packet loss = 20%, RTA = 0.37 ms
[1644595045] SERVICE ALERT: esxi03;PING;OK;SOFT;2;PING OK - Packet loss = 0%, RTA = 0.35 ms
[1644596310] SERVICE ALERT: esxi03;PING;WARNING;SOFT;1;PING WARNING - Packet loss = 20%, RTA = 0.26 ms
[1644596375] SERVICE ALERT: esxi03;PING;WARNING;SOFT;2;PING WARNING - Packet loss = 40%, RTA = 0.33 ms
[1644596439] SERVICE ALERT: esxi03;PING;OK;SOFT;3;PING OK - Packet loss = 0%, RTA = 0.26 ms
[1644596981] Auto-save of retention data completed successfully.
[1644597104] SERVICE ALERT: esxi03;PING;WARNING;SOFT;1;PING WARNING - Packet loss = 20%, RTA = 0.27 ms
[1644597170] SERVICE ALERT: esxi03;PING;WARNING;SOFT;2;PING WARNING - Packet loss = 40%, RTA = 0.31 ms
[1644597234] SERVICE ALERT: esxi03;PING;OK;SOFT;3;PING OK - Packet loss = 0%, RTA = 1.64 ms
[1644600581] Auto-save of retention data completed successfully.
[1644604181] Auto-save of retention data completed successfully.
[1644604199] SERVICE ALERT: esxi03;PING;WARNING;SOFT;1;PING WARNING - Packet loss = 20%, RTA = 0.27 ms
