[1607020200] LOG ROTATION: DAILY
[1607020200] LOG VERSION: 2.0
[1607020200] CURRENT HOST STATE: AP_Main_Bldg;UP;HARD;1;PING OK - Packet loss = 0%, RTA = 0.71 ms
[1607020200] CURRENT HOST STATE: Director_Bldg;UP;HARD;1;PING OK - Packet loss = 0%, RTA = 0.65 ms
[1607020200] CURRENT HOST STATE: Director_Resident;UP;HARD;1;PING OK - Packet loss = 0%, RTA = 1.28 ms
[1607020200] CURRENT HOST STATE: esxi01;UP;HARD;1;PING OK - Packet loss = 0%, RTA = 0.47 ms
[1607020200] CURRENT HOST STATE: esxi02;UP;HARD;1;PING OK - Packet loss = 0%, RTA = 0.49 ms
[1607020200] CURRENT HOST STATE: esxi03;UP;HARD;1;PING OK - Packet loss = 0%, RTA = 0.41 ms
[1607020200] CURRENT HOST STATE: esxi04;UP;HARD;1;PING OK - Packet loss = 0%, RTA = 0.71 ms
[1607020200] CURRENT HOST STATE: esxi05;UP;HARD;1;PING OK - Packet loss = 0%, RTA = 0.41 ms
[1607020200] CURRENT HOST STATE: esxi06;UP;HARD;1;PING OK - Packet loss = 0%, RTA = 0.54 ms
[1607020200] CURRENT HOST STATE: esxi07;UP;HARD;1;PING OK - Packet loss = 0%, RTA = 0.52 ms
[1607020200] CURRENT HOST STATE: esxi08;UP;HARD;1;PING OK - Packet loss = 0%, RTA = 0.48 ms
[1607020200] CURRENT HOST STATE: esxi09;UP;HARD;1;PING OK - Packet loss = 0%, RTA = 0.41 ms
[1607020200] CURRENT HOST STATE: localhost;UP;HARD;1;PING OK - Packet loss = 0%, RTA = 0.05 ms
[1607020200] CURRENT HOST STATE: vmware10gswitch;UP;HARD;1;PING OK - Packet loss = 0%, RTA = 1.34 ms
[1607020200] CURRENT HOST STATE: vmwaremgmtswitch;UP;HARD;1;PING OK - Packet loss = 0%, RTA = 0.79 ms
[1607020200] CURRENT SERVICE STATE: AP_Main_Bldg;check-host-alive;OK;HARD;1;PING OK - Packet loss = 0%, RTA = 0.79 ms
[1607020200] CURRENT SERVICE STATE: Director_Bldg;check-host-alive;OK;HARD;1;PING OK - Packet loss = 0%, RTA = 0.68 ms
[1607020200] CURRENT SERVICE STATE: Director_Resident;check-host-alive;OK;HARD;1;PING OK - Packet loss = 0%, RTA = 0.70 ms
[1607020200] CURRENT SERVICE STATE: esxi01;ESXi Hardware Check;OK;HARD;1;OK - Server: Cisco Systems Inc UCSC-C220-M4S s/n: FCH22157EQH Chassis S/N: FCH2216V0WN  System BIOS: C220M4.3.0.4a.0.0226182253 2018-02-26
[1607020200] CURRENT SERVICE STATE: esxi01;PING;OK;HARD;1;PING OK - Packet loss = 0%, RTA = 0.50 ms
[1607020200] CURRENT SERVICE STATE: esxi02;ESXi Hardware Check;UNKNOWN;HARD;3;UNKNOWN:
[1607020200] CURRENT SERVICE STATE: esxi02;PING;OK;HARD;1;PING OK - Packet loss = 0%, RTA = 0.47 ms
[1607020200] CURRENT SERVICE STATE: esxi03;ESXi Hardware Check;OK;HARD;1;OK - Server: Cisco Systems Inc UCSC-C220-M4S s/n: FCH22157ESB Chassis S/N: FCH2216V0TW  System BIOS: C220M4.3.0.4a.0.0226182253 2018-02-26
[1607020200] CURRENT SERVICE STATE: esxi03;PING;OK;HARD;1;PING OK - Packet loss = 0%, RTA = 0.38 ms
[1607020200] CURRENT SERVICE STATE: esxi04;ESXi Hardware Check;OK;HARD;1;OK - Server: Cisco Systems Inc UCSC-C220-M4S s/n: FCH22137QKB Chassis S/N: FCH2216V0YZ  System BIOS: C220M4.3.0.4a.0.0226182253 2018-02-26
[1607020200] CURRENT SERVICE STATE: esxi04;PING;OK;HARD;1;PING OK - Packet loss = 0%, RTA = 0.45 ms
[1607020200] CURRENT SERVICE STATE: esxi05;ESXi Hardware Check;OK;HARD;1;OK - Server: Cisco Systems Inc UCSC-C220-M4S s/n: FCH22157EPD Chassis S/N: FCH2216V0Z0  System BIOS: C220M4.3.0.4a.0.0226182253 2018-02-26
[1607020200] CURRENT SERVICE STATE: esxi05;PING;OK;HARD;1;PING OK - Packet loss = 0%, RTA = 0.46 ms
[1607020200] CURRENT SERVICE STATE: esxi06;ESXi Haradware Check;OK;HARD;1;OK - Server: Cisco Systems Inc UCSC-C220-M4S s/n: FCH22157ERW Chassis S/N: FCH2216V0X8  System BIOS: C220M4.3.0.4a.0.0226182253 2018-02-26
[1607020200] CURRENT SERVICE STATE: esxi06;PING;OK;HARD;1;PING OK - Packet loss = 0%, RTA = 0.43 ms
[1607020200] CURRENT SERVICE STATE: esxi07;ESXi Hardware Check;OK;HARD;1;OK - Server: Cisco Systems Inc UCSC-C220-M4S s/n: FCH22157EV7 Chassis S/N: FCH2216V0Y8  System BIOS: C220M4.3.0.4a.0.0226182253 2018-02-26
[1607020200] CURRENT SERVICE STATE: esxi07;PING;OK;HARD;1;PING OK - Packet loss = 0%, RTA = 0.79 ms
[1607020200] CURRENT SERVICE STATE: esxi08;ESXi Hardware Check;OK;HARD;1;OK - Server: Cisco Systems Inc UCSC-C220-M4S s/n: FCH22137QJN Chassis S/N: FCH2216V0YV  System BIOS: C220M4.3.0.4a.0.0226182253 2018-02-26
[1607020200] CURRENT SERVICE STATE: esxi08;PING;OK;HARD;1;PING OK - Packet loss = 0%, RTA = 0.49 ms
[1607020200] CURRENT SERVICE STATE: esxi09;ESXi Hardware Check;OK;HARD;1;OK - Server: Cisco Systems Inc UCSC-C220-M4S s/n: FCH22157ERY Chassis S/N: FCH2216V0YN  System BIOS: C220M4.3.0.4a.0.0226182253 2018-02-26
[1607020200] CURRENT SERVICE STATE: esxi09;PING;OK;HARD;1;PING OK - Packet loss = 0%, RTA = 0.42 ms
[1607020200] CURRENT SERVICE STATE: localhost;Current Load;OK;HARD;1;OK - load average: 0.01, 0.04, 0.05
[1607020200] CURRENT SERVICE STATE: localhost;Current Users;OK;HARD;1;USERS OK - 0 users currently logged in
[1607020200] CURRENT SERVICE STATE: localhost;PING;OK;HARD;1;PING OK - Packet loss = 0%, RTA = 0.05 ms
[1607020200] CURRENT SERVICE STATE: localhost;Root Partition;OK;HARD;1;DISK OK - free space: / 42824 MB (83.68% inode=99%):
[1607020200] CURRENT SERVICE STATE: localhost;SSH;OK;HARD;1;SSH OK - OpenSSH_7.4 (protocol 2.0)
[1607020200] CURRENT SERVICE STATE: localhost;Swap Usage;OK;HARD;1;SWAP OK - 100% free (3967 MB out of 3967 MB)
[1607020200] CURRENT SERVICE STATE: localhost;Total Processes;OK;HARD;1;PROCS OK: 75 processes with STATE = RSZDT
[1607020200] CURRENT SERVICE STATE: vmware10gswitch;check-host-alive;OK;HARD;1;PING OK - Packet loss = 0%, RTA = 1.50 ms
[1607020200] CURRENT SERVICE STATE: vmwaremgmtswitch;check-host-alive;OK;HARD;1;PING OK - Packet loss = 0%, RTA = 3.34 ms
[1607022572] Auto-save of retention data completed successfully.
[1607026172] Auto-save of retention data completed successfully.
[1607029772] Auto-save of retention data completed successfully.
[1607033372] Auto-save of retention data completed successfully.
[1607036972] Auto-save of retention data completed successfully.
[1607040572] Auto-save of retention data completed successfully.
[1607044172] Auto-save of retention data completed successfully.
[1607047772] Auto-save of retention data completed successfully.
[1607051372] Auto-save of retention data completed successfully.
[1607054972] Auto-save of retention data completed successfully.
[1607058572] Auto-save of retention data completed successfully.
[1607062172] Auto-save of retention data completed successfully.
[1607065772] Auto-save of retention data completed successfully.
[1607067189] wproc: Core Worker 8829: job 223834 (pid=21822) timed out. Killing it
[1607067189] wproc: CHECK job 223834 from worker Core Worker 8829 timed out after 30.01s
[1607067189] wproc:   host=Director_Bldg; service=(null);
[1607067189] wproc:   early_timeout=1; exited_ok=0; wait_status=0; error_code=62;
[1607067189] Warning: Check of host 'Director_Bldg' timed out after 30.01 seconds
[1607067189] HOST ALERT: Director_Bldg;DOWN;SOFT;1;(Host check timed out after 30.01 seconds)
[1607067189] wproc: Core Worker 8829: job 223834 (pid=21822): Dormant child reaped
[1607067206] wproc: Core Worker 8830: job 223836 (pid=21835) timed out. Killing it
[1607067206] wproc: CHECK job 223836 from worker Core Worker 8830 timed out after 30.03s
[1607067206] wproc:   host=Director_Resident; service=(null);
[1607067206] wproc:   early_timeout=1; exited_ok=0; wait_status=0; error_code=62;
[1607067206] Warning: Check of host 'Director_Resident' timed out after 30.03 seconds
[1607067206] HOST ALERT: Director_Resident;DOWN;SOFT;1;(Host check timed out after 30.03 seconds)
[1607067206] wproc: Core Worker 8830: job 223836 (pid=21835): Dormant child reaped
[1607067279] wproc: Core Worker 8827: job 223839 (pid=21862) timed out. Killing it
[1607067279] wproc: CHECK job 223839 from worker Core Worker 8827 timed out after 30.03s
[1607067279] wproc:   host=Director_Bldg; service=(null);
[1607067279] wproc:   early_timeout=1; exited_ok=0; wait_status=0; error_code=62;
[1607067279] Warning: Check of host 'Director_Bldg' timed out after 30.03 seconds
[1607067279] HOST ALERT: Director_Bldg;DOWN;SOFT;2;(Host check timed out after 30.03 seconds)
[1607067279] wproc: Core Worker 8827: job 223839 (pid=21862): Dormant child reaped
[1607067296] wproc: Core Worker 8828: job 223839 (pid=21872) timed out. Killing it
[1607067296] wproc: CHECK job 223839 from worker Core Worker 8828 timed out after 30.03s
[1607067296] wproc:   host=Director_Resident; service=(null);
[1607067296] wproc:   early_timeout=1; exited_ok=0; wait_status=0; error_code=62;
[1607067296] Warning: Check of host 'Director_Resident' timed out after 30.03 seconds
[1607067296] HOST ALERT: Director_Resident;DOWN;SOFT;2;(Host check timed out after 30.03 seconds)
[1607067296] wproc: Core Worker 8828: job 223839 (pid=21872): Dormant child reaped
[1607067326] SERVICE ALERT: Director_Resident;check-host-alive;CRITICAL;HARD;1;CRITICAL - Plugin timed out
[1607067349] SERVICE ALERT: Director_Bldg;check-host-alive;CRITICAL;HARD;1;CRITICAL - Plugin timed out
[1607067369] wproc: Core Worker 8829: job 223841 (pid=22038) timed out. Killing it
[1607067369] wproc: CHECK job 223841 from worker Core Worker 8829 timed out after 30.02s
[1607067369] wproc:   host=Director_Bldg; service=(null);
[1607067369] wproc:   early_timeout=1; exited_ok=0; wait_status=0; error_code=62;
[1607067369] Warning: Check of host 'Director_Bldg' timed out after 30.02 seconds
[1607067369] HOST ALERT: Director_Bldg;DOWN;SOFT;3;(Host check timed out after 30.02 seconds)
[1607067369] wproc: Core Worker 8829: job 223841 (pid=22038): Dormant child reaped
[1607067386] wproc: Core Worker 8827: job 223842 (pid=22041) timed out. Killing it
[1607067386] wproc: CHECK job 223842 from worker Core Worker 8827 timed out after 30.04s
[1607067386] wproc:   host=Director_Resident; service=(null);
[1607067386] wproc:   early_timeout=1; exited_ok=0; wait_status=0; error_code=62;
[1607067386] Warning: Check of host 'Director_Resident' timed out after 30.04 seconds
[1607067386] HOST ALERT: Director_Resident;DOWN;SOFT;3;(Host check timed out after 30.04 seconds)
[1607067386] wproc: Core Worker 8827: job 223842 (pid=22041): Dormant child reaped
[1607067459] wproc: Core Worker 8828: job 223844 (pid=22064) timed out. Killing it
[1607067459] wproc: CHECK job 223844 from worker Core Worker 8828 timed out after 30.03s
[1607067459] wproc:   host=Director_Bldg; service=(null);
[1607067459] wproc:   early_timeout=1; exited_ok=0; wait_status=0; error_code=62;
[1607067459] Warning: Check of host 'Director_Bldg' timed out after 30.03 seconds
[1607067459] HOST ALERT: Director_Bldg;DOWN;SOFT;4;(Host check timed out after 30.03 seconds)
[1607067459] wproc: Core Worker 8828: job 223844 (pid=22064): Dormant child reaped
[1607067476] wproc: Core Worker 8829: job 223844 (pid=22076) timed out. Killing it
[1607067476] wproc: CHECK job 223844 from worker Core Worker 8829 timed out after 30.01s
[1607067476] wproc:   host=Director_Resident; service=(null);
[1607067476] wproc:   early_timeout=1; exited_ok=0; wait_status=0; error_code=62;
[1607067476] Warning: Check of host 'Director_Resident' timed out after 30.01 seconds
[1607067476] HOST ALERT: Director_Resident;DOWN;SOFT;4;(Host check timed out after 30.01 seconds)
[1607067476] wproc: Core Worker 8829: job 223844 (pid=22076): Dormant child reaped
[1607067549] wproc: Core Worker 8829: job 223848 (pid=22119) timed out. Killing it
[1607067549] wproc: CHECK job 223848 from worker Core Worker 8829 timed out after 30.01s
[1607067549] wproc:   host=Director_Bldg; service=(null);
[1607067549] wproc:   early_timeout=1; exited_ok=0; wait_status=0; error_code=62;
[1607067549] Warning: Check of host 'Director_Bldg' timed out after 30.01 seconds
[1607067549] HOST ALERT: Director_Bldg;DOWN;SOFT;5;(Host check timed out after 30.01 seconds)
[1607067549] wproc: Core Worker 8829: job 223848 (pid=22119): Dormant child reaped
[1607067566] wproc: Core Worker 8828: job 223849 (pid=22124) timed out. Killing it
[1607067566] wproc: CHECK job 223849 from worker Core Worker 8828 timed out after 30.03s
[1607067566] wproc:   host=Director_Resident; service=(null);
[1607067566] wproc:   early_timeout=1; exited_ok=0; wait_status=0; error_code=62;
[1607067566] Warning: Check of host 'Director_Resident' timed out after 30.03 seconds
[1607067566] HOST ALERT: Director_Resident;DOWN;SOFT;5;(Host check timed out after 30.03 seconds)
[1607067566] wproc: Core Worker 8828: job 223849 (pid=22124): Dormant child reaped
[1607067639] wproc: Core Worker 8830: job 223851 (pid=22294) timed out. Killing it
[1607067639] wproc: CHECK job 223851 from worker Core Worker 8830 timed out after 30.01s
[1607067639] wproc:   host=Director_Bldg; service=(null);
[1607067639] wproc:   early_timeout=1; exited_ok=0; wait_status=0; error_code=62;
[1607067639] Warning: Check of host 'Director_Bldg' timed out after 30.01 seconds
[1607067639] HOST ALERT: Director_Bldg;DOWN;SOFT;6;(Host check timed out after 30.01 seconds)
[1607067639] wproc: Core Worker 8830: job 223851 (pid=22294): Dormant child reaped
[1607067656] wproc: Core Worker 8828: job 223852 (pid=22308) timed out. Killing it
[1607067656] wproc: CHECK job 223852 from worker Core Worker 8828 timed out after 30.03s
[1607067656] wproc:   host=Director_Resident; service=(null);
[1607067656] wproc:   early_timeout=1; exited_ok=0; wait_status=0; error_code=62;
[1607067656] Warning: Check of host 'Director_Resident' timed out after 30.03 seconds
[1607067656] HOST ALERT: Director_Resident;DOWN;SOFT;6;(Host check timed out after 30.03 seconds)
[1607067656] wproc: Core Worker 8828: job 223852 (pid=22308): Dormant child reaped
[1607067729] wproc: Core Worker 8828: job 223853 (pid=22323) timed out. Killing it
[1607067729] wproc: CHECK job 223853 from worker Core Worker 8828 timed out after 30.01s
[1607067729] wproc:   host=Director_Bldg; service=(null);
[1607067729] wproc:   early_timeout=1; exited_ok=0; wait_status=0; error_code=62;
[1607067729] Warning: Check of host 'Director_Bldg' timed out after 30.01 seconds
[1607067729] HOST ALERT: Director_Bldg;DOWN;SOFT;7;(Host check timed out after 30.01 seconds)
[1607067729] wproc: Core Worker 8828: job 223853 (pid=22323): Dormant child reaped
[1607067746] wproc: Core Worker 8827: job 223854 (pid=22328) timed out. Killing it
[1607067746] wproc: CHECK job 223854 from worker Core Worker 8827 timed out after 30.01s
[1607067746] wproc:   host=Director_Resident; service=(null);
[1607067746] wproc:   early_timeout=1; exited_ok=0; wait_status=0; error_code=62;
[1607067746] Warning: Check of host 'Director_Resident' timed out after 30.01 seconds
[1607067746] HOST ALERT: Director_Resident;DOWN;SOFT;7;(Host check timed out after 30.01 seconds)
[1607067746] wproc: Core Worker 8827: job 223854 (pid=22328): Dormant child reaped
[1607067819] wproc: Core Worker 8827: job 223858 (pid=22366) timed out. Killing it
[1607067819] wproc: CHECK job 223858 from worker Core Worker 8827 timed out after 30.03s
[1607067819] wproc:   host=Director_Bldg; service=(null);
[1607067819] wproc:   early_timeout=1; exited_ok=0; wait_status=0; error_code=62;
[1607067819] Warning: Check of host 'Director_Bldg' timed out after 30.03 seconds
[1607067819] HOST ALERT: Director_Bldg;DOWN;SOFT;8;(Host check timed out after 30.03 seconds)
[1607067819] wproc: Core Worker 8827: job 223858 (pid=22366): Dormant child reaped
[1607067836] wproc: Core Worker 8830: job 223858 (pid=22378) timed out. Killing it
[1607067836] wproc: CHECK job 223858 from worker Core Worker 8830 timed out after 30.03s
[1607067836] wproc:   host=Director_Resident; service=(null);
[1607067836] wproc:   early_timeout=1; exited_ok=0; wait_status=0; error_code=62;
[1607067836] Warning: Check of host 'Director_Resident' timed out after 30.03 seconds
[1607067836] HOST ALERT: Director_Resident;DOWN;SOFT;8;(Host check timed out after 30.03 seconds)
[1607067836] wproc: Core Worker 8830: job 223858 (pid=22378): Dormant child reaped
[1607067909] wproc: Core Worker 8829: job 223859 (pid=22397) timed out. Killing it
[1607067909] wproc: CHECK job 223859 from worker Core Worker 8829 timed out after 30.01s
[1607067909] wproc:   host=Director_Bldg; service=(null);
[1607067909] wproc:   early_timeout=1; exited_ok=0; wait_status=0; error_code=62;
[1607067909] Warning: Check of host 'Director_Bldg' timed out after 30.01 seconds
[1607067909] HOST ALERT: Director_Bldg;DOWN;SOFT;9;(Host check timed out after 30.01 seconds)
[1607067909] wproc: Core Worker 8829: job 223859 (pid=22397): Dormant child reaped
[1607067926] wproc: Core Worker 8829: job 223860 (pid=22405) timed out. Killing it
[1607067926] wproc: CHECK job 223860 from worker Core Worker 8829 timed out after 30.01s
[1607067926] wproc:   host=Director_Resident; service=(null);
[1607067926] wproc:   early_timeout=1; exited_ok=0; wait_status=0; error_code=62;
[1607067926] Warning: Check of host 'Director_Resident' timed out after 30.01 seconds
[1607067926] HOST ALERT: Director_Resident;DOWN;SOFT;9;(Host check timed out after 30.01 seconds)
[1607067926] wproc: Core Worker 8829: job 223860 (pid=22405): Dormant child reaped
[1607067999] wproc: Core Worker 8829: job 223862 (pid=22565) timed out. Killing it
[1607067999] wproc: CHECK job 223862 from worker Core Worker 8829 timed out after 30.00s
[1607067999] wproc:   host=Director_Bldg; service=(null);
[1607067999] wproc:   early_timeout=1; exited_ok=0; wait_status=0; error_code=62;
[1607067999] Warning: Check of host 'Director_Bldg' timed out after 30.00 seconds
[1607067999] HOST NOTIFICATION: nagiosadmin;Director_Bldg;DOWN;notify-host-by-email;(Host check timed out after 30.00 seconds)
[1607067999] HOST ALERT: Director_Bldg;DOWN;HARD;10;(Host check timed out after 30.00 seconds)
[1607067999] wproc: Core Worker 8829: job 223862 (pid=22565): Dormant child reaped
[1607068016] wproc: Core Worker 8830: job 223863 (pid=22577) timed out. Killing it
[1607068016] wproc: CHECK job 223863 from worker Core Worker 8830 timed out after 30.02s
[1607068016] wproc:   host=Director_Resident; service=(null);
[1607068016] wproc:   early_timeout=1; exited_ok=0; wait_status=0; error_code=62;
[1607068016] Warning: Check of host 'Director_Resident' timed out after 30.02 seconds
[1607068016] HOST NOTIFICATION: nagiosadmin;Director_Resident;DOWN;notify-host-by-email;(Host check timed out after 30.02 seconds)
[1607068016] HOST ALERT: Director_Resident;DOWN;HARD;10;(Host check timed out after 30.02 seconds)
[1607068016] wproc: Core Worker 8830: job 223863 (pid=22577): Dormant child reaped
[1607068329] wproc: Core Worker 8828: job 223873 (pid=22841) timed out. Killing it
[1607068329] wproc: CHECK job 223873 from worker Core Worker 8828 timed out after 30.01s
[1607068329] wproc:   host=Director_Bldg; service=(null);
[1607068329] wproc:   early_timeout=1; exited_ok=0; wait_status=0; error_code=62;
[1607068329] Warning: Check of host 'Director_Bldg' timed out after 30.01 seconds
[1607068329] wproc: Core Worker 8828: job 223873 (pid=22841): Dormant child reaped
[1607068346] wproc: Core Worker 8829: job 223873 (pid=22845) timed out. Killing it
[1607068346] wproc: CHECK job 223873 from worker Core Worker 8829 timed out after 30.01s
[1607068346] wproc:   host=Director_Resident; service=(null);
[1607068346] wproc:   early_timeout=1; exited_ok=0; wait_status=0; error_code=62;
[1607068346] Warning: Check of host 'Director_Resident' timed out after 30.01 seconds
[1607068346] wproc: Core Worker 8829: job 223873 (pid=22845): Dormant child reaped
[1607068629] wproc: Core Worker 8829: job 223882 (pid=23096) timed out. Killing it
[1607068629] wproc: CHECK job 223882 from worker Core Worker 8829 timed out after 30.01s
[1607068629] wproc:   host=Director_Bldg; service=(null);
[1607068629] wproc:   early_timeout=1; exited_ok=0; wait_status=0; error_code=62;
[1607068629] Warning: Check of host 'Director_Bldg' timed out after 30.01 seconds
[1607068629] wproc: Core Worker 8829: job 223882 (pid=23096): Dormant child reaped
[1607068646] wproc: Core Worker 8827: job 223883 (pid=23098) timed out. Killing it
[1607068646] wproc: CHECK job 223883 from worker Core Worker 8827 timed out after 30.03s
[1607068646] wproc:   host=Director_Resident; service=(null);
[1607068646] wproc:   early_timeout=1; exited_ok=0; wait_status=0; error_code=62;
[1607068646] Warning: Check of host 'Director_Resident' timed out after 30.03 seconds
[1607068646] wproc: Core Worker 8827: job 223883 (pid=23098): Dormant child reaped
[1607068929] wproc: Core Worker 8830: job 223891 (pid=23348) timed out. Killing it
[1607068929] wproc: CHECK job 223891 from worker Core Worker 8830 timed out after 30.01s
[1607068929] wproc:   host=Director_Bldg; service=(null);
[1607068929] wproc:   early_timeout=1; exited_ok=0; wait_status=0; error_code=62;
[1607068929] Warning: Check of host 'Director_Bldg' timed out after 30.01 seconds
[1607068930] wproc: Core Worker 8830: job 223891 (pid=23348): Dormant child reaped
[1607068946] wproc: Core Worker 8827: job 223892 (pid=23351) timed out. Killing it
[1607068946] wproc: CHECK job 223892 from worker Core Worker 8827 timed out after 30.01s
[1607068946] wproc:   host=Director_Resident; service=(null);
[1607068946] wproc:   early_timeout=1; exited_ok=0; wait_status=0; error_code=62;
[1607068946] Warning: Check of host 'Director_Resident' timed out after 30.01 seconds
[1607068947] wproc: Core Worker 8827: job 223892 (pid=23351): Dormant child reaped
[1607069229] wproc: Core Worker 8827: job 223901 (pid=23601) timed out. Killing it
[1607069229] wproc: CHECK job 223901 from worker Core Worker 8827 timed out after 30.03s
[1607069229] wproc:   host=Director_Bldg; service=(null);
[1607069229] wproc:   early_timeout=1; exited_ok=0; wait_status=0; error_code=62;
[1607069229] Warning: Check of host 'Director_Bldg' timed out after 30.03 seconds
[1607069230] wproc: Core Worker 8827: job 223901 (pid=23601): Dormant child reaped
[1607069246] wproc: Core Worker 8828: job 223901 (pid=23603) timed out. Killing it
[1607069246] wproc: CHECK job 223901 from worker Core Worker 8828 timed out after 30.01s
[1607069246] wproc:   host=Director_Resident; service=(null);
[1607069246] wproc:   early_timeout=1; exited_ok=0; wait_status=0; error_code=62;
[1607069246] Warning: Check of host 'Director_Resident' timed out after 30.01 seconds
[1607069247] wproc: Core Worker 8828: job 223901 (pid=23603): Dormant child reaped
[1607069372] Auto-save of retention data completed successfully.
[1607069529] wproc: Core Worker 8829: job 223909 (pid=23853) timed out. Killing it
[1607069529] wproc: CHECK job 223909 from worker Core Worker 8829 timed out after 30.01s
[1607069529] wproc:   host=Director_Bldg; service=(null);
[1607069529] wproc:   early_timeout=1; exited_ok=0; wait_status=0; error_code=62;
[1607069529] Warning: Check of host 'Director_Bldg' timed out after 30.01 seconds
[1607069530] wproc: Core Worker 8829: job 223909 (pid=23853): Dormant child reaped
[1607069546] wproc: Core Worker 8828: job 223910 (pid=23856) timed out. Killing it
[1607069546] wproc: CHECK job 223910 from worker Core Worker 8828 timed out after 30.01s
[1607069546] wproc:   host=Director_Resident; service=(null);
[1607069546] wproc:   early_timeout=1; exited_ok=0; wait_status=0; error_code=62;
[1607069546] Warning: Check of host 'Director_Resident' timed out after 30.01 seconds
[1607069547] wproc: Core Worker 8828: job 223910 (pid=23856): Dormant child reaped
[1607069700] SERVICE ALERT: Director_Resident;check-host-alive;OK;HARD;3;PING OK - Packet loss = 20%, RTA = 0.77 ms
[1607069704] HOST NOTIFICATION: nagiosadmin;Director_Resident;UP;notify-host-by-email;PING OK - Packet loss = 0%, RTA = 1.25 ms
[1607069704] HOST ALERT: Director_Resident;UP;HARD;1;PING OK - Packet loss = 0%, RTA = 1.25 ms
[1607069722] SERVICE ALERT: Director_Bldg;check-host-alive;OK;HARD;3;PING OK - Packet loss = 0%, RTA = 0.60 ms
[1607069726] HOST NOTIFICATION: nagiosadmin;Director_Bldg;UP;notify-host-by-email;PING OK - Packet loss = 0%, RTA = 0.63 ms
[1607069726] HOST ALERT: Director_Bldg;UP;HARD;1;PING OK - Packet loss = 0%, RTA = 0.63 ms
[1607072972] Auto-save of retention data completed successfully.
[1607076572] Auto-save of retention data completed successfully.
[1607080172] Auto-save of retention data completed successfully.
[1607083772] Auto-save of retention data completed successfully.
[1607087372] Auto-save of retention data completed successfully.
[1607090972] Auto-save of retention data completed successfully.
[1607094572] Auto-save of retention data completed successfully.
[1607098172] Auto-save of retention data completed successfully.
[1607101772] Auto-save of retention data completed successfully.
[1607105372] Auto-save of retention data completed successfully.
