[1577903400] LOG ROTATION: DAILY
[1577903400] LOG VERSION: 2.0
[1577903400] CURRENT HOST STATE: AP_Main_Bldg;UP;HARD;1;PING OK - Packet loss = 0%, RTA = 1.11 ms
[1577903400] CURRENT HOST STATE: Director_Bldg;UP;HARD;1;PING OK - Packet loss = 0%, RTA = 0.66 ms
[1577903400] CURRENT HOST STATE: Director_Resident;UP;HARD;1;PING OK - Packet loss = 0%, RTA = 0.87 ms
[1577903400] CURRENT HOST STATE: esxi01;UP;HARD;1;PING OK - Packet loss = 0%, RTA = 0.52 ms
[1577903400] CURRENT HOST STATE: esxi02;UP;HARD;1;PING OK - Packet loss = 0%, RTA = 0.97 ms
[1577903400] CURRENT HOST STATE: esxi03;UP;HARD;1;PING OK - Packet loss = 0%, RTA = 0.58 ms
[1577903400] CURRENT HOST STATE: esxi04;UP;HARD;1;PING OK - Packet loss = 0%, RTA = 0.57 ms
[1577903400] CURRENT HOST STATE: esxi05;UP;HARD;1;PING OK - Packet loss = 0%, RTA = 0.55 ms
[1577903400] CURRENT HOST STATE: esxi06;UP;HARD;1;PING OK - Packet loss = 0%, RTA = 0.56 ms
[1577903400] CURRENT HOST STATE: esxi07;UP;HARD;1;PING OK - Packet loss = 0%, RTA = 0.70 ms
[1577903400] CURRENT HOST STATE: esxi08;UP;HARD;1;PING OK - Packet loss = 20%, RTA = 0.79 ms
[1577903400] CURRENT HOST STATE: esxi09;UP;HARD;1;PING OK - Packet loss = 0%, RTA = 0.47 ms
[1577903400] CURRENT HOST STATE: localhost;UP;HARD;1;PING OK - Packet loss = 0%, RTA = 0.05 ms
[1577903400] CURRENT HOST STATE: vmware10gswitch;UP;HARD;1;PING OK - Packet loss = 0%, RTA = 1.31 ms
[1577903400] CURRENT HOST STATE: vmwaremgmtswitch;UP;HARD;1;PING OK - Packet loss = 0%, RTA = 0.84 ms
[1577903400] CURRENT SERVICE STATE: AP_Main_Bldg;check-host-alive;OK;HARD;1;PING OK - Packet loss = 0%, RTA = 1.04 ms
[1577903400] CURRENT SERVICE STATE: Director_Bldg;check-host-alive;OK;HARD;1;PING OK - Packet loss = 0%, RTA = 0.62 ms
[1577903400] CURRENT SERVICE STATE: Director_Resident;check-host-alive;OK;HARD;1;PING OK - Packet loss = 0%, RTA = 3.78 ms
[1577903400] CURRENT SERVICE STATE: esxi01;ESXi Hardware Check;OK;HARD;1;OK - Server: Cisco Systems Inc UCSC-C220-M4S s/n: FCH22157EQH Chassis S/N: FCH2216V0WN  System BIOS: C220M4.3.0.4a.0.0226182253 2018-02-26
[1577903400] CURRENT SERVICE STATE: esxi01;PING;OK;HARD;1;PING OK - Packet loss = 0%, RTA = 0.55 ms
[1577903400] CURRENT SERVICE STATE: esxi02;ESXi Hardware Check;OK;HARD;1;OK - Server: Cisco Systems Inc UCSC-C220-M4S s/n: FCH22157E1D Chassis S/N: FCH2216V0Y6  System BIOS: C220M4.3.0.4a.0.0226182253 2018-02-26
[1577903400] CURRENT SERVICE STATE: esxi02;PING;OK;HARD;1;PING OK - Packet loss = 0%, RTA = 0.49 ms
[1577903400] CURRENT SERVICE STATE: esxi03;ESXi Hardware Check;OK;HARD;1;OK - Server: Cisco Systems Inc UCSC-C220-M4S s/n: FCH22157ESB Chassis S/N: FCH2216V0TW  System BIOS: C220M4.3.0.4a.0.0226182253 2018-02-26
[1577903400] CURRENT SERVICE STATE: esxi03;PING;OK;HARD;1;PING OK - Packet loss = 0%, RTA = 0.52 ms
[1577903400] CURRENT SERVICE STATE: esxi04;ESXi Hardware Check;OK;HARD;1;OK - Server: Cisco Systems Inc UCSC-C220-M4S s/n: FCH22137QKB Chassis S/N: FCH2216V0YZ  System BIOS: C220M4.3.0.4a.0.0226182253 2018-02-26
[1577903400] CURRENT SERVICE STATE: esxi04;PING;OK;HARD;1;PING OK - Packet loss = 0%, RTA = 0.56 ms
[1577903400] CURRENT SERVICE STATE: esxi05;ESXi Hardware Check;OK;HARD;1;OK - Server: Cisco Systems Inc UCSC-C220-M4S s/n: FCH22157EPD Chassis S/N: FCH2216V0Z0  System BIOS: C220M4.3.0.4a.0.0226182253 2018-02-26
[1577903400] CURRENT SERVICE STATE: esxi05;PING;OK;HARD;1;PING OK - Packet loss = 0%, RTA = 0.56 ms
[1577903400] CURRENT SERVICE STATE: esxi06;ESXi Haradware Check;OK;HARD;1;OK - Server: Cisco Systems Inc UCSC-C220-M4S s/n: FCH22157ERW Chassis S/N: FCH2216V0X8  System BIOS: C220M4.3.0.4a.0.0226182253 2018-02-26
[1577903400] CURRENT SERVICE STATE: esxi06;PING;OK;HARD;1;PING OK - Packet loss = 0%, RTA = 0.71 ms
[1577903400] CURRENT SERVICE STATE: esxi07;ESXi Hardware Check;OK;HARD;1;OK - Server: Cisco Systems Inc UCSC-C220-M4S s/n: FCH22157EV7 Chassis S/N: FCH2216V0Y8  System BIOS: C220M4.3.0.4a.0.0226182253 2018-02-26
[1577903400] CURRENT SERVICE STATE: esxi07;PING;OK;HARD;1;PING OK - Packet loss = 0%, RTA = 0.59 ms
[1577903400] CURRENT SERVICE STATE: esxi08;ESXi Hardware Check;OK;HARD;1;OK - Server: Cisco Systems Inc UCSC-C220-M4S s/n: FCH22137QJN Chassis S/N: FCH2216V0YV  System BIOS: C220M4.3.0.4a.0.0226182253 2018-02-26
[1577903400] CURRENT SERVICE STATE: esxi08;PING;OK;HARD;1;PING OK - Packet loss = 0%, RTA = 0.69 ms
[1577903400] CURRENT SERVICE STATE: esxi09;ESXi Hardware Check;OK;HARD;1;OK - Server: Cisco Systems Inc UCSC-C220-M4S s/n: FCH22157ERY Chassis S/N: FCH2216V0YN  System BIOS: C220M4.3.0.4a.0.0226182253 2018-02-26
[1577903400] CURRENT SERVICE STATE: esxi09;PING;OK;HARD;1;PING OK - Packet loss = 0%, RTA = 0.64 ms
[1577903400] CURRENT SERVICE STATE: localhost;Current Load;OK;HARD;1;OK - load average: 0.00, 0.01, 0.05
[1577903400] CURRENT SERVICE STATE: localhost;Current Users;OK;HARD;1;USERS OK - 0 users currently logged in
[1577903400] CURRENT SERVICE STATE: localhost;PING;OK;HARD;1;PING OK - Packet loss = 0%, RTA = 0.05 ms
[1577903400] CURRENT SERVICE STATE: localhost;Root Partition;OK;HARD;1;DISK OK - free space: / 42838 MB (83.70% inode=99%):
[1577903400] CURRENT SERVICE STATE: localhost;SSH;OK;HARD;1;SSH OK - OpenSSH_7.4 (protocol 2.0)
[1577903400] CURRENT SERVICE STATE: localhost;Swap Usage;OK;HARD;1;SWAP OK - 100% free (3967 MB out of 3967 MB)
[1577903400] CURRENT SERVICE STATE: localhost;Total Processes;OK;HARD;1;PROCS OK: 80 processes with STATE = RSZDT
[1577903400] CURRENT SERVICE STATE: vmware10gswitch;check-host-alive;OK;HARD;1;PING OK - Packet loss = 0%, RTA = 1.91 ms
[1577903400] CURRENT SERVICE STATE: vmwaremgmtswitch;check-host-alive;OK;HARD;1;PING OK - Packet loss = 0%, RTA = 2.97 ms
[1577905685] Auto-save of retention data completed successfully.
[1577909285] Auto-save of retention data completed successfully.
[1577912885] Auto-save of retention data completed successfully.
[1577916485] Auto-save of retention data completed successfully.
[1577920085] Auto-save of retention data completed successfully.
[1577923685] Auto-save of retention data completed successfully.
[1577927285] Auto-save of retention data completed successfully.
[1577930885] Auto-save of retention data completed successfully.
[1577934485] Auto-save of retention data completed successfully.
[1577938085] Auto-save of retention data completed successfully.
[1577939057] SERVICE ALERT: esxi08;PING;WARNING;SOFT;1;PING WARNING - Packet loss = 40%, RTA = 0.49 ms
[1577939121] SERVICE ALERT: esxi08;PING;OK;SOFT;2;PING OK - Packet loss = 0%, RTA = 0.54 ms
[1577941685] Auto-save of retention data completed successfully.
[1577945285] Auto-save of retention data completed successfully.
[1577948885] Auto-save of retention data completed successfully.
[1577949584] SERVICE ALERT: Director_Bldg;check-host-alive;CRITICAL;SOFT;1;CRITICAL - Plugin timed out
[1577949614] wproc: Core Worker 22692: job 65956 (pid=19645) timed out. Killing it
[1577949614] wproc: CHECK job 65956 from worker Core Worker 22692 timed out after 30.01s
[1577949614] wproc:   host=Director_Bldg; service=(null);
[1577949614] wproc:   early_timeout=1; exited_ok=0; wait_status=0; error_code=62;
[1577949614] Warning: Check of host 'Director_Bldg' timed out after 30.01 seconds
[1577949614] HOST ALERT: Director_Bldg;DOWN;SOFT;1;(Host check timed out after 30.01 seconds)
[1577949614] wproc: Core Worker 22692: job 65956 (pid=19645): Dormant child reaped
[1577949634] SERVICE ALERT: Director_Resident;check-host-alive;CRITICAL;SOFT;1;CRITICAL - Plugin timed out
[1577949664] wproc: Core Worker 22692: job 65958 (pid=19812) timed out. Killing it
[1577949664] wproc: CHECK job 65958 from worker Core Worker 22692 timed out after 30.03s
[1577949664] wproc:   host=Director_Resident; service=(null);
[1577949664] wproc:   early_timeout=1; exited_ok=0; wait_status=0; error_code=62;
[1577949664] Warning: Check of host 'Director_Resident' timed out after 30.03 seconds
[1577949664] HOST ALERT: Director_Resident;DOWN;SOFT;1;(Host check timed out after 30.03 seconds)
[1577949664] wproc: Core Worker 22692: job 65958 (pid=19812): Dormant child reaped
[1577949704] wproc: Core Worker 22692: job 65959 (pid=19818) timed out. Killing it
[1577949704] wproc: CHECK job 65959 from worker Core Worker 22692 timed out after 30.01s
[1577949704] wproc:   host=Director_Bldg; service=(null);
[1577949704] wproc:   early_timeout=1; exited_ok=0; wait_status=0; error_code=62;
[1577949704] Warning: Check of host 'Director_Bldg' timed out after 30.01 seconds
[1577949704] HOST ALERT: Director_Bldg;DOWN;SOFT;2;(Host check timed out after 30.01 seconds)
[1577949704] wproc: Core Worker 22692: job 65959 (pid=19818): Dormant child reaped
[1577949735] SERVICE ALERT: Director_Bldg;check-host-alive;CRITICAL;HARD;3;CRITICAL - Plugin timed out
[1577949754] wproc: Core Worker 22689: job 65961 (pid=19836) timed out. Killing it
[1577949754] wproc: CHECK job 65961 from worker Core Worker 22689 timed out after 30.01s
[1577949754] wproc:   host=Director_Resident; service=(null);
[1577949754] wproc:   early_timeout=1; exited_ok=0; wait_status=0; error_code=62;
[1577949754] Warning: Check of host 'Director_Resident' timed out after 30.01 seconds
[1577949754] HOST ALERT: Director_Resident;DOWN;SOFT;2;(Host check timed out after 30.01 seconds)
[1577949754] wproc: Core Worker 22689: job 65961 (pid=19836): Dormant child reaped
[1577949785] SERVICE ALERT: Director_Resident;check-host-alive;CRITICAL;HARD;3;CRITICAL - Plugin timed out
[1577949794] wproc: Core Worker 22690: job 65964 (pid=19868) timed out. Killing it
[1577949794] wproc: CHECK job 65964 from worker Core Worker 22690 timed out after 30.03s
[1577949794] wproc:   host=Director_Bldg; service=(null);
[1577949794] wproc:   early_timeout=1; exited_ok=0; wait_status=0; error_code=62;
[1577949794] Warning: Check of host 'Director_Bldg' timed out after 30.03 seconds
[1577949794] HOST ALERT: Director_Bldg;DOWN;SOFT;3;(Host check timed out after 30.03 seconds)
[1577949794] wproc: Core Worker 22690: job 65964 (pid=19868): Dormant child reaped
[1577949844] wproc: Core Worker 22692: job 65965 (pid=19888) timed out. Killing it
[1577949844] wproc: CHECK job 65965 from worker Core Worker 22692 timed out after 30.03s
[1577949844] wproc:   host=Director_Resident; service=(null);
[1577949844] wproc:   early_timeout=1; exited_ok=0; wait_status=0; error_code=62;
[1577949844] Warning: Check of host 'Director_Resident' timed out after 30.03 seconds
[1577949844] HOST ALERT: Director_Resident;DOWN;SOFT;3;(Host check timed out after 30.03 seconds)
[1577949844] wproc: Core Worker 22692: job 65965 (pid=19888): Dormant child reaped
[1577949884] wproc: Core Worker 22690: job 65967 (pid=19900) timed out. Killing it
[1577949884] wproc: CHECK job 65967 from worker Core Worker 22690 timed out after 30.01s
[1577949884] wproc:   host=Director_Bldg; service=(null);
[1577949884] wproc:   early_timeout=1; exited_ok=0; wait_status=0; error_code=62;
[1577949884] Warning: Check of host 'Director_Bldg' timed out after 30.01 seconds
[1577949884] HOST ALERT: Director_Bldg;DOWN;SOFT;4;(Host check timed out after 30.01 seconds)
[1577949884] wproc: Core Worker 22690: job 65967 (pid=19900): Dormant child reaped
[1577949934] wproc: Core Worker 22692: job 65967 (pid=20049) timed out. Killing it
[1577949934] wproc: CHECK job 65967 from worker Core Worker 22692 timed out after 30.03s
[1577949934] wproc:   host=Director_Resident; service=(null);
[1577949934] wproc:   early_timeout=1; exited_ok=0; wait_status=0; error_code=62;
[1577949934] Warning: Check of host 'Director_Resident' timed out after 30.03 seconds
[1577949934] HOST ALERT: Director_Resident;DOWN;SOFT;4;(Host check timed out after 30.03 seconds)
[1577949934] wproc: Core Worker 22692: job 65967 (pid=20049): Dormant child reaped
[1577949974] wproc: Core Worker 22692: job 65968 (pid=20065) timed out. Killing it
[1577949974] wproc: CHECK job 65968 from worker Core Worker 22692 timed out after 30.03s
[1577949974] wproc:   host=Director_Bldg; service=(null);
[1577949974] wproc:   early_timeout=1; exited_ok=0; wait_status=0; error_code=62;
[1577949974] Warning: Check of host 'Director_Bldg' timed out after 30.03 seconds
[1577949974] HOST ALERT: Director_Bldg;DOWN;SOFT;5;(Host check timed out after 30.03 seconds)
[1577949974] wproc: Core Worker 22692: job 65968 (pid=20065): Dormant child reaped
[1577950024] wproc: Core Worker 22692: job 65969 (pid=20081) timed out. Killing it
[1577950024] wproc: CHECK job 65969 from worker Core Worker 22692 timed out after 30.02s
[1577950024] wproc:   host=Director_Resident; service=(null);
[1577950024] wproc:   early_timeout=1; exited_ok=0; wait_status=0; error_code=62;
[1577950024] Warning: Check of host 'Director_Resident' timed out after 30.02 seconds
[1577950024] HOST ALERT: Director_Resident;DOWN;SOFT;5;(Host check timed out after 30.02 seconds)
[1577950025] wproc: Core Worker 22692: job 65969 (pid=20081): Dormant child reaped
[1577950064] wproc: Core Worker 22691: job 65970 (pid=20088) timed out. Killing it
[1577950064] wproc: CHECK job 65970 from worker Core Worker 22691 timed out after 30.01s
[1577950064] wproc:   host=Director_Bldg; service=(null);
[1577950064] wproc:   early_timeout=1; exited_ok=0; wait_status=0; error_code=62;
[1577950064] Warning: Check of host 'Director_Bldg' timed out after 30.01 seconds
[1577950064] HOST ALERT: Director_Bldg;DOWN;SOFT;6;(Host check timed out after 30.01 seconds)
[1577950064] wproc: Core Worker 22691: job 65970 (pid=20088): Dormant child reaped
[1577950114] wproc: Core Worker 22690: job 65974 (pid=20123) timed out. Killing it
[1577950114] wproc: CHECK job 65974 from worker Core Worker 22690 timed out after 30.01s
[1577950114] wproc:   host=Director_Resident; service=(null);
[1577950114] wproc:   early_timeout=1; exited_ok=0; wait_status=0; error_code=62;
[1577950114] Warning: Check of host 'Director_Resident' timed out after 30.01 seconds
[1577950114] HOST ALERT: Director_Resident;DOWN;SOFT;6;(Host check timed out after 30.01 seconds)
[1577950115] wproc: Core Worker 22690: job 65974 (pid=20123): Dormant child reaped
[1577950154] wproc: Core Worker 22689: job 65976 (pid=20145) timed out. Killing it
[1577950154] wproc: CHECK job 65976 from worker Core Worker 22689 timed out after 30.01s
[1577950154] wproc:   host=Director_Bldg; service=(null);
[1577950154] wproc:   early_timeout=1; exited_ok=0; wait_status=0; error_code=62;
[1577950154] Warning: Check of host 'Director_Bldg' timed out after 30.01 seconds
[1577950154] HOST ALERT: Director_Bldg;DOWN;SOFT;7;(Host check timed out after 30.01 seconds)
[1577950154] wproc: Core Worker 22689: job 65976 (pid=20145): Dormant child reaped
[1577950204] wproc: Core Worker 22691: job 65977 (pid=20165) timed out. Killing it
[1577950204] wproc: CHECK job 65977 from worker Core Worker 22691 timed out after 30.01s
[1577950204] wproc:   host=Director_Resident; service=(null);
[1577950204] wproc:   early_timeout=1; exited_ok=0; wait_status=0; error_code=62;
[1577950204] Warning: Check of host 'Director_Resident' timed out after 30.01 seconds
[1577950204] HOST ALERT: Director_Resident;DOWN;SOFT;7;(Host check timed out after 30.01 seconds)
[1577950205] wproc: Core Worker 22691: job 65977 (pid=20165): Dormant child reaped
[1577950244] wproc: Core Worker 22690: job 65979 (pid=20316) timed out. Killing it
[1577950244] wproc: CHECK job 65979 from worker Core Worker 22690 timed out after 30.03s
[1577950244] wproc:   host=Director_Bldg; service=(null);
[1577950244] wproc:   early_timeout=1; exited_ok=0; wait_status=0; error_code=62;
[1577950244] Warning: Check of host 'Director_Bldg' timed out after 30.03 seconds
[1577950244] HOST ALERT: Director_Bldg;DOWN;SOFT;8;(Host check timed out after 30.03 seconds)
[1577950244] wproc: Core Worker 22690: job 65979 (pid=20316): Dormant child reaped
[1577950294] wproc: Core Worker 22690: job 65980 (pid=20364) timed out. Killing it
[1577950294] wproc: CHECK job 65980 from worker Core Worker 22690 timed out after 30.01s
[1577950294] wproc:   host=Director_Resident; service=(null);
[1577950294] wproc:   early_timeout=1; exited_ok=0; wait_status=0; error_code=62;
[1577950294] Warning: Check of host 'Director_Resident' timed out after 30.01 seconds
[1577950294] HOST ALERT: Director_Resident;DOWN;SOFT;8;(Host check timed out after 30.01 seconds)
[1577950295] wproc: Core Worker 22690: job 65980 (pid=20364): Dormant child reaped
[1577950308] SERVICE ALERT: Director_Bldg;check-host-alive;OK;HARD;3;PING OK - Packet loss = 0%, RTA = 0.61 ms
[1577950308] HOST ALERT: Director_Bldg;UP;SOFT;1;PING OK - Packet loss = 0%, RTA = 0.56 ms
[1577950358] HOST ALERT: Director_Resident;UP;SOFT;1;PING OK - Packet loss = 0%, RTA = 0.63 ms
[1577950359] SERVICE ALERT: Director_Resident;check-host-alive;OK;HARD;3;PING OK - Packet loss = 20%, RTA = 0.73 ms
[1577951834] wproc: Core Worker 22689: job 66028 (pid=21632) timed out. Killing it
[1577951834] wproc: CHECK job 66028 from worker Core Worker 22689 timed out after 30.03s
[1577951834] wproc:   host=Director_Bldg; service=(null);
[1577951834] wproc:   early_timeout=1; exited_ok=0; wait_status=0; error_code=62;
[1577951834] Warning: Check of host 'Director_Bldg' timed out after 30.03 seconds
[1577951834] HOST ALERT: Director_Bldg;DOWN;SOFT;1;(Host check timed out after 30.03 seconds)
[1577951834] wproc: Core Worker 22689: job 66028 (pid=21632): Dormant child reaped
[1577951884] wproc: Core Worker 22690: job 66032 (pid=21672) timed out. Killing it
[1577951884] wproc: CHECK job 66032 from worker Core Worker 22690 timed out after 30.03s
[1577951884] wproc:   host=Director_Resident; service=(null);
[1577951884] wproc:   early_timeout=1; exited_ok=0; wait_status=0; error_code=62;
[1577951884] Warning: Check of host 'Director_Resident' timed out after 30.03 seconds
[1577951884] HOST ALERT: Director_Resident;DOWN;SOFT;1;(Host check timed out after 30.03 seconds)
[1577951885] wproc: Core Worker 22690: job 66032 (pid=21672): Dormant child reaped
[1577951924] wproc: Core Worker 22691: job 66032 (pid=21674) timed out. Killing it
[1577951924] wproc: CHECK job 66032 from worker Core Worker 22691 timed out after 30.02s
[1577951924] wproc:   host=Director_Bldg; service=(null);
[1577951924] wproc:   early_timeout=1; exited_ok=0; wait_status=0; error_code=62;
[1577951924] Warning: Check of host 'Director_Bldg' timed out after 30.02 seconds
[1577951924] HOST ALERT: Director_Bldg;DOWN;SOFT;2;(Host check timed out after 30.02 seconds)
[1577951924] wproc: Core Worker 22691: job 66032 (pid=21674): Dormant child reaped
[1577951974] wproc: Core Worker 22692: job 66034 (pid=21700) timed out. Killing it
[1577951974] wproc: CHECK job 66034 from worker Core Worker 22692 timed out after 30.03s
[1577951974] wproc:   host=Director_Resident; service=(null);
[1577951974] wproc:   early_timeout=1; exited_ok=0; wait_status=0; error_code=62;
[1577951974] Warning: Check of host 'Director_Resident' timed out after 30.03 seconds
[1577951974] HOST ALERT: Director_Resident;DOWN;SOFT;2;(Host check timed out after 30.03 seconds)
[1577951975] wproc: Core Worker 22692: job 66034 (pid=21700): Dormant child reaped
[1577952014] wproc: Core Worker 22691: job 66036 (pid=21719) timed out. Killing it
[1577952014] wproc: CHECK job 66036 from worker Core Worker 22691 timed out after 30.01s
[1577952014] wproc:   host=Director_Bldg; service=(null);
[1577952014] wproc:   early_timeout=1; exited_ok=0; wait_status=0; error_code=62;
[1577952014] Warning: Check of host 'Director_Bldg' timed out after 30.01 seconds
[1577952014] HOST ALERT: Director_Bldg;DOWN;SOFT;3;(Host check timed out after 30.01 seconds)
[1577952014] wproc: Core Worker 22691: job 66036 (pid=21719): Dormant child reaped
[1577952064] wproc: Core Worker 22690: job 66038 (pid=21883) timed out. Killing it
[1577952064] wproc: CHECK job 66038 from worker Core Worker 22690 timed out after 30.03s
[1577952064] wproc:   host=Director_Resident; service=(null);
[1577952064] wproc:   early_timeout=1; exited_ok=0; wait_status=0; error_code=62;
[1577952064] Warning: Check of host 'Director_Resident' timed out after 30.03 seconds
[1577952064] HOST ALERT: Director_Resident;DOWN;SOFT;3;(Host check timed out after 30.03 seconds)
[1577952065] wproc: Core Worker 22690: job 66038 (pid=21883): Dormant child reaped
[1577952104] wproc: Core Worker 22691: job 66039 (pid=21892) timed out. Killing it
[1577952104] wproc: CHECK job 66039 from worker Core Worker 22691 timed out after 30.03s
[1577952104] wproc:   host=Director_Bldg; service=(null);
[1577952104] wproc:   early_timeout=1; exited_ok=0; wait_status=0; error_code=62;
[1577952104] Warning: Check of host 'Director_Bldg' timed out after 30.03 seconds
[1577952104] HOST ALERT: Director_Bldg;DOWN;SOFT;4;(Host check timed out after 30.03 seconds)
[1577952104] wproc: Core Worker 22691: job 66039 (pid=21892): Dormant child reaped
[1577952135] SERVICE ALERT: Director_Bldg;check-host-alive;CRITICAL;HARD;1;CRITICAL - Plugin timed out
[1577952154] wproc: Core Worker 22691: job 66040 (pid=21908) timed out. Killing it
[1577952154] wproc: CHECK job 66040 from worker Core Worker 22691 timed out after 30.01s
[1577952154] wproc:   host=Director_Resident; service=(null);
[1577952154] wproc:   early_timeout=1; exited_ok=0; wait_status=0; error_code=62;
[1577952154] Warning: Check of host 'Director_Resident' timed out after 30.01 seconds
[1577952154] HOST ALERT: Director_Resident;DOWN;SOFT;4;(Host check timed out after 30.01 seconds)
[1577952155] wproc: Core Worker 22691: job 66040 (pid=21908): Dormant child reaped
[1577952190] SERVICE ALERT: Director_Resident;check-host-alive;CRITICAL;HARD;1;CRITICAL - Plugin timed out
[1577952194] wproc: Core Worker 22692: job 66043 (pid=21940) timed out. Killing it
[1577952194] wproc: CHECK job 66043 from worker Core Worker 22692 timed out after 30.03s
[1577952194] wproc:   host=Director_Bldg; service=(null);
[1577952194] wproc:   early_timeout=1; exited_ok=0; wait_status=0; error_code=62;
[1577952194] Warning: Check of host 'Director_Bldg' timed out after 30.03 seconds
[1577952194] HOST ALERT: Director_Bldg;DOWN;SOFT;5;(Host check timed out after 30.03 seconds)
[1577952194] wproc: Core Worker 22692: job 66043 (pid=21940): Dormant child reaped
[1577952244] wproc: Core Worker 22690: job 66045 (pid=21960) timed out. Killing it
[1577952244] wproc: CHECK job 66045 from worker Core Worker 22690 timed out after 30.03s
[1577952244] wproc:   host=Director_Resident; service=(null);
[1577952244] wproc:   early_timeout=1; exited_ok=0; wait_status=0; error_code=62;
[1577952244] Warning: Check of host 'Director_Resident' timed out after 30.03 seconds
[1577952244] HOST ALERT: Director_Resident;DOWN;SOFT;5;(Host check timed out after 30.03 seconds)
[1577952245] wproc: Core Worker 22690: job 66045 (pid=21960): Dormant child reaped
[1577952284] wproc: Core Worker 22692: job 66046 (pid=21972) timed out. Killing it
[1577952284] wproc: CHECK job 66046 from worker Core Worker 22692 timed out after 30.01s
[1577952284] wproc:   host=Director_Bldg; service=(null);
[1577952284] wproc:   early_timeout=1; exited_ok=0; wait_status=0; error_code=62;
[1577952284] Warning: Check of host 'Director_Bldg' timed out after 30.01 seconds
[1577952284] HOST ALERT: Director_Bldg;DOWN;SOFT;6;(Host check timed out after 30.01 seconds)
[1577952284] wproc: Core Worker 22692: job 66046 (pid=21972): Dormant child reaped
[1577952334] wproc: Core Worker 22690: job 66047 (pid=22121) timed out. Killing it
[1577952334] wproc: CHECK job 66047 from worker Core Worker 22690 timed out after 30.01s
[1577952334] wproc:   host=Director_Resident; service=(null);
[1577952334] wproc:   early_timeout=1; exited_ok=0; wait_status=0; error_code=62;
[1577952334] Warning: Check of host 'Director_Resident' timed out after 30.01 seconds
[1577952334] HOST ALERT: Director_Resident;DOWN;SOFT;6;(Host check timed out after 30.01 seconds)
[1577952335] wproc: Core Worker 22690: job 66047 (pid=22121): Dormant child reaped
[1577952374] wproc: Core Worker 22690: job 66048 (pid=22137) timed out. Killing it
[1577952374] wproc: CHECK job 66048 from worker Core Worker 22690 timed out after 30.03s
[1577952374] wproc:   host=Director_Bldg; service=(null);
[1577952374] wproc:   early_timeout=1; exited_ok=0; wait_status=0; error_code=62;
[1577952374] Warning: Check of host 'Director_Bldg' timed out after 30.03 seconds
[1577952374] HOST ALERT: Director_Bldg;DOWN;SOFT;7;(Host check timed out after 30.03 seconds)
[1577952374] wproc: Core Worker 22690: job 66048 (pid=22137): Dormant child reaped
[1577952425] wproc: Core Worker 22690: job 66049 (pid=22153) timed out. Killing it
[1577952425] wproc: CHECK job 66049 from worker Core Worker 22690 timed out after 30.03s
[1577952425] wproc:   host=Director_Resident; service=(null);
[1577952425] wproc:   early_timeout=1; exited_ok=0; wait_status=0; error_code=62;
[1577952425] Warning: Check of host 'Director_Resident' timed out after 30.03 seconds
[1577952425] HOST ALERT: Director_Resident;DOWN;SOFT;7;(Host check timed out after 30.03 seconds)
[1577952425] wproc: Core Worker 22690: job 66049 (pid=22153): Dormant child reaped
[1577952438] HOST ALERT: Director_Bldg;UP;SOFT;1;PING OK - Packet loss = 0%, RTA = 0.64 ms
[1577952485] Auto-save of retention data completed successfully.
[1577952489] HOST ALERT: Director_Resident;UP;SOFT;1;PING OK - Packet loss = 0%, RTA = 0.81 ms
[1577952708] SERVICE FLAPPING ALERT: Director_Bldg;check-host-alive;STARTED; Service appears to have started flapping (23.7% change >= 20.0% threshold)
[1577952708] SERVICE ALERT: Director_Bldg;check-host-alive;OK;SOFT;1;PING OK - Packet loss = 0%, RTA = 0.60 ms
[1577952763] SERVICE FLAPPING ALERT: Director_Resident;check-host-alive;STARTED; Service appears to have started flapping (23.7% change >= 20.0% threshold)
[1577952763] SERVICE ALERT: Director_Resident;check-host-alive;OK;SOFT;1;PING OK - Packet loss = 0%, RTA = 0.67 ms
[1577953235] SERVICE ALERT: esxi01;PING;WARNING;SOFT;1;PING WARNING - Packet loss = 20%, RTA = 0.61 ms
[1577953299] SERVICE ALERT: esxi01;PING;OK;SOFT;2;PING OK - Packet loss = 0%, RTA = 0.49 ms
[1577956085] Auto-save of retention data completed successfully.
[1577959685] Auto-save of retention data completed successfully.
[1577962335] SERVICE ALERT: Director_Bldg;check-host-alive;CRITICAL;SOFT;1;CRITICAL - Plugin timed out
[1577962364] wproc: Core Worker 22691: job 66365 (pid=30537) timed out. Killing it
[1577962364] wproc: CHECK job 66365 from worker Core Worker 22691 timed out after 30.01s
[1577962364] wproc:   host=Director_Bldg; service=(null);
[1577962364] wproc:   early_timeout=1; exited_ok=0; wait_status=0; error_code=62;
[1577962364] Warning: Check of host 'Director_Bldg' timed out after 30.01 seconds
[1577962364] HOST ALERT: Director_Bldg;DOWN;SOFT;1;(Host check timed out after 30.01 seconds)
[1577962365] wproc: Core Worker 22691: job 66365 (pid=30537): Dormant child reaped
[1577962390] SERVICE ALERT: Director_Resident;check-host-alive;CRITICAL;SOFT;1;CRITICAL - Plugin timed out
[1577962415] wproc: Core Worker 22692: job 66368 (pid=30569) timed out. Killing it
[1577962415] wproc: CHECK job 66368 from worker Core Worker 22692 timed out after 30.01s
[1577962415] wproc:   host=Director_Resident; service=(null);
[1577962415] wproc:   early_timeout=1; exited_ok=0; wait_status=0; error_code=62;
[1577962415] Warning: Check of host 'Director_Resident' timed out after 30.01 seconds
[1577962415] HOST ALERT: Director_Resident;DOWN;SOFT;1;(Host check timed out after 30.01 seconds)
[1577962415] wproc: Core Worker 22692: job 66368 (pid=30569): Dormant child reaped
[1577962454] wproc: Core Worker 22690: job 66370 (pid=30589) timed out. Killing it
[1577962454] wproc: CHECK job 66370 from worker Core Worker 22690 timed out after 30.01s
[1577962454] wproc:   host=Director_Bldg; service=(null);
[1577962454] wproc:   early_timeout=1; exited_ok=0; wait_status=0; error_code=62;
[1577962454] Warning: Check of host 'Director_Bldg' timed out after 30.01 seconds
[1577962454] HOST ALERT: Director_Bldg;DOWN;SOFT;2;(Host check timed out after 30.01 seconds)
[1577962455] wproc: Core Worker 22690: job 66370 (pid=30589): Dormant child reaped
[1577962486] SERVICE ALERT: Director_Bldg;check-host-alive;CRITICAL;HARD;3;CRITICAL - Plugin timed out
[1577962505] wproc: Core Worker 22689: job 66372 (pid=30603) timed out. Killing it
[1577962505] wproc: CHECK job 66372 from worker Core Worker 22689 timed out after 30.00s
[1577962505] wproc:   host=Director_Resident; service=(null);
[1577962505] wproc:   early_timeout=1; exited_ok=0; wait_status=0; error_code=62;
[1577962505] Warning: Check of host 'Director_Resident' timed out after 30.00 seconds
[1577962505] HOST ALERT: Director_Resident;DOWN;SOFT;2;(Host check timed out after 30.00 seconds)
[1577962505] wproc: Core Worker 22689: job 66372 (pid=30603): Dormant child reaped
[1577962541] SERVICE ALERT: Director_Resident;check-host-alive;CRITICAL;HARD;3;CRITICAL - Plugin timed out
[1577962544] wproc: Core Worker 22691: job 66372 (pid=30751) timed out. Killing it
[1577962544] wproc: CHECK job 66372 from worker Core Worker 22691 timed out after 30.02s
[1577962544] wproc:   host=Director_Bldg; service=(null);
[1577962544] wproc:   early_timeout=1; exited_ok=0; wait_status=0; error_code=62;
[1577962544] Warning: Check of host 'Director_Bldg' timed out after 30.02 seconds
[1577962544] HOST ALERT: Director_Bldg;DOWN;SOFT;3;(Host check timed out after 30.02 seconds)
[1577962545] wproc: Core Worker 22691: job 66372 (pid=30751): Dormant child reaped
[1577962595] wproc: Core Worker 22691: job 66373 (pid=30767) timed out. Killing it
[1577962595] wproc: CHECK job 66373 from worker Core Worker 22691 timed out after 30.00s
[1577962595] wproc:   host=Director_Resident; service=(null);
[1577962595] wproc:   early_timeout=1; exited_ok=0; wait_status=0; error_code=62;
[1577962595] Warning: Check of host 'Director_Resident' timed out after 30.00 seconds
[1577962595] HOST ALERT: Director_Resident;DOWN;SOFT;3;(Host check timed out after 30.00 seconds)
[1577962595] wproc: Core Worker 22691: job 66373 (pid=30767): Dormant child reaped
[1577962634] wproc: Core Worker 22691: job 66374 (pid=30783) timed out. Killing it
[1577962634] wproc: CHECK job 66374 from worker Core Worker 22691 timed out after 30.03s
[1577962634] wproc:   host=Director_Bldg; service=(null);
[1577962634] wproc:   early_timeout=1; exited_ok=0; wait_status=0; error_code=62;
[1577962634] Warning: Check of host 'Director_Bldg' timed out after 30.03 seconds
[1577962634] HOST ALERT: Director_Bldg;DOWN;SOFT;4;(Host check timed out after 30.03 seconds)
[1577962635] wproc: Core Worker 22691: job 66374 (pid=30783): Dormant child reaped
[1577962685] wproc: Core Worker 22692: job 66378 (pid=30815) timed out. Killing it
[1577962685] wproc: CHECK job 66378 from worker Core Worker 22692 timed out after 30.03s
[1577962685] wproc:   host=Director_Resident; service=(null);
[1577962685] wproc:   early_timeout=1; exited_ok=0; wait_status=0; error_code=62;
[1577962685] Warning: Check of host 'Director_Resident' timed out after 30.03 seconds
[1577962685] HOST ALERT: Director_Resident;DOWN;SOFT;4;(Host check timed out after 30.03 seconds)
[1577962685] wproc: Core Worker 22692: job 66378 (pid=30815): Dormant child reaped
[1577962724] wproc: Core Worker 22690: job 66379 (pid=30828) timed out. Killing it
[1577962724] wproc: CHECK job 66379 from worker Core Worker 22690 timed out after 30.02s
[1577962724] wproc:   host=Director_Bldg; service=(null);
[1577962724] wproc:   early_timeout=1; exited_ok=0; wait_status=0; error_code=62;
[1577962724] Warning: Check of host 'Director_Bldg' timed out after 30.02 seconds
[1577962724] HOST ALERT: Director_Bldg;DOWN;SOFT;5;(Host check timed out after 30.02 seconds)
[1577962725] wproc: Core Worker 22690: job 66379 (pid=30828): Dormant child reaped
[1577962775] wproc: Core Worker 22690: job 66381 (pid=30852) timed out. Killing it
[1577962775] wproc: CHECK job 66381 from worker Core Worker 22690 timed out after 30.01s
[1577962775] wproc:   host=Director_Resident; service=(null);
[1577962775] wproc:   early_timeout=1; exited_ok=0; wait_status=0; error_code=62;
[1577962775] Warning: Check of host 'Director_Resident' timed out after 30.01 seconds
[1577962775] HOST ALERT: Director_Resident;DOWN;SOFT;5;(Host check timed out after 30.01 seconds)
[1577962775] wproc: Core Worker 22690: job 66381 (pid=30852): Dormant child reaped
[1577962814] wproc: Core Worker 22689: job 66383 (pid=30871) timed out. Killing it
[1577962814] wproc: CHECK job 66383 from worker Core Worker 22689 timed out after 30.01s
[1577962814] wproc:   host=Director_Bldg; service=(null);
[1577962814] wproc:   early_timeout=1; exited_ok=0; wait_status=0; error_code=62;
[1577962814] Warning: Check of host 'Director_Bldg' timed out after 30.01 seconds
[1577962814] HOST ALERT: Director_Bldg;DOWN;SOFT;6;(Host check timed out after 30.01 seconds)
[1577962815] wproc: Core Worker 22689: job 66383 (pid=30871): Dormant child reaped
[1577962865] wproc: Core Worker 22692: job 66384 (pid=31024) timed out. Killing it
[1577962865] wproc: CHECK job 66384 from worker Core Worker 22692 timed out after 30.03s
[1577962865] wproc:   host=Director_Resident; service=(null);
[1577962865] wproc:   early_timeout=1; exited_ok=0; wait_status=0; error_code=62;
[1577962865] Warning: Check of host 'Director_Resident' timed out after 30.03 seconds
[1577962865] HOST ALERT: Director_Resident;DOWN;SOFT;6;(Host check timed out after 30.03 seconds)
[1577962865] wproc: Core Worker 22692: job 66384 (pid=31024): Dormant child reaped
[1577962904] wproc: Core Worker 22689: job 66386 (pid=31040) timed out. Killing it
[1577962904] wproc: CHECK job 66386 from worker Core Worker 22689 timed out after 30.01s
[1577962904] wproc:   host=Director_Bldg; service=(null);
[1577962904] wproc:   early_timeout=1; exited_ok=0; wait_status=0; error_code=62;
[1577962904] Warning: Check of host 'Director_Bldg' timed out after 30.01 seconds
[1577962904] HOST ALERT: Director_Bldg;DOWN;SOFT;7;(Host check timed out after 30.01 seconds)
[1577962905] wproc: Core Worker 22689: job 66386 (pid=31040): Dormant child reaped
[1577962955] wproc: Core Worker 22692: job 66386 (pid=31054) timed out. Killing it
[1577962955] wproc: CHECK job 66386 from worker Core Worker 22692 timed out after 30.01s
[1577962955] wproc:   host=Director_Resident; service=(null);
[1577962955] wproc:   early_timeout=1; exited_ok=0; wait_status=0; error_code=62;
[1577962955] Warning: Check of host 'Director_Resident' timed out after 30.01 seconds
[1577962955] HOST ALERT: Director_Resident;DOWN;SOFT;7;(Host check timed out after 30.01 seconds)
[1577962955] wproc: Core Worker 22692: job 66386 (pid=31054): Dormant child reaped
[1577962994] wproc: Core Worker 22689: job 66390 (pid=31086) timed out. Killing it
[1577962994] wproc: CHECK job 66390 from worker Core Worker 22689 timed out after 30.01s
[1577962994] wproc:   host=Director_Bldg; service=(null);
[1577962994] wproc:   early_timeout=1; exited_ok=0; wait_status=0; error_code=62;
[1577962994] Warning: Check of host 'Director_Bldg' timed out after 30.01 seconds
[1577962994] HOST ALERT: Director_Bldg;DOWN;SOFT;8;(Host check timed out after 30.01 seconds)
[1577962995] wproc: Core Worker 22689: job 66390 (pid=31086): Dormant child reaped
[1577963020] HOST ALERT: Director_Resident;UP;SOFT;1;PING OK - Packet loss = 20%, RTA = 0.72 ms
[1577963058] HOST ALERT: Director_Bldg;UP;SOFT;1;PING OK - Packet loss = 0%, RTA = 0.60 ms
[1577963059] SERVICE ALERT: Director_Bldg;check-host-alive;OK;HARD;3;PING OK - Packet loss = 0%, RTA = 0.62 ms
[1577963114] SERVICE ALERT: Director_Resident;check-host-alive;OK;HARD;3;PING OK - Packet loss = 0%, RTA = 0.71 ms
[1577963285] Auto-save of retention data completed successfully.
[1577966885] Auto-save of retention data completed successfully.
[1577970485] Auto-save of retention data completed successfully.
[1577971873] SERVICE ALERT: esxi04;PING;WARNING;SOFT;1;PING WARNING - Packet loss = 20%, RTA = 0.42 ms
[1577971937] SERVICE ALERT: esxi04;PING;OK;SOFT;2;PING OK - Packet loss = 0%, RTA = 0.49 ms
[1577974085] Auto-save of retention data completed successfully.
[1577974463] SERVICE FLAPPING ALERT: Director_Bldg;check-host-alive;STOPPED; Service appears to have stopped flapping (3.8% change < 5.0% threshold)
[1577974518] SERVICE FLAPPING ALERT: Director_Resident;check-host-alive;STOPPED; Service appears to have stopped flapping (3.8% change < 5.0% threshold)
[1577977685] Auto-save of retention data completed successfully.
[1577981285] Auto-save of retention data completed successfully.
[1577983879] SERVICE ALERT: esxi03;PING;WARNING;SOFT;1;PING WARNING - Packet loss = 20%, RTA = 0.82 ms
[1577983943] SERVICE ALERT: esxi03;PING;OK;SOFT;2;PING OK - Packet loss = 0%, RTA = 0.43 ms
[1577984885] Auto-save of retention data completed successfully.
[1577986886] SERVICE ALERT: esxi08;PING;WARNING;SOFT;1;PING WARNING - Packet loss = 20%, RTA = 0.47 ms
[1577986950] SERVICE ALERT: esxi08;PING;OK;SOFT;2;PING OK - Packet loss = 0%, RTA = 0.46 ms
[1577988485] Auto-save of retention data completed successfully.
