[1599417000] LOG ROTATION: DAILY
[1599417000] LOG VERSION: 2.0
[1599417000] CURRENT HOST STATE: AP_Main_Bldg;UP;HARD;1;PING OK - Packet loss = 0%, RTA = 0.78 ms
[1599417000] CURRENT HOST STATE: Director_Bldg;UP;HARD;1;PING OK - Packet loss = 0%, RTA = 0.58 ms
[1599417000] CURRENT HOST STATE: Director_Resident;UP;HARD;1;PING OK - Packet loss = 0%, RTA = 4.45 ms
[1599417000] CURRENT HOST STATE: esxi01;UP;HARD;1;PING OK - Packet loss = 0%, RTA = 0.44 ms
[1599417000] CURRENT HOST STATE: esxi02;UP;HARD;1;PING OK - Packet loss = 0%, RTA = 0.49 ms
[1599417000] CURRENT HOST STATE: esxi03;UP;HARD;1;PING OK - Packet loss = 0%, RTA = 0.39 ms
[1599417000] CURRENT HOST STATE: esxi04;UP;HARD;1;PING OK - Packet loss = 0%, RTA = 0.40 ms
[1599417000] CURRENT HOST STATE: esxi05;UP;HARD;1;PING OK - Packet loss = 0%, RTA = 0.50 ms
[1599417000] CURRENT HOST STATE: esxi06;UP;HARD;1;PING OK - Packet loss = 0%, RTA = 0.43 ms
[1599417000] CURRENT HOST STATE: esxi07;UP;HARD;1;PING OK - Packet loss = 0%, RTA = 0.45 ms
[1599417000] CURRENT HOST STATE: esxi08;UP;HARD;1;PING OK - Packet loss = 0%, RTA = 0.36 ms
[1599417000] CURRENT HOST STATE: esxi09;UP;HARD;1;PING OK - Packet loss = 0%, RTA = 0.45 ms
[1599417000] CURRENT HOST STATE: localhost;UP;HARD;1;PING OK - Packet loss = 0%, RTA = 0.05 ms
[1599417000] CURRENT HOST STATE: vmware10gswitch;UP;HARD;1;PING OK - Packet loss = 0%, RTA = 1.35 ms
[1599417000] CURRENT HOST STATE: vmwaremgmtswitch;UP;HARD;1;PING OK - Packet loss = 0%, RTA = 1.48 ms
[1599417000] CURRENT SERVICE STATE: AP_Main_Bldg;check-host-alive;OK;HARD;1;PING OK - Packet loss = 0%, RTA = 0.72 ms
[1599417000] CURRENT SERVICE STATE: Director_Bldg;check-host-alive;OK;HARD;1;PING OK - Packet loss = 0%, RTA = 0.67 ms
[1599417000] CURRENT SERVICE STATE: Director_Resident;check-host-alive;OK;HARD;1;PING OK - Packet loss = 0%, RTA = 0.61 ms
[1599417000] CURRENT SERVICE STATE: esxi01;ESXi Hardware Check;OK;HARD;1;OK - Server: Cisco Systems Inc UCSC-C220-M4S s/n: FCH22157EQH Chassis S/N: FCH2216V0WN  System BIOS: C220M4.3.0.4a.0.0226182253 2018-02-26
[1599417000] CURRENT SERVICE STATE: esxi01;PING;OK;HARD;1;PING OK - Packet loss = 0%, RTA = 0.47 ms
[1599417000] CURRENT SERVICE STATE: esxi02;ESXi Hardware Check;UNKNOWN;HARD;3;UNKNOWN:
[1599417000] CURRENT SERVICE STATE: esxi02;PING;OK;HARD;1;PING OK - Packet loss = 0%, RTA = 0.44 ms
[1599417000] CURRENT SERVICE STATE: esxi03;ESXi Hardware Check;OK;HARD;1;OK - Server: Cisco Systems Inc UCSC-C220-M4S s/n: FCH22157ESB Chassis S/N: FCH2216V0TW  System BIOS: C220M4.3.0.4a.0.0226182253 2018-02-26
[1599417000] CURRENT SERVICE STATE: esxi03;PING;OK;HARD;1;PING OK - Packet loss = 0%, RTA = 0.37 ms
[1599417000] CURRENT SERVICE STATE: esxi04;ESXi Hardware Check;OK;HARD;1;OK - Server: Cisco Systems Inc UCSC-C220-M4S s/n: FCH22137QKB Chassis S/N: FCH2216V0YZ  System BIOS: C220M4.3.0.4a.0.0226182253 2018-02-26
[1599417000] CURRENT SERVICE STATE: esxi04;PING;OK;HARD;1;PING OK - Packet loss = 0%, RTA = 0.44 ms
[1599417000] CURRENT SERVICE STATE: esxi05;ESXi Hardware Check;OK;HARD;1;OK - Server: Cisco Systems Inc UCSC-C220-M4S s/n: FCH22157EPD Chassis S/N: FCH2216V0Z0  System BIOS: C220M4.3.0.4a.0.0226182253 2018-02-26
[1599417000] CURRENT SERVICE STATE: esxi05;PING;OK;HARD;1;PING OK - Packet loss = 0%, RTA = 0.38 ms
[1599417000] CURRENT SERVICE STATE: esxi06;ESXi Haradware Check;UNKNOWN;HARD;3;UNKNOWN: (0, 'Socket error: [Errno 111] Connection refused')
[1599417000] CURRENT SERVICE STATE: esxi06;PING;OK;HARD;1;PING OK - Packet loss = 0%, RTA = 0.39 ms
[1599417000] CURRENT SERVICE STATE: esxi07;ESXi Hardware Check;OK;HARD;1;OK - Server: Cisco Systems Inc UCSC-C220-M4S s/n: FCH22157EV7 Chassis S/N: FCH2216V0Y8  System BIOS: C220M4.3.0.4a.0.0226182253 2018-02-26
[1599417000] CURRENT SERVICE STATE: esxi07;PING;OK;HARD;1;PING OK - Packet loss = 0%, RTA = 0.50 ms
[1599417000] CURRENT SERVICE STATE: esxi08;ESXi Hardware Check;OK;HARD;1;OK - Server: Cisco Systems Inc UCSC-C220-M4S s/n: FCH22137QJN Chassis S/N: FCH2216V0YV  System BIOS: C220M4.3.0.4a.0.0226182253 2018-02-26
[1599417000] CURRENT SERVICE STATE: esxi08;PING;OK;HARD;1;PING OK - Packet loss = 0%, RTA = 0.46 ms
[1599417000] CURRENT SERVICE STATE: esxi09;ESXi Hardware Check;OK;HARD;1;OK - Server: Cisco Systems Inc UCSC-C220-M4S s/n: FCH22157ERY Chassis S/N: FCH2216V0YN  System BIOS: C220M4.3.0.4a.0.0226182253 2018-02-26
[1599417000] CURRENT SERVICE STATE: esxi09;PING;OK;HARD;1;PING OK - Packet loss = 0%, RTA = 0.42 ms
[1599417000] CURRENT SERVICE STATE: localhost;Current Load;OK;HARD;1;OK - load average: 0.00, 0.04, 0.05
[1599417000] CURRENT SERVICE STATE: localhost;Current Users;OK;HARD;1;USERS OK - 0 users currently logged in
[1599417000] CURRENT SERVICE STATE: localhost;PING;OK;HARD;1;PING OK - Packet loss = 0%, RTA = 0.05 ms
[1599417000] CURRENT SERVICE STATE: localhost;Root Partition;OK;HARD;1;DISK OK - free space: / 42826 MB (83.68% inode=99%):
[1599417000] CURRENT SERVICE STATE: localhost;SSH;OK;HARD;1;SSH OK - OpenSSH_7.4 (protocol 2.0)
[1599417000] CURRENT SERVICE STATE: localhost;Swap Usage;OK;HARD;1;SWAP OK - 100% free (3967 MB out of 3967 MB)
[1599417000] CURRENT SERVICE STATE: localhost;Total Processes;OK;HARD;1;PROCS OK: 76 processes with STATE = RSZDT
[1599417000] CURRENT SERVICE STATE: vmware10gswitch;check-host-alive;OK;HARD;1;PING OK - Packet loss = 0%, RTA = 1.25 ms
[1599417000] CURRENT SERVICE STATE: vmwaremgmtswitch;check-host-alive;OK;HARD;1;PING OK - Packet loss = 0%, RTA = 0.84 ms
[1599419285] Auto-save of retention data completed successfully.
[1599421420] SERVICE ALERT: esxi06;PING;WARNING;SOFT;1;PING WARNING - Packet loss = 20%, RTA = 0.36 ms
[1599421484] SERVICE ALERT: esxi06;PING;OK;SOFT;2;PING OK - Packet loss = 0%, RTA = 0.88 ms
[1599422885] Auto-save of retention data completed successfully.
[1599426485] Auto-save of retention data completed successfully.
[1599430085] Auto-save of retention data completed successfully.
[1599433685] Auto-save of retention data completed successfully.
[1599437285] Auto-save of retention data completed successfully.
[1599440885] Auto-save of retention data completed successfully.
[1599444485] Auto-save of retention data completed successfully.
[1599445145] wproc: Core Worker 22692: job 743070 (pid=6278) timed out. Killing it
[1599445145] wproc: CHECK job 743070 from worker Core Worker 22692 timed out after 30.03s
[1599445145] wproc:   host=Director_Bldg; service=(null);
[1599445145] wproc:   early_timeout=1; exited_ok=0; wait_status=0; error_code=62;
[1599445145] Warning: Check of host 'Director_Bldg' timed out after 30.03 seconds
[1599445145] HOST ALERT: Director_Bldg;DOWN;SOFT;1;(Host check timed out after 30.03 seconds)
[1599445146] wproc: Core Worker 22692: job 743070 (pid=6278): Dormant child reaped
[1599445148] wproc: Core Worker 22689: job 743071 (pid=6280) timed out. Killing it
[1599445148] wproc: CHECK job 743071 from worker Core Worker 22689 timed out after 30.03s
[1599445148] wproc:   host=Director_Resident; service=(null);
[1599445148] wproc:   early_timeout=1; exited_ok=0; wait_status=0; error_code=62;
[1599445148] Warning: Check of host 'Director_Resident' timed out after 30.03 seconds
[1599445148] HOST ALERT: Director_Resident;DOWN;SOFT;1;(Host check timed out after 30.03 seconds)
[1599445149] wproc: Core Worker 22689: job 743071 (pid=6280): Dormant child reaped
[1599445235] wproc: Core Worker 22692: job 743071 (pid=6438) timed out. Killing it
[1599445235] wproc: CHECK job 743071 from worker Core Worker 22692 timed out after 30.01s
[1599445235] wproc:   host=Director_Bldg; service=(null);
[1599445235] wproc:   early_timeout=1; exited_ok=0; wait_status=0; error_code=62;
[1599445235] Warning: Check of host 'Director_Bldg' timed out after 30.01 seconds
[1599445235] HOST ALERT: Director_Bldg;DOWN;SOFT;2;(Host check timed out after 30.01 seconds)
[1599445236] wproc: Core Worker 22692: job 743071 (pid=6438): Dormant child reaped
[1599445238] wproc: Core Worker 22689: job 743072 (pid=6440) timed out. Killing it
[1599445238] wproc: CHECK job 743072 from worker Core Worker 22689 timed out after 30.01s
[1599445238] wproc:   host=Director_Resident; service=(null);
[1599445238] wproc:   early_timeout=1; exited_ok=0; wait_status=0; error_code=62;
[1599445238] Warning: Check of host 'Director_Resident' timed out after 30.01 seconds
[1599445238] HOST ALERT: Director_Resident;DOWN;SOFT;2;(Host check timed out after 30.01 seconds)
[1599445239] wproc: Core Worker 22689: job 743072 (pid=6440): Dormant child reaped
[1599445325] wproc: Core Worker 22690: job 743075 (pid=6482) timed out. Killing it
[1599445325] wproc: CHECK job 743075 from worker Core Worker 22690 timed out after 30.02s
[1599445325] wproc:   host=Director_Bldg; service=(null);
[1599445325] wproc:   early_timeout=1; exited_ok=0; wait_status=0; error_code=62;
[1599445325] Warning: Check of host 'Director_Bldg' timed out after 30.02 seconds
[1599445325] HOST ALERT: Director_Bldg;DOWN;SOFT;3;(Host check timed out after 30.02 seconds)
[1599445326] wproc: Core Worker 22690: job 743075 (pid=6482): Dormant child reaped
[1599445328] wproc: Core Worker 22691: job 743075 (pid=6484) timed out. Killing it
[1599445328] wproc: CHECK job 743075 from worker Core Worker 22691 timed out after 30.03s
[1599445328] wproc:   host=Director_Resident; service=(null);
[1599445328] wproc:   early_timeout=1; exited_ok=0; wait_status=0; error_code=62;
[1599445328] Warning: Check of host 'Director_Resident' timed out after 30.03 seconds
[1599445328] HOST ALERT: Director_Resident;DOWN;SOFT;3;(Host check timed out after 30.03 seconds)
[1599445329] wproc: Core Worker 22691: job 743075 (pid=6484): Dormant child reaped
[1599445415] wproc: Core Worker 22690: job 743079 (pid=6521) timed out. Killing it
[1599445415] wproc: CHECK job 743079 from worker Core Worker 22690 timed out after 30.01s
[1599445415] wproc:   host=Director_Bldg; service=(null);
[1599445415] wproc:   early_timeout=1; exited_ok=0; wait_status=0; error_code=62;
[1599445415] Warning: Check of host 'Director_Bldg' timed out after 30.01 seconds
[1599445415] HOST ALERT: Director_Bldg;DOWN;SOFT;4;(Host check timed out after 30.01 seconds)
[1599445416] wproc: Core Worker 22690: job 743079 (pid=6521): Dormant child reaped
[1599445419] wproc: Core Worker 22691: job 743079 (pid=6523) timed out. Killing it
[1599445419] wproc: CHECK job 743079 from worker Core Worker 22691 timed out after 30.01s
[1599445419] wproc:   host=Director_Resident; service=(null);
[1599445419] wproc:   early_timeout=1; exited_ok=0; wait_status=0; error_code=62;
[1599445419] Warning: Check of host 'Director_Resident' timed out after 30.01 seconds
[1599445419] HOST ALERT: Director_Resident;DOWN;SOFT;4;(Host check timed out after 30.01 seconds)
[1599445419] wproc: Core Worker 22691: job 743079 (pid=6523): Dormant child reaped
[1599445479] HOST ALERT: Director_Bldg;UP;SOFT;1;PING OK - Packet loss = 0%, RTA = 0.63 ms
[1599445483] HOST ALERT: Director_Resident;UP;SOFT;1;PING OK - Packet loss = 0%, RTA = 0.87 ms
[1599447841] SERVICE ALERT: Director_Bldg;check-host-alive;CRITICAL;SOFT;1;CRITICAL - Plugin timed out
[1599447844] SERVICE ALERT: Director_Resident;check-host-alive;CRITICAL;SOFT;1;CRITICAL - Plugin timed out
[1599447871] wproc: Core Worker 22691: job 743151 (pid=8559) timed out. Killing it
[1599447871] wproc: CHECK job 743151 from worker Core Worker 22691 timed out after 30.02s
[1599447871] wproc:   host=Director_Bldg; service=(null);
[1599447871] wproc:   early_timeout=1; exited_ok=0; wait_status=0; error_code=62;
[1599447871] Warning: Check of host 'Director_Bldg' timed out after 30.02 seconds
[1599447871] HOST ALERT: Director_Bldg;DOWN;SOFT;1;(Host check timed out after 30.02 seconds)
[1599447872] wproc: Core Worker 22691: job 743151 (pid=8559): Dormant child reaped
[1599447874] wproc: Core Worker 22692: job 743151 (pid=8561) timed out. Killing it
[1599447874] wproc: CHECK job 743151 from worker Core Worker 22692 timed out after 30.03s
[1599447874] wproc:   host=Director_Resident; service=(null);
[1599447874] wproc:   early_timeout=1; exited_ok=0; wait_status=0; error_code=62;
[1599447874] Warning: Check of host 'Director_Resident' timed out after 30.03 seconds
[1599447874] HOST ALERT: Director_Resident;DOWN;SOFT;1;(Host check timed out after 30.03 seconds)
[1599447875] wproc: Core Worker 22692: job 743151 (pid=8561): Dormant child reaped
[1599447961] wproc: Core Worker 22692: job 743152 (pid=8713) timed out. Killing it
[1599447961] wproc: CHECK job 743152 from worker Core Worker 22692 timed out after 30.01s
[1599447961] wproc:   host=Director_Bldg; service=(null);
[1599447961] wproc:   early_timeout=1; exited_ok=0; wait_status=0; error_code=62;
[1599447961] Warning: Check of host 'Director_Bldg' timed out after 30.01 seconds
[1599447961] HOST ALERT: Director_Bldg;DOWN;SOFT;2;(Host check timed out after 30.01 seconds)
[1599447962] wproc: Core Worker 22692: job 743152 (pid=8713): Dormant child reaped
[1599447964] wproc: Core Worker 22689: job 743153 (pid=8715) timed out. Killing it
[1599447964] wproc: CHECK job 743153 from worker Core Worker 22689 timed out after 30.02s
[1599447964] wproc:   host=Director_Resident; service=(null);
[1599447964] wproc:   early_timeout=1; exited_ok=0; wait_status=0; error_code=62;
[1599447964] Warning: Check of host 'Director_Resident' timed out after 30.02 seconds
[1599447964] HOST ALERT: Director_Resident;DOWN;SOFT;2;(Host check timed out after 30.02 seconds)
[1599447965] wproc: Core Worker 22689: job 743153 (pid=8715): Dormant child reaped
[1599447992] SERVICE ALERT: Director_Bldg;check-host-alive;CRITICAL;HARD;3;CRITICAL - Plugin timed out
[1599447995] SERVICE ALERT: Director_Resident;check-host-alive;CRITICAL;HARD;3;CRITICAL - Plugin timed out
[1599448051] wproc: Core Worker 22692: job 743155 (pid=8753) timed out. Killing it
[1599448051] wproc: CHECK job 743155 from worker Core Worker 22692 timed out after 30.02s
[1599448051] wproc:   host=Director_Bldg; service=(null);
[1599448051] wproc:   early_timeout=1; exited_ok=0; wait_status=0; error_code=62;
[1599448051] Warning: Check of host 'Director_Bldg' timed out after 30.02 seconds
[1599448051] HOST ALERT: Director_Bldg;DOWN;SOFT;3;(Host check timed out after 30.02 seconds)
[1599448052] wproc: Core Worker 22692: job 743155 (pid=8753): Dormant child reaped
[1599448054] wproc: Core Worker 22690: job 743156 (pid=8757) timed out. Killing it
[1599448054] wproc: CHECK job 743156 from worker Core Worker 22690 timed out after 30.01s
[1599448054] wproc:   host=Director_Resident; service=(null);
[1599448054] wproc:   early_timeout=1; exited_ok=0; wait_status=0; error_code=62;
[1599448054] Warning: Check of host 'Director_Resident' timed out after 30.01 seconds
[1599448054] HOST ALERT: Director_Resident;DOWN;SOFT;3;(Host check timed out after 30.01 seconds)
[1599448055] wproc: Core Worker 22690: job 743156 (pid=8757): Dormant child reaped
[1599448085] Auto-save of retention data completed successfully.
[1599448141] wproc: Core Worker 22689: job 743161 (pid=8801) timed out. Killing it
[1599448141] wproc: CHECK job 743161 from worker Core Worker 22689 timed out after 30.03s
[1599448141] wproc:   host=Director_Bldg; service=(null);
[1599448141] wproc:   early_timeout=1; exited_ok=0; wait_status=0; error_code=62;
[1599448141] Warning: Check of host 'Director_Bldg' timed out after 30.03 seconds
[1599448141] HOST ALERT: Director_Bldg;DOWN;SOFT;4;(Host check timed out after 30.03 seconds)
[1599448142] wproc: Core Worker 22689: job 743161 (pid=8801): Dormant child reaped
[1599448144] wproc: Core Worker 22690: job 743161 (pid=8803) timed out. Killing it
[1599448144] wproc: CHECK job 743161 from worker Core Worker 22690 timed out after 30.03s
[1599448144] wproc:   host=Director_Resident; service=(null);
[1599448144] wproc:   early_timeout=1; exited_ok=0; wait_status=0; error_code=62;
[1599448144] Warning: Check of host 'Director_Resident' timed out after 30.03 seconds
[1599448144] HOST ALERT: Director_Resident;DOWN;SOFT;4;(Host check timed out after 30.03 seconds)
[1599448145] wproc: Core Worker 22690: job 743161 (pid=8803): Dormant child reaped
[1599448231] wproc: Core Worker 22690: job 743162 (pid=8829) timed out. Killing it
[1599448231] wproc: CHECK job 743162 from worker Core Worker 22690 timed out after 30.01s
[1599448231] wproc:   host=Director_Bldg; service=(null);
[1599448231] wproc:   early_timeout=1; exited_ok=0; wait_status=0; error_code=62;
[1599448231] Warning: Check of host 'Director_Bldg' timed out after 30.01 seconds
[1599448231] HOST ALERT: Director_Bldg;DOWN;SOFT;5;(Host check timed out after 30.01 seconds)
[1599448232] wproc: Core Worker 22690: job 743162 (pid=8829): Dormant child reaped
[1599448234] wproc: Core Worker 22691: job 743162 (pid=8986) timed out. Killing it
[1599448234] wproc: CHECK job 743162 from worker Core Worker 22691 timed out after 30.01s
[1599448234] wproc:   host=Director_Resident; service=(null);
[1599448234] wproc:   early_timeout=1; exited_ok=0; wait_status=0; error_code=62;
[1599448234] Warning: Check of host 'Director_Resident' timed out after 30.01 seconds
[1599448234] HOST ALERT: Director_Resident;DOWN;SOFT;5;(Host check timed out after 30.01 seconds)
[1599448235] wproc: Core Worker 22691: job 743162 (pid=8986): Dormant child reaped
[1599448321] wproc: Core Worker 22692: job 743165 (pid=9022) timed out. Killing it
[1599448321] wproc: CHECK job 743165 from worker Core Worker 22692 timed out after 30.01s
[1599448321] wproc:   host=Director_Bldg; service=(null);
[1599448321] wproc:   early_timeout=1; exited_ok=0; wait_status=0; error_code=62;
[1599448321] Warning: Check of host 'Director_Bldg' timed out after 30.01 seconds
[1599448321] HOST ALERT: Director_Bldg;DOWN;SOFT;6;(Host check timed out after 30.01 seconds)
[1599448322] wproc: Core Worker 22692: job 743165 (pid=9022): Dormant child reaped
[1599448324] wproc: Core Worker 22689: job 743166 (pid=9035) timed out. Killing it
[1599448324] wproc: CHECK job 743166 from worker Core Worker 22689 timed out after 30.02s
[1599448324] wproc:   host=Director_Resident; service=(null);
[1599448324] wproc:   early_timeout=1; exited_ok=0; wait_status=0; error_code=62;
[1599448324] Warning: Check of host 'Director_Resident' timed out after 30.02 seconds
[1599448324] HOST ALERT: Director_Resident;DOWN;SOFT;6;(Host check timed out after 30.02 seconds)
[1599448325] wproc: Core Worker 22689: job 743166 (pid=9035): Dormant child reaped
[1599448385] HOST ALERT: Director_Bldg;UP;SOFT;1;PING OK - Packet loss = 0%, RTA = 0.64 ms
[1599448389] HOST ALERT: Director_Resident;UP;SOFT;1;PING OK - Packet loss = 20%, RTA = 0.65 ms
[1599448565] SERVICE ALERT: Director_Bldg;check-host-alive;OK;HARD;3;PING OK - Packet loss = 0%, RTA = 0.62 ms
[1599448568] SERVICE ALERT: Director_Resident;check-host-alive;OK;HARD;3;PING OK - Packet loss = 0%, RTA = 0.69 ms
[1599451685] Auto-save of retention data completed successfully.
[1599453396] SERVICE ALERT: Director_Bldg;check-host-alive;CRITICAL;SOFT;1;CRITICAL - Plugin timed out
[1599453399] SERVICE ALERT: Director_Resident;check-host-alive;CRITICAL;SOFT;1;CRITICAL - Plugin timed out
[1599453426] wproc: Core Worker 22691: job 743314 (pid=13360) timed out. Killing it
[1599453426] wproc: CHECK job 743314 from worker Core Worker 22691 timed out after 30.03s
[1599453426] wproc:   host=Director_Bldg; service=(null);
[1599453426] wproc:   early_timeout=1; exited_ok=0; wait_status=0; error_code=62;
[1599453426] Warning: Check of host 'Director_Bldg' timed out after 30.03 seconds
[1599453426] HOST ALERT: Director_Bldg;DOWN;SOFT;1;(Host check timed out after 30.03 seconds)
[1599453427] wproc: Core Worker 22691: job 743314 (pid=13360): Dormant child reaped
[1599453429] wproc: Core Worker 22692: job 743314 (pid=13370) timed out. Killing it
[1599453429] wproc: CHECK job 743314 from worker Core Worker 22692 timed out after 30.01s
[1599453429] wproc:   host=Director_Resident; service=(null);
[1599453429] wproc:   early_timeout=1; exited_ok=0; wait_status=0; error_code=62;
[1599453429] Warning: Check of host 'Director_Resident' timed out after 30.01 seconds
[1599453429] HOST ALERT: Director_Resident;DOWN;SOFT;1;(Host check timed out after 30.01 seconds)
[1599453430] wproc: Core Worker 22692: job 743314 (pid=13370): Dormant child reaped
[1599453516] wproc: Core Worker 22692: job 743318 (pid=13408) timed out. Killing it
[1599453516] wproc: CHECK job 743318 from worker Core Worker 22692 timed out after 30.00s
[1599453516] wproc:   host=Director_Bldg; service=(null);
[1599453516] wproc:   early_timeout=1; exited_ok=0; wait_status=0; error_code=62;
[1599453516] Warning: Check of host 'Director_Bldg' timed out after 30.00 seconds
[1599453516] HOST ALERT: Director_Bldg;DOWN;SOFT;2;(Host check timed out after 30.00 seconds)
[1599453517] wproc: Core Worker 22692: job 743318 (pid=13408): Dormant child reaped
[1599453519] wproc: Core Worker 22690: job 743319 (pid=13412) timed out. Killing it
[1599453519] wproc: CHECK job 743319 from worker Core Worker 22690 timed out after 30.01s
[1599453519] wproc:   host=Director_Resident; service=(null);
[1599453519] wproc:   early_timeout=1; exited_ok=0; wait_status=0; error_code=62;
[1599453519] Warning: Check of host 'Director_Resident' timed out after 30.01 seconds
[1599453519] HOST ALERT: Director_Resident;DOWN;SOFT;2;(Host check timed out after 30.01 seconds)
[1599453520] wproc: Core Worker 22690: job 743319 (pid=13412): Dormant child reaped
[1599453547] SERVICE ALERT: Director_Bldg;check-host-alive;CRITICAL;HARD;3;CRITICAL - Plugin timed out
[1599453550] SERVICE ALERT: Director_Resident;check-host-alive;CRITICAL;HARD;3;CRITICAL - Plugin timed out
[1599453606] wproc: Core Worker 22690: job 743321 (pid=13436) timed out. Killing it
[1599453606] wproc: CHECK job 743321 from worker Core Worker 22690 timed out after 30.00s
[1599453606] wproc:   host=Director_Bldg; service=(null);
[1599453606] wproc:   early_timeout=1; exited_ok=0; wait_status=0; error_code=62;
[1599453606] Warning: Check of host 'Director_Bldg' timed out after 30.00 seconds
[1599453606] HOST ALERT: Director_Bldg;DOWN;SOFT;3;(Host check timed out after 30.00 seconds)
[1599453607] wproc: Core Worker 22690: job 743321 (pid=13436): Dormant child reaped
[1599453609] wproc: Core Worker 22691: job 743321 (pid=13446) timed out. Killing it
[1599453609] wproc: CHECK job 743321 from worker Core Worker 22691 timed out after 30.01s
[1599453609] wproc:   host=Director_Resident; service=(null);
[1599453609] wproc:   early_timeout=1; exited_ok=0; wait_status=0; error_code=62;
[1599453609] Warning: Check of host 'Director_Resident' timed out after 30.01 seconds
[1599453609] HOST ALERT: Director_Resident;DOWN;SOFT;3;(Host check timed out after 30.01 seconds)
[1599453610] wproc: Core Worker 22691: job 743321 (pid=13446): Dormant child reaped
[1599453696] wproc: Core Worker 22691: job 743324 (pid=13620) timed out. Killing it
[1599453696] wproc: CHECK job 743324 from worker Core Worker 22691 timed out after 30.01s
[1599453696] wproc:   host=Director_Bldg; service=(null);
[1599453696] wproc:   early_timeout=1; exited_ok=0; wait_status=0; error_code=62;
[1599453696] Warning: Check of host 'Director_Bldg' timed out after 30.01 seconds
[1599453696] HOST ALERT: Director_Bldg;DOWN;SOFT;4;(Host check timed out after 30.01 seconds)
[1599453697] wproc: Core Worker 22691: job 743324 (pid=13620): Dormant child reaped
[1599453699] wproc: Core Worker 22692: job 743324 (pid=13622) timed out. Killing it
[1599453699] wproc: CHECK job 743324 from worker Core Worker 22692 timed out after 30.03s
[1599453699] wproc:   host=Director_Resident; service=(null);
[1599453699] wproc:   early_timeout=1; exited_ok=0; wait_status=0; error_code=62;
[1599453699] Warning: Check of host 'Director_Resident' timed out after 30.03 seconds
[1599453699] HOST ALERT: Director_Resident;DOWN;SOFT;4;(Host check timed out after 30.03 seconds)
[1599453700] wproc: Core Worker 22692: job 743324 (pid=13622): Dormant child reaped
[1599453786] wproc: Core Worker 22690: job 743326 (pid=13640) timed out. Killing it
[1599453786] wproc: CHECK job 743326 from worker Core Worker 22690 timed out after 30.01s
[1599453786] wproc:   host=Director_Bldg; service=(null);
[1599453786] wproc:   early_timeout=1; exited_ok=0; wait_status=0; error_code=62;
[1599453786] Warning: Check of host 'Director_Bldg' timed out after 30.01 seconds
[1599453786] HOST ALERT: Director_Bldg;DOWN;SOFT;5;(Host check timed out after 30.01 seconds)
[1599453787] wproc: Core Worker 22690: job 743326 (pid=13640): Dormant child reaped
[1599453789] wproc: Core Worker 22690: job 743327 (pid=13656) timed out. Killing it
[1599453789] wproc: CHECK job 743327 from worker Core Worker 22690 timed out after 30.01s
[1599453789] wproc:   host=Director_Resident; service=(null);
[1599453789] wproc:   early_timeout=1; exited_ok=0; wait_status=0; error_code=62;
[1599453789] Warning: Check of host 'Director_Resident' timed out after 30.01 seconds
[1599453789] HOST ALERT: Director_Resident;DOWN;SOFT;5;(Host check timed out after 30.01 seconds)
[1599453790] wproc: Core Worker 22690: job 743327 (pid=13656): Dormant child reaped
[1599453877] wproc: Core Worker 22689: job 743331 (pid=13692) timed out. Killing it
[1599453877] wproc: CHECK job 743331 from worker Core Worker 22689 timed out after 30.03s
[1599453877] wproc:   host=Director_Bldg; service=(null);
[1599453877] wproc:   early_timeout=1; exited_ok=0; wait_status=0; error_code=62;
[1599453877] Warning: Check of host 'Director_Bldg' timed out after 30.03 seconds
[1599453877] HOST ALERT: Director_Bldg;DOWN;SOFT;6;(Host check timed out after 30.03 seconds)
[1599453877] wproc: Core Worker 22689: job 743331 (pid=13692): Dormant child reaped
[1599453879] wproc: Core Worker 22690: job 743331 (pid=13694) timed out. Killing it
[1599453879] wproc: CHECK job 743331 from worker Core Worker 22690 timed out after 30.03s
[1599453879] wproc:   host=Director_Resident; service=(null);
[1599453879] wproc:   early_timeout=1; exited_ok=0; wait_status=0; error_code=62;
[1599453879] Warning: Check of host 'Director_Resident' timed out after 30.03 seconds
[1599453879] HOST ALERT: Director_Resident;DOWN;SOFT;6;(Host check timed out after 30.03 seconds)
[1599453880] wproc: Core Worker 22690: job 743331 (pid=13694): Dormant child reaped
[1599453967] wproc: Core Worker 22690: job 743332 (pid=13849) timed out. Killing it
[1599453967] wproc: CHECK job 743332 from worker Core Worker 22690 timed out after 30.01s
[1599453967] wproc:   host=Director_Bldg; service=(null);
[1599453967] wproc:   early_timeout=1; exited_ok=0; wait_status=0; error_code=62;
[1599453967] Warning: Check of host 'Director_Bldg' timed out after 30.01 seconds
[1599453967] HOST ALERT: Director_Bldg;DOWN;SOFT;7;(Host check timed out after 30.01 seconds)
[1599453967] wproc: Core Worker 22690: job 743332 (pid=13849): Dormant child reaped
[1599453969] wproc: Core Worker 22692: job 743332 (pid=13861) timed out. Killing it
[1599453969] wproc: CHECK job 743332 from worker Core Worker 22692 timed out after 30.01s
[1599453969] wproc:   host=Director_Resident; service=(null);
[1599453969] wproc:   early_timeout=1; exited_ok=0; wait_status=0; error_code=62;
[1599453969] Warning: Check of host 'Director_Resident' timed out after 30.01 seconds
[1599453969] HOST ALERT: Director_Resident;DOWN;SOFT;7;(Host check timed out after 30.01 seconds)
[1599453970] wproc: Core Worker 22692: job 743332 (pid=13861): Dormant child reaped
[1599454057] wproc: Core Worker 22689: job 743335 (pid=13886) timed out. Killing it
[1599454057] wproc: CHECK job 743335 from worker Core Worker 22689 timed out after 30.01s
[1599454057] wproc:   host=Director_Bldg; service=(null);
[1599454057] wproc:   early_timeout=1; exited_ok=0; wait_status=0; error_code=62;
[1599454057] Warning: Check of host 'Director_Bldg' timed out after 30.01 seconds
[1599454057] HOST ALERT: Director_Bldg;DOWN;SOFT;8;(Host check timed out after 30.01 seconds)
[1599454057] wproc: Core Worker 22689: job 743335 (pid=13886): Dormant child reaped
[1599454059] wproc: Core Worker 22690: job 743335 (pid=13888) timed out. Killing it
[1599454059] wproc: CHECK job 743335 from worker Core Worker 22690 timed out after 30.01s
[1599454059] wproc:   host=Director_Resident; service=(null);
[1599454059] wproc:   early_timeout=1; exited_ok=0; wait_status=0; error_code=62;
[1599454059] Warning: Check of host 'Director_Resident' timed out after 30.01 seconds
[1599454059] HOST ALERT: Director_Resident;DOWN;SOFT;8;(Host check timed out after 30.01 seconds)
[1599454060] wproc: Core Worker 22690: job 743335 (pid=13888): Dormant child reaped
[1599454147] wproc: Core Worker 22691: job 743340 (pid=13936) timed out. Killing it
[1599454147] wproc: CHECK job 743340 from worker Core Worker 22691 timed out after 30.03s
[1599454147] wproc:   host=Director_Bldg; service=(null);
[1599454147] wproc:   early_timeout=1; exited_ok=0; wait_status=0; error_code=62;
[1599454147] Warning: Check of host 'Director_Bldg' timed out after 30.03 seconds
[1599454147] HOST ALERT: Director_Bldg;DOWN;SOFT;9;(Host check timed out after 30.03 seconds)
[1599454147] wproc: Core Worker 22691: job 743340 (pid=13936): Dormant child reaped
[1599454150] wproc: Core Worker 22689: job 743341 (pid=13948) timed out. Killing it
[1599454150] wproc: CHECK job 743341 from worker Core Worker 22689 timed out after 30.03s
[1599454150] wproc:   host=Director_Resident; service=(null);
[1599454150] wproc:   early_timeout=1; exited_ok=0; wait_status=0; error_code=62;
[1599454150] Warning: Check of host 'Director_Resident' timed out after 30.03 seconds
[1599454150] HOST ALERT: Director_Resident;DOWN;SOFT;9;(Host check timed out after 30.03 seconds)
[1599454150] wproc: Core Worker 22689: job 743341 (pid=13948): Dormant child reaped
[1599454237] wproc: Core Worker 22692: job 743341 (pid=14110) timed out. Killing it
[1599454237] wproc: CHECK job 743341 from worker Core Worker 22692 timed out after 30.01s
[1599454237] wproc:   host=Director_Bldg; service=(null);
[1599454237] wproc:   early_timeout=1; exited_ok=0; wait_status=0; error_code=62;
[1599454237] Warning: Check of host 'Director_Bldg' timed out after 30.01 seconds
[1599454237] HOST NOTIFICATION: nagiosadmin;Director_Bldg;DOWN;notify-host-by-email;(Host check timed out after 30.01 seconds)
[1599454237] HOST ALERT: Director_Bldg;DOWN;HARD;10;(Host check timed out after 30.01 seconds)
[1599454237] wproc: Core Worker 22692: job 743341 (pid=14110): Dormant child reaped
[1599454240] wproc: Core Worker 22689: job 743342 (pid=14112) timed out. Killing it
[1599454240] wproc: CHECK job 743342 from worker Core Worker 22689 timed out after 30.01s
[1599454240] wproc:   host=Director_Resident; service=(null);
[1599454240] wproc:   early_timeout=1; exited_ok=0; wait_status=0; error_code=62;
[1599454240] Warning: Check of host 'Director_Resident' timed out after 30.01 seconds
[1599454240] HOST NOTIFICATION: nagiosadmin;Director_Resident;DOWN;notify-host-by-email;(Host check timed out after 30.01 seconds)
[1599454240] HOST ALERT: Director_Resident;DOWN;HARD;10;(Host check timed out after 30.01 seconds)
[1599454240] wproc: Core Worker 22689: job 743342 (pid=14112): Dormant child reaped
[1599454541] HOST NOTIFICATION: nagiosadmin;Director_Bldg;UP;notify-host-by-email;PING OK - Packet loss = 0%, RTA = 0.57 ms
[1599454541] HOST ALERT: Director_Bldg;UP;HARD;1;PING OK - Packet loss = 0%, RTA = 0.57 ms
[1599454545] HOST NOTIFICATION: nagiosadmin;Director_Resident;UP;notify-host-by-email;PING OK - Packet loss = 20%, RTA = 0.66 ms
[1599454545] HOST ALERT: Director_Resident;UP;HARD;1;PING OK - Packet loss = 20%, RTA = 0.66 ms
[1599454720] SERVICE FLAPPING ALERT: Director_Bldg;check-host-alive;STARTED; Service appears to have started flapping (22.0% change >= 20.0% threshold)
[1599454720] SERVICE ALERT: Director_Bldg;check-host-alive;OK;HARD;3;PING OK - Packet loss = 0%, RTA = 0.58 ms
[1599454723] SERVICE FLAPPING ALERT: Director_Resident;check-host-alive;STARTED; Service appears to have started flapping (22.0% change >= 20.0% threshold)
[1599454723] SERVICE ALERT: Director_Resident;check-host-alive;OK;HARD;3;PING OK - Packet loss = 0%, RTA = 1.04 ms
[1599455285] Auto-save of retention data completed successfully.
[1599456967] wproc: Core Worker 22692: job 743421 (pid=16375) timed out. Killing it
[1599456967] wproc: CHECK job 743421 from worker Core Worker 22692 timed out after 30.02s
[1599456967] wproc:   host=Director_Bldg; service=(null);
[1599456967] wproc:   early_timeout=1; exited_ok=0; wait_status=0; error_code=62;
[1599456967] Warning: Check of host 'Director_Bldg' timed out after 30.02 seconds
[1599456967] HOST ALERT: Director_Bldg;DOWN;SOFT;1;(Host check timed out after 30.02 seconds)
[1599456967] wproc: Core Worker 22692: job 743421 (pid=16375): Dormant child reaped
[1599456970] wproc: Core Worker 22690: job 743422 (pid=16379) timed out. Killing it
[1599456970] wproc: CHECK job 743422 from worker Core Worker 22690 timed out after 30.01s
[1599456970] wproc:   host=Director_Resident; service=(null);
[1599456970] wproc:   early_timeout=1; exited_ok=0; wait_status=0; error_code=62;
[1599456970] Warning: Check of host 'Director_Resident' timed out after 30.01 seconds
[1599456970] HOST ALERT: Director_Resident;DOWN;SOFT;1;(Host check timed out after 30.01 seconds)
[1599456970] wproc: Core Worker 22690: job 743422 (pid=16379): Dormant child reaped
[1599457057] wproc: Core Worker 22691: job 743424 (pid=16412) timed out. Killing it
[1599457057] wproc: CHECK job 743424 from worker Core Worker 22691 timed out after 30.01s
[1599457057] wproc:   host=Director_Bldg; service=(null);
[1599457057] wproc:   early_timeout=1; exited_ok=0; wait_status=0; error_code=62;
[1599457057] Warning: Check of host 'Director_Bldg' timed out after 30.01 seconds
[1599457057] HOST ALERT: Director_Bldg;DOWN;SOFT;2;(Host check timed out after 30.01 seconds)
[1599457057] wproc: Core Worker 22691: job 743424 (pid=16412): Dormant child reaped
[1599457060] wproc: Core Worker 22692: job 743424 (pid=16414) timed out. Killing it
[1599457060] wproc: CHECK job 743424 from worker Core Worker 22692 timed out after 30.01s
[1599457060] wproc:   host=Director_Resident; service=(null);
[1599457060] wproc:   early_timeout=1; exited_ok=0; wait_status=0; error_code=62;
[1599457060] Warning: Check of host 'Director_Resident' timed out after 30.01 seconds
[1599457060] HOST ALERT: Director_Resident;DOWN;SOFT;2;(Host check timed out after 30.01 seconds)
[1599457060] wproc: Core Worker 22692: job 743424 (pid=16414): Dormant child reaped
[1599457121] HOST ALERT: Director_Bldg;UP;SOFT;1;PING OK - Packet loss = 0%, RTA = 0.56 ms
[1599457125] HOST ALERT: Director_Resident;UP;SOFT;1;PING OK - Packet loss = 20%, RTA = 1.30 ms
[1599458885] Auto-save of retention data completed successfully.
[1599461647] wproc: Core Worker 22691: job 743561 (pid=20201) timed out. Killing it
[1599461647] wproc: CHECK job 743561 from worker Core Worker 22691 timed out after 30.03s
[1599461647] wproc:   host=Director_Bldg; service=(null);
[1599461647] wproc:   early_timeout=1; exited_ok=0; wait_status=0; error_code=62;
[1599461647] Warning: Check of host 'Director_Bldg' timed out after 30.03 seconds
[1599461647] HOST ALERT: Director_Bldg;DOWN;SOFT;1;(Host check timed out after 30.03 seconds)
[1599461647] wproc: Core Worker 22691: job 743561 (pid=20201): Dormant child reaped
[1599461650] wproc: Core Worker 22692: job 743561 (pid=20203) timed out. Killing it
[1599461650] wproc: CHECK job 743561 from worker Core Worker 22692 timed out after 30.03s
[1599461650] wproc:   host=Director_Resident; service=(null);
[1599461650] wproc:   early_timeout=1; exited_ok=0; wait_status=0; error_code=62;
[1599461650] Warning: Check of host 'Director_Resident' timed out after 30.03 seconds
[1599461650] HOST ALERT: Director_Resident;DOWN;SOFT;1;(Host check timed out after 30.03 seconds)
[1599461650] wproc: Core Worker 22692: job 743561 (pid=20203): Dormant child reaped
[1599461737] wproc: Core Worker 22690: job 743562 (pid=20359) timed out. Killing it
[1599461737] wproc: CHECK job 743562 from worker Core Worker 22690 timed out after 30.03s
[1599461737] wproc:   host=Director_Bldg; service=(null);
[1599461737] wproc:   early_timeout=1; exited_ok=0; wait_status=0; error_code=62;
[1599461737] Warning: Check of host 'Director_Bldg' timed out after 30.03 seconds
[1599461737] HOST ALERT: Director_Bldg;DOWN;SOFT;2;(Host check timed out after 30.03 seconds)
[1599461737] wproc: Core Worker 22690: job 743562 (pid=20359): Dormant child reaped
[1599461740] wproc: Core Worker 22691: job 743562 (pid=20361) timed out. Killing it
[1599461740] wproc: CHECK job 743562 from worker Core Worker 22691 timed out after 30.03s
[1599461740] wproc:   host=Director_Resident; service=(null);
[1599461740] wproc:   early_timeout=1; exited_ok=0; wait_status=0; error_code=62;
[1599461740] Warning: Check of host 'Director_Resident' timed out after 30.03 seconds
[1599461740] HOST ALERT: Director_Resident;DOWN;SOFT;2;(Host check timed out after 30.03 seconds)
[1599461740] wproc: Core Worker 22691: job 743562 (pid=20361): Dormant child reaped
[1599461827] wproc: Core Worker 22689: job 743565 (pid=20389) timed out. Killing it
[1599461827] wproc: CHECK job 743565 from worker Core Worker 22689 timed out after 30.03s
[1599461827] wproc:   host=Director_Bldg; service=(null);
[1599461827] wproc:   early_timeout=1; exited_ok=0; wait_status=0; error_code=62;
[1599461827] Warning: Check of host 'Director_Bldg' timed out after 30.03 seconds
[1599461827] HOST ALERT: Director_Bldg;DOWN;SOFT;3;(Host check timed out after 30.03 seconds)
[1599461827] wproc: Core Worker 22689: job 743565 (pid=20389): Dormant child reaped
[1599461830] wproc: Core Worker 22690: job 743565 (pid=20391) timed out. Killing it
[1599461830] wproc: CHECK job 743565 from worker Core Worker 22690 timed out after 30.01s
[1599461830] wproc:   host=Director_Resident; service=(null);
[1599461830] wproc:   early_timeout=1; exited_ok=0; wait_status=0; error_code=62;
[1599461830] Warning: Check of host 'Director_Resident' timed out after 30.01 seconds
[1599461830] HOST ALERT: Director_Resident;DOWN;SOFT;3;(Host check timed out after 30.01 seconds)
[1599461830] wproc: Core Worker 22690: job 743565 (pid=20391): Dormant child reaped
[1599461917] wproc: Core Worker 22690: job 743569 (pid=20436) timed out. Killing it
[1599461917] wproc: CHECK job 743569 from worker Core Worker 22690 timed out after 30.02s
[1599461917] wproc:   host=Director_Bldg; service=(null);
[1599461917] wproc:   early_timeout=1; exited_ok=0; wait_status=0; error_code=62;
[1599461917] Warning: Check of host 'Director_Bldg' timed out after 30.02 seconds
[1599461917] HOST ALERT: Director_Bldg;DOWN;SOFT;4;(Host check timed out after 30.02 seconds)
[1599461917] wproc: Core Worker 22690: job 743569 (pid=20436): Dormant child reaped
[1599461920] wproc: Core Worker 22692: job 743569 (pid=20440) timed out. Killing it
[1599461920] wproc: CHECK job 743569 from worker Core Worker 22692 timed out after 30.01s
[1599461920] wproc:   host=Director_Resident; service=(null);
[1599461920] wproc:   early_timeout=1; exited_ok=0; wait_status=0; error_code=62;
[1599461920] Warning: Check of host 'Director_Resident' timed out after 30.01 seconds
[1599461920] HOST ALERT: Director_Resident;DOWN;SOFT;4;(Host check timed out after 30.01 seconds)
[1599461920] wproc: Core Worker 22692: job 743569 (pid=20440): Dormant child reaped
[1599461951] SERVICE ALERT: Director_Bldg;check-host-alive;CRITICAL;HARD;1;CRITICAL - Plugin timed out
[1599461954] SERVICE ALERT: Director_Resident;check-host-alive;CRITICAL;HARD;1;CRITICAL - Plugin timed out
[1599462007] wproc: Core Worker 22692: job 743571 (pid=20464) timed out. Killing it
[1599462007] wproc: CHECK job 743571 from worker Core Worker 22692 timed out after 30.01s
[1599462007] wproc:   host=Director_Bldg; service=(null);
[1599462007] wproc:   early_timeout=1; exited_ok=0; wait_status=0; error_code=62;
[1599462007] Warning: Check of host 'Director_Bldg' timed out after 30.01 seconds
[1599462007] HOST ALERT: Director_Bldg;DOWN;SOFT;5;(Host check timed out after 30.01 seconds)
[1599462007] wproc: Core Worker 22692: job 743571 (pid=20464): Dormant child reaped
[1599462010] wproc: Core Worker 22689: job 743572 (pid=20466) timed out. Killing it
[1599462010] wproc: CHECK job 743572 from worker Core Worker 22689 timed out after 30.00s
[1599462010] wproc:   host=Director_Resident; service=(null);
[1599462010] wproc:   early_timeout=1; exited_ok=0; wait_status=0; error_code=62;
[1599462010] Warning: Check of host 'Director_Resident' timed out after 30.00 seconds
[1599462010] HOST ALERT: Director_Resident;DOWN;SOFT;5;(Host check timed out after 30.00 seconds)
[1599462010] wproc: Core Worker 22689: job 743572 (pid=20466): Dormant child reaped
[1599462097] wproc: Core Worker 22689: job 743575 (pid=20652) timed out. Killing it
[1599462097] wproc: CHECK job 743575 from worker Core Worker 22689 timed out after 30.01s
[1599462097] wproc:   host=Director_Bldg; service=(null);
[1599462097] wproc:   early_timeout=1; exited_ok=0; wait_status=0; error_code=62;
[1599462097] Warning: Check of host 'Director_Bldg' timed out after 30.01 seconds
[1599462097] HOST ALERT: Director_Bldg;DOWN;SOFT;6;(Host check timed out after 30.01 seconds)
[1599462097] wproc: Core Worker 22689: job 743575 (pid=20652): Dormant child reaped
[1599462100] wproc: Core Worker 22690: job 743575 (pid=20654) timed out. Killing it
[1599462100] wproc: CHECK job 743575 from worker Core Worker 22690 timed out after 30.03s
[1599462100] wproc:   host=Director_Resident; service=(null);
[1599462100] wproc:   early_timeout=1; exited_ok=0; wait_status=0; error_code=62;
[1599462100] Warning: Check of host 'Director_Resident' timed out after 30.03 seconds
[1599462100] HOST ALERT: Director_Resident;DOWN;SOFT;6;(Host check timed out after 30.03 seconds)
[1599462100] wproc: Core Worker 22690: job 743575 (pid=20654): Dormant child reaped
[1599462187] wproc: Core Worker 22692: job 743576 (pid=20672) timed out. Killing it
[1599462187] wproc: CHECK job 743576 from worker Core Worker 22692 timed out after 30.00s
[1599462187] wproc:   host=Director_Bldg; service=(null);
[1599462187] wproc:   early_timeout=1; exited_ok=0; wait_status=0; error_code=62;
[1599462187] Warning: Check of host 'Director_Bldg' timed out after 30.00 seconds
[1599462187] HOST ALERT: Director_Bldg;DOWN;SOFT;7;(Host check timed out after 30.00 seconds)
[1599462187] wproc: Core Worker 22692: job 743576 (pid=20672): Dormant child reaped
[1599462190] wproc: Core Worker 22692: job 743577 (pid=20680) timed out. Killing it
[1599462190] wproc: CHECK job 743577 from worker Core Worker 22692 timed out after 30.01s
[1599462190] wproc:   host=Director_Resident; service=(null);
[1599462190] wproc:   early_timeout=1; exited_ok=0; wait_status=0; error_code=62;
[1599462190] Warning: Check of host 'Director_Resident' timed out after 30.01 seconds
[1599462190] HOST ALERT: Director_Resident;DOWN;SOFT;7;(Host check timed out after 30.01 seconds)
[1599462190] wproc: Core Worker 22692: job 743577 (pid=20680): Dormant child reaped
[1599462277] wproc: Core Worker 22691: job 743581 (pid=20725) timed out. Killing it
[1599462277] wproc: CHECK job 743581 from worker Core Worker 22691 timed out after 30.03s
[1599462277] wproc:   host=Director_Bldg; service=(null);
[1599462277] wproc:   early_timeout=1; exited_ok=0; wait_status=0; error_code=62;
[1599462277] Warning: Check of host 'Director_Bldg' timed out after 30.03 seconds
[1599462277] HOST ALERT: Director_Bldg;DOWN;SOFT;8;(Host check timed out after 30.03 seconds)
[1599462277] wproc: Core Worker 22691: job 743581 (pid=20725): Dormant child reaped
[1599462280] wproc: Core Worker 22692: job 743581 (pid=20727) timed out. Killing it
[1599462280] wproc: CHECK job 743581 from worker Core Worker 22692 timed out after 30.00s
[1599462280] wproc:   host=Director_Resident; service=(null);
[1599462280] wproc:   early_timeout=1; exited_ok=0; wait_status=0; error_code=62;
[1599462280] Warning: Check of host 'Director_Resident' timed out after 30.00 seconds
[1599462280] HOST ALERT: Director_Resident;DOWN;SOFT;8;(Host check timed out after 30.00 seconds)
[1599462280] wproc: Core Worker 22692: job 743581 (pid=20727): Dormant child reaped
[1599462341] HOST ALERT: Director_Bldg;UP;SOFT;1;PING OK - Packet loss = 0%, RTA = 0.61 ms
[1599462345] HOST ALERT: Director_Resident;UP;SOFT;1;PING OK - Packet loss = 20%, RTA = 0.69 ms
[1599462485] Auto-save of retention data completed successfully.
[1599462524] SERVICE ALERT: Director_Bldg;check-host-alive;OK;SOFT;1;PING OK - Packet loss = 0%, RTA = 0.54 ms
[1599462528] SERVICE ALERT: Director_Resident;check-host-alive;OK;SOFT;1;PING OK - Packet loss = 0%, RTA = 1.12 ms
[1599466085] Auto-save of retention data completed successfully.
[1599466751] SERVICE ALERT: Director_Bldg;check-host-alive;CRITICAL;SOFT;1;CRITICAL - Plugin timed out
[1599466754] SERVICE ALERT: Director_Resident;check-host-alive;CRITICAL;SOFT;1;CRITICAL - Plugin timed out
[1599466781] wproc: Core Worker 22690: job 743713 (pid=24466) timed out. Killing it
[1599466781] wproc: CHECK job 743713 from worker Core Worker 22690 timed out after 30.02s
[1599466781] wproc:   host=Director_Bldg; service=(null);
[1599466781] wproc:   early_timeout=1; exited_ok=0; wait_status=0; error_code=62;
[1599466781] Warning: Check of host 'Director_Bldg' timed out after 30.02 seconds
[1599466781] HOST ALERT: Director_Bldg;DOWN;SOFT;1;(Host check timed out after 30.02 seconds)
[1599466781] wproc: Core Worker 22690: job 743713 (pid=24466): Dormant child reaped
[1599466784] wproc: Core Worker 22691: job 743713 (pid=24468) timed out. Killing it
[1599466784] wproc: CHECK job 743713 from worker Core Worker 22691 timed out after 30.01s
[1599466784] wproc:   host=Director_Resident; service=(null);
[1599466784] wproc:   early_timeout=1; exited_ok=0; wait_status=0; error_code=62;
[1599466784] Warning: Check of host 'Director_Resident' timed out after 30.01 seconds
[1599466784] HOST ALERT: Director_Resident;DOWN;SOFT;1;(Host check timed out after 30.01 seconds)
[1599466784] wproc: Core Worker 22691: job 743713 (pid=24468): Dormant child reaped
[1599466871] wproc: Core Worker 22690: job 743715 (pid=24633) timed out. Killing it
[1599466871] wproc: CHECK job 743715 from worker Core Worker 22690 timed out after 30.01s
[1599466871] wproc:   host=Director_Bldg; service=(null);
[1599466871] wproc:   early_timeout=1; exited_ok=0; wait_status=0; error_code=62;
[1599466871] Warning: Check of host 'Director_Bldg' timed out after 30.01 seconds
[1599466871] HOST ALERT: Director_Bldg;DOWN;SOFT;2;(Host check timed out after 30.01 seconds)
[1599466871] wproc: Core Worker 22690: job 743715 (pid=24633): Dormant child reaped
[1599466874] wproc: Core Worker 22692: job 743715 (pid=24637) timed out. Killing it
[1599466874] wproc: CHECK job 743715 from worker Core Worker 22692 timed out after 30.01s
[1599466874] wproc:   host=Director_Resident; service=(null);
[1599466874] wproc:   early_timeout=1; exited_ok=0; wait_status=0; error_code=62;
[1599466874] Warning: Check of host 'Director_Resident' timed out after 30.01 seconds
[1599466874] HOST ALERT: Director_Resident;DOWN;SOFT;2;(Host check timed out after 30.01 seconds)
[1599466874] wproc: Core Worker 22692: job 743715 (pid=24637): Dormant child reaped
[1599466875] SERVICE ALERT: Director_Bldg;check-host-alive;OK;SOFT;2;PING OK - Packet loss = 0%, RTA = 0.57 ms
[1599466879] HOST ALERT: Director_Bldg;UP;SOFT;1;PING OK - Packet loss = 0%, RTA = 0.58 ms
[1599466879] SERVICE ALERT: Director_Resident;check-host-alive;OK;SOFT;2;PING OK - Packet loss = 20%, RTA = 1.19 ms
[1599466883] HOST ALERT: Director_Resident;UP;SOFT;1;PING OK - Packet loss = 0%, RTA = 1.20 ms
[1599469685] Auto-save of retention data completed successfully.
[1599473285] Auto-save of retention data completed successfully.
[1599473599] SERVICE FLAPPING ALERT: Director_Bldg;check-host-alive;STOPPED; Service appears to have stopped flapping (3.8% change < 5.0% threshold)
[1599473603] SERVICE FLAPPING ALERT: Director_Resident;check-host-alive;STOPPED; Service appears to have stopped flapping (3.8% change < 5.0% threshold)
[1599476885] Auto-save of retention data completed successfully.
[1599480485] Auto-save of retention data completed successfully.
[1599484085] Auto-save of retention data completed successfully.
[1599487685] Auto-save of retention data completed successfully.
[1599491285] Auto-save of retention data completed successfully.
[1599493305] wproc: Core Worker 22691: job 744487 (pid=14497) timed out. Killing it
[1599493305] wproc: CHECK job 744487 from worker Core Worker 22691 timed out after 30.02s
[1599493305] wproc:   host=Director_Bldg; service=(null);
[1599493305] wproc:   early_timeout=1; exited_ok=0; wait_status=0; error_code=62;
[1599493305] Warning: Check of host 'Director_Bldg' timed out after 30.02 seconds
[1599493305] HOST ALERT: Director_Bldg;DOWN;SOFT;1;(Host check timed out after 30.02 seconds)
[1599493305] wproc: Core Worker 22691: job 744487 (pid=14497): Dormant child reaped
[1599493309] wproc: Core Worker 22692: job 744487 (pid=14499) timed out. Killing it
[1599493309] wproc: CHECK job 744487 from worker Core Worker 22692 timed out after 30.01s
[1599493309] wproc:   host=Director_Resident; service=(null);
[1599493309] wproc:   early_timeout=1; exited_ok=0; wait_status=0; error_code=62;
[1599493309] Warning: Check of host 'Director_Resident' timed out after 30.01 seconds
[1599493309] HOST ALERT: Director_Resident;DOWN;SOFT;1;(Host check timed out after 30.01 seconds)
[1599493309] wproc: Core Worker 22692: job 744487 (pid=14499): Dormant child reaped
[1599493369] HOST ALERT: Director_Bldg;UP;SOFT;1;PING OK - Packet loss = 0%, RTA = 0.56 ms
[1599493374] HOST ALERT: Director_Resident;UP;SOFT;1;PING OK - Packet loss = 20%, RTA = 0.68 ms
[1599494885] Auto-save of retention data completed successfully.
[1599497016] SERVICE ALERT: esxi04;PING;WARNING;SOFT;1;PING WARNING - Packet loss = 20%, RTA = 0.47 ms
[1599497080] SERVICE ALERT: esxi04;PING;OK;SOFT;2;PING OK - Packet loss = 0%, RTA = 0.49 ms
[1599498485] Auto-save of retention data completed successfully.
[1599502085] Auto-save of retention data completed successfully.
