[1563215400] LOG ROTATION: DAILY
[1563215400] LOG VERSION: 2.0
[1563215400] CURRENT HOST STATE: esxi01;UP;HARD;1;PING OK - Packet loss = 0%, RTA = 0.47 ms
[1563215400] CURRENT HOST STATE: esxi02;UP;HARD;1;PING OK - Packet loss = 0%, RTA = 0.46 ms
[1563215400] CURRENT HOST STATE: esxi03;UP;HARD;1;PING OK - Packet loss = 0%, RTA = 0.43 ms
[1563215400] CURRENT HOST STATE: esxi04;UP;HARD;1;PING OK - Packet loss = 0%, RTA = 0.49 ms
[1563215400] CURRENT HOST STATE: esxi05;UP;HARD;1;PING OK - Packet loss = 0%, RTA = 0.40 ms
[1563215400] CURRENT HOST STATE: esxi06;UP;HARD;1;PING OK - Packet loss = 0%, RTA = 0.41 ms
[1563215400] CURRENT HOST STATE: esxi07;UP;HARD;1;PING OK - Packet loss = 0%, RTA = 0.52 ms
[1563215400] CURRENT HOST STATE: esxi08;UP;HARD;1;PING OK - Packet loss = 0%, RTA = 0.70 ms
[1563215400] CURRENT HOST STATE: esxi09;UP;HARD;1;PING OK - Packet loss = 0%, RTA = 0.42 ms
[1563215400] CURRENT HOST STATE: localhost;UP;HARD;1;PING OK - Packet loss = 0%, RTA = 0.05 ms
[1563215400] CURRENT HOST STATE: router1;UP;HARD;1;PING OK - Packet loss = 0%, RTA = 0.62 ms
[1563215400] CURRENT HOST STATE: router2;UP;HARD;1;PING OK - Packet loss = 0%, RTA = 0.72 ms
[1563215400] CURRENT HOST STATE: router3;UP;HARD;1;PING OK - Packet loss = 0%, RTA = 0.66 ms
[1563215400] CURRENT HOST STATE: vmware10gswitch;UP;HARD;1;PING OK - Packet loss = 0%, RTA = 1.34 ms
[1563215400] CURRENT HOST STATE: vmwaremgmtswitch;UP;HARD;1;PING OK - Packet loss = 0%, RTA = 1.20 ms
[1563215400] CURRENT SERVICE STATE: esxi01;ESXi Hardware Check;OK;HARD;1;OK - Server: Cisco Systems Inc UCSC-C220-M4S s/n: FCH22157EQH Chassis S/N: FCH2216V0WN  System BIOS: C220M4.3.0.4a.0.0226182253 2018-02-26
[1563215400] CURRENT SERVICE STATE: esxi01;PING;OK;HARD;1;PING OK - Packet loss = 0%, RTA = 0.54 ms
[1563215400] CURRENT SERVICE STATE: esxi02;ESXi Hardware Check;OK;HARD;1;OK - Server: Cisco Systems Inc UCSC-C220-M4S s/n: FCH22157E1D Chassis S/N: FCH2216V0Y6  System BIOS: C220M4.3.0.4a.0.0226182253 2018-02-26
[1563215400] CURRENT SERVICE STATE: esxi02;PING;OK;HARD;1;PING OK - Packet loss = 0%, RTA = 0.62 ms
[1563215400] CURRENT SERVICE STATE: esxi03;ESXi Hardware Check;OK;HARD;1;OK - Server: Cisco Systems Inc UCSC-C220-M4S s/n: FCH22157ESB Chassis S/N: FCH2216V0TW  System BIOS: C220M4.3.0.4a.0.0226182253 2018-02-26
[1563215400] CURRENT SERVICE STATE: esxi03;PING;OK;HARD;1;PING OK - Packet loss = 0%, RTA = 0.51 ms
[1563215400] CURRENT SERVICE STATE: esxi04;ESXi Hardware Check;OK;HARD;1;OK - Server: Cisco Systems Inc UCSC-C220-M4S s/n: FCH22137QKB Chassis S/N: FCH2216V0YZ  System BIOS: C220M4.3.0.4a.0.0226182253 2018-02-26
[1563215400] CURRENT SERVICE STATE: esxi04;PING;OK;HARD;1;PING OK - Packet loss = 0%, RTA = 0.58 ms
[1563215400] CURRENT SERVICE STATE: esxi05;ESXi Hardware Check;OK;HARD;1;OK - Server: Cisco Systems Inc UCSC-C220-M4S s/n: FCH22157EPD Chassis S/N: FCH2216V0Z0  System BIOS: C220M4.3.0.4a.0.0226182253 2018-02-26
[1563215400] CURRENT SERVICE STATE: esxi05;PING;OK;HARD;1;PING OK - Packet loss = 0%, RTA = 0.49 ms
[1563215400] CURRENT SERVICE STATE: esxi06;ESXi Haradware Check;OK;HARD;1;OK - Server: Cisco Systems Inc UCSC-C220-M4S s/n: FCH22157ERW Chassis S/N: FCH2216V0X8  System BIOS: C220M4.3.0.4a.0.0226182253 2018-02-26
[1563215400] CURRENT SERVICE STATE: esxi06;PING;OK;HARD;1;PING OK - Packet loss = 0%, RTA = 0.50 ms
[1563215400] CURRENT SERVICE STATE: esxi07;ESXi Hardware Check;OK;HARD;1;OK - Server: Cisco Systems Inc UCSC-C220-M4S s/n: FCH22157EV7 Chassis S/N: FCH2216V0Y8  System BIOS: C220M4.3.0.4a.0.0226182253 2018-02-26
[1563215400] CURRENT SERVICE STATE: esxi07;PING;OK;HARD;1;PING OK - Packet loss = 0%, RTA = 0.55 ms
[1563215400] CURRENT SERVICE STATE: esxi08;ESXi Hardware Check;OK;HARD;1;OK - Server: Cisco Systems Inc UCSC-C220-M4S s/n: FCH22137QJN Chassis S/N: FCH2216V0YV  System BIOS: C220M4.3.0.4a.0.0226182253 2018-02-26
[1563215400] CURRENT SERVICE STATE: esxi08;PING;OK;HARD;1;PING OK - Packet loss = 0%, RTA = 0.41 ms
[1563215400] CURRENT SERVICE STATE: esxi09;ESXi Hardware Check;OK;HARD;1;OK - Server: Cisco Systems Inc UCSC-C220-M4S s/n: FCH22157ERY Chassis S/N: FCH2216V0YN  System BIOS: C220M4.3.0.4a.0.0226182253 2018-02-26
[1563215400] CURRENT SERVICE STATE: esxi09;PING;OK;HARD;1;PING OK - Packet loss = 0%, RTA = 0.81 ms
[1563215400] CURRENT SERVICE STATE: localhost;Current Load;OK;HARD;1;OK - load average: 0.00, 0.01, 0.05
[1563215400] CURRENT SERVICE STATE: localhost;Current Users;OK;HARD;1;USERS OK - 3 users currently logged in
[1563215400] CURRENT SERVICE STATE: localhost;PING;OK;HARD;1;PING OK - Packet loss = 0%, RTA = 0.05 ms
[1563215400] CURRENT SERVICE STATE: localhost;Root Partition;OK;HARD;1;DISK OK - free space: / 43346 MB (84.70% inode=99%):
[1563215400] CURRENT SERVICE STATE: localhost;SSH;OK;HARD;1;SSH OK - OpenSSH_7.4 (protocol 2.0)
[1563215400] CURRENT SERVICE STATE: localhost;Swap Usage;OK;HARD;1;SWAP OK - 100% free (3961 MB out of 3967 MB)
[1563215400] CURRENT SERVICE STATE: localhost;Total Processes;OK;HARD;1;PROCS OK: 81 processes with STATE = RSZDT
[1563215400] CURRENT SERVICE STATE: router1;check-host-alive;OK;HARD;1;PING OK - Packet loss = 0%, RTA = 0.58 ms
[1563215400] CURRENT SERVICE STATE: router2;check-host-alive;OK;HARD;1;PING OK - Packet loss = 0%, RTA = 0.74 ms
[1563215400] CURRENT SERVICE STATE: router3;check-host-alive;OK;HARD;1;PING OK - Packet loss = 0%, RTA = 0.65 ms
[1563215400] CURRENT SERVICE STATE: vmware10gswitch;check-host-alive;OK;HARD;1;PING OK - Packet loss = 0%, RTA = 1.37 ms
[1563215400] CURRENT SERVICE STATE: vmwaremgmtswitch;check-host-alive;OK;HARD;1;PING OK - Packet loss = 0%, RTA = 0.77 ms
[1563216399] Auto-save of retention data completed successfully.
[1563219286] SERVICE ALERT: esxi03;PING;WARNING;SOFT;1;PING WARNING - Packet loss = 20%, RTA = 0.49 ms
[1563219350] SERVICE ALERT: esxi03;PING;OK;SOFT;2;PING OK - Packet loss = 0%, RTA = 0.53 ms
[1563219999] Auto-save of retention data completed successfully.
[1563221215] SERVICE ALERT: esxi03;PING;WARNING;SOFT;1;PING WARNING - Packet loss = 20%, RTA = 0.45 ms
[1563221280] SERVICE ALERT: esxi03;PING;WARNING;SOFT;2;PING WARNING - Packet loss = 40%, RTA = 0.43 ms
[1563221345] SERVICE ALERT: esxi03;PING;WARNING;SOFT;3;PING WARNING - Packet loss = 20%, RTA = 0.44 ms
[1563221409] SERVICE ALERT: esxi03;PING;OK;HARD;4;PING OK - Packet loss = 0%, RTA = 0.48 ms
[1563223514] SERVICE ALERT: esxi03;PING;WARNING;SOFT;1;PING WARNING - Packet loss = 20%, RTA = 0.46 ms
[1563223578] SERVICE ALERT: esxi03;PING;OK;SOFT;2;PING OK - Packet loss = 0%, RTA = 0.44 ms
[1563223599] Auto-save of retention data completed successfully.
[1563224243] SERVICE ALERT: esxi03;PING;WARNING;SOFT;1;PING WARNING - Packet loss = 20%, RTA = 0.49 ms
[1563224307] SERVICE ALERT: esxi03;PING;OK;SOFT;2;PING OK - Packet loss = 0%, RTA = 0.45 ms
[1563226472] SERVICE ALERT: esxi03;PING;WARNING;SOFT;1;PING WARNING - Packet loss = 20%, RTA = 0.41 ms
[1563226536] SERVICE ALERT: esxi03;PING;OK;SOFT;2;PING OK - Packet loss = 0%, RTA = 0.39 ms
[1563226901] SERVICE ALERT: esxi03;PING;WARNING;SOFT;1;PING WARNING - Packet loss = 20%, RTA = 0.44 ms
[1563226965] SERVICE ALERT: esxi03;PING;OK;SOFT;2;PING OK - Packet loss = 0%, RTA = 0.51 ms
[1563227199] Auto-save of retention data completed successfully.
[1563230799] Auto-save of retention data completed successfully.
[1563231830] SERVICE ALERT: esxi03;PING;WARNING;SOFT;1;PING WARNING - Packet loss = 20%, RTA = 0.48 ms
[1563231894] SERVICE ALERT: esxi03;PING;OK;SOFT;2;PING OK - Packet loss = 0%, RTA = 0.50 ms
[1563234399] Auto-save of retention data completed successfully.
[1563237359] SERVICE ALERT: esxi03;PING;WARNING;SOFT;1;PING WARNING - Packet loss = 20%, RTA = 0.58 ms
[1563237423] SERVICE ALERT: esxi03;PING;OK;SOFT;2;PING OK - Packet loss = 0%, RTA = 0.46 ms
[1563237788] SERVICE ALERT: esxi03;PING;WARNING;SOFT;1;PING WARNING - Packet loss = 20%, RTA = 0.53 ms
[1563237852] SERVICE ALERT: esxi03;PING;OK;SOFT;2;PING OK - Packet loss = 0%, RTA = 0.54 ms
[1563237999] Auto-save of retention data completed successfully.
[1563238817] SERVICE ALERT: esxi03;PING;WARNING;SOFT;1;PING WARNING - Packet loss = 20%, RTA = 0.46 ms
[1563238881] SERVICE ALERT: esxi03;PING;OK;SOFT;2;PING OK - Packet loss = 0%, RTA = 0.78 ms
[1563240446] SERVICE ALERT: esxi03;PING;WARNING;SOFT;1;PING WARNING - Packet loss = 20%, RTA = 0.47 ms
[1563240510] SERVICE ALERT: esxi03;PING;OK;SOFT;2;PING OK - Packet loss = 0%, RTA = 0.44 ms
[1563240575] SERVICE ALERT: esxi03;PING;WARNING;SOFT;1;PING WARNING - Packet loss = 20%, RTA = 0.42 ms
[1563240639] SERVICE ALERT: esxi03;PING;OK;SOFT;2;PING OK - Packet loss = 0%, RTA = 0.76 ms
[1563241304] SERVICE ALERT: esxi03;PING;WARNING;SOFT;1;PING WARNING - Packet loss = 20%, RTA = 0.54 ms
[1563241368] SERVICE ALERT: esxi03;PING;OK;SOFT;2;PING OK - Packet loss = 0%, RTA = 0.55 ms
[1563241599] Auto-save of retention data completed successfully.
[1563241733] SERVICE ALERT: esxi03;PING;WARNING;SOFT;1;PING WARNING - Packet loss = 20%, RTA = 0.41 ms
[1563241797] SERVICE ALERT: esxi03;PING;OK;SOFT;2;PING OK - Packet loss = 0%, RTA = 0.40 ms
[1563242462] SERVICE ALERT: esxi03;PING;WARNING;SOFT;1;PING WARNING - Packet loss = 20%, RTA = 0.41 ms
[1563242526] SERVICE ALERT: esxi03;PING;OK;SOFT;2;PING OK - Packet loss = 0%, RTA = 0.47 ms
[1563245199] Auto-save of retention data completed successfully.
[1563248799] Auto-save of retention data completed successfully.
[1563252399] Auto-save of retention data completed successfully.
[1563255999] Auto-save of retention data completed successfully.
[1563259599] Auto-save of retention data completed successfully.
[1563263199] Auto-save of retention data completed successfully.
[1563266799] Auto-save of retention data completed successfully.
[1563270399] Auto-save of retention data completed successfully.
[1563273999] Auto-save of retention data completed successfully.
[1563277599] Auto-save of retention data completed successfully.
[1563281199] Auto-save of retention data completed successfully.
[1563281891] SERVICE ALERT: esxi03;PING;WARNING;SOFT;1;PING WARNING - Packet loss = 20%, RTA = 0.43 ms
[1563281955] SERVICE ALERT: esxi03;PING;OK;SOFT;2;PING OK - Packet loss = 0%, RTA = 0.51 ms
[1563284720] SERVICE ALERT: esxi03;PING;WARNING;SOFT;1;PING WARNING - Packet loss = 20%, RTA = 0.48 ms
[1563284784] SERVICE ALERT: esxi03;PING;OK;SOFT;2;PING OK - Packet loss = 0%, RTA = 0.44 ms
[1563284799] Auto-save of retention data completed successfully.
[1563288399] Auto-save of retention data completed successfully.
[1563290549] SERVICE ALERT: esxi03;PING;WARNING;SOFT;1;PING WARNING - Packet loss = 20%, RTA = 0.49 ms
[1563290613] SERVICE ALERT: esxi03;PING;OK;SOFT;2;PING OK - Packet loss = 0%, RTA = 0.38 ms
[1563291999] Auto-save of retention data completed successfully.
[1563292478] SERVICE ALERT: esxi03;PING;WARNING;SOFT;1;PING WARNING - Packet loss = 20%, RTA = 0.48 ms
[1563292542] SERVICE ALERT: esxi03;PING;OK;SOFT;2;PING OK - Packet loss = 0%, RTA = 0.49 ms
[1563295599] Auto-save of retention data completed successfully.
[1563296507] SERVICE ALERT: esxi03;PING;WARNING;SOFT;1;PING WARNING - Packet loss = 20%, RTA = 0.43 ms
[1563296571] SERVICE ALERT: esxi03;PING;OK;SOFT;2;PING OK - Packet loss = 0%, RTA = 0.42 ms
[1563296582] wproc: Core Worker 12904: job 97035 (pid=2811) timed out. Killing it
[1563296582] wproc: CHECK job 97035 from worker Core Worker 12904 timed out after 30.03s
[1563296582] wproc:   host=router1; service=(null);
[1563296582] wproc:   early_timeout=1; exited_ok=0; wait_status=0; error_code=62;
[1563296582] Warning: Check of host 'router1' timed out after 30.03 seconds
[1563296582] HOST ALERT: router1;DOWN;SOFT;1;(Host check timed out after 30.03 seconds)
[1563296583] wproc: Core Worker 12904: job 97035 (pid=2811): Dormant child reaped
[1563296672] wproc: Core Worker 12903: job 97037 (pid=2854) timed out. Killing it
[1563296672] wproc: CHECK job 97037 from worker Core Worker 12903 timed out after 30.04s
[1563296672] wproc:   host=router1; service=(null);
[1563296672] wproc:   early_timeout=1; exited_ok=0; wait_status=0; error_code=62;
[1563296672] Warning: Check of host 'router1' timed out after 30.04 seconds
[1563296672] HOST ALERT: router1;DOWN;SOFT;2;(Host check timed out after 30.04 seconds)
[1563296673] wproc: Core Worker 12903: job 97037 (pid=2854): Dormant child reaped
[1563296736] HOST ALERT: router1;UP;SOFT;1;PING OK - Packet loss = 0%, RTA = 0.50 ms
[1563297836] SERVICE ALERT: esxi03;PING;WARNING;SOFT;1;PING WARNING - Packet loss = 20%, RTA = 0.49 ms
[1563297900] SERVICE ALERT: esxi03;PING;OK;SOFT;2;PING OK - Packet loss = 0%, RTA = 0.50 ms
[1563299199] Auto-save of retention data completed successfully.
[1563300058] SERVICE ALERT: router1;check-host-alive;CRITICAL;SOFT;1;CRITICAL - Plugin timed out
[1563300062] wproc: Core Worker 12906: job 97145 (pid=5738) timed out. Killing it
[1563300062] wproc: CHECK job 97145 from worker Core Worker 12906 timed out after 30.01s
[1563300062] wproc:   host=router1; service=(null);
[1563300062] wproc:   early_timeout=1; exited_ok=0; wait_status=0; error_code=62;
[1563300062] Warning: Check of host 'router1' timed out after 30.01 seconds
[1563300062] HOST ALERT: router1;DOWN;SOFT;1;(Host check timed out after 30.01 seconds)
[1563300063] wproc: Core Worker 12906: job 97145 (pid=5738): Dormant child reaped
[1563300065] SERVICE ALERT: esxi03;PING;WARNING;SOFT;1;PING WARNING - Packet loss = 20%, RTA = 0.44 ms
[1563300130] SERVICE ALERT: esxi03;PING;WARNING;SOFT;2;PING WARNING - Packet loss = 20%, RTA = 0.45 ms
[1563300152] wproc: Core Worker 12903: job 97149 (pid=5781) timed out. Killing it
[1563300152] wproc: CHECK job 97149 from worker Core Worker 12903 timed out after 30.01s
[1563300152] wproc:   host=router1; service=(null);
[1563300152] wproc:   early_timeout=1; exited_ok=0; wait_status=0; error_code=62;
[1563300152] Warning: Check of host 'router1' timed out after 30.01 seconds
[1563300152] HOST ALERT: router1;DOWN;SOFT;2;(Host check timed out after 30.01 seconds)
[1563300153] wproc: Core Worker 12903: job 97149 (pid=5781): Dormant child reaped
[1563300194] SERVICE ALERT: esxi03;PING;OK;SOFT;3;PING OK - Packet loss = 0%, RTA = 0.58 ms
[1563300209] SERVICE ALERT: router1;check-host-alive;CRITICAL;HARD;1;CRITICAL - Plugin timed out
[1563300243] wproc: Core Worker 12903: job 97152 (pid=5814) timed out. Killing it
[1563300243] wproc: CHECK job 97152 from worker Core Worker 12903 timed out after 30.03s
[1563300243] wproc:   host=router1; service=(null);
[1563300243] wproc:   early_timeout=1; exited_ok=0; wait_status=0; error_code=62;
[1563300243] Warning: Check of host 'router1' timed out after 30.03 seconds
[1563300243] HOST ALERT: router1;DOWN;SOFT;3;(Host check timed out after 30.03 seconds)
[1563300243] wproc: Core Worker 12903: job 97152 (pid=5814): Dormant child reaped
[1563300333] wproc: Core Worker 12905: job 97154 (pid=5962) timed out. Killing it
[1563300333] wproc: CHECK job 97154 from worker Core Worker 12905 timed out after 30.01s
[1563300333] wproc:   host=router1; service=(null);
[1563300333] wproc:   early_timeout=1; exited_ok=0; wait_status=0; error_code=62;
[1563300333] Warning: Check of host 'router1' timed out after 30.01 seconds
[1563300333] HOST ALERT: router1;DOWN;SOFT;4;(Host check timed out after 30.01 seconds)
[1563300333] wproc: Core Worker 12905: job 97154 (pid=5962): Dormant child reaped
[1563300423] wproc: Core Worker 12903: job 97158 (pid=6018) timed out. Killing it
[1563300423] wproc: CHECK job 97158 from worker Core Worker 12903 timed out after 30.01s
[1563300423] wproc:   host=router1; service=(null);
[1563300423] wproc:   early_timeout=1; exited_ok=0; wait_status=0; error_code=62;
[1563300423] Warning: Check of host 'router1' timed out after 30.01 seconds
[1563300423] HOST ALERT: router1;DOWN;SOFT;5;(Host check timed out after 30.01 seconds)
[1563300423] wproc: Core Worker 12903: job 97158 (pid=6018): Dormant child reaped
[1563300513] wproc: Core Worker 12906: job 97161 (pid=6057) timed out. Killing it
[1563300513] wproc: CHECK job 97161 from worker Core Worker 12906 timed out after 30.04s
[1563300513] wproc:   host=router1; service=(null);
[1563300513] wproc:   early_timeout=1; exited_ok=0; wait_status=0; error_code=62;
[1563300513] Warning: Check of host 'router1' timed out after 30.04 seconds
[1563300513] HOST ALERT: router1;DOWN;SOFT;6;(Host check timed out after 30.04 seconds)
[1563300513] wproc: Core Worker 12906: job 97161 (pid=6057): Dormant child reaped
[1563300603] wproc: Core Worker 12903: job 97163 (pid=6084) timed out. Killing it
[1563300603] wproc: CHECK job 97163 from worker Core Worker 12903 timed out after 30.04s
[1563300603] wproc:   host=router1; service=(null);
[1563300603] wproc:   early_timeout=1; exited_ok=0; wait_status=0; error_code=62;
[1563300603] Warning: Check of host 'router1' timed out after 30.04 seconds
[1563300603] HOST ALERT: router1;DOWN;SOFT;7;(Host check timed out after 30.04 seconds)
[1563300603] wproc: Core Worker 12903: job 97163 (pid=6084): Dormant child reaped
[1563300693] wproc: Core Worker 12904: job 97167 (pid=6253) timed out. Killing it
[1563300693] wproc: CHECK job 97167 from worker Core Worker 12904 timed out after 30.01s
[1563300693] wproc:   host=router1; service=(null);
[1563300693] wproc:   early_timeout=1; exited_ok=0; wait_status=0; error_code=62;
[1563300693] Warning: Check of host 'router1' timed out after 30.01 seconds
[1563300693] HOST ALERT: router1;DOWN;SOFT;8;(Host check timed out after 30.01 seconds)
[1563300693] wproc: Core Worker 12904: job 97167 (pid=6253): Dormant child reaped
[1563300783] wproc: Core Worker 12906: job 97171 (pid=6290) timed out. Killing it
[1563300783] wproc: CHECK job 97171 from worker Core Worker 12906 timed out after 30.04s
[1563300783] wproc:   host=router1; service=(null);
[1563300783] wproc:   early_timeout=1; exited_ok=0; wait_status=0; error_code=62;
[1563300783] Warning: Check of host 'router1' timed out after 30.04 seconds
[1563300783] HOST ALERT: router1;DOWN;SOFT;9;(Host check timed out after 30.04 seconds)
[1563300783] wproc: Core Worker 12906: job 97171 (pid=6290): Dormant child reaped
[1563300859] SERVICE ALERT: esxi03;PING;WARNING;SOFT;1;PING WARNING - Packet loss = 20%, RTA = 0.40 ms
[1563300873] wproc: Core Worker 12903: job 97173 (pid=6326) timed out. Killing it
[1563300873] wproc: CHECK job 97173 from worker Core Worker 12903 timed out after 30.01s
[1563300873] wproc:   host=router1; service=(null);
[1563300873] wproc:   early_timeout=1; exited_ok=0; wait_status=0; error_code=62;
[1563300873] Warning: Check of host 'router1' timed out after 30.01 seconds
[1563300873] HOST NOTIFICATION: nagiosadmin;router1;DOWN;notify-host-by-email;(Host check timed out after 30.01 seconds)
[1563300873] HOST ALERT: router1;DOWN;HARD;10;(Host check timed out after 30.01 seconds)
[1563300873] wproc: Core Worker 12903: job 97173 (pid=6326): Dormant child reaped
[1563300923] SERVICE ALERT: esxi03;PING;OK;SOFT;2;PING OK - Packet loss = 0%, RTA = 0.55 ms
[1563300969] SERVICE ALERT: router3;check-host-alive;CRITICAL;SOFT;1;CRITICAL - Plugin timed out
[1563300988] SERVICE ALERT: esxi03;PING;WARNING;SOFT;1;PING WARNING - Packet loss = 20%, RTA = 0.38 ms
[1563300999] wproc: Core Worker 12906: job 97178 (pid=6515) timed out. Killing it
[1563300999] wproc: CHECK job 97178 from worker Core Worker 12906 timed out after 30.01s
[1563300999] wproc:   host=router3; service=(null);
[1563300999] wproc:   early_timeout=1; exited_ok=0; wait_status=0; error_code=62;
[1563300999] Warning: Check of host 'router3' timed out after 30.01 seconds
[1563300999] HOST ALERT: router3;DOWN;SOFT;1;(Host check timed out after 30.01 seconds)
[1563301000] wproc: Core Worker 12906: job 97178 (pid=6515): Dormant child reaped
[1563301052] SERVICE ALERT: esxi03;PING;OK;SOFT;2;PING OK - Packet loss = 0%, RTA = 0.41 ms
[1563301089] wproc: Core Worker 12906: job 97182 (pid=6566) timed out. Killing it
[1563301089] wproc: CHECK job 97182 from worker Core Worker 12906 timed out after 30.03s
[1563301089] wproc:   host=router3; service=(null);
[1563301089] wproc:   early_timeout=1; exited_ok=0; wait_status=0; error_code=62;
[1563301089] Warning: Check of host 'router3' timed out after 30.03 seconds
[1563301089] HOST ALERT: router3;DOWN;SOFT;2;(Host check timed out after 30.03 seconds)
[1563301090] wproc: Core Worker 12906: job 97182 (pid=6566): Dormant child reaped
[1563301117] SERVICE ALERT: esxi03;PING;WARNING;SOFT;1;PING WARNING - Packet loss = 20%, RTA = 0.41 ms
[1563301120] SERVICE ALERT: router3;check-host-alive;CRITICAL;HARD;1;CRITICAL - Plugin timed out
[1563301179] wproc: Core Worker 12905: job 97184 (pid=6602) timed out. Killing it
[1563301179] wproc: CHECK job 97184 from worker Core Worker 12905 timed out after 30.01s
[1563301179] wproc:   host=router3; service=(null);
[1563301179] wproc:   early_timeout=1; exited_ok=0; wait_status=0; error_code=62;
[1563301179] Warning: Check of host 'router3' timed out after 30.01 seconds
[1563301179] HOST ALERT: router3;DOWN;SOFT;3;(Host check timed out after 30.01 seconds)
[1563301180] wproc: Core Worker 12905: job 97184 (pid=6602): Dormant child reaped
[1563301181] SERVICE ALERT: esxi03;PING;OK;SOFT;2;PING OK - Packet loss = 0%, RTA = 0.46 ms
[1563301203] wproc: Core Worker 12906: job 97185 (pid=6605) timed out. Killing it
[1563301203] wproc: CHECK job 97185 from worker Core Worker 12906 timed out after 30.01s
[1563301203] wproc:   host=router1; service=(null);
[1563301203] wproc:   early_timeout=1; exited_ok=0; wait_status=0; error_code=62;
[1563301203] Warning: Check of host 'router1' timed out after 30.01 seconds
[1563301203] wproc: Core Worker 12906: job 97185 (pid=6605): Dormant child reaped
[1563301269] wproc: Core Worker 12903: job 97188 (pid=6777) timed out. Killing it
[1563301269] wproc: CHECK job 97188 from worker Core Worker 12903 timed out after 30.01s
[1563301269] wproc:   host=router3; service=(null);
[1563301269] wproc:   early_timeout=1; exited_ok=0; wait_status=0; error_code=62;
[1563301269] Warning: Check of host 'router3' timed out after 30.01 seconds
[1563301269] HOST ALERT: router3;DOWN;SOFT;4;(Host check timed out after 30.01 seconds)
[1563301270] wproc: Core Worker 12903: job 97188 (pid=6777): Dormant child reaped
[1563301359] wproc: Core Worker 12906: job 97192 (pid=6809) timed out. Killing it
[1563301359] wproc: CHECK job 97192 from worker Core Worker 12906 timed out after 30.01s
[1563301359] wproc:   host=router3; service=(null);
[1563301359] wproc:   early_timeout=1; exited_ok=0; wait_status=0; error_code=62;
[1563301359] Warning: Check of host 'router3' timed out after 30.01 seconds
[1563301359] HOST ALERT: router3;DOWN;SOFT;5;(Host check timed out after 30.01 seconds)
[1563301360] wproc: Core Worker 12906: job 97192 (pid=6809): Dormant child reaped
[1563301449] wproc: Core Worker 12904: job 97195 (pid=6859) timed out. Killing it
[1563301449] wproc: CHECK job 97195 from worker Core Worker 12904 timed out after 30.03s
[1563301449] wproc:   host=router3; service=(null);
[1563301449] wproc:   early_timeout=1; exited_ok=0; wait_status=0; error_code=62;
[1563301449] Warning: Check of host 'router3' timed out after 30.03 seconds
[1563301449] HOST ALERT: router3;DOWN;SOFT;6;(Host check timed out after 30.03 seconds)
[1563301450] wproc: Core Worker 12904: job 97195 (pid=6859): Dormant child reaped
[1563301503] wproc: Core Worker 12906: job 97196 (pid=6868) timed out. Killing it
[1563301503] wproc: CHECK job 97196 from worker Core Worker 12906 timed out after 30.03s
[1563301503] wproc:   host=router1; service=(null);
[1563301503] wproc:   early_timeout=1; exited_ok=0; wait_status=0; error_code=62;
[1563301503] Warning: Check of host 'router1' timed out after 30.03 seconds
[1563301503] wproc: Core Worker 12906: job 97196 (pid=6868): Dormant child reaped
[1563301539] wproc: Core Worker 12906: job 97197 (pid=7010) timed out. Killing it
[1563301539] wproc: CHECK job 97197 from worker Core Worker 12906 timed out after 30.02s
[1563301539] wproc:   host=router3; service=(null);
[1563301539] wproc:   early_timeout=1; exited_ok=0; wait_status=0; error_code=62;
[1563301539] Warning: Check of host 'router3' timed out after 30.02 seconds
[1563301539] HOST ALERT: router3;DOWN;SOFT;7;(Host check timed out after 30.02 seconds)
[1563301540] wproc: Core Worker 12906: job 97197 (pid=7010): Dormant child reaped
[1563301629] wproc: Core Worker 12904: job 97201 (pid=7053) timed out. Killing it
[1563301629] wproc: CHECK job 97201 from worker Core Worker 12904 timed out after 30.04s
[1563301629] wproc:   host=router3; service=(null);
[1563301629] wproc:   early_timeout=1; exited_ok=0; wait_status=0; error_code=62;
[1563301629] Warning: Check of host 'router3' timed out after 30.04 seconds
[1563301629] HOST ALERT: router3;DOWN;SOFT;8;(Host check timed out after 30.04 seconds)
[1563301630] wproc: Core Worker 12904: job 97201 (pid=7053): Dormant child reaped
[1563301719] wproc: Core Worker 12906: job 97203 (pid=7080) timed out. Killing it
[1563301719] wproc: CHECK job 97203 from worker Core Worker 12906 timed out after 30.01s
[1563301719] wproc:   host=router3; service=(null);
[1563301719] wproc:   early_timeout=1; exited_ok=0; wait_status=0; error_code=62;
[1563301719] Warning: Check of host 'router3' timed out after 30.01 seconds
[1563301719] HOST ALERT: router3;DOWN;SOFT;9;(Host check timed out after 30.01 seconds)
[1563301720] wproc: Core Worker 12906: job 97203 (pid=7080): Dormant child reaped
