[1545935400] LOG ROTATION: DAILY
[1545935400] LOG VERSION: 2.0
[1545935400] CURRENT HOST STATE: esxi01;UP;HARD;1;PING OK - Packet loss = 0%, RTA = 0.51 ms
[1545935400] CURRENT HOST STATE: esxi02;UP;HARD;1;PING OK - Packet loss = 0%, RTA = 0.45 ms
[1545935400] CURRENT HOST STATE: esxi03;UP;HARD;1;PING OK - Packet loss = 0%, RTA = 0.66 ms
[1545935400] CURRENT HOST STATE: esxi04;UP;HARD;1;PING OK - Packet loss = 0%, RTA = 0.41 ms
[1545935400] CURRENT HOST STATE: esxi05;DOWN;HARD;10;CRITICAL - Host Unreachable (10.5.5.55)
[1545935400] CURRENT HOST STATE: esxi06;UP;HARD;1;PING OK - Packet loss = 0%, RTA = 0.41 ms
[1545935400] CURRENT HOST STATE: esxi07;UP;HARD;1;PING OK - Packet loss = 0%, RTA = 0.46 ms
[1545935400] CURRENT HOST STATE: esxi08;UP;HARD;1;PING OK - Packet loss = 0%, RTA = 1.33 ms
[1545935400] CURRENT HOST STATE: esxi09;UP;HARD;1;PING OK - Packet loss = 0%, RTA = 0.43 ms
[1545935400] CURRENT HOST STATE: localhost;UP;HARD;1;PING OK - Packet loss = 0%, RTA = 0.04 ms
[1545935400] CURRENT HOST STATE: router1;UP;HARD;1;PING OK - Packet loss = 0%, RTA = 0.58 ms
[1545935400] CURRENT HOST STATE: router2;UP;HARD;1;PING OK - Packet loss = 0%, RTA = 0.87 ms
[1545935400] CURRENT HOST STATE: router3;UP;HARD;1;PING OK - Packet loss = 0%, RTA = 0.67 ms
[1545935400] CURRENT HOST STATE: vmware10gswitch;UP;HARD;1;PING OK - Packet loss = 0%, RTA = 1.25 ms
[1545935400] CURRENT HOST STATE: vmwaremgmtswitch;UP;HARD;1;PING OK - Packet loss = 0%, RTA = 0.87 ms
[1545935400] CURRENT SERVICE STATE: esxi01;ESXi Hardware Check;OK;HARD;1;OK - Server: Cisco Systems Inc UCSC-C220-M4S s/n: FCH22157EQH Chassis S/N: FCH2216V0WN  System BIOS: C220M4.3.0.4a.0.0226182253 2018-02-26
[1545935400] CURRENT SERVICE STATE: esxi01;PING;OK;HARD;1;PING OK - Packet loss = 0%, RTA = 0.47 ms
[1545935400] CURRENT SERVICE STATE: esxi02;ESXi Hardware Check;OK;HARD;1;OK - Server: Cisco Systems Inc UCSC-C220-M4S s/n: FCH22157E1D Chassis S/N: FCH2216V0Y6  System BIOS: C220M4.3.0.4a.0.0226182253 2018-02-26
[1545935400] CURRENT SERVICE STATE: esxi02;PING;OK;HARD;1;PING OK - Packet loss = 0%, RTA = 0.43 ms
[1545935400] CURRENT SERVICE STATE: esxi03;ESXi Hardware Check;OK;HARD;1;OK - Server: Cisco Systems Inc UCSC-C220-M4S s/n: FCH22157ESB Chassis S/N: FCH2216V0TW  System BIOS: C220M4.3.0.4a.0.0226182253 2018-02-26
[1545935400] CURRENT SERVICE STATE: esxi03;PING;OK;HARD;1;PING OK - Packet loss = 0%, RTA = 0.32 ms
[1545935400] CURRENT SERVICE STATE: esxi04;ESXi Hardware Check;OK;HARD;1;OK - Server: Cisco Systems Inc UCSC-C220-M4S s/n: FCH22137QKB Chassis S/N: FCH2216V0YZ  System BIOS: C220M4.3.0.4a.0.0226182253 2018-02-26
[1545935400] CURRENT SERVICE STATE: esxi04;PING;OK;HARD;1;PING OK - Packet loss = 0%, RTA = 0.40 ms
[1545935400] CURRENT SERVICE STATE: esxi05;ESXi Hardware Check;UNKNOWN;HARD;3;UNKNOWN: (0, 'Socket error: [Errno 113] No route to host')
[1545935400] CURRENT SERVICE STATE: esxi05;PING;CRITICAL;HARD;4;CRITICAL - Host Unreachable (10.5.5.55)
[1545935400] CURRENT SERVICE STATE: esxi06;ESXi Haradware Check;OK;HARD;1;OK - Server: Cisco Systems Inc UCSC-C220-M4S s/n: FCH22157ERW Chassis S/N: FCH2216V0X8  System BIOS: C220M4.3.0.4a.0.0226182253 2018-02-26
[1545935400] CURRENT SERVICE STATE: esxi06;PING;OK;HARD;1;PING OK - Packet loss = 0%, RTA = 0.46 ms
[1545935400] CURRENT SERVICE STATE: esxi07;ESXi Hardware Check;OK;HARD;1;OK - Server: Cisco Systems Inc UCSC-C220-M4S s/n: FCH22157EV7 Chassis S/N: FCH2216V0Y8  System BIOS: C220M4.3.0.4a.0.0226182253 2018-02-26
[1545935400] CURRENT SERVICE STATE: esxi07;PING;OK;HARD;1;PING OK - Packet loss = 0%, RTA = 0.44 ms
[1545935400] CURRENT SERVICE STATE: esxi08;ESXi Hardware Check;OK;HARD;1;OK - Server: Cisco Systems Inc UCSC-C220-M4S s/n: FCH22137QJN Chassis S/N: FCH2216V0YV  System BIOS: C220M4.3.0.4a.0.0226182253 2018-02-26
[1545935400] CURRENT SERVICE STATE: esxi08;PING;OK;HARD;1;PING OK - Packet loss = 0%, RTA = 0.29 ms
[1545935400] CURRENT SERVICE STATE: esxi09;ESXi Hardware Check;OK;HARD;1;OK - Server: Cisco Systems Inc UCSC-C220-M4S s/n: FCH22157ERY Chassis S/N: FCH2216V0YN  System BIOS: C220M4.3.0.4a.0.0226182253 2018-02-26
[1545935400] CURRENT SERVICE STATE: esxi09;PING;OK;HARD;1;PING OK - Packet loss = 0%, RTA = 0.44 ms
[1545935400] CURRENT SERVICE STATE: localhost;Current Load;OK;HARD;1;OK - load average: 0.00, 0.01, 0.05
[1545935400] CURRENT SERVICE STATE: localhost;Current Users;OK;HARD;1;USERS OK - 0 users currently logged in
[1545935400] CURRENT SERVICE STATE: localhost;HTTP;WARNING;HARD;4;HTTP WARNING: HTTP/1.1 403 Forbidden - 5179 bytes in 0.001 second response time
[1545935400] CURRENT SERVICE STATE: localhost;PING;OK;HARD;1;PING OK - Packet loss = 0%, RTA = 0.03 ms
[1545935400] CURRENT SERVICE STATE: localhost;Root Partition;OK;HARD;1;DISK OK - free space: / 44710 MB (87.36% inode=99%):
[1545935400] CURRENT SERVICE STATE: localhost;SSH;OK;HARD;1;SSH OK - OpenSSH_7.4 (protocol 2.0)
[1545935400] CURRENT SERVICE STATE: localhost;Swap Usage;OK;HARD;1;SWAP OK - 100% free (3967 MB out of 3967 MB)
[1545935400] CURRENT SERVICE STATE: localhost;Total Processes;OK;HARD;1;PROCS OK: 80 processes with STATE = RSZDT
[1545935400] CURRENT SERVICE STATE: router1;check-host-alive;OK;HARD;1;PING OK - Packet loss = 0%, RTA = 0.54 ms
[1545935400] CURRENT SERVICE STATE: router2;check-host-alive;OK;HARD;1;PING OK - Packet loss = 0%, RTA = 0.69 ms
[1545935400] CURRENT SERVICE STATE: router3;check-host-alive;OK;HARD;1;PING OK - Packet loss = 0%, RTA = 1.22 ms
[1545935400] CURRENT SERVICE STATE: vmware10gswitch;check-host-alive;OK;HARD;1;PING OK - Packet loss = 0%, RTA = 1.33 ms
[1545935400] CURRENT SERVICE STATE: vmwaremgmtswitch;check-host-alive;OK;HARD;1;PING OK - Packet loss = 0%, RTA = 0.76 ms
[1545937736] Auto-save of retention data completed successfully.
[1545941336] Auto-save of retention data completed successfully.
[1545944936] Auto-save of retention data completed successfully.
[1545948536] Auto-save of retention data completed successfully.
[1545949652] SERVICE ALERT: esxi01;PING;WARNING;SOFT;1;PING WARNING - Packet loss = 20%, RTA = 0.46 ms
[1545949716] SERVICE ALERT: esxi01;PING;OK;HARD;1;PING OK - Packet loss = 0%, RTA = 0.47 ms
[1545951202] SERVICE ALERT: esxi02;PING;WARNING;SOFT;1;PING WARNING - Packet loss = 20%, RTA = 0.38 ms
[1545951266] SERVICE ALERT: esxi02;PING;OK;HARD;1;PING OK - Packet loss = 0%, RTA = 0.34 ms
[1545952136] Auto-save of retention data completed successfully.
[1545955736] Auto-save of retention data completed successfully.
[1545959336] Auto-save of retention data completed successfully.
[1545962936] Auto-save of retention data completed successfully.
[1545966536] Auto-save of retention data completed successfully.
[1545967959] HOST NOTIFICATION: nagiosadmin;esxi05;DOWN;notify-host-by-email;CRITICAL - Host Unreachable (10.5.5.55)
[1545970136] Auto-save of retention data completed successfully.
[1545973736] Auto-save of retention data completed successfully.
[1545975159] HOST NOTIFICATION: nagiosadmin;esxi05;DOWN;notify-host-by-email;CRITICAL - Host Unreachable (10.5.5.55)
[1545977336] Auto-save of retention data completed successfully.
[1545980067] SERVICE ALERT: esxi02;PING;WARNING;SOFT;1;PING WARNING - Packet loss = 20%, RTA = 1.06 ms
[1545980131] SERVICE ALERT: esxi02;PING;OK;HARD;1;PING OK - Packet loss = 0%, RTA = 0.44 ms
[1545980936] Auto-save of retention data completed successfully.
[1545982359] HOST NOTIFICATION: nagiosadmin;esxi05;DOWN;notify-host-by-email;CRITICAL - Host Unreachable (10.5.5.55)
[1545984536] Auto-save of retention data completed successfully.
[1545988136] Auto-save of retention data completed successfully.
[1545989559] HOST NOTIFICATION: nagiosadmin;esxi05;DOWN;notify-host-by-email;CRITICAL - Host Unreachable (10.5.5.55)
[1545991736] Auto-save of retention data completed successfully.
[1545995336] Auto-save of retention data completed successfully.
[1545998936] Auto-save of retention data completed successfully.
[1546002536] Auto-save of retention data completed successfully.
[1546006136] Auto-save of retention data completed successfully.
[1546009736] Auto-save of retention data completed successfully.
[1546013336] Auto-save of retention data completed successfully.
[1546016936] Auto-save of retention data completed successfully.
[1546020536] Auto-save of retention data completed successfully.
