[1569781800] LOG ROTATION: DAILY
[1569781800] LOG VERSION: 2.0
[1569781800] CURRENT HOST STATE: AP_Main_Bldg;UP;HARD;1;PING OK - Packet loss = 0%, RTA = 0.75 ms
[1569781800] CURRENT HOST STATE: Director_Bldg;UP;HARD;1;PING OK - Packet loss = 0%, RTA = 0.58 ms
[1569781800] CURRENT HOST STATE: Director_Resident;UP;HARD;1;PING OK - Packet loss = 0%, RTA = 0.61 ms
[1569781800] CURRENT HOST STATE: esxi01;UP;HARD;1;PING OK - Packet loss = 0%, RTA = 0.46 ms
[1569781800] CURRENT HOST STATE: esxi02;UP;HARD;1;PING OK - Packet loss = 0%, RTA = 0.40 ms
[1569781800] CURRENT HOST STATE: esxi03;UP;HARD;1;PING OK - Packet loss = 0%, RTA = 3.00 ms
[1569781800] CURRENT HOST STATE: esxi04;UP;HARD;1;PING OK - Packet loss = 0%, RTA = 0.41 ms
[1569781800] CURRENT HOST STATE: esxi05;UP;HARD;1;PING OK - Packet loss = 0%, RTA = 0.39 ms
[1569781800] CURRENT HOST STATE: esxi06;UP;HARD;1;PING OK - Packet loss = 20%, RTA = 0.46 ms
[1569781800] CURRENT HOST STATE: esxi07;UP;HARD;1;PING OK - Packet loss = 0%, RTA = 0.45 ms
[1569781800] CURRENT HOST STATE: esxi08;UP;HARD;1;PING OK - Packet loss = 0%, RTA = 0.37 ms
[1569781800] CURRENT HOST STATE: esxi09;UP;HARD;1;PING OK - Packet loss = 20%, RTA = 0.53 ms
[1569781800] CURRENT HOST STATE: localhost;UP;HARD;1;PING OK - Packet loss = 0%, RTA = 0.03 ms
[1569781800] CURRENT HOST STATE: vmware10gswitch;UP;HARD;1;PING OK - Packet loss = 0%, RTA = 1.28 ms
[1569781800] CURRENT HOST STATE: vmwaremgmtswitch;UP;HARD;1;PING OK - Packet loss = 0%, RTA = 2.05 ms
[1569781800] CURRENT SERVICE STATE: AP_Main_Bldg;check-host-alive;OK;HARD;1;PING OK - Packet loss = 0%, RTA = 0.67 ms
[1569781800] CURRENT SERVICE STATE: Director_Bldg;check-host-alive;OK;HARD;1;PING OK - Packet loss = 0%, RTA = 0.60 ms
[1569781800] CURRENT SERVICE STATE: Director_Resident;check-host-alive;OK;HARD;1;PING OK - Packet loss = 0%, RTA = 0.73 ms
[1569781800] CURRENT SERVICE STATE: esxi01;ESXi Hardware Check;OK;HARD;1;OK - Server: Cisco Systems Inc UCSC-C220-M4S s/n: FCH22157EQH Chassis S/N: FCH2216V0WN  System BIOS: C220M4.3.0.4a.0.0226182253 2018-02-26
[1569781800] CURRENT SERVICE STATE: esxi01;PING;OK;HARD;1;PING OK - Packet loss = 0%, RTA = 0.34 ms
[1569781800] CURRENT SERVICE STATE: esxi02;ESXi Hardware Check;OK;HARD;1;OK - Server: Cisco Systems Inc UCSC-C220-M4S s/n: FCH22157E1D Chassis S/N: FCH2216V0Y6  System BIOS: C220M4.3.0.4a.0.0226182253 2018-02-26
[1569781800] CURRENT SERVICE STATE: esxi02;PING;OK;HARD;1;PING OK - Packet loss = 0%, RTA = 0.51 ms
[1569781800] CURRENT SERVICE STATE: esxi03;ESXi Hardware Check;OK;HARD;1;OK - Server: Cisco Systems Inc UCSC-C220-M4S s/n: FCH22157ESB Chassis S/N: FCH2216V0TW  System BIOS: C220M4.3.0.4a.0.0226182253 2018-02-26
[1569781800] CURRENT SERVICE STATE: esxi03;PING;OK;HARD;1;PING OK - Packet loss = 0%, RTA = 0.42 ms
[1569781800] CURRENT SERVICE STATE: esxi04;ESXi Hardware Check;OK;HARD;1;OK - Server: Cisco Systems Inc UCSC-C220-M4S s/n: FCH22137QKB Chassis S/N: FCH2216V0YZ  System BIOS: C220M4.3.0.4a.0.0226182253 2018-02-26
[1569781800] CURRENT SERVICE STATE: esxi04;PING;OK;HARD;1;PING OK - Packet loss = 0%, RTA = 0.42 ms
[1569781800] CURRENT SERVICE STATE: esxi05;ESXi Hardware Check;OK;HARD;1;OK - Server: Cisco Systems Inc UCSC-C220-M4S s/n: FCH22157EPD Chassis S/N: FCH2216V0Z0  System BIOS: C220M4.3.0.4a.0.0226182253 2018-02-26
[1569781800] CURRENT SERVICE STATE: esxi05;PING;OK;HARD;1;PING OK - Packet loss = 0%, RTA = 0.31 ms
[1569781800] CURRENT SERVICE STATE: esxi06;ESXi Haradware Check;OK;HARD;1;OK - Server: Cisco Systems Inc UCSC-C220-M4S s/n: FCH22157ERW Chassis S/N: FCH2216V0X8  System BIOS: C220M4.3.0.4a.0.0226182253 2018-02-26
[1569781800] CURRENT SERVICE STATE: esxi06;PING;OK;HARD;1;PING OK - Packet loss = 0%, RTA = 0.44 ms
[1569781800] CURRENT SERVICE STATE: esxi07;ESXi Hardware Check;OK;HARD;1;OK - Server: Cisco Systems Inc UCSC-C220-M4S s/n: FCH22157EV7 Chassis S/N: FCH2216V0Y8  System BIOS: C220M4.3.0.4a.0.0226182253 2018-02-26
[1569781800] CURRENT SERVICE STATE: esxi07;PING;OK;HARD;1;PING OK - Packet loss = 0%, RTA = 0.60 ms
[1569781800] CURRENT SERVICE STATE: esxi08;ESXi Hardware Check;OK;HARD;1;OK - Server: Cisco Systems Inc UCSC-C220-M4S s/n: FCH22137QJN Chassis S/N: FCH2216V0YV  System BIOS: C220M4.3.0.4a.0.0226182253 2018-02-26
[1569781800] CURRENT SERVICE STATE: esxi08;PING;OK;HARD;1;PING OK - Packet loss = 0%, RTA = 0.38 ms
[1569781800] CURRENT SERVICE STATE: esxi09;ESXi Hardware Check;OK;HARD;1;OK - Server: Cisco Systems Inc UCSC-C220-M4S s/n: FCH22157ERY Chassis S/N: FCH2216V0YN  System BIOS: C220M4.3.0.4a.0.0226182253 2018-02-26
[1569781800] CURRENT SERVICE STATE: esxi09;PING;OK;HARD;1;PING OK - Packet loss = 0%, RTA = 0.41 ms
[1569781800] CURRENT SERVICE STATE: localhost;Current Load;OK;HARD;1;OK - load average: 0.01, 0.03, 0.12
[1569781800] CURRENT SERVICE STATE: localhost;Current Users;OK;HARD;1;USERS OK - 2 users currently logged in
[1569781800] CURRENT SERVICE STATE: localhost;PING;OK;HARD;1;PING OK - Packet loss = 0%, RTA = 0.03 ms
[1569781800] CURRENT SERVICE STATE: localhost;Root Partition;OK;HARD;1;DISK OK - free space: / 42348 MB (82.75% inode=99%):
[1569781800] CURRENT SERVICE STATE: localhost;SSH;OK;HARD;1;SSH OK - OpenSSH_7.4 (protocol 2.0)
[1569781800] CURRENT SERVICE STATE: localhost;Swap Usage;OK;HARD;1;SWAP OK - 100% free (3946 MB out of 3967 MB)
[1569781800] CURRENT SERVICE STATE: localhost;Total Processes;OK;HARD;1;PROCS OK: 90 processes with STATE = RSZDT
[1569781800] CURRENT SERVICE STATE: vmware10gswitch;check-host-alive;OK;HARD;1;PING OK - Packet loss = 0%, RTA = 1.38 ms
[1569781800] CURRENT SERVICE STATE: vmwaremgmtswitch;check-host-alive;OK;HARD;1;PING OK - Packet loss = 0%, RTA = 1.25 ms
[1569785259] Auto-save of retention data completed successfully.
[1569788859] Auto-save of retention data completed successfully.
[1569792459] Auto-save of retention data completed successfully.
[1569796059] Auto-save of retention data completed successfully.
[1569799659] Auto-save of retention data completed successfully.
[1569803259] Auto-save of retention data completed successfully.
[1569806859] Auto-save of retention data completed successfully.
[1569810459] Auto-save of retention data completed successfully.
[1569814059] Auto-save of retention data completed successfully.
[1569817659] Auto-save of retention data completed successfully.
[1569821259] Auto-save of retention data completed successfully.
[1569824859] Auto-save of retention data completed successfully.
[1569828459] Auto-save of retention data completed successfully.
[1569832059] Auto-save of retention data completed successfully.
[1569835659] Auto-save of retention data completed successfully.
[1569836503] SERVICE ALERT: esxi09;PING;WARNING;SOFT;1;PING WARNING - Packet loss = 20%, RTA = 17.29 ms
[1569836567] SERVICE ALERT: esxi09;PING;OK;SOFT;2;PING OK - Packet loss = 0%, RTA = 0.37 ms
[1569839259] Auto-save of retention data completed successfully.
[1569842859] Auto-save of retention data completed successfully.
[1569846459] Auto-save of retention data completed successfully.
[1569850059] Auto-save of retention data completed successfully.
[1569853659] Auto-save of retention data completed successfully.
[1569857259] Auto-save of retention data completed successfully.
[1569860859] Auto-save of retention data completed successfully.
[1569864459] Auto-save of retention data completed successfully.
[1569868059] Auto-save of retention data completed successfully.
