[1591554600] LOG ROTATION: DAILY
[1591554600] LOG VERSION: 2.0
[1591554600] CURRENT HOST STATE: AP_Main_Bldg;UP;HARD;1;PING OK - Packet loss = 0%, RTA = 0.72 ms
[1591554600] CURRENT HOST STATE: Director_Bldg;UP;HARD;1;PING OK - Packet loss = 0%, RTA = 0.64 ms
[1591554600] CURRENT HOST STATE: Director_Resident;UP;HARD;1;PING OK - Packet loss = 0%, RTA = 0.68 ms
[1591554600] CURRENT HOST STATE: esxi01;UP;HARD;1;PING OK - Packet loss = 0%, RTA = 0.39 ms
[1591554600] CURRENT HOST STATE: esxi02;UP;HARD;1;PING OK - Packet loss = 0%, RTA = 0.39 ms
[1591554600] CURRENT HOST STATE: esxi03;UP;HARD;1;PING OK - Packet loss = 0%, RTA = 0.41 ms
[1591554600] CURRENT HOST STATE: esxi04;UP;HARD;1;PING OK - Packet loss = 0%, RTA = 0.71 ms
[1591554600] CURRENT HOST STATE: esxi05;UP;HARD;1;PING OK - Packet loss = 0%, RTA = 0.41 ms
[1591554600] CURRENT HOST STATE: esxi06;UP;HARD;1;PING OK - Packet loss = 0%, RTA = 0.38 ms
[1591554600] CURRENT HOST STATE: esxi07;UP;HARD;1;PING OK - Packet loss = 0%, RTA = 0.47 ms
[1591554600] CURRENT HOST STATE: esxi08;UP;HARD;1;PING OK - Packet loss = 0%, RTA = 0.53 ms
[1591554600] CURRENT HOST STATE: esxi09;UP;HARD;1;PING OK - Packet loss = 0%, RTA = 0.40 ms
[1591554600] CURRENT HOST STATE: localhost;UP;HARD;1;PING OK - Packet loss = 0%, RTA = 0.04 ms
[1591554600] CURRENT HOST STATE: vmware10gswitch;UP;HARD;1;PING OK - Packet loss = 0%, RTA = 1.31 ms
[1591554600] CURRENT HOST STATE: vmwaremgmtswitch;UP;HARD;1;PING OK - Packet loss = 0%, RTA = 1.20 ms
[1591554600] CURRENT SERVICE STATE: AP_Main_Bldg;check-host-alive;OK;HARD;1;PING OK - Packet loss = 0%, RTA = 0.79 ms
[1591554600] CURRENT SERVICE STATE: Director_Bldg;check-host-alive;OK;HARD;1;PING OK - Packet loss = 0%, RTA = 0.61 ms
[1591554600] CURRENT SERVICE STATE: Director_Resident;check-host-alive;OK;HARD;1;PING OK - Packet loss = 0%, RTA = 0.80 ms
[1591554600] CURRENT SERVICE STATE: esxi01;ESXi Hardware Check;OK;HARD;1;OK - Server: Cisco Systems Inc UCSC-C220-M4S s/n: FCH22157EQH Chassis S/N: FCH2216V0WN  System BIOS: C220M4.3.0.4a.0.0226182253 2018-02-26
[1591554600] CURRENT SERVICE STATE: esxi01;PING;OK;HARD;1;PING OK - Packet loss = 0%, RTA = 0.34 ms
[1591554600] CURRENT SERVICE STATE: esxi02;ESXi Hardware Check;OK;HARD;1;OK - Server: Cisco Systems Inc UCSC-C220-M4S s/n: FCH22157E1D Chassis S/N: FCH2216V0Y6  System BIOS: C220M4.3.0.4a.0.0226182253 2018-02-26
[1591554600] CURRENT SERVICE STATE: esxi02;PING;OK;HARD;1;PING OK - Packet loss = 0%, RTA = 0.43 ms
[1591554600] CURRENT SERVICE STATE: esxi03;ESXi Hardware Check;OK;HARD;1;OK - Server: Cisco Systems Inc UCSC-C220-M4S s/n: FCH22157ESB Chassis S/N: FCH2216V0TW  System BIOS: C220M4.3.0.4a.0.0226182253 2018-02-26
[1591554600] CURRENT SERVICE STATE: esxi03;PING;OK;HARD;1;PING OK - Packet loss = 0%, RTA = 0.41 ms
[1591554600] CURRENT SERVICE STATE: esxi04;ESXi Hardware Check;OK;HARD;1;OK - Server: Cisco Systems Inc UCSC-C220-M4S s/n: FCH22137QKB Chassis S/N: FCH2216V0YZ  System BIOS: C220M4.3.0.4a.0.0226182253 2018-02-26
[1591554600] CURRENT SERVICE STATE: esxi04;PING;OK;HARD;1;PING OK - Packet loss = 0%, RTA = 0.39 ms
[1591554600] CURRENT SERVICE STATE: esxi05;ESXi Hardware Check;OK;HARD;1;OK - Server: Cisco Systems Inc UCSC-C220-M4S s/n: FCH22157EPD Chassis S/N: FCH2216V0Z0  System BIOS: C220M4.3.0.4a.0.0226182253 2018-02-26
[1591554600] CURRENT SERVICE STATE: esxi05;PING;OK;HARD;1;PING OK - Packet loss = 0%, RTA = 0.46 ms
[1591554600] CURRENT SERVICE STATE: esxi06;ESXi Haradware Check;OK;HARD;1;OK - Server: Cisco Systems Inc UCSC-C220-M4S s/n: FCH22157ERW Chassis S/N: FCH2216V0X8  System BIOS: C220M4.3.0.4a.0.0226182253 2018-02-26
[1591554600] CURRENT SERVICE STATE: esxi06;PING;OK;HARD;1;PING OK - Packet loss = 0%, RTA = 0.40 ms
[1591554600] CURRENT SERVICE STATE: esxi07;ESXi Hardware Check;OK;HARD;1;OK - Server: Cisco Systems Inc UCSC-C220-M4S s/n: FCH22157EV7 Chassis S/N: FCH2216V0Y8  System BIOS: C220M4.3.0.4a.0.0226182253 2018-02-26
[1591554600] CURRENT SERVICE STATE: esxi07;PING;OK;HARD;1;PING OK - Packet loss = 0%, RTA = 0.56 ms
[1591554600] CURRENT SERVICE STATE: esxi08;ESXi Hardware Check;OK;HARD;1;OK - Server: Cisco Systems Inc UCSC-C220-M4S s/n: FCH22137QJN Chassis S/N: FCH2216V0YV  System BIOS: C220M4.3.0.4a.0.0226182253 2018-02-26
[1591554600] CURRENT SERVICE STATE: esxi08;PING;OK;HARD;1;PING OK - Packet loss = 0%, RTA = 0.34 ms
[1591554600] CURRENT SERVICE STATE: esxi09;ESXi Hardware Check;OK;HARD;1;OK - Server: Cisco Systems Inc UCSC-C220-M4S s/n: FCH22157ERY Chassis S/N: FCH2216V0YN  System BIOS: C220M4.3.0.4a.0.0226182253 2018-02-26
[1591554600] CURRENT SERVICE STATE: esxi09;PING;OK;HARD;1;PING OK - Packet loss = 0%, RTA = 0.41 ms
[1591554600] CURRENT SERVICE STATE: localhost;Current Load;OK;HARD;1;OK - load average: 0.00, 0.03, 0.05
[1591554600] CURRENT SERVICE STATE: localhost;Current Users;OK;HARD;1;USERS OK - 0 users currently logged in
[1591554600] CURRENT SERVICE STATE: localhost;PING;OK;HARD;1;PING OK - Packet loss = 0%, RTA = 0.05 ms
[1591554600] CURRENT SERVICE STATE: localhost;Root Partition;OK;HARD;1;DISK OK - free space: / 42832 MB (83.69% inode=99%):
[1591554600] CURRENT SERVICE STATE: localhost;SSH;OK;HARD;1;SSH OK - OpenSSH_7.4 (protocol 2.0)
[1591554600] CURRENT SERVICE STATE: localhost;Swap Usage;OK;HARD;1;SWAP OK - 100% free (3967 MB out of 3967 MB)
[1591554600] CURRENT SERVICE STATE: localhost;Total Processes;OK;HARD;1;PROCS OK: 78 processes with STATE = RSZDT
[1591554600] CURRENT SERVICE STATE: vmware10gswitch;check-host-alive;OK;HARD;1;PING OK - Packet loss = 0%, RTA = 1.43 ms
[1591554600] CURRENT SERVICE STATE: vmwaremgmtswitch;check-host-alive;OK;HARD;1;PING OK - Packet loss = 0%, RTA = 16.73 ms
[1591556885] Auto-save of retention data completed successfully.
[1591560485] Auto-save of retention data completed successfully.
[1591564085] Auto-save of retention data completed successfully.
[1591567685] Auto-save of retention data completed successfully.
[1591571285] Auto-save of retention data completed successfully.
[1591574885] Auto-save of retention data completed successfully.
[1591578485] Auto-save of retention data completed successfully.
[1591582085] Auto-save of retention data completed successfully.
[1591585685] Auto-save of retention data completed successfully.
[1591589285] Auto-save of retention data completed successfully.
[1591592441] wproc: Core Worker 22689: job 496999 (pid=14418) timed out. Killing it
[1591592441] wproc: CHECK job 496999 from worker Core Worker 22689 timed out after 30.03s
[1591592441] wproc:   host=Director_Bldg; service=(null);
[1591592441] wproc:   early_timeout=1; exited_ok=0; wait_status=0; error_code=62;
[1591592441] Warning: Check of host 'Director_Bldg' timed out after 30.03 seconds
[1591592441] HOST ALERT: Director_Bldg;DOWN;SOFT;1;(Host check timed out after 30.03 seconds)
[1591592441] wproc: Core Worker 22689: job 496999 (pid=14418): Dormant child reaped
[1591592505] HOST ALERT: Director_Bldg;UP;SOFT;1;PING OK - Packet loss = 0%, RTA = 0.55 ms
[1591592885] Auto-save of retention data completed successfully.
[1591596485] Auto-save of retention data completed successfully.
[1591599731] wproc: Core Worker 22692: job 497229 (pid=20530) timed out. Killing it
[1591599731] wproc: CHECK job 497229 from worker Core Worker 22692 timed out after 30.02s
[1591599731] wproc:   host=Director_Bldg; service=(null);
[1591599731] wproc:   early_timeout=1; exited_ok=0; wait_status=0; error_code=62;
[1591599731] Warning: Check of host 'Director_Bldg' timed out after 30.02 seconds
[1591599731] HOST ALERT: Director_Bldg;DOWN;SOFT;1;(Host check timed out after 30.02 seconds)
[1591599732] wproc: Core Worker 22692: job 497229 (pid=20530): Dormant child reaped
[1591599821] wproc: Core Worker 22690: job 497234 (pid=20571) timed out. Killing it
[1591599821] wproc: CHECK job 497234 from worker Core Worker 22690 timed out after 30.02s
[1591599821] wproc:   host=Director_Bldg; service=(null);
[1591599821] wproc:   early_timeout=1; exited_ok=0; wait_status=0; error_code=62;
[1591599821] Warning: Check of host 'Director_Bldg' timed out after 30.02 seconds
[1591599821] HOST ALERT: Director_Bldg;DOWN;SOFT;2;(Host check timed out after 30.02 seconds)
[1591599822] wproc: Core Worker 22690: job 497234 (pid=20571): Dormant child reaped
[1591599885] HOST ALERT: Director_Bldg;UP;SOFT;1;PING OK - Packet loss = 0%, RTA = 0.59 ms
[1591600085] Auto-save of retention data completed successfully.
[1591603685] Auto-save of retention data completed successfully.
[1591607285] Auto-save of retention data completed successfully.
[1591608300] wproc: Core Worker 22690: job 497502 (pid=27724) timed out. Killing it
[1591608300] wproc: CHECK job 497502 from worker Core Worker 22690 timed out after 30.01s
[1591608300] wproc:   host=Director_Resident; service=(null);
[1591608300] wproc:   early_timeout=1; exited_ok=0; wait_status=0; error_code=62;
[1591608300] Warning: Check of host 'Director_Resident' timed out after 30.01 seconds
[1591608300] HOST ALERT: Director_Resident;DOWN;SOFT;1;(Host check timed out after 30.01 seconds)
[1591608300] wproc: Core Worker 22690: job 497502 (pid=27724): Dormant child reaped
[1591608311] wproc: Core Worker 22691: job 497502 (pid=27726) timed out. Killing it
[1591608311] wproc: CHECK job 497502 from worker Core Worker 22691 timed out after 30.03s
[1591608311] wproc:   host=Director_Bldg; service=(null);
[1591608311] wproc:   early_timeout=1; exited_ok=0; wait_status=0; error_code=62;
[1591608311] Warning: Check of host 'Director_Bldg' timed out after 30.03 seconds
[1591608311] HOST ALERT: Director_Bldg;DOWN;SOFT;1;(Host check timed out after 30.03 seconds)
[1591608311] wproc: Core Worker 22691: job 497502 (pid=27726): Dormant child reaped
[1591608390] wproc: Core Worker 22692: job 497503 (pid=27883) timed out. Killing it
[1591608390] wproc: CHECK job 497503 from worker Core Worker 22692 timed out after 30.01s
[1591608390] wproc:   host=Director_Resident; service=(null);
[1591608390] wproc:   early_timeout=1; exited_ok=0; wait_status=0; error_code=62;
[1591608390] Warning: Check of host 'Director_Resident' timed out after 30.01 seconds
[1591608390] HOST ALERT: Director_Resident;DOWN;SOFT;2;(Host check timed out after 30.01 seconds)
[1591608390] wproc: Core Worker 22692: job 497503 (pid=27883): Dormant child reaped
[1591608401] wproc: Core Worker 22691: job 497504 (pid=27889) timed out. Killing it
[1591608401] wproc: CHECK job 497504 from worker Core Worker 22691 timed out after 30.00s
[1591608401] wproc:   host=Director_Bldg; service=(null);
[1591608401] wproc:   early_timeout=1; exited_ok=0; wait_status=0; error_code=62;
[1591608401] Warning: Check of host 'Director_Bldg' timed out after 30.00 seconds
[1591608401] HOST ALERT: Director_Bldg;DOWN;SOFT;2;(Host check timed out after 30.00 seconds)
[1591608401] wproc: Core Worker 22691: job 497504 (pid=27889): Dormant child reaped
[1591608480] wproc: Core Worker 22692: job 497505 (pid=27915) timed out. Killing it
[1591608480] wproc: CHECK job 497505 from worker Core Worker 22692 timed out after 30.02s
[1591608480] wproc:   host=Director_Resident; service=(null);
[1591608480] wproc:   early_timeout=1; exited_ok=0; wait_status=0; error_code=62;
[1591608480] Warning: Check of host 'Director_Resident' timed out after 30.02 seconds
[1591608480] HOST ALERT: Director_Resident;DOWN;SOFT;3;(Host check timed out after 30.02 seconds)
[1591608480] wproc: Core Worker 22692: job 497505 (pid=27915): Dormant child reaped
[1591608491] wproc: Core Worker 22691: job 497508 (pid=27935) timed out. Killing it
[1591608491] wproc: CHECK job 497508 from worker Core Worker 22691 timed out after 30.01s
[1591608491] wproc:   host=Director_Bldg; service=(null);
[1591608491] wproc:   early_timeout=1; exited_ok=0; wait_status=0; error_code=62;
[1591608491] Warning: Check of host 'Director_Bldg' timed out after 30.01 seconds
[1591608491] HOST ALERT: Director_Bldg;DOWN;SOFT;3;(Host check timed out after 30.01 seconds)
[1591608491] wproc: Core Worker 22691: job 497508 (pid=27935): Dormant child reaped
[1591608550] SERVICE ALERT: Director_Bldg;check-host-alive;CRITICAL;HARD;1;CRITICAL - Plugin timed out
[1591608570] wproc: Core Worker 22689: job 497511 (pid=27963) timed out. Killing it
[1591608570] wproc: CHECK job 497511 from worker Core Worker 22689 timed out after 30.02s
[1591608570] wproc:   host=Director_Resident; service=(null);
[1591608570] wproc:   early_timeout=1; exited_ok=0; wait_status=0; error_code=62;
[1591608570] Warning: Check of host 'Director_Resident' timed out after 30.02 seconds
[1591608570] HOST ALERT: Director_Resident;DOWN;SOFT;4;(Host check timed out after 30.02 seconds)
[1591608570] wproc: Core Worker 22689: job 497511 (pid=27963): Dormant child reaped
[1591608581] wproc: Core Worker 22692: job 497511 (pid=27969) timed out. Killing it
[1591608581] wproc: CHECK job 497511 from worker Core Worker 22692 timed out after 30.00s
[1591608581] wproc:   host=Director_Bldg; service=(null);
[1591608581] wproc:   early_timeout=1; exited_ok=0; wait_status=0; error_code=62;
[1591608581] Warning: Check of host 'Director_Bldg' timed out after 30.00 seconds
[1591608581] HOST ALERT: Director_Bldg;DOWN;SOFT;4;(Host check timed out after 30.00 seconds)
[1591608581] wproc: Core Worker 22692: job 497511 (pid=27969): Dormant child reaped
[1591608608] SERVICE ALERT: Director_Resident;check-host-alive;CRITICAL;HARD;1;CRITICAL - Plugin timed out
[1591608635] HOST ALERT: Director_Resident;UP;SOFT;1;PING OK - Packet loss = 20%, RTA = 0.74 ms
[1591608645] HOST ALERT: Director_Bldg;UP;SOFT;1;PING OK - Packet loss = 0%, RTA = 0.67 ms
[1591609123] SERVICE ALERT: Director_Bldg;check-host-alive;OK;SOFT;1;PING OK - Packet loss = 0%, RTA = 0.57 ms
[1591609181] SERVICE ALERT: Director_Resident;check-host-alive;OK;SOFT;1;PING OK - Packet loss = 0%, RTA = 0.66 ms
[1591610160] wproc: Core Worker 22692: job 497560 (pid=29428) timed out. Killing it
[1591610160] wproc: CHECK job 497560 from worker Core Worker 22692 timed out after 30.01s
[1591610160] wproc:   host=Director_Resident; service=(null);
[1591610160] wproc:   early_timeout=1; exited_ok=0; wait_status=0; error_code=62;
[1591610160] Warning: Check of host 'Director_Resident' timed out after 30.01 seconds
[1591610160] HOST ALERT: Director_Resident;DOWN;SOFT;1;(Host check timed out after 30.01 seconds)
[1591610160] wproc: Core Worker 22692: job 497560 (pid=29428): Dormant child reaped
[1591610171] wproc: Core Worker 22689: job 497561 (pid=29430) timed out. Killing it
[1591610171] wproc: CHECK job 497561 from worker Core Worker 22689 timed out after 30.01s
[1591610171] wproc:   host=Director_Bldg; service=(null);
[1591610171] wproc:   early_timeout=1; exited_ok=0; wait_status=0; error_code=62;
[1591610171] Warning: Check of host 'Director_Bldg' timed out after 30.01 seconds
[1591610171] HOST ALERT: Director_Bldg;DOWN;SOFT;1;(Host check timed out after 30.01 seconds)
[1591610171] wproc: Core Worker 22689: job 497561 (pid=29430): Dormant child reaped
[1591610225] HOST FLAPPING ALERT: Director_Resident;STARTED; Host appears to have started flapping (22.1% change > 20.0% threshold)
[1591610225] HOST ALERT: Director_Resident;UP;SOFT;1;PING OK - Packet loss = 20%, RTA = 0.67 ms
[1591610235] HOST FLAPPING ALERT: Director_Bldg;STARTED; Host appears to have started flapping (22.1% change > 20.0% threshold)
[1591610235] HOST ALERT: Director_Bldg;UP;SOFT;1;PING OK - Packet loss = 0%, RTA = 0.60 ms
[1591610885] Auto-save of retention data completed successfully.
[1591613923] HOST FLAPPING ALERT: Director_Bldg;STOPPED; Host appears to have stopped flapping (3.8% change < 5.0% threshold)
[1591613981] HOST FLAPPING ALERT: Director_Resident;STOPPED; Host appears to have stopped flapping (3.8% change < 5.0% threshold)
[1591614485] Auto-save of retention data completed successfully.
[1591618085] Auto-save of retention data completed successfully.
[1591621685] Auto-save of retention data completed successfully.
[1591625016] SERVICE ALERT: esxi03;PING;WARNING;SOFT;1;PING WARNING - Packet loss = 20%, RTA = 0.28 ms
[1591625080] SERVICE ALERT: esxi03;PING;OK;SOFT;2;PING OK - Packet loss = 0%, RTA = 0.32 ms
[1591625285] Auto-save of retention data completed successfully.
[1591628885] Auto-save of retention data completed successfully.
[1591632485] Auto-save of retention data completed successfully.
[1591636085] Auto-save of retention data completed successfully.
[1591639685] Auto-save of retention data completed successfully.
