[1574101800] LOG ROTATION: DAILY
[1574101800] LOG VERSION: 2.0
[1574101800] CURRENT HOST STATE: AP_Main_Bldg;UP;HARD;1;PING OK - Packet loss = 0%, RTA = 0.81 ms
[1574101800] CURRENT HOST STATE: Director_Bldg;UP;HARD;1;PING OK - Packet loss = 0%, RTA = 0.59 ms
[1574101800] CURRENT HOST STATE: Director_Resident;UP;HARD;1;PING OK - Packet loss = 0%, RTA = 0.66 ms
[1574101800] CURRENT HOST STATE: esxi01;UP;HARD;1;PING OK - Packet loss = 0%, RTA = 0.50 ms
[1574101800] CURRENT HOST STATE: esxi02;UP;HARD;1;PING OK - Packet loss = 0%, RTA = 0.53 ms
[1574101800] CURRENT HOST STATE: esxi03;UP;HARD;1;PING OK - Packet loss = 0%, RTA = 0.46 ms
[1574101800] CURRENT HOST STATE: esxi04;UP;HARD;1;PING OK - Packet loss = 0%, RTA = 0.46 ms
[1574101800] CURRENT HOST STATE: esxi05;UP;HARD;1;PING OK - Packet loss = 40%, RTA = 0.50 ms
[1574101800] CURRENT HOST STATE: esxi06;UP;HARD;1;PING OK - Packet loss = 0%, RTA = 0.60 ms
[1574101800] CURRENT HOST STATE: esxi07;UP;HARD;1;PING OK - Packet loss = 0%, RTA = 0.55 ms
[1574101800] CURRENT HOST STATE: esxi08;UP;HARD;1;PING OK - Packet loss = 0%, RTA = 0.57 ms
[1574101800] CURRENT HOST STATE: esxi09;UP;HARD;1;PING OK - Packet loss = 40%, RTA = 0.46 ms
[1574101800] CURRENT HOST STATE: localhost;UP;HARD;1;PING OK - Packet loss = 0%, RTA = 0.05 ms
[1574101800] CURRENT HOST STATE: vmware10gswitch;UP;HARD;1;PING OK - Packet loss = 0%, RTA = 1.30 ms
[1574101800] CURRENT HOST STATE: vmwaremgmtswitch;UP;HARD;1;PING OK - Packet loss = 0%, RTA = 0.86 ms
[1574101800] CURRENT SERVICE STATE: AP_Main_Bldg;check-host-alive;OK;HARD;1;PING OK - Packet loss = 0%, RTA = 1.99 ms
[1574101800] CURRENT SERVICE STATE: Director_Bldg;check-host-alive;OK;HARD;1;PING OK - Packet loss = 0%, RTA = 0.50 ms
[1574101800] CURRENT SERVICE STATE: Director_Resident;check-host-alive;OK;HARD;1;PING OK - Packet loss = 0%, RTA = 0.72 ms
[1574101800] CURRENT SERVICE STATE: esxi01;ESXi Hardware Check;OK;HARD;1;OK - Server: Cisco Systems Inc UCSC-C220-M4S s/n: FCH22157EQH Chassis S/N: FCH2216V0WN  System BIOS: C220M4.3.0.4a.0.0226182253 2018-02-26
[1574101800] CURRENT SERVICE STATE: esxi01;PING;OK;HARD;1;PING OK - Packet loss = 0%, RTA = 0.52 ms
[1574101800] CURRENT SERVICE STATE: esxi02;ESXi Hardware Check;OK;HARD;1;OK - Server: Cisco Systems Inc UCSC-C220-M4S s/n: FCH22157E1D Chassis S/N: FCH2216V0Y6  System BIOS: C220M4.3.0.4a.0.0226182253 2018-02-26
[1574101800] CURRENT SERVICE STATE: esxi02;PING;OK;HARD;1;PING OK - Packet loss = 0%, RTA = 0.60 ms
[1574101800] CURRENT SERVICE STATE: esxi03;ESXi Hardware Check;OK;HARD;1;OK - Server: Cisco Systems Inc UCSC-C220-M4S s/n: FCH22157ESB Chassis S/N: FCH2216V0TW  System BIOS: C220M4.3.0.4a.0.0226182253 2018-02-26
[1574101800] CURRENT SERVICE STATE: esxi03;PING;OK;HARD;1;PING OK - Packet loss = 0%, RTA = 0.52 ms
[1574101800] CURRENT SERVICE STATE: esxi04;ESXi Hardware Check;OK;HARD;1;OK - Server: Cisco Systems Inc UCSC-C220-M4S s/n: FCH22137QKB Chassis S/N: FCH2216V0YZ  System BIOS: C220M4.3.0.4a.0.0226182253 2018-02-26
[1574101800] CURRENT SERVICE STATE: esxi04;PING;OK;HARD;1;PING OK - Packet loss = 0%, RTA = 0.48 ms
[1574101800] CURRENT SERVICE STATE: esxi05;ESXi Hardware Check;OK;HARD;1;OK - Server: Cisco Systems Inc UCSC-C220-M4S s/n: FCH22157EPD Chassis S/N: FCH2216V0Z0  System BIOS: C220M4.3.0.4a.0.0226182253 2018-02-26
[1574101800] CURRENT SERVICE STATE: esxi05;PING;OK;HARD;1;PING OK - Packet loss = 0%, RTA = 0.47 ms
[1574101800] CURRENT SERVICE STATE: esxi06;ESXi Haradware Check;OK;HARD;1;OK - Server: Cisco Systems Inc UCSC-C220-M4S s/n: FCH22157ERW Chassis S/N: FCH2216V0X8  System BIOS: C220M4.3.0.4a.0.0226182253 2018-02-26
[1574101800] CURRENT SERVICE STATE: esxi06;PING;OK;HARD;1;PING OK - Packet loss = 0%, RTA = 0.54 ms
[1574101800] CURRENT SERVICE STATE: esxi07;ESXi Hardware Check;OK;HARD;1;OK - Server: Cisco Systems Inc UCSC-C220-M4S s/n: FCH22157EV7 Chassis S/N: FCH2216V0Y8  System BIOS: C220M4.3.0.4a.0.0226182253 2018-02-26
[1574101800] CURRENT SERVICE STATE: esxi07;PING;OK;HARD;1;PING OK - Packet loss = 0%, RTA = 0.47 ms
[1574101800] CURRENT SERVICE STATE: esxi08;ESXi Hardware Check;OK;HARD;1;OK - Server: Cisco Systems Inc UCSC-C220-M4S s/n: FCH22137QJN Chassis S/N: FCH2216V0YV  System BIOS: C220M4.3.0.4a.0.0226182253 2018-02-26
[1574101800] CURRENT SERVICE STATE: esxi08;PING;OK;HARD;1;PING OK - Packet loss = 0%, RTA = 0.51 ms
[1574101800] CURRENT SERVICE STATE: esxi09;ESXi Hardware Check;OK;HARD;1;OK - Server: Cisco Systems Inc UCSC-C220-M4S s/n: FCH22157ERY Chassis S/N: FCH2216V0YN  System BIOS: C220M4.3.0.4a.0.0226182253 2018-02-26
[1574101800] CURRENT SERVICE STATE: esxi09;PING;OK;HARD;1;PING OK - Packet loss = 0%, RTA = 0.48 ms
[1574101800] CURRENT SERVICE STATE: localhost;Current Load;OK;HARD;1;OK - load average: 0.00, 0.01, 0.05
[1574101800] CURRENT SERVICE STATE: localhost;Current Users;OK;HARD;1;USERS OK - 0 users currently logged in
[1574101800] CURRENT SERVICE STATE: localhost;PING;OK;HARD;1;PING OK - Packet loss = 0%, RTA = 0.04 ms
[1574101800] CURRENT SERVICE STATE: localhost;Root Partition;OK;HARD;1;DISK OK - free space: / 42813 MB (83.66% inode=99%):
[1574101800] CURRENT SERVICE STATE: localhost;SSH;OK;HARD;1;SSH OK - OpenSSH_7.4 (protocol 2.0)
[1574101800] CURRENT SERVICE STATE: localhost;Swap Usage;OK;HARD;1;SWAP OK - 100% free (3967 MB out of 3967 MB)
[1574101800] CURRENT SERVICE STATE: localhost;Total Processes;OK;HARD;1;PROCS OK: 78 processes with STATE = RSZDT
[1574101800] CURRENT SERVICE STATE: vmware10gswitch;check-host-alive;OK;HARD;1;PING OK - Packet loss = 0%, RTA = 1.20 ms
[1574101800] CURRENT SERVICE STATE: vmwaremgmtswitch;check-host-alive;OK;HARD;1;PING OK - Packet loss = 0%, RTA = 2.17 ms
[1574102420] Auto-save of retention data completed successfully.
[1574106020] Auto-save of retention data completed successfully.
[1574109620] Auto-save of retention data completed successfully.
[1574113220] Auto-save of retention data completed successfully.
[1574116820] Auto-save of retention data completed successfully.
[1574118208] wproc: Core Worker 1461: job 89608 (pid=15870) timed out. Killing it
[1574118208] wproc: CHECK job 89608 from worker Core Worker 1461 timed out after 30.01s
[1574118208] wproc:   host=Director_Resident; service=(null);
[1574118208] wproc:   early_timeout=1; exited_ok=0; wait_status=0; error_code=62;
[1574118208] Warning: Check of host 'Director_Resident' timed out after 30.01 seconds
[1574118208] HOST ALERT: Director_Resident;DOWN;SOFT;1;(Host check timed out after 30.01 seconds)
[1574118208] wproc: Core Worker 1461: job 89608 (pid=15870): Dormant child reaped
[1574118272] HOST ALERT: Director_Resident;UP;SOFT;1;PING OK - Packet loss = 0%, RTA = 0.76 ms
[1574118681] SERVICE ALERT: esxi07;PING;WARNING;SOFT;1;PING WARNING - Packet loss = 40%, RTA = 0.51 ms
[1574118681] SERVICE ALERT: esxi04;PING;WARNING;SOFT;1;PING WARNING - Packet loss = 20%, RTA = 0.67 ms
[1574118745] SERVICE ALERT: esxi04;PING;OK;SOFT;2;PING OK - Packet loss = 0%, RTA = 0.59 ms
[1574118746] SERVICE ALERT: esxi07;PING;CRITICAL;SOFT;2;PING CRITICAL - Packet loss = 80%, RTA = 0.57 ms
[1574118811] SERVICE ALERT: esxi07;PING;CRITICAL;SOFT;3;PING CRITICAL - Packet loss = 60%, RTA = 0.52 ms
[1574118875] SERVICE NOTIFICATION: nagiosadmin;esxi07;PING;OK;notify-service-by-email;PING OK - Packet loss = 0%, RTA = 0.50 ms
[1574118875] SERVICE ALERT: esxi07;PING;OK;HARD;4;PING OK - Packet loss = 0%, RTA = 0.50 ms
[1574120420] Auto-save of retention data completed successfully.
[1574124020] Auto-save of retention data completed successfully.
[1574127620] Auto-save of retention data completed successfully.
[1574131220] Auto-save of retention data completed successfully.
[1574134820] Auto-save of retention data completed successfully.
[1574138420] Auto-save of retention data completed successfully.
[1574142020] Auto-save of retention data completed successfully.
[1574145620] Auto-save of retention data completed successfully.
[1574149220] Auto-save of retention data completed successfully.
[1574152820] Auto-save of retention data completed successfully.
[1574156420] Auto-save of retention data completed successfully.
[1574157312] wproc: Core Worker 1462: job 90847 (pid=16758) timed out. Killing it
[1574157312] wproc: CHECK job 90847 from worker Core Worker 1462 timed out after 30.01s
[1574157312] wproc:   host=Director_Bldg; service=(null);
[1574157312] wproc:   early_timeout=1; exited_ok=0; wait_status=0; error_code=62;
[1574157312] Warning: Check of host 'Director_Bldg' timed out after 30.01 seconds
[1574157312] HOST ALERT: Director_Bldg;DOWN;SOFT;1;(Host check timed out after 30.01 seconds)
[1574157312] wproc: Core Worker 1462: job 90847 (pid=16758): Dormant child reaped
[1574157402] wproc: Core Worker 1461: job 90851 (pid=16934) timed out. Killing it
[1574157402] wproc: CHECK job 90851 from worker Core Worker 1461 timed out after 30.03s
[1574157402] wproc:   host=Director_Bldg; service=(null);
[1574157402] wproc:   early_timeout=1; exited_ok=0; wait_status=0; error_code=62;
[1574157402] Warning: Check of host 'Director_Bldg' timed out after 30.03 seconds
[1574157402] HOST ALERT: Director_Bldg;DOWN;SOFT;2;(Host check timed out after 30.03 seconds)
[1574157402] wproc: Core Worker 1461: job 90851 (pid=16934): Dormant child reaped
[1574157492] wproc: Core Worker 1461: job 90853 (pid=16966) timed out. Killing it
[1574157492] wproc: CHECK job 90853 from worker Core Worker 1461 timed out after 30.03s
[1574157492] wproc:   host=Director_Bldg; service=(null);
[1574157492] wproc:   early_timeout=1; exited_ok=0; wait_status=0; error_code=62;
[1574157492] Warning: Check of host 'Director_Bldg' timed out after 30.03 seconds
[1574157492] HOST ALERT: Director_Bldg;DOWN;SOFT;3;(Host check timed out after 30.03 seconds)
[1574157492] wproc: Core Worker 1461: job 90853 (pid=16966): Dormant child reaped
[1574157582] wproc: Core Worker 1459: job 90854 (pid=16984) timed out. Killing it
[1574157582] wproc: CHECK job 90854 from worker Core Worker 1459 timed out after 30.03s
[1574157582] wproc:   host=Director_Bldg; service=(null);
[1574157582] wproc:   early_timeout=1; exited_ok=0; wait_status=0; error_code=62;
[1574157582] Warning: Check of host 'Director_Bldg' timed out after 30.03 seconds
[1574157582] HOST ALERT: Director_Bldg;DOWN;SOFT;4;(Host check timed out after 30.03 seconds)
[1574157582] wproc: Core Worker 1459: job 90854 (pid=16984): Dormant child reaped
[1574157668] SERVICE ALERT: Director_Bldg;check-host-alive;CRITICAL;HARD;1;CRITICAL - Plugin timed out
[1574157672] wproc: Core Worker 1459: job 90862 (pid=17203) timed out. Killing it
[1574157672] wproc: CHECK job 90862 from worker Core Worker 1459 timed out after 30.03s
[1574157672] wproc:   host=Director_Bldg; service=(null);
[1574157672] wproc:   early_timeout=1; exited_ok=0; wait_status=0; error_code=62;
[1574157672] Warning: Check of host 'Director_Bldg' timed out after 30.03 seconds
[1574157672] HOST ALERT: Director_Bldg;DOWN;SOFT;5;(Host check timed out after 30.03 seconds)
[1574157672] wproc: Core Worker 1459: job 90862 (pid=17203): Dormant child reaped
[1574157762] wproc: Core Worker 1460: job 90864 (pid=17223) timed out. Killing it
[1574157762] wproc: CHECK job 90864 from worker Core Worker 1460 timed out after 30.03s
[1574157762] wproc:   host=Director_Bldg; service=(null);
[1574157762] wproc:   early_timeout=1; exited_ok=0; wait_status=0; error_code=62;
[1574157762] Warning: Check of host 'Director_Bldg' timed out after 30.03 seconds
[1574157762] HOST ALERT: Director_Bldg;DOWN;SOFT;6;(Host check timed out after 30.03 seconds)
[1574157762] wproc: Core Worker 1460: job 90864 (pid=17223): Dormant child reaped
[1574157852] wproc: Core Worker 1459: job 90865 (pid=17251) timed out. Killing it
[1574157852] wproc: CHECK job 90865 from worker Core Worker 1459 timed out after 30.03s
[1574157852] wproc:   host=Director_Bldg; service=(null);
[1574157852] wproc:   early_timeout=1; exited_ok=0; wait_status=0; error_code=62;
[1574157852] Warning: Check of host 'Director_Bldg' timed out after 30.03 seconds
[1574157852] HOST ALERT: Director_Bldg;DOWN;SOFT;7;(Host check timed out after 30.03 seconds)
[1574157852] wproc: Core Worker 1459: job 90865 (pid=17251): Dormant child reaped
[1574157898] wproc: Core Worker 1461: job 90866 (pid=17266) timed out. Killing it
[1574157898] wproc: CHECK job 90866 from worker Core Worker 1461 timed out after 30.01s
[1574157898] wproc:   host=Director_Resident; service=(null);
[1574157898] wproc:   early_timeout=1; exited_ok=0; wait_status=0; error_code=62;
[1574157898] Warning: Check of host 'Director_Resident' timed out after 30.01 seconds
[1574157898] HOST ALERT: Director_Resident;DOWN;SOFT;1;(Host check timed out after 30.01 seconds)
[1574157898] wproc: Core Worker 1461: job 90866 (pid=17266): Dormant child reaped
[1574157942] wproc: Core Worker 1462: job 90869 (pid=17421) timed out. Killing it
[1574157942] wproc: CHECK job 90869 from worker Core Worker 1462 timed out after 30.01s
[1574157942] wproc:   host=Director_Bldg; service=(null);
[1574157942] wproc:   early_timeout=1; exited_ok=0; wait_status=0; error_code=62;
[1574157942] Warning: Check of host 'Director_Bldg' timed out after 30.01 seconds
[1574157942] HOST ALERT: Director_Bldg;DOWN;SOFT;8;(Host check timed out after 30.01 seconds)
[1574157942] wproc: Core Worker 1462: job 90869 (pid=17421): Dormant child reaped
[1574157988] wproc: Core Worker 1459: job 90871 (pid=17449) timed out. Killing it
[1574157988] wproc: CHECK job 90871 from worker Core Worker 1459 timed out after 30.03s
[1574157988] wproc:   host=Director_Resident; service=(null);
[1574157988] wproc:   early_timeout=1; exited_ok=0; wait_status=0; error_code=62;
[1574157988] Warning: Check of host 'Director_Resident' timed out after 30.03 seconds
[1574157988] HOST ALERT: Director_Resident;DOWN;SOFT;2;(Host check timed out after 30.03 seconds)
[1574157989] wproc: Core Worker 1459: job 90871 (pid=17449): Dormant child reaped
[1574158032] wproc: Core Worker 1460: job 90872 (pid=17461) timed out. Killing it
[1574158032] wproc: CHECK job 90872 from worker Core Worker 1460 timed out after 30.01s
[1574158032] wproc:   host=Director_Bldg; service=(null);
[1574158032] wproc:   early_timeout=1; exited_ok=0; wait_status=0; error_code=62;
[1574158032] Warning: Check of host 'Director_Bldg' timed out after 30.01 seconds
[1574158032] HOST ALERT: Director_Bldg;DOWN;SOFT;9;(Host check timed out after 30.01 seconds)
[1574158032] wproc: Core Worker 1460: job 90872 (pid=17461): Dormant child reaped
[1574158078] wproc: Core Worker 1459: job 90873 (pid=17481) timed out. Killing it
[1574158078] wproc: CHECK job 90873 from worker Core Worker 1459 timed out after 30.01s
[1574158078] wproc:   host=Director_Resident; service=(null);
[1574158078] wproc:   early_timeout=1; exited_ok=0; wait_status=0; error_code=62;
[1574158078] Warning: Check of host 'Director_Resident' timed out after 30.01 seconds
[1574158078] HOST ALERT: Director_Resident;DOWN;SOFT;3;(Host check timed out after 30.01 seconds)
[1574158079] wproc: Core Worker 1459: job 90873 (pid=17481): Dormant child reaped
[1574158117] SERVICE ALERT: Director_Resident;check-host-alive;CRITICAL;HARD;1;CRITICAL - Plugin timed out
[1574158122] wproc: Core Worker 1459: job 90874 (pid=17489) timed out. Killing it
[1574158122] wproc: CHECK job 90874 from worker Core Worker 1459 timed out after 30.02s
[1574158122] wproc:   host=Director_Bldg; service=(null);
[1574158122] wproc:   early_timeout=1; exited_ok=0; wait_status=0; error_code=62;
[1574158122] Warning: Check of host 'Director_Bldg' timed out after 30.02 seconds
[1574158122] HOST NOTIFICATION: nagiosadmin;Director_Bldg;DOWN;notify-host-by-email;(Host check timed out after 30.02 seconds)
[1574158122] HOST ALERT: Director_Bldg;DOWN;HARD;10;(Host check timed out after 30.02 seconds)
[1574158122] wproc: Core Worker 1459: job 90874 (pid=17489): Dormant child reaped
[1574158168] wproc: Core Worker 1459: job 90875 (pid=17511) timed out. Killing it
[1574158168] wproc: CHECK job 90875 from worker Core Worker 1459 timed out after 30.03s
[1574158168] wproc:   host=Director_Resident; service=(null);
[1574158168] wproc:   early_timeout=1; exited_ok=0; wait_status=0; error_code=62;
[1574158168] Warning: Check of host 'Director_Resident' timed out after 30.03 seconds
[1574158168] HOST ALERT: Director_Resident;DOWN;SOFT;4;(Host check timed out after 30.03 seconds)
[1574158169] wproc: Core Worker 1459: job 90875 (pid=17511): Dormant child reaped
[1574158258] wproc: Core Worker 1460: job 90881 (pid=17710) timed out. Killing it
[1574158258] wproc: CHECK job 90881 from worker Core Worker 1460 timed out after 30.02s
[1574158258] wproc:   host=Director_Resident; service=(null);
[1574158258] wproc:   early_timeout=1; exited_ok=0; wait_status=0; error_code=62;
[1574158258] Warning: Check of host 'Director_Resident' timed out after 30.02 seconds
[1574158258] HOST ALERT: Director_Resident;DOWN;SOFT;5;(Host check timed out after 30.02 seconds)
[1574158259] wproc: Core Worker 1460: job 90881 (pid=17710): Dormant child reaped
[1574158348] wproc: Core Worker 1462: job 90885 (pid=17743) timed out. Killing it
[1574158348] wproc: CHECK job 90885 from worker Core Worker 1462 timed out after 30.02s
[1574158348] wproc:   host=Director_Resident; service=(null);
[1574158348] wproc:   early_timeout=1; exited_ok=0; wait_status=0; error_code=62;
[1574158348] Warning: Check of host 'Director_Resident' timed out after 30.02 seconds
[1574158348] HOST ALERT: Director_Resident;DOWN;SOFT;6;(Host check timed out after 30.02 seconds)
[1574158349] wproc: Core Worker 1462: job 90885 (pid=17743): Dormant child reaped
[1574158438] wproc: Core Worker 1461: job 90886 (pid=17771) timed out. Killing it
[1574158438] wproc: CHECK job 90886 from worker Core Worker 1461 timed out after 30.03s
[1574158438] wproc:   host=Director_Resident; service=(null);
[1574158438] wproc:   early_timeout=1; exited_ok=0; wait_status=0; error_code=62;
[1574158438] Warning: Check of host 'Director_Resident' timed out after 30.03 seconds
[1574158438] HOST ALERT: Director_Resident;DOWN;SOFT;7;(Host check timed out after 30.03 seconds)
[1574158439] wproc: Core Worker 1461: job 90886 (pid=17771): Dormant child reaped
[1574158452] wproc: Core Worker 1459: job 90886 (pid=17773) timed out. Killing it
[1574158452] wproc: CHECK job 90886 from worker Core Worker 1459 timed out after 30.03s
[1574158452] wproc:   host=Director_Bldg; service=(null);
[1574158452] wproc:   early_timeout=1; exited_ok=0; wait_status=0; error_code=62;
[1574158452] Warning: Check of host 'Director_Bldg' timed out after 30.03 seconds
[1574158452] wproc: Core Worker 1459: job 90886 (pid=17773): Dormant child reaped
[1574158528] wproc: Core Worker 1462: job 90889 (pid=17798) timed out. Killing it
[1574158528] wproc: CHECK job 90889 from worker Core Worker 1462 timed out after 30.01s
[1574158528] wproc:   host=Director_Resident; service=(null);
[1574158528] wproc:   early_timeout=1; exited_ok=0; wait_status=0; error_code=62;
[1574158528] Warning: Check of host 'Director_Resident' timed out after 30.01 seconds
[1574158528] HOST ALERT: Director_Resident;DOWN;SOFT;8;(Host check timed out after 30.01 seconds)
[1574158529] wproc: Core Worker 1462: job 90889 (pid=17798): Dormant child reaped
[1574158618] wproc: Core Worker 1459: job 90892 (pid=17979) timed out. Killing it
[1574158618] wproc: CHECK job 90892 from worker Core Worker 1459 timed out after 30.03s
[1574158618] wproc:   host=Director_Resident; service=(null);
[1574158618] wproc:   early_timeout=1; exited_ok=0; wait_status=0; error_code=62;
[1574158618] Warning: Check of host 'Director_Resident' timed out after 30.03 seconds
[1574158618] HOST ALERT: Director_Resident;DOWN;SOFT;9;(Host check timed out after 30.03 seconds)
[1574158619] wproc: Core Worker 1459: job 90892 (pid=17979): Dormant child reaped
[1574158708] wproc: Core Worker 1459: job 90894 (pid=18003) timed out. Killing it
[1574158708] wproc: CHECK job 90894 from worker Core Worker 1459 timed out after 30.03s
[1574158708] wproc:   host=Director_Resident; service=(null);
[1574158708] wproc:   early_timeout=1; exited_ok=0; wait_status=0; error_code=62;
[1574158708] Warning: Check of host 'Director_Resident' timed out after 30.03 seconds
[1574158708] HOST NOTIFICATION: nagiosadmin;Director_Resident;DOWN;notify-host-by-email;(Host check timed out after 30.03 seconds)
[1574158708] HOST ALERT: Director_Resident;DOWN;HARD;10;(Host check timed out after 30.03 seconds)
[1574158709] wproc: Core Worker 1459: job 90894 (pid=18003): Dormant child reaped
[1574158752] wproc: Core Worker 1459: job 90895 (pid=18025) timed out. Killing it
[1574158752] wproc: CHECK job 90895 from worker Core Worker 1459 timed out after 30.03s
[1574158752] wproc:   host=Director_Bldg; service=(null);
[1574158752] wproc:   early_timeout=1; exited_ok=0; wait_status=0; error_code=62;
[1574158752] Warning: Check of host 'Director_Bldg' timed out after 30.03 seconds
[1574158752] wproc: Core Worker 1459: job 90895 (pid=18025): Dormant child reaped
[1574159039] wproc: Core Worker 1460: job 90906 (pid=18284) timed out. Killing it
[1574159039] wproc: CHECK job 90906 from worker Core Worker 1460 timed out after 30.03s
[1574159039] wproc:   host=Director_Resident; service=(null);
[1574159039] wproc:   early_timeout=1; exited_ok=0; wait_status=0; error_code=62;
[1574159039] Warning: Check of host 'Director_Resident' timed out after 30.03 seconds
[1574159039] wproc: Core Worker 1460: job 90906 (pid=18284): Dormant child reaped
[1574159052] wproc: Core Worker 1461: job 90906 (pid=18286) timed out. Killing it
[1574159052] wproc: CHECK job 90906 from worker Core Worker 1461 timed out after 30.01s
[1574159052] wproc:   host=Director_Bldg; service=(null);
[1574159052] wproc:   early_timeout=1; exited_ok=0; wait_status=0; error_code=62;
[1574159052] Warning: Check of host 'Director_Bldg' timed out after 30.01 seconds
[1574159052] wproc: Core Worker 1461: job 90906 (pid=18286): Dormant child reaped
[1574159338] wproc: Core Worker 1461: job 90914 (pid=18525) timed out. Killing it
[1574159338] wproc: CHECK job 90914 from worker Core Worker 1461 timed out after 30.01s
[1574159338] wproc:   host=Director_Resident; service=(null);
[1574159338] wproc:   early_timeout=1; exited_ok=0; wait_status=0; error_code=62;
[1574159338] Warning: Check of host 'Director_Resident' timed out after 30.01 seconds
[1574159338] wproc: Core Worker 1461: job 90914 (pid=18525): Dormant child reaped
[1574159352] wproc: Core Worker 1459: job 90914 (pid=18527) timed out. Killing it
[1574159352] wproc: CHECK job 90914 from worker Core Worker 1459 timed out after 30.03s
[1574159352] wproc:   host=Director_Bldg; service=(null);
[1574159352] wproc:   early_timeout=1; exited_ok=0; wait_status=0; error_code=62;
[1574159352] Warning: Check of host 'Director_Bldg' timed out after 30.03 seconds
[1574159352] wproc: Core Worker 1459: job 90914 (pid=18527): Dormant child reaped
[1574159638] wproc: Core Worker 1460: job 90925 (pid=18816) timed out. Killing it
[1574159638] wproc: CHECK job 90925 from worker Core Worker 1460 timed out after 30.02s
[1574159638] wproc:   host=Director_Resident; service=(null);
[1574159638] wproc:   early_timeout=1; exited_ok=0; wait_status=0; error_code=62;
[1574159638] Warning: Check of host 'Director_Resident' timed out after 30.02 seconds
[1574159638] wproc: Core Worker 1460: job 90925 (pid=18816): Dormant child reaped
[1574159652] wproc: Core Worker 1461: job 90925 (pid=18818) timed out. Killing it
[1574159652] wproc: CHECK job 90925 from worker Core Worker 1461 timed out after 30.01s
[1574159652] wproc:   host=Director_Bldg; service=(null);
[1574159652] wproc:   early_timeout=1; exited_ok=0; wait_status=0; error_code=62;
[1574159652] Warning: Check of host 'Director_Bldg' timed out after 30.01 seconds
[1574159652] wproc: Core Worker 1461: job 90925 (pid=18818): Dormant child reaped
[1574159938] wproc: Core Worker 1461: job 90933 (pid=19056) timed out. Killing it
[1574159938] wproc: CHECK job 90933 from worker Core Worker 1461 timed out after 30.03s
[1574159938] wproc:   host=Director_Resident; service=(null);
[1574159938] wproc:   early_timeout=1; exited_ok=0; wait_status=0; error_code=62;
[1574159938] Warning: Check of host 'Director_Resident' timed out after 30.03 seconds
[1574159938] wproc: Core Worker 1461: job 90933 (pid=19056): Dormant child reaped
[1574159952] wproc: Core Worker 1459: job 90933 (pid=19058) timed out. Killing it
[1574159952] wproc: CHECK job 90933 from worker Core Worker 1459 timed out after 30.03s
[1574159952] wproc:   host=Director_Bldg; service=(null);
[1574159952] wproc:   early_timeout=1; exited_ok=0; wait_status=0; error_code=62;
[1574159952] Warning: Check of host 'Director_Bldg' timed out after 30.03 seconds
[1574159952] HOST NOTIFICATION: nagiosadmin;Director_Bldg;DOWN;notify-host-by-email;(Host check timed out after 30.03 seconds)
[1574159953] wproc: Core Worker 1459: job 90933 (pid=19058): Dormant child reaped
[1574160020] Auto-save of retention data completed successfully.
[1574160238] wproc: Core Worker 1461: job 90944 (pid=19323) timed out. Killing it
[1574160238] wproc: CHECK job 90944 from worker Core Worker 1461 timed out after 30.03s
[1574160238] wproc:   host=Director_Resident; service=(null);
[1574160238] wproc:   early_timeout=1; exited_ok=0; wait_status=0; error_code=62;
[1574160238] Warning: Check of host 'Director_Resident' timed out after 30.03 seconds
[1574160238] wproc: Core Worker 1461: job 90944 (pid=19323): Dormant child reaped
[1574160252] wproc: Core Worker 1459: job 90944 (pid=19325) timed out. Killing it
[1574160252] wproc: CHECK job 90944 from worker Core Worker 1459 timed out after 30.02s
[1574160252] wproc:   host=Director_Bldg; service=(null);
[1574160252] wproc:   early_timeout=1; exited_ok=0; wait_status=0; error_code=62;
[1574160252] Warning: Check of host 'Director_Bldg' timed out after 30.02 seconds
[1574160253] wproc: Core Worker 1459: job 90944 (pid=19325): Dormant child reaped
[1574160517] HOST NOTIFICATION: nagiosadmin;Director_Resident;DOWN;notify-host-by-email;(Host check timed out after 30.03 seconds)
[1574160538] wproc: Core Worker 1459: job 90952 (pid=19564) timed out. Killing it
[1574160538] wproc: CHECK job 90952 from worker Core Worker 1459 timed out after 30.03s
[1574160538] wproc:   host=Director_Resident; service=(null);
[1574160538] wproc:   early_timeout=1; exited_ok=0; wait_status=0; error_code=62;
[1574160538] Warning: Check of host 'Director_Resident' timed out after 30.03 seconds
[1574160538] wproc: Core Worker 1459: job 90952 (pid=19564): Dormant child reaped
[1574160552] wproc: Core Worker 1460: job 90953 (pid=19574) timed out. Killing it
[1574160552] wproc: CHECK job 90953 from worker Core Worker 1460 timed out after 30.03s
[1574160552] wproc:   host=Director_Bldg; service=(null);
[1574160552] wproc:   early_timeout=1; exited_ok=0; wait_status=0; error_code=62;
[1574160552] Warning: Check of host 'Director_Bldg' timed out after 30.03 seconds
[1574160553] wproc: Core Worker 1460: job 90953 (pid=19574): Dormant child reaped
[1574160838] wproc: Core Worker 1459: job 90963 (pid=19833) timed out. Killing it
[1574160838] wproc: CHECK job 90963 from worker Core Worker 1459 timed out after 30.01s
[1574160838] wproc:   host=Director_Resident; service=(null);
[1574160838] wproc:   early_timeout=1; exited_ok=0; wait_status=0; error_code=62;
[1574160838] Warning: Check of host 'Director_Resident' timed out after 30.01 seconds
[1574160838] wproc: Core Worker 1459: job 90963 (pid=19833): Dormant child reaped
[1574160852] wproc: Core Worker 1462: job 90964 (pid=19835) timed out. Killing it
[1574160852] wproc: CHECK job 90964 from worker Core Worker 1462 timed out after 30.01s
[1574160852] wproc:   host=Director_Bldg; service=(null);
[1574160852] wproc:   early_timeout=1; exited_ok=0; wait_status=0; error_code=62;
[1574160852] Warning: Check of host 'Director_Bldg' timed out after 30.01 seconds
[1574160853] wproc: Core Worker 1462: job 90964 (pid=19835): Dormant child reaped
[1574161138] wproc: Core Worker 1462: job 90972 (pid=20074) timed out. Killing it
[1574161138] wproc: CHECK job 90972 from worker Core Worker 1462 timed out after 30.00s
[1574161138] wproc:   host=Director_Resident; service=(null);
[1574161138] wproc:   early_timeout=1; exited_ok=0; wait_status=0; error_code=62;
[1574161138] Warning: Check of host 'Director_Resident' timed out after 30.00 seconds
[1574161138] wproc: Core Worker 1462: job 90972 (pid=20074): Dormant child reaped
[1574161152] wproc: Core Worker 1460: job 90972 (pid=20076) timed out. Killing it
[1574161152] wproc: CHECK job 90972 from worker Core Worker 1460 timed out after 30.03s
[1574161152] wproc:   host=Director_Bldg; service=(null);
[1574161152] wproc:   early_timeout=1; exited_ok=0; wait_status=0; error_code=62;
[1574161152] Warning: Check of host 'Director_Bldg' timed out after 30.03 seconds
[1574161153] wproc: Core Worker 1460: job 90972 (pid=20076): Dormant child reaped
[1574161438] wproc: Core Worker 1459: job 90982 (pid=20335) timed out. Killing it
[1574161438] wproc: CHECK job 90982 from worker Core Worker 1459 timed out after 30.03s
[1574161438] wproc:   host=Director_Resident; service=(null);
[1574161438] wproc:   early_timeout=1; exited_ok=0; wait_status=0; error_code=62;
[1574161438] Warning: Check of host 'Director_Resident' timed out after 30.03 seconds
[1574161438] wproc: Core Worker 1459: job 90982 (pid=20335): Dormant child reaped
[1574161452] wproc: Core Worker 1462: job 90983 (pid=20337) timed out. Killing it
[1574161452] wproc: CHECK job 90983 from worker Core Worker 1462 timed out after 30.01s
[1574161452] wproc:   host=Director_Bldg; service=(null);
[1574161452] wproc:   early_timeout=1; exited_ok=0; wait_status=0; error_code=62;
[1574161452] Warning: Check of host 'Director_Bldg' timed out after 30.01 seconds
[1574161453] wproc: Core Worker 1462: job 90983 (pid=20337): Dormant child reaped
[1574161691] SERVICE ALERT: Director_Resident;check-host-alive;OK;HARD;3;PING OK - Packet loss = 20%, RTA = 0.69 ms
[1574161695] HOST NOTIFICATION: nagiosadmin;Director_Resident;UP;notify-host-by-email;PING OK - Packet loss = 0%, RTA = 0.72 ms
[1574161695] HOST ALERT: Director_Resident;UP;HARD;1;PING OK - Packet loss = 0%, RTA = 0.72 ms
[1574161752] wproc: Core Worker 1461: job 90991 (pid=20587) timed out. Killing it
[1574161752] wproc: CHECK job 90991 from worker Core Worker 1461 timed out after 30.03s
[1574161752] wproc:   host=Director_Bldg; service=(null);
[1574161752] wproc:   early_timeout=1; exited_ok=0; wait_status=0; error_code=62;
[1574161752] Warning: Check of host 'Director_Bldg' timed out after 30.03 seconds
[1574161752] HOST NOTIFICATION: nagiosadmin;Director_Bldg;DOWN;notify-host-by-email;(Host check timed out after 30.03 seconds)
[1574161753] wproc: Core Worker 1461: job 90991 (pid=20587): Dormant child reaped
[1574162052] wproc: Core Worker 1461: job 91002 (pid=20852) timed out. Killing it
[1574162052] wproc: CHECK job 91002 from worker Core Worker 1461 timed out after 30.01s
[1574162052] wproc:   host=Director_Bldg; service=(null);
[1574162052] wproc:   early_timeout=1; exited_ok=0; wait_status=0; error_code=62;
[1574162052] Warning: Check of host 'Director_Bldg' timed out after 30.01 seconds
[1574162053] wproc: Core Worker 1461: job 91002 (pid=20852): Dormant child reaped
[1574162352] wproc: Core Worker 1459: job 91010 (pid=21094) timed out. Killing it
[1574162352] wproc: CHECK job 91010 from worker Core Worker 1459 timed out after 30.03s
[1574162352] wproc:   host=Director_Bldg; service=(null);
[1574162352] wproc:   early_timeout=1; exited_ok=0; wait_status=0; error_code=62;
[1574162352] Warning: Check of host 'Director_Bldg' timed out after 30.03 seconds
[1574162353] wproc: Core Worker 1459: job 91010 (pid=21094): Dormant child reaped
[1574162653] wproc: Core Worker 1461: job 91021 (pid=21357) timed out. Killing it
[1574162653] wproc: CHECK job 91021 from worker Core Worker 1461 timed out after 30.03s
[1574162653] wproc:   host=Director_Bldg; service=(null);
[1574162653] wproc:   early_timeout=1; exited_ok=0; wait_status=0; error_code=62;
[1574162653] Warning: Check of host 'Director_Bldg' timed out after 30.03 seconds
[1574162653] wproc: Core Worker 1461: job 91021 (pid=21357): Dormant child reaped
[1574162952] wproc: Core Worker 1459: job 91029 (pid=21597) timed out. Killing it
[1574162952] wproc: CHECK job 91029 from worker Core Worker 1459 timed out after 30.03s
[1574162952] wproc:   host=Director_Bldg; service=(null);
[1574162952] wproc:   early_timeout=1; exited_ok=0; wait_status=0; error_code=62;
[1574162952] Warning: Check of host 'Director_Bldg' timed out after 30.03 seconds
[1574162952] wproc: Core Worker 1459: job 91029 (pid=21597): Dormant child reaped
[1574163226] HOST NOTIFICATION: nagiosadmin;Director_Bldg;UP;notify-host-by-email;PING OK - Packet loss = 0%, RTA = 0.61 ms
[1574163226] HOST ALERT: Director_Bldg;UP;HARD;1;PING OK - Packet loss = 0%, RTA = 0.61 ms
[1574163620] Auto-save of retention data completed successfully.
[1574163641] SERVICE ALERT: Director_Bldg;check-host-alive;OK;SOFT;1;PING OK - Packet loss = 0%, RTA = 0.46 ms
[1574167220] Auto-save of retention data completed successfully.
[1574170820] Auto-save of retention data completed successfully.
[1574174420] Auto-save of retention data completed successfully.
[1574178020] Auto-save of retention data completed successfully.
[1574181620] Auto-save of retention data completed successfully.
[1574185220] Auto-save of retention data completed successfully.
