[1562610600] LOG ROTATION: DAILY
[1562610600] LOG VERSION: 2.0
[1562610600] CURRENT HOST STATE: esxi01;UP;HARD;1;PING OK - Packet loss = 0%, RTA = 0.51 ms
[1562610600] CURRENT HOST STATE: esxi02;UP;HARD;1;PING OK - Packet loss = 0%, RTA = 0.43 ms
[1562610600] CURRENT HOST STATE: esxi03;UP;HARD;1;PING OK - Packet loss = 20%, RTA = 0.48 ms
[1562610600] CURRENT HOST STATE: esxi04;UP;HARD;1;PING OK - Packet loss = 0%, RTA = 0.51 ms
[1562610600] CURRENT HOST STATE: esxi05;UP;HARD;1;PING OK - Packet loss = 0%, RTA = 0.44 ms
[1562610600] CURRENT HOST STATE: esxi06;UP;HARD;1;PING OK - Packet loss = 0%, RTA = 0.44 ms
[1562610600] CURRENT HOST STATE: esxi07;UP;HARD;1;PING OK - Packet loss = 0%, RTA = 0.50 ms
[1562610600] CURRENT HOST STATE: esxi08;UP;HARD;1;PING OK - Packet loss = 0%, RTA = 0.37 ms
[1562610600] CURRENT HOST STATE: esxi09;UP;HARD;1;PING OK - Packet loss = 0%, RTA = 0.34 ms
[1562610600] CURRENT HOST STATE: localhost;UP;HARD;1;PING OK - Packet loss = 0%, RTA = 0.04 ms
[1562610600] CURRENT HOST STATE: router1;UP;HARD;1;PING OK - Packet loss = 0%, RTA = 0.92 ms
[1562610600] CURRENT HOST STATE: router2;UP;HARD;1;PING OK - Packet loss = 0%, RTA = 0.78 ms
[1562610600] CURRENT HOST STATE: router3;UP;HARD;1;PING OK - Packet loss = 0%, RTA = 1.50 ms
[1562610600] CURRENT HOST STATE: vmware10gswitch;UP;HARD;1;PING OK - Packet loss = 0%, RTA = 1.33 ms
[1562610600] CURRENT HOST STATE: vmwaremgmtswitch;UP;HARD;1;PING OK - Packet loss = 0%, RTA = 0.82 ms
[1562610600] CURRENT SERVICE STATE: esxi01;ESXi Hardware Check;OK;HARD;1;OK - Server: Cisco Systems Inc UCSC-C220-M4S s/n: FCH22157EQH Chassis S/N: FCH2216V0WN  System BIOS: C220M4.3.0.4a.0.0226182253 2018-02-26
[1562610600] CURRENT SERVICE STATE: esxi01;PING;OK;HARD;1;PING OK - Packet loss = 0%, RTA = 0.54 ms
[1562610600] CURRENT SERVICE STATE: esxi02;ESXi Hardware Check;OK;HARD;1;OK - Server: Cisco Systems Inc UCSC-C220-M4S s/n: FCH22157E1D Chassis S/N: FCH2216V0Y6  System BIOS: C220M4.3.0.4a.0.0226182253 2018-02-26
[1562610600] CURRENT SERVICE STATE: esxi02;PING;OK;HARD;1;PING OK - Packet loss = 0%, RTA = 0.44 ms
[1562610600] CURRENT SERVICE STATE: esxi03;ESXi Hardware Check;OK;HARD;1;OK - Server: Cisco Systems Inc UCSC-C220-M4S s/n: FCH22157ESB Chassis S/N: FCH2216V0TW  System BIOS: C220M4.3.0.4a.0.0226182253 2018-02-26
[1562610600] CURRENT SERVICE STATE: esxi03;PING;OK;HARD;1;PING OK - Packet loss = 0%, RTA = 0.51 ms
[1562610600] CURRENT SERVICE STATE: esxi04;ESXi Hardware Check;OK;HARD;1;OK - Server: Cisco Systems Inc UCSC-C220-M4S s/n: FCH22137QKB Chassis S/N: FCH2216V0YZ  System BIOS: C220M4.3.0.4a.0.0226182253 2018-02-26
[1562610600] CURRENT SERVICE STATE: esxi04;PING;OK;HARD;1;PING OK - Packet loss = 0%, RTA = 0.54 ms
[1562610600] CURRENT SERVICE STATE: esxi05;ESXi Hardware Check;OK;HARD;1;OK - Server: Cisco Systems Inc UCSC-C220-M4S s/n: FCH22157EPD Chassis S/N: FCH2216V0Z0  System BIOS: C220M4.3.0.4a.0.0226182253 2018-02-26
[1562610600] CURRENT SERVICE STATE: esxi05;PING;OK;HARD;1;PING OK - Packet loss = 0%, RTA = 0.51 ms
[1562610600] CURRENT SERVICE STATE: esxi06;ESXi Haradware Check;OK;HARD;1;OK - Server: Cisco Systems Inc UCSC-C220-M4S s/n: FCH22157ERW Chassis S/N: FCH2216V0X8  System BIOS: C220M4.3.0.4a.0.0226182253 2018-02-26
[1562610600] CURRENT SERVICE STATE: esxi06;PING;OK;HARD;1;PING OK - Packet loss = 0%, RTA = 0.52 ms
[1562610600] CURRENT SERVICE STATE: esxi07;ESXi Hardware Check;OK;HARD;1;OK - Server: Cisco Systems Inc UCSC-C220-M4S s/n: FCH22157EV7 Chassis S/N: FCH2216V0Y8  System BIOS: C220M4.3.0.4a.0.0226182253 2018-02-26
[1562610600] CURRENT SERVICE STATE: esxi07;PING;OK;HARD;1;PING OK - Packet loss = 0%, RTA = 0.45 ms
[1562610600] CURRENT SERVICE STATE: esxi08;ESXi Hardware Check;OK;HARD;1;OK - Server: Cisco Systems Inc UCSC-C220-M4S s/n: FCH22137QJN Chassis S/N: FCH2216V0YV  System BIOS: C220M4.3.0.4a.0.0226182253 2018-02-26
[1562610600] CURRENT SERVICE STATE: esxi08;PING;OK;HARD;1;PING OK - Packet loss = 0%, RTA = 0.43 ms
[1562610600] CURRENT SERVICE STATE: esxi09;ESXi Hardware Check;OK;HARD;1;OK - Server: Cisco Systems Inc UCSC-C220-M4S s/n: FCH22157ERY Chassis S/N: FCH2216V0YN  System BIOS: C220M4.3.0.4a.0.0226182253 2018-02-26
[1562610600] CURRENT SERVICE STATE: esxi09;PING;OK;HARD;1;PING OK - Packet loss = 0%, RTA = 0.38 ms
[1562610600] CURRENT SERVICE STATE: localhost;Current Load;OK;HARD;1;OK - load average: 0.03, 0.04, 0.05
[1562610600] CURRENT SERVICE STATE: localhost;Current Users;OK;HARD;1;USERS OK - 3 users currently logged in
[1562610600] CURRENT SERVICE STATE: localhost;PING;OK;HARD;1;PING OK - Packet loss = 0%, RTA = 0.05 ms
[1562610600] CURRENT SERVICE STATE: localhost;Root Partition;OK;HARD;1;DISK OK - free space: / 43439 MB (84.88% inode=99%):
[1562610600] CURRENT SERVICE STATE: localhost;SSH;OK;HARD;1;SSH OK - OpenSSH_7.4 (protocol 2.0)
[1562610600] CURRENT SERVICE STATE: localhost;Swap Usage;OK;HARD;1;SWAP OK - 100% free (3963 MB out of 3967 MB)
[1562610600] CURRENT SERVICE STATE: localhost;Total Processes;OK;HARD;1;PROCS OK: 78 processes with STATE = RSZDT
[1562610600] CURRENT SERVICE STATE: router1;check-host-alive;OK;HARD;1;PING OK - Packet loss = 0%, RTA = 0.63 ms
[1562610600] CURRENT SERVICE STATE: router2;check-host-alive;OK;HARD;1;PING OK - Packet loss = 0%, RTA = 0.73 ms
[1562610600] CURRENT SERVICE STATE: router3;check-host-alive;OK;HARD;1;PING OK - Packet loss = 0%, RTA = 0.74 ms
[1562610600] CURRENT SERVICE STATE: vmware10gswitch;check-host-alive;OK;HARD;1;PING OK - Packet loss = 0%, RTA = 1.30 ms
[1562610600] CURRENT SERVICE STATE: vmwaremgmtswitch;check-host-alive;OK;HARD;1;PING OK - Packet loss = 0%, RTA = 0.84 ms
[1562611251] SERVICE ALERT: esxi03;PING;WARNING;SOFT;1;PING WARNING - Packet loss = 20%, RTA = 0.50 ms
[1562611315] SERVICE ALERT: esxi03;PING;OK;SOFT;2;PING OK - Packet loss = 0%, RTA = 0.49 ms
[1562611599] Auto-save of retention data completed successfully.
[1562613480] SERVICE ALERT: esxi03;PING;WARNING;SOFT;1;PING WARNING - Packet loss = 20%, RTA = 0.36 ms
[1562613545] SERVICE ALERT: esxi03;PING;WARNING;SOFT;2;PING WARNING - Packet loss = 20%, RTA = 0.56 ms
[1562613609] SERVICE ALERT: esxi03;PING;OK;SOFT;3;PING OK - Packet loss = 0%, RTA = 0.45 ms
[1562615199] Auto-save of retention data completed successfully.
[1562618799] Auto-save of retention data completed successfully.
[1562622399] Auto-save of retention data completed successfully.
[1562623274] SERVICE ALERT: esxi03;PING;WARNING;SOFT;1;PING WARNING - Packet loss = 20%, RTA = 0.47 ms
[1562623339] SERVICE ALERT: esxi03;PING;WARNING;SOFT;2;PING WARNING - Packet loss = 20%, RTA = 0.53 ms
[1562623403] SERVICE ALERT: esxi03;PING;OK;SOFT;3;PING OK - Packet loss = 0%, RTA = 0.48 ms
[1562624668] SERVICE ALERT: esxi03;PING;WARNING;SOFT;1;PING WARNING - Packet loss = 20%, RTA = 0.46 ms
[1562624732] SERVICE ALERT: esxi03;PING;OK;SOFT;2;PING OK - Packet loss = 0%, RTA = 0.46 ms
[1562624797] SERVICE ALERT: esxi03;PING;WARNING;SOFT;1;PING WARNING - Packet loss = 20%, RTA = 0.45 ms
[1562624861] SERVICE ALERT: esxi03;PING;OK;SOFT;2;PING OK - Packet loss = 0%, RTA = 0.45 ms
[1562625999] Auto-save of retention data completed successfully.
[1562626726] SERVICE ALERT: esxi03;PING;WARNING;SOFT;1;PING WARNING - Packet loss = 20%, RTA = 0.46 ms
[1562626790] SERVICE ALERT: esxi03;PING;OK;SOFT;2;PING OK - Packet loss = 0%, RTA = 0.40 ms
[1562628355] SERVICE ALERT: esxi03;PING;WARNING;SOFT;1;PING WARNING - Packet loss = 20%, RTA = 0.48 ms
[1562628419] SERVICE ALERT: esxi03;PING;OK;SOFT;2;PING OK - Packet loss = 0%, RTA = 0.33 ms
[1562629599] Auto-save of retention data completed successfully.
[1562633199] Auto-save of retention data completed successfully.
[1562633584] SERVICE ALERT: esxi03;PING;WARNING;SOFT;1;PING WARNING - Packet loss = 20%, RTA = 0.44 ms
[1562633648] SERVICE ALERT: esxi03;PING;OK;SOFT;2;PING OK - Packet loss = 0%, RTA = 0.43 ms
[1562635141] SERVICE ALERT: esxi08;PING;WARNING;SOFT;1;PING WARNING - Packet loss = 20%, RTA = 0.40 ms
[1562635205] SERVICE ALERT: esxi08;PING;OK;SOFT;2;PING OK - Packet loss = 0%, RTA = 0.59 ms
[1562636799] Auto-save of retention data completed successfully.
[1562638513] SERVICE ALERT: esxi03;PING;WARNING;SOFT;1;PING WARNING - Packet loss = 20%, RTA = 0.38 ms
[1562638570] SERVICE ALERT: esxi08;PING;WARNING;SOFT;1;PING WARNING - Packet loss = 20%, RTA = 0.45 ms
[1562638578] SERVICE ALERT: esxi03;PING;WARNING;SOFT;2;PING WARNING - Packet loss = 20%, RTA = 0.46 ms
[1562638634] SERVICE ALERT: esxi08;PING;OK;SOFT;2;PING OK - Packet loss = 0%, RTA = 0.37 ms
[1562638642] SERVICE ALERT: esxi03;PING;OK;SOFT;3;PING OK - Packet loss = 0%, RTA = 0.41 ms
[1562639607] SERVICE ALERT: esxi03;PING;WARNING;SOFT;1;PING WARNING - Packet loss = 20%, RTA = 0.57 ms
[1562639671] SERVICE ALERT: esxi03;PING;OK;SOFT;2;PING OK - Packet loss = 0%, RTA = 0.42 ms
[1562640399] Auto-save of retention data completed successfully.
[1562643336] SERVICE ALERT: esxi03;PING;WARNING;SOFT;1;PING WARNING - Packet loss = 20%, RTA = 0.41 ms
[1562643400] SERVICE ALERT: esxi03;PING;OK;SOFT;2;PING OK - Packet loss = 0%, RTA = 0.43 ms
[1562643766] SERVICE ALERT: esxi03;PING;WARNING;SOFT;1;PING WARNING - Packet loss = 20%, RTA = 0.43 ms
[1562643830] SERVICE ALERT: esxi03;PING;OK;SOFT;2;PING OK - Packet loss = 0%, RTA = 0.41 ms
[1562643999] Auto-save of retention data completed successfully.
[1562644795] SERVICE ALERT: esxi03;PING;WARNING;SOFT;1;PING WARNING - Packet loss = 20%, RTA = 0.32 ms
[1562644860] SERVICE ALERT: esxi03;PING;WARNING;SOFT;2;PING WARNING - Packet loss = 20%, RTA = 0.41 ms
[1562644924] SERVICE ALERT: esxi03;PING;OK;SOFT;3;PING OK - Packet loss = 0%, RTA = 0.46 ms
[1562645289] SERVICE ALERT: esxi03;PING;WARNING;SOFT;1;PING WARNING - Packet loss = 20%, RTA = 0.40 ms
[1562645353] SERVICE ALERT: esxi03;PING;OK;SOFT;2;PING OK - Packet loss = 0%, RTA = 0.41 ms
[1562647599] Auto-save of retention data completed successfully.
[1562651199] Auto-save of retention data completed successfully.
[1562654799] Auto-save of retention data completed successfully.
[1562658399] Auto-save of retention data completed successfully.
[1562661999] Auto-save of retention data completed successfully.
[1562665599] Auto-save of retention data completed successfully.
[1562669199] Auto-save of retention data completed successfully.
[1562672799] Auto-save of retention data completed successfully.
[1562676399] Auto-save of retention data completed successfully.
[1562679318] SERVICE ALERT: esxi03;PING;WARNING;SOFT;1;PING WARNING - Packet loss = 20%, RTA = 0.52 ms
[1562679382] SERVICE ALERT: esxi03;PING;OK;SOFT;2;PING OK - Packet loss = 0%, RTA = 0.43 ms
[1562679999] Auto-save of retention data completed successfully.
[1562680947] SERVICE ALERT: esxi03;PING;WARNING;SOFT;1;PING WARNING - Packet loss = 20%, RTA = 0.52 ms
[1562681012] SERVICE ALERT: esxi03;PING;WARNING;SOFT;2;PING WARNING - Packet loss = 20%, RTA = 0.40 ms
[1562681076] SERVICE ALERT: esxi03;PING;OK;SOFT;3;PING OK - Packet loss = 0%, RTA = 0.34 ms
[1562682941] SERVICE ALERT: esxi03;PING;WARNING;SOFT;1;PING WARNING - Packet loss = 20%, RTA = 0.47 ms
[1562683006] SERVICE ALERT: esxi03;PING;WARNING;SOFT;2;PING WARNING - Packet loss = 20%, RTA = 0.83 ms
[1562683071] SERVICE ALERT: esxi03;PING;WARNING;SOFT;3;PING WARNING - Packet loss = 20%, RTA = 0.53 ms
[1562683136] SERVICE NOTIFICATION: nagiosadmin;esxi03;PING;WARNING;notify-service-by-email;PING WARNING - Packet loss = 20%, RTA = 0.45 ms
[1562683136] SERVICE ALERT: esxi03;PING;WARNING;HARD;4;PING WARNING - Packet loss = 20%, RTA = 0.45 ms
[1562683440] SERVICE NOTIFICATION: nagiosadmin;esxi03;PING;OK;notify-service-by-email;PING OK - Packet loss = 0%, RTA = 0.41 ms
[1562683440] SERVICE ALERT: esxi03;PING;OK;HARD;4;PING OK - Packet loss = 0%, RTA = 0.41 ms
[1562683599] Auto-save of retention data completed successfully.
[1562684045] SERVICE ALERT: esxi03;PING;WARNING;SOFT;1;PING WARNING - Packet loss = 20%, RTA = 0.53 ms
[1562684109] SERVICE ALERT: esxi03;PING;OK;SOFT;2;PING OK - Packet loss = 0%, RTA = 0.53 ms
[1562687199] Auto-save of retention data completed successfully.
[1562688374] SERVICE ALERT: esxi03;PING;WARNING;SOFT;1;PING WARNING - Packet loss = 20%, RTA = 0.36 ms
[1562688438] SERVICE ALERT: esxi03;PING;OK;SOFT;2;PING OK - Packet loss = 0%, RTA = 0.38 ms
[1562690799] Auto-save of retention data completed successfully.
[1562692404] SERVICE ALERT: esxi03;PING;WARNING;SOFT;1;PING WARNING - Packet loss = 20%, RTA = 0.45 ms
[1562692468] SERVICE ALERT: esxi03;PING;OK;SOFT;2;PING OK - Packet loss = 0%, RTA = 0.45 ms
[1562694399] Auto-save of retention data completed successfully.
[1562694933] SERVICE ALERT: esxi03;PING;WARNING;SOFT;1;PING WARNING - Packet loss = 20%, RTA = 0.41 ms
[1562694997] SERVICE ALERT: esxi03;PING;OK;SOFT;2;PING OK - Packet loss = 0%, RTA = 0.46 ms
[1562695962] SERVICE ALERT: esxi03;PING;WARNING;SOFT;1;PING WARNING - Packet loss = 20%, RTA = 0.46 ms
[1562696026] SERVICE ALERT: esxi03;PING;OK;SOFT;2;PING OK - Packet loss = 0%, RTA = 0.51 ms
