[1570213800] LOG ROTATION: DAILY
[1570213800] LOG VERSION: 2.0
[1570213800] CURRENT HOST STATE: AP_Main_Bldg;UP;HARD;1;PING OK - Packet loss = 0%, RTA = 0.73 ms
[1570213800] CURRENT HOST STATE: Director_Bldg;UP;HARD;1;PING OK - Packet loss = 0%, RTA = 0.66 ms
[1570213800] CURRENT HOST STATE: Director_Resident;UP;HARD;1;PING OK - Packet loss = 0%, RTA = 0.70 ms
[1570213800] CURRENT HOST STATE: esxi01;UP;HARD;1;PING OK - Packet loss = 0%, RTA = 0.44 ms
[1570213800] CURRENT HOST STATE: esxi02;UP;HARD;1;PING OK - Packet loss = 0%, RTA = 0.51 ms
[1570213800] CURRENT HOST STATE: esxi03;UP;HARD;1;PING OK - Packet loss = 0%, RTA = 3.03 ms
[1570213800] CURRENT HOST STATE: esxi04;UP;HARD;1;PING OK - Packet loss = 0%, RTA = 0.49 ms
[1570213800] CURRENT HOST STATE: esxi05;UP;HARD;1;PING OK - Packet loss = 0%, RTA = 0.45 ms
[1570213800] CURRENT HOST STATE: esxi06;UP;HARD;1;PING OK - Packet loss = 0%, RTA = 0.49 ms
[1570213800] CURRENT HOST STATE: esxi07;UP;HARD;1;PING OK - Packet loss = 0%, RTA = 0.55 ms
[1570213800] CURRENT HOST STATE: esxi08;UP;HARD;1;PING OK - Packet loss = 0%, RTA = 0.41 ms
[1570213800] CURRENT HOST STATE: esxi09;UP;HARD;1;PING OK - Packet loss = 0%, RTA = 0.52 ms
[1570213800] CURRENT HOST STATE: localhost;UP;HARD;1;PING OK - Packet loss = 0%, RTA = 0.04 ms
[1570213800] CURRENT HOST STATE: vmware10gswitch;UP;HARD;1;PING OK - Packet loss = 0%, RTA = 2.50 ms
[1570213800] CURRENT HOST STATE: vmwaremgmtswitch;UP;HARD;1;PING OK - Packet loss = 0%, RTA = 0.76 ms
[1570213800] CURRENT SERVICE STATE: AP_Main_Bldg;check-host-alive;OK;HARD;1;PING OK - Packet loss = 0%, RTA = 3.51 ms
[1570213800] CURRENT SERVICE STATE: Director_Bldg;check-host-alive;OK;HARD;1;PING OK - Packet loss = 0%, RTA = 0.53 ms
[1570213800] CURRENT SERVICE STATE: Director_Resident;check-host-alive;OK;HARD;1;PING OK - Packet loss = 0%, RTA = 0.73 ms
[1570213800] CURRENT SERVICE STATE: esxi01;ESXi Hardware Check;OK;HARD;1;OK - Server: Cisco Systems Inc UCSC-C220-M4S s/n: FCH22157EQH Chassis S/N: FCH2216V0WN  System BIOS: C220M4.3.0.4a.0.0226182253 2018-02-26
[1570213800] CURRENT SERVICE STATE: esxi01;PING;OK;HARD;1;PING OK - Packet loss = 0%, RTA = 0.57 ms
[1570213800] CURRENT SERVICE STATE: esxi02;ESXi Hardware Check;OK;HARD;1;OK - Server: Cisco Systems Inc UCSC-C220-M4S s/n: FCH22157E1D Chassis S/N: FCH2216V0Y6  System BIOS: C220M4.3.0.4a.0.0226182253 2018-02-26
[1570213800] CURRENT SERVICE STATE: esxi02;PING;OK;HARD;1;PING OK - Packet loss = 0%, RTA = 0.41 ms
[1570213800] CURRENT SERVICE STATE: esxi03;ESXi Hardware Check;OK;HARD;1;OK - Server: Cisco Systems Inc UCSC-C220-M4S s/n: FCH22157ESB Chassis S/N: FCH2216V0TW  System BIOS: C220M4.3.0.4a.0.0226182253 2018-02-26
[1570213800] CURRENT SERVICE STATE: esxi03;PING;OK;HARD;1;PING OK - Packet loss = 0%, RTA = 0.50 ms
[1570213800] CURRENT SERVICE STATE: esxi04;ESXi Hardware Check;OK;HARD;1;OK - Server: Cisco Systems Inc UCSC-C220-M4S s/n: FCH22137QKB Chassis S/N: FCH2216V0YZ  System BIOS: C220M4.3.0.4a.0.0226182253 2018-02-26
[1570213800] CURRENT SERVICE STATE: esxi04;PING;OK;HARD;1;PING OK - Packet loss = 0%, RTA = 0.44 ms
[1570213800] CURRENT SERVICE STATE: esxi05;ESXi Hardware Check;OK;HARD;1;OK - Server: Cisco Systems Inc UCSC-C220-M4S s/n: FCH22157EPD Chassis S/N: FCH2216V0Z0  System BIOS: C220M4.3.0.4a.0.0226182253 2018-02-26
[1570213800] CURRENT SERVICE STATE: esxi05;PING;OK;HARD;1;PING OK - Packet loss = 0%, RTA = 0.50 ms
[1570213800] CURRENT SERVICE STATE: esxi06;ESXi Haradware Check;OK;HARD;1;OK - Server: Cisco Systems Inc UCSC-C220-M4S s/n: FCH22157ERW Chassis S/N: FCH2216V0X8  System BIOS: C220M4.3.0.4a.0.0226182253 2018-02-26
[1570213800] CURRENT SERVICE STATE: esxi06;PING;OK;HARD;1;PING OK - Packet loss = 0%, RTA = 0.45 ms
[1570213800] CURRENT SERVICE STATE: esxi07;ESXi Hardware Check;OK;HARD;1;OK - Server: Cisco Systems Inc UCSC-C220-M4S s/n: FCH22157EV7 Chassis S/N: FCH2216V0Y8  System BIOS: C220M4.3.0.4a.0.0226182253 2018-02-26
[1570213800] CURRENT SERVICE STATE: esxi07;PING;OK;HARD;1;PING OK - Packet loss = 0%, RTA = 0.48 ms
[1570213800] CURRENT SERVICE STATE: esxi08;ESXi Hardware Check;OK;HARD;1;OK - Server: Cisco Systems Inc UCSC-C220-M4S s/n: FCH22137QJN Chassis S/N: FCH2216V0YV  System BIOS: C220M4.3.0.4a.0.0226182253 2018-02-26
[1570213800] CURRENT SERVICE STATE: esxi08;PING;OK;HARD;1;PING OK - Packet loss = 0%, RTA = 0.55 ms
[1570213800] CURRENT SERVICE STATE: esxi09;ESXi Hardware Check;OK;HARD;1;OK - Server: Cisco Systems Inc UCSC-C220-M4S s/n: FCH22157ERY Chassis S/N: FCH2216V0YN  System BIOS: C220M4.3.0.4a.0.0226182253 2018-02-26
[1570213800] CURRENT SERVICE STATE: esxi09;PING;OK;HARD;1;PING OK - Packet loss = 0%, RTA = 0.43 ms
[1570213800] CURRENT SERVICE STATE: localhost;Current Load;OK;HARD;1;OK - load average: 0.08, 0.03, 0.05
[1570213800] CURRENT SERVICE STATE: localhost;Current Users;OK;HARD;1;USERS OK - 2 users currently logged in
[1570213800] CURRENT SERVICE STATE: localhost;PING;OK;HARD;1;PING OK - Packet loss = 0%, RTA = 0.04 ms
[1570213800] CURRENT SERVICE STATE: localhost;Root Partition;OK;HARD;1;DISK OK - free space: / 42262 MB (82.58% inode=99%):
[1570213800] CURRENT SERVICE STATE: localhost;SSH;OK;HARD;1;SSH OK - OpenSSH_7.4 (protocol 2.0)
[1570213800] CURRENT SERVICE STATE: localhost;Swap Usage;OK;HARD;1;SWAP OK - 100% free (3945 MB out of 3967 MB)
[1570213800] CURRENT SERVICE STATE: localhost;Total Processes;OK;HARD;1;PROCS OK: 89 processes with STATE = RSZDT
[1570213800] CURRENT SERVICE STATE: vmware10gswitch;check-host-alive;OK;HARD;1;PING OK - Packet loss = 0%, RTA = 1.31 ms
[1570213800] CURRENT SERVICE STATE: vmwaremgmtswitch;check-host-alive;OK;HARD;1;PING OK - Packet loss = 0%, RTA = 0.83 ms
[1570217259] Auto-save of retention data completed successfully.
[1570220859] Auto-save of retention data completed successfully.
[1570224459] Auto-save of retention data completed successfully.
[1570226983] SERVICE ALERT: esxi03;PING;WARNING;SOFT;1;PING WARNING - Packet loss = 20%, RTA = 0.47 ms
[1570227047] SERVICE ALERT: esxi03;PING;OK;SOFT;2;PING OK - Packet loss = 0%, RTA = 0.50 ms
[1570228059] Auto-save of retention data completed successfully.
[1570231659] Auto-save of retention data completed successfully.
[1570235259] Auto-save of retention data completed successfully.
[1570238859] Auto-save of retention data completed successfully.
[1570242459] Auto-save of retention data completed successfully.
[1570246059] Auto-save of retention data completed successfully.
[1570249659] Auto-save of retention data completed successfully.
[1570253259] Auto-save of retention data completed successfully.
[1570256859] Auto-save of retention data completed successfully.
[1570260459] Auto-save of retention data completed successfully.
[1570264059] Auto-save of retention data completed successfully.
[1570266712] SERVICE ALERT: esxi03;PING;WARNING;SOFT;1;PING WARNING - Packet loss = 20%, RTA = 0.45 ms
[1570266776] SERVICE ALERT: esxi03;PING;OK;SOFT;2;PING OK - Packet loss = 0%, RTA = 0.41 ms
[1570267206] wproc: Core Worker 23158: job 156361 (pid=14942) timed out. Killing it
[1570267206] wproc: CHECK job 156361 from worker Core Worker 23158 timed out after 30.03s
[1570267206] wproc:   host=Director_Bldg; service=(null);
[1570267206] wproc:   early_timeout=1; exited_ok=0; wait_status=0; error_code=62;
[1570267206] Warning: Check of host 'Director_Bldg' timed out after 30.03 seconds
[1570267206] HOST ALERT: Director_Bldg;DOWN;SOFT;1;(Host check timed out after 30.03 seconds)
[1570267206] wproc: Core Worker 23158: job 156361 (pid=14942): Dormant child reaped
[1570267296] wproc: Core Worker 23158: job 156363 (pid=15097) timed out. Killing it
[1570267296] wproc: CHECK job 156363 from worker Core Worker 23158 timed out after 30.03s
[1570267296] wproc:   host=Director_Bldg; service=(null);
[1570267296] wproc:   early_timeout=1; exited_ok=0; wait_status=0; error_code=62;
[1570267296] Warning: Check of host 'Director_Bldg' timed out after 30.03 seconds
[1570267296] HOST ALERT: Director_Bldg;DOWN;SOFT;2;(Host check timed out after 30.03 seconds)
[1570267296] wproc: Core Worker 23158: job 156363 (pid=15097): Dormant child reaped
[1570267386] wproc: Core Worker 23158: job 156366 (pid=15138) timed out. Killing it
[1570267386] wproc: CHECK job 156366 from worker Core Worker 23158 timed out after 30.03s
[1570267386] wproc:   host=Director_Bldg; service=(null);
[1570267386] wproc:   early_timeout=1; exited_ok=0; wait_status=0; error_code=62;
[1570267386] Warning: Check of host 'Director_Bldg' timed out after 30.03 seconds
[1570267386] HOST ALERT: Director_Bldg;DOWN;SOFT;3;(Host check timed out after 30.03 seconds)
[1570267386] wproc: Core Worker 23158: job 156366 (pid=15138): Dormant child reaped
[1570267441] SERVICE ALERT: Director_Bldg;check-host-alive;CRITICAL;HARD;1;CRITICAL - Plugin timed out
[1570267476] wproc: Core Worker 23159: job 156369 (pid=15169) timed out. Killing it
[1570267476] wproc: CHECK job 156369 from worker Core Worker 23159 timed out after 30.03s
[1570267476] wproc:   host=Director_Bldg; service=(null);
[1570267476] wproc:   early_timeout=1; exited_ok=0; wait_status=0; error_code=62;
[1570267476] Warning: Check of host 'Director_Bldg' timed out after 30.03 seconds
[1570267476] HOST ALERT: Director_Bldg;DOWN;SOFT;4;(Host check timed out after 30.03 seconds)
[1570267476] wproc: Core Worker 23159: job 156369 (pid=15169): Dormant child reaped
[1570267566] wproc: Core Worker 23160: job 156371 (pid=15329) timed out. Killing it
[1570267566] wproc: CHECK job 156371 from worker Core Worker 23160 timed out after 30.03s
[1570267566] wproc:   host=Director_Bldg; service=(null);
[1570267566] wproc:   early_timeout=1; exited_ok=0; wait_status=0; error_code=62;
[1570267566] Warning: Check of host 'Director_Bldg' timed out after 30.03 seconds
[1570267566] HOST ALERT: Director_Bldg;DOWN;SOFT;5;(Host check timed out after 30.03 seconds)
[1570267566] wproc: Core Worker 23160: job 156371 (pid=15329): Dormant child reaped
[1570267653] wproc: Core Worker 23160: job 156373 (pid=15354) timed out. Killing it
[1570267653] wproc: CHECK job 156373 from worker Core Worker 23160 timed out after 30.01s
[1570267653] wproc:   host=Director_Resident; service=(null);
[1570267653] wproc:   early_timeout=1; exited_ok=0; wait_status=0; error_code=62;
[1570267653] Warning: Check of host 'Director_Resident' timed out after 30.01 seconds
[1570267653] HOST ALERT: Director_Resident;DOWN;SOFT;1;(Host check timed out after 30.01 seconds)
[1570267653] wproc: Core Worker 23160: job 156373 (pid=15354): Dormant child reaped
[1570267656] wproc: Core Worker 23157: job 156374 (pid=15356) timed out. Killing it
[1570267656] wproc: CHECK job 156374 from worker Core Worker 23157 timed out after 30.01s
[1570267656] wproc:   host=Director_Bldg; service=(null);
[1570267656] wproc:   early_timeout=1; exited_ok=0; wait_status=0; error_code=62;
[1570267656] Warning: Check of host 'Director_Bldg' timed out after 30.01 seconds
[1570267656] HOST ALERT: Director_Bldg;DOWN;SOFT;6;(Host check timed out after 30.01 seconds)
[1570267656] wproc: Core Worker 23157: job 156374 (pid=15356): Dormant child reaped
[1570267659] Auto-save of retention data completed successfully.
[1570267743] wproc: Core Worker 23157: job 156380 (pid=15411) timed out. Killing it
[1570267743] wproc: CHECK job 156380 from worker Core Worker 23157 timed out after 30.01s
[1570267743] wproc:   host=Director_Resident; service=(null);
[1570267743] wproc:   early_timeout=1; exited_ok=0; wait_status=0; error_code=62;
[1570267743] Warning: Check of host 'Director_Resident' timed out after 30.01 seconds
[1570267743] HOST ALERT: Director_Resident;DOWN;SOFT;2;(Host check timed out after 30.01 seconds)
[1570267743] wproc: Core Worker 23157: job 156380 (pid=15411): Dormant child reaped
[1570267746] wproc: Core Worker 23158: job 156380 (pid=15413) timed out. Killing it
[1570267746] wproc: CHECK job 156380 from worker Core Worker 23158 timed out after 30.03s
[1570267746] wproc:   host=Director_Bldg; service=(null);
[1570267746] wproc:   early_timeout=1; exited_ok=0; wait_status=0; error_code=62;
[1570267746] Warning: Check of host 'Director_Bldg' timed out after 30.03 seconds
[1570267746] HOST ALERT: Director_Bldg;DOWN;SOFT;7;(Host check timed out after 30.03 seconds)
[1570267746] wproc: Core Worker 23158: job 156380 (pid=15413): Dormant child reaped
[1570267833] wproc: Core Worker 23159: job 156382 (pid=15569) timed out. Killing it
[1570267833] wproc: CHECK job 156382 from worker Core Worker 23159 timed out after 30.03s
[1570267833] wproc:   host=Director_Resident; service=(null);
[1570267833] wproc:   early_timeout=1; exited_ok=0; wait_status=0; error_code=62;
[1570267833] Warning: Check of host 'Director_Resident' timed out after 30.03 seconds
[1570267833] HOST ALERT: Director_Resident;DOWN;SOFT;3;(Host check timed out after 30.03 seconds)
[1570267833] wproc: Core Worker 23159: job 156382 (pid=15569): Dormant child reaped
[1570267836] wproc: Core Worker 23160: job 156382 (pid=15571) timed out. Killing it
[1570267836] wproc: CHECK job 156382 from worker Core Worker 23160 timed out after 30.01s
[1570267836] wproc:   host=Director_Bldg; service=(null);
[1570267836] wproc:   early_timeout=1; exited_ok=0; wait_status=0; error_code=62;
[1570267836] Warning: Check of host 'Director_Bldg' timed out after 30.01 seconds
[1570267836] HOST ALERT: Director_Bldg;DOWN;SOFT;8;(Host check timed out after 30.01 seconds)
[1570267836] wproc: Core Worker 23160: job 156382 (pid=15571): Dormant child reaped
[1570267923] wproc: Core Worker 23159: job 156384 (pid=15618) timed out. Killing it
[1570267923] wproc: CHECK job 156384 from worker Core Worker 23159 timed out after 30.01s
[1570267923] wproc:   host=Director_Resident; service=(null);
[1570267923] wproc:   early_timeout=1; exited_ok=0; wait_status=0; error_code=62;
[1570267923] Warning: Check of host 'Director_Resident' timed out after 30.01 seconds
[1570267923] HOST ALERT: Director_Resident;DOWN;SOFT;4;(Host check timed out after 30.01 seconds)
[1570267923] wproc: Core Worker 23159: job 156384 (pid=15618): Dormant child reaped
[1570267926] wproc: Core Worker 23160: job 156384 (pid=15620) timed out. Killing it
[1570267926] wproc: CHECK job 156384 from worker Core Worker 23160 timed out after 30.01s
[1570267926] wproc:   host=Director_Bldg; service=(null);
[1570267926] wproc:   early_timeout=1; exited_ok=0; wait_status=0; error_code=62;
[1570267926] Warning: Check of host 'Director_Bldg' timed out after 30.01 seconds
[1570267926] HOST ALERT: Director_Bldg;DOWN;SOFT;9;(Host check timed out after 30.01 seconds)
[1570267926] wproc: Core Worker 23160: job 156384 (pid=15620): Dormant child reaped
[1570268013] wproc: Core Worker 23160: job 156388 (pid=15659) timed out. Killing it
[1570268013] wproc: CHECK job 156388 from worker Core Worker 23160 timed out after 30.01s
[1570268013] wproc:   host=Director_Resident; service=(null);
[1570268013] wproc:   early_timeout=1; exited_ok=0; wait_status=0; error_code=62;
[1570268013] Warning: Check of host 'Director_Resident' timed out after 30.01 seconds
[1570268013] HOST ALERT: Director_Resident;DOWN;SOFT;5;(Host check timed out after 30.01 seconds)
[1570268013] wproc: Core Worker 23160: job 156388 (pid=15659): Dormant child reaped
[1570268016] wproc: Core Worker 23157: job 156389 (pid=15661) timed out. Killing it
[1570268016] wproc: CHECK job 156389 from worker Core Worker 23157 timed out after 30.02s
[1570268016] wproc:   host=Director_Bldg; service=(null);
[1570268016] wproc:   early_timeout=1; exited_ok=0; wait_status=0; error_code=62;
[1570268016] Warning: Check of host 'Director_Bldg' timed out after 30.02 seconds
[1570268016] HOST NOTIFICATION: nagiosadmin;Director_Bldg;DOWN;notify-host-by-email;(Host check timed out after 30.02 seconds)
[1570268016] HOST ALERT: Director_Bldg;DOWN;HARD;10;(Host check timed out after 30.02 seconds)
[1570268016] wproc: Core Worker 23157: job 156389 (pid=15661): Dormant child reaped
[1570268103] wproc: Core Worker 23158: job 156391 (pid=15701) timed out. Killing it
[1570268103] wproc: CHECK job 156391 from worker Core Worker 23158 timed out after 30.03s
[1570268103] wproc:   host=Director_Resident; service=(null);
[1570268103] wproc:   early_timeout=1; exited_ok=0; wait_status=0; error_code=62;
[1570268103] Warning: Check of host 'Director_Resident' timed out after 30.03 seconds
[1570268103] HOST ALERT: Director_Resident;DOWN;SOFT;6;(Host check timed out after 30.03 seconds)
[1570268103] wproc: Core Worker 23158: job 156391 (pid=15701): Dormant child reaped
[1570268144] SERVICE ALERT: Director_Resident;check-host-alive;CRITICAL;HARD;1;CRITICAL - Plugin timed out
[1570268193] wproc: Core Worker 23158: job 156393 (pid=15851) timed out. Killing it
[1570268193] wproc: CHECK job 156393 from worker Core Worker 23158 timed out after 30.03s
[1570268193] wproc:   host=Director_Resident; service=(null);
[1570268193] wproc:   early_timeout=1; exited_ok=0; wait_status=0; error_code=62;
[1570268193] Warning: Check of host 'Director_Resident' timed out after 30.03 seconds
[1570268193] HOST ALERT: Director_Resident;DOWN;SOFT;7;(Host check timed out after 30.03 seconds)
[1570268193] wproc: Core Worker 23158: job 156393 (pid=15851): Dormant child reaped
[1570268283] wproc: Core Worker 23158: job 156397 (pid=15896) timed out. Killing it
[1570268283] wproc: CHECK job 156397 from worker Core Worker 23158 timed out after 30.01s
[1570268283] wproc:   host=Director_Resident; service=(null);
[1570268283] wproc:   early_timeout=1; exited_ok=0; wait_status=0; error_code=62;
[1570268283] Warning: Check of host 'Director_Resident' timed out after 30.01 seconds
[1570268283] HOST ALERT: Director_Resident;DOWN;SOFT;8;(Host check timed out after 30.01 seconds)
[1570268283] wproc: Core Worker 23158: job 156397 (pid=15896): Dormant child reaped
[1570268346] wproc: Core Worker 23157: job 156401 (pid=15928) timed out. Killing it
[1570268346] wproc: CHECK job 156401 from worker Core Worker 23157 timed out after 30.01s
[1570268346] wproc:   host=Director_Bldg; service=(null);
[1570268346] wproc:   early_timeout=1; exited_ok=0; wait_status=0; error_code=62;
[1570268346] Warning: Check of host 'Director_Bldg' timed out after 30.01 seconds
[1570268346] wproc: Core Worker 23157: job 156401 (pid=15928): Dormant child reaped
[1570268373] wproc: Core Worker 23157: job 156402 (pid=15936) timed out. Killing it
[1570268373] wproc: CHECK job 156402 from worker Core Worker 23157 timed out after 30.03s
[1570268373] wproc:   host=Director_Resident; service=(null);
[1570268373] wproc:   early_timeout=1; exited_ok=0; wait_status=0; error_code=62;
[1570268373] Warning: Check of host 'Director_Resident' timed out after 30.03 seconds
[1570268373] HOST ALERT: Director_Resident;DOWN;SOFT;9;(Host check timed out after 30.03 seconds)
[1570268374] wproc: Core Worker 23157: job 156402 (pid=15936): Dormant child reaped
[1570268463] wproc: Core Worker 23157: job 156404 (pid=16098) timed out. Killing it
[1570268463] wproc: CHECK job 156404 from worker Core Worker 23157 timed out after 30.03s
[1570268463] wproc:   host=Director_Resident; service=(null);
[1570268463] wproc:   early_timeout=1; exited_ok=0; wait_status=0; error_code=62;
[1570268463] Warning: Check of host 'Director_Resident' timed out after 30.03 seconds
[1570268463] HOST NOTIFICATION: nagiosadmin;Director_Resident;DOWN;notify-host-by-email;(Host check timed out after 30.03 seconds)
[1570268463] HOST ALERT: Director_Resident;DOWN;HARD;10;(Host check timed out after 30.03 seconds)
[1570268464] wproc: Core Worker 23157: job 156404 (pid=16098): Dormant child reaped
[1570268646] wproc: Core Worker 23157: job 156410 (pid=16174) timed out. Killing it
[1570268646] wproc: CHECK job 156410 from worker Core Worker 23157 timed out after 30.03s
[1570268646] wproc:   host=Director_Bldg; service=(null);
[1570268646] wproc:   early_timeout=1; exited_ok=0; wait_status=0; error_code=62;
[1570268646] Warning: Check of host 'Director_Bldg' timed out after 30.03 seconds
[1570268646] wproc: Core Worker 23157: job 156410 (pid=16174): Dormant child reaped
[1570268793] wproc: Core Worker 23157: job 156413 (pid=16339) timed out. Killing it
[1570268793] wproc: CHECK job 156413 from worker Core Worker 23157 timed out after 30.03s
[1570268793] wproc:   host=Director_Resident; service=(null);
[1570268793] wproc:   early_timeout=1; exited_ok=0; wait_status=0; error_code=62;
[1570268793] Warning: Check of host 'Director_Resident' timed out after 30.03 seconds
[1570268794] wproc: Core Worker 23157: job 156413 (pid=16339): Dormant child reaped
[1570268814] SERVICE ALERT: esxi04;PING;WARNING;SOFT;1;PING WARNING - Packet loss = 20%, RTA = 0.50 ms
[1570268878] SERVICE ALERT: esxi04;PING;OK;SOFT;2;PING OK - Packet loss = 0%, RTA = 0.48 ms
[1570268946] wproc: Core Worker 23157: job 156421 (pid=16419) timed out. Killing it
[1570268946] wproc: CHECK job 156421 from worker Core Worker 23157 timed out after 30.01s
[1570268946] wproc:   host=Director_Bldg; service=(null);
[1570268946] wproc:   early_timeout=1; exited_ok=0; wait_status=0; error_code=62;
[1570268946] Warning: Check of host 'Director_Bldg' timed out after 30.01 seconds
[1570268946] wproc: Core Worker 23157: job 156421 (pid=16419): Dormant child reaped
[1570269093] wproc: Core Worker 23158: job 156424 (pid=16590) timed out. Killing it
[1570269093] wproc: CHECK job 156424 from worker Core Worker 23158 timed out after 30.03s
[1570269093] wproc:   host=Director_Resident; service=(null);
[1570269093] wproc:   early_timeout=1; exited_ok=0; wait_status=0; error_code=62;
[1570269093] Warning: Check of host 'Director_Resident' timed out after 30.03 seconds
[1570269094] wproc: Core Worker 23158: job 156424 (pid=16590): Dormant child reaped
[1570269243] SERVICE ALERT: esxi04;PING;WARNING;SOFT;1;PING WARNING - Packet loss = 20%, RTA = 0.46 ms
[1570269246] wproc: Core Worker 23159: job 156429 (pid=16655) timed out. Killing it
[1570269246] wproc: CHECK job 156429 from worker Core Worker 23159 timed out after 30.01s
[1570269246] wproc:   host=Director_Bldg; service=(null);
[1570269246] wproc:   early_timeout=1; exited_ok=0; wait_status=0; error_code=62;
[1570269246] Warning: Check of host 'Director_Bldg' timed out after 30.01 seconds
[1570269246] wproc: Core Worker 23159: job 156429 (pid=16655): Dormant child reaped
[1570269308] SERVICE ALERT: esxi04;PING;OK;SOFT;2;PING OK - Packet loss = 0%, RTA = 0.50 ms
[1570269318] SERVICE ALERT: Director_Resident;check-host-alive;OK;HARD;3;PING OK - Packet loss = 20%, RTA = 0.62 ms
[1570269322] HOST NOTIFICATION: nagiosadmin;Director_Resident;UP;notify-host-by-email;PING OK - Packet loss = 0%, RTA = 0.61 ms
[1570269322] HOST ALERT: Director_Resident;UP;HARD;1;PING OK - Packet loss = 0%, RTA = 0.61 ms
[1570269520] HOST NOTIFICATION: nagiosadmin;Director_Bldg;UP;notify-host-by-email;PING OK - Packet loss = 0%, RTA = 0.64 ms
[1570269520] HOST ALERT: Director_Bldg;UP;HARD;1;PING OK - Packet loss = 0%, RTA = 0.64 ms
[1570269814] SERVICE ALERT: Director_Bldg;check-host-alive;OK;SOFT;1;PING OK - Packet loss = 0%, RTA = 0.64 ms
[1570271259] Auto-save of retention data completed successfully.
[1570274859] Auto-save of retention data completed successfully.
[1570278459] Auto-save of retention data completed successfully.
[1570282059] Auto-save of retention data completed successfully.
[1570285659] Auto-save of retention data completed successfully.
[1570289259] Auto-save of retention data completed successfully.
[1570292859] Auto-save of retention data completed successfully.
[1570296459] Auto-save of retention data completed successfully.
[1570300059] Auto-save of retention data completed successfully.
