[1564338600] LOG ROTATION: DAILY
[1564338600] LOG VERSION: 2.0
[1564338600] CURRENT HOST STATE: AP_Main_Bldg;UP;HARD;1;PING OK - Packet loss = 0%, RTA = 0.77 ms
[1564338600] CURRENT HOST STATE: Director_Bldg;UP;HARD;1;PING OK - Packet loss = 0%, RTA = 0.59 ms
[1564338600] CURRENT HOST STATE: Director_Resident;UP;HARD;1;PING OK - Packet loss = 0%, RTA = 0.67 ms
[1564338600] CURRENT HOST STATE: esxi01;UP;HARD;1;PING OK - Packet loss = 0%, RTA = 0.39 ms
[1564338600] CURRENT HOST STATE: esxi02;UP;HARD;1;PING OK - Packet loss = 0%, RTA = 0.53 ms
[1564338600] CURRENT HOST STATE: esxi03;UP;HARD;1;PING OK - Packet loss = 0%, RTA = 0.52 ms
[1564338600] CURRENT HOST STATE: esxi04;UP;HARD;1;PING OK - Packet loss = 0%, RTA = 0.50 ms
[1564338600] CURRENT HOST STATE: esxi05;UP;HARD;1;PING OK - Packet loss = 0%, RTA = 0.41 ms
[1564338600] CURRENT HOST STATE: esxi06;UP;HARD;1;PING OK - Packet loss = 0%, RTA = 0.52 ms
[1564338600] CURRENT HOST STATE: esxi07;UP;HARD;1;PING OK - Packet loss = 0%, RTA = 0.71 ms
[1564338600] CURRENT HOST STATE: esxi08;UP;HARD;1;PING OK - Packet loss = 0%, RTA = 0.38 ms
[1564338600] CURRENT HOST STATE: esxi09;UP;HARD;1;PING OK - Packet loss = 0%, RTA = 0.41 ms
[1564338600] CURRENT HOST STATE: localhost;UP;HARD;1;PING OK - Packet loss = 0%, RTA = 0.05 ms
[1564338600] CURRENT HOST STATE: vmware10gswitch;UP;HARD;1;PING OK - Packet loss = 0%, RTA = 1.41 ms
[1564338600] CURRENT HOST STATE: vmwaremgmtswitch;UP;HARD;1;PING OK - Packet loss = 0%, RTA = 0.84 ms
[1564338600] CURRENT SERVICE STATE: AP_Main_Bldg;check-host-alive;OK;HARD;1;PING OK - Packet loss = 0%, RTA = 0.78 ms
[1564338600] CURRENT SERVICE STATE: Director_Bldg;check-host-alive;OK;HARD;1;PING OK - Packet loss = 0%, RTA = 0.55 ms
[1564338600] CURRENT SERVICE STATE: Director_Resident;check-host-alive;OK;HARD;1;PING OK - Packet loss = 0%, RTA = 0.95 ms
[1564338600] CURRENT SERVICE STATE: esxi01;ESXi Hardware Check;OK;HARD;1;OK - Server: Cisco Systems Inc UCSC-C220-M4S s/n: FCH22157EQH Chassis S/N: FCH2216V0WN  System BIOS: C220M4.3.0.4a.0.0226182253 2018-02-26
[1564338600] CURRENT SERVICE STATE: esxi01;PING;OK;HARD;1;PING OK - Packet loss = 0%, RTA = 0.59 ms
[1564338600] CURRENT SERVICE STATE: esxi02;ESXi Hardware Check;OK;HARD;1;OK - Server: Cisco Systems Inc UCSC-C220-M4S s/n: FCH22157E1D Chassis S/N: FCH2216V0Y6  System BIOS: C220M4.3.0.4a.0.0226182253 2018-02-26
[1564338600] CURRENT SERVICE STATE: esxi02;PING;OK;HARD;1;PING OK - Packet loss = 0%, RTA = 0.39 ms
[1564338600] CURRENT SERVICE STATE: esxi03;ESXi Hardware Check;OK;HARD;1;OK - Server: Cisco Systems Inc UCSC-C220-M4S s/n: FCH22157ESB Chassis S/N: FCH2216V0TW  System BIOS: C220M4.3.0.4a.0.0226182253 2018-02-26
[1564338600] CURRENT SERVICE STATE: esxi03;PING;OK;HARD;1;PING OK - Packet loss = 0%, RTA = 0.39 ms
[1564338600] CURRENT SERVICE STATE: esxi04;ESXi Hardware Check;OK;HARD;1;OK - Server: Cisco Systems Inc UCSC-C220-M4S s/n: FCH22137QKB Chassis S/N: FCH2216V0YZ  System BIOS: C220M4.3.0.4a.0.0226182253 2018-02-26
[1564338600] CURRENT SERVICE STATE: esxi04;PING;OK;HARD;1;PING OK - Packet loss = 0%, RTA = 0.44 ms
[1564338600] CURRENT SERVICE STATE: esxi05;ESXi Hardware Check;OK;HARD;1;OK - Server: Cisco Systems Inc UCSC-C220-M4S s/n: FCH22157EPD Chassis S/N: FCH2216V0Z0  System BIOS: C220M4.3.0.4a.0.0226182253 2018-02-26
[1564338600] CURRENT SERVICE STATE: esxi05;PING;OK;HARD;1;PING OK - Packet loss = 0%, RTA = 0.39 ms
[1564338600] CURRENT SERVICE STATE: esxi06;ESXi Haradware Check;OK;HARD;1;OK - Server: Cisco Systems Inc UCSC-C220-M4S s/n: FCH22157ERW Chassis S/N: FCH2216V0X8  System BIOS: C220M4.3.0.4a.0.0226182253 2018-02-26
[1564338600] CURRENT SERVICE STATE: esxi06;PING;OK;HARD;1;PING OK - Packet loss = 0%, RTA = 0.50 ms
[1564338600] CURRENT SERVICE STATE: esxi07;ESXi Hardware Check;OK;HARD;1;OK - Server: Cisco Systems Inc UCSC-C220-M4S s/n: FCH22157EV7 Chassis S/N: FCH2216V0Y8  System BIOS: C220M4.3.0.4a.0.0226182253 2018-02-26
[1564338600] CURRENT SERVICE STATE: esxi07;PING;OK;HARD;1;PING OK - Packet loss = 0%, RTA = 0.60 ms
[1564338600] CURRENT SERVICE STATE: esxi08;ESXi Hardware Check;OK;HARD;1;OK - Server: Cisco Systems Inc UCSC-C220-M4S s/n: FCH22137QJN Chassis S/N: FCH2216V0YV  System BIOS: C220M4.3.0.4a.0.0226182253 2018-02-26
[1564338600] CURRENT SERVICE STATE: esxi08;PING;OK;HARD;1;PING OK - Packet loss = 0%, RTA = 0.51 ms
[1564338600] CURRENT SERVICE STATE: esxi09;ESXi Hardware Check;OK;HARD;1;OK - Server: Cisco Systems Inc UCSC-C220-M4S s/n: FCH22157ERY Chassis S/N: FCH2216V0YN  System BIOS: C220M4.3.0.4a.0.0226182253 2018-02-26
[1564338600] CURRENT SERVICE STATE: esxi09;PING;OK;HARD;1;PING OK - Packet loss = 0%, RTA = 0.43 ms
[1564338600] CURRENT SERVICE STATE: localhost;Current Load;OK;HARD;1;OK - load average: 0.01, 0.03, 0.05
[1564338600] CURRENT SERVICE STATE: localhost;Current Users;OK;HARD;1;USERS OK - 3 users currently logged in
[1564338600] CURRENT SERVICE STATE: localhost;PING;OK;HARD;1;PING OK - Packet loss = 0%, RTA = 0.04 ms
[1564338600] CURRENT SERVICE STATE: localhost;Root Partition;OK;HARD;1;DISK OK - free space: / 43304 MB (84.62% inode=99%):
[1564338600] CURRENT SERVICE STATE: localhost;SSH;OK;HARD;1;SSH OK - OpenSSH_7.4 (protocol 2.0)
[1564338600] CURRENT SERVICE STATE: localhost;Swap Usage;OK;HARD;1;SWAP OK - 100% free (3958 MB out of 3967 MB)
[1564338600] CURRENT SERVICE STATE: localhost;Total Processes;OK;HARD;1;PROCS OK: 80 processes with STATE = RSZDT
[1564338600] CURRENT SERVICE STATE: vmware10gswitch;check-host-alive;OK;HARD;1;PING OK - Packet loss = 0%, RTA = 1.40 ms
[1564338600] CURRENT SERVICE STATE: vmwaremgmtswitch;check-host-alive;OK;HARD;1;PING OK - Packet loss = 0%, RTA = 0.79 ms
[1564340358] SERVICE ALERT: esxi03;PING;WARNING;SOFT;1;PING WARNING - Packet loss = 20%, RTA = 0.51 ms
[1564340422] SERVICE ALERT: esxi03;PING;OK;SOFT;2;PING OK - Packet loss = 0%, RTA = 0.73 ms
[1564340912] Auto-save of retention data completed successfully.
[1564344512] Auto-save of retention data completed successfully.
[1564346787] SERVICE ALERT: esxi03;PING;WARNING;SOFT;1;PING WARNING - Packet loss = 20%, RTA = 0.39 ms
[1564346851] SERVICE ALERT: esxi03;PING;OK;SOFT;2;PING OK - Packet loss = 0%, RTA = 0.60 ms
[1564348112] Auto-save of retention data completed successfully.
[1564349616] SERVICE ALERT: esxi03;PING;WARNING;SOFT;1;PING WARNING - Packet loss = 20%, RTA = 0.41 ms
[1564349680] SERVICE ALERT: esxi03;PING;OK;SOFT;2;PING OK - Packet loss = 0%, RTA = 0.48 ms
[1564350645] SERVICE ALERT: esxi03;PING;WARNING;SOFT;1;PING WARNING - Packet loss = 40%, RTA = 0.29 ms
[1564350710] SERVICE ALERT: esxi03;PING;WARNING;SOFT;2;PING WARNING - Packet loss = 20%, RTA = 0.34 ms
[1564350774] SERVICE ALERT: esxi03;PING;OK;SOFT;3;PING OK - Packet loss = 0%, RTA = 0.49 ms
[1564351712] Auto-save of retention data completed successfully.
[1564354139] SERVICE ALERT: esxi03;PING;WARNING;SOFT;1;PING WARNING - Packet loss = 20%, RTA = 0.51 ms
[1564354203] SERVICE ALERT: esxi03;PING;OK;SOFT;2;PING OK - Packet loss = 0%, RTA = 0.79 ms
[1564354568] SERVICE ALERT: esxi03;PING;WARNING;SOFT;1;PING WARNING - Packet loss = 20%, RTA = 0.71 ms
[1564354632] SERVICE ALERT: esxi03;PING;OK;SOFT;2;PING OK - Packet loss = 0%, RTA = 0.54 ms
[1564355312] Auto-save of retention data completed successfully.
[1564357997] SERVICE ALERT: esxi03;PING;WARNING;SOFT;1;PING WARNING - Packet loss = 20%, RTA = 0.50 ms
[1564358061] SERVICE ALERT: esxi03;PING;OK;SOFT;2;PING OK - Packet loss = 0%, RTA = 0.50 ms
[1564358126] SERVICE ALERT: esxi03;PING;WARNING;SOFT;1;PING WARNING - Packet loss = 40%, RTA = 0.51 ms
[1564358190] SERVICE ALERT: esxi03;PING;OK;SOFT;2;PING OK - Packet loss = 0%, RTA = 0.47 ms
[1564358912] Auto-save of retention data completed successfully.
[1564359455] SERVICE ALERT: esxi03;PING;WARNING;SOFT;1;PING WARNING - Packet loss = 20%, RTA = 0.55 ms
[1564359519] SERVICE ALERT: esxi03;PING;OK;SOFT;2;PING OK - Packet loss = 0%, RTA = 0.48 ms
[1564362512] Auto-save of retention data completed successfully.
[1564363784] SERVICE ALERT: esxi03;PING;WARNING;SOFT;1;PING WARNING - Packet loss = 20%, RTA = 0.56 ms
[1564363848] SERVICE ALERT: esxi03;PING;OK;SOFT;2;PING OK - Packet loss = 0%, RTA = 0.51 ms
[1564365413] SERVICE ALERT: esxi03;PING;WARNING;SOFT;1;PING WARNING - Packet loss = 20%, RTA = 0.44 ms
[1564365477] SERVICE ALERT: esxi03;PING;OK;SOFT;2;PING OK - Packet loss = 0%, RTA = 0.50 ms
[1564366112] Auto-save of retention data completed successfully.
[1564368842] SERVICE ALERT: esxi03;PING;WARNING;SOFT;1;PING WARNING - Packet loss = 20%, RTA = 0.38 ms
[1564368907] SERVICE ALERT: esxi03;PING;WARNING;SOFT;2;PING WARNING - Packet loss = 20%, RTA = 0.47 ms
[1564368971] SERVICE ALERT: esxi03;PING;OK;SOFT;3;PING OK - Packet loss = 0%, RTA = 0.37 ms
[1564369712] Auto-save of retention data completed successfully.
[1564373312] Auto-save of retention data completed successfully.
[1564373836] SERVICE ALERT: esxi03;PING;WARNING;SOFT;1;PING WARNING - Packet loss = 20%, RTA = 0.43 ms
[1564373900] SERVICE ALERT: esxi03;PING;OK;SOFT;2;PING OK - Packet loss = 0%, RTA = 0.51 ms
[1564376912] Auto-save of retention data completed successfully.
[1564380512] Auto-save of retention data completed successfully.
[1564384112] Auto-save of retention data completed successfully.
[1564387712] Auto-save of retention data completed successfully.
[1564390848] SERVICE ALERT: Director_Bldg;check-host-alive;CRITICAL;SOFT;1;CRITICAL - Plugin timed out
[1564390851] wproc: Core Worker 18631: job 30466 (pid=21912) timed out. Killing it
[1564390851] wproc: CHECK job 30466 from worker Core Worker 18631 timed out after 30.01s
[1564390851] wproc:   host=Director_Bldg; service=(null);
[1564390851] wproc:   early_timeout=1; exited_ok=0; wait_status=0; error_code=62;
[1564390851] Warning: Check of host 'Director_Bldg' timed out after 30.01 seconds
[1564390851] HOST ALERT: Director_Bldg;DOWN;SOFT;1;(Host check timed out after 30.01 seconds)
[1564390851] wproc: Core Worker 18631: job 30466 (pid=21912): Dormant child reaped
[1564390941] wproc: Core Worker 18630: job 30470 (pid=21954) timed out. Killing it
[1564390941] wproc: CHECK job 30470 from worker Core Worker 18630 timed out after 30.03s
[1564390941] wproc:   host=Director_Bldg; service=(null);
[1564390941] wproc:   early_timeout=1; exited_ok=0; wait_status=0; error_code=62;
[1564390941] Warning: Check of host 'Director_Bldg' timed out after 30.03 seconds
[1564390941] HOST ALERT: Director_Bldg;DOWN;SOFT;2;(Host check timed out after 30.03 seconds)
[1564390942] wproc: Core Worker 18630: job 30470 (pid=21954): Dormant child reaped
[1564390999] SERVICE ALERT: Director_Bldg;check-host-alive;CRITICAL;HARD;1;CRITICAL - Plugin timed out
[1564391031] wproc: Core Worker 18631: job 30471 (pid=21972) timed out. Killing it
[1564391031] wproc: CHECK job 30471 from worker Core Worker 18631 timed out after 30.02s
[1564391031] wproc:   host=Director_Bldg; service=(null);
[1564391031] wproc:   early_timeout=1; exited_ok=0; wait_status=0; error_code=62;
[1564391031] Warning: Check of host 'Director_Bldg' timed out after 30.02 seconds
[1564391031] HOST ALERT: Director_Bldg;DOWN;SOFT;3;(Host check timed out after 30.02 seconds)
[1564391032] wproc: Core Worker 18631: job 30471 (pid=21972): Dormant child reaped
[1564391121] wproc: Core Worker 18630: job 30474 (pid=22009) timed out. Killing it
[1564391121] wproc: CHECK job 30474 from worker Core Worker 18630 timed out after 30.01s
[1564391121] wproc:   host=Director_Bldg; service=(null);
[1564391121] wproc:   early_timeout=1; exited_ok=0; wait_status=0; error_code=62;
[1564391121] Warning: Check of host 'Director_Bldg' timed out after 30.01 seconds
[1564391121] HOST ALERT: Director_Bldg;DOWN;SOFT;4;(Host check timed out after 30.01 seconds)
[1564391122] wproc: Core Worker 18630: job 30474 (pid=22009): Dormant child reaped
[1564391211] wproc: Core Worker 18630: job 30478 (pid=22174) timed out. Killing it
[1564391211] wproc: CHECK job 30478 from worker Core Worker 18630 timed out after 30.01s
[1564391211] wproc:   host=Director_Bldg; service=(null);
[1564391211] wproc:   early_timeout=1; exited_ok=0; wait_status=0; error_code=62;
[1564391211] Warning: Check of host 'Director_Bldg' timed out after 30.01 seconds
[1564391211] HOST ALERT: Director_Bldg;DOWN;SOFT;5;(Host check timed out after 30.01 seconds)
[1564391212] wproc: Core Worker 18630: job 30478 (pid=22174): Dormant child reaped
[1564391301] wproc: Core Worker 18630: job 30480 (pid=22207) timed out. Killing it
[1564391301] wproc: CHECK job 30480 from worker Core Worker 18630 timed out after 30.03s
[1564391301] wproc:   host=Director_Bldg; service=(null);
[1564391301] wproc:   early_timeout=1; exited_ok=0; wait_status=0; error_code=62;
[1564391301] Warning: Check of host 'Director_Bldg' timed out after 30.03 seconds
[1564391301] HOST ALERT: Director_Bldg;DOWN;SOFT;6;(Host check timed out after 30.03 seconds)
[1564391302] wproc: Core Worker 18630: job 30480 (pid=22207): Dormant child reaped
[1564391312] Auto-save of retention data completed successfully.
[1564391391] wproc: Core Worker 18631: job 30481 (pid=22226) timed out. Killing it
[1564391391] wproc: CHECK job 30481 from worker Core Worker 18631 timed out after 30.02s
[1564391391] wproc:   host=Director_Bldg; service=(null);
[1564391391] wproc:   early_timeout=1; exited_ok=0; wait_status=0; error_code=62;
[1564391391] Warning: Check of host 'Director_Bldg' timed out after 30.02 seconds
[1564391391] HOST ALERT: Director_Bldg;DOWN;SOFT;7;(Host check timed out after 30.02 seconds)
[1564391392] wproc: Core Worker 18631: job 30481 (pid=22226): Dormant child reaped
[1564391481] wproc: Core Worker 18632: job 30487 (pid=22415) timed out. Killing it
[1564391481] wproc: CHECK job 30487 from worker Core Worker 18632 timed out after 30.01s
[1564391481] wproc:   host=Director_Bldg; service=(null);
[1564391481] wproc:   early_timeout=1; exited_ok=0; wait_status=0; error_code=62;
[1564391481] Warning: Check of host 'Director_Bldg' timed out after 30.01 seconds
[1564391481] HOST ALERT: Director_Bldg;DOWN;SOFT;8;(Host check timed out after 30.01 seconds)
[1564391482] wproc: Core Worker 18632: job 30487 (pid=22415): Dormant child reaped
[1564391571] wproc: Core Worker 18632: job 30490 (pid=22444) timed out. Killing it
[1564391571] wproc: CHECK job 30490 from worker Core Worker 18632 timed out after 30.03s
[1564391571] wproc:   host=Director_Bldg; service=(null);
[1564391571] wproc:   early_timeout=1; exited_ok=0; wait_status=0; error_code=62;
[1564391571] Warning: Check of host 'Director_Bldg' timed out after 30.03 seconds
[1564391571] HOST ALERT: Director_Bldg;DOWN;SOFT;9;(Host check timed out after 30.03 seconds)
[1564391572] wproc: Core Worker 18632: job 30490 (pid=22444): Dormant child reaped
[1564391635] HOST ALERT: Director_Bldg;UP;SOFT;1;PING OK - Packet loss = 0%, RTA = 0.53 ms
[1564392172] SERVICE ALERT: Director_Bldg;check-host-alive;OK;SOFT;1;PING OK - Packet loss = 0%, RTA = 0.54 ms
[1564394912] Auto-save of retention data completed successfully.
[1564398512] Auto-save of retention data completed successfully.
[1564402112] Auto-save of retention data completed successfully.
[1564405712] Auto-save of retention data completed successfully.
[1564407565] SERVICE ALERT: esxi03;PING;WARNING;SOFT;1;PING WARNING - Packet loss = 20%, RTA = 0.47 ms
[1564407629] SERVICE ALERT: esxi03;PING;OK;SOFT;2;PING OK - Packet loss = 0%, RTA = 0.45 ms
[1564409312] Auto-save of retention data completed successfully.
[1564412194] SERVICE ALERT: esxi03;PING;WARNING;SOFT;1;PING WARNING - Packet loss = 20%, RTA = 0.45 ms
[1564412259] SERVICE ALERT: esxi03;PING;WARNING;SOFT;2;PING WARNING - Packet loss = 20%, RTA = 0.65 ms
[1564412323] SERVICE ALERT: esxi03;PING;OK;SOFT;3;PING OK - Packet loss = 0%, RTA = 0.43 ms
[1564412912] Auto-save of retention data completed successfully.
[1564413588] SERVICE ALERT: esxi03;PING;WARNING;SOFT;1;PING WARNING - Packet loss = 20%, RTA = 0.48 ms
[1564413652] SERVICE ALERT: esxi03;PING;OK;SOFT;2;PING OK - Packet loss = 0%, RTA = 0.57 ms
[1564416512] Auto-save of retention data completed successfully.
[1564416717] SERVICE ALERT: esxi03;PING;WARNING;SOFT;1;PING WARNING - Packet loss = 20%, RTA = 0.48 ms
[1564416781] SERVICE ALERT: esxi03;PING;OK;SOFT;2;PING OK - Packet loss = 0%, RTA = 0.47 ms
[1564420112] Auto-save of retention data completed successfully.
[1564421946] SERVICE ALERT: esxi03;PING;CRITICAL;SOFT;1;PING CRITICAL - Packet loss = 60%, RTA = 0.60 ms
[1564422010] SERVICE ALERT: esxi03;PING;OK;SOFT;2;PING OK - Packet loss = 0%, RTA = 0.44 ms
[1564422075] SERVICE ALERT: esxi03;PING;WARNING;SOFT;1;PING WARNING - Packet loss = 20%, RTA = 0.43 ms
[1564422140] SERVICE ALERT: esxi03;PING;WARNING;SOFT;2;PING WARNING - Packet loss = 20%, RTA = 0.37 ms
[1564422204] SERVICE ALERT: esxi03;PING;OK;SOFT;3;PING OK - Packet loss = 0%, RTA = 0.38 ms
[1564422269] SERVICE ALERT: esxi03;PING;WARNING;SOFT;1;PING WARNING - Packet loss = 20%, RTA = 0.44 ms
[1564422333] SERVICE ALERT: esxi03;PING;OK;SOFT;2;PING OK - Packet loss = 0%, RTA = 0.43 ms
[1564423598] SERVICE ALERT: esxi03;PING;WARNING;SOFT;1;PING WARNING - Packet loss = 20%, RTA = 0.48 ms
[1564423662] SERVICE ALERT: esxi03;PING;OK;SOFT;2;PING OK - Packet loss = 0%, RTA = 0.37 ms
[1564423712] Auto-save of retention data completed successfully.
[1564424627] SERVICE ALERT: esxi03;PING;WARNING;SOFT;1;PING WARNING - Packet loss = 20%, RTA = 0.46 ms
[1564424691] SERVICE ALERT: esxi03;PING;OK;SOFT;2;PING OK - Packet loss = 0%, RTA = 0.44 ms
