[1578940200] LOG ROTATION: DAILY
[1578940200] LOG VERSION: 2.0
[1578940200] CURRENT HOST STATE: AP_Main_Bldg;UP;HARD;1;PING OK - Packet loss = 0%, RTA = 0.82 ms
[1578940200] CURRENT HOST STATE: Director_Bldg;UP;HARD;1;PING OK - Packet loss = 0%, RTA = 0.66 ms
[1578940200] CURRENT HOST STATE: Director_Resident;UP;HARD;1;PING OK - Packet loss = 0%, RTA = 3.51 ms
[1578940200] CURRENT HOST STATE: esxi01;UP;HARD;1;PING OK - Packet loss = 0%, RTA = 0.70 ms
[1578940200] CURRENT HOST STATE: esxi02;UP;HARD;1;PING OK - Packet loss = 0%, RTA = 0.51 ms
[1578940200] CURRENT HOST STATE: esxi03;UP;HARD;1;PING OK - Packet loss = 0%, RTA = 0.46 ms
[1578940200] CURRENT HOST STATE: esxi04;UP;HARD;1;PING OK - Packet loss = 0%, RTA = 0.70 ms
[1578940200] CURRENT HOST STATE: esxi05;UP;HARD;1;PING OK - Packet loss = 0%, RTA = 0.47 ms
[1578940200] CURRENT HOST STATE: esxi06;UP;HARD;1;PING OK - Packet loss = 0%, RTA = 2.58 ms
[1578940200] CURRENT HOST STATE: esxi07;UP;HARD;1;PING OK - Packet loss = 0%, RTA = 0.75 ms
[1578940200] CURRENT HOST STATE: esxi08;UP;HARD;1;PING OK - Packet loss = 0%, RTA = 0.55 ms
[1578940200] CURRENT HOST STATE: esxi09;UP;HARD;1;PING OK - Packet loss = 0%, RTA = 0.52 ms
[1578940200] CURRENT HOST STATE: localhost;UP;HARD;1;PING OK - Packet loss = 0%, RTA = 0.04 ms
[1578940200] CURRENT HOST STATE: vmware10gswitch;UP;HARD;1;PING OK - Packet loss = 0%, RTA = 1.36 ms
[1578940200] CURRENT HOST STATE: vmwaremgmtswitch;UP;HARD;1;PING OK - Packet loss = 0%, RTA = 0.86 ms
[1578940200] CURRENT SERVICE STATE: AP_Main_Bldg;check-host-alive;OK;HARD;1;PING OK - Packet loss = 0%, RTA = 0.76 ms
[1578940200] CURRENT SERVICE STATE: Director_Bldg;check-host-alive;OK;HARD;1;PING OK - Packet loss = 0%, RTA = 0.64 ms
[1578940200] CURRENT SERVICE STATE: Director_Resident;check-host-alive;OK;HARD;1;PING OK - Packet loss = 0%, RTA = 0.69 ms
[1578940200] CURRENT SERVICE STATE: esxi01;ESXi Hardware Check;OK;HARD;1;OK - Server: Cisco Systems Inc UCSC-C220-M4S s/n: FCH22157EQH Chassis S/N: FCH2216V0WN  System BIOS: C220M4.3.0.4a.0.0226182253 2018-02-26
[1578940200] CURRENT SERVICE STATE: esxi01;PING;OK;HARD;1;PING OK - Packet loss = 0%, RTA = 0.48 ms
[1578940200] CURRENT SERVICE STATE: esxi02;ESXi Hardware Check;OK;HARD;1;OK - Server: Cisco Systems Inc UCSC-C220-M4S s/n: FCH22157E1D Chassis S/N: FCH2216V0Y6  System BIOS: C220M4.3.0.4a.0.0226182253 2018-02-26
[1578940200] CURRENT SERVICE STATE: esxi02;PING;OK;HARD;1;PING OK - Packet loss = 0%, RTA = 0.56 ms
[1578940200] CURRENT SERVICE STATE: esxi03;ESXi Hardware Check;OK;HARD;1;OK - Server: Cisco Systems Inc UCSC-C220-M4S s/n: FCH22157ESB Chassis S/N: FCH2216V0TW  System BIOS: C220M4.3.0.4a.0.0226182253 2018-02-26
[1578940200] CURRENT SERVICE STATE: esxi03;PING;OK;HARD;1;PING OK - Packet loss = 0%, RTA = 0.42 ms
[1578940200] CURRENT SERVICE STATE: esxi04;ESXi Hardware Check;OK;HARD;1;OK - Server: Cisco Systems Inc UCSC-C220-M4S s/n: FCH22137QKB Chassis S/N: FCH2216V0YZ  System BIOS: C220M4.3.0.4a.0.0226182253 2018-02-26
[1578940200] CURRENT SERVICE STATE: esxi04;PING;OK;HARD;1;PING OK - Packet loss = 0%, RTA = 0.46 ms
[1578940200] CURRENT SERVICE STATE: esxi05;ESXi Hardware Check;OK;HARD;1;OK - Server: Cisco Systems Inc UCSC-C220-M4S s/n: FCH22157EPD Chassis S/N: FCH2216V0Z0  System BIOS: C220M4.3.0.4a.0.0226182253 2018-02-26
[1578940200] CURRENT SERVICE STATE: esxi05;PING;OK;HARD;1;PING OK - Packet loss = 0%, RTA = 0.58 ms
[1578940200] CURRENT SERVICE STATE: esxi06;ESXi Haradware Check;OK;HARD;1;OK - Server: Cisco Systems Inc UCSC-C220-M4S s/n: FCH22157ERW Chassis S/N: FCH2216V0X8  System BIOS: C220M4.3.0.4a.0.0226182253 2018-02-26
[1578940200] CURRENT SERVICE STATE: esxi06;PING;OK;HARD;1;PING OK - Packet loss = 0%, RTA = 0.60 ms
[1578940200] CURRENT SERVICE STATE: esxi07;ESXi Hardware Check;OK;HARD;1;OK - Server: Cisco Systems Inc UCSC-C220-M4S s/n: FCH22157EV7 Chassis S/N: FCH2216V0Y8  System BIOS: C220M4.3.0.4a.0.0226182253 2018-02-26
[1578940200] CURRENT SERVICE STATE: esxi07;PING;OK;HARD;1;PING OK - Packet loss = 0%, RTA = 0.55 ms
[1578940200] CURRENT SERVICE STATE: esxi08;ESXi Hardware Check;OK;HARD;1;OK - Server: Cisco Systems Inc UCSC-C220-M4S s/n: FCH22137QJN Chassis S/N: FCH2216V0YV  System BIOS: C220M4.3.0.4a.0.0226182253 2018-02-26
[1578940200] CURRENT SERVICE STATE: esxi08;PING;OK;HARD;1;PING OK - Packet loss = 0%, RTA = 0.44 ms
[1578940200] CURRENT SERVICE STATE: esxi09;ESXi Hardware Check;OK;HARD;1;OK - Server: Cisco Systems Inc UCSC-C220-M4S s/n: FCH22157ERY Chassis S/N: FCH2216V0YN  System BIOS: C220M4.3.0.4a.0.0226182253 2018-02-26
[1578940200] CURRENT SERVICE STATE: esxi09;PING;OK;HARD;1;PING OK - Packet loss = 0%, RTA = 0.51 ms
[1578940200] CURRENT SERVICE STATE: localhost;Current Load;OK;HARD;1;OK - load average: 0.01, 0.02, 0.05
[1578940200] CURRENT SERVICE STATE: localhost;Current Users;OK;HARD;1;USERS OK - 0 users currently logged in
[1578940200] CURRENT SERVICE STATE: localhost;PING;OK;HARD;1;PING OK - Packet loss = 0%, RTA = 0.04 ms
[1578940200] CURRENT SERVICE STATE: localhost;Root Partition;OK;HARD;1;DISK OK - free space: / 42839 MB (83.71% inode=99%):
[1578940200] CURRENT SERVICE STATE: localhost;SSH;OK;HARD;1;SSH OK - OpenSSH_7.4 (protocol 2.0)
[1578940200] CURRENT SERVICE STATE: localhost;Swap Usage;OK;HARD;1;SWAP OK - 100% free (3967 MB out of 3967 MB)
[1578940200] CURRENT SERVICE STATE: localhost;Total Processes;OK;HARD;1;PROCS OK: 87 processes with STATE = RSZDT
[1578940200] CURRENT SERVICE STATE: vmware10gswitch;check-host-alive;OK;HARD;1;PING OK - Packet loss = 0%, RTA = 1.21 ms
[1578940200] CURRENT SERVICE STATE: vmwaremgmtswitch;check-host-alive;OK;HARD;1;PING OK - Packet loss = 0%, RTA = 1.09 ms
[1578942485] Auto-save of retention data completed successfully.
[1578946085] Auto-save of retention data completed successfully.
[1578949685] Auto-save of retention data completed successfully.
[1578953285] Auto-save of retention data completed successfully.
[1578956885] Auto-save of retention data completed successfully.
[1578960485] Auto-save of retention data completed successfully.
[1578964085] Auto-save of retention data completed successfully.
[1578967685] Auto-save of retention data completed successfully.
[1578971285] Auto-save of retention data completed successfully.
[1578974885] Auto-save of retention data completed successfully.
[1578978485] Auto-save of retention data completed successfully.
[1578981288] wproc: Core Worker 22689: job 98654 (pid=25895) timed out. Killing it
[1578981288] wproc: CHECK job 98654 from worker Core Worker 22689 timed out after 30.03s
[1578981288] wproc:   host=Director_Bldg; service=(null);
[1578981288] wproc:   early_timeout=1; exited_ok=0; wait_status=0; error_code=62;
[1578981288] Warning: Check of host 'Director_Bldg' timed out after 30.03 seconds
[1578981288] HOST ALERT: Director_Bldg;DOWN;SOFT;1;(Host check timed out after 30.03 seconds)
[1578981288] wproc: Core Worker 22689: job 98654 (pid=25895): Dormant child reaped
[1578981291] SERVICE ALERT: Director_Bldg;check-host-alive;CRITICAL;HARD;1;CRITICAL - Plugin timed out
[1578981378] wproc: Core Worker 22691: job 98656 (pid=26068) timed out. Killing it
[1578981378] wproc: CHECK job 98656 from worker Core Worker 22691 timed out after 30.03s
[1578981378] wproc:   host=Director_Bldg; service=(null);
[1578981378] wproc:   early_timeout=1; exited_ok=0; wait_status=0; error_code=62;
[1578981378] Warning: Check of host 'Director_Bldg' timed out after 30.03 seconds
[1578981378] HOST ALERT: Director_Bldg;DOWN;SOFT;2;(Host check timed out after 30.03 seconds)
[1578981378] wproc: Core Worker 22691: job 98656 (pid=26068): Dormant child reaped
[1578981468] wproc: Core Worker 22691: job 98657 (pid=26085) timed out. Killing it
[1578981468] wproc: CHECK job 98657 from worker Core Worker 22691 timed out after 30.01s
[1578981468] wproc:   host=Director_Bldg; service=(null);
[1578981468] wproc:   early_timeout=1; exited_ok=0; wait_status=0; error_code=62;
[1578981468] Warning: Check of host 'Director_Bldg' timed out after 30.01 seconds
[1578981468] HOST ALERT: Director_Bldg;DOWN;SOFT;3;(Host check timed out after 30.01 seconds)
[1578981468] wproc: Core Worker 22691: job 98657 (pid=26085): Dormant child reaped
[1578981558] wproc: Core Worker 22689: job 98663 (pid=26144) timed out. Killing it
[1578981558] wproc: CHECK job 98663 from worker Core Worker 22689 timed out after 30.01s
[1578981558] wproc:   host=Director_Bldg; service=(null);
[1578981558] wproc:   early_timeout=1; exited_ok=0; wait_status=0; error_code=62;
[1578981558] Warning: Check of host 'Director_Bldg' timed out after 30.01 seconds
[1578981558] HOST ALERT: Director_Bldg;DOWN;SOFT;4;(Host check timed out after 30.01 seconds)
[1578981558] wproc: Core Worker 22689: job 98663 (pid=26144): Dormant child reaped
[1578981648] wproc: Core Worker 22692: job 98665 (pid=26314) timed out. Killing it
[1578981648] wproc: CHECK job 98665 from worker Core Worker 22692 timed out after 30.01s
[1578981648] wproc:   host=Director_Bldg; service=(null);
[1578981648] wproc:   early_timeout=1; exited_ok=0; wait_status=0; error_code=62;
[1578981648] Warning: Check of host 'Director_Bldg' timed out after 30.01 seconds
[1578981648] HOST ALERT: Director_Bldg;DOWN;SOFT;5;(Host check timed out after 30.01 seconds)
[1578981648] wproc: Core Worker 22692: job 98665 (pid=26314): Dormant child reaped
[1578981738] wproc: Core Worker 22691: job 98668 (pid=26350) timed out. Killing it
[1578981738] wproc: CHECK job 98668 from worker Core Worker 22691 timed out after 30.00s
[1578981738] wproc:   host=Director_Bldg; service=(null);
[1578981738] wproc:   early_timeout=1; exited_ok=0; wait_status=0; error_code=62;
[1578981738] Warning: Check of host 'Director_Bldg' timed out after 30.00 seconds
[1578981738] HOST ALERT: Director_Bldg;DOWN;SOFT;6;(Host check timed out after 30.00 seconds)
[1578981738] wproc: Core Worker 22691: job 98668 (pid=26350): Dormant child reaped
[1578981828] wproc: Core Worker 22691: job 98672 (pid=26388) timed out. Killing it
[1578981828] wproc: CHECK job 98672 from worker Core Worker 22691 timed out after 30.01s
[1578981828] wproc:   host=Director_Bldg; service=(null);
[1578981828] wproc:   early_timeout=1; exited_ok=0; wait_status=0; error_code=62;
[1578981828] Warning: Check of host 'Director_Bldg' timed out after 30.01 seconds
[1578981828] HOST ALERT: Director_Bldg;DOWN;SOFT;7;(Host check timed out after 30.01 seconds)
[1578981828] wproc: Core Worker 22691: job 98672 (pid=26388): Dormant child reaped
[1578981918] wproc: Core Worker 22689: job 98675 (pid=26424) timed out. Killing it
[1578981918] wproc: CHECK job 98675 from worker Core Worker 22689 timed out after 30.01s
[1578981918] wproc:   host=Director_Bldg; service=(null);
[1578981918] wproc:   early_timeout=1; exited_ok=0; wait_status=0; error_code=62;
[1578981918] Warning: Check of host 'Director_Bldg' timed out after 30.01 seconds
[1578981918] HOST ALERT: Director_Bldg;DOWN;SOFT;8;(Host check timed out after 30.01 seconds)
[1578981918] wproc: Core Worker 22689: job 98675 (pid=26424): Dormant child reaped
[1578982008] wproc: Core Worker 22689: job 98677 (pid=26584) timed out. Killing it
[1578982008] wproc: CHECK job 98677 from worker Core Worker 22689 timed out after 30.03s
[1578982008] wproc:   host=Director_Bldg; service=(null);
[1578982008] wproc:   early_timeout=1; exited_ok=0; wait_status=0; error_code=62;
[1578982008] Warning: Check of host 'Director_Bldg' timed out after 30.03 seconds
[1578982008] HOST ALERT: Director_Bldg;DOWN;SOFT;9;(Host check timed out after 30.03 seconds)
[1578982009] wproc: Core Worker 22689: job 98677 (pid=26584): Dormant child reaped
[1578982085] Auto-save of retention data completed successfully.
[1578982098] wproc: Core Worker 22691: job 98681 (pid=26635) timed out. Killing it
[1578982098] wproc: CHECK job 98681 from worker Core Worker 22691 timed out after 30.03s
[1578982098] wproc:   host=Director_Bldg; service=(null);
[1578982098] wproc:   early_timeout=1; exited_ok=0; wait_status=0; error_code=62;
[1578982098] Warning: Check of host 'Director_Bldg' timed out after 30.03 seconds
[1578982098] HOST NOTIFICATION: nagiosadmin;Director_Bldg;DOWN;notify-host-by-email;(Host check timed out after 30.03 seconds)
[1578982098] HOST ALERT: Director_Bldg;DOWN;HARD;10;(Host check timed out after 30.03 seconds)
[1578982099] wproc: Core Worker 22691: job 98681 (pid=26635): Dormant child reaped
[1578982402] HOST NOTIFICATION: nagiosadmin;Director_Bldg;UP;notify-host-by-email;PING OK - Packet loss = 0%, RTA = 0.62 ms
[1578982402] HOST ALERT: Director_Bldg;UP;HARD;1;PING OK - Packet loss = 0%, RTA = 0.62 ms
[1578982464] SERVICE ALERT: Director_Bldg;check-host-alive;OK;SOFT;1;PING OK - Packet loss = 0%, RTA = 0.63 ms
[1578985685] Auto-save of retention data completed successfully.
[1578987828] wproc: Core Worker 22691: job 98863 (pid=31486) timed out. Killing it
[1578987828] wproc: CHECK job 98863 from worker Core Worker 22691 timed out after 30.01s
[1578987828] wproc:   host=Director_Bldg; service=(null);
[1578987828] wproc:   early_timeout=1; exited_ok=0; wait_status=0; error_code=62;
[1578987828] Warning: Check of host 'Director_Bldg' timed out after 30.01 seconds
[1578987828] HOST ALERT: Director_Bldg;DOWN;SOFT;1;(Host check timed out after 30.01 seconds)
[1578987829] wproc: Core Worker 22691: job 98863 (pid=31486): Dormant child reaped
[1578987891] SERVICE ALERT: Director_Bldg;check-host-alive;CRITICAL;HARD;1;CRITICAL - Plugin timed out
[1578987917] wproc: Core Worker 22692: job 98865 (pid=31513) timed out. Killing it
[1578987917] wproc: CHECK job 98865 from worker Core Worker 22692 timed out after 30.01s
[1578987917] wproc:   host=Director_Resident; service=(null);
[1578987917] wproc:   early_timeout=1; exited_ok=0; wait_status=0; error_code=62;
[1578987917] Warning: Check of host 'Director_Resident' timed out after 30.01 seconds
[1578987917] HOST ALERT: Director_Resident;DOWN;SOFT;1;(Host check timed out after 30.01 seconds)
[1578987917] wproc: Core Worker 22692: job 98865 (pid=31513): Dormant child reaped
[1578987918] wproc: Core Worker 22689: job 98866 (pid=31523) timed out. Killing it
[1578987918] wproc: CHECK job 98866 from worker Core Worker 22689 timed out after 30.01s
[1578987918] wproc:   host=Director_Bldg; service=(null);
[1578987918] wproc:   early_timeout=1; exited_ok=0; wait_status=0; error_code=62;
[1578987918] Warning: Check of host 'Director_Bldg' timed out after 30.01 seconds
[1578987918] HOST ALERT: Director_Bldg;DOWN;SOFT;2;(Host check timed out after 30.01 seconds)
[1578987919] wproc: Core Worker 22689: job 98866 (pid=31523): Dormant child reaped
[1578988007] wproc: Core Worker 22689: job 98868 (pid=31685) timed out. Killing it
[1578988007] wproc: CHECK job 98868 from worker Core Worker 22689 timed out after 30.03s
[1578988007] wproc:   host=Director_Resident; service=(null);
[1578988007] wproc:   early_timeout=1; exited_ok=0; wait_status=0; error_code=62;
[1578988007] Warning: Check of host 'Director_Resident' timed out after 30.03 seconds
[1578988007] HOST ALERT: Director_Resident;DOWN;SOFT;2;(Host check timed out after 30.03 seconds)
[1578988007] wproc: Core Worker 22689: job 98868 (pid=31685): Dormant child reaped
[1578988008] wproc: Core Worker 22690: job 98868 (pid=31687) timed out. Killing it
[1578988008] wproc: CHECK job 98868 from worker Core Worker 22690 timed out after 30.00s
[1578988008] wproc:   host=Director_Bldg; service=(null);
[1578988008] wproc:   early_timeout=1; exited_ok=0; wait_status=0; error_code=62;
[1578988008] Warning: Check of host 'Director_Bldg' timed out after 30.00 seconds
[1578988008] HOST ALERT: Director_Bldg;DOWN;SOFT;3;(Host check timed out after 30.00 seconds)
[1578988009] wproc: Core Worker 22690: job 98868 (pid=31687): Dormant child reaped
[1578988072] HOST ALERT: Director_Resident;UP;SOFT;1;PING OK - Packet loss = 20%, RTA = 1.00 ms
[1578988072] HOST ALERT: Director_Bldg;UP;SOFT;1;PING OK - Packet loss = 0%, RTA = 0.60 ms
[1578988464] SERVICE FLAPPING ALERT: Director_Bldg;check-host-alive;STARTED; Service appears to have started flapping (22.0% change >= 20.0% threshold)
[1578988464] SERVICE ALERT: Director_Bldg;check-host-alive;OK;SOFT;1;PING OK - Packet loss = 0%, RTA = 0.60 ms
[1578988998] wproc: Core Worker 22690: job 98902 (pid=32502) timed out. Killing it
[1578988998] wproc: CHECK job 98902 from worker Core Worker 22690 timed out after 30.01s
[1578988998] wproc:   host=Director_Bldg; service=(null);
[1578988998] wproc:   early_timeout=1; exited_ok=0; wait_status=0; error_code=62;
[1578988998] Warning: Check of host 'Director_Bldg' timed out after 30.01 seconds
[1578988998] HOST ALERT: Director_Bldg;DOWN;SOFT;1;(Host check timed out after 30.01 seconds)
[1578988999] wproc: Core Worker 22690: job 98902 (pid=32502): Dormant child reaped
[1578989088] wproc: Core Worker 22690: job 98904 (pid=32526) timed out. Killing it
[1578989088] wproc: CHECK job 98904 from worker Core Worker 22690 timed out after 30.01s
[1578989088] wproc:   host=Director_Bldg; service=(null);
[1578989088] wproc:   early_timeout=1; exited_ok=0; wait_status=0; error_code=62;
[1578989088] Warning: Check of host 'Director_Bldg' timed out after 30.01 seconds
[1578989088] HOST ALERT: Director_Bldg;DOWN;SOFT;2;(Host check timed out after 30.01 seconds)
[1578989089] wproc: Core Worker 22690: job 98904 (pid=32526): Dormant child reaped
[1578989091] SERVICE ALERT: Director_Bldg;check-host-alive;CRITICAL;HARD;1;CRITICAL - Plugin timed out
[1578989179] wproc: Core Worker 22691: job 98906 (pid=32697) timed out. Killing it
[1578989179] wproc: CHECK job 98906 from worker Core Worker 22691 timed out after 30.03s
[1578989179] wproc:   host=Director_Bldg; service=(null);
[1578989179] wproc:   early_timeout=1; exited_ok=0; wait_status=0; error_code=62;
[1578989179] Warning: Check of host 'Director_Bldg' timed out after 30.03 seconds
[1578989179] HOST ALERT: Director_Bldg;DOWN;SOFT;3;(Host check timed out after 30.03 seconds)
[1578989179] wproc: Core Worker 22691: job 98906 (pid=32697): Dormant child reaped
[1578989269] wproc: Core Worker 22691: job 98907 (pid=32714) timed out. Killing it
[1578989269] wproc: CHECK job 98907 from worker Core Worker 22691 timed out after 30.01s
[1578989269] wproc:   host=Director_Bldg; service=(null);
[1578989269] wproc:   early_timeout=1; exited_ok=0; wait_status=0; error_code=62;
[1578989269] Warning: Check of host 'Director_Bldg' timed out after 30.01 seconds
[1578989269] HOST ALERT: Director_Bldg;DOWN;SOFT;4;(Host check timed out after 30.01 seconds)
[1578989269] wproc: Core Worker 22691: job 98907 (pid=32714): Dormant child reaped
[1578989285] Auto-save of retention data completed successfully.
[1578989359] wproc: Core Worker 22690: job 98913 (pid=307) timed out. Killing it
[1578989359] wproc: CHECK job 98913 from worker Core Worker 22690 timed out after 30.01s
[1578989359] wproc:   host=Director_Bldg; service=(null);
[1578989359] wproc:   early_timeout=1; exited_ok=0; wait_status=0; error_code=62;
[1578989359] Warning: Check of host 'Director_Bldg' timed out after 30.01 seconds
[1578989359] HOST ALERT: Director_Bldg;DOWN;SOFT;5;(Host check timed out after 30.01 seconds)
[1578989359] wproc: Core Worker 22690: job 98913 (pid=307): Dormant child reaped
[1578989449] wproc: Core Worker 22692: job 98915 (pid=548) timed out. Killing it
[1578989449] wproc: CHECK job 98915 from worker Core Worker 22692 timed out after 30.01s
[1578989449] wproc:   host=Director_Bldg; service=(null);
[1578989449] wproc:   early_timeout=1; exited_ok=0; wait_status=0; error_code=62;
[1578989449] Warning: Check of host 'Director_Bldg' timed out after 30.01 seconds
[1578989449] HOST ALERT: Director_Bldg;DOWN;SOFT;6;(Host check timed out after 30.01 seconds)
[1578989449] wproc: Core Worker 22692: job 98915 (pid=548): Dormant child reaped
[1578989539] wproc: Core Worker 22691: job 98918 (pid=596) timed out. Killing it
[1578989539] wproc: CHECK job 98918 from worker Core Worker 22691 timed out after 30.03s
[1578989539] wproc:   host=Director_Bldg; service=(null);
[1578989539] wproc:   early_timeout=1; exited_ok=0; wait_status=0; error_code=62;
[1578989539] Warning: Check of host 'Director_Bldg' timed out after 30.03 seconds
[1578989539] HOST ALERT: Director_Bldg;DOWN;SOFT;7;(Host check timed out after 30.03 seconds)
[1578989539] wproc: Core Worker 22691: job 98918 (pid=596): Dormant child reaped
[1578989629] wproc: Core Worker 22692: job 98922 (pid=635) timed out. Killing it
[1578989629] wproc: CHECK job 98922 from worker Core Worker 22692 timed out after 30.01s
[1578989629] wproc:   host=Director_Bldg; service=(null);
[1578989629] wproc:   early_timeout=1; exited_ok=0; wait_status=0; error_code=62;
[1578989629] Warning: Check of host 'Director_Bldg' timed out after 30.01 seconds
[1578989629] HOST ALERT: Director_Bldg;DOWN;SOFT;8;(Host check timed out after 30.01 seconds)
[1578989629] wproc: Core Worker 22692: job 98922 (pid=635): Dormant child reaped
[1578989719] wproc: Core Worker 22689: job 98925 (pid=670) timed out. Killing it
[1578989719] wproc: CHECK job 98925 from worker Core Worker 22689 timed out after 30.03s
[1578989719] wproc:   host=Director_Bldg; service=(null);
[1578989719] wproc:   early_timeout=1; exited_ok=0; wait_status=0; error_code=62;
[1578989719] Warning: Check of host 'Director_Bldg' timed out after 30.03 seconds
[1578989719] HOST ALERT: Director_Bldg;DOWN;SOFT;9;(Host check timed out after 30.03 seconds)
[1578989719] wproc: Core Worker 22689: job 98925 (pid=670): Dormant child reaped
[1578989809] wproc: Core Worker 22689: job 98927 (pid=845) timed out. Killing it
[1578989809] wproc: CHECK job 98927 from worker Core Worker 22689 timed out after 30.03s
[1578989809] wproc:   host=Director_Bldg; service=(null);
[1578989809] wproc:   early_timeout=1; exited_ok=0; wait_status=0; error_code=62;
[1578989809] Warning: Check of host 'Director_Bldg' timed out after 30.03 seconds
[1578989809] HOST NOTIFICATION: nagiosadmin;Director_Bldg;DOWN;notify-host-by-email;(Host check timed out after 30.03 seconds)
[1578989809] HOST ALERT: Director_Bldg;DOWN;HARD;10;(Host check timed out after 30.03 seconds)
[1578989809] wproc: Core Worker 22689: job 98927 (pid=845): Dormant child reaped
[1578990139] wproc: Core Worker 22690: job 98938 (pid=1190) timed out. Killing it
[1578990139] wproc: CHECK job 98938 from worker Core Worker 22690 timed out after 30.03s
[1578990139] wproc:   host=Director_Bldg; service=(null);
[1578990139] wproc:   early_timeout=1; exited_ok=0; wait_status=0; error_code=62;
[1578990139] Warning: Check of host 'Director_Bldg' timed out after 30.03 seconds
[1578990139] wproc: Core Worker 22690: job 98938 (pid=1190): Dormant child reaped
[1578990439] wproc: Core Worker 22691: job 98946 (pid=1444) timed out. Killing it
[1578990439] wproc: CHECK job 98946 from worker Core Worker 22691 timed out after 30.02s
[1578990439] wproc:   host=Director_Bldg; service=(null);
[1578990439] wproc:   early_timeout=1; exited_ok=0; wait_status=0; error_code=62;
[1578990439] Warning: Check of host 'Director_Bldg' timed out after 30.02 seconds
[1578990439] wproc: Core Worker 22691: job 98946 (pid=1444): Dormant child reaped
[1578990497] wproc: Core Worker 22692: job 98950 (pid=1478) timed out. Killing it
[1578990497] wproc: CHECK job 98950 from worker Core Worker 22692 timed out after 30.00s
[1578990497] wproc:   host=Director_Resident; service=(null);
[1578990497] wproc:   early_timeout=1; exited_ok=0; wait_status=0; error_code=62;
[1578990497] Warning: Check of host 'Director_Resident' timed out after 30.00 seconds
[1578990497] HOST ALERT: Director_Resident;DOWN;SOFT;1;(Host check timed out after 30.00 seconds)
[1578990497] wproc: Core Worker 22692: job 98950 (pid=1478): Dormant child reaped
[1578990500] SERVICE ALERT: Director_Resident;check-host-alive;CRITICAL;HARD;1;CRITICAL - Plugin timed out
[1578990587] wproc: Core Worker 22689: job 98953 (pid=1512) timed out. Killing it
[1578990587] wproc: CHECK job 98953 from worker Core Worker 22689 timed out after 30.01s
[1578990587] wproc:   host=Director_Resident; service=(null);
[1578990587] wproc:   early_timeout=1; exited_ok=0; wait_status=0; error_code=62;
[1578990587] Warning: Check of host 'Director_Resident' timed out after 30.01 seconds
[1578990587] HOST ALERT: Director_Resident;DOWN;SOFT;2;(Host check timed out after 30.01 seconds)
[1578990587] wproc: Core Worker 22689: job 98953 (pid=1512): Dormant child reaped
[1578990677] wproc: Core Worker 22690: job 98956 (pid=1685) timed out. Killing it
[1578990677] wproc: CHECK job 98956 from worker Core Worker 22690 timed out after 30.01s
[1578990677] wproc:   host=Director_Resident; service=(null);
[1578990677] wproc:   early_timeout=1; exited_ok=0; wait_status=0; error_code=62;
[1578990677] Warning: Check of host 'Director_Resident' timed out after 30.01 seconds
[1578990677] HOST ALERT: Director_Resident;DOWN;SOFT;3;(Host check timed out after 30.01 seconds)
[1578990677] wproc: Core Worker 22690: job 98956 (pid=1685): Dormant child reaped
[1578990739] wproc: Core Worker 22692: job 98957 (pid=1737) timed out. Killing it
[1578990739] wproc: CHECK job 98957 from worker Core Worker 22692 timed out after 30.03s
[1578990739] wproc:   host=Director_Bldg; service=(null);
[1578990739] wproc:   early_timeout=1; exited_ok=0; wait_status=0; error_code=62;
[1578990739] Warning: Check of host 'Director_Bldg' timed out after 30.03 seconds
[1578990739] wproc: Core Worker 22692: job 98957 (pid=1737): Dormant child reaped
[1578990767] wproc: Core Worker 22690: job 98958 (pid=1742) timed out. Killing it
[1578990767] wproc: CHECK job 98958 from worker Core Worker 22690 timed out after 30.01s
[1578990767] wproc:   host=Director_Resident; service=(null);
[1578990767] wproc:   early_timeout=1; exited_ok=0; wait_status=0; error_code=62;
[1578990767] Warning: Check of host 'Director_Resident' timed out after 30.01 seconds
[1578990767] HOST ALERT: Director_Resident;DOWN;SOFT;4;(Host check timed out after 30.01 seconds)
[1578990767] wproc: Core Worker 22690: job 98958 (pid=1742): Dormant child reaped
[1578990857] wproc: Core Worker 22689: job 98963 (pid=1789) timed out. Killing it
[1578990857] wproc: CHECK job 98963 from worker Core Worker 22689 timed out after 30.03s
[1578990857] wproc:   host=Director_Resident; service=(null);
[1578990857] wproc:   early_timeout=1; exited_ok=0; wait_status=0; error_code=62;
[1578990857] Warning: Check of host 'Director_Resident' timed out after 30.03 seconds
[1578990857] HOST ALERT: Director_Resident;DOWN;SOFT;5;(Host check timed out after 30.03 seconds)
[1578990857] wproc: Core Worker 22689: job 98963 (pid=1789): Dormant child reaped
[1578990947] wproc: Core Worker 22690: job 98964 (pid=1958) timed out. Killing it
[1578990947] wproc: CHECK job 98964 from worker Core Worker 22690 timed out after 30.01s
[1578990947] wproc:   host=Director_Resident; service=(null);
[1578990947] wproc:   early_timeout=1; exited_ok=0; wait_status=0; error_code=62;
[1578990947] Warning: Check of host 'Director_Resident' timed out after 30.01 seconds
[1578990947] HOST ALERT: Director_Resident;DOWN;SOFT;6;(Host check timed out after 30.01 seconds)
[1578990947] wproc: Core Worker 22690: job 98964 (pid=1958): Dormant child reaped
[1578991037] wproc: Core Worker 22691: job 98966 (pid=1987) timed out. Killing it
[1578991037] wproc: CHECK job 98966 from worker Core Worker 22691 timed out after 30.00s
[1578991037] wproc:   host=Director_Resident; service=(null);
[1578991037] wproc:   early_timeout=1; exited_ok=0; wait_status=0; error_code=62;
[1578991037] Warning: Check of host 'Director_Resident' timed out after 30.00 seconds
[1578991037] HOST ALERT: Director_Resident;DOWN;SOFT;7;(Host check timed out after 30.00 seconds)
[1578991037] wproc: Core Worker 22691: job 98966 (pid=1987): Dormant child reaped
[1578991039] wproc: Core Worker 22692: job 98966 (pid=1997) timed out. Killing it
[1578991039] wproc: CHECK job 98966 from worker Core Worker 22692 timed out after 30.01s
[1578991039] wproc:   host=Director_Bldg; service=(null);
[1578991039] wproc:   early_timeout=1; exited_ok=0; wait_status=0; error_code=62;
[1578991039] Warning: Check of host 'Director_Bldg' timed out after 30.01 seconds
[1578991039] wproc: Core Worker 22692: job 98966 (pid=1997): Dormant child reaped
[1578991127] wproc: Core Worker 22691: job 98971 (pid=2042) timed out. Killing it
[1578991127] wproc: CHECK job 98971 from worker Core Worker 22691 timed out after 30.01s
[1578991127] wproc:   host=Director_Resident; service=(null);
[1578991127] wproc:   early_timeout=1; exited_ok=0; wait_status=0; error_code=62;
[1578991127] Warning: Check of host 'Director_Resident' timed out after 30.01 seconds
[1578991127] HOST ALERT: Director_Resident;DOWN;SOFT;8;(Host check timed out after 30.01 seconds)
[1578991127] wproc: Core Worker 22691: job 98971 (pid=2042): Dormant child reaped
[1578991217] wproc: Core Worker 22691: job 98974 (pid=2070) timed out. Killing it
[1578991217] wproc: CHECK job 98974 from worker Core Worker 22691 timed out after 30.03s
[1578991217] wproc:   host=Director_Resident; service=(null);
[1578991217] wproc:   early_timeout=1; exited_ok=0; wait_status=0; error_code=62;
[1578991217] Warning: Check of host 'Director_Resident' timed out after 30.03 seconds
[1578991217] HOST ALERT: Director_Resident;DOWN;SOFT;9;(Host check timed out after 30.03 seconds)
[1578991217] wproc: Core Worker 22691: job 98974 (pid=2070): Dormant child reaped
[1578991307] wproc: Core Worker 22691: job 98977 (pid=2249) timed out. Killing it
[1578991307] wproc: CHECK job 98977 from worker Core Worker 22691 timed out after 30.03s
[1578991307] wproc:   host=Director_Resident; service=(null);
[1578991307] wproc:   early_timeout=1; exited_ok=0; wait_status=0; error_code=62;
[1578991307] Warning: Check of host 'Director_Resident' timed out after 30.03 seconds
[1578991307] HOST NOTIFICATION: nagiosadmin;Director_Resident;DOWN;notify-host-by-email;(Host check timed out after 30.03 seconds)
[1578991307] HOST ALERT: Director_Resident;DOWN;HARD;10;(Host check timed out after 30.03 seconds)
[1578991307] wproc: Core Worker 22691: job 98977 (pid=2249): Dormant child reaped
[1578991339] wproc: Core Worker 22690: job 98978 (pid=2269) timed out. Killing it
[1578991339] wproc: CHECK job 98978 from worker Core Worker 22690 timed out after 30.03s
[1578991339] wproc:   host=Director_Bldg; service=(null);
[1578991339] wproc:   early_timeout=1; exited_ok=0; wait_status=0; error_code=62;
[1578991339] Warning: Check of host 'Director_Bldg' timed out after 30.03 seconds
[1578991339] wproc: Core Worker 22690: job 98978 (pid=2269): Dormant child reaped
[1578991612] HOST NOTIFICATION: nagiosadmin;Director_Resident;UP;notify-host-by-email;PING OK - Packet loss = 20%, RTA = 0.78 ms
[1578991612] HOST ALERT: Director_Resident;UP;HARD;1;PING OK - Packet loss = 20%, RTA = 0.78 ms
[1578991639] wproc: Core Worker 22691: job 98986 (pid=2501) timed out. Killing it
[1578991639] wproc: CHECK job 98986 from worker Core Worker 22691 timed out after 30.01s
[1578991639] wproc:   host=Director_Bldg; service=(null);
[1578991639] wproc:   early_timeout=1; exited_ok=0; wait_status=0; error_code=62;
[1578991639] Warning: Check of host 'Director_Bldg' timed out after 30.01 seconds
[1578991639] HOST NOTIFICATION: nagiosadmin;Director_Bldg;DOWN;notify-host-by-email;(Host check timed out after 30.01 seconds)
[1578991639] wproc: Core Worker 22691: job 98986 (pid=2501): Dormant child reaped
[1578991673] SERVICE ALERT: Director_Resident;check-host-alive;OK;SOFT;1;PING OK - Packet loss = 0%, RTA = 0.71 ms
[1578991939] wproc: Core Worker 22692: job 98997 (pid=2778) timed out. Killing it
[1578991939] wproc: CHECK job 98997 from worker Core Worker 22692 timed out after 30.01s
[1578991939] wproc:   host=Director_Bldg; service=(null);
[1578991939] wproc:   early_timeout=1; exited_ok=0; wait_status=0; error_code=62;
[1578991939] Warning: Check of host 'Director_Bldg' timed out after 30.01 seconds
[1578991939] wproc: Core Worker 22692: job 98997 (pid=2778): Dormant child reaped
[1578992239] wproc: Core Worker 22689: job 99006 (pid=3018) timed out. Killing it
[1578992239] wproc: CHECK job 99006 from worker Core Worker 22689 timed out after 30.03s
[1578992239] wproc:   host=Director_Bldg; service=(null);
[1578992239] wproc:   early_timeout=1; exited_ok=0; wait_status=0; error_code=62;
[1578992239] Warning: Check of host 'Director_Bldg' timed out after 30.03 seconds
[1578992239] wproc: Core Worker 22689: job 99006 (pid=3018): Dormant child reaped
[1578992539] wproc: Core Worker 22692: job 99016 (pid=3288) timed out. Killing it
[1578992539] wproc: CHECK job 99016 from worker Core Worker 22692 timed out after 30.01s
[1578992539] wproc:   host=Director_Bldg; service=(null);
[1578992539] wproc:   early_timeout=1; exited_ok=0; wait_status=0; error_code=62;
[1578992539] Warning: Check of host 'Director_Bldg' timed out after 30.01 seconds
[1578992539] wproc: Core Worker 22692: job 99016 (pid=3288): Dormant child reaped
[1578992839] wproc: Core Worker 22689: job 99025 (pid=3527) timed out. Killing it
[1578992839] wproc: CHECK job 99025 from worker Core Worker 22689 timed out after 30.01s
[1578992839] wproc:   host=Director_Bldg; service=(null);
[1578992839] wproc:   early_timeout=1; exited_ok=0; wait_status=0; error_code=62;
[1578992839] Warning: Check of host 'Director_Bldg' timed out after 30.01 seconds
[1578992839] wproc: Core Worker 22689: job 99025 (pid=3527): Dormant child reaped
[1578992885] Auto-save of retention data completed successfully.
[1578993139] wproc: Core Worker 22692: job 99035 (pid=3792) timed out. Killing it
[1578993139] wproc: CHECK job 99035 from worker Core Worker 22692 timed out after 30.03s
[1578993139] wproc:   host=Director_Bldg; service=(null);
[1578993139] wproc:   early_timeout=1; exited_ok=0; wait_status=0; error_code=62;
[1578993139] Warning: Check of host 'Director_Bldg' timed out after 30.03 seconds
[1578993139] wproc: Core Worker 22692: job 99035 (pid=3792): Dormant child reaped
[1578993439] wproc: Core Worker 22689: job 99044 (pid=4039) timed out. Killing it
[1578993439] wproc: CHECK job 99044 from worker Core Worker 22689 timed out after 30.01s
[1578993439] wproc:   host=Director_Bldg; service=(null);
[1578993439] wproc:   early_timeout=1; exited_ok=0; wait_status=0; error_code=62;
[1578993439] Warning: Check of host 'Director_Bldg' timed out after 30.01 seconds
[1578993439] HOST NOTIFICATION: nagiosadmin;Director_Bldg;DOWN;notify-host-by-email;(Host check timed out after 30.01 seconds)
[1578993439] wproc: Core Worker 22689: job 99044 (pid=4039): Dormant child reaped
[1578993739] wproc: Core Worker 22689: job 99055 (pid=4308) timed out. Killing it
[1578993739] wproc: CHECK job 99055 from worker Core Worker 22689 timed out after 30.01s
[1578993739] wproc:   host=Director_Bldg; service=(null);
[1578993739] wproc:   early_timeout=1; exited_ok=0; wait_status=0; error_code=62;
[1578993739] Warning: Check of host 'Director_Bldg' timed out after 30.01 seconds
[1578993739] wproc: Core Worker 22689: job 99055 (pid=4308): Dormant child reaped
[1578994039] wproc: Core Worker 22690: job 99063 (pid=4546) timed out. Killing it
[1578994039] wproc: CHECK job 99063 from worker Core Worker 22690 timed out after 30.02s
[1578994039] wproc:   host=Director_Bldg; service=(null);
[1578994039] wproc:   early_timeout=1; exited_ok=0; wait_status=0; error_code=62;
[1578994039] Warning: Check of host 'Director_Bldg' timed out after 30.02 seconds
[1578994039] wproc: Core Worker 22690: job 99063 (pid=4546): Dormant child reaped
[1578994339] wproc: Core Worker 22689: job 99074 (pid=4842) timed out. Killing it
[1578994339] wproc: CHECK job 99074 from worker Core Worker 22689 timed out after 30.01s
[1578994339] wproc:   host=Director_Bldg; service=(null);
[1578994339] wproc:   early_timeout=1; exited_ok=0; wait_status=0; error_code=62;
[1578994339] Warning: Check of host 'Director_Bldg' timed out after 30.01 seconds
[1578994339] wproc: Core Worker 22689: job 99074 (pid=4842): Dormant child reaped
[1578994639] wproc: Core Worker 22690: job 99082 (pid=5079) timed out. Killing it
[1578994639] wproc: CHECK job 99082 from worker Core Worker 22690 timed out after 30.01s
[1578994639] wproc:   host=Director_Bldg; service=(null);
[1578994639] wproc:   early_timeout=1; exited_ok=0; wait_status=0; error_code=62;
[1578994639] Warning: Check of host 'Director_Bldg' timed out after 30.01 seconds
[1578994639] wproc: Core Worker 22690: job 99082 (pid=5079): Dormant child reaped
[1578994939] wproc: Core Worker 22689: job 99093 (pid=5344) timed out. Killing it
[1578994939] wproc: CHECK job 99093 from worker Core Worker 22689 timed out after 30.03s
[1578994939] wproc:   host=Director_Bldg; service=(null);
[1578994939] wproc:   early_timeout=1; exited_ok=0; wait_status=0; error_code=62;
[1578994939] Warning: Check of host 'Director_Bldg' timed out after 30.03 seconds
[1578994939] wproc: Core Worker 22689: job 99093 (pid=5344): Dormant child reaped
[1578995239] wproc: Core Worker 22690: job 99101 (pid=5593) timed out. Killing it
[1578995239] wproc: CHECK job 99101 from worker Core Worker 22690 timed out after 30.03s
[1578995239] wproc:   host=Director_Bldg; service=(null);
[1578995239] wproc:   early_timeout=1; exited_ok=0; wait_status=0; error_code=62;
[1578995239] Warning: Check of host 'Director_Bldg' timed out after 30.03 seconds
[1578995239] HOST NOTIFICATION: nagiosadmin;Director_Bldg;DOWN;notify-host-by-email;(Host check timed out after 30.03 seconds)
[1578995239] wproc: Core Worker 22690: job 99101 (pid=5593): Dormant child reaped
[1578995539] wproc: Core Worker 22690: job 99112 (pid=5869) timed out. Killing it
[1578995539] wproc: CHECK job 99112 from worker Core Worker 22690 timed out after 30.01s
[1578995539] wproc:   host=Director_Bldg; service=(null);
[1578995539] wproc:   early_timeout=1; exited_ok=0; wait_status=0; error_code=62;
[1578995539] Warning: Check of host 'Director_Bldg' timed out after 30.01 seconds
[1578995539] wproc: Core Worker 22690: job 99112 (pid=5869): Dormant child reaped
[1578995839] wproc: Core Worker 22691: job 99120 (pid=6110) timed out. Killing it
[1578995839] wproc: CHECK job 99120 from worker Core Worker 22691 timed out after 30.03s
[1578995839] wproc:   host=Director_Bldg; service=(null);
[1578995839] wproc:   early_timeout=1; exited_ok=0; wait_status=0; error_code=62;
[1578995839] Warning: Check of host 'Director_Bldg' timed out after 30.03 seconds
[1578995839] wproc: Core Worker 22691: job 99120 (pid=6110): Dormant child reaped
[1578996139] wproc: Core Worker 22690: job 99131 (pid=6372) timed out. Killing it
[1578996139] wproc: CHECK job 99131 from worker Core Worker 22690 timed out after 30.01s
[1578996139] wproc:   host=Director_Bldg; service=(null);
[1578996139] wproc:   early_timeout=1; exited_ok=0; wait_status=0; error_code=62;
[1578996139] Warning: Check of host 'Director_Bldg' timed out after 30.01 seconds
[1578996139] wproc: Core Worker 22690: job 99131 (pid=6372): Dormant child reaped
[1578996439] wproc: Core Worker 22691: job 99139 (pid=6620) timed out. Killing it
[1578996439] wproc: CHECK job 99139 from worker Core Worker 22691 timed out after 30.02s
[1578996439] wproc:   host=Director_Bldg; service=(null);
[1578996439] wproc:   early_timeout=1; exited_ok=0; wait_status=0; error_code=62;
[1578996439] Warning: Check of host 'Director_Bldg' timed out after 30.02 seconds
[1578996439] wproc: Core Worker 22691: job 99139 (pid=6620): Dormant child reaped
[1578996485] Auto-save of retention data completed successfully.
[1578996739] wproc: Core Worker 22690: job 99150 (pid=6889) timed out. Killing it
[1578996739] wproc: CHECK job 99150 from worker Core Worker 22690 timed out after 30.03s
[1578996739] wproc:   host=Director_Bldg; service=(null);
[1578996739] wproc:   early_timeout=1; exited_ok=0; wait_status=0; error_code=62;
[1578996739] Warning: Check of host 'Director_Bldg' timed out after 30.03 seconds
[1578996739] wproc: Core Worker 22690: job 99150 (pid=6889): Dormant child reaped
[1578997039] wproc: Core Worker 22691: job 99158 (pid=7130) timed out. Killing it
[1578997039] wproc: CHECK job 99158 from worker Core Worker 22691 timed out after 30.01s
[1578997039] wproc:   host=Director_Bldg; service=(null);
[1578997039] wproc:   early_timeout=1; exited_ok=0; wait_status=0; error_code=62;
[1578997039] Warning: Check of host 'Director_Bldg' timed out after 30.01 seconds
[1578997039] HOST NOTIFICATION: nagiosadmin;Director_Bldg;DOWN;notify-host-by-email;(Host check timed out after 30.01 seconds)
[1578997039] wproc: Core Worker 22691: job 99158 (pid=7130): Dormant child reaped
[1578997339] wproc: Core Worker 22691: job 99169 (pid=7404) timed out. Killing it
[1578997339] wproc: CHECK job 99169 from worker Core Worker 22691 timed out after 30.03s
[1578997339] wproc:   host=Director_Bldg; service=(null);
[1578997339] wproc:   early_timeout=1; exited_ok=0; wait_status=0; error_code=62;
[1578997339] Warning: Check of host 'Director_Bldg' timed out after 30.03 seconds
[1578997339] wproc: Core Worker 22691: job 99169 (pid=7404): Dormant child reaped
[1578997639] wproc: Core Worker 22692: job 99177 (pid=7654) timed out. Killing it
[1578997639] wproc: CHECK job 99177 from worker Core Worker 22692 timed out after 30.00s
[1578997639] wproc:   host=Director_Bldg; service=(null);
[1578997639] wproc:   early_timeout=1; exited_ok=0; wait_status=0; error_code=62;
[1578997639] Warning: Check of host 'Director_Bldg' timed out after 30.00 seconds
[1578997639] wproc: Core Worker 22692: job 99177 (pid=7654): Dormant child reaped
[1578997939] wproc: Core Worker 22691: job 99188 (pid=7944) timed out. Killing it
[1578997939] wproc: CHECK job 99188 from worker Core Worker 22691 timed out after 30.01s
[1578997939] wproc:   host=Director_Bldg; service=(null);
[1578997939] wproc:   early_timeout=1; exited_ok=0; wait_status=0; error_code=62;
[1578997939] Warning: Check of host 'Director_Bldg' timed out after 30.01 seconds
[1578997939] wproc: Core Worker 22691: job 99188 (pid=7944): Dormant child reaped
[1578998239] wproc: Core Worker 22692: job 99196 (pid=8187) timed out. Killing it
[1578998239] wproc: CHECK job 99196 from worker Core Worker 22692 timed out after 30.03s
[1578998239] wproc:   host=Director_Bldg; service=(null);
[1578998239] wproc:   early_timeout=1; exited_ok=0; wait_status=0; error_code=62;
[1578998239] Warning: Check of host 'Director_Bldg' timed out after 30.03 seconds
[1578998239] wproc: Core Worker 22692: job 99196 (pid=8187): Dormant child reaped
[1578998539] wproc: Core Worker 22691: job 99207 (pid=8450) timed out. Killing it
[1578998539] wproc: CHECK job 99207 from worker Core Worker 22691 timed out after 30.02s
[1578998539] wproc:   host=Director_Bldg; service=(null);
[1578998539] wproc:   early_timeout=1; exited_ok=0; wait_status=0; error_code=62;
[1578998539] Warning: Check of host 'Director_Bldg' timed out after 30.02 seconds
[1578998539] wproc: Core Worker 22691: job 99207 (pid=8450): Dormant child reaped
[1578998839] wproc: Core Worker 22692: job 99215 (pid=8693) timed out. Killing it
[1578998839] wproc: CHECK job 99215 from worker Core Worker 22692 timed out after 30.03s
[1578998839] wproc:   host=Director_Bldg; service=(null);
[1578998839] wproc:   early_timeout=1; exited_ok=0; wait_status=0; error_code=62;
[1578998839] Warning: Check of host 'Director_Bldg' timed out after 30.03 seconds
[1578998839] HOST NOTIFICATION: nagiosadmin;Director_Bldg;DOWN;notify-host-by-email;(Host check timed out after 30.03 seconds)
[1578998840] wproc: Core Worker 22692: job 99215 (pid=8693): Dormant child reaped
[1578999139] wproc: Core Worker 22692: job 99226 (pid=8975) timed out. Killing it
[1578999139] wproc: CHECK job 99226 from worker Core Worker 22692 timed out after 30.01s
[1578999139] wproc:   host=Director_Bldg; service=(null);
[1578999139] wproc:   early_timeout=1; exited_ok=0; wait_status=0; error_code=62;
[1578999139] Warning: Check of host 'Director_Bldg' timed out after 30.01 seconds
[1578999140] wproc: Core Worker 22692: job 99226 (pid=8975): Dormant child reaped
[1578999439] wproc: Core Worker 22689: job 99235 (pid=9262) timed out. Killing it
[1578999439] wproc: CHECK job 99235 from worker Core Worker 22689 timed out after 30.02s
[1578999439] wproc:   host=Director_Bldg; service=(null);
[1578999439] wproc:   early_timeout=1; exited_ok=0; wait_status=0; error_code=62;
[1578999439] Warning: Check of host 'Director_Bldg' timed out after 30.02 seconds
[1578999440] wproc: Core Worker 22689: job 99235 (pid=9262): Dormant child reaped
[1578999739] wproc: Core Worker 22692: job 99245 (pid=9545) timed out. Killing it
[1578999739] wproc: CHECK job 99245 from worker Core Worker 22692 timed out after 30.03s
[1578999739] wproc:   host=Director_Bldg; service=(null);
[1578999739] wproc:   early_timeout=1; exited_ok=0; wait_status=0; error_code=62;
[1578999739] Warning: Check of host 'Director_Bldg' timed out after 30.03 seconds
[1578999740] wproc: Core Worker 22692: job 99245 (pid=9545): Dormant child reaped
[1579000039] wproc: Core Worker 22689: job 99254 (pid=9785) timed out. Killing it
[1579000039] wproc: CHECK job 99254 from worker Core Worker 22689 timed out after 30.00s
[1579000039] wproc:   host=Director_Bldg; service=(null);
[1579000039] wproc:   early_timeout=1; exited_ok=0; wait_status=0; error_code=62;
[1579000039] Warning: Check of host 'Director_Bldg' timed out after 30.00 seconds
[1579000040] wproc: Core Worker 22689: job 99254 (pid=9785): Dormant child reaped
[1579000085] Auto-save of retention data completed successfully.
[1579000339] wproc: Core Worker 22692: job 99264 (pid=10047) timed out. Killing it
[1579000339] wproc: CHECK job 99264 from worker Core Worker 22692 timed out after 30.03s
[1579000339] wproc:   host=Director_Bldg; service=(null);
[1579000339] wproc:   early_timeout=1; exited_ok=0; wait_status=0; error_code=62;
[1579000339] Warning: Check of host 'Director_Bldg' timed out after 30.03 seconds
[1579000340] wproc: Core Worker 22692: job 99264 (pid=10047): Dormant child reaped
[1579000491] SERVICE FLAPPING ALERT: Director_Bldg;check-host-alive;STOPPED; Service appears to have stopped flapping (3.8% change < 5.0% threshold)
[1579000639] wproc: Core Worker 22689: job 99273 (pid=10290) timed out. Killing it
[1579000639] wproc: CHECK job 99273 from worker Core Worker 22689 timed out after 30.01s
[1579000639] wproc:   host=Director_Bldg; service=(null);
[1579000639] wproc:   early_timeout=1; exited_ok=0; wait_status=0; error_code=62;
[1579000639] Warning: Check of host 'Director_Bldg' timed out after 30.01 seconds
[1579000639] HOST NOTIFICATION: nagiosadmin;Director_Bldg;DOWN;notify-host-by-email;(Host check timed out after 30.01 seconds)
[1579000640] wproc: Core Worker 22689: job 99273 (pid=10290): Dormant child reaped
[1579000939] wproc: Core Worker 22689: job 99284 (pid=10559) timed out. Killing it
[1579000939] wproc: CHECK job 99284 from worker Core Worker 22689 timed out after 30.01s
[1579000939] wproc:   host=Director_Bldg; service=(null);
[1579000939] wproc:   early_timeout=1; exited_ok=0; wait_status=0; error_code=62;
[1579000939] Warning: Check of host 'Director_Bldg' timed out after 30.01 seconds
[1579000940] wproc: Core Worker 22689: job 99284 (pid=10559): Dormant child reaped
[1579001239] wproc: Core Worker 22690: job 99292 (pid=10801) timed out. Killing it
[1579001239] wproc: CHECK job 99292 from worker Core Worker 22690 timed out after 30.01s
[1579001239] wproc:   host=Director_Bldg; service=(null);
[1579001239] wproc:   early_timeout=1; exited_ok=0; wait_status=0; error_code=62;
[1579001239] Warning: Check of host 'Director_Bldg' timed out after 30.01 seconds
[1579001240] wproc: Core Worker 22690: job 99292 (pid=10801): Dormant child reaped
[1579001539] wproc: Core Worker 22689: job 99303 (pid=11090) timed out. Killing it
[1579001539] wproc: CHECK job 99303 from worker Core Worker 22689 timed out after 30.01s
[1579001539] wproc:   host=Director_Bldg; service=(null);
[1579001539] wproc:   early_timeout=1; exited_ok=0; wait_status=0; error_code=62;
[1579001539] Warning: Check of host 'Director_Bldg' timed out after 30.01 seconds
[1579001540] wproc: Core Worker 22689: job 99303 (pid=11090): Dormant child reaped
[1579001839] wproc: Core Worker 22690: job 99311 (pid=11331) timed out. Killing it
[1579001839] wproc: CHECK job 99311 from worker Core Worker 22690 timed out after 30.01s
[1579001839] wproc:   host=Director_Bldg; service=(null);
[1579001839] wproc:   early_timeout=1; exited_ok=0; wait_status=0; error_code=62;
[1579001839] Warning: Check of host 'Director_Bldg' timed out after 30.01 seconds
[1579001840] wproc: Core Worker 22690: job 99311 (pid=11331): Dormant child reaped
[1579002139] wproc: Core Worker 22689: job 99322 (pid=11596) timed out. Killing it
[1579002139] wproc: CHECK job 99322 from worker Core Worker 22689 timed out after 30.01s
[1579002139] wproc:   host=Director_Bldg; service=(null);
[1579002139] wproc:   early_timeout=1; exited_ok=0; wait_status=0; error_code=62;
[1579002139] Warning: Check of host 'Director_Bldg' timed out after 30.01 seconds
[1579002140] wproc: Core Worker 22689: job 99322 (pid=11596): Dormant child reaped
[1579002439] wproc: Core Worker 22690: job 99330 (pid=11836) timed out. Killing it
[1579002439] wproc: CHECK job 99330 from worker Core Worker 22690 timed out after 30.02s
[1579002439] wproc:   host=Director_Bldg; service=(null);
[1579002439] wproc:   early_timeout=1; exited_ok=0; wait_status=0; error_code=62;
[1579002439] Warning: Check of host 'Director_Bldg' timed out after 30.02 seconds
[1579002439] HOST NOTIFICATION: nagiosadmin;Director_Bldg;DOWN;notify-host-by-email;(Host check timed out after 30.02 seconds)
[1579002440] wproc: Core Worker 22690: job 99330 (pid=11836): Dormant child reaped
[1579002739] wproc: Core Worker 22690: job 99341 (pid=12106) timed out. Killing it
[1579002739] wproc: CHECK job 99341 from worker Core Worker 22690 timed out after 30.01s
[1579002739] wproc:   host=Director_Bldg; service=(null);
[1579002739] wproc:   early_timeout=1; exited_ok=0; wait_status=0; error_code=62;
[1579002739] Warning: Check of host 'Director_Bldg' timed out after 30.01 seconds
[1579002740] wproc: Core Worker 22690: job 99341 (pid=12106): Dormant child reaped
[1579003039] wproc: Core Worker 22691: job 99349 (pid=12349) timed out. Killing it
[1579003039] wproc: CHECK job 99349 from worker Core Worker 22691 timed out after 30.03s
[1579003039] wproc:   host=Director_Bldg; service=(null);
[1579003039] wproc:   early_timeout=1; exited_ok=0; wait_status=0; error_code=62;
[1579003039] Warning: Check of host 'Director_Bldg' timed out after 30.03 seconds
[1579003040] wproc: Core Worker 22691: job 99349 (pid=12349): Dormant child reaped
[1579003340] wproc: Core Worker 22690: job 99360 (pid=12618) timed out. Killing it
[1579003340] wproc: CHECK job 99360 from worker Core Worker 22690 timed out after 30.03s
[1579003340] wproc:   host=Director_Bldg; service=(null);
[1579003340] wproc:   early_timeout=1; exited_ok=0; wait_status=0; error_code=62;
[1579003340] Warning: Check of host 'Director_Bldg' timed out after 30.03 seconds
[1579003340] wproc: Core Worker 22690: job 99360 (pid=12618): Dormant child reaped
[1579003613] HOST NOTIFICATION: nagiosadmin;Director_Bldg;UP;notify-host-by-email;PING OK - Packet loss = 0%, RTA = 0.59 ms
[1579003613] HOST ALERT: Director_Bldg;UP;HARD;1;PING OK - Packet loss = 0%, RTA = 0.59 ms
[1579003685] Auto-save of retention data completed successfully.
[1579004064] SERVICE ALERT: Director_Bldg;check-host-alive;OK;SOFT;1;PING OK - Packet loss = 0%, RTA = 0.67 ms
[1579007285] Auto-save of retention data completed successfully.
[1579010885] Auto-save of retention data completed successfully.
[1579014485] Auto-save of retention data completed successfully.
[1579018085] Auto-save of retention data completed successfully.
[1579021685] Auto-save of retention data completed successfully.
[1579025285] Auto-save of retention data completed successfully.
