[1553020200] LOG ROTATION: DAILY
[1553020200] LOG VERSION: 2.0
[1553020200] CURRENT HOST STATE: esxi01;UP;HARD;1;PING OK - Packet loss = 0%, RTA = 0.43 ms
[1553020200] CURRENT HOST STATE: esxi02;UP;HARD;1;PING OK - Packet loss = 0%, RTA = 0.33 ms
[1553020200] CURRENT HOST STATE: esxi03;UP;HARD;1;PING OK - Packet loss = 0%, RTA = 0.28 ms
[1553020200] CURRENT HOST STATE: esxi04;UP;HARD;1;PING OK - Packet loss = 0%, RTA = 0.28 ms
[1553020200] CURRENT HOST STATE: esxi05;UP;HARD;1;PING OK - Packet loss = 0%, RTA = 0.40 ms
[1553020200] CURRENT HOST STATE: esxi06;UP;HARD;1;PING OK - Packet loss = 0%, RTA = 0.47 ms
[1553020200] CURRENT HOST STATE: esxi07;UP;HARD;1;PING OK - Packet loss = 0%, RTA = 0.56 ms
[1553020200] CURRENT HOST STATE: esxi08;UP;HARD;1;PING OK - Packet loss = 0%, RTA = 0.35 ms
[1553020200] CURRENT HOST STATE: esxi09;UP;HARD;1;PING OK - Packet loss = 0%, RTA = 0.30 ms
[1553020200] CURRENT HOST STATE: localhost;UP;HARD;1;PING OK - Packet loss = 0%, RTA = 0.02 ms
[1553020200] CURRENT HOST STATE: router1;UP;HARD;1;PING OK - Packet loss = 0%, RTA = 0.57 ms
[1553020200] CURRENT HOST STATE: router2;UP;HARD;1;PING OK - Packet loss = 0%, RTA = 0.70 ms
[1553020200] CURRENT HOST STATE: router3;UP;HARD;1;PING OK - Packet loss = 0%, RTA = 0.62 ms
[1553020200] CURRENT HOST STATE: vmware10gswitch;UP;HARD;1;PING OK - Packet loss = 0%, RTA = 1.40 ms
[1553020200] CURRENT HOST STATE: vmwaremgmtswitch;UP;HARD;1;PING OK - Packet loss = 0%, RTA = 1.57 ms
[1553020200] CURRENT SERVICE STATE: esxi01;ESXi Hardware Check;OK;HARD;1;OK - Server: Cisco Systems Inc UCSC-C220-M4S s/n: FCH22157EQH Chassis S/N: FCH2216V0WN  System BIOS: C220M4.3.0.4a.0.0226182253 2018-02-26
[1553020200] CURRENT SERVICE STATE: esxi01;PING;OK;HARD;1;PING OK - Packet loss = 0%, RTA = 0.36 ms
[1553020200] CURRENT SERVICE STATE: esxi02;ESXi Hardware Check;OK;HARD;1;OK - Server: Cisco Systems Inc UCSC-C220-M4S s/n: FCH22157E1D Chassis S/N: FCH2216V0Y6  System BIOS: C220M4.3.0.4a.0.0226182253 2018-02-26
[1553020200] CURRENT SERVICE STATE: esxi02;PING;OK;HARD;1;PING OK - Packet loss = 0%, RTA = 0.38 ms
[1553020200] CURRENT SERVICE STATE: esxi03;ESXi Hardware Check;OK;HARD;1;OK - Server: Cisco Systems Inc UCSC-C220-M4S s/n: FCH22157ESB Chassis S/N: FCH2216V0TW  System BIOS: C220M4.3.0.4a.0.0226182253 2018-02-26
[1553020200] CURRENT SERVICE STATE: esxi03;PING;OK;HARD;1;PING OK - Packet loss = 0%, RTA = 0.33 ms
[1553020200] CURRENT SERVICE STATE: esxi04;ESXi Hardware Check;OK;HARD;1;OK - Server: Cisco Systems Inc UCSC-C220-M4S s/n: FCH22137QKB Chassis S/N: FCH2216V0YZ  System BIOS: C220M4.3.0.4a.0.0226182253 2018-02-26
[1553020200] CURRENT SERVICE STATE: esxi04;PING;OK;HARD;1;PING OK - Packet loss = 0%, RTA = 0.32 ms
[1553020200] CURRENT SERVICE STATE: esxi05;ESXi Hardware Check;OK;HARD;1;OK - Server: Cisco Systems Inc UCSC-C220-M4S s/n: FCH22157EPD Chassis S/N: FCH2216V0Z0  System BIOS: C220M4.3.0.4a.0.0226182253 2018-02-26
[1553020200] CURRENT SERVICE STATE: esxi05;PING;OK;HARD;1;PING OK - Packet loss = 0%, RTA = 0.43 ms
[1553020200] CURRENT SERVICE STATE: esxi06;ESXi Haradware Check;OK;HARD;1;OK - Server: Cisco Systems Inc UCSC-C220-M4S s/n: FCH22157ERW Chassis S/N: FCH2216V0X8  System BIOS: C220M4.3.0.4a.0.0226182253 2018-02-26
[1553020200] CURRENT SERVICE STATE: esxi06;PING;OK;HARD;1;PING OK - Packet loss = 0%, RTA = 0.31 ms
[1553020200] CURRENT SERVICE STATE: esxi07;ESXi Hardware Check;UNKNOWN;HARD;3;UNKNOWN: (0, 'Socket error: [Errno 111] Connection refused')
[1553020200] CURRENT SERVICE STATE: esxi07;PING;OK;HARD;1;PING OK - Packet loss = 0%, RTA = 0.47 ms
[1553020200] CURRENT SERVICE STATE: esxi08;ESXi Hardware Check;OK;HARD;1;OK - Server: Cisco Systems Inc UCSC-C220-M4S s/n: FCH22137QJN Chassis S/N: FCH2216V0YV  System BIOS: C220M4.3.0.4a.0.0226182253 2018-02-26
[1553020200] CURRENT SERVICE STATE: esxi08;PING;OK;HARD;1;PING OK - Packet loss = 0%, RTA = 0.34 ms
[1553020200] CURRENT SERVICE STATE: esxi09;ESXi Hardware Check;OK;HARD;1;OK - Server: Cisco Systems Inc UCSC-C220-M4S s/n: FCH22157ERY Chassis S/N: FCH2216V0YN  System BIOS: C220M4.3.0.4a.0.0226182253 2018-02-26
[1553020200] CURRENT SERVICE STATE: esxi09;PING;OK;HARD;1;PING OK - Packet loss = 0%, RTA = 0.28 ms
[1553020200] CURRENT SERVICE STATE: localhost;Current Load;OK;HARD;1;OK - load average: 0.00, 0.02, 0.05
[1553020200] CURRENT SERVICE STATE: localhost;Current Users;OK;HARD;1;USERS OK - 3 users currently logged in
[1553020200] CURRENT SERVICE STATE: localhost;HTTP;WARNING;HARD;4;HTTP WARNING: HTTP/1.1 403 Forbidden - 5179 bytes in 0.001 second response time
[1553020200] CURRENT SERVICE STATE: localhost;PING;OK;HARD;1;PING OK - Packet loss = 0%, RTA = 0.03 ms
[1553020200] CURRENT SERVICE STATE: localhost;Root Partition;OK;HARD;1;DISK OK - free space: / 44169 MB (86.31% inode=99%):
[1553020200] CURRENT SERVICE STATE: localhost;SSH;OK;HARD;1;SSH OK - OpenSSH_7.4 (protocol 2.0)
[1553020200] CURRENT SERVICE STATE: localhost;Swap Usage;OK;HARD;1;SWAP OK - 100% free (3967 MB out of 3967 MB)
[1553020200] CURRENT SERVICE STATE: localhost;Total Processes;OK;HARD;1;PROCS OK: 81 processes with STATE = RSZDT
[1553020200] CURRENT SERVICE STATE: router1;check-host-alive;OK;HARD;1;PING OK - Packet loss = 0%, RTA = 0.56 ms
[1553020200] CURRENT SERVICE STATE: router2;check-host-alive;OK;HARD;1;PING OK - Packet loss = 0%, RTA = 0.75 ms
[1553020200] CURRENT SERVICE STATE: router3;check-host-alive;OK;HARD;1;PING OK - Packet loss = 0%, RTA = 0.60 ms
[1553020200] CURRENT SERVICE STATE: vmware10gswitch;check-host-alive;OK;HARD;1;PING OK - Packet loss = 0%, RTA = 1.43 ms
[1553020200] CURRENT SERVICE STATE: vmwaremgmtswitch;check-host-alive;OK;HARD;1;PING OK - Packet loss = 0%, RTA = 0.77 ms
[1553021401] SERVICE ALERT: esxi03;PING;WARNING;SOFT;1;PING WARNING - Packet loss = 20%, RTA = 0.39 ms
[1553021442] Auto-save of retention data completed successfully.
[1553021465] SERVICE ALERT: esxi03;PING;OK;HARD;1;PING OK - Packet loss = 0%, RTA = 0.24 ms
[1553022066] SERVICE ALERT: esxi03;PING;WARNING;SOFT;1;PING WARNING - Packet loss = 20%, RTA = 0.32 ms
[1553022130] SERVICE ALERT: esxi03;PING;OK;HARD;1;PING OK - Packet loss = 0%, RTA = 0.33 ms
[1553023716] SERVICE NOTIFICATION: nagiosadmin;esxi07;ESXi Hardware Check;UNKNOWN;notify-service-by-email;UNKNOWN: (0, 'Socket error: [Errno 111] Connection refused')
[1553025042] Auto-save of retention data completed successfully.
[1553026931] SERVICE ALERT: esxi03;PING;WARNING;SOFT;1;PING WARNING - Packet loss = 20%, RTA = 0.31 ms
[1553026995] SERVICE ALERT: esxi03;PING;OK;HARD;1;PING OK - Packet loss = 0%, RTA = 0.33 ms
[1553027316] SERVICE NOTIFICATION: nagiosadmin;esxi07;ESXi Hardware Check;UNKNOWN;notify-service-by-email;UNKNOWN: (0, 'Socket error: [Errno 111] Connection refused')
[1553028642] Auto-save of retention data completed successfully.
[1553030296] SERVICE ALERT: esxi03;PING;WARNING;SOFT;1;PING WARNING - Packet loss = 20%, RTA = 0.28 ms
[1553030361] SERVICE ALERT: esxi03;PING;OK;HARD;1;PING OK - Packet loss = 0%, RTA = 0.30 ms
[1553030916] SERVICE NOTIFICATION: nagiosadmin;esxi07;ESXi Hardware Check;UNKNOWN;notify-service-by-email;UNKNOWN: (0, 'Socket error: [Errno 111] Connection refused')
[1553031862] SERVICE ALERT: esxi03;PING;WARNING;SOFT;1;PING WARNING - Packet loss = 20%, RTA = 0.32 ms
[1553031926] SERVICE ALERT: esxi03;PING;OK;HARD;1;PING OK - Packet loss = 0%, RTA = 0.24 ms
[1553032242] Auto-save of retention data completed successfully.
[1553034516] SERVICE NOTIFICATION: nagiosadmin;esxi07;ESXi Hardware Check;UNKNOWN;notify-service-by-email;UNKNOWN: (0, 'Socket error: [Errno 111] Connection refused')
[1553035827] SERVICE ALERT: esxi03;PING;WARNING;SOFT;1;PING WARNING - Packet loss = 20%, RTA = 0.28 ms
[1553035842] Auto-save of retention data completed successfully.
[1553035891] SERVICE ALERT: esxi03;PING;OK;HARD;1;PING OK - Packet loss = 0%, RTA = 0.43 ms
[1553038116] SERVICE NOTIFICATION: nagiosadmin;esxi07;ESXi Hardware Check;UNKNOWN;notify-service-by-email;UNKNOWN: (0, 'Socket error: [Errno 111] Connection refused')
[1553039442] Auto-save of retention data completed successfully.
[1553041716] SERVICE NOTIFICATION: nagiosadmin;esxi07;ESXi Hardware Check;UNKNOWN;notify-service-by-email;UNKNOWN: (0, 'Socket error: [Errno 111] Connection refused')
[1553043042] Auto-save of retention data completed successfully.
[1553043392] SERVICE ALERT: esxi03;PING;WARNING;SOFT;1;PING WARNING - Packet loss = 40%, RTA = 0.39 ms
[1553043457] SERVICE ALERT: esxi03;PING;WARNING;SOFT;2;PING WARNING - Packet loss = 20%, RTA = 0.37 ms
[1553043521] SERVICE ALERT: esxi03;PING;OK;HARD;1;PING OK - Packet loss = 0%, RTA = 0.47 ms
[1553045316] SERVICE NOTIFICATION: nagiosadmin;esxi07;ESXi Hardware Check;UNKNOWN;notify-service-by-email;UNKNOWN: (0, 'Socket error: [Errno 111] Connection refused')
[1553046642] Auto-save of retention data completed successfully.
[1553048916] SERVICE NOTIFICATION: nagiosadmin;esxi07;ESXi Hardware Check;UNKNOWN;notify-service-by-email;UNKNOWN: (0, 'Socket error: [Errno 111] Connection refused')
[1553048922] SERVICE ALERT: esxi03;PING;WARNING;SOFT;1;PING WARNING - Packet loss = 20%, RTA = 0.35 ms
[1553048986] SERVICE ALERT: esxi03;PING;OK;HARD;1;PING OK - Packet loss = 0%, RTA = 0.35 ms
[1553049887] SERVICE ALERT: esxi03;PING;WARNING;SOFT;1;PING WARNING - Packet loss = 40%, RTA = 0.28 ms
[1553049952] SERVICE ALERT: esxi03;PING;WARNING;SOFT;2;PING WARNING - Packet loss = 20%, RTA = 0.34 ms
[1553050016] SERVICE ALERT: esxi03;PING;OK;HARD;1;PING OK - Packet loss = 0%, RTA = 0.34 ms
[1553050242] Auto-save of retention data completed successfully.
[1553052516] SERVICE NOTIFICATION: nagiosadmin;esxi07;ESXi Hardware Check;UNKNOWN;notify-service-by-email;UNKNOWN: (0, 'Socket error: [Errno 111] Connection refused')
[1553053842] Auto-save of retention data completed successfully.
[1553055717] SERVICE ALERT: esxi03;PING;WARNING;SOFT;1;PING WARNING - Packet loss = 20%, RTA = 0.31 ms
[1553055781] SERVICE ALERT: esxi03;PING;OK;HARD;1;PING OK - Packet loss = 0%, RTA = 0.43 ms
[1553056116] SERVICE NOTIFICATION: nagiosadmin;esxi07;ESXi Hardware Check;UNKNOWN;notify-service-by-email;UNKNOWN: (0, 'Socket error: [Errno 111] Connection refused')
[1553056982] SERVICE ALERT: esxi03;PING;WARNING;SOFT;1;PING WARNING - Packet loss = 20%, RTA = 0.39 ms
[1553057046] SERVICE ALERT: esxi03;PING;OK;HARD;1;PING OK - Packet loss = 0%, RTA = 0.38 ms
[1553057442] Auto-save of retention data completed successfully.
[1553058547] SERVICE ALERT: esxi03;PING;WARNING;SOFT;1;PING WARNING - Packet loss = 20%, RTA = 0.41 ms
[1553058611] SERVICE ALERT: esxi03;PING;OK;HARD;1;PING OK - Packet loss = 0%, RTA = 0.34 ms
[1553059212] SERVICE ALERT: esxi03;PING;WARNING;SOFT;1;PING WARNING - Packet loss = 20%, RTA = 0.38 ms
[1553059276] SERVICE ALERT: esxi03;PING;OK;HARD;1;PING OK - Packet loss = 0%, RTA = 0.42 ms
[1553059716] SERVICE NOTIFICATION: nagiosadmin;esxi07;ESXi Hardware Check;UNKNOWN;notify-service-by-email;UNKNOWN: (0, 'Socket error: [Errno 111] Connection refused')
[1553061042] Auto-save of retention data completed successfully.
[1553062577] SERVICE ALERT: esxi03;PING;WARNING;SOFT;1;PING WARNING - Packet loss = 20%, RTA = 0.33 ms
[1553062641] SERVICE ALERT: esxi03;PING;OK;HARD;1;PING OK - Packet loss = 0%, RTA = 0.34 ms
[1553063242] SERVICE ALERT: esxi03;PING;WARNING;SOFT;1;PING WARNING - Packet loss = 20%, RTA = 0.29 ms
[1553063306] SERVICE ALERT: esxi03;PING;OK;HARD;1;PING OK - Packet loss = 0%, RTA = 0.37 ms
[1553063316] SERVICE NOTIFICATION: nagiosadmin;esxi07;ESXi Hardware Check;UNKNOWN;notify-service-by-email;UNKNOWN: (0, 'Socket error: [Errno 111] Connection refused')
[1553064642] Auto-save of retention data completed successfully.
[1553066916] SERVICE NOTIFICATION: nagiosadmin;esxi07;ESXi Hardware Check;UNKNOWN;notify-service-by-email;UNKNOWN: (0, 'Socket error: [Errno 111] Connection refused')
[1553068242] Auto-save of retention data completed successfully.
[1553070516] SERVICE NOTIFICATION: nagiosadmin;esxi07;ESXi Hardware Check;UNKNOWN;notify-service-by-email;UNKNOWN: (0, 'Socket error: [Errno 111] Connection refused')
[1553071842] Auto-save of retention data completed successfully.
[1553072907] SERVICE ALERT: esxi03;PING;WARNING;SOFT;1;PING WARNING - Packet loss = 20%, RTA = 0.44 ms
[1553072971] SERVICE ALERT: esxi03;PING;OK;HARD;1;PING OK - Packet loss = 0%, RTA = 0.35 ms
[1553073272] SERVICE ALERT: esxi03;PING;WARNING;SOFT;1;PING WARNING - Packet loss = 20%, RTA = 0.30 ms
[1553073336] SERVICE ALERT: esxi03;PING;OK;HARD;1;PING OK - Packet loss = 0%, RTA = 0.45 ms
[1553074116] SERVICE NOTIFICATION: nagiosadmin;esxi07;ESXi Hardware Check;UNKNOWN;notify-service-by-email;UNKNOWN: (0, 'Socket error: [Errno 111] Connection refused')
[1553074537] SERVICE ALERT: esxi03;PING;WARNING;SOFT;1;PING WARNING - Packet loss = 20%, RTA = 0.31 ms
[1553074601] SERVICE ALERT: esxi03;PING;OK;HARD;1;PING OK - Packet loss = 0%, RTA = 0.32 ms
[1553075442] Auto-save of retention data completed successfully.
[1553077302] SERVICE ALERT: esxi03;PING;WARNING;SOFT;1;PING WARNING - Packet loss = 20%, RTA = 0.44 ms
[1553077366] SERVICE ALERT: esxi03;PING;OK;HARD;1;PING OK - Packet loss = 0%, RTA = 0.34 ms
[1553077716] SERVICE NOTIFICATION: nagiosadmin;esxi07;ESXi Hardware Check;UNKNOWN;notify-service-by-email;UNKNOWN: (0, 'Socket error: [Errno 111] Connection refused')
[1553078506] SERVICE ALERT: esxi08;PING;WARNING;SOFT;1;PING WARNING - Packet loss = 20%, RTA = 0.31 ms
[1553078570] SERVICE ALERT: esxi08;PING;OK;HARD;1;PING OK - Packet loss = 0%, RTA = 0.29 ms
[1553079042] Auto-save of retention data completed successfully.
[1553080667] SERVICE ALERT: esxi03;PING;WARNING;SOFT;1;PING WARNING - Packet loss = 20%, RTA = 0.44 ms
[1553080731] SERVICE ALERT: esxi03;PING;OK;HARD;1;PING OK - Packet loss = 0%, RTA = 0.28 ms
[1553081271] SERVICE ALERT: esxi08;PING;WARNING;SOFT;1;PING WARNING - Packet loss = 20%, RTA = 0.37 ms
[1553081316] SERVICE NOTIFICATION: nagiosadmin;esxi07;ESXi Hardware Check;UNKNOWN;notify-service-by-email;UNKNOWN: (0, 'Socket error: [Errno 111] Connection refused')
[1553081335] SERVICE ALERT: esxi08;PING;OK;HARD;1;PING OK - Packet loss = 0%, RTA = 0.43 ms
[1553082642] Auto-save of retention data completed successfully.
[1553084916] SERVICE NOTIFICATION: nagiosadmin;esxi07;ESXi Hardware Check;UNKNOWN;notify-service-by-email;UNKNOWN: (0, 'Socket error: [Errno 111] Connection refused')
[1553086242] Auto-save of retention data completed successfully.
[1553086732] SERVICE ALERT: esxi03;PING;WARNING;SOFT;1;PING WARNING - Packet loss = 20%, RTA = 0.56 ms
[1553086736] SERVICE ALERT: esxi08;PING;WARNING;SOFT;1;PING WARNING - Packet loss = 20%, RTA = 0.45 ms
[1553086796] SERVICE ALERT: esxi03;PING;OK;HARD;1;PING OK - Packet loss = 0%, RTA = 0.41 ms
[1553086800] SERVICE ALERT: esxi08;PING;OK;HARD;1;PING OK - Packet loss = 0%, RTA = 0.44 ms
[1553088516] SERVICE NOTIFICATION: nagiosadmin;esxi07;ESXi Hardware Check;UNKNOWN;notify-service-by-email;UNKNOWN: (0, 'Socket error: [Errno 111] Connection refused')
[1553089842] Auto-save of retention data completed successfully.
[1553090397] SERVICE ALERT: esxi03;PING;WARNING;SOFT;1;PING WARNING - Packet loss = 20%, RTA = 0.38 ms
[1553090462] SERVICE ALERT: esxi03;PING;WARNING;SOFT;2;PING WARNING - Packet loss = 20%, RTA = 0.41 ms
[1553090526] SERVICE ALERT: esxi03;PING;OK;HARD;1;PING OK - Packet loss = 0%, RTA = 0.37 ms
[1553091301] SERVICE ALERT: esxi08;PING;WARNING;SOFT;1;PING WARNING - Packet loss = 20%, RTA = 0.31 ms
[1553091365] SERVICE ALERT: esxi08;PING;OK;HARD;1;PING OK - Packet loss = 0%, RTA = 0.44 ms
[1553091427] SERVICE ALERT: esxi03;PING;WARNING;SOFT;1;PING WARNING - Packet loss = 20%, RTA = 0.46 ms
[1553091491] SERVICE ALERT: esxi03;PING;OK;HARD;1;PING OK - Packet loss = 0%, RTA = 0.37 ms
[1553091792] SERVICE ALERT: esxi03;PING;WARNING;SOFT;1;PING WARNING - Packet loss = 20%, RTA = 0.30 ms
[1553091856] SERVICE ALERT: esxi03;PING;OK;HARD;1;PING OK - Packet loss = 0%, RTA = 0.40 ms
[1553092116] SERVICE NOTIFICATION: nagiosadmin;esxi07;ESXi Hardware Check;UNKNOWN;notify-service-by-email;UNKNOWN: (0, 'Socket error: [Errno 111] Connection refused')
[1553093357] SERVICE ALERT: esxi03;PING;WARNING;SOFT;1;PING WARNING - Packet loss = 20%, RTA = 0.46 ms
[1553093421] SERVICE ALERT: esxi03;PING;OK;HARD;1;PING OK - Packet loss = 0%, RTA = 0.45 ms
[1553093442] Auto-save of retention data completed successfully.
[1553095222] SERVICE ALERT: esxi03;PING;WARNING;SOFT;1;PING WARNING - Packet loss = 20%, RTA = 0.35 ms
[1553095286] SERVICE ALERT: esxi03;PING;OK;HARD;1;PING OK - Packet loss = 0%, RTA = 0.44 ms
[1553095716] SERVICE NOTIFICATION: nagiosadmin;esxi07;ESXi Hardware Check;UNKNOWN;notify-service-by-email;UNKNOWN: (0, 'Socket error: [Errno 111] Connection refused')
[1553097042] Auto-save of retention data completed successfully.
[1553099316] SERVICE NOTIFICATION: nagiosadmin;esxi07;ESXi Hardware Check;UNKNOWN;notify-service-by-email;UNKNOWN: (0, 'Socket error: [Errno 111] Connection refused')
[1553099487] SERVICE ALERT: esxi03;PING;WARNING;SOFT;1;PING WARNING - Packet loss = 20%, RTA = 0.35 ms
[1553099551] SERVICE ALERT: esxi03;PING;OK;HARD;1;PING OK - Packet loss = 0%, RTA = 0.31 ms
[1553100642] Auto-save of retention data completed successfully.
[1553101352] SERVICE ALERT: esxi03;PING;WARNING;SOFT;1;PING WARNING - Packet loss = 20%, RTA = 0.35 ms
[1553101416] SERVICE ALERT: esxi03;PING;OK;HARD;1;PING OK - Packet loss = 0%, RTA = 0.41 ms
[1553102916] SERVICE NOTIFICATION: nagiosadmin;esxi07;ESXi Hardware Check;UNKNOWN;notify-service-by-email;UNKNOWN: (0, 'Socket error: [Errno 111] Connection refused')
[1553104242] Auto-save of retention data completed successfully.
[1553106218] SERVICE ALERT: esxi03;PING;WARNING;SOFT;1;PING WARNING - Packet loss = 20%, RTA = 0.30 ms
[1553106282] SERVICE ALERT: esxi03;PING;OK;HARD;1;PING OK - Packet loss = 0%, RTA = 0.70 ms
[1553106516] SERVICE NOTIFICATION: nagiosadmin;esxi07;ESXi Hardware Check;UNKNOWN;notify-service-by-email;UNKNOWN: (0, 'Socket error: [Errno 111] Connection refused')
