[1592418600] LOG ROTATION: DAILY
[1592418600] LOG VERSION: 2.0
[1592418600] CURRENT HOST STATE: AP_Main_Bldg;UP;HARD;1;PING OK - Packet loss = 0%, RTA = 0.70 ms
[1592418600] CURRENT HOST STATE: Director_Bldg;UP;HARD;1;PING OK - Packet loss = 0%, RTA = 0.58 ms
[1592418600] CURRENT HOST STATE: Director_Resident;UP;HARD;1;PING OK - Packet loss = 0%, RTA = 1.10 ms
[1592418600] CURRENT HOST STATE: esxi01;UP;HARD;1;PING OK - Packet loss = 0%, RTA = 0.54 ms
[1592418600] CURRENT HOST STATE: esxi02;UP;HARD;1;PING OK - Packet loss = 0%, RTA = 0.57 ms
[1592418600] CURRENT HOST STATE: esxi03;UP;HARD;1;PING OK - Packet loss = 0%, RTA = 0.34 ms
[1592418600] CURRENT HOST STATE: esxi04;UP;HARD;1;PING OK - Packet loss = 0%, RTA = 0.52 ms
[1592418600] CURRENT HOST STATE: esxi05;UP;HARD;1;PING OK - Packet loss = 0%, RTA = 0.44 ms
[1592418600] CURRENT HOST STATE: esxi06;UP;HARD;1;PING OK - Packet loss = 0%, RTA = 0.51 ms
[1592418600] CURRENT HOST STATE: esxi07;UP;HARD;1;PING OK - Packet loss = 0%, RTA = 0.50 ms
[1592418600] CURRENT HOST STATE: esxi08;UP;HARD;1;PING OK - Packet loss = 0%, RTA = 0.39 ms
[1592418600] CURRENT HOST STATE: esxi09;UP;HARD;1;PING OK - Packet loss = 0%, RTA = 0.35 ms
[1592418600] CURRENT HOST STATE: localhost;UP;HARD;1;PING OK - Packet loss = 0%, RTA = 0.04 ms
[1592418600] CURRENT HOST STATE: vmware10gswitch;UP;HARD;1;PING OK - Packet loss = 0%, RTA = 1.33 ms
[1592418600] CURRENT HOST STATE: vmwaremgmtswitch;UP;HARD;1;PING OK - Packet loss = 0%, RTA = 0.82 ms
[1592418600] CURRENT SERVICE STATE: AP_Main_Bldg;check-host-alive;OK;HARD;1;PING OK - Packet loss = 0%, RTA = 0.80 ms
[1592418600] CURRENT SERVICE STATE: Director_Bldg;check-host-alive;OK;HARD;1;PING OK - Packet loss = 0%, RTA = 0.64 ms
[1592418600] CURRENT SERVICE STATE: Director_Resident;check-host-alive;OK;HARD;1;PING OK - Packet loss = 0%, RTA = 0.74 ms
[1592418600] CURRENT SERVICE STATE: esxi01;ESXi Hardware Check;OK;HARD;1;OK - Server: Cisco Systems Inc UCSC-C220-M4S s/n: FCH22157EQH Chassis S/N: FCH2216V0WN  System BIOS: C220M4.3.0.4a.0.0226182253 2018-02-26
[1592418600] CURRENT SERVICE STATE: esxi01;PING;OK;HARD;1;PING OK - Packet loss = 0%, RTA = 0.58 ms
[1592418600] CURRENT SERVICE STATE: esxi02;ESXi Hardware Check;OK;HARD;1;OK - Server: Cisco Systems Inc UCSC-C220-M4S s/n: FCH22157E1D Chassis S/N: FCH2216V0Y6  System BIOS: C220M4.3.0.4a.0.0226182253 2018-02-26
[1592418600] CURRENT SERVICE STATE: esxi02;PING;OK;HARD;1;PING OK - Packet loss = 0%, RTA = 0.43 ms
[1592418600] CURRENT SERVICE STATE: esxi03;ESXi Hardware Check;OK;HARD;1;OK - Server: Cisco Systems Inc UCSC-C220-M4S s/n: FCH22157ESB Chassis S/N: FCH2216V0TW  System BIOS: C220M4.3.0.4a.0.0226182253 2018-02-26
[1592418600] CURRENT SERVICE STATE: esxi03;PING;OK;HARD;1;PING OK - Packet loss = 0%, RTA = 0.38 ms
[1592418600] CURRENT SERVICE STATE: esxi04;ESXi Hardware Check;OK;HARD;1;OK - Server: Cisco Systems Inc UCSC-C220-M4S s/n: FCH22137QKB Chassis S/N: FCH2216V0YZ  System BIOS: C220M4.3.0.4a.0.0226182253 2018-02-26
[1592418600] CURRENT SERVICE STATE: esxi04;PING;OK;HARD;1;PING OK - Packet loss = 0%, RTA = 0.41 ms
[1592418600] CURRENT SERVICE STATE: esxi05;ESXi Hardware Check;OK;HARD;1;OK - Server: Cisco Systems Inc UCSC-C220-M4S s/n: FCH22157EPD Chassis S/N: FCH2216V0Z0  System BIOS: C220M4.3.0.4a.0.0226182253 2018-02-26
[1592418600] CURRENT SERVICE STATE: esxi05;PING;OK;HARD;1;PING OK - Packet loss = 0%, RTA = 0.53 ms
[1592418600] CURRENT SERVICE STATE: esxi06;ESXi Haradware Check;OK;HARD;1;OK - Server: Cisco Systems Inc UCSC-C220-M4S s/n: FCH22157ERW Chassis S/N: FCH2216V0X8  System BIOS: C220M4.3.0.4a.0.0226182253 2018-02-26
[1592418600] CURRENT SERVICE STATE: esxi06;PING;OK;HARD;1;PING OK - Packet loss = 0%, RTA = 0.40 ms
[1592418600] CURRENT SERVICE STATE: esxi07;ESXi Hardware Check;OK;HARD;1;OK - Server: Cisco Systems Inc UCSC-C220-M4S s/n: FCH22157EV7 Chassis S/N: FCH2216V0Y8  System BIOS: C220M4.3.0.4a.0.0226182253 2018-02-26
[1592418600] CURRENT SERVICE STATE: esxi07;PING;OK;HARD;1;PING OK - Packet loss = 0%, RTA = 0.57 ms
[1592418600] CURRENT SERVICE STATE: esxi08;ESXi Hardware Check;OK;HARD;1;OK - Server: Cisco Systems Inc UCSC-C220-M4S s/n: FCH22137QJN Chassis S/N: FCH2216V0YV  System BIOS: C220M4.3.0.4a.0.0226182253 2018-02-26
[1592418600] CURRENT SERVICE STATE: esxi08;PING;OK;HARD;1;PING OK - Packet loss = 0%, RTA = 0.39 ms
[1592418600] CURRENT SERVICE STATE: esxi09;ESXi Hardware Check;OK;HARD;1;OK - Server: Cisco Systems Inc UCSC-C220-M4S s/n: FCH22157ERY Chassis S/N: FCH2216V0YN  System BIOS: C220M4.3.0.4a.0.0226182253 2018-02-26
[1592418600] CURRENT SERVICE STATE: esxi09;PING;OK;HARD;1;PING OK - Packet loss = 0%, RTA = 0.35 ms
[1592418600] CURRENT SERVICE STATE: localhost;Current Load;OK;HARD;1;OK - load average: 0.02, 0.02, 0.05
[1592418600] CURRENT SERVICE STATE: localhost;Current Users;OK;HARD;1;USERS OK - 0 users currently logged in
[1592418600] CURRENT SERVICE STATE: localhost;PING;OK;HARD;1;PING OK - Packet loss = 0%, RTA = 0.05 ms
[1592418600] CURRENT SERVICE STATE: localhost;Root Partition;OK;HARD;1;DISK OK - free space: / 42834 MB (83.70% inode=99%):
[1592418600] CURRENT SERVICE STATE: localhost;SSH;OK;HARD;1;SSH OK - OpenSSH_7.4 (protocol 2.0)
[1592418600] CURRENT SERVICE STATE: localhost;Swap Usage;OK;HARD;1;SWAP OK - 100% free (3967 MB out of 3967 MB)
[1592418600] CURRENT SERVICE STATE: localhost;Total Processes;OK;HARD;1;PROCS OK: 85 processes with STATE = RSZDT
[1592418600] CURRENT SERVICE STATE: vmware10gswitch;check-host-alive;OK;HARD;1;PING OK - Packet loss = 0%, RTA = 1.30 ms
[1592418600] CURRENT SERVICE STATE: vmwaremgmtswitch;check-host-alive;OK;HARD;1;PING OK - Packet loss = 0%, RTA = 0.76 ms
[1592420885] Auto-save of retention data completed successfully.
[1592424485] Auto-save of retention data completed successfully.
[1592428085] Auto-save of retention data completed successfully.
[1592431685] Auto-save of retention data completed successfully.
[1592435285] Auto-save of retention data completed successfully.
[1592438885] Auto-save of retention data completed successfully.
[1592442485] Auto-save of retention data completed successfully.
[1592444405] SERVICE ALERT: esxi03;PING;WARNING;SOFT;1;PING WARNING - Packet loss = 20%, RTA = 0.90 ms
[1592444469] SERVICE ALERT: esxi03;PING;OK;SOFT;2;PING OK - Packet loss = 0%, RTA = 0.37 ms
[1592446085] Auto-save of retention data completed successfully.
[1592449685] Auto-save of retention data completed successfully.
[1592453285] Auto-save of retention data completed successfully.
[1592456885] Auto-save of retention data completed successfully.
[1592459259] wproc: Core Worker 22691: job 524472 (pid=9862) timed out. Killing it
[1592459259] wproc: CHECK job 524472 from worker Core Worker 22691 timed out after 30.01s
[1592459259] wproc:   host=Director_Resident; service=(null);
[1592459259] wproc:   early_timeout=1; exited_ok=0; wait_status=0; error_code=62;
[1592459259] Warning: Check of host 'Director_Resident' timed out after 30.01 seconds
[1592459259] HOST ALERT: Director_Resident;DOWN;SOFT;1;(Host check timed out after 30.01 seconds)
[1592459259] wproc: Core Worker 22691: job 524472 (pid=9862): Dormant child reaped
[1592459306] wproc: Core Worker 22689: job 524476 (pid=9897) timed out. Killing it
[1592459306] wproc: CHECK job 524476 from worker Core Worker 22689 timed out after 30.01s
[1592459306] wproc:   host=Director_Bldg; service=(null);
[1592459306] wproc:   early_timeout=1; exited_ok=0; wait_status=0; error_code=62;
[1592459306] Warning: Check of host 'Director_Bldg' timed out after 30.01 seconds
[1592459306] HOST ALERT: Director_Bldg;DOWN;SOFT;1;(Host check timed out after 30.01 seconds)
[1592459306] wproc: Core Worker 22689: job 524476 (pid=9897): Dormant child reaped
[1592459349] wproc: Core Worker 22691: job 524477 (pid=9917) timed out. Killing it
[1592459349] wproc: CHECK job 524477 from worker Core Worker 22691 timed out after 30.02s
[1592459349] wproc:   host=Director_Resident; service=(null);
[1592459349] wproc:   early_timeout=1; exited_ok=0; wait_status=0; error_code=62;
[1592459349] Warning: Check of host 'Director_Resident' timed out after 30.02 seconds
[1592459349] HOST ALERT: Director_Resident;DOWN;SOFT;2;(Host check timed out after 30.02 seconds)
[1592459349] wproc: Core Worker 22691: job 524477 (pid=9917): Dormant child reaped
[1592459396] wproc: Core Worker 22691: job 524478 (pid=9925) timed out. Killing it
[1592459396] wproc: CHECK job 524478 from worker Core Worker 22691 timed out after 30.02s
[1592459396] wproc:   host=Director_Bldg; service=(null);
[1592459396] wproc:   early_timeout=1; exited_ok=0; wait_status=0; error_code=62;
[1592459396] Warning: Check of host 'Director_Bldg' timed out after 30.02 seconds
[1592459396] HOST ALERT: Director_Bldg;DOWN;SOFT;2;(Host check timed out after 30.02 seconds)
[1592459397] wproc: Core Worker 22691: job 524478 (pid=9925): Dormant child reaped
[1592459439] wproc: Core Worker 22690: job 524480 (pid=10088) timed out. Killing it
[1592459439] wproc: CHECK job 524480 from worker Core Worker 22690 timed out after 30.03s
[1592459439] wproc:   host=Director_Resident; service=(null);
[1592459439] wproc:   early_timeout=1; exited_ok=0; wait_status=0; error_code=62;
[1592459439] Warning: Check of host 'Director_Resident' timed out after 30.03 seconds
[1592459439] HOST ALERT: Director_Resident;DOWN;SOFT;3;(Host check timed out after 30.03 seconds)
[1592459439] wproc: Core Worker 22690: job 524480 (pid=10088): Dormant child reaped
[1592459486] wproc: Core Worker 22691: job 524481 (pid=10107) timed out. Killing it
[1592459486] wproc: CHECK job 524481 from worker Core Worker 22691 timed out after 30.03s
[1592459486] wproc:   host=Director_Bldg; service=(null);
[1592459486] wproc:   early_timeout=1; exited_ok=0; wait_status=0; error_code=62;
[1592459486] Warning: Check of host 'Director_Bldg' timed out after 30.03 seconds
[1592459486] HOST ALERT: Director_Bldg;DOWN;SOFT;3;(Host check timed out after 30.03 seconds)
[1592459487] wproc: Core Worker 22691: job 524481 (pid=10107): Dormant child reaped
[1592459529] wproc: Core Worker 22692: job 524482 (pid=10124) timed out. Killing it
[1592459529] wproc: CHECK job 524482 from worker Core Worker 22692 timed out after 30.01s
[1592459529] wproc:   host=Director_Resident; service=(null);
[1592459529] wproc:   early_timeout=1; exited_ok=0; wait_status=0; error_code=62;
[1592459529] Warning: Check of host 'Director_Resident' timed out after 30.01 seconds
[1592459529] HOST ALERT: Director_Resident;DOWN;SOFT;4;(Host check timed out after 30.01 seconds)
[1592459529] wproc: Core Worker 22692: job 524482 (pid=10124): Dormant child reaped
[1592459563] SERVICE ALERT: Director_Resident;check-host-alive;CRITICAL;HARD;1;CRITICAL - Plugin timed out
[1592459576] wproc: Core Worker 22691: job 524484 (pid=10137) timed out. Killing it
[1592459576] wproc: CHECK job 524484 from worker Core Worker 22691 timed out after 30.01s
[1592459576] wproc:   host=Director_Bldg; service=(null);
[1592459576] wproc:   early_timeout=1; exited_ok=0; wait_status=0; error_code=62;
[1592459576] Warning: Check of host 'Director_Bldg' timed out after 30.01 seconds
[1592459576] HOST ALERT: Director_Bldg;DOWN;SOFT;4;(Host check timed out after 30.01 seconds)
[1592459577] wproc: Core Worker 22691: job 524484 (pid=10137): Dormant child reaped
[1592459619] wproc: Core Worker 22689: job 524488 (pid=10172) timed out. Killing it
[1592459619] wproc: CHECK job 524488 from worker Core Worker 22689 timed out after 30.02s
[1592459619] wproc:   host=Director_Resident; service=(null);
[1592459619] wproc:   early_timeout=1; exited_ok=0; wait_status=0; error_code=62;
[1592459619] Warning: Check of host 'Director_Resident' timed out after 30.02 seconds
[1592459619] HOST ALERT: Director_Resident;DOWN;SOFT;5;(Host check timed out after 30.02 seconds)
[1592459619] wproc: Core Worker 22689: job 524488 (pid=10172): Dormant child reaped
[1592459666] wproc: Core Worker 22690: job 524489 (pid=10190) timed out. Killing it
[1592459666] wproc: CHECK job 524489 from worker Core Worker 22690 timed out after 30.03s
[1592459666] wproc:   host=Director_Bldg; service=(null);
[1592459666] wproc:   early_timeout=1; exited_ok=0; wait_status=0; error_code=62;
[1592459666] Warning: Check of host 'Director_Bldg' timed out after 30.03 seconds
[1592459666] HOST ALERT: Director_Bldg;DOWN;SOFT;5;(Host check timed out after 30.03 seconds)
[1592459667] wproc: Core Worker 22690: job 524489 (pid=10190): Dormant child reaped
[1592459709] wproc: Core Worker 22690: job 524490 (pid=10206) timed out. Killing it
[1592459709] wproc: CHECK job 524490 from worker Core Worker 22690 timed out after 30.01s
[1592459709] wproc:   host=Director_Resident; service=(null);
[1592459709] wproc:   early_timeout=1; exited_ok=0; wait_status=0; error_code=62;
[1592459709] Warning: Check of host 'Director_Resident' timed out after 30.01 seconds
[1592459709] HOST ALERT: Director_Resident;DOWN;SOFT;6;(Host check timed out after 30.01 seconds)
[1592459709] wproc: Core Worker 22690: job 524490 (pid=10206): Dormant child reaped
[1592459756] wproc: Core Worker 22691: job 524491 (pid=10353) timed out. Killing it
[1592459756] wproc: CHECK job 524491 from worker Core Worker 22691 timed out after 30.01s
[1592459756] wproc:   host=Director_Bldg; service=(null);
[1592459756] wproc:   early_timeout=1; exited_ok=0; wait_status=0; error_code=62;
[1592459756] Warning: Check of host 'Director_Bldg' timed out after 30.01 seconds
[1592459756] HOST ALERT: Director_Bldg;DOWN;SOFT;6;(Host check timed out after 30.01 seconds)
[1592459757] wproc: Core Worker 22691: job 524491 (pid=10353): Dormant child reaped
[1592459781] SERVICE ALERT: Director_Bldg;check-host-alive;CRITICAL;HARD;1;CRITICAL - Plugin timed out
[1592459799] wproc: Core Worker 22691: job 524492 (pid=10369) timed out. Killing it
[1592459799] wproc: CHECK job 524492 from worker Core Worker 22691 timed out after 30.03s
[1592459799] wproc:   host=Director_Resident; service=(null);
[1592459799] wproc:   early_timeout=1; exited_ok=0; wait_status=0; error_code=62;
[1592459799] Warning: Check of host 'Director_Resident' timed out after 30.03 seconds
[1592459799] HOST ALERT: Director_Resident;DOWN;SOFT;7;(Host check timed out after 30.03 seconds)
[1592459799] wproc: Core Worker 22691: job 524492 (pid=10369): Dormant child reaped
[1592459846] wproc: Core Worker 22691: job 524493 (pid=10384) timed out. Killing it
[1592459846] wproc: CHECK job 524493 from worker Core Worker 22691 timed out after 30.02s
[1592459846] wproc:   host=Director_Bldg; service=(null);
[1592459846] wproc:   early_timeout=1; exited_ok=0; wait_status=0; error_code=62;
[1592459846] Warning: Check of host 'Director_Bldg' timed out after 30.02 seconds
[1592459846] HOST ALERT: Director_Bldg;DOWN;SOFT;7;(Host check timed out after 30.02 seconds)
[1592459847] wproc: Core Worker 22691: job 524493 (pid=10384): Dormant child reaped
[1592459889] wproc: Core Worker 22692: job 524496 (pid=10417) timed out. Killing it
[1592459889] wproc: CHECK job 524496 from worker Core Worker 22692 timed out after 30.02s
[1592459889] wproc:   host=Director_Resident; service=(null);
[1592459889] wproc:   early_timeout=1; exited_ok=0; wait_status=0; error_code=62;
[1592459889] Warning: Check of host 'Director_Resident' timed out after 30.02 seconds
[1592459889] HOST ALERT: Director_Resident;DOWN;SOFT;8;(Host check timed out after 30.02 seconds)
[1592459889] wproc: Core Worker 22692: job 524496 (pid=10417): Dormant child reaped
[1592459936] wproc: Core Worker 22691: job 524498 (pid=10431) timed out. Killing it
[1592459936] wproc: CHECK job 524498 from worker Core Worker 22691 timed out after 30.02s
[1592459936] wproc:   host=Director_Bldg; service=(null);
[1592459936] wproc:   early_timeout=1; exited_ok=0; wait_status=0; error_code=62;
[1592459936] Warning: Check of host 'Director_Bldg' timed out after 30.02 seconds
[1592459936] HOST ALERT: Director_Bldg;DOWN;SOFT;8;(Host check timed out after 30.02 seconds)
[1592459937] wproc: Core Worker 22691: job 524498 (pid=10431): Dormant child reaped
[1592459979] wproc: Core Worker 22691: job 524499 (pid=10448) timed out. Killing it
[1592459979] wproc: CHECK job 524499 from worker Core Worker 22691 timed out after 30.03s
[1592459979] wproc:   host=Director_Resident; service=(null);
[1592459979] wproc:   early_timeout=1; exited_ok=0; wait_status=0; error_code=62;
[1592459979] Warning: Check of host 'Director_Resident' timed out after 30.03 seconds
[1592459979] HOST ALERT: Director_Resident;DOWN;SOFT;9;(Host check timed out after 30.03 seconds)
[1592459979] wproc: Core Worker 22691: job 524499 (pid=10448): Dormant child reaped
[1592460026] wproc: Core Worker 22692: job 524500 (pid=10464) timed out. Killing it
[1592460026] wproc: CHECK job 524500 from worker Core Worker 22692 timed out after 30.01s
[1592460026] wproc:   host=Director_Bldg; service=(null);
[1592460026] wproc:   early_timeout=1; exited_ok=0; wait_status=0; error_code=62;
[1592460026] Warning: Check of host 'Director_Bldg' timed out after 30.01 seconds
[1592460026] HOST ALERT: Director_Bldg;DOWN;SOFT;9;(Host check timed out after 30.01 seconds)
[1592460027] wproc: Core Worker 22692: job 524500 (pid=10464): Dormant child reaped
[1592460044] HOST ALERT: Director_Resident;UP;SOFT;1;PING OK - Packet loss = 20%, RTA = 1.60 ms
[1592460090] HOST ALERT: Director_Bldg;UP;SOFT;1;PING OK - Packet loss = 0%, RTA = 0.58 ms
[1592460136] SERVICE ALERT: Director_Resident;check-host-alive;OK;SOFT;1;PING OK - Packet loss = 0%, RTA = 1.12 ms
[1592460354] SERVICE ALERT: Director_Bldg;check-host-alive;OK;SOFT;1;PING OK - Packet loss = 0%, RTA = 0.56 ms
[1592460485] Auto-save of retention data completed successfully.
[1592462469] wproc: Core Worker 22691: job 524578 (pid=12682) timed out. Killing it
[1592462469] wproc: CHECK job 524578 from worker Core Worker 22691 timed out after 30.02s
[1592462469] wproc:   host=Director_Resident; service=(null);
[1592462469] wproc:   early_timeout=1; exited_ok=0; wait_status=0; error_code=62;
[1592462469] Warning: Check of host 'Director_Resident' timed out after 30.02 seconds
[1592462469] HOST ALERT: Director_Resident;DOWN;SOFT;1;(Host check timed out after 30.02 seconds)
[1592462469] wproc: Core Worker 22691: job 524578 (pid=12682): Dormant child reaped
[1592462516] wproc: Core Worker 22692: job 524579 (pid=12690) timed out. Killing it
[1592462516] wproc: CHECK job 524579 from worker Core Worker 22692 timed out after 30.01s
[1592462516] wproc:   host=Director_Bldg; service=(null);
[1592462516] wproc:   early_timeout=1; exited_ok=0; wait_status=0; error_code=62;
[1592462516] Warning: Check of host 'Director_Bldg' timed out after 30.01 seconds
[1592462516] HOST ALERT: Director_Bldg;DOWN;SOFT;1;(Host check timed out after 30.01 seconds)
[1592462517] wproc: Core Worker 22692: job 524579 (pid=12690): Dormant child reaped
[1592462559] wproc: Core Worker 22690: job 524581 (pid=12709) timed out. Killing it
[1592462559] wproc: CHECK job 524581 from worker Core Worker 22690 timed out after 30.01s
[1592462559] wproc:   host=Director_Resident; service=(null);
[1592462559] wproc:   early_timeout=1; exited_ok=0; wait_status=0; error_code=62;
[1592462559] Warning: Check of host 'Director_Resident' timed out after 30.01 seconds
[1592462559] HOST ALERT: Director_Resident;DOWN;SOFT;2;(Host check timed out after 30.01 seconds)
[1592462559] wproc: Core Worker 22690: job 524581 (pid=12709): Dormant child reaped
[1592462563] SERVICE ALERT: Director_Resident;check-host-alive;CRITICAL;HARD;1;CRITICAL - Plugin timed out
[1592462580] HOST ALERT: Director_Bldg;UP;SOFT;1;PING OK - Packet loss = 0%, RTA = 0.55 ms
[1592462624] HOST ALERT: Director_Resident;UP;SOFT;1;PING OK - Packet loss = 20%, RTA = 0.72 ms
[1592463136] SERVICE FLAPPING ALERT: Director_Resident;check-host-alive;STARTED; Service appears to have started flapping (23.4% change >= 20.0% threshold)
[1592463136] SERVICE ALERT: Director_Resident;check-host-alive;OK;SOFT;1;PING OK - Packet loss = 0%, RTA = 0.63 ms
[1592464085] Auto-save of retention data completed successfully.
[1592467106] wproc: Core Worker 22691: job 524726 (pid=16529) timed out. Killing it
[1592467106] wproc: CHECK job 524726 from worker Core Worker 22691 timed out after 30.01s
[1592467106] wproc:   host=Director_Bldg; service=(null);
[1592467106] wproc:   early_timeout=1; exited_ok=0; wait_status=0; error_code=62;
[1592467106] Warning: Check of host 'Director_Bldg' timed out after 30.01 seconds
[1592467106] HOST ALERT: Director_Bldg;DOWN;SOFT;1;(Host check timed out after 30.01 seconds)
[1592467106] wproc: Core Worker 22691: job 524726 (pid=16529): Dormant child reaped
[1592467149] wproc: Core Worker 22689: job 524728 (pid=16549) timed out. Killing it
[1592467149] wproc: CHECK job 524728 from worker Core Worker 22689 timed out after 30.03s
[1592467149] wproc:   host=Director_Resident; service=(null);
[1592467149] wproc:   early_timeout=1; exited_ok=0; wait_status=0; error_code=62;
[1592467149] Warning: Check of host 'Director_Resident' timed out after 30.03 seconds
[1592467149] HOST ALERT: Director_Resident;DOWN;SOFT;1;(Host check timed out after 30.03 seconds)
[1592467149] wproc: Core Worker 22689: job 524728 (pid=16549): Dormant child reaped
[1592467196] wproc: Core Worker 22689: job 524729 (pid=16557) timed out. Killing it
[1592467196] wproc: CHECK job 524729 from worker Core Worker 22689 timed out after 30.03s
[1592467196] wproc:   host=Director_Bldg; service=(null);
[1592467196] wproc:   early_timeout=1; exited_ok=0; wait_status=0; error_code=62;
[1592467196] Warning: Check of host 'Director_Bldg' timed out after 30.03 seconds
[1592467196] HOST ALERT: Director_Bldg;DOWN;SOFT;2;(Host check timed out after 30.03 seconds)
[1592467196] wproc: Core Worker 22689: job 524729 (pid=16557): Dormant child reaped
[1592467214] HOST ALERT: Director_Resident;UP;SOFT;1;PING OK - Packet loss = 20%, RTA = 0.67 ms
[1592467260] HOST ALERT: Director_Bldg;UP;SOFT;1;PING OK - Packet loss = 0%, RTA = 0.58 ms
[1592467685] Auto-save of retention data completed successfully.
[1592471285] Auto-save of retention data completed successfully.
[1592474536] SERVICE FLAPPING ALERT: Director_Resident;check-host-alive;STOPPED; Service appears to have stopped flapping (3.8% change < 5.0% threshold)
[1592474885] Auto-save of retention data completed successfully.
[1592478040] wproc: Core Worker 22692: job 525072 (pid=25891) timed out. Killing it
[1592478040] wproc: CHECK job 525072 from worker Core Worker 22692 timed out after 30.03s
[1592478040] wproc:   host=Director_Resident; service=(null);
[1592478040] wproc:   early_timeout=1; exited_ok=0; wait_status=0; error_code=62;
[1592478040] Warning: Check of host 'Director_Resident' timed out after 30.03 seconds
[1592478040] HOST ALERT: Director_Resident;DOWN;SOFT;1;(Host check timed out after 30.03 seconds)
[1592478040] wproc: Core Worker 22692: job 525072 (pid=25891): Dormant child reaped
[1592478086] wproc: Core Worker 22689: job 525074 (pid=25910) timed out. Killing it
[1592478086] wproc: CHECK job 525074 from worker Core Worker 22689 timed out after 30.03s
[1592478086] wproc:   host=Director_Bldg; service=(null);
[1592478086] wproc:   early_timeout=1; exited_ok=0; wait_status=0; error_code=62;
[1592478086] Warning: Check of host 'Director_Bldg' timed out after 30.03 seconds
[1592478086] HOST ALERT: Director_Bldg;DOWN;SOFT;1;(Host check timed out after 30.03 seconds)
[1592478086] wproc: Core Worker 22689: job 525074 (pid=25910): Dormant child reaped
[1592478130] wproc: Core Worker 22690: job 525075 (pid=25926) timed out. Killing it
[1592478130] wproc: CHECK job 525075 from worker Core Worker 22690 timed out after 30.01s
[1592478130] wproc:   host=Director_Resident; service=(null);
[1592478130] wproc:   early_timeout=1; exited_ok=0; wait_status=0; error_code=62;
[1592478130] Warning: Check of host 'Director_Resident' timed out after 30.01 seconds
[1592478130] HOST ALERT: Director_Resident;DOWN;SOFT;2;(Host check timed out after 30.01 seconds)
[1592478130] wproc: Core Worker 22690: job 525075 (pid=25926): Dormant child reaped
[1592478163] SERVICE ALERT: Director_Resident;check-host-alive;CRITICAL;HARD;1;CRITICAL - Plugin timed out
[1592478176] wproc: Core Worker 22689: job 525077 (pid=25939) timed out. Killing it
[1592478176] wproc: CHECK job 525077 from worker Core Worker 22689 timed out after 30.01s
[1592478176] wproc:   host=Director_Bldg; service=(null);
[1592478176] wproc:   early_timeout=1; exited_ok=0; wait_status=0; error_code=62;
[1592478176] Warning: Check of host 'Director_Bldg' timed out after 30.01 seconds
[1592478176] HOST ALERT: Director_Bldg;DOWN;SOFT;2;(Host check timed out after 30.01 seconds)
[1592478176] wproc: Core Worker 22689: job 525077 (pid=25939): Dormant child reaped
[1592478220] wproc: Core Worker 22691: job 525080 (pid=25972) timed out. Killing it
[1592478220] wproc: CHECK job 525080 from worker Core Worker 22691 timed out after 30.01s
[1592478220] wproc:   host=Director_Resident; service=(null);
[1592478220] wproc:   early_timeout=1; exited_ok=0; wait_status=0; error_code=62;
[1592478220] Warning: Check of host 'Director_Resident' timed out after 30.01 seconds
[1592478220] HOST ALERT: Director_Resident;DOWN;SOFT;3;(Host check timed out after 30.01 seconds)
[1592478220] wproc: Core Worker 22691: job 525080 (pid=25972): Dormant child reaped
[1592478266] wproc: Core Worker 22692: job 525081 (pid=25990) timed out. Killing it
[1592478266] wproc: CHECK job 525081 from worker Core Worker 22692 timed out after 30.02s
[1592478266] wproc:   host=Director_Bldg; service=(null);
[1592478266] wproc:   early_timeout=1; exited_ok=0; wait_status=0; error_code=62;
[1592478266] Warning: Check of host 'Director_Bldg' timed out after 30.02 seconds
[1592478266] HOST ALERT: Director_Bldg;DOWN;SOFT;3;(Host check timed out after 30.02 seconds)
[1592478266] wproc: Core Worker 22692: job 525081 (pid=25990): Dormant child reaped
[1592478310] wproc: Core Worker 22692: job 525082 (pid=26006) timed out. Killing it
[1592478310] wproc: CHECK job 525082 from worker Core Worker 22692 timed out after 30.01s
[1592478310] wproc:   host=Director_Resident; service=(null);
[1592478310] wproc:   early_timeout=1; exited_ok=0; wait_status=0; error_code=62;
[1592478310] Warning: Check of host 'Director_Resident' timed out after 30.01 seconds
[1592478310] HOST ALERT: Director_Resident;DOWN;SOFT;4;(Host check timed out after 30.01 seconds)
[1592478310] wproc: Core Worker 22692: job 525082 (pid=26006): Dormant child reaped
[1592478356] wproc: Core Worker 22689: job 525084 (pid=26154) timed out. Killing it
[1592478356] wproc: CHECK job 525084 from worker Core Worker 22689 timed out after 30.02s
[1592478356] wproc:   host=Director_Bldg; service=(null);
[1592478356] wproc:   early_timeout=1; exited_ok=0; wait_status=0; error_code=62;
[1592478356] Warning: Check of host 'Director_Bldg' timed out after 30.02 seconds
[1592478356] HOST ALERT: Director_Bldg;DOWN;SOFT;4;(Host check timed out after 30.02 seconds)
[1592478356] wproc: Core Worker 22689: job 525084 (pid=26154): Dormant child reaped
[1592478381] SERVICE ALERT: Director_Bldg;check-host-alive;CRITICAL;HARD;1;CRITICAL - Plugin timed out
[1592478400] wproc: Core Worker 22689: job 525085 (pid=26170) timed out. Killing it
[1592478400] wproc: CHECK job 525085 from worker Core Worker 22689 timed out after 30.03s
[1592478400] wproc:   host=Director_Resident; service=(null);
[1592478400] wproc:   early_timeout=1; exited_ok=0; wait_status=0; error_code=62;
[1592478400] Warning: Check of host 'Director_Resident' timed out after 30.03 seconds
[1592478400] HOST ALERT: Director_Resident;DOWN;SOFT;5;(Host check timed out after 30.03 seconds)
[1592478400] wproc: Core Worker 22689: job 525085 (pid=26170): Dormant child reaped
[1592478446] wproc: Core Worker 22689: job 525086 (pid=26185) timed out. Killing it
[1592478446] wproc: CHECK job 525086 from worker Core Worker 22689 timed out after 30.01s
[1592478446] wproc:   host=Director_Bldg; service=(null);
[1592478446] wproc:   early_timeout=1; exited_ok=0; wait_status=0; error_code=62;
[1592478446] Warning: Check of host 'Director_Bldg' timed out after 30.01 seconds
[1592478446] HOST ALERT: Director_Bldg;DOWN;SOFT;5;(Host check timed out after 30.01 seconds)
[1592478446] wproc: Core Worker 22689: job 525086 (pid=26185): Dormant child reaped
[1592478485] Auto-save of retention data completed successfully.
[1592478490] wproc: Core Worker 22690: job 525089 (pid=26218) timed out. Killing it
[1592478490] wproc: CHECK job 525089 from worker Core Worker 22690 timed out after 30.01s
[1592478490] wproc:   host=Director_Resident; service=(null);
[1592478490] wproc:   early_timeout=1; exited_ok=0; wait_status=0; error_code=62;
[1592478490] Warning: Check of host 'Director_Resident' timed out after 30.01 seconds
[1592478490] HOST ALERT: Director_Resident;DOWN;SOFT;6;(Host check timed out after 30.01 seconds)
[1592478490] wproc: Core Worker 22690: job 525089 (pid=26218): Dormant child reaped
[1592478536] wproc: Core Worker 22689: job 525091 (pid=26232) timed out. Killing it
[1592478536] wproc: CHECK job 525091 from worker Core Worker 22689 timed out after 30.03s
[1592478536] wproc:   host=Director_Bldg; service=(null);
[1592478536] wproc:   early_timeout=1; exited_ok=0; wait_status=0; error_code=62;
[1592478536] Warning: Check of host 'Director_Bldg' timed out after 30.03 seconds
[1592478536] HOST ALERT: Director_Bldg;DOWN;SOFT;6;(Host check timed out after 30.03 seconds)
[1592478536] wproc: Core Worker 22689: job 525091 (pid=26232): Dormant child reaped
[1592478580] wproc: Core Worker 22689: job 525092 (pid=26248) timed out. Killing it
[1592478580] wproc: CHECK job 525092 from worker Core Worker 22689 timed out after 30.03s
[1592478580] wproc:   host=Director_Resident; service=(null);
[1592478580] wproc:   early_timeout=1; exited_ok=0; wait_status=0; error_code=62;
[1592478580] Warning: Check of host 'Director_Resident' timed out after 30.03 seconds
[1592478580] HOST ALERT: Director_Resident;DOWN;SOFT;7;(Host check timed out after 30.03 seconds)
[1592478580] wproc: Core Worker 22689: job 525092 (pid=26248): Dormant child reaped
[1592478626] wproc: Core Worker 22690: job 525093 (pid=26264) timed out. Killing it
[1592478626] wproc: CHECK job 525093 from worker Core Worker 22690 timed out after 30.01s
[1592478626] wproc:   host=Director_Bldg; service=(null);
[1592478626] wproc:   early_timeout=1; exited_ok=0; wait_status=0; error_code=62;
[1592478626] Warning: Check of host 'Director_Bldg' timed out after 30.01 seconds
[1592478626] HOST ALERT: Director_Bldg;DOWN;SOFT;7;(Host check timed out after 30.01 seconds)
[1592478626] wproc: Core Worker 22690: job 525093 (pid=26264): Dormant child reaped
[1592478670] wproc: Core Worker 22689: job 525095 (pid=26431) timed out. Killing it
[1592478670] wproc: CHECK job 525095 from worker Core Worker 22689 timed out after 30.03s
[1592478670] wproc:   host=Director_Resident; service=(null);
[1592478670] wproc:   early_timeout=1; exited_ok=0; wait_status=0; error_code=62;
[1592478670] Warning: Check of host 'Director_Resident' timed out after 30.03 seconds
[1592478670] HOST ALERT: Director_Resident;DOWN;SOFT;8;(Host check timed out after 30.03 seconds)
[1592478670] wproc: Core Worker 22689: job 525095 (pid=26431): Dormant child reaped
[1592478716] wproc: Core Worker 22690: job 525096 (pid=26439) timed out. Killing it
[1592478716] wproc: CHECK job 525096 from worker Core Worker 22690 timed out after 30.01s
[1592478716] wproc:   host=Director_Bldg; service=(null);
[1592478716] wproc:   early_timeout=1; exited_ok=0; wait_status=0; error_code=62;
[1592478716] Warning: Check of host 'Director_Bldg' timed out after 30.01 seconds
[1592478716] HOST ALERT: Director_Bldg;DOWN;SOFT;8;(Host check timed out after 30.01 seconds)
[1592478716] wproc: Core Worker 22690: job 525096 (pid=26439): Dormant child reaped
[1592478760] wproc: Core Worker 22692: job 525097 (pid=26458) timed out. Killing it
[1592478760] wproc: CHECK job 525097 from worker Core Worker 22692 timed out after 30.01s
[1592478760] wproc:   host=Director_Resident; service=(null);
[1592478760] wproc:   early_timeout=1; exited_ok=0; wait_status=0; error_code=62;
[1592478760] Warning: Check of host 'Director_Resident' timed out after 30.01 seconds
[1592478760] HOST ALERT: Director_Resident;DOWN;SOFT;9;(Host check timed out after 30.01 seconds)
[1592478760] wproc: Core Worker 22692: job 525097 (pid=26458): Dormant child reaped
[1592478806] wproc: Core Worker 22691: job 525101 (pid=26493) timed out. Killing it
[1592478806] wproc: CHECK job 525101 from worker Core Worker 22691 timed out after 30.03s
[1592478806] wproc:   host=Director_Bldg; service=(null);
[1592478806] wproc:   early_timeout=1; exited_ok=0; wait_status=0; error_code=62;
[1592478806] Warning: Check of host 'Director_Bldg' timed out after 30.03 seconds
[1592478806] HOST ALERT: Director_Bldg;DOWN;SOFT;9;(Host check timed out after 30.03 seconds)
[1592478806] wproc: Core Worker 22691: job 525101 (pid=26493): Dormant child reaped
[1592478850] wproc: Core Worker 22692: job 525102 (pid=26511) timed out. Killing it
[1592478850] wproc: CHECK job 525102 from worker Core Worker 22692 timed out after 30.03s
[1592478850] wproc:   host=Director_Resident; service=(null);
[1592478850] wproc:   early_timeout=1; exited_ok=0; wait_status=0; error_code=62;
[1592478850] Warning: Check of host 'Director_Resident' timed out after 30.03 seconds
[1592478850] HOST NOTIFICATION: nagiosadmin;Director_Resident;DOWN;notify-host-by-email;(Host check timed out after 30.03 seconds)
[1592478850] HOST ALERT: Director_Resident;DOWN;HARD;10;(Host check timed out after 30.03 seconds)
[1592478850] wproc: Core Worker 22692: job 525102 (pid=26511): Dormant child reaped
[1592478896] wproc: Core Worker 22689: job 525104 (pid=26527) timed out. Killing it
[1592478896] wproc: CHECK job 525104 from worker Core Worker 22689 timed out after 30.02s
[1592478896] wproc:   host=Director_Bldg; service=(null);
[1592478896] wproc:   early_timeout=1; exited_ok=0; wait_status=0; error_code=62;
[1592478896] Warning: Check of host 'Director_Bldg' timed out after 30.02 seconds
[1592478896] HOST NOTIFICATION: nagiosadmin;Director_Bldg;DOWN;notify-host-by-email;(Host check timed out after 30.02 seconds)
[1592478896] HOST ALERT: Director_Bldg;DOWN;HARD;10;(Host check timed out after 30.02 seconds)
[1592478896] wproc: Core Worker 22689: job 525104 (pid=26527): Dormant child reaped
[1592479180] wproc: Core Worker 22691: job 525112 (pid=26773) timed out. Killing it
[1592479180] wproc: CHECK job 525112 from worker Core Worker 22691 timed out after 30.01s
[1592479180] wproc:   host=Director_Resident; service=(null);
[1592479180] wproc:   early_timeout=1; exited_ok=0; wait_status=0; error_code=62;
[1592479180] Warning: Check of host 'Director_Resident' timed out after 30.01 seconds
[1592479180] wproc: Core Worker 22691: job 525112 (pid=26773): Dormant child reaped
[1592479226] wproc: Core Worker 22692: job 525113 (pid=26790) timed out. Killing it
[1592479226] wproc: CHECK job 525113 from worker Core Worker 22692 timed out after 30.01s
[1592479226] wproc:   host=Director_Bldg; service=(null);
[1592479226] wproc:   early_timeout=1; exited_ok=0; wait_status=0; error_code=62;
[1592479226] Warning: Check of host 'Director_Bldg' timed out after 30.01 seconds
[1592479226] wproc: Core Worker 22692: job 525113 (pid=26790): Dormant child reaped
[1592479480] wproc: Core Worker 22692: job 525122 (pid=27035) timed out. Killing it
[1592479480] wproc: CHECK job 525122 from worker Core Worker 22692 timed out after 30.02s
[1592479480] wproc:   host=Director_Resident; service=(null);
[1592479480] wproc:   early_timeout=1; exited_ok=0; wait_status=0; error_code=62;
[1592479480] Warning: Check of host 'Director_Resident' timed out after 30.02 seconds
[1592479480] wproc: Core Worker 22692: job 525122 (pid=27035): Dormant child reaped
[1592479526] wproc: Core Worker 22691: job 525123 (pid=27050) timed out. Killing it
[1592479526] wproc: CHECK job 525123 from worker Core Worker 22691 timed out after 30.00s
[1592479526] wproc:   host=Director_Bldg; service=(null);
[1592479526] wproc:   early_timeout=1; exited_ok=0; wait_status=0; error_code=62;
[1592479526] Warning: Check of host 'Director_Bldg' timed out after 30.00 seconds
[1592479526] wproc: Core Worker 22691: job 525123 (pid=27050): Dormant child reaped
[1592479780] wproc: Core Worker 22691: job 525131 (pid=27281) timed out. Killing it
[1592479780] wproc: CHECK job 525131 from worker Core Worker 22691 timed out after 30.03s
[1592479780] wproc:   host=Director_Resident; service=(null);
[1592479780] wproc:   early_timeout=1; exited_ok=0; wait_status=0; error_code=62;
[1592479780] Warning: Check of host 'Director_Resident' timed out after 30.03 seconds
[1592479780] wproc: Core Worker 22691: job 525131 (pid=27281): Dormant child reaped
[1592479826] wproc: Core Worker 22692: job 525132 (pid=27297) timed out. Killing it
[1592479826] wproc: CHECK job 525132 from worker Core Worker 22692 timed out after 30.01s
[1592479826] wproc:   host=Director_Bldg; service=(null);
[1592479826] wproc:   early_timeout=1; exited_ok=0; wait_status=0; error_code=62;
[1592479826] Warning: Check of host 'Director_Bldg' timed out after 30.01 seconds
[1592479826] wproc: Core Worker 22692: job 525132 (pid=27297): Dormant child reaped
[1592480080] wproc: Core Worker 22692: job 525141 (pid=27564) timed out. Killing it
[1592480080] wproc: CHECK job 525141 from worker Core Worker 22692 timed out after 30.03s
[1592480080] wproc:   host=Director_Resident; service=(null);
[1592480080] wproc:   early_timeout=1; exited_ok=0; wait_status=0; error_code=62;
[1592480080] Warning: Check of host 'Director_Resident' timed out after 30.03 seconds
[1592480080] wproc: Core Worker 22692: job 525141 (pid=27564): Dormant child reaped
[1592480126] wproc: Core Worker 22691: job 525142 (pid=27578) timed out. Killing it
[1592480126] wproc: CHECK job 525142 from worker Core Worker 22691 timed out after 30.01s
[1592480126] wproc:   host=Director_Bldg; service=(null);
[1592480126] wproc:   early_timeout=1; exited_ok=0; wait_status=0; error_code=62;
[1592480126] Warning: Check of host 'Director_Bldg' timed out after 30.01 seconds
[1592480126] wproc: Core Worker 22691: job 525142 (pid=27578): Dormant child reaped
[1592480380] wproc: Core Worker 22691: job 525150 (pid=27809) timed out. Killing it
[1592480380] wproc: CHECK job 525150 from worker Core Worker 22691 timed out after 30.01s
[1592480380] wproc:   host=Director_Resident; service=(null);
[1592480380] wproc:   early_timeout=1; exited_ok=0; wait_status=0; error_code=62;
[1592480380] Warning: Check of host 'Director_Resident' timed out after 30.01 seconds
[1592480380] wproc: Core Worker 22691: job 525150 (pid=27809): Dormant child reaped
[1592480426] wproc: Core Worker 22692: job 525151 (pid=27825) timed out. Killing it
[1592480426] wproc: CHECK job 525151 from worker Core Worker 22692 timed out after 30.01s
[1592480426] wproc:   host=Director_Bldg; service=(null);
[1592480426] wproc:   early_timeout=1; exited_ok=0; wait_status=0; error_code=62;
[1592480426] Warning: Check of host 'Director_Bldg' timed out after 30.01 seconds
[1592480426] wproc: Core Worker 22692: job 525151 (pid=27825): Dormant child reaped
[1592480680] wproc: Core Worker 22692: job 525160 (pid=28067) timed out. Killing it
[1592480680] wproc: CHECK job 525160 from worker Core Worker 22692 timed out after 30.02s
[1592480680] wproc:   host=Director_Resident; service=(null);
[1592480680] wproc:   early_timeout=1; exited_ok=0; wait_status=0; error_code=62;
[1592480680] Warning: Check of host 'Director_Resident' timed out after 30.02 seconds
[1592480680] HOST NOTIFICATION: nagiosadmin;Director_Resident;DOWN;notify-host-by-email;(Host check timed out after 30.02 seconds)
[1592480680] wproc: Core Worker 22692: job 525160 (pid=28067): Dormant child reaped
[1592480726] wproc: Core Worker 22692: job 525161 (pid=28090) timed out. Killing it
[1592480726] wproc: CHECK job 525161 from worker Core Worker 22692 timed out after 30.00s
[1592480726] wproc:   host=Director_Bldg; service=(null);
[1592480726] wproc:   early_timeout=1; exited_ok=0; wait_status=0; error_code=62;
[1592480726] Warning: Check of host 'Director_Bldg' timed out after 30.00 seconds
[1592480726] HOST NOTIFICATION: nagiosadmin;Director_Bldg;DOWN;notify-host-by-email;(Host check timed out after 30.00 seconds)
[1592480726] wproc: Core Worker 22692: job 525161 (pid=28090): Dormant child reaped
[1592480955] HOST NOTIFICATION: nagiosadmin;Director_Resident;UP;notify-host-by-email;PING OK - Packet loss = 20%, RTA = 0.63 ms
[1592480955] HOST ALERT: Director_Resident;UP;HARD;1;PING OK - Packet loss = 20%, RTA = 0.63 ms
[1592481000] HOST NOTIFICATION: nagiosadmin;Director_Bldg;UP;notify-host-by-email;PING OK - Packet loss = 0%, RTA = 0.47 ms
[1592481000] HOST ALERT: Director_Bldg;UP;HARD;1;PING OK - Packet loss = 0%, RTA = 0.47 ms
[1592481136] SERVICE ALERT: Director_Resident;check-host-alive;OK;SOFT;1;PING OK - Packet loss = 0%, RTA = 0.96 ms
[1592481354] SERVICE ALERT: Director_Bldg;check-host-alive;OK;SOFT;1;PING OK - Packet loss = 0%, RTA = 0.45 ms
[1592482085] Auto-save of retention data completed successfully.
[1592484026] wproc: Core Worker 22692: job 525266 (pid=30894) timed out. Killing it
[1592484026] wproc: CHECK job 525266 from worker Core Worker 22692 timed out after 30.01s
[1592484026] wproc:   host=Director_Bldg; service=(null);
[1592484026] wproc:   early_timeout=1; exited_ok=0; wait_status=0; error_code=62;
[1592484026] Warning: Check of host 'Director_Bldg' timed out after 30.01 seconds
[1592484026] HOST ALERT: Director_Bldg;DOWN;SOFT;1;(Host check timed out after 30.01 seconds)
[1592484026] wproc: Core Worker 22692: job 525266 (pid=30894): Dormant child reaped
[1592484116] wproc: Core Worker 22691: job 525269 (pid=31065) timed out. Killing it
[1592484116] wproc: CHECK job 525269 from worker Core Worker 22691 timed out after 30.01s
[1592484116] wproc:   host=Director_Bldg; service=(null);
[1592484116] wproc:   early_timeout=1; exited_ok=0; wait_status=0; error_code=62;
[1592484116] Warning: Check of host 'Director_Bldg' timed out after 30.01 seconds
[1592484116] HOST ALERT: Director_Bldg;DOWN;SOFT;2;(Host check timed out after 30.01 seconds)
[1592484116] wproc: Core Worker 22691: job 525269 (pid=31065): Dormant child reaped
[1592484180] HOST ALERT: Director_Bldg;UP;SOFT;1;PING OK - Packet loss = 0%, RTA = 0.59 ms
[1592485685] Auto-save of retention data completed successfully.
[1592489285] Auto-save of retention data completed successfully.
[1592492885] Auto-save of retention data completed successfully.
[1592496485] Auto-save of retention data completed successfully.
[1592500085] Auto-save of retention data completed successfully.
[1592503685] Auto-save of retention data completed successfully.
