[1637346600] LOG ROTATION: DAILY
[1637346600] LOG VERSION: 2.0
[1637346600] CURRENT HOST STATE: AP_Main_Bldg;DOWN;HARD;10;CRITICAL - Host Unreachable (10.3.1.25)
[1637346600] CURRENT HOST STATE: Director_Bldg;UP;HARD;1;PING OK - Packet loss = 0%, RTA = 0.61 ms
[1637346600] CURRENT HOST STATE: Director_Resident;UP;HARD;1;PING OK - Packet loss = 0%, RTA = 0.37 ms
[1637346600] CURRENT HOST STATE: Switch_29;UP;HARD;1;PING OK - Packet loss = 0%, RTA = 2.47 ms
[1637346600] CURRENT HOST STATE: Switch_30;UP;HARD;1;PING OK - Packet loss = 0%, RTA = 4.44 ms
[1637346600] CURRENT HOST STATE: Switch_31;UP;HARD;1;PING OK - Packet loss = 0%, RTA = 1.73 ms
[1637346600] CURRENT HOST STATE: Switch_32;UP;HARD;1;PING OK - Packet loss = 0%, RTA = 1.56 ms
[1637346600] CURRENT HOST STATE: Switch_33;UP;HARD;1;PING OK - Packet loss = 0%, RTA = 2.38 ms
[1637346600] CURRENT HOST STATE: Switch_34;UP;HARD;1;PING OK - Packet loss = 0%, RTA = 4.26 ms
[1637346600] CURRENT HOST STATE: esxi01;UP;HARD;1;PING OK - Packet loss = 0%, RTA = 0.49 ms
[1637346600] CURRENT HOST STATE: esxi02;UP;HARD;1;PING OK - Packet loss = 0%, RTA = 0.42 ms
[1637346600] CURRENT HOST STATE: esxi03;UP;HARD;1;PING OK - Packet loss = 0%, RTA = 0.34 ms
[1637346600] CURRENT HOST STATE: esxi04;UP;HARD;1;PING OK - Packet loss = 0%, RTA = 0.37 ms
[1637346600] CURRENT HOST STATE: esxi05;UP;HARD;1;PING OK - Packet loss = 0%, RTA = 0.45 ms
[1637346600] CURRENT HOST STATE: esxi06;UP;HARD;1;PING OK - Packet loss = 0%, RTA = 0.39 ms
[1637346600] CURRENT HOST STATE: esxi07;UP;HARD;1;PING OK - Packet loss = 0%, RTA = 0.45 ms
[1637346600] CURRENT HOST STATE: esxi08;UP;HARD;1;PING OK - Packet loss = 0%, RTA = 0.31 ms
[1637346600] CURRENT HOST STATE: esxi09;UP;HARD;1;PING OK - Packet loss = 0%, RTA = 0.45 ms
[1637346600] CURRENT HOST STATE: localhost;UP;HARD;1;PING OK - Packet loss = 0%, RTA = 0.06 ms
[1637346600] CURRENT HOST STATE: vmware10gswitch;UP;HARD;1;PING OK - Packet loss = 0%, RTA = 4.45 ms
[1637346600] CURRENT HOST STATE: vmwaremgmtswitch;UP;HARD;1;PING OK - Packet loss = 0%, RTA = 1.62 ms
[1637346600] CURRENT SERVICE STATE: AP_Main_Bldg;check-host-alive;CRITICAL;HARD;3;CRITICAL - Host Unreachable (10.3.1.25)
[1637346600] CURRENT SERVICE STATE: Director_Bldg;check-host-alive;OK;HARD;1;PING OK - Packet loss = 0%, RTA = 0.69 ms
[1637346600] CURRENT SERVICE STATE: Director_Resident;check-host-alive;OK;HARD;1;PING OK - Packet loss = 0%, RTA = 0.32 ms
[1637346600] CURRENT SERVICE STATE: Switch_29;check-host-alive;OK;HARD;1;PING OK - Packet loss = 0%, RTA = 0.78 ms
[1637346600] CURRENT SERVICE STATE: Switch_30;check-host-alive;OK;HARD;1;PING OK - Packet loss = 0%, RTA = 3.74 ms
[1637346600] CURRENT SERVICE STATE: Switch_31;check-host-alive;OK;HARD;1;PING OK - Packet loss = 0%, RTA = 1.46 ms
[1637346600] CURRENT SERVICE STATE: Switch_32;check-host-alive;OK;HARD;1;PING OK - Packet loss = 0%, RTA = 4.52 ms
[1637346600] CURRENT SERVICE STATE: Switch_33;check-host-alive;OK;HARD;1;PING OK - Packet loss = 0%, RTA = 2.06 ms
[1637346600] CURRENT SERVICE STATE: Switch_34;check-host-alive;OK;HARD;1;PING OK - Packet loss = 0%, RTA = 0.83 ms
[1637346600] CURRENT SERVICE STATE: esxi01;ESXi Hardware Check;OK;HARD;1;OK - Server: Cisco Systems Inc UCSC-C220-M4S s/n: FCH22157EQH Chassis S/N: FCH2216V0WN  System BIOS: C220M4.3.0.4a.0.0226182253 2018-02-26
[1637346600] CURRENT SERVICE STATE: esxi01;PING;OK;HARD;1;PING OK - Packet loss = 0%, RTA = 0.42 ms
[1637346600] CURRENT SERVICE STATE: esxi02;ESXi Hardware Check;OK;HARD;1;OK - Server: Cisco Systems Inc UCSC-C220-M4S s/n: FCH22157E1D Chassis S/N: FCH2216V0Y6  System BIOS: C220M4.3.0.4a.0.0226182253 2018-02-26
[1637346600] CURRENT SERVICE STATE: esxi02;PING;OK;HARD;1;PING OK - Packet loss = 0%, RTA = 0.47 ms
[1637346600] CURRENT SERVICE STATE: esxi03;ESXi Hardware Check;OK;HARD;1;OK - Server: Cisco Systems Inc UCSC-C220-M4S s/n: FCH22157ESB Chassis S/N: FCH2216V0TW  System BIOS: C220M4.3.0.4a.0.0226182253 2018-02-26
[1637346600] CURRENT SERVICE STATE: esxi03;PING;OK;HARD;1;PING OK - Packet loss = 0%, RTA = 0.34 ms
[1637346600] CURRENT SERVICE STATE: esxi04;ESXi Hardware Check;OK;HARD;1;OK - Server: Cisco Systems Inc UCSC-C220-M4S s/n: FCH22137QKB Chassis S/N: FCH2216V0YZ  System BIOS: C220M4.3.0.4a.0.0226182253 2018-02-26
[1637346600] CURRENT SERVICE STATE: esxi04;PING;OK;HARD;1;PING OK - Packet loss = 0%, RTA = 0.40 ms
[1637346600] CURRENT SERVICE STATE: esxi05;ESXi Hardware Check;OK;HARD;1;OK - Server: Cisco Systems Inc UCSC-C220-M4S s/n: FCH22157EPD Chassis S/N: FCH2216V0Z0  System BIOS: C220M4.3.0.4a.0.0226182253 2018-02-26
[1637346600] CURRENT SERVICE STATE: esxi05;PING;OK;HARD;1;PING OK - Packet loss = 0%, RTA = 0.38 ms
[1637346600] CURRENT SERVICE STATE: esxi06;ESXi Haradware Check;OK;HARD;1;OK - Server: Cisco Systems Inc UCSC-C220-M4S s/n: FCH22157ERW Chassis S/N: FCH2216V0X8  System BIOS: C220M4.3.0.4a.0.0226182253 2018-02-26
[1637346600] CURRENT SERVICE STATE: esxi06;PING;OK;HARD;1;PING OK - Packet loss = 0%, RTA = 0.40 ms
[1637346600] CURRENT SERVICE STATE: esxi07;ESXi Hardware Check;UNKNOWN;HARD;3;UNKNOWN:
[1637346600] CURRENT SERVICE STATE: esxi07;PING;OK;HARD;1;PING OK - Packet loss = 0%, RTA = 0.50 ms
[1637346600] CURRENT SERVICE STATE: esxi08;ESXi Hardware Check;OK;HARD;1;OK - Server: Cisco Systems Inc UCSC-C220-M4S s/n: FCH22137QJN Chassis S/N: FCH2216V0YV  System BIOS: C220M4.3.0.4a.0.0226182253 2018-02-26
[1637346600] CURRENT SERVICE STATE: esxi08;PING;OK;HARD;1;PING OK - Packet loss = 0%, RTA = 0.37 ms
[1637346600] CURRENT SERVICE STATE: esxi09;ESXi Hardware Check;OK;HARD;1;OK - Server: Cisco Systems Inc UCSC-C220-M4S s/n: FCH22157ERY Chassis S/N: FCH2216V0YN  System BIOS: C220M4.3.0.4a.0.0226182253 2018-02-26
[1637346600] CURRENT SERVICE STATE: esxi09;PING;OK;HARD;1;PING OK - Packet loss = 0%, RTA = 0.39 ms
[1637346600] CURRENT SERVICE STATE: localhost;Current Load;OK;HARD;1;OK - load average: 0.02, 0.05, 0.01
[1637346600] CURRENT SERVICE STATE: localhost;Current Users;OK;HARD;1;USERS OK - 0 users currently logged in
[1637346600] CURRENT SERVICE STATE: localhost;PING;OK;HARD;1;PING OK - Packet loss = 0%, RTA = 0.05 ms
[1637346600] CURRENT SERVICE STATE: localhost;Root Partition;OK;HARD;1;DISK OK - free space: / 42450 MB (82.95% inode=99%):
[1637346600] CURRENT SERVICE STATE: localhost;SSH;OK;HARD;1;SSH OK - OpenSSH_7.4 (protocol 2.0)
[1637346600] CURRENT SERVICE STATE: localhost;Swap Usage;OK;HARD;1;SWAP OK - 100% free (3967 MB out of 3967 MB)
[1637346600] CURRENT SERVICE STATE: localhost;Total Processes;OK;HARD;1;PROCS OK: 105 processes with STATE = RSZDT
[1637346600] CURRENT SERVICE STATE: vmware10gswitch;check-host-alive;OK;HARD;1;PING OK - Packet loss = 0%, RTA = 1.13 ms
[1637346600] CURRENT SERVICE STATE: vmwaremgmtswitch;check-host-alive;OK;HARD;1;PING OK - Packet loss = 0%, RTA = 2.44 ms
[1637349800] SERVICE NOTIFICATION: nagiosadmin;esxi07;ESXi Hardware Check;UNKNOWN;notify-service-by-email;UNKNOWN: (0, 'Socket error: [Errno 104] Connection reset by peer')
[1637350181] Auto-save of retention data completed successfully.
[1637350693] SERVICE ALERT: esxi03;PING;WARNING;SOFT;1;PING WARNING - Packet loss = 20%, RTA = 1.25 ms
[1637350757] SERVICE ALERT: esxi03;PING;OK;SOFT;2;PING OK - Packet loss = 0%, RTA = 0.34 ms
[1637353400] SERVICE NOTIFICATION: nagiosadmin;esxi07;ESXi Hardware Check;UNKNOWN;notify-service-by-email;UNKNOWN:
[1637353781] Auto-save of retention data completed successfully.
[1637357001] SERVICE NOTIFICATION: nagiosadmin;esxi07;ESXi Hardware Check;UNKNOWN;notify-service-by-email;UNKNOWN:
[1637357381] Auto-save of retention data completed successfully.
[1637360981] Auto-save of retention data completed successfully.
[1637361200] SERVICE NOTIFICATION: nagiosadmin;esxi07;ESXi Hardware Check;UNKNOWN;notify-service-by-email;UNKNOWN:
[1637364581] Auto-save of retention data completed successfully.
[1637364801] SERVICE NOTIFICATION: nagiosadmin;esxi07;ESXi Hardware Check;UNKNOWN;notify-service-by-email;UNKNOWN:
[1637368181] Auto-save of retention data completed successfully.
[1637369000] SERVICE NOTIFICATION: nagiosadmin;esxi07;ESXi Hardware Check;UNKNOWN;notify-service-by-email;UNKNOWN:
[1637371781] Auto-save of retention data completed successfully.
[1637372600] SERVICE NOTIFICATION: nagiosadmin;esxi07;ESXi Hardware Check;UNKNOWN;notify-service-by-email;UNKNOWN:
[1637374223] SERVICE ALERT: esxi03;PING;WARNING;SOFT;1;PING WARNING - Packet loss = 20%, RTA = 1.02 ms
[1637374287] SERVICE ALERT: esxi03;PING;OK;SOFT;2;PING OK - Packet loss = 0%, RTA = 0.28 ms
[1637375381] Auto-save of retention data completed successfully.
[1637376200] SERVICE NOTIFICATION: nagiosadmin;esxi07;ESXi Hardware Check;UNKNOWN;notify-service-by-email;UNKNOWN:
[1637378981] Auto-save of retention data completed successfully.
[1637379800] SERVICE NOTIFICATION: nagiosadmin;esxi07;ESXi Hardware Check;UNKNOWN;notify-service-by-email;UNKNOWN:
[1637382581] Auto-save of retention data completed successfully.
[1637383400] SERVICE NOTIFICATION: nagiosadmin;esxi07;ESXi Hardware Check;UNKNOWN;notify-service-by-email;UNKNOWN:
[1637386181] Auto-save of retention data completed successfully.
[1637387001] SERVICE NOTIFICATION: nagiosadmin;esxi07;ESXi Hardware Check;UNKNOWN;notify-service-by-email;UNKNOWN:
[1637389781] Auto-save of retention data completed successfully.
[1637391200] SERVICE NOTIFICATION: nagiosadmin;esxi07;ESXi Hardware Check;UNKNOWN;notify-service-by-email;UNKNOWN:
[1637393381] Auto-save of retention data completed successfully.
[1637393852] SERVICE ALERT: esxi03;PING;WARNING;SOFT;1;PING WARNING - Packet loss = 20%, RTA = 0.42 ms
[1637393916] SERVICE ALERT: esxi03;PING;OK;SOFT;2;PING OK - Packet loss = 0%, RTA = 0.22 ms
[1637394800] SERVICE NOTIFICATION: nagiosadmin;esxi07;ESXi Hardware Check;UNKNOWN;notify-service-by-email;UNKNOWN:
[1637396981] Auto-save of retention data completed successfully.
[1637398401] SERVICE NOTIFICATION: nagiosadmin;esxi07;ESXi Hardware Check;UNKNOWN;notify-service-by-email;UNKNOWN:
[1637400581] Auto-save of retention data completed successfully.
[1637402600] SERVICE NOTIFICATION: nagiosadmin;esxi07;ESXi Hardware Check;UNKNOWN;notify-service-by-email;UNKNOWN:
[1637404181] Auto-save of retention data completed successfully.
[1637406200] SERVICE NOTIFICATION: nagiosadmin;esxi07;ESXi Hardware Check;UNKNOWN;notify-service-by-email;UNKNOWN:
[1637407781] Auto-save of retention data completed successfully.
[1637409801] SERVICE NOTIFICATION: nagiosadmin;esxi07;ESXi Hardware Check;UNKNOWN;notify-service-by-email;UNKNOWN:
[1637411381] Auto-save of retention data completed successfully.
[1637414000] SERVICE NOTIFICATION: nagiosadmin;esxi07;ESXi Hardware Check;UNKNOWN;notify-service-by-email;UNKNOWN:
[1637414981] Auto-save of retention data completed successfully.
[1637417601] SERVICE NOTIFICATION: nagiosadmin;esxi07;ESXi Hardware Check;UNKNOWN;notify-service-by-email;UNKNOWN:
[1637418581] Auto-save of retention data completed successfully.
[1637419781] SERVICE ALERT: esxi03;PING;WARNING;SOFT;1;PING WARNING - Packet loss = 20%, RTA = 0.34 ms
[1637419845] SERVICE ALERT: esxi03;PING;OK;SOFT;2;PING OK - Packet loss = 0%, RTA = 1.64 ms
[1637420810] SERVICE ALERT: esxi03;PING;WARNING;SOFT;1;PING WARNING - Packet loss = 20%, RTA = 0.33 ms
[1637420874] SERVICE ALERT: esxi03;PING;OK;SOFT;2;PING OK - Packet loss = 0%, RTA = 0.34 ms
[1637421800] SERVICE NOTIFICATION: nagiosadmin;esxi07;ESXi Hardware Check;UNKNOWN;notify-service-by-email;UNKNOWN:
[1637422181] Auto-save of retention data completed successfully.
[1637424539] SERVICE ALERT: esxi03;PING;WARNING;SOFT;1;PING WARNING - Packet loss = 20%, RTA = 0.27 ms
[1637424603] SERVICE ALERT: esxi03;PING;OK;SOFT;2;PING OK - Packet loss = 0%, RTA = 0.31 ms
[1637425400] SERVICE NOTIFICATION: nagiosadmin;esxi07;ESXi Hardware Check;UNKNOWN;notify-service-by-email;UNKNOWN:
[1637425781] Auto-save of retention data completed successfully.
[1637428868] SERVICE ALERT: esxi03;PING;WARNING;SOFT;1;PING WARNING - Packet loss = 20%, RTA = 0.25 ms
[1637428932] SERVICE ALERT: esxi03;PING;OK;SOFT;2;PING OK - Packet loss = 0%, RTA = 0.31 ms
[1637429001] SERVICE NOTIFICATION: nagiosadmin;esxi07;ESXi Hardware Check;UNKNOWN;notify-service-by-email;UNKNOWN:
[1637429381] Auto-save of retention data completed successfully.
[1637432981] Auto-save of retention data completed successfully.
