[1592245800] LOG ROTATION: DAILY
[1592245800] LOG VERSION: 2.0
[1592245800] CURRENT HOST STATE: AP_Main_Bldg;UP;HARD;1;PING OK - Packet loss = 0%, RTA = 0.98 ms
[1592245800] CURRENT HOST STATE: Director_Bldg;UP;HARD;1;PING OK - Packet loss = 0%, RTA = 0.58 ms
[1592245800] CURRENT HOST STATE: Director_Resident;UP;HARD;1;PING OK - Packet loss = 0%, RTA = 0.67 ms
[1592245800] CURRENT HOST STATE: esxi01;UP;HARD;1;PING OK - Packet loss = 0%, RTA = 0.45 ms
[1592245800] CURRENT HOST STATE: esxi02;UP;HARD;1;PING OK - Packet loss = 0%, RTA = 0.48 ms
[1592245800] CURRENT HOST STATE: esxi03;UP;HARD;1;PING OK - Packet loss = 0%, RTA = 0.44 ms
[1592245800] CURRENT HOST STATE: esxi04;UP;HARD;1;PING OK - Packet loss = 0%, RTA = 0.54 ms
[1592245800] CURRENT HOST STATE: esxi05;UP;HARD;1;PING OK - Packet loss = 0%, RTA = 0.51 ms
[1592245800] CURRENT HOST STATE: esxi06;UP;HARD;1;PING OK - Packet loss = 0%, RTA = 0.37 ms
[1592245800] CURRENT HOST STATE: esxi07;UP;HARD;1;PING OK - Packet loss = 0%, RTA = 0.59 ms
[1592245800] CURRENT HOST STATE: esxi08;UP;HARD;1;PING OK - Packet loss = 0%, RTA = 0.55 ms
[1592245800] CURRENT HOST STATE: esxi09;UP;HARD;1;PING OK - Packet loss = 0%, RTA = 0.46 ms
[1592245800] CURRENT HOST STATE: localhost;UP;HARD;1;PING OK - Packet loss = 0%, RTA = 0.03 ms
[1592245800] CURRENT HOST STATE: vmware10gswitch;UP;HARD;1;PING OK - Packet loss = 0%, RTA = 2.17 ms
[1592245800] CURRENT HOST STATE: vmwaremgmtswitch;UP;HARD;1;PING OK - Packet loss = 0%, RTA = 0.74 ms
[1592245800] CURRENT SERVICE STATE: AP_Main_Bldg;check-host-alive;OK;HARD;1;PING OK - Packet loss = 0%, RTA = 0.70 ms
[1592245800] CURRENT SERVICE STATE: Director_Bldg;check-host-alive;OK;HARD;1;PING OK - Packet loss = 0%, RTA = 0.60 ms
[1592245800] CURRENT SERVICE STATE: Director_Resident;check-host-alive;OK;HARD;1;PING OK - Packet loss = 0%, RTA = 0.98 ms
[1592245800] CURRENT SERVICE STATE: esxi01;ESXi Hardware Check;OK;HARD;1;OK - Server: Cisco Systems Inc UCSC-C220-M4S s/n: FCH22157EQH Chassis S/N: FCH2216V0WN  System BIOS: C220M4.3.0.4a.0.0226182253 2018-02-26
[1592245800] CURRENT SERVICE STATE: esxi01;PING;OK;HARD;1;PING OK - Packet loss = 0%, RTA = 0.52 ms
[1592245800] CURRENT SERVICE STATE: esxi02;ESXi Hardware Check;OK;HARD;1;OK - Server: Cisco Systems Inc UCSC-C220-M4S s/n: FCH22157E1D Chassis S/N: FCH2216V0Y6  System BIOS: C220M4.3.0.4a.0.0226182253 2018-02-26
[1592245800] CURRENT SERVICE STATE: esxi02;PING;OK;HARD;1;PING OK - Packet loss = 0%, RTA = 0.52 ms
[1592245800] CURRENT SERVICE STATE: esxi03;ESXi Hardware Check;OK;HARD;1;OK - Server: Cisco Systems Inc UCSC-C220-M4S s/n: FCH22157ESB Chassis S/N: FCH2216V0TW  System BIOS: C220M4.3.0.4a.0.0226182253 2018-02-26
[1592245800] CURRENT SERVICE STATE: esxi03;PING;OK;HARD;1;PING OK - Packet loss = 0%, RTA = 0.37 ms
[1592245800] CURRENT SERVICE STATE: esxi04;ESXi Hardware Check;OK;HARD;1;OK - Server: Cisco Systems Inc UCSC-C220-M4S s/n: FCH22137QKB Chassis S/N: FCH2216V0YZ  System BIOS: C220M4.3.0.4a.0.0226182253 2018-02-26
[1592245800] CURRENT SERVICE STATE: esxi04;PING;OK;HARD;1;PING OK - Packet loss = 0%, RTA = 0.54 ms
[1592245800] CURRENT SERVICE STATE: esxi05;ESXi Hardware Check;OK;HARD;1;OK - Server: Cisco Systems Inc UCSC-C220-M4S s/n: FCH22157EPD Chassis S/N: FCH2216V0Z0  System BIOS: C220M4.3.0.4a.0.0226182253 2018-02-26
[1592245800] CURRENT SERVICE STATE: esxi05;PING;OK;HARD;1;PING OK - Packet loss = 0%, RTA = 0.37 ms
[1592245800] CURRENT SERVICE STATE: esxi06;ESXi Haradware Check;OK;HARD;1;OK - Server: Cisco Systems Inc UCSC-C220-M4S s/n: FCH22157ERW Chassis S/N: FCH2216V0X8  System BIOS: C220M4.3.0.4a.0.0226182253 2018-02-26
[1592245800] CURRENT SERVICE STATE: esxi06;PING;OK;HARD;1;PING OK - Packet loss = 0%, RTA = 0.48 ms
[1592245800] CURRENT SERVICE STATE: esxi07;ESXi Hardware Check;OK;HARD;1;OK - Server: Cisco Systems Inc UCSC-C220-M4S s/n: FCH22157EV7 Chassis S/N: FCH2216V0Y8  System BIOS: C220M4.3.0.4a.0.0226182253 2018-02-26
[1592245800] CURRENT SERVICE STATE: esxi07;PING;OK;HARD;1;PING OK - Packet loss = 0%, RTA = 0.63 ms
[1592245800] CURRENT SERVICE STATE: esxi08;ESXi Hardware Check;OK;HARD;1;OK - Server: Cisco Systems Inc UCSC-C220-M4S s/n: FCH22137QJN Chassis S/N: FCH2216V0YV  System BIOS: C220M4.3.0.4a.0.0226182253 2018-02-26
[1592245800] CURRENT SERVICE STATE: esxi08;PING;OK;HARD;1;PING OK - Packet loss = 0%, RTA = 0.48 ms
[1592245800] CURRENT SERVICE STATE: esxi09;ESXi Hardware Check;OK;HARD;1;OK - Server: Cisco Systems Inc UCSC-C220-M4S s/n: FCH22157ERY Chassis S/N: FCH2216V0YN  System BIOS: C220M4.3.0.4a.0.0226182253 2018-02-26
[1592245800] CURRENT SERVICE STATE: esxi09;PING;OK;HARD;1;PING OK - Packet loss = 0%, RTA = 0.31 ms
[1592245800] CURRENT SERVICE STATE: localhost;Current Load;OK;HARD;1;OK - load average: 0.01, 0.04, 0.06
[1592245800] CURRENT SERVICE STATE: localhost;Current Users;OK;HARD;1;USERS OK - 0 users currently logged in
[1592245800] CURRENT SERVICE STATE: localhost;PING;OK;HARD;1;PING OK - Packet loss = 0%, RTA = 0.05 ms
[1592245800] CURRENT SERVICE STATE: localhost;Root Partition;OK;HARD;1;DISK OK - free space: / 42829 MB (83.69% inode=99%):
[1592245800] CURRENT SERVICE STATE: localhost;SSH;OK;HARD;1;SSH OK - OpenSSH_7.4 (protocol 2.0)
[1592245800] CURRENT SERVICE STATE: localhost;Swap Usage;OK;HARD;1;SWAP OK - 100% free (3967 MB out of 3967 MB)
[1592245800] CURRENT SERVICE STATE: localhost;Total Processes;OK;HARD;1;PROCS OK: 85 processes with STATE = RSZDT
[1592245800] CURRENT SERVICE STATE: vmware10gswitch;check-host-alive;OK;HARD;1;PING OK - Packet loss = 0%, RTA = 1.21 ms
[1592245800] CURRENT SERVICE STATE: vmwaremgmtswitch;check-host-alive;OK;HARD;1;PING OK - Packet loss = 0%, RTA = 1.26 ms
[1592247602] wproc: Core Worker 22689: job 517759 (pid=23212) timed out. Killing it
[1592247602] wproc: CHECK job 517759 from worker Core Worker 22689 timed out after 30.01s
[1592247602] wproc:   host=Director_Resident; service=(null);
[1592247602] wproc:   early_timeout=1; exited_ok=0; wait_status=0; error_code=62;
[1592247602] Warning: Check of host 'Director_Resident' timed out after 30.01 seconds
[1592247602] HOST ALERT: Director_Resident;DOWN;SOFT;1;(Host check timed out after 30.01 seconds)
[1592247602] wproc: Core Worker 22689: job 517759 (pid=23212): Dormant child reaped
[1592247608] SERVICE ALERT: Director_Resident;check-host-alive;CRITICAL;HARD;1;CRITICAL - Plugin timed out
[1592247618] wproc: Core Worker 22692: job 517759 (pid=23218) timed out. Killing it
[1592247618] wproc: CHECK job 517759 from worker Core Worker 22692 timed out after 30.01s
[1592247618] wproc:   host=Director_Bldg; service=(null);
[1592247618] wproc:   early_timeout=1; exited_ok=0; wait_status=0; error_code=62;
[1592247618] Warning: Check of host 'Director_Bldg' timed out after 30.01 seconds
[1592247618] HOST ALERT: Director_Bldg;DOWN;SOFT;1;(Host check timed out after 30.01 seconds)
[1592247618] wproc: Core Worker 22692: job 517759 (pid=23218): Dormant child reaped
[1592247692] wproc: Core Worker 22689: job 517762 (pid=23385) timed out. Killing it
[1592247692] wproc: CHECK job 517762 from worker Core Worker 22689 timed out after 30.01s
[1592247692] wproc:   host=Director_Resident; service=(null);
[1592247692] wproc:   early_timeout=1; exited_ok=0; wait_status=0; error_code=62;
[1592247692] Warning: Check of host 'Director_Resident' timed out after 30.01 seconds
[1592247692] HOST ALERT: Director_Resident;DOWN;SOFT;2;(Host check timed out after 30.01 seconds)
[1592247692] wproc: Core Worker 22689: job 517762 (pid=23385): Dormant child reaped
[1592247708] wproc: Core Worker 22692: job 517762 (pid=23399) timed out. Killing it
[1592247708] wproc: CHECK job 517762 from worker Core Worker 22692 timed out after 30.01s
[1592247708] wproc:   host=Director_Bldg; service=(null);
[1592247708] wproc:   early_timeout=1; exited_ok=0; wait_status=0; error_code=62;
[1592247708] Warning: Check of host 'Director_Bldg' timed out after 30.01 seconds
[1592247708] HOST ALERT: Director_Bldg;DOWN;SOFT;2;(Host check timed out after 30.01 seconds)
[1592247708] wproc: Core Worker 22692: job 517762 (pid=23399): Dormant child reaped
[1592247757] HOST ALERT: Director_Resident;UP;SOFT;1;PING OK - Packet loss = 20%, RTA = 0.62 ms
[1592247772] HOST ALERT: Director_Bldg;UP;SOFT;1;PING OK - Packet loss = 0%, RTA = 0.75 ms
[1592248085] Auto-save of retention data completed successfully.
[1592248181] SERVICE ALERT: Director_Resident;check-host-alive;OK;SOFT;1;PING OK - Packet loss = 0%, RTA = 0.70 ms
[1592251685] Auto-save of retention data completed successfully.
[1592255285] Auto-save of retention data completed successfully.
[1592256775] SERVICE ALERT: esxi03;PING;WARNING;SOFT;1;PING WARNING - Packet loss = 20%, RTA = 0.96 ms
[1592256839] SERVICE ALERT: esxi03;PING;OK;SOFT;2;PING OK - Packet loss = 0%, RTA = 0.29 ms
[1592258885] Auto-save of retention data completed successfully.
[1592262485] Auto-save of retention data completed successfully.
[1592266085] Auto-save of retention data completed successfully.
[1592269685] Auto-save of retention data completed successfully.
[1592273285] Auto-save of retention data completed successfully.
[1592276885] Auto-save of retention data completed successfully.
[1592280183] wproc: Core Worker 22689: job 518791 (pid=18686) timed out. Killing it
[1592280183] wproc: CHECK job 518791 from worker Core Worker 22689 timed out after 30.01s
[1592280183] wproc:   host=Director_Resident; service=(null);
[1592280183] wproc:   early_timeout=1; exited_ok=0; wait_status=0; error_code=62;
[1592280183] Warning: Check of host 'Director_Resident' timed out after 30.01 seconds
[1592280183] HOST ALERT: Director_Resident;DOWN;SOFT;1;(Host check timed out after 30.01 seconds)
[1592280183] wproc: Core Worker 22689: job 518791 (pid=18686): Dormant child reaped
[1592280198] wproc: Core Worker 22690: job 518794 (pid=18709) timed out. Killing it
[1592280198] wproc: CHECK job 518794 from worker Core Worker 22690 timed out after 30.01s
[1592280198] wproc:   host=Director_Bldg; service=(null);
[1592280198] wproc:   early_timeout=1; exited_ok=0; wait_status=0; error_code=62;
[1592280198] Warning: Check of host 'Director_Bldg' timed out after 30.01 seconds
[1592280198] HOST ALERT: Director_Bldg;DOWN;SOFT;1;(Host check timed out after 30.01 seconds)
[1592280198] wproc: Core Worker 22690: job 518794 (pid=18709): Dormant child reaped
[1592280262] HOST ALERT: Director_Bldg;UP;SOFT;1;PING OK - Packet loss = 0%, RTA = 0.60 ms
[1592280273] wproc: Core Worker 22690: job 518796 (pid=18733) timed out. Killing it
[1592280273] wproc: CHECK job 518796 from worker Core Worker 22690 timed out after 30.01s
[1592280273] wproc:   host=Director_Resident; service=(null);
[1592280273] wproc:   early_timeout=1; exited_ok=0; wait_status=0; error_code=62;
[1592280273] Warning: Check of host 'Director_Resident' timed out after 30.01 seconds
[1592280273] HOST ALERT: Director_Resident;DOWN;SOFT;2;(Host check timed out after 30.01 seconds)
[1592280273] wproc: Core Worker 22690: job 518796 (pid=18733): Dormant child reaped
[1592280338] HOST ALERT: Director_Resident;UP;SOFT;1;PING OK - Packet loss = 20%, RTA = 0.69 ms
[1592280485] Auto-save of retention data completed successfully.
[1592280588] wproc: Core Worker 22691: job 518805 (pid=18984) timed out. Killing it
[1592280588] wproc: CHECK job 518805 from worker Core Worker 22691 timed out after 30.03s
[1592280588] wproc:   host=Director_Bldg; service=(null);
[1592280588] wproc:   early_timeout=1; exited_ok=0; wait_status=0; error_code=62;
[1592280588] Warning: Check of host 'Director_Bldg' timed out after 30.03 seconds
[1592280588] HOST ALERT: Director_Bldg;DOWN;SOFT;1;(Host check timed out after 30.03 seconds)
[1592280588] wproc: Core Worker 22691: job 518805 (pid=18984): Dormant child reaped
[1592280608] SERVICE ALERT: Director_Resident;check-host-alive;CRITICAL;SOFT;1;CRITICAL - Plugin timed out
[1592280638] wproc: Core Worker 22692: job 518807 (pid=19153) timed out. Killing it
[1592280638] wproc: CHECK job 518807 from worker Core Worker 22692 timed out after 30.03s
[1592280638] wproc:   host=Director_Resident; service=(null);
[1592280638] wproc:   early_timeout=1; exited_ok=0; wait_status=0; error_code=62;
[1592280638] Warning: Check of host 'Director_Resident' timed out after 30.03 seconds
[1592280638] HOST ALERT: Director_Resident;DOWN;SOFT;1;(Host check timed out after 30.03 seconds)
[1592280638] wproc: Core Worker 22692: job 518807 (pid=19153): Dormant child reaped
[1592280678] wproc: Core Worker 22691: job 518808 (pid=19168) timed out. Killing it
[1592280678] wproc: CHECK job 518808 from worker Core Worker 22691 timed out after 30.03s
[1592280678] wproc:   host=Director_Bldg; service=(null);
[1592280678] wproc:   early_timeout=1; exited_ok=0; wait_status=0; error_code=62;
[1592280678] Warning: Check of host 'Director_Bldg' timed out after 30.03 seconds
[1592280678] HOST ALERT: Director_Bldg;DOWN;SOFT;2;(Host check timed out after 30.03 seconds)
[1592280678] wproc: Core Worker 22691: job 518808 (pid=19168): Dormant child reaped
[1592280728] wproc: Core Worker 22690: job 518810 (pid=19188) timed out. Killing it
[1592280728] wproc: CHECK job 518810 from worker Core Worker 22690 timed out after 30.00s
[1592280728] wproc:   host=Director_Resident; service=(null);
[1592280728] wproc:   early_timeout=1; exited_ok=0; wait_status=0; error_code=62;
[1592280728] Warning: Check of host 'Director_Resident' timed out after 30.00 seconds
[1592280728] HOST ALERT: Director_Resident;DOWN;SOFT;2;(Host check timed out after 30.00 seconds)
[1592280728] wproc: Core Worker 22690: job 518810 (pid=19188): Dormant child reaped
[1592280759] SERVICE ALERT: Director_Resident;check-host-alive;CRITICAL;HARD;3;CRITICAL - Plugin timed out
[1592280768] wproc: Core Worker 22691: job 518811 (pid=19197) timed out. Killing it
[1592280768] wproc: CHECK job 518811 from worker Core Worker 22691 timed out after 30.01s
[1592280768] wproc:   host=Director_Bldg; service=(null);
[1592280768] wproc:   early_timeout=1; exited_ok=0; wait_status=0; error_code=62;
[1592280768] Warning: Check of host 'Director_Bldg' timed out after 30.01 seconds
[1592280768] HOST ALERT: Director_Bldg;DOWN;SOFT;3;(Host check timed out after 30.01 seconds)
[1592280768] wproc: Core Worker 22691: job 518811 (pid=19197): Dormant child reaped
[1592280818] wproc: Core Worker 22691: job 518815 (pid=19234) timed out. Killing it
[1592280818] wproc: CHECK job 518815 from worker Core Worker 22691 timed out after 30.02s
[1592280818] wproc:   host=Director_Resident; service=(null);
[1592280818] wproc:   early_timeout=1; exited_ok=0; wait_status=0; error_code=62;
[1592280818] Warning: Check of host 'Director_Resident' timed out after 30.02 seconds
[1592280818] HOST ALERT: Director_Resident;DOWN;SOFT;3;(Host check timed out after 30.02 seconds)
[1592280818] wproc: Core Worker 22691: job 518815 (pid=19234): Dormant child reaped
[1592280858] wproc: Core Worker 22690: job 518816 (pid=19248) timed out. Killing it
[1592280858] wproc: CHECK job 518816 from worker Core Worker 22690 timed out after 30.03s
[1592280858] wproc:   host=Director_Bldg; service=(null);
[1592280858] wproc:   early_timeout=1; exited_ok=0; wait_status=0; error_code=62;
[1592280858] Warning: Check of host 'Director_Bldg' timed out after 30.03 seconds
[1592280858] HOST ALERT: Director_Bldg;DOWN;SOFT;4;(Host check timed out after 30.03 seconds)
[1592280858] wproc: Core Worker 22690: job 518816 (pid=19248): Dormant child reaped
[1592280908] wproc: Core Worker 22691: job 518817 (pid=19266) timed out. Killing it
[1592280908] wproc: CHECK job 518817 from worker Core Worker 22691 timed out after 30.01s
[1592280908] wproc:   host=Director_Resident; service=(null);
[1592280908] wproc:   early_timeout=1; exited_ok=0; wait_status=0; error_code=62;
[1592280908] Warning: Check of host 'Director_Resident' timed out after 30.01 seconds
[1592280908] HOST ALERT: Director_Resident;DOWN;SOFT;4;(Host check timed out after 30.01 seconds)
[1592280908] wproc: Core Worker 22691: job 518817 (pid=19266): Dormant child reaped
[1592280948] wproc: Core Worker 22691: job 518818 (pid=19412) timed out. Killing it
[1592280948] wproc: CHECK job 518818 from worker Core Worker 22691 timed out after 30.03s
[1592280948] wproc:   host=Director_Bldg; service=(null);
[1592280948] wproc:   early_timeout=1; exited_ok=0; wait_status=0; error_code=62;
[1592280948] Warning: Check of host 'Director_Bldg' timed out after 30.03 seconds
[1592280948] HOST ALERT: Director_Bldg;DOWN;SOFT;5;(Host check timed out after 30.03 seconds)
[1592280948] wproc: Core Worker 22691: job 518818 (pid=19412): Dormant child reaped
[1592280981] SERVICE ALERT: Director_Bldg;check-host-alive;CRITICAL;HARD;1;CRITICAL - Plugin timed out
[1592280998] wproc: Core Worker 22691: job 518819 (pid=19428) timed out. Killing it
[1592280998] wproc: CHECK job 518819 from worker Core Worker 22691 timed out after 30.00s
[1592280998] wproc:   host=Director_Resident; service=(null);
[1592280998] wproc:   early_timeout=1; exited_ok=0; wait_status=0; error_code=62;
[1592280998] Warning: Check of host 'Director_Resident' timed out after 30.00 seconds
[1592280998] HOST ALERT: Director_Resident;DOWN;SOFT;5;(Host check timed out after 30.00 seconds)
[1592280998] wproc: Core Worker 22691: job 518819 (pid=19428): Dormant child reaped
[1592281038] wproc: Core Worker 22689: job 518821 (pid=19447) timed out. Killing it
[1592281038] wproc: CHECK job 518821 from worker Core Worker 22689 timed out after 30.03s
[1592281038] wproc:   host=Director_Bldg; service=(null);
[1592281038] wproc:   early_timeout=1; exited_ok=0; wait_status=0; error_code=62;
[1592281038] Warning: Check of host 'Director_Bldg' timed out after 30.03 seconds
[1592281038] HOST ALERT: Director_Bldg;DOWN;SOFT;6;(Host check timed out after 30.03 seconds)
[1592281038] wproc: Core Worker 22689: job 518821 (pid=19447): Dormant child reaped
[1592281088] wproc: Core Worker 22692: job 518823 (pid=19476) timed out. Killing it
[1592281088] wproc: CHECK job 518823 from worker Core Worker 22692 timed out after 30.01s
[1592281088] wproc:   host=Director_Resident; service=(null);
[1592281088] wproc:   early_timeout=1; exited_ok=0; wait_status=0; error_code=62;
[1592281088] Warning: Check of host 'Director_Resident' timed out after 30.01 seconds
[1592281088] HOST ALERT: Director_Resident;DOWN;SOFT;6;(Host check timed out after 30.01 seconds)
[1592281088] wproc: Core Worker 22692: job 518823 (pid=19476): Dormant child reaped
[1592281128] wproc: Core Worker 22691: job 518825 (pid=19490) timed out. Killing it
[1592281128] wproc: CHECK job 518825 from worker Core Worker 22691 timed out after 30.03s
[1592281128] wproc:   host=Director_Bldg; service=(null);
[1592281128] wproc:   early_timeout=1; exited_ok=0; wait_status=0; error_code=62;
[1592281128] Warning: Check of host 'Director_Bldg' timed out after 30.03 seconds
[1592281128] HOST ALERT: Director_Bldg;DOWN;SOFT;7;(Host check timed out after 30.03 seconds)
[1592281128] wproc: Core Worker 22691: job 518825 (pid=19490): Dormant child reaped
[1592281178] wproc: Core Worker 22689: job 518827 (pid=19510) timed out. Killing it
[1592281178] wproc: CHECK job 518827 from worker Core Worker 22689 timed out after 30.01s
[1592281178] wproc:   host=Director_Resident; service=(null);
[1592281178] wproc:   early_timeout=1; exited_ok=0; wait_status=0; error_code=62;
[1592281178] Warning: Check of host 'Director_Resident' timed out after 30.01 seconds
[1592281178] HOST ALERT: Director_Resident;DOWN;SOFT;7;(Host check timed out after 30.01 seconds)
[1592281178] wproc: Core Worker 22689: job 518827 (pid=19510): Dormant child reaped
[1592281218] wproc: Core Worker 22692: job 518827 (pid=19524) timed out. Killing it
[1592281218] wproc: CHECK job 518827 from worker Core Worker 22692 timed out after 30.02s
[1592281218] wproc:   host=Director_Bldg; service=(null);
[1592281218] wproc:   early_timeout=1; exited_ok=0; wait_status=0; error_code=62;
[1592281218] Warning: Check of host 'Director_Bldg' timed out after 30.02 seconds
[1592281218] HOST ALERT: Director_Bldg;DOWN;SOFT;8;(Host check timed out after 30.02 seconds)
[1592281218] wproc: Core Worker 22692: job 518827 (pid=19524): Dormant child reaped
[1592281268] wproc: Core Worker 22691: job 518829 (pid=19691) timed out. Killing it
[1592281268] wproc: CHECK job 518829 from worker Core Worker 22691 timed out after 30.03s
[1592281268] wproc:   host=Director_Resident; service=(null);
[1592281268] wproc:   early_timeout=1; exited_ok=0; wait_status=0; error_code=62;
[1592281268] Warning: Check of host 'Director_Resident' timed out after 30.03 seconds
[1592281268] HOST ALERT: Director_Resident;DOWN;SOFT;8;(Host check timed out after 30.03 seconds)
[1592281268] wproc: Core Worker 22691: job 518829 (pid=19691): Dormant child reaped
[1592281308] wproc: Core Worker 22692: job 518830 (pid=19701) timed out. Killing it
[1592281308] wproc: CHECK job 518830 from worker Core Worker 22692 timed out after 30.01s
[1592281308] wproc:   host=Director_Bldg; service=(null);
[1592281308] wproc:   early_timeout=1; exited_ok=0; wait_status=0; error_code=62;
[1592281308] Warning: Check of host 'Director_Bldg' timed out after 30.01 seconds
[1592281308] HOST ALERT: Director_Bldg;DOWN;SOFT;9;(Host check timed out after 30.01 seconds)
[1592281308] wproc: Core Worker 22692: job 518830 (pid=19701): Dormant child reaped
[1592281358] wproc: Core Worker 22692: job 518832 (pid=19722) timed out. Killing it
[1592281358] wproc: CHECK job 518832 from worker Core Worker 22692 timed out after 30.01s
[1592281358] wproc:   host=Director_Resident; service=(null);
[1592281358] wproc:   early_timeout=1; exited_ok=0; wait_status=0; error_code=62;
[1592281358] Warning: Check of host 'Director_Resident' timed out after 30.01 seconds
[1592281358] HOST ALERT: Director_Resident;DOWN;SOFT;9;(Host check timed out after 30.01 seconds)
[1592281358] wproc: Core Worker 22692: job 518832 (pid=19722): Dormant child reaped
[1592281398] wproc: Core Worker 22689: job 518836 (pid=19753) timed out. Killing it
[1592281398] wproc: CHECK job 518836 from worker Core Worker 22689 timed out after 30.01s
[1592281398] wproc:   host=Director_Bldg; service=(null);
[1592281398] wproc:   early_timeout=1; exited_ok=0; wait_status=0; error_code=62;
[1592281398] Warning: Check of host 'Director_Bldg' timed out after 30.01 seconds
[1592281398] HOST NOTIFICATION: nagiosadmin;Director_Bldg;DOWN;notify-host-by-email;(Host check timed out after 30.01 seconds)
[1592281398] HOST ALERT: Director_Bldg;DOWN;HARD;10;(Host check timed out after 30.01 seconds)
[1592281398] wproc: Core Worker 22689: job 518836 (pid=19753): Dormant child reaped
[1592281448] wproc: Core Worker 22692: job 518837 (pid=19781) timed out. Killing it
[1592281448] wproc: CHECK job 518837 from worker Core Worker 22692 timed out after 30.02s
[1592281448] wproc:   host=Director_Resident; service=(null);
[1592281448] wproc:   early_timeout=1; exited_ok=0; wait_status=0; error_code=62;
[1592281448] Warning: Check of host 'Director_Resident' timed out after 30.02 seconds
[1592281448] HOST NOTIFICATION: nagiosadmin;Director_Resident;DOWN;notify-host-by-email;(Host check timed out after 30.02 seconds)
[1592281448] HOST ALERT: Director_Resident;DOWN;HARD;10;(Host check timed out after 30.02 seconds)
[1592281448] wproc: Core Worker 22692: job 518837 (pid=19781): Dormant child reaped
[1592281728] wproc: Core Worker 22689: job 518846 (pid=20020) timed out. Killing it
[1592281728] wproc: CHECK job 518846 from worker Core Worker 22689 timed out after 30.03s
[1592281728] wproc:   host=Director_Bldg; service=(null);
[1592281728] wproc:   early_timeout=1; exited_ok=0; wait_status=0; error_code=62;
[1592281728] Warning: Check of host 'Director_Bldg' timed out after 30.03 seconds
[1592281728] wproc: Core Worker 22689: job 518846 (pid=20020): Dormant child reaped
[1592281778] wproc: Core Worker 22691: job 518847 (pid=20040) timed out. Killing it
[1592281778] wproc: CHECK job 518847 from worker Core Worker 22691 timed out after 30.02s
[1592281778] wproc:   host=Director_Resident; service=(null);
[1592281778] wproc:   early_timeout=1; exited_ok=0; wait_status=0; error_code=62;
[1592281778] Warning: Check of host 'Director_Resident' timed out after 30.02 seconds
[1592281778] wproc: Core Worker 22691: job 518847 (pid=20040): Dormant child reaped
[1592282028] wproc: Core Worker 22691: job 518856 (pid=20307) timed out. Killing it
[1592282028] wproc: CHECK job 518856 from worker Core Worker 22691 timed out after 30.01s
[1592282028] wproc:   host=Director_Bldg; service=(null);
[1592282028] wproc:   early_timeout=1; exited_ok=0; wait_status=0; error_code=62;
[1592282028] Warning: Check of host 'Director_Bldg' timed out after 30.01 seconds
[1592282028] wproc: Core Worker 22691: job 518856 (pid=20307): Dormant child reaped
[1592282078] wproc: Core Worker 22692: job 518857 (pid=20325) timed out. Killing it
[1592282078] wproc: CHECK job 518857 from worker Core Worker 22692 timed out after 30.03s
[1592282078] wproc:   host=Director_Resident; service=(null);
[1592282078] wproc:   early_timeout=1; exited_ok=0; wait_status=0; error_code=62;
[1592282078] Warning: Check of host 'Director_Resident' timed out after 30.03 seconds
[1592282078] wproc: Core Worker 22692: job 518857 (pid=20325): Dormant child reaped
[1592282328] wproc: Core Worker 22689: job 518865 (pid=20549) timed out. Killing it
[1592282328] wproc: CHECK job 518865 from worker Core Worker 22689 timed out after 30.00s
[1592282328] wproc:   host=Director_Bldg; service=(null);
[1592282328] wproc:   early_timeout=1; exited_ok=0; wait_status=0; error_code=62;
[1592282328] Warning: Check of host 'Director_Bldg' timed out after 30.00 seconds
[1592282328] wproc: Core Worker 22689: job 518865 (pid=20549): Dormant child reaped
[1592282378] wproc: Core Worker 22691: job 518866 (pid=20569) timed out. Killing it
[1592282378] wproc: CHECK job 518866 from worker Core Worker 22691 timed out after 30.00s
[1592282378] wproc:   host=Director_Resident; service=(null);
[1592282378] wproc:   early_timeout=1; exited_ok=0; wait_status=0; error_code=62;
[1592282378] Warning: Check of host 'Director_Resident' timed out after 30.00 seconds
[1592282378] wproc: Core Worker 22691: job 518866 (pid=20569): Dormant child reaped
[1592282628] wproc: Core Worker 22691: job 518875 (pid=20806) timed out. Killing it
[1592282628] wproc: CHECK job 518875 from worker Core Worker 22691 timed out after 30.03s
[1592282628] wproc:   host=Director_Bldg; service=(null);
[1592282628] wproc:   early_timeout=1; exited_ok=0; wait_status=0; error_code=62;
[1592282628] Warning: Check of host 'Director_Bldg' timed out after 30.03 seconds
[1592282628] wproc: Core Worker 22691: job 518875 (pid=20806): Dormant child reaped
[1592282678] wproc: Core Worker 22692: job 518876 (pid=20824) timed out. Killing it
[1592282678] wproc: CHECK job 518876 from worker Core Worker 22692 timed out after 30.00s
[1592282678] wproc:   host=Director_Resident; service=(null);
[1592282678] wproc:   early_timeout=1; exited_ok=0; wait_status=0; error_code=62;
[1592282678] Warning: Check of host 'Director_Resident' timed out after 30.00 seconds
[1592282679] wproc: Core Worker 22692: job 518876 (pid=20824): Dormant child reaped
[1592282754] SERVICE ALERT: Director_Bldg;check-host-alive;OK;HARD;3;PING OK - Packet loss = 0%, RTA = 0.54 ms
[1592282759] HOST NOTIFICATION: nagiosadmin;Director_Bldg;UP;notify-host-by-email;PING WARNING - Packet loss = 80%, RTA = 0.44 ms
[1592282759] HOST ALERT: Director_Bldg;UP;HARD;1;PING WARNING - Packet loss = 80%, RTA = 0.44 ms
[1592282978] wproc: Core Worker 22692: job 518885 (pid=21079) timed out. Killing it
[1592282978] wproc: CHECK job 518885 from worker Core Worker 22692 timed out after 30.03s
[1592282978] wproc:   host=Director_Resident; service=(null);
[1592282978] wproc:   early_timeout=1; exited_ok=0; wait_status=0; error_code=62;
[1592282978] Warning: Check of host 'Director_Resident' timed out after 30.03 seconds
[1592282979] wproc: Core Worker 22692: job 518885 (pid=21079): Dormant child reaped
[1592283084] wproc: Core Worker 22690: job 518888 (pid=21255) timed out. Killing it
[1592283084] wproc: CHECK job 518888 from worker Core Worker 22690 timed out after 30.01s
[1592283084] wproc:   host=Director_Bldg; service=(null);
[1592283084] wproc:   early_timeout=1; exited_ok=0; wait_status=0; error_code=62;
[1592283084] Warning: Check of host 'Director_Bldg' timed out after 30.01 seconds
[1592283084] HOST ALERT: Director_Bldg;DOWN;SOFT;1;(Host check timed out after 30.01 seconds)
[1592283085] wproc: Core Worker 22690: job 518888 (pid=21255): Dormant child reaped
[1592283174] wproc: Core Worker 22689: job 518891 (pid=21282) timed out. Killing it
[1592283174] wproc: CHECK job 518891 from worker Core Worker 22689 timed out after 30.01s
[1592283174] wproc:   host=Director_Bldg; service=(null);
[1592283174] wproc:   early_timeout=1; exited_ok=0; wait_status=0; error_code=62;
[1592283174] Warning: Check of host 'Director_Bldg' timed out after 30.01 seconds
[1592283174] HOST ALERT: Director_Bldg;DOWN;SOFT;2;(Host check timed out after 30.01 seconds)
[1592283175] wproc: Core Worker 22689: job 518891 (pid=21282): Dormant child reaped
[1592283264] wproc: Core Worker 22692: job 518895 (pid=21333) timed out. Killing it
[1592283264] wproc: CHECK job 518895 from worker Core Worker 22692 timed out after 30.00s
[1592283264] wproc:   host=Director_Bldg; service=(null);
[1592283264] wproc:   early_timeout=1; exited_ok=0; wait_status=0; error_code=62;
[1592283264] Warning: Check of host 'Director_Bldg' timed out after 30.00 seconds
[1592283264] HOST ALERT: Director_Bldg;DOWN;SOFT;3;(Host check timed out after 30.00 seconds)
[1592283265] wproc: Core Worker 22692: job 518895 (pid=21333): Dormant child reaped
[1592283278] wproc: Core Worker 22691: job 518896 (pid=21339) timed out. Killing it
[1592283278] wproc: CHECK job 518896 from worker Core Worker 22691 timed out after 30.01s
[1592283278] wproc:   host=Director_Resident; service=(null);
[1592283278] wproc:   early_timeout=1; exited_ok=0; wait_status=0; error_code=62;
[1592283278] Warning: Check of host 'Director_Resident' timed out after 30.01 seconds
[1592283278] HOST NOTIFICATION: nagiosadmin;Director_Resident;DOWN;notify-host-by-email;(Host check timed out after 30.01 seconds)
[1592283279] wproc: Core Worker 22691: job 518896 (pid=21339): Dormant child reaped
[1592283355] wproc: Core Worker 22689: job 518898 (pid=21499) timed out. Killing it
[1592283355] wproc: CHECK job 518898 from worker Core Worker 22689 timed out after 30.02s
[1592283355] wproc:   host=Director_Bldg; service=(null);
[1592283355] wproc:   early_timeout=1; exited_ok=0; wait_status=0; error_code=62;
[1592283355] Warning: Check of host 'Director_Bldg' timed out after 30.02 seconds
[1592283355] HOST ALERT: Director_Bldg;DOWN;SOFT;4;(Host check timed out after 30.02 seconds)
[1592283355] wproc: Core Worker 22689: job 518898 (pid=21499): Dormant child reaped
[1592283381] SERVICE ALERT: Director_Bldg;check-host-alive;CRITICAL;HARD;1;CRITICAL - Plugin timed out
[1592283445] wproc: Core Worker 22690: job 518900 (pid=21532) timed out. Killing it
[1592283445] wproc: CHECK job 518900 from worker Core Worker 22690 timed out after 30.00s
[1592283445] wproc:   host=Director_Bldg; service=(null);
[1592283445] wproc:   early_timeout=1; exited_ok=0; wait_status=0; error_code=62;
[1592283445] Warning: Check of host 'Director_Bldg' timed out after 30.00 seconds
[1592283445] HOST ALERT: Director_Bldg;DOWN;SOFT;5;(Host check timed out after 30.00 seconds)
[1592283445] wproc: Core Worker 22690: job 518900 (pid=21532): Dormant child reaped
[1592283535] wproc: Core Worker 22692: job 518904 (pid=21576) timed out. Killing it
[1592283535] wproc: CHECK job 518904 from worker Core Worker 22692 timed out after 30.03s
[1592283535] wproc:   host=Director_Bldg; service=(null);
[1592283535] wproc:   early_timeout=1; exited_ok=0; wait_status=0; error_code=62;
[1592283535] Warning: Check of host 'Director_Bldg' timed out after 30.03 seconds
[1592283535] HOST ALERT: Director_Bldg;DOWN;SOFT;6;(Host check timed out after 30.03 seconds)
[1592283535] wproc: Core Worker 22692: job 518904 (pid=21576): Dormant child reaped
[1592283578] wproc: Core Worker 22689: job 518906 (pid=21594) timed out. Killing it
[1592283578] wproc: CHECK job 518906 from worker Core Worker 22689 timed out after 30.01s
[1592283578] wproc:   host=Director_Resident; service=(null);
[1592283578] wproc:   early_timeout=1; exited_ok=0; wait_status=0; error_code=62;
[1592283578] Warning: Check of host 'Director_Resident' timed out after 30.01 seconds
[1592283579] wproc: Core Worker 22689: job 518906 (pid=21594): Dormant child reaped
[1592283625] wproc: Core Worker 22690: job 518907 (pid=21610) timed out. Killing it
[1592283625] wproc: CHECK job 518907 from worker Core Worker 22690 timed out after 30.01s
[1592283625] wproc:   host=Director_Bldg; service=(null);
[1592283625] wproc:   early_timeout=1; exited_ok=0; wait_status=0; error_code=62;
[1592283625] Warning: Check of host 'Director_Bldg' timed out after 30.01 seconds
[1592283625] HOST ALERT: Director_Bldg;DOWN;SOFT;7;(Host check timed out after 30.01 seconds)
[1592283625] wproc: Core Worker 22690: job 518907 (pid=21610): Dormant child reaped
[1592283715] wproc: Core Worker 22689: job 518910 (pid=21784) timed out. Killing it
[1592283715] wproc: CHECK job 518910 from worker Core Worker 22689 timed out after 30.01s
[1592283715] wproc:   host=Director_Bldg; service=(null);
[1592283715] wproc:   early_timeout=1; exited_ok=0; wait_status=0; error_code=62;
[1592283715] Warning: Check of host 'Director_Bldg' timed out after 30.01 seconds
[1592283715] HOST ALERT: Director_Bldg;DOWN;SOFT;8;(Host check timed out after 30.01 seconds)
[1592283715] wproc: Core Worker 22689: job 518910 (pid=21784): Dormant child reaped
[1592283805] wproc: Core Worker 22691: job 518914 (pid=21832) timed out. Killing it
[1592283805] wproc: CHECK job 518914 from worker Core Worker 22691 timed out after 30.01s
[1592283805] wproc:   host=Director_Bldg; service=(null);
[1592283805] wproc:   early_timeout=1; exited_ok=0; wait_status=0; error_code=62;
[1592283805] Warning: Check of host 'Director_Bldg' timed out after 30.01 seconds
[1592283805] HOST ALERT: Director_Bldg;DOWN;SOFT;9;(Host check timed out after 30.01 seconds)
[1592283805] wproc: Core Worker 22691: job 518914 (pid=21832): Dormant child reaped
[1592283878] wproc: Core Worker 22692: job 518916 (pid=21859) timed out. Killing it
[1592283878] wproc: CHECK job 518916 from worker Core Worker 22692 timed out after 30.00s
[1592283878] wproc:   host=Director_Resident; service=(null);
[1592283878] wproc:   early_timeout=1; exited_ok=0; wait_status=0; error_code=62;
[1592283878] Warning: Check of host 'Director_Resident' timed out after 30.00 seconds
[1592283879] wproc: Core Worker 22692: job 518916 (pid=21859): Dormant child reaped
[1592283895] wproc: Core Worker 22690: job 518917 (pid=21863) timed out. Killing it
[1592283895] wproc: CHECK job 518917 from worker Core Worker 22690 timed out after 30.01s
[1592283895] wproc:   host=Director_Bldg; service=(null);
[1592283895] wproc:   early_timeout=1; exited_ok=0; wait_status=0; error_code=62;
[1592283895] Warning: Check of host 'Director_Bldg' timed out after 30.01 seconds
[1592283895] HOST NOTIFICATION: nagiosadmin;Director_Bldg;DOWN;notify-host-by-email;(Host check timed out after 30.01 seconds)
[1592283895] HOST ALERT: Director_Bldg;DOWN;HARD;10;(Host check timed out after 30.01 seconds)
[1592283895] wproc: Core Worker 22690: job 518917 (pid=21863): Dormant child reaped
[1592284085] Auto-save of retention data completed successfully.
[1592284178] wproc: Core Worker 22692: job 518925 (pid=22109) timed out. Killing it
[1592284178] wproc: CHECK job 518925 from worker Core Worker 22692 timed out after 30.00s
[1592284178] wproc:   host=Director_Resident; service=(null);
[1592284178] wproc:   early_timeout=1; exited_ok=0; wait_status=0; error_code=62;
[1592284178] Warning: Check of host 'Director_Resident' timed out after 30.00 seconds
[1592284179] wproc: Core Worker 22692: job 518925 (pid=22109): Dormant child reaped
[1592284225] wproc: Core Worker 22689: job 518927 (pid=22125) timed out. Killing it
[1592284225] wproc: CHECK job 518927 from worker Core Worker 22689 timed out after 30.01s
[1592284225] wproc:   host=Director_Bldg; service=(null);
[1592284225] wproc:   early_timeout=1; exited_ok=0; wait_status=0; error_code=62;
[1592284225] Warning: Check of host 'Director_Bldg' timed out after 30.01 seconds
[1592284225] wproc: Core Worker 22689: job 518927 (pid=22125): Dormant child reaped
[1592284478] wproc: Core Worker 22689: job 518936 (pid=22371) timed out. Killing it
[1592284478] wproc: CHECK job 518936 from worker Core Worker 22689 timed out after 30.01s
[1592284478] wproc:   host=Director_Resident; service=(null);
[1592284478] wproc:   early_timeout=1; exited_ok=0; wait_status=0; error_code=62;
[1592284478] Warning: Check of host 'Director_Resident' timed out after 30.01 seconds
[1592284479] wproc: Core Worker 22689: job 518936 (pid=22371): Dormant child reaped
[1592284525] wproc: Core Worker 22692: job 518936 (pid=22386) timed out. Killing it
[1592284525] wproc: CHECK job 518936 from worker Core Worker 22692 timed out after 30.03s
[1592284525] wproc:   host=Director_Bldg; service=(null);
[1592284525] wproc:   early_timeout=1; exited_ok=0; wait_status=0; error_code=62;
[1592284525] Warning: Check of host 'Director_Bldg' timed out after 30.03 seconds
[1592284525] wproc: Core Worker 22692: job 518936 (pid=22386): Dormant child reaped
[1592284778] wproc: Core Worker 22692: job 518944 (pid=22618) timed out. Killing it
[1592284778] wproc: CHECK job 518944 from worker Core Worker 22692 timed out after 30.03s
[1592284778] wproc:   host=Director_Resident; service=(null);
[1592284778] wproc:   early_timeout=1; exited_ok=0; wait_status=0; error_code=62;
[1592284778] Warning: Check of host 'Director_Resident' timed out after 30.03 seconds
[1592284779] wproc: Core Worker 22692: job 518944 (pid=22618): Dormant child reaped
[1592284825] wproc: Core Worker 22689: job 518946 (pid=22634) timed out. Killing it
[1592284825] wproc: CHECK job 518946 from worker Core Worker 22689 timed out after 30.01s
[1592284825] wproc:   host=Director_Bldg; service=(null);
[1592284825] wproc:   early_timeout=1; exited_ok=0; wait_status=0; error_code=62;
[1592284825] Warning: Check of host 'Director_Bldg' timed out after 30.01 seconds
[1592284825] wproc: Core Worker 22689: job 518946 (pid=22634): Dormant child reaped
[1592285078] wproc: Core Worker 22689: job 518955 (pid=22880) timed out. Killing it
[1592285078] wproc: CHECK job 518955 from worker Core Worker 22689 timed out after 30.03s
[1592285078] wproc:   host=Director_Resident; service=(null);
[1592285078] wproc:   early_timeout=1; exited_ok=0; wait_status=0; error_code=62;
[1592285078] Warning: Check of host 'Director_Resident' timed out after 30.03 seconds
[1592285078] HOST NOTIFICATION: nagiosadmin;Director_Resident;DOWN;notify-host-by-email;(Host check timed out after 30.03 seconds)
[1592285079] wproc: Core Worker 22689: job 518955 (pid=22880): Dormant child reaped
[1592285125] wproc: Core Worker 22689: job 518956 (pid=22902) timed out. Killing it
[1592285125] wproc: CHECK job 518956 from worker Core Worker 22689 timed out after 30.03s
[1592285125] wproc:   host=Director_Bldg; service=(null);
[1592285125] wproc:   early_timeout=1; exited_ok=0; wait_status=0; error_code=62;
[1592285125] Warning: Check of host 'Director_Bldg' timed out after 30.03 seconds
[1592285125] wproc: Core Worker 22689: job 518956 (pid=22902): Dormant child reaped
[1592285353] HOST NOTIFICATION: nagiosadmin;Director_Resident;UP;notify-host-by-email;PING OK - Packet loss = 20%, RTA = 0.71 ms
[1592285353] HOST ALERT: Director_Resident;UP;HARD;1;PING OK - Packet loss = 20%, RTA = 0.71 ms
[1592285399] HOST NOTIFICATION: nagiosadmin;Director_Bldg;UP;notify-host-by-email;PING OK - Packet loss = 0%, RTA = 1.77 ms
[1592285399] HOST ALERT: Director_Bldg;UP;HARD;1;PING OK - Packet loss = 0%, RTA = 1.77 ms
[1592285532] SERVICE ALERT: Director_Resident;check-host-alive;OK;HARD;3;PING OK - Packet loss = 0%, RTA = 0.75 ms
[1592285754] SERVICE FLAPPING ALERT: Director_Bldg;check-host-alive;STARTED; Service appears to have started flapping (22.8% change >= 20.0% threshold)
[1592285754] SERVICE ALERT: Director_Bldg;check-host-alive;OK;SOFT;1;PING OK - Packet loss = 0%, RTA = 0.56 ms
[1592287685] Auto-save of retention data completed successfully.
[1592291285] Auto-save of retention data completed successfully.
[1592294885] Auto-save of retention data completed successfully.
[1592295354] SERVICE FLAPPING ALERT: Director_Bldg;check-host-alive;STOPPED; Service appears to have stopped flapping (4.1% change < 5.0% threshold)
[1592297419] SERVICE ALERT: esxi04;PING;WARNING;SOFT;1;PING WARNING - Packet loss = 20%, RTA = 0.31 ms
[1592297483] SERVICE ALERT: esxi04;PING;OK;SOFT;2;PING OK - Packet loss = 0%, RTA = 0.27 ms
[1592297596] SERVICE ALERT: esxi06;PING;WARNING;SOFT;1;PING WARNING - Packet loss = 20%, RTA = 0.45 ms
[1592297660] SERVICE ALERT: esxi06;PING;OK;SOFT;2;PING OK - Packet loss = 0%, RTA = 0.33 ms
[1592298485] Auto-save of retention data completed successfully.
[1592302085] Auto-save of retention data completed successfully.
[1592305685] Auto-save of retention data completed successfully.
[1592309285] Auto-save of retention data completed successfully.
[1592312885] Auto-save of retention data completed successfully.
[1592316485] Auto-save of retention data completed successfully.
[1592320085] Auto-save of retention data completed successfully.
[1592323685] Auto-save of retention data completed successfully.
[1592327285] Auto-save of retention data completed successfully.
[1592330885] Auto-save of retention data completed successfully.
