[1560450600] LOG ROTATION: DAILY
[1560450600] LOG VERSION: 2.0
[1560450600] CURRENT HOST STATE: esxi01;UP;HARD;1;PING OK - Packet loss = 0%, RTA = 0.44 ms
[1560450600] CURRENT HOST STATE: esxi02;UP;HARD;1;PING OK - Packet loss = 0%, RTA = 0.54 ms
[1560450600] CURRENT HOST STATE: esxi03;UP;HARD;1;PING OK - Packet loss = 0%, RTA = 0.38 ms
[1560450600] CURRENT HOST STATE: esxi04;UP;HARD;1;PING OK - Packet loss = 0%, RTA = 0.43 ms
[1560450600] CURRENT HOST STATE: esxi05;UP;HARD;1;PING OK - Packet loss = 0%, RTA = 0.51 ms
[1560450600] CURRENT HOST STATE: esxi06;UP;HARD;1;PING OK - Packet loss = 0%, RTA = 0.46 ms
[1560450600] CURRENT HOST STATE: esxi07;UP;HARD;1;PING OK - Packet loss = 0%, RTA = 0.39 ms
[1560450600] CURRENT HOST STATE: esxi08;UP;HARD;1;PING OK - Packet loss = 0%, RTA = 0.45 ms
[1560450600] CURRENT HOST STATE: esxi09;UP;HARD;1;PING OK - Packet loss = 0%, RTA = 0.37 ms
[1560450600] CURRENT HOST STATE: localhost;UP;HARD;1;PING OK - Packet loss = 0%, RTA = 0.05 ms
[1560450600] CURRENT HOST STATE: router1;UP;HARD;1;PING OK - Packet loss = 0%, RTA = 0.60 ms
[1560450600] CURRENT HOST STATE: router2;UP;HARD;1;PING OK - Packet loss = 0%, RTA = 0.69 ms
[1560450600] CURRENT HOST STATE: router3;UP;HARD;1;PING OK - Packet loss = 0%, RTA = 0.72 ms
[1560450600] CURRENT HOST STATE: vmware10gswitch;UP;HARD;1;PING OK - Packet loss = 0%, RTA = 1.16 ms
[1560450600] CURRENT HOST STATE: vmwaremgmtswitch;UP;HARD;1;PING OK - Packet loss = 0%, RTA = 0.79 ms
[1560450600] CURRENT SERVICE STATE: esxi01;ESXi Hardware Check;OK;HARD;1;OK - Server: Cisco Systems Inc UCSC-C220-M4S s/n: FCH22157EQH Chassis S/N: FCH2216V0WN  System BIOS: C220M4.3.0.4a.0.0226182253 2018-02-26
[1560450600] CURRENT SERVICE STATE: esxi01;PING;OK;HARD;1;PING OK - Packet loss = 0%, RTA = 0.47 ms
[1560450600] CURRENT SERVICE STATE: esxi02;ESXi Hardware Check;OK;HARD;1;OK - Server: Cisco Systems Inc UCSC-C220-M4S s/n: FCH22157E1D Chassis S/N: FCH2216V0Y6  System BIOS: C220M4.3.0.4a.0.0226182253 2018-02-26
[1560450600] CURRENT SERVICE STATE: esxi02;PING;OK;HARD;1;PING OK - Packet loss = 0%, RTA = 0.42 ms
[1560450600] CURRENT SERVICE STATE: esxi03;ESXi Hardware Check;OK;HARD;1;OK - Server: Cisco Systems Inc UCSC-C220-M4S s/n: FCH22157ESB Chassis S/N: FCH2216V0TW  System BIOS: C220M4.3.0.4a.0.0226182253 2018-02-26
[1560450600] CURRENT SERVICE STATE: esxi03;PING;OK;HARD;1;PING OK - Packet loss = 0%, RTA = 0.35 ms
[1560450600] CURRENT SERVICE STATE: esxi04;ESXi Hardware Check;OK;HARD;1;OK - Server: Cisco Systems Inc UCSC-C220-M4S s/n: FCH22137QKB Chassis S/N: FCH2216V0YZ  System BIOS: C220M4.3.0.4a.0.0226182253 2018-02-26
[1560450600] CURRENT SERVICE STATE: esxi04;PING;OK;HARD;1;PING OK - Packet loss = 0%, RTA = 0.42 ms
[1560450600] CURRENT SERVICE STATE: esxi05;ESXi Hardware Check;OK;HARD;1;OK - Server: Cisco Systems Inc UCSC-C220-M4S s/n: FCH22157EPD Chassis S/N: FCH2216V0Z0  System BIOS: C220M4.3.0.4a.0.0226182253 2018-02-26
[1560450600] CURRENT SERVICE STATE: esxi05;PING;OK;HARD;1;PING OK - Packet loss = 0%, RTA = 0.35 ms
[1560450600] CURRENT SERVICE STATE: esxi06;ESXi Haradware Check;OK;HARD;1;OK - Server: Cisco Systems Inc UCSC-C220-M4S s/n: FCH22157ERW Chassis S/N: FCH2216V0X8  System BIOS: C220M4.3.0.4a.0.0226182253 2018-02-26
[1560450600] CURRENT SERVICE STATE: esxi06;PING;OK;HARD;1;PING OK - Packet loss = 0%, RTA = 0.39 ms
[1560450600] CURRENT SERVICE STATE: esxi07;ESXi Hardware Check;OK;HARD;1;OK - Server: Cisco Systems Inc UCSC-C220-M4S s/n: FCH22157EV7 Chassis S/N: FCH2216V0Y8  System BIOS: C220M4.3.0.4a.0.0226182253 2018-02-26
[1560450600] CURRENT SERVICE STATE: esxi07;PING;OK;HARD;1;PING OK - Packet loss = 0%, RTA = 0.40 ms
[1560450600] CURRENT SERVICE STATE: esxi08;ESXi Hardware Check;OK;HARD;1;OK - Server: Cisco Systems Inc UCSC-C220-M4S s/n: FCH22137QJN Chassis S/N: FCH2216V0YV  System BIOS: C220M4.3.0.4a.0.0226182253 2018-02-26
[1560450600] CURRENT SERVICE STATE: esxi08;PING;OK;HARD;1;PING OK - Packet loss = 0%, RTA = 0.36 ms
[1560450600] CURRENT SERVICE STATE: esxi09;ESXi Hardware Check;OK;HARD;1;OK - Server: Cisco Systems Inc UCSC-C220-M4S s/n: FCH22157ERY Chassis S/N: FCH2216V0YN  System BIOS: C220M4.3.0.4a.0.0226182253 2018-02-26
[1560450600] CURRENT SERVICE STATE: esxi09;PING;OK;HARD;1;PING OK - Packet loss = 0%, RTA = 0.35 ms
[1560450600] CURRENT SERVICE STATE: localhost;Current Load;OK;HARD;1;OK - load average: 0.00, 0.03, 0.05
[1560450600] CURRENT SERVICE STATE: localhost;Current Users;OK;HARD;1;USERS OK - 3 users currently logged in
[1560450600] CURRENT SERVICE STATE: localhost;PING;OK;HARD;1;PING OK - Packet loss = 0%, RTA = 0.04 ms
[1560450600] CURRENT SERVICE STATE: localhost;Root Partition;OK;HARD;1;DISK OK - free space: / 43675 MB (85.34% inode=99%):
[1560450600] CURRENT SERVICE STATE: localhost;SSH;OK;HARD;1;SSH OK - OpenSSH_7.4 (protocol 2.0)
[1560450600] CURRENT SERVICE STATE: localhost;Swap Usage;OK;HARD;1;SWAP OK - 100% free (3966 MB out of 3967 MB)
[1560450600] CURRENT SERVICE STATE: localhost;Total Processes;OK;HARD;1;PROCS OK: 81 processes with STATE = RSZDT
[1560450600] CURRENT SERVICE STATE: router1;check-host-alive;OK;HARD;1;PING OK - Packet loss = 0%, RTA = 0.63 ms
[1560450600] CURRENT SERVICE STATE: router2;check-host-alive;OK;HARD;1;PING OK - Packet loss = 0%, RTA = 0.76 ms
[1560450600] CURRENT SERVICE STATE: router3;check-host-alive;OK;HARD;1;PING OK - Packet loss = 0%, RTA = 0.98 ms
[1560450600] CURRENT SERVICE STATE: vmware10gswitch;check-host-alive;OK;HARD;1;PING OK - Packet loss = 0%, RTA = 1.41 ms
[1560450600] CURRENT SERVICE STATE: vmwaremgmtswitch;check-host-alive;OK;HARD;1;PING OK - Packet loss = 0%, RTA = 2.90 ms
[1560451599] Auto-save of retention data completed successfully.
[1560455199] Auto-save of retention data completed successfully.
[1560458799] Auto-save of retention data completed successfully.
[1560459891] SERVICE ALERT: esxi03;PING;WARNING;SOFT;1;PING WARNING - Packet loss = 20%, RTA = 0.54 ms
[1560459955] SERVICE ALERT: esxi03;PING;OK;SOFT;2;PING OK - Packet loss = 0%, RTA = 0.47 ms
[1560462399] Auto-save of retention data completed successfully.
[1560465999] Auto-save of retention data completed successfully.
[1560466920] SERVICE ALERT: esxi03;PING;WARNING;SOFT;1;PING WARNING - Packet loss = 20%, RTA = 0.45 ms
[1560466984] SERVICE ALERT: esxi03;PING;OK;SOFT;2;PING OK - Packet loss = 0%, RTA = 0.51 ms
[1560469599] Auto-save of retention data completed successfully.
[1560472749] SERVICE ALERT: esxi03;PING;WARNING;SOFT;1;PING WARNING - Packet loss = 20%, RTA = 0.43 ms
[1560472813] SERVICE ALERT: esxi03;PING;OK;SOFT;2;PING OK - Packet loss = 0%, RTA = 0.41 ms
[1560473199] Auto-save of retention data completed successfully.
[1560476799] Auto-save of retention data completed successfully.
[1560477078] SERVICE ALERT: esxi03;PING;WARNING;SOFT;1;PING WARNING - Packet loss = 20%, RTA = 0.88 ms
[1560477142] SERVICE ALERT: esxi03;PING;OK;SOFT;2;PING OK - Packet loss = 0%, RTA = 0.56 ms
[1560480399] Auto-save of retention data completed successfully.
[1560481407] SERVICE ALERT: esxi03;PING;WARNING;SOFT;1;PING WARNING - Packet loss = 20%, RTA = 0.38 ms
[1560481471] SERVICE ALERT: esxi03;PING;OK;SOFT;2;PING OK - Packet loss = 0%, RTA = 0.48 ms
[1560483999] Auto-save of retention data completed successfully.
[1560487599] Auto-save of retention data completed successfully.
[1560491199] Auto-save of retention data completed successfully.
[1560494799] Auto-save of retention data completed successfully.
[1560496832] wproc: Core Worker 12906: job 8078 (pid=25170) timed out. Killing it
[1560496832] wproc: CHECK job 8078 from worker Core Worker 12906 timed out after 30.01s
[1560496832] wproc:   host=router2; service=(null);
[1560496832] wproc:   early_timeout=1; exited_ok=0; wait_status=0; error_code=62;
[1560496832] Warning: Check of host 'router2' timed out after 30.01 seconds
[1560496832] HOST ALERT: router2;DOWN;SOFT;1;(Host check timed out after 30.01 seconds)
[1560496832] wproc: Core Worker 12906: job 8078 (pid=25170): Dormant child reaped
[1560496922] wproc: Core Worker 12904: job 8083 (pid=25285) timed out. Killing it
[1560496922] wproc: CHECK job 8083 from worker Core Worker 12904 timed out after 30.01s
[1560496922] wproc:   host=router2; service=(null);
[1560496922] wproc:   early_timeout=1; exited_ok=0; wait_status=0; error_code=62;
[1560496922] Warning: Check of host 'router2' timed out after 30.01 seconds
[1560496922] HOST ALERT: router2;DOWN;SOFT;2;(Host check timed out after 30.01 seconds)
[1560496922] wproc: Core Worker 12904: job 8083 (pid=25285): Dormant child reaped
[1560497012] wproc: Core Worker 12903: job 8085 (pid=25320) timed out. Killing it
[1560497012] wproc: CHECK job 8085 from worker Core Worker 12903 timed out after 30.01s
[1560497012] wproc:   host=router2; service=(null);
[1560497012] wproc:   early_timeout=1; exited_ok=0; wait_status=0; error_code=62;
[1560497012] Warning: Check of host 'router2' timed out after 30.01 seconds
[1560497012] HOST ALERT: router2;DOWN;SOFT;3;(Host check timed out after 30.01 seconds)
[1560497012] wproc: Core Worker 12903: job 8085 (pid=25320): Dormant child reaped
[1560497022] SERVICE ALERT: router2;check-host-alive;CRITICAL;HARD;1;CRITICAL - Plugin timed out
[1560497102] wproc: Core Worker 12904: job 8088 (pid=25348) timed out. Killing it
[1560497102] wproc: CHECK job 8088 from worker Core Worker 12904 timed out after 30.03s
[1560497102] wproc:   host=router2; service=(null);
[1560497102] wproc:   early_timeout=1; exited_ok=0; wait_status=0; error_code=62;
[1560497102] Warning: Check of host 'router2' timed out after 30.03 seconds
[1560497102] HOST ALERT: router2;DOWN;SOFT;4;(Host check timed out after 30.03 seconds)
[1560497102] wproc: Core Worker 12904: job 8088 (pid=25348): Dormant child reaped
[1560497192] wproc: Core Worker 12906: job 8092 (pid=25521) timed out. Killing it
[1560497192] wproc: CHECK job 8092 from worker Core Worker 12906 timed out after 30.03s
[1560497192] wproc:   host=router2; service=(null);
[1560497192] wproc:   early_timeout=1; exited_ok=0; wait_status=0; error_code=62;
[1560497192] Warning: Check of host 'router2' timed out after 30.03 seconds
[1560497192] HOST ALERT: router2;DOWN;SOFT;5;(Host check timed out after 30.03 seconds)
[1560497192] wproc: Core Worker 12906: job 8092 (pid=25521): Dormant child reaped
[1560497282] wproc: Core Worker 12906: job 8094 (pid=25544) timed out. Killing it
[1560497282] wproc: CHECK job 8094 from worker Core Worker 12906 timed out after 30.01s
[1560497282] wproc:   host=router2; service=(null);
[1560497282] wproc:   early_timeout=1; exited_ok=0; wait_status=0; error_code=62;
[1560497282] Warning: Check of host 'router2' timed out after 30.01 seconds
[1560497282] HOST ALERT: router2;DOWN;SOFT;6;(Host check timed out after 30.01 seconds)
[1560497282] wproc: Core Worker 12906: job 8094 (pid=25544): Dormant child reaped
[1560497372] wproc: Core Worker 12905: job 8096 (pid=25582) timed out. Killing it
[1560497372] wproc: CHECK job 8096 from worker Core Worker 12905 timed out after 30.01s
[1560497372] wproc:   host=router2; service=(null);
[1560497372] wproc:   early_timeout=1; exited_ok=0; wait_status=0; error_code=62;
[1560497372] Warning: Check of host 'router2' timed out after 30.01 seconds
[1560497372] HOST ALERT: router2;DOWN;SOFT;7;(Host check timed out after 30.01 seconds)
[1560497372] wproc: Core Worker 12905: job 8096 (pid=25582): Dormant child reaped
[1560497462] wproc: Core Worker 12905: job 8099 (pid=25742) timed out. Killing it
[1560497462] wproc: CHECK job 8099 from worker Core Worker 12905 timed out after 30.01s
[1560497462] wproc:   host=router2; service=(null);
[1560497462] wproc:   early_timeout=1; exited_ok=0; wait_status=0; error_code=62;
[1560497462] Warning: Check of host 'router2' timed out after 30.01 seconds
[1560497462] HOST ALERT: router2;DOWN;SOFT;8;(Host check timed out after 30.01 seconds)
[1560497462] wproc: Core Worker 12905: job 8099 (pid=25742): Dormant child reaped
[1560497552] wproc: Core Worker 12906: job 8104 (pid=25804) timed out. Killing it
[1560497552] wproc: CHECK job 8104 from worker Core Worker 12906 timed out after 30.03s
[1560497552] wproc:   host=router2; service=(null);
[1560497552] wproc:   early_timeout=1; exited_ok=0; wait_status=0; error_code=62;
[1560497552] Warning: Check of host 'router2' timed out after 30.03 seconds
[1560497552] HOST ALERT: router2;DOWN;SOFT;9;(Host check timed out after 30.03 seconds)
[1560497552] wproc: Core Worker 12906: job 8104 (pid=25804): Dormant child reaped
[1560497642] wproc: Core Worker 12905: job 8106 (pid=25833) timed out. Killing it
[1560497642] wproc: CHECK job 8106 from worker Core Worker 12905 timed out after 30.03s
[1560497642] wproc:   host=router2; service=(null);
[1560497642] wproc:   early_timeout=1; exited_ok=0; wait_status=0; error_code=62;
[1560497642] Warning: Check of host 'router2' timed out after 30.03 seconds
[1560497642] HOST NOTIFICATION: nagiosadmin;router2;DOWN;notify-host-by-email;(Host check timed out after 30.03 seconds)
[1560497642] HOST ALERT: router2;DOWN;HARD;10;(Host check timed out after 30.03 seconds)
[1560497642] wproc: Core Worker 12905: job 8106 (pid=25833): Dormant child reaped
[1560497972] wproc: Core Worker 12903: job 8116 (pid=26091) timed out. Killing it
[1560497972] wproc: CHECK job 8116 from worker Core Worker 12903 timed out after 30.03s
[1560497972] wproc:   host=router2; service=(null);
[1560497972] wproc:   early_timeout=1; exited_ok=0; wait_status=0; error_code=62;
[1560497972] Warning: Check of host 'router2' timed out after 30.03 seconds
[1560497972] wproc: Core Worker 12903: job 8116 (pid=26091): Dormant child reaped
[1560498272] wproc: Core Worker 12905: job 8126 (pid=26335) timed out. Killing it
[1560498272] wproc: CHECK job 8126 from worker Core Worker 12905 timed out after 30.01s
[1560498272] wproc:   host=router2; service=(null);
[1560498272] wproc:   early_timeout=1; exited_ok=0; wait_status=0; error_code=62;
[1560498272] Warning: Check of host 'router2' timed out after 30.01 seconds
[1560498272] wproc: Core Worker 12905: job 8126 (pid=26335): Dormant child reaped
[1560498399] Auto-save of retention data completed successfully.
[1560498572] wproc: Core Worker 12903: job 8135 (pid=26568) timed out. Killing it
[1560498572] wproc: CHECK job 8135 from worker Core Worker 12903 timed out after 30.04s
[1560498572] wproc:   host=router2; service=(null);
[1560498572] wproc:   early_timeout=1; exited_ok=0; wait_status=0; error_code=62;
[1560498572] Warning: Check of host 'router2' timed out after 30.04 seconds
[1560498572] wproc: Core Worker 12903: job 8135 (pid=26568): Dormant child reaped
[1560498796] SERVICE ALERT: router2;check-host-alive;OK;HARD;1;PING OK - Packet loss = 20%, RTA = 0.77 ms
[1560498800] HOST NOTIFICATION: nagiosadmin;router2;UP;notify-host-by-email;PING OK - Packet loss = 0%, RTA = 0.74 ms
[1560498800] HOST ALERT: router2;UP;HARD;1;PING OK - Packet loss = 0%, RTA = 0.74 ms
[1560499726] wproc: Core Worker 12903: job 8172 (pid=27512) timed out. Killing it
[1560499726] wproc: CHECK job 8172 from worker Core Worker 12903 timed out after 30.03s
[1560499726] wproc:   host=router2; service=(null);
[1560499726] wproc:   early_timeout=1; exited_ok=0; wait_status=0; error_code=62;
[1560499726] Warning: Check of host 'router2' timed out after 30.03 seconds
[1560499726] HOST ALERT: router2;DOWN;SOFT;1;(Host check timed out after 30.03 seconds)
[1560499726] wproc: Core Worker 12903: job 8172 (pid=27512): Dormant child reaped
[1560499816] wproc: Core Worker 12903: job 8174 (pid=27536) timed out. Killing it
[1560499816] wproc: CHECK job 8174 from worker Core Worker 12903 timed out after 30.01s
[1560499816] wproc:   host=router2; service=(null);
[1560499816] wproc:   early_timeout=1; exited_ok=0; wait_status=0; error_code=62;
[1560499816] Warning: Check of host 'router2' timed out after 30.01 seconds
[1560499816] HOST ALERT: router2;DOWN;SOFT;2;(Host check timed out after 30.01 seconds)
[1560499816] wproc: Core Worker 12903: job 8174 (pid=27536): Dormant child reaped
[1560499906] wproc: Core Worker 12903: job 8179 (pid=27717) timed out. Killing it
[1560499906] wproc: CHECK job 8179 from worker Core Worker 12903 timed out after 30.01s
[1560499906] wproc:   host=router2; service=(null);
[1560499906] wproc:   early_timeout=1; exited_ok=0; wait_status=0; error_code=62;
[1560499906] Warning: Check of host 'router2' timed out after 30.01 seconds
[1560499906] HOST ALERT: router2;DOWN;SOFT;3;(Host check timed out after 30.01 seconds)
[1560499906] wproc: Core Worker 12903: job 8179 (pid=27717): Dormant child reaped
[1560499996] wproc: Core Worker 12903: job 8182 (pid=27747) timed out. Killing it
[1560499996] wproc: CHECK job 8182 from worker Core Worker 12903 timed out after 30.02s
[1560499996] wproc:   host=router2; service=(null);
[1560499996] wproc:   early_timeout=1; exited_ok=0; wait_status=0; error_code=62;
[1560499996] Warning: Check of host 'router2' timed out after 30.02 seconds
[1560499996] HOST ALERT: router2;DOWN;SOFT;4;(Host check timed out after 30.02 seconds)
[1560499996] wproc: Core Worker 12903: job 8182 (pid=27747): Dormant child reaped
[1560500022] SERVICE ALERT: router2;check-host-alive;CRITICAL;HARD;1;CRITICAL - Plugin timed out
[1560500086] wproc: Core Worker 12906: job 8185 (pid=27784) timed out. Killing it
[1560500086] wproc: CHECK job 8185 from worker Core Worker 12906 timed out after 30.03s
[1560500086] wproc:   host=router2; service=(null);
[1560500086] wproc:   early_timeout=1; exited_ok=0; wait_status=0; error_code=62;
[1560500086] Warning: Check of host 'router2' timed out after 30.03 seconds
[1560500086] HOST ALERT: router2;DOWN;SOFT;5;(Host check timed out after 30.03 seconds)
[1560500086] wproc: Core Worker 12906: job 8185 (pid=27784): Dormant child reaped
[1560500176] wproc: Core Worker 12905: job 8188 (pid=27945) timed out. Killing it
[1560500176] wproc: CHECK job 8188 from worker Core Worker 12905 timed out after 30.01s
[1560500176] wproc:   host=router2; service=(null);
[1560500176] wproc:   early_timeout=1; exited_ok=0; wait_status=0; error_code=62;
[1560500176] Warning: Check of host 'router2' timed out after 30.01 seconds
[1560500176] HOST ALERT: router2;DOWN;SOFT;6;(Host check timed out after 30.01 seconds)
[1560500176] wproc: Core Worker 12905: job 8188 (pid=27945): Dormant child reaped
[1560500266] wproc: Core Worker 12906: job 8191 (pid=27979) timed out. Killing it
[1560500266] wproc: CHECK job 8191 from worker Core Worker 12906 timed out after 30.03s
[1560500266] wproc:   host=router2; service=(null);
[1560500266] wproc:   early_timeout=1; exited_ok=0; wait_status=0; error_code=62;
[1560500266] Warning: Check of host 'router2' timed out after 30.03 seconds
[1560500266] HOST ALERT: router2;DOWN;SOFT;7;(Host check timed out after 30.03 seconds)
[1560500266] wproc: Core Worker 12906: job 8191 (pid=27979): Dormant child reaped
[1560500331] HOST ALERT: router2;UP;SOFT;1;PING OK - Packet loss = 20%, RTA = 0.75 ms
[1560500595] SERVICE FLAPPING ALERT: router2;check-host-alive;STARTED; Service appears to have started flapping (23.7% change >= 20.0% threshold)
[1560500595] SERVICE ALERT: router2;check-host-alive;OK;SOFT;1;PING OK - Packet loss = 0%, RTA = 0.75 ms
[1560501999] Auto-save of retention data completed successfully.
[1560505599] Auto-save of retention data completed successfully.
[1560509199] Auto-save of retention data completed successfully.
[1560511995] SERVICE FLAPPING ALERT: router2;check-host-alive;STOPPED; Service appears to have stopped flapping (3.8% change < 5.0% threshold)
[1560512799] Auto-save of retention data completed successfully.
[1560516399] Auto-save of retention data completed successfully.
[1560519936] SERVICE ALERT: esxi03;PING;WARNING;SOFT;1;PING WARNING - Packet loss = 20%, RTA = 0.41 ms
[1560519999] Auto-save of retention data completed successfully.
[1560520000] SERVICE ALERT: esxi03;PING;OK;SOFT;2;PING OK - Packet loss = 0%, RTA = 0.39 ms
[1560521030] SERVICE ALERT: esxi08;PING;WARNING;SOFT;1;PING WARNING - Packet loss = 20%, RTA = 0.38 ms
[1560521094] SERVICE ALERT: esxi08;PING;OK;SOFT;2;PING OK - Packet loss = 0%, RTA = 0.44 ms
[1560523599] Auto-save of retention data completed successfully.
[1560525465] SERVICE ALERT: esxi03;PING;WARNING;SOFT;1;PING WARNING - Packet loss = 20%, RTA = 0.49 ms
[1560525529] SERVICE ALERT: esxi03;PING;OK;SOFT;2;PING OK - Packet loss = 0%, RTA = 0.45 ms
[1560525594] SERVICE ALERT: esxi03;PING;WARNING;SOFT;1;PING WARNING - Packet loss = 20%, RTA = 0.51 ms
[1560525658] SERVICE ALERT: esxi03;PING;OK;SOFT;2;PING OK - Packet loss = 0%, RTA = 0.54 ms
[1560526323] SERVICE ALERT: esxi03;PING;WARNING;SOFT;1;PING WARNING - Packet loss = 20%, RTA = 0.35 ms
[1560526387] SERVICE ALERT: esxi03;PING;OK;SOFT;2;PING OK - Packet loss = 0%, RTA = 0.49 ms
[1560526752] SERVICE ALERT: esxi03;PING;WARNING;SOFT;1;PING WARNING - Packet loss = 40%, RTA = 0.51 ms
[1560526816] SERVICE ALERT: esxi03;PING;OK;SOFT;2;PING OK - Packet loss = 0%, RTA = 0.51 ms
[1560527199] Auto-save of retention data completed successfully.
[1560528981] SERVICE ALERT: esxi03;PING;WARNING;SOFT;1;PING WARNING - Packet loss = 20%, RTA = 0.56 ms
[1560529045] SERVICE ALERT: esxi03;PING;OK;SOFT;2;PING OK - Packet loss = 0%, RTA = 0.47 ms
[1560530610] SERVICE ALERT: esxi03;PING;WARNING;SOFT;1;PING WARNING - Packet loss = 20%, RTA = 0.41 ms
[1560530674] SERVICE ALERT: esxi03;PING;OK;SOFT;2;PING OK - Packet loss = 0%, RTA = 0.50 ms
[1560530799] Auto-save of retention data completed successfully.
[1560531339] SERVICE ALERT: esxi03;PING;WARNING;SOFT;1;PING WARNING - Packet loss = 20%, RTA = 0.48 ms
[1560531403] SERVICE ALERT: esxi03;PING;OK;SOFT;2;PING OK - Packet loss = 0%, RTA = 0.50 ms
[1560533268] SERVICE ALERT: esxi03;PING;WARNING;SOFT;1;PING WARNING - Packet loss = 20%, RTA = 0.39 ms
[1560533332] SERVICE ALERT: esxi03;PING;OK;SOFT;2;PING OK - Packet loss = 0%, RTA = 0.46 ms
[1560534399] Auto-save of retention data completed successfully.
[1560534897] SERVICE ALERT: esxi03;PING;WARNING;SOFT;1;PING WARNING - Packet loss = 20%, RTA = 0.44 ms
[1560534961] SERVICE ALERT: esxi03;PING;OK;SOFT;2;PING OK - Packet loss = 0%, RTA = 0.51 ms
[1560536226] SERVICE ALERT: esxi03;PING;WARNING;SOFT;1;PING WARNING - Packet loss = 20%, RTA = 0.41 ms
[1560536290] SERVICE ALERT: esxi03;PING;OK;SOFT;2;PING OK - Packet loss = 0%, RTA = 0.40 ms
