[1550428200] LOG ROTATION: DAILY
[1550428200] LOG VERSION: 2.0
[1550428200] CURRENT HOST STATE: esxi01;UP;HARD;1;PING OK - Packet loss = 0%, RTA = 0.58 ms
[1550428200] CURRENT HOST STATE: esxi02;UP;HARD;1;PING OK - Packet loss = 0%, RTA = 0.37 ms
[1550428200] CURRENT HOST STATE: esxi03;UP;HARD;1;PING OK - Packet loss = 0%, RTA = 0.48 ms
[1550428200] CURRENT HOST STATE: esxi04;UP;HARD;1;PING OK - Packet loss = 0%, RTA = 0.47 ms
[1550428200] CURRENT HOST STATE: esxi05;UP;HARD;1;PING OK - Packet loss = 0%, RTA = 0.28 ms
[1550428200] CURRENT HOST STATE: esxi06;UP;HARD;1;PING OK - Packet loss = 0%, RTA = 0.51 ms
[1550428200] CURRENT HOST STATE: esxi07;UP;HARD;1;PING OK - Packet loss = 0%, RTA = 0.39 ms
[1550428200] CURRENT HOST STATE: esxi08;UP;HARD;1;PING OK - Packet loss = 0%, RTA = 0.38 ms
[1550428200] CURRENT HOST STATE: esxi09;UP;HARD;1;PING OK - Packet loss = 0%, RTA = 0.85 ms
[1550428200] CURRENT HOST STATE: localhost;UP;HARD;1;PING OK - Packet loss = 0%, RTA = 0.02 ms
[1550428200] CURRENT HOST STATE: router1;UP;HARD;1;PING OK - Packet loss = 0%, RTA = 0.55 ms
[1550428200] CURRENT HOST STATE: router2;UP;HARD;1;PING OK - Packet loss = 0%, RTA = 0.68 ms
[1550428200] CURRENT HOST STATE: router3;UP;HARD;1;PING OK - Packet loss = 0%, RTA = 1.07 ms
[1550428200] CURRENT HOST STATE: vmware10gswitch;UP;HARD;1;PING OK - Packet loss = 0%, RTA = 1.39 ms
[1550428200] CURRENT HOST STATE: vmwaremgmtswitch;UP;HARD;1;PING OK - Packet loss = 0%, RTA = 2.06 ms
[1550428200] CURRENT SERVICE STATE: esxi01;ESXi Hardware Check;OK;HARD;1;OK - Server: Cisco Systems Inc UCSC-C220-M4S s/n: FCH22157EQH Chassis S/N: FCH2216V0WN  System BIOS: C220M4.3.0.4a.0.0226182253 2018-02-26
[1550428200] CURRENT SERVICE STATE: esxi01;PING;OK;HARD;1;PING OK - Packet loss = 0%, RTA = 0.46 ms
[1550428200] CURRENT SERVICE STATE: esxi02;ESXi Hardware Check;OK;HARD;1;OK - Server: Cisco Systems Inc UCSC-C220-M4S s/n: FCH22157E1D Chassis S/N: FCH2216V0Y6  System BIOS: C220M4.3.0.4a.0.0226182253 2018-02-26
[1550428200] CURRENT SERVICE STATE: esxi02;PING;OK;HARD;1;PING OK - Packet loss = 0%, RTA = 0.40 ms
[1550428200] CURRENT SERVICE STATE: esxi03;ESXi Hardware Check;OK;HARD;1;OK - Server: Cisco Systems Inc UCSC-C220-M4S s/n: FCH22157ESB Chassis S/N: FCH2216V0TW  System BIOS: C220M4.3.0.4a.0.0226182253 2018-02-26
[1550428200] CURRENT SERVICE STATE: esxi03;PING;OK;HARD;1;PING OK - Packet loss = 0%, RTA = 0.32 ms
[1550428200] CURRENT SERVICE STATE: esxi04;ESXi Hardware Check;OK;HARD;1;OK - Server: Cisco Systems Inc UCSC-C220-M4S s/n: FCH22137QKB Chassis S/N: FCH2216V0YZ  System BIOS: C220M4.3.0.4a.0.0226182253 2018-02-26
[1550428200] CURRENT SERVICE STATE: esxi04;PING;OK;HARD;1;PING OK - Packet loss = 0%, RTA = 0.57 ms
[1550428200] CURRENT SERVICE STATE: esxi05;ESXi Hardware Check;OK;HARD;1;OK - Server: Cisco Systems Inc UCSC-C220-M4S s/n: FCH22157EPD Chassis S/N: FCH2216V0Z0  System BIOS: C220M4.3.0.4a.0.0226182253 2018-02-26
[1550428200] CURRENT SERVICE STATE: esxi05;PING;OK;HARD;1;PING OK - Packet loss = 0%, RTA = 0.43 ms
[1550428200] CURRENT SERVICE STATE: esxi06;ESXi Haradware Check;OK;HARD;1;OK - Server: Cisco Systems Inc UCSC-C220-M4S s/n: FCH22157ERW Chassis S/N: FCH2216V0X8  System BIOS: C220M4.3.0.4a.0.0226182253 2018-02-26
[1550428200] CURRENT SERVICE STATE: esxi06;PING;OK;HARD;1;PING OK - Packet loss = 0%, RTA = 0.40 ms
[1550428200] CURRENT SERVICE STATE: esxi07;ESXi Hardware Check;OK;HARD;1;OK - Server: Cisco Systems Inc UCSC-C220-M4S s/n: FCH22157EV7 Chassis S/N: FCH2216V0Y8  System BIOS: C220M4.3.0.4a.0.0226182253 2018-02-26
[1550428200] CURRENT SERVICE STATE: esxi07;PING;OK;HARD;1;PING OK - Packet loss = 0%, RTA = 0.45 ms
[1550428200] CURRENT SERVICE STATE: esxi08;ESXi Hardware Check;OK;HARD;1;OK - Server: Cisco Systems Inc UCSC-C220-M4S s/n: FCH22137QJN Chassis S/N: FCH2216V0YV  System BIOS: C220M4.3.0.4a.0.0226182253 2018-02-26
[1550428200] CURRENT SERVICE STATE: esxi08;PING;OK;HARD;1;PING OK - Packet loss = 0%, RTA = 0.33 ms
[1550428200] CURRENT SERVICE STATE: esxi09;ESXi Hardware Check;OK;HARD;1;OK - Server: Cisco Systems Inc UCSC-C220-M4S s/n: FCH22157ERY Chassis S/N: FCH2216V0YN  System BIOS: C220M4.3.0.4a.0.0226182253 2018-02-26
[1550428200] CURRENT SERVICE STATE: esxi09;PING;OK;HARD;1;PING OK - Packet loss = 0%, RTA = 0.43 ms
[1550428200] CURRENT SERVICE STATE: localhost;Current Load;OK;HARD;1;OK - load average: 0.00, 0.01, 0.08
[1550428200] CURRENT SERVICE STATE: localhost;Current Users;OK;HARD;1;USERS OK - 3 users currently logged in
[1550428200] CURRENT SERVICE STATE: localhost;HTTP;WARNING;HARD;4;HTTP WARNING: HTTP/1.1 403 Forbidden - 5179 bytes in 0.001 second response time
[1550428200] CURRENT SERVICE STATE: localhost;PING;OK;HARD;1;PING OK - Packet loss = 0%, RTA = 0.02 ms
[1550428200] CURRENT SERVICE STATE: localhost;Root Partition;OK;HARD;1;DISK OK - free space: / 44393 MB (86.74% inode=99%):
[1550428200] CURRENT SERVICE STATE: localhost;SSH;OK;HARD;1;SSH OK - OpenSSH_7.4 (protocol 2.0)
[1550428200] CURRENT SERVICE STATE: localhost;Swap Usage;OK;HARD;1;SWAP OK - 100% free (3967 MB out of 3967 MB)
[1550428200] CURRENT SERVICE STATE: localhost;Total Processes;OK;HARD;1;PROCS OK: 79 processes with STATE = RSZDT
[1550428200] CURRENT SERVICE STATE: router1;check-host-alive;OK;HARD;1;PING OK - Packet loss = 0%, RTA = 0.58 ms
[1550428200] CURRENT SERVICE STATE: router2;check-host-alive;OK;HARD;1;PING OK - Packet loss = 0%, RTA = 0.65 ms
[1550428200] CURRENT SERVICE STATE: router3;check-host-alive;OK;HARD;1;PING OK - Packet loss = 0%, RTA = 0.63 ms
[1550428200] CURRENT SERVICE STATE: vmware10gswitch;check-host-alive;OK;HARD;1;PING OK - Packet loss = 0%, RTA = 1.32 ms
[1550428200] CURRENT SERVICE STATE: vmwaremgmtswitch;check-host-alive;OK;HARD;1;PING OK - Packet loss = 0%, RTA = 3.03 ms
[1550429919] Auto-save of retention data completed successfully.
[1550433519] Auto-save of retention data completed successfully.
[1550433815] SERVICE ALERT: esxi03;PING;WARNING;SOFT;1;PING WARNING - Packet loss = 20%, RTA = 0.49 ms
[1550433879] SERVICE ALERT: esxi03;PING;OK;HARD;1;PING OK - Packet loss = 0%, RTA = 2.46 ms
[1550437119] Auto-save of retention data completed successfully.
[1550439280] SERVICE ALERT: esxi03;PING;WARNING;SOFT;1;PING WARNING - Packet loss = 20%, RTA = 0.29 ms
[1550439345] SERVICE ALERT: esxi03;PING;WARNING;SOFT;2;PING WARNING - Packet loss = 20%, RTA = 0.37 ms
[1550439409] SERVICE ALERT: esxi03;PING;OK;HARD;1;PING OK - Packet loss = 0%, RTA = 0.31 ms
[1550440719] Auto-save of retention data completed successfully.
[1550441510] SERVICE ALERT: esxi03;PING;WARNING;SOFT;1;PING WARNING - Packet loss = 20%, RTA = 0.49 ms
[1550441574] SERVICE ALERT: esxi03;PING;OK;HARD;1;PING OK - Packet loss = 0%, RTA = 0.41 ms
[1550442775] SERVICE ALERT: esxi03;PING;WARNING;SOFT;1;PING WARNING - Packet loss = 20%, RTA = 0.36 ms
[1550442839] SERVICE ALERT: esxi03;PING;OK;HARD;1;PING OK - Packet loss = 0%, RTA = 0.38 ms
[1550444319] Auto-save of retention data completed successfully.
[1550446440] SERVICE ALERT: esxi03;PING;WARNING;SOFT;1;PING WARNING - Packet loss = 20%, RTA = 0.40 ms
[1550446504] SERVICE ALERT: esxi03;PING;OK;HARD;1;PING OK - Packet loss = 0%, RTA = 0.41 ms
[1550447405] SERVICE ALERT: esxi03;PING;WARNING;SOFT;1;PING WARNING - Packet loss = 20%, RTA = 0.43 ms
[1550447469] SERVICE ALERT: esxi03;PING;OK;HARD;1;PING OK - Packet loss = 0%, RTA = 0.41 ms
[1550447919] Auto-save of retention data completed successfully.
[1550450170] SERVICE ALERT: esxi03;PING;WARNING;SOFT;1;PING WARNING - Packet loss = 20%, RTA = 0.40 ms
[1550450235] SERVICE ALERT: esxi03;PING;WARNING;SOFT;2;PING WARNING - Packet loss = 20%, RTA = 0.44 ms
[1550450299] SERVICE ALERT: esxi03;PING;OK;HARD;1;PING OK - Packet loss = 0%, RTA = 0.41 ms
[1550451519] Auto-save of retention data completed successfully.
[1550453600] SERVICE ALERT: esxi03;PING;WARNING;SOFT;1;PING WARNING - Packet loss = 20%, RTA = 0.44 ms
[1550453665] SERVICE ALERT: esxi03;PING;WARNING;SOFT;2;PING WARNING - Packet loss = 20%, RTA = 0.55 ms
[1550453729] SERVICE ALERT: esxi03;PING;OK;HARD;1;PING OK - Packet loss = 0%, RTA = 0.47 ms
[1550455119] Auto-save of retention data completed successfully.
[1550455230] SERVICE ALERT: esxi03;PING;WARNING;SOFT;1;PING WARNING - Packet loss = 20%, RTA = 0.47 ms
[1550455295] SERVICE ALERT: esxi03;PING;WARNING;SOFT;2;PING WARNING - Packet loss = 40%, RTA = 0.40 ms
[1550455359] SERVICE ALERT: esxi03;PING;OK;HARD;1;PING OK - Packet loss = 0%, RTA = 0.37 ms
[1550458060] SERVICE ALERT: esxi03;PING;WARNING;SOFT;1;PING WARNING - Packet loss = 20%, RTA = 0.46 ms
[1550458124] SERVICE ALERT: esxi03;PING;OK;HARD;1;PING OK - Packet loss = 0%, RTA = 0.40 ms
[1550458425] SERVICE ALERT: esxi03;PING;WARNING;SOFT;1;PING WARNING - Packet loss = 20%, RTA = 0.40 ms
[1550458489] SERVICE ALERT: esxi03;PING;OK;HARD;1;PING OK - Packet loss = 0%, RTA = 0.40 ms
[1550458719] Auto-save of retention data completed successfully.
[1550459090] SERVICE ALERT: esxi03;PING;WARNING;SOFT;1;PING WARNING - Packet loss = 20%, RTA = 0.40 ms
[1550459154] SERVICE ALERT: esxi03;PING;OK;HARD;1;PING OK - Packet loss = 0%, RTA = 0.46 ms
[1550462319] Auto-save of retention data completed successfully.
[1550463055] SERVICE ALERT: esxi03;PING;WARNING;SOFT;1;PING WARNING - Packet loss = 20%, RTA = 0.40 ms
[1550463119] SERVICE ALERT: esxi03;PING;OK;HARD;1;PING OK - Packet loss = 0%, RTA = 0.42 ms
[1550464020] SERVICE ALERT: esxi03;PING;WARNING;SOFT;1;PING WARNING - Packet loss = 20%, RTA = 0.30 ms
[1550464084] SERVICE ALERT: esxi03;PING;OK;HARD;1;PING OK - Packet loss = 0%, RTA = 0.45 ms
[1550465919] Auto-save of retention data completed successfully.
[1550469040] Caught SIGTERM, shutting down...
[1550469040] Caught SIGTERM, shutting down...
[1550469040] Successfully shutdown... (PID=5980)
[1550469040] Nagios 4.4.2 starting... (PID=7533)
[1550469040] Local time is Mon Feb 18 11:20:40 IST 2019
[1550469040] LOG VERSION: 2.0
[1550469040] qh: Socket '/usr/local/nagios/var/rw/nagios.qh' successfully initialized
[1550469040] qh: core query handler registered
[1550469040] qh: echo service query handler registered
[1550469040] qh: help for the query handler registered
[1550469040] wproc: Successfully registered manager as @wproc with query handler
[1550469040] wproc: Registry request: name=Core Worker 7534;pid=7534
[1550469040] wproc: Registry request: name=Core Worker 7535;pid=7535
[1550469040] wproc: Registry request: name=Core Worker 7536;pid=7536
[1550469040] wproc: Registry request: name=Core Worker 7537;pid=7537
[1550469040] Successfully launched command file worker with pid 7539
[1550469042] Caught SIGTERM, shutting down...
[1550469042] Caught SIGTERM, shutting down...
[1550469042] Caught SIGTERM, shutting down...
[1550469042] Successfully shutdown... (PID=7533)
[1550469042] Nagios 4.4.2 starting... (PID=7564)
[1550469042] Local time is Mon Feb 18 11:20:42 IST 2019
[1550469042] LOG VERSION: 2.0
[1550469042] qh: Socket '/usr/local/nagios/var/rw/nagios.qh' successfully initialized
[1550469042] qh: core query handler registered
[1550469042] qh: echo service query handler registered
[1550469042] qh: help for the query handler registered
[1550469042] wproc: Successfully registered manager as @wproc with query handler
[1550469042] wproc: Registry request: name=Core Worker 7565;pid=7565
[1550469042] wproc: Registry request: name=Core Worker 7566;pid=7566
[1550469042] wproc: Registry request: name=Core Worker 7567;pid=7567
[1550469042] wproc: Registry request: name=Core Worker 7568;pid=7568
[1550469042] Successfully launched command file worker with pid 7569
[1550472642] Auto-save of retention data completed successfully.
[1550476242] Auto-save of retention data completed successfully.
[1550477285] SERVICE ALERT: esxi03;PING;WARNING;SOFT;1;PING WARNING - Packet loss = 20%, RTA = 0.40 ms
[1550477350] SERVICE ALERT: esxi03;PING;WARNING;SOFT;2;PING WARNING - Packet loss = 20%, RTA = 0.44 ms
[1550477414] SERVICE ALERT: esxi03;PING;OK;HARD;1;PING OK - Packet loss = 0%, RTA = 0.33 ms
[1550479842] Auto-save of retention data completed successfully.
[1550480290] SERVICE ALERT: esxi04;PING;WARNING;SOFT;1;PING WARNING - Packet loss = 20%, RTA = 0.31 ms
[1550480354] SERVICE ALERT: esxi04;PING;OK;HARD;1;PING OK - Packet loss = 0%, RTA = 0.39 ms
[1550480415] SERVICE ALERT: esxi03;PING;WARNING;SOFT;1;PING WARNING - Packet loss = 20%, RTA = 0.38 ms
[1550480479] SERVICE ALERT: esxi03;PING;OK;HARD;1;PING OK - Packet loss = 0%, RTA = 0.30 ms
[1550483442] Auto-save of retention data completed successfully.
[1550487042] Auto-save of retention data completed successfully.
[1550488280] SERVICE ALERT: esxi03;PING;WARNING;SOFT;1;PING WARNING - Packet loss = 20%, RTA = 0.46 ms
[1550488345] SERVICE ALERT: esxi03;PING;WARNING;SOFT;2;PING WARNING - Packet loss = 20%, RTA = 0.41 ms
[1550488409] SERVICE ALERT: esxi03;PING;OK;HARD;1;PING OK - Packet loss = 0%, RTA = 0.38 ms
[1550488710] SERVICE ALERT: esxi03;PING;WARNING;SOFT;1;PING WARNING - Packet loss = 40%, RTA = 0.31 ms
[1550488774] SERVICE ALERT: esxi03;PING;OK;HARD;1;PING OK - Packet loss = 0%, RTA = 0.31 ms
[1550490575] SERVICE ALERT: esxi03;PING;WARNING;SOFT;1;PING WARNING - Packet loss = 20%, RTA = 0.37 ms
[1550490639] SERVICE ALERT: esxi03;PING;OK;HARD;1;PING OK - Packet loss = 0%, RTA = 0.43 ms
[1550490642] Auto-save of retention data completed successfully.
[1550492440] SERVICE ALERT: esxi03;PING;WARNING;SOFT;1;PING WARNING - Packet loss = 20%, RTA = 0.30 ms
[1550492504] SERVICE ALERT: esxi03;PING;OK;HARD;1;PING OK - Packet loss = 0%, RTA = 0.38 ms
[1550494242] Auto-save of retention data completed successfully.
[1550495205] SERVICE ALERT: esxi03;PING;WARNING;SOFT;1;PING WARNING - Packet loss = 20%, RTA = 0.40 ms
[1550495269] SERVICE ALERT: esxi03;PING;OK;HARD;1;PING OK - Packet loss = 0%, RTA = 0.40 ms
[1550497842] Auto-save of retention data completed successfully.
[1550501442] Auto-save of retention data completed successfully.
[1550505042] Auto-save of retention data completed successfully.
[1550505470] SERVICE ALERT: esxi03;PING;WARNING;SOFT;1;PING WARNING - Packet loss = 20%, RTA = 0.42 ms
[1550505534] SERVICE ALERT: esxi03;PING;OK;HARD;1;PING OK - Packet loss = 0%, RTA = 0.36 ms
[1550508642] Auto-save of retention data completed successfully.
[1550511235] SERVICE ALERT: esxi03;PING;WARNING;SOFT;1;PING WARNING - Packet loss = 20%, RTA = 0.34 ms
[1550511299] SERVICE ALERT: esxi03;PING;OK;HARD;1;PING OK - Packet loss = 0%, RTA = 0.32 ms
[1550512242] Auto-save of retention data completed successfully.
[1550514300] SERVICE ALERT: esxi03;PING;WARNING;SOFT;1;PING WARNING - Packet loss = 20%, RTA = 0.29 ms
[1550514364] SERVICE ALERT: esxi03;PING;OK;HARD;1;PING OK - Packet loss = 0%, RTA = 0.42 ms
[1553665632] Caught SIGTERM, shutting down...
