[1600885800] LOG ROTATION: DAILY
[1600885800] LOG VERSION: 2.0
[1600885800] CURRENT HOST STATE: AP_Main_Bldg;UP;HARD;1;PING OK - Packet loss = 0%, RTA = 0.80 ms
[1600885800] CURRENT HOST STATE: Director_Bldg;UP;HARD;1;PING OK - Packet loss = 0%, RTA = 0.59 ms
[1600885800] CURRENT HOST STATE: Director_Resident;UP;HARD;1;PING OK - Packet loss = 0%, RTA = 0.75 ms
[1600885800] CURRENT HOST STATE: esxi01;UP;HARD;1;PING OK - Packet loss = 0%, RTA = 0.56 ms
[1600885800] CURRENT HOST STATE: esxi02;UP;HARD;1;PING OK - Packet loss = 0%, RTA = 0.49 ms
[1600885800] CURRENT HOST STATE: esxi03;UP;HARD;1;PING OK - Packet loss = 0%, RTA = 0.32 ms
[1600885800] CURRENT HOST STATE: esxi04;UP;HARD;1;PING OK - Packet loss = 0%, RTA = 0.70 ms
[1600885800] CURRENT HOST STATE: esxi05;UP;HARD;1;PING OK - Packet loss = 0%, RTA = 0.37 ms
[1600885800] CURRENT HOST STATE: esxi06;UP;HARD;1;PING OK - Packet loss = 0%, RTA = 0.41 ms
[1600885800] CURRENT HOST STATE: esxi07;UP;HARD;1;PING OK - Packet loss = 0%, RTA = 0.49 ms
[1600885800] CURRENT HOST STATE: esxi08;UP;HARD;1;PING OK - Packet loss = 0%, RTA = 0.39 ms
[1600885800] CURRENT HOST STATE: esxi09;UP;HARD;1;PING OK - Packet loss = 0%, RTA = 0.44 ms
[1600885800] CURRENT HOST STATE: localhost;UP;HARD;1;PING OK - Packet loss = 0%, RTA = 0.05 ms
[1600885800] CURRENT HOST STATE: vmware10gswitch;UP;HARD;1;PING OK - Packet loss = 0%, RTA = 13.97 ms
[1600885800] CURRENT HOST STATE: vmwaremgmtswitch;UP;HARD;1;PING OK - Packet loss = 0%, RTA = 2.13 ms
[1600885800] CURRENT SERVICE STATE: AP_Main_Bldg;check-host-alive;OK;HARD;1;PING OK - Packet loss = 0%, RTA = 0.77 ms
[1600885800] CURRENT SERVICE STATE: Director_Bldg;check-host-alive;OK;HARD;1;PING OK - Packet loss = 0%, RTA = 0.75 ms
[1600885800] CURRENT SERVICE STATE: Director_Resident;check-host-alive;OK;HARD;1;PING OK - Packet loss = 0%, RTA = 1.16 ms
[1600885800] CURRENT SERVICE STATE: esxi01;ESXi Hardware Check;OK;HARD;1;OK - Server: Cisco Systems Inc UCSC-C220-M4S s/n: FCH22157EQH Chassis S/N: FCH2216V0WN  System BIOS: C220M4.3.0.4a.0.0226182253 2018-02-26
[1600885800] CURRENT SERVICE STATE: esxi01;PING;OK;HARD;1;PING OK - Packet loss = 0%, RTA = 0.39 ms
[1600885800] CURRENT SERVICE STATE: esxi02;ESXi Hardware Check;UNKNOWN;HARD;3;UNKNOWN:
[1600885800] CURRENT SERVICE STATE: esxi02;PING;OK;HARD;1;PING OK - Packet loss = 0%, RTA = 0.40 ms
[1600885800] CURRENT SERVICE STATE: esxi03;ESXi Hardware Check;OK;HARD;1;OK - Server: Cisco Systems Inc UCSC-C220-M4S s/n: FCH22157ESB Chassis S/N: FCH2216V0TW  System BIOS: C220M4.3.0.4a.0.0226182253 2018-02-26
[1600885800] CURRENT SERVICE STATE: esxi03;PING;OK;HARD;1;PING OK - Packet loss = 0%, RTA = 0.30 ms
[1600885800] CURRENT SERVICE STATE: esxi04;ESXi Hardware Check;OK;HARD;1;OK - Server: Cisco Systems Inc UCSC-C220-M4S s/n: FCH22137QKB Chassis S/N: FCH2216V0YZ  System BIOS: C220M4.3.0.4a.0.0226182253 2018-02-26
[1600885800] CURRENT SERVICE STATE: esxi04;PING;OK;HARD;1;PING OK - Packet loss = 0%, RTA = 0.51 ms
[1600885800] CURRENT SERVICE STATE: esxi05;ESXi Hardware Check;OK;HARD;1;OK - Server: Cisco Systems Inc UCSC-C220-M4S s/n: FCH22157EPD Chassis S/N: FCH2216V0Z0  System BIOS: C220M4.3.0.4a.0.0226182253 2018-02-26
[1600885800] CURRENT SERVICE STATE: esxi05;PING;OK;HARD;1;PING OK - Packet loss = 0%, RTA = 0.41 ms
[1600885800] CURRENT SERVICE STATE: esxi06;ESXi Haradware Check;OK;HARD;1;OK - Server: Cisco Systems Inc UCSC-C220-M4S s/n: FCH22157ERW Chassis S/N: FCH2216V0X8  System BIOS: C220M4.3.0.4a.0.0226182253 2018-02-26
[1600885800] CURRENT SERVICE STATE: esxi06;PING;OK;HARD;1;PING OK - Packet loss = 0%, RTA = 0.48 ms
[1600885800] CURRENT SERVICE STATE: esxi07;ESXi Hardware Check;OK;HARD;1;OK - Server: Cisco Systems Inc UCSC-C220-M4S s/n: FCH22157EV7 Chassis S/N: FCH2216V0Y8  System BIOS: C220M4.3.0.4a.0.0226182253 2018-02-26
[1600885800] CURRENT SERVICE STATE: esxi07;PING;OK;HARD;1;PING OK - Packet loss = 0%, RTA = 0.78 ms
[1600885800] CURRENT SERVICE STATE: esxi08;ESXi Hardware Check;OK;HARD;1;OK - Server: Cisco Systems Inc UCSC-C220-M4S s/n: FCH22137QJN Chassis S/N: FCH2216V0YV  System BIOS: C220M4.3.0.4a.0.0226182253 2018-02-26
[1600885800] CURRENT SERVICE STATE: esxi08;PING;OK;HARD;1;PING OK - Packet loss = 0%, RTA = 0.36 ms
[1600885800] CURRENT SERVICE STATE: esxi09;ESXi Hardware Check;OK;HARD;1;OK - Server: Cisco Systems Inc UCSC-C220-M4S s/n: FCH22157ERY Chassis S/N: FCH2216V0YN  System BIOS: C220M4.3.0.4a.0.0226182253 2018-02-26
[1600885800] CURRENT SERVICE STATE: esxi09;PING;OK;HARD;1;PING OK - Packet loss = 0%, RTA = 0.34 ms
[1600885800] CURRENT SERVICE STATE: localhost;Current Load;OK;HARD;1;OK - load average: 0.04, 0.05, 0.05
[1600885800] CURRENT SERVICE STATE: localhost;Current Users;OK;HARD;1;USERS OK - 0 users currently logged in
[1600885800] CURRENT SERVICE STATE: localhost;PING;OK;HARD;1;PING OK - Packet loss = 0%, RTA = 0.05 ms
[1600885800] CURRENT SERVICE STATE: localhost;Root Partition;OK;HARD;1;DISK OK - free space: / 42825 MB (83.68% inode=99%):
[1600885800] CURRENT SERVICE STATE: localhost;SSH;OK;HARD;1;SSH OK - OpenSSH_7.4 (protocol 2.0)
[1600885800] CURRENT SERVICE STATE: localhost;Swap Usage;OK;HARD;1;SWAP OK - 100% free (3967 MB out of 3967 MB)
[1600885800] CURRENT SERVICE STATE: localhost;Total Processes;OK;HARD;1;PROCS OK: 75 processes with STATE = RSZDT
[1600885800] CURRENT SERVICE STATE: vmware10gswitch;check-host-alive;OK;HARD;1;PING OK - Packet loss = 0%, RTA = 1.39 ms
[1600885800] CURRENT SERVICE STATE: vmwaremgmtswitch;check-host-alive;OK;HARD;1;PING OK - Packet loss = 0%, RTA = 0.85 ms
[1600888172] Auto-save of retention data completed successfully.
[1600891772] Auto-save of retention data completed successfully.
[1600895372] Auto-save of retention data completed successfully.
[1600898972] Auto-save of retention data completed successfully.
[1600901560] SERVICE ALERT: esxi05;PING;WARNING;SOFT;1;PING WARNING - Packet loss = 20%, RTA = 0.56 ms
[1600901624] SERVICE ALERT: esxi05;PING;OK;SOFT;2;PING OK - Packet loss = 0%, RTA = 0.47 ms
[1600902572] Auto-save of retention data completed successfully.
[1600903364] SERVICE ALERT: esxi08;PING;WARNING;SOFT;1;PING WARNING - Packet loss = 20%, RTA = 0.39 ms
[1600903428] SERVICE ALERT: esxi08;PING;OK;SOFT;2;PING OK - Packet loss = 0%, RTA = 0.32 ms
[1600906172] Auto-save of retention data completed successfully.
[1600909772] Auto-save of retention data completed successfully.
[1600913372] Auto-save of retention data completed successfully.
[1600916972] Auto-save of retention data completed successfully.
[1600918789] SERVICE ALERT: esxi05;PING;WARNING;SOFT;1;PING WARNING - Packet loss = 20%, RTA = 0.38 ms
[1600918853] SERVICE ALERT: esxi05;PING;OK;SOFT;2;PING OK - Packet loss = 0%, RTA = 0.45 ms
[1600920293] SERVICE ALERT: esxi08;PING;WARNING;SOFT;1;PING WARNING - Packet loss = 20%, RTA = 0.37 ms
[1600920357] SERVICE ALERT: esxi08;PING;OK;SOFT;2;PING OK - Packet loss = 0%, RTA = 0.44 ms
[1600920572] Auto-save of retention data completed successfully.
[1600922522] SERVICE ALERT: esxi08;PING;WARNING;SOFT;1;PING WARNING - Packet loss = 20%, RTA = 0.35 ms
[1600922586] SERVICE ALERT: esxi08;PING;OK;SOFT;2;PING OK - Packet loss = 0%, RTA = 0.35 ms
[1600924172] Auto-save of retention data completed successfully.
[1600927772] Auto-save of retention data completed successfully.
[1600931372] Auto-save of retention data completed successfully.
[1600934972] Auto-save of retention data completed successfully.
[1600938572] Auto-save of retention data completed successfully.
[1600942172] Auto-save of retention data completed successfully.
[1600945772] Auto-save of retention data completed successfully.
[1600949372] Auto-save of retention data completed successfully.
[1600952972] Auto-save of retention data completed successfully.
[1600956572] Auto-save of retention data completed successfully.
[1600960172] Auto-save of retention data completed successfully.
[1600963772] Auto-save of retention data completed successfully.
[1600967372] Auto-save of retention data completed successfully.
[1600970972] Auto-save of retention data completed successfully.
