[1594146600] LOG ROTATION: DAILY
[1594146600] LOG VERSION: 2.0
[1594146600] CURRENT HOST STATE: AP_Main_Bldg;UP;HARD;1;PING OK - Packet loss = 0%, RTA = 0.70 ms
[1594146600] CURRENT HOST STATE: Director_Bldg;UP;HARD;1;PING OK - Packet loss = 0%, RTA = 0.85 ms
[1594146600] CURRENT HOST STATE: Director_Resident;UP;HARD;1;PING OK - Packet loss = 0%, RTA = 0.64 ms
[1594146600] CURRENT HOST STATE: esxi01;UP;HARD;1;PING OK - Packet loss = 0%, RTA = 0.43 ms
[1594146600] CURRENT HOST STATE: esxi02;UP;HARD;1;PING OK - Packet loss = 0%, RTA = 0.47 ms
[1594146600] CURRENT HOST STATE: esxi03;UP;HARD;1;PING OK - Packet loss = 0%, RTA = 0.37 ms
[1594146600] CURRENT HOST STATE: esxi04;UP;HARD;1;PING OK - Packet loss = 0%, RTA = 0.57 ms
[1594146600] CURRENT HOST STATE: esxi05;UP;HARD;1;PING OK - Packet loss = 0%, RTA = 0.36 ms
[1594146600] CURRENT HOST STATE: esxi06;UP;HARD;1;PING OK - Packet loss = 0%, RTA = 0.37 ms
[1594146600] CURRENT HOST STATE: esxi07;UP;HARD;1;PING OK - Packet loss = 0%, RTA = 0.46 ms
[1594146600] CURRENT HOST STATE: esxi08;UP;HARD;1;PING OK - Packet loss = 0%, RTA = 0.52 ms
[1594146600] CURRENT HOST STATE: esxi09;UP;HARD;1;PING OK - Packet loss = 0%, RTA = 0.38 ms
[1594146600] CURRENT HOST STATE: localhost;UP;HARD;1;PING OK - Packet loss = 0%, RTA = 0.04 ms
[1594146600] CURRENT HOST STATE: vmware10gswitch;UP;HARD;1;PING OK - Packet loss = 0%, RTA = 1.53 ms
[1594146600] CURRENT HOST STATE: vmwaremgmtswitch;UP;HARD;1;PING OK - Packet loss = 0%, RTA = 0.83 ms
[1594146600] CURRENT SERVICE STATE: AP_Main_Bldg;check-host-alive;OK;HARD;1;PING OK - Packet loss = 0%, RTA = 0.78 ms
[1594146600] CURRENT SERVICE STATE: Director_Bldg;check-host-alive;OK;HARD;1;PING OK - Packet loss = 0%, RTA = 0.60 ms
[1594146600] CURRENT SERVICE STATE: Director_Resident;check-host-alive;OK;HARD;1;PING OK - Packet loss = 0%, RTA = 0.85 ms
[1594146600] CURRENT SERVICE STATE: esxi01;ESXi Hardware Check;OK;HARD;1;OK - Server: Cisco Systems Inc UCSC-C220-M4S s/n: FCH22157EQH Chassis S/N: FCH2216V0WN  System BIOS: C220M4.3.0.4a.0.0226182253 2018-02-26
[1594146600] CURRENT SERVICE STATE: esxi01;PING;OK;HARD;1;PING OK - Packet loss = 0%, RTA = 0.45 ms
[1594146600] CURRENT SERVICE STATE: esxi02;ESXi Hardware Check;OK;HARD;1;OK - Server: Cisco Systems Inc UCSC-C220-M4S s/n: FCH22157E1D Chassis S/N: FCH2216V0Y6  System BIOS: C220M4.3.0.4a.0.0226182253 2018-02-26
[1594146600] CURRENT SERVICE STATE: esxi02;PING;OK;HARD;1;PING OK - Packet loss = 0%, RTA = 0.43 ms
[1594146600] CURRENT SERVICE STATE: esxi03;ESXi Hardware Check;OK;HARD;1;OK - Server: Cisco Systems Inc UCSC-C220-M4S s/n: FCH22157ESB Chassis S/N: FCH2216V0TW  System BIOS: C220M4.3.0.4a.0.0226182253 2018-02-26
[1594146600] CURRENT SERVICE STATE: esxi03;PING;OK;HARD;1;PING OK - Packet loss = 0%, RTA = 0.30 ms
[1594146600] CURRENT SERVICE STATE: esxi04;ESXi Hardware Check;OK;HARD;1;OK - Server: Cisco Systems Inc UCSC-C220-M4S s/n: FCH22137QKB Chassis S/N: FCH2216V0YZ  System BIOS: C220M4.3.0.4a.0.0226182253 2018-02-26
[1594146600] CURRENT SERVICE STATE: esxi04;PING;OK;HARD;1;PING OK - Packet loss = 0%, RTA = 0.45 ms
[1594146600] CURRENT SERVICE STATE: esxi05;ESXi Hardware Check;OK;HARD;1;OK - Server: Cisco Systems Inc UCSC-C220-M4S s/n: FCH22157EPD Chassis S/N: FCH2216V0Z0  System BIOS: C220M4.3.0.4a.0.0226182253 2018-02-26
[1594146600] CURRENT SERVICE STATE: esxi05;PING;OK;HARD;1;PING OK - Packet loss = 0%, RTA = 0.47 ms
[1594146600] CURRENT SERVICE STATE: esxi06;ESXi Haradware Check;OK;HARD;1;OK - Server: Cisco Systems Inc UCSC-C220-M4S s/n: FCH22157ERW Chassis S/N: FCH2216V0X8  System BIOS: C220M4.3.0.4a.0.0226182253 2018-02-26
[1594146600] CURRENT SERVICE STATE: esxi06;PING;OK;HARD;1;PING OK - Packet loss = 0%, RTA = 0.46 ms
[1594146600] CURRENT SERVICE STATE: esxi07;ESXi Hardware Check;OK;HARD;1;OK - Server: Cisco Systems Inc UCSC-C220-M4S s/n: FCH22157EV7 Chassis S/N: FCH2216V0Y8  System BIOS: C220M4.3.0.4a.0.0226182253 2018-02-26
[1594146600] CURRENT SERVICE STATE: esxi07;PING;OK;HARD;1;PING OK - Packet loss = 0%, RTA = 0.53 ms
[1594146600] CURRENT SERVICE STATE: esxi08;ESXi Hardware Check;OK;HARD;1;OK - Server: Cisco Systems Inc UCSC-C220-M4S s/n: FCH22137QJN Chassis S/N: FCH2216V0YV  System BIOS: C220M4.3.0.4a.0.0226182253 2018-02-26
[1594146600] CURRENT SERVICE STATE: esxi08;PING;OK;HARD;1;PING OK - Packet loss = 0%, RTA = 0.40 ms
[1594146600] CURRENT SERVICE STATE: esxi09;ESXi Hardware Check;OK;HARD;1;OK - Server: Cisco Systems Inc UCSC-C220-M4S s/n: FCH22157ERY Chassis S/N: FCH2216V0YN  System BIOS: C220M4.3.0.4a.0.0226182253 2018-02-26
[1594146600] CURRENT SERVICE STATE: esxi09;PING;OK;HARD;1;PING OK - Packet loss = 0%, RTA = 0.40 ms
[1594146600] CURRENT SERVICE STATE: localhost;Current Load;OK;HARD;1;OK - load average: 0.00, 0.02, 0.05
[1594146600] CURRENT SERVICE STATE: localhost;Current Users;OK;HARD;1;USERS OK - 0 users currently logged in
[1594146600] CURRENT SERVICE STATE: localhost;PING;OK;HARD;1;PING OK - Packet loss = 0%, RTA = 0.05 ms
[1594146600] CURRENT SERVICE STATE: localhost;Root Partition;OK;HARD;1;DISK OK - free space: / 42831 MB (83.69% inode=99%):
[1594146600] CURRENT SERVICE STATE: localhost;SSH;OK;HARD;1;SSH OK - OpenSSH_7.4 (protocol 2.0)
[1594146600] CURRENT SERVICE STATE: localhost;Swap Usage;OK;HARD;1;SWAP OK - 100% free (3967 MB out of 3967 MB)
[1594146600] CURRENT SERVICE STATE: localhost;Total Processes;OK;HARD;1;PROCS OK: 85 processes with STATE = RSZDT
[1594146600] CURRENT SERVICE STATE: vmware10gswitch;check-host-alive;OK;HARD;1;PING OK - Packet loss = 0%, RTA = 1.27 ms
[1594146600] CURRENT SERVICE STATE: vmwaremgmtswitch;check-host-alive;OK;HARD;1;PING OK - Packet loss = 0%, RTA = 0.76 ms
[1594148885] Auto-save of retention data completed successfully.
[1594152485] Auto-save of retention data completed successfully.
[1594156085] Auto-save of retention data completed successfully.
[1594159685] Auto-save of retention data completed successfully.
[1594163285] Auto-save of retention data completed successfully.
[1594166885] Auto-save of retention data completed successfully.
[1594170485] Auto-save of retention data completed successfully.
[1594174085] Auto-save of retention data completed successfully.
[1594177685] Auto-save of retention data completed successfully.
[1594181285] Auto-save of retention data completed successfully.
[1594184885] Auto-save of retention data completed successfully.
[1594188485] Auto-save of retention data completed successfully.
[1594192085] Auto-save of retention data completed successfully.
[1594195685] Auto-save of retention data completed successfully.
[1594199285] Auto-save of retention data completed successfully.
[1594202684] SERVICE ALERT: esxi04;PING;WARNING;SOFT;1;PING WARNING - Packet loss = 20%, RTA = 0.36 ms
[1594202748] SERVICE ALERT: esxi04;PING;OK;SOFT;2;PING OK - Packet loss = 0%, RTA = 0.35 ms
[1594202885] Auto-save of retention data completed successfully.
[1594206485] Auto-save of retention data completed successfully.
[1594210085] Auto-save of retention data completed successfully.
[1594213685] Auto-save of retention data completed successfully.
[1594217285] Auto-save of retention data completed successfully.
[1594220885] Auto-save of retention data completed successfully.
[1594224353] SERVICE ALERT: Director_Bldg;check-host-alive;CRITICAL;SOFT;1;CRITICAL - Plugin timed out
[1594224383] wproc: Core Worker 22689: job 580449 (pid=28079) timed out. Killing it
[1594224383] wproc: CHECK job 580449 from worker Core Worker 22689 timed out after 30.03s
[1594224383] wproc:   host=Director_Bldg; service=(null);
[1594224383] wproc:   early_timeout=1; exited_ok=0; wait_status=0; error_code=62;
[1594224383] Warning: Check of host 'Director_Bldg' timed out after 30.03 seconds
[1594224383] HOST ALERT: Director_Bldg;DOWN;SOFT;1;(Host check timed out after 30.03 seconds)
[1594224383] wproc: Core Worker 22689: job 580449 (pid=28079): Dormant child reaped
[1594224444] wproc: Core Worker 22692: job 580449 (pid=28092) timed out. Killing it
[1594224444] wproc: CHECK job 580449 from worker Core Worker 22692 timed out after 30.03s
[1594224444] wproc:   host=Director_Resident; service=(null);
[1594224444] wproc:   early_timeout=1; exited_ok=0; wait_status=0; error_code=62;
[1594224444] Warning: Check of host 'Director_Resident' timed out after 30.03 seconds
[1594224444] HOST ALERT: Director_Resident;DOWN;SOFT;1;(Host check timed out after 30.03 seconds)
[1594224444] wproc: Core Worker 22692: job 580449 (pid=28092): Dormant child reaped
[1594224473] wproc: Core Worker 22690: job 580450 (pid=28098) timed out. Killing it
[1594224473] wproc: CHECK job 580450 from worker Core Worker 22690 timed out after 30.01s
[1594224473] wproc:   host=Director_Bldg; service=(null);
[1594224473] wproc:   early_timeout=1; exited_ok=0; wait_status=0; error_code=62;
[1594224473] Warning: Check of host 'Director_Bldg' timed out after 30.01 seconds
[1594224473] HOST ALERT: Director_Bldg;DOWN;SOFT;2;(Host check timed out after 30.01 seconds)
[1594224473] wproc: Core Worker 22690: job 580450 (pid=28098): Dormant child reaped
[1594224485] Auto-save of retention data completed successfully.
[1594224504] SERVICE ALERT: Director_Bldg;check-host-alive;CRITICAL;HARD;3;CRITICAL - Plugin timed out
[1594224534] wproc: Core Worker 22692: job 580454 (pid=28140) timed out. Killing it
[1594224534] wproc: CHECK job 580454 from worker Core Worker 22692 timed out after 30.03s
[1594224534] wproc:   host=Director_Resident; service=(null);
[1594224534] wproc:   early_timeout=1; exited_ok=0; wait_status=0; error_code=62;
[1594224534] Warning: Check of host 'Director_Resident' timed out after 30.03 seconds
[1594224534] HOST ALERT: Director_Resident;DOWN;SOFT;2;(Host check timed out after 30.03 seconds)
[1594224534] wproc: Core Worker 22692: job 580454 (pid=28140): Dormant child reaped
[1594224563] wproc: Core Worker 22691: job 580455 (pid=28154) timed out. Killing it
[1594224563] wproc: CHECK job 580455 from worker Core Worker 22691 timed out after 30.03s
[1594224563] wproc:   host=Director_Bldg; service=(null);
[1594224563] wproc:   early_timeout=1; exited_ok=0; wait_status=0; error_code=62;
[1594224563] Warning: Check of host 'Director_Bldg' timed out after 30.03 seconds
[1594224563] HOST ALERT: Director_Bldg;DOWN;SOFT;3;(Host check timed out after 30.03 seconds)
[1594224564] wproc: Core Worker 22691: job 580455 (pid=28154): Dormant child reaped
[1594224624] wproc: Core Worker 22690: job 580457 (pid=28175) timed out. Killing it
[1594224624] wproc: CHECK job 580457 from worker Core Worker 22690 timed out after 30.02s
[1594224624] wproc:   host=Director_Resident; service=(null);
[1594224624] wproc:   early_timeout=1; exited_ok=0; wait_status=0; error_code=62;
[1594224624] Warning: Check of host 'Director_Resident' timed out after 30.02 seconds
[1594224624] HOST ALERT: Director_Resident;DOWN;SOFT;3;(Host check timed out after 30.02 seconds)
[1594224624] wproc: Core Worker 22690: job 580457 (pid=28175): Dormant child reaped
[1594224653] wproc: Core Worker 22692: job 580458 (pid=28334) timed out. Killing it
[1594224653] wproc: CHECK job 580458 from worker Core Worker 22692 timed out after 30.01s
[1594224653] wproc:   host=Director_Bldg; service=(null);
[1594224653] wproc:   early_timeout=1; exited_ok=0; wait_status=0; error_code=62;
[1594224653] Warning: Check of host 'Director_Bldg' timed out after 30.01 seconds
[1594224653] HOST ALERT: Director_Bldg;DOWN;SOFT;4;(Host check timed out after 30.01 seconds)
[1594224654] wproc: Core Worker 22692: job 580458 (pid=28334): Dormant child reaped
[1594224713] SERVICE ALERT: esxi04;PING;WARNING;SOFT;1;PING WARNING - Packet loss = 20%, RTA = 0.42 ms
[1594224714] wproc: Core Worker 22690: job 580460 (pid=28353) timed out. Killing it
[1594224714] wproc: CHECK job 580460 from worker Core Worker 22690 timed out after 30.01s
[1594224714] wproc:   host=Director_Resident; service=(null);
[1594224714] wproc:   early_timeout=1; exited_ok=0; wait_status=0; error_code=62;
[1594224714] Warning: Check of host 'Director_Resident' timed out after 30.01 seconds
[1594224714] HOST ALERT: Director_Resident;DOWN;SOFT;4;(Host check timed out after 30.01 seconds)
[1594224714] wproc: Core Worker 22690: job 580460 (pid=28353): Dormant child reaped
[1594224743] wproc: Core Worker 22691: job 580461 (pid=28369) timed out. Killing it
[1594224743] wproc: CHECK job 580461 from worker Core Worker 22691 timed out after 30.03s
[1594224743] wproc:   host=Director_Bldg; service=(null);
[1594224743] wproc:   early_timeout=1; exited_ok=0; wait_status=0; error_code=62;
[1594224743] Warning: Check of host 'Director_Bldg' timed out after 30.03 seconds
[1594224743] HOST ALERT: Director_Bldg;DOWN;SOFT;5;(Host check timed out after 30.03 seconds)
[1594224744] wproc: Core Worker 22691: job 580461 (pid=28369): Dormant child reaped
[1594224777] SERVICE ALERT: esxi04;PING;OK;SOFT;2;PING OK - Packet loss = 0%, RTA = 0.37 ms
[1594224804] wproc: Core Worker 22692: job 580465 (pid=28408) timed out. Killing it
[1594224804] wproc: CHECK job 580465 from worker Core Worker 22692 timed out after 30.01s
[1594224804] wproc:   host=Director_Resident; service=(null);
[1594224804] wproc:   early_timeout=1; exited_ok=0; wait_status=0; error_code=62;
[1594224804] Warning: Check of host 'Director_Resident' timed out after 30.01 seconds
[1594224804] HOST ALERT: Director_Resident;DOWN;SOFT;5;(Host check timed out after 30.01 seconds)
[1594224804] wproc: Core Worker 22692: job 580465 (pid=28408): Dormant child reaped
[1594224833] wproc: Core Worker 22692: job 580466 (pid=28417) timed out. Killing it
[1594224833] wproc: CHECK job 580466 from worker Core Worker 22692 timed out after 30.03s
[1594224833] wproc:   host=Director_Bldg; service=(null);
[1594224833] wproc:   early_timeout=1; exited_ok=0; wait_status=0; error_code=62;
[1594224833] Warning: Check of host 'Director_Bldg' timed out after 30.03 seconds
[1594224833] HOST ALERT: Director_Bldg;DOWN;SOFT;6;(Host check timed out after 30.03 seconds)
[1594224834] wproc: Core Worker 22692: job 580466 (pid=28417): Dormant child reaped
[1594224834] SERVICE ALERT: Director_Resident;check-host-alive;CRITICAL;HARD;1;CRITICAL - Plugin timed out
[1594224894] wproc: Core Worker 22689: job 580468 (pid=28435) timed out. Killing it
[1594224894] wproc: CHECK job 580468 from worker Core Worker 22689 timed out after 30.01s
[1594224894] wproc:   host=Director_Resident; service=(null);
[1594224894] wproc:   early_timeout=1; exited_ok=0; wait_status=0; error_code=62;
[1594224894] Warning: Check of host 'Director_Resident' timed out after 30.01 seconds
[1594224894] HOST ALERT: Director_Resident;DOWN;SOFT;6;(Host check timed out after 30.01 seconds)
[1594224894] wproc: Core Worker 22689: job 580468 (pid=28435): Dormant child reaped
[1594224923] wproc: Core Worker 22689: job 580469 (pid=28453) timed out. Killing it
[1594224923] wproc: CHECK job 580469 from worker Core Worker 22689 timed out after 30.03s
[1594224923] wproc:   host=Director_Bldg; service=(null);
[1594224923] wproc:   early_timeout=1; exited_ok=0; wait_status=0; error_code=62;
[1594224923] Warning: Check of host 'Director_Bldg' timed out after 30.03 seconds
[1594224923] HOST ALERT: Director_Bldg;DOWN;SOFT;7;(Host check timed out after 30.03 seconds)
[1594224924] wproc: Core Worker 22689: job 580469 (pid=28453): Dormant child reaped
[1594224984] wproc: Core Worker 22692: job 580470 (pid=28613) timed out. Killing it
[1594224984] wproc: CHECK job 580470 from worker Core Worker 22692 timed out after 30.00s
[1594224984] wproc:   host=Director_Resident; service=(null);
[1594224984] wproc:   early_timeout=1; exited_ok=0; wait_status=0; error_code=62;
[1594224984] Warning: Check of host 'Director_Resident' timed out after 30.00 seconds
[1594224984] HOST ALERT: Director_Resident;DOWN;SOFT;7;(Host check timed out after 30.00 seconds)
[1594224984] wproc: Core Worker 22692: job 580470 (pid=28613): Dormant child reaped
[1594225013] wproc: Core Worker 22689: job 580471 (pid=28615) timed out. Killing it
[1594225013] wproc: CHECK job 580471 from worker Core Worker 22689 timed out after 30.03s
[1594225013] wproc:   host=Director_Bldg; service=(null);
[1594225013] wproc:   early_timeout=1; exited_ok=0; wait_status=0; error_code=62;
[1594225013] Warning: Check of host 'Director_Bldg' timed out after 30.03 seconds
[1594225013] HOST ALERT: Director_Bldg;DOWN;SOFT;8;(Host check timed out after 30.03 seconds)
[1594225014] wproc: Core Worker 22689: job 580471 (pid=28615): Dormant child reaped
[1594225074] wproc: Core Worker 22689: job 580472 (pid=28631) timed out. Killing it
[1594225074] wproc: CHECK job 580472 from worker Core Worker 22689 timed out after 30.02s
[1594225074] wproc:   host=Director_Resident; service=(null);
[1594225074] wproc:   early_timeout=1; exited_ok=0; wait_status=0; error_code=62;
[1594225074] Warning: Check of host 'Director_Resident' timed out after 30.02 seconds
[1594225074] HOST ALERT: Director_Resident;DOWN;SOFT;8;(Host check timed out after 30.02 seconds)
[1594225074] wproc: Core Worker 22689: job 580472 (pid=28631): Dormant child reaped
[1594225103] wproc: Core Worker 22692: job 580475 (pid=28667) timed out. Killing it
[1594225103] wproc: CHECK job 580475 from worker Core Worker 22692 timed out after 30.03s
[1594225103] wproc:   host=Director_Bldg; service=(null);
[1594225103] wproc:   early_timeout=1; exited_ok=0; wait_status=0; error_code=62;
[1594225103] Warning: Check of host 'Director_Bldg' timed out after 30.03 seconds
[1594225103] HOST ALERT: Director_Bldg;DOWN;SOFT;9;(Host check timed out after 30.03 seconds)
[1594225104] wproc: Core Worker 22692: job 580475 (pid=28667): Dormant child reaped
[1594225164] wproc: Core Worker 22690: job 580477 (pid=28688) timed out. Killing it
[1594225164] wproc: CHECK job 580477 from worker Core Worker 22690 timed out after 30.01s
[1594225164] wproc:   host=Director_Resident; service=(null);
[1594225164] wproc:   early_timeout=1; exited_ok=0; wait_status=0; error_code=62;
[1594225164] Warning: Check of host 'Director_Resident' timed out after 30.01 seconds
[1594225164] HOST ALERT: Director_Resident;DOWN;SOFT;9;(Host check timed out after 30.01 seconds)
[1594225164] wproc: Core Worker 22690: job 580477 (pid=28688): Dormant child reaped
[1594225193] wproc: Core Worker 22689: job 580478 (pid=28694) timed out. Killing it
[1594225193] wproc: CHECK job 580478 from worker Core Worker 22689 timed out after 30.01s
[1594225193] wproc:   host=Director_Bldg; service=(null);
[1594225193] wproc:   early_timeout=1; exited_ok=0; wait_status=0; error_code=62;
[1594225193] Warning: Check of host 'Director_Bldg' timed out after 30.01 seconds
[1594225193] HOST NOTIFICATION: nagiosadmin;Director_Bldg;DOWN;notify-host-by-email;(Host check timed out after 30.01 seconds)
[1594225193] HOST ALERT: Director_Bldg;DOWN;HARD;10;(Host check timed out after 30.01 seconds)
[1594225194] wproc: Core Worker 22689: job 580478 (pid=28694): Dormant child reaped
[1594225254] wproc: Core Worker 22692: job 580480 (pid=28869) timed out. Killing it
[1594225254] wproc: CHECK job 580480 from worker Core Worker 22692 timed out after 30.01s
[1594225254] wproc:   host=Director_Resident; service=(null);
[1594225254] wproc:   early_timeout=1; exited_ok=0; wait_status=0; error_code=62;
[1594225254] Warning: Check of host 'Director_Resident' timed out after 30.01 seconds
[1594225254] HOST NOTIFICATION: nagiosadmin;Director_Resident;DOWN;notify-host-by-email;(Host check timed out after 30.01 seconds)
[1594225254] HOST ALERT: Director_Resident;DOWN;HARD;10;(Host check timed out after 30.01 seconds)
[1594225254] wproc: Core Worker 22692: job 580480 (pid=28869): Dormant child reaped
[1594225523] wproc: Core Worker 22691: job 580489 (pid=28976) timed out. Killing it
[1594225523] wproc: CHECK job 580489 from worker Core Worker 22691 timed out after 30.03s
[1594225523] wproc:   host=Director_Bldg; service=(null);
[1594225523] wproc:   early_timeout=1; exited_ok=0; wait_status=0; error_code=62;
[1594225523] Warning: Check of host 'Director_Bldg' timed out after 30.03 seconds
[1594225524] wproc: Core Worker 22691: job 580489 (pid=28976): Dormant child reaped
[1594225584] wproc: Core Worker 22690: job 580491 (pid=29136) timed out. Killing it
[1594225584] wproc: CHECK job 580491 from worker Core Worker 22690 timed out after 30.03s
[1594225584] wproc:   host=Director_Resident; service=(null);
[1594225584] wproc:   early_timeout=1; exited_ok=0; wait_status=0; error_code=62;
[1594225584] Warning: Check of host 'Director_Resident' timed out after 30.03 seconds
[1594225584] wproc: Core Worker 22690: job 580491 (pid=29136): Dormant child reaped
[1594225824] wproc: Core Worker 22691: job 580498 (pid=29225) timed out. Killing it
[1594225824] wproc: CHECK job 580498 from worker Core Worker 22691 timed out after 30.02s
[1594225824] wproc:   host=Director_Bldg; service=(null);
[1594225824] wproc:   early_timeout=1; exited_ok=0; wait_status=0; error_code=62;
[1594225824] Warning: Check of host 'Director_Bldg' timed out after 30.02 seconds
[1594225824] wproc: Core Worker 22691: job 580498 (pid=29225): Dormant child reaped
[1594225884] wproc: Core Worker 22689: job 580501 (pid=29397) timed out. Killing it
[1594225884] wproc: CHECK job 580501 from worker Core Worker 22689 timed out after 30.02s
[1594225884] wproc:   host=Director_Resident; service=(null);
[1594225884] wproc:   early_timeout=1; exited_ok=0; wait_status=0; error_code=62;
[1594225884] Warning: Check of host 'Director_Resident' timed out after 30.02 seconds
[1594225884] wproc: Core Worker 22689: job 580501 (pid=29397): Dormant child reaped
[1594226124] wproc: Core Worker 22691: job 580508 (pid=29513) timed out. Killing it
[1594226124] wproc: CHECK job 580508 from worker Core Worker 22691 timed out after 30.03s
[1594226124] wproc:   host=Director_Bldg; service=(null);
[1594226124] wproc:   early_timeout=1; exited_ok=0; wait_status=0; error_code=62;
[1594226124] Warning: Check of host 'Director_Bldg' timed out after 30.03 seconds
[1594226124] wproc: Core Worker 22691: job 580508 (pid=29513): Dormant child reaped
[1594226184] wproc: Core Worker 22690: job 580510 (pid=29674) timed out. Killing it
[1594226184] wproc: CHECK job 580510 from worker Core Worker 22690 timed out after 30.03s
[1594226184] wproc:   host=Director_Resident; service=(null);
[1594226184] wproc:   early_timeout=1; exited_ok=0; wait_status=0; error_code=62;
[1594226184] Warning: Check of host 'Director_Resident' timed out after 30.03 seconds
[1594226184] wproc: Core Worker 22690: job 580510 (pid=29674): Dormant child reaped
[1594226424] wproc: Core Worker 22691: job 580517 (pid=29761) timed out. Killing it
[1594226424] wproc: CHECK job 580517 from worker Core Worker 22691 timed out after 30.01s
[1594226424] wproc:   host=Director_Bldg; service=(null);
[1594226424] wproc:   early_timeout=1; exited_ok=0; wait_status=0; error_code=62;
[1594226424] Warning: Check of host 'Director_Bldg' timed out after 30.01 seconds
[1594226424] wproc: Core Worker 22691: job 580517 (pid=29761): Dormant child reaped
[1594226484] wproc: Core Worker 22689: job 580520 (pid=29931) timed out. Killing it
[1594226484] wproc: CHECK job 580520 from worker Core Worker 22689 timed out after 30.02s
[1594226484] wproc:   host=Director_Resident; service=(null);
[1594226484] wproc:   early_timeout=1; exited_ok=0; wait_status=0; error_code=62;
[1594226484] Warning: Check of host 'Director_Resident' timed out after 30.02 seconds
[1594226484] wproc: Core Worker 22689: job 580520 (pid=29931): Dormant child reaped
[1594226724] wproc: Core Worker 22691: job 580527 (pid=30018) timed out. Killing it
[1594226724] wproc: CHECK job 580527 from worker Core Worker 22691 timed out after 30.03s
[1594226724] wproc:   host=Director_Bldg; service=(null);
[1594226724] wproc:   early_timeout=1; exited_ok=0; wait_status=0; error_code=62;
[1594226724] Warning: Check of host 'Director_Bldg' timed out after 30.03 seconds
[1594226724] wproc: Core Worker 22691: job 580527 (pid=30018): Dormant child reaped
[1594226784] wproc: Core Worker 22690: job 580529 (pid=30178) timed out. Killing it
[1594226784] wproc: CHECK job 580529 from worker Core Worker 22690 timed out after 30.01s
[1594226784] wproc:   host=Director_Resident; service=(null);
[1594226784] wproc:   early_timeout=1; exited_ok=0; wait_status=0; error_code=62;
[1594226784] Warning: Check of host 'Director_Resident' timed out after 30.01 seconds
[1594226784] wproc: Core Worker 22690: job 580529 (pid=30178): Dormant child reaped
[1594227024] wproc: Core Worker 22691: job 580536 (pid=30266) timed out. Killing it
[1594227024] wproc: CHECK job 580536 from worker Core Worker 22691 timed out after 30.01s
[1594227024] wproc:   host=Director_Bldg; service=(null);
[1594227024] wproc:   early_timeout=1; exited_ok=0; wait_status=0; error_code=62;
[1594227024] Warning: Check of host 'Director_Bldg' timed out after 30.01 seconds
[1594227024] HOST NOTIFICATION: nagiosadmin;Director_Bldg;DOWN;notify-host-by-email;(Host check timed out after 30.01 seconds)
[1594227024] wproc: Core Worker 22691: job 580536 (pid=30266): Dormant child reaped
[1594227084] wproc: Core Worker 22690: job 580539 (pid=30443) timed out. Killing it
[1594227084] wproc: CHECK job 580539 from worker Core Worker 22690 timed out after 30.03s
[1594227084] wproc:   host=Director_Resident; service=(null);
[1594227084] wproc:   early_timeout=1; exited_ok=0; wait_status=0; error_code=62;
[1594227084] Warning: Check of host 'Director_Resident' timed out after 30.03 seconds
[1594227084] HOST NOTIFICATION: nagiosadmin;Director_Resident;DOWN;notify-host-by-email;(Host check timed out after 30.03 seconds)
[1594227085] wproc: Core Worker 22690: job 580539 (pid=30443): Dormant child reaped
[1594227324] wproc: Core Worker 22689: job 580547 (pid=30535) timed out. Killing it
[1594227324] wproc: CHECK job 580547 from worker Core Worker 22689 timed out after 30.02s
[1594227324] wproc:   host=Director_Bldg; service=(null);
[1594227324] wproc:   early_timeout=1; exited_ok=0; wait_status=0; error_code=62;
[1594227324] Warning: Check of host 'Director_Bldg' timed out after 30.02 seconds
[1594227324] wproc: Core Worker 22689: job 580547 (pid=30535): Dormant child reaped
[1594227384] wproc: Core Worker 22692: job 580548 (pid=30693) timed out. Killing it
[1594227384] wproc: CHECK job 580548 from worker Core Worker 22692 timed out after 30.00s
[1594227384] wproc:   host=Director_Resident; service=(null);
[1594227384] wproc:   early_timeout=1; exited_ok=0; wait_status=0; error_code=62;
[1594227384] Warning: Check of host 'Director_Resident' timed out after 30.00 seconds
[1594227385] wproc: Core Worker 22692: job 580548 (pid=30693): Dormant child reaped
[1594227624] wproc: Core Worker 22689: job 580556 (pid=30780) timed out. Killing it
[1594227624] wproc: CHECK job 580556 from worker Core Worker 22689 timed out after 30.01s
[1594227624] wproc:   host=Director_Bldg; service=(null);
[1594227624] wproc:   early_timeout=1; exited_ok=0; wait_status=0; error_code=62;
[1594227624] Warning: Check of host 'Director_Bldg' timed out after 30.01 seconds
[1594227624] wproc: Core Worker 22689: job 580556 (pid=30780): Dormant child reaped
[1594227684] wproc: Core Worker 22691: job 580558 (pid=30950) timed out. Killing it
[1594227684] wproc: CHECK job 580558 from worker Core Worker 22691 timed out after 30.01s
[1594227684] wproc:   host=Director_Resident; service=(null);
[1594227684] wproc:   early_timeout=1; exited_ok=0; wait_status=0; error_code=62;
[1594227684] Warning: Check of host 'Director_Resident' timed out after 30.01 seconds
[1594227685] wproc: Core Worker 22691: job 580558 (pid=30950): Dormant child reaped
[1594227924] wproc: Core Worker 22689: job 580566 (pid=31037) timed out. Killing it
[1594227924] wproc: CHECK job 580566 from worker Core Worker 22689 timed out after 30.03s
[1594227924] wproc:   host=Director_Bldg; service=(null);
[1594227924] wproc:   early_timeout=1; exited_ok=0; wait_status=0; error_code=62;
[1594227924] Warning: Check of host 'Director_Bldg' timed out after 30.03 seconds
[1594227924] wproc: Core Worker 22689: job 580566 (pid=31037): Dormant child reaped
[1594227984] wproc: Core Worker 22692: job 580567 (pid=31197) timed out. Killing it
[1594227984] wproc: CHECK job 580567 from worker Core Worker 22692 timed out after 30.03s
[1594227984] wproc:   host=Director_Resident; service=(null);
[1594227984] wproc:   early_timeout=1; exited_ok=0; wait_status=0; error_code=62;
[1594227984] Warning: Check of host 'Director_Resident' timed out after 30.03 seconds
[1594227985] wproc: Core Worker 22692: job 580567 (pid=31197): Dormant child reaped
[1594228085] Auto-save of retention data completed successfully.
[1594228224] wproc: Core Worker 22689: job 580575 (pid=31284) timed out. Killing it
[1594228224] wproc: CHECK job 580575 from worker Core Worker 22689 timed out after 30.01s
[1594228224] wproc:   host=Director_Bldg; service=(null);
[1594228224] wproc:   early_timeout=1; exited_ok=0; wait_status=0; error_code=62;
[1594228224] Warning: Check of host 'Director_Bldg' timed out after 30.01 seconds
[1594228224] wproc: Core Worker 22689: job 580575 (pid=31284): Dormant child reaped
[1594228284] wproc: Core Worker 22691: job 580577 (pid=31461) timed out. Killing it
[1594228284] wproc: CHECK job 580577 from worker Core Worker 22691 timed out after 30.02s
[1594228284] wproc:   host=Director_Resident; service=(null);
[1594228284] wproc:   early_timeout=1; exited_ok=0; wait_status=0; error_code=62;
[1594228284] Warning: Check of host 'Director_Resident' timed out after 30.02 seconds
[1594228285] wproc: Core Worker 22691: job 580577 (pid=31461): Dormant child reaped
[1594228524] wproc: Core Worker 22689: job 580585 (pid=31547) timed out. Killing it
[1594228524] wproc: CHECK job 580585 from worker Core Worker 22689 timed out after 30.03s
[1594228524] wproc:   host=Director_Bldg; service=(null);
[1594228524] wproc:   early_timeout=1; exited_ok=0; wait_status=0; error_code=62;
[1594228524] Warning: Check of host 'Director_Bldg' timed out after 30.03 seconds
[1594228524] wproc: Core Worker 22689: job 580585 (pid=31547): Dormant child reaped
[1594228584] wproc: Core Worker 22692: job 580586 (pid=31703) timed out. Killing it
[1594228584] wproc: CHECK job 580586 from worker Core Worker 22692 timed out after 30.02s
[1594228584] wproc:   host=Director_Resident; service=(null);
[1594228584] wproc:   early_timeout=1; exited_ok=0; wait_status=0; error_code=62;
[1594228584] Warning: Check of host 'Director_Resident' timed out after 30.02 seconds
[1594228585] wproc: Core Worker 22692: job 580586 (pid=31703): Dormant child reaped
[1594228824] wproc: Core Worker 22689: job 580594 (pid=31790) timed out. Killing it
[1594228824] wproc: CHECK job 580594 from worker Core Worker 22689 timed out after 30.01s
[1594228824] wproc:   host=Director_Bldg; service=(null);
[1594228824] wproc:   early_timeout=1; exited_ok=0; wait_status=0; error_code=62;
[1594228824] Warning: Check of host 'Director_Bldg' timed out after 30.01 seconds
[1594228824] HOST NOTIFICATION: nagiosadmin;Director_Bldg;DOWN;notify-host-by-email;(Host check timed out after 30.01 seconds)
[1594228824] wproc: Core Worker 22689: job 580594 (pid=31790): Dormant child reaped
[1594228884] wproc: Core Worker 22692: job 580596 (pid=31968) timed out. Killing it
[1594228884] wproc: CHECK job 580596 from worker Core Worker 22692 timed out after 30.03s
[1594228884] wproc:   host=Director_Resident; service=(null);
[1594228884] wproc:   early_timeout=1; exited_ok=0; wait_status=0; error_code=62;
[1594228884] Warning: Check of host 'Director_Resident' timed out after 30.03 seconds
[1594228884] HOST NOTIFICATION: nagiosadmin;Director_Resident;DOWN;notify-host-by-email;(Host check timed out after 30.03 seconds)
[1594228885] wproc: Core Worker 22692: job 580596 (pid=31968): Dormant child reaped
[1594229124] wproc: Core Worker 22691: job 580604 (pid=32059) timed out. Killing it
[1594229124] wproc: CHECK job 580604 from worker Core Worker 22691 timed out after 30.03s
[1594229124] wproc:   host=Director_Bldg; service=(null);
[1594229124] wproc:   early_timeout=1; exited_ok=0; wait_status=0; error_code=62;
[1594229124] Warning: Check of host 'Director_Bldg' timed out after 30.03 seconds
[1594229124] wproc: Core Worker 22691: job 580604 (pid=32059): Dormant child reaped
[1594229184] wproc: Core Worker 22690: job 580606 (pid=32217) timed out. Killing it
[1594229184] wproc: CHECK job 580606 from worker Core Worker 22690 timed out after 30.03s
[1594229184] wproc:   host=Director_Resident; service=(null);
[1594229184] wproc:   early_timeout=1; exited_ok=0; wait_status=0; error_code=62;
[1594229184] Warning: Check of host 'Director_Resident' timed out after 30.03 seconds
[1594229185] wproc: Core Worker 22690: job 580606 (pid=32217): Dormant child reaped
[1594229424] wproc: Core Worker 22691: job 580613 (pid=32305) timed out. Killing it
[1594229424] wproc: CHECK job 580613 from worker Core Worker 22691 timed out after 30.01s
[1594229424] wproc:   host=Director_Bldg; service=(null);
[1594229424] wproc:   early_timeout=1; exited_ok=0; wait_status=0; error_code=62;
[1594229424] Warning: Check of host 'Director_Bldg' timed out after 30.01 seconds
[1594229424] wproc: Core Worker 22691: job 580613 (pid=32305): Dormant child reaped
[1594229484] wproc: Core Worker 22689: job 580616 (pid=32474) timed out. Killing it
[1594229484] wproc: CHECK job 580616 from worker Core Worker 22689 timed out after 30.03s
[1594229484] wproc:   host=Director_Resident; service=(null);
[1594229484] wproc:   early_timeout=1; exited_ok=0; wait_status=0; error_code=62;
[1594229484] Warning: Check of host 'Director_Resident' timed out after 30.03 seconds
[1594229485] wproc: Core Worker 22689: job 580616 (pid=32474): Dormant child reaped
[1594229724] wproc: Core Worker 22691: job 580623 (pid=32588) timed out. Killing it
[1594229724] wproc: CHECK job 580623 from worker Core Worker 22691 timed out after 30.02s
[1594229724] wproc:   host=Director_Bldg; service=(null);
[1594229724] wproc:   early_timeout=1; exited_ok=0; wait_status=0; error_code=62;
[1594229724] Warning: Check of host 'Director_Bldg' timed out after 30.02 seconds
[1594229724] wproc: Core Worker 22691: job 580623 (pid=32588): Dormant child reaped
[1594229784] wproc: Core Worker 22690: job 580625 (pid=32746) timed out. Killing it
[1594229784] wproc: CHECK job 580625 from worker Core Worker 22690 timed out after 30.03s
[1594229784] wproc:   host=Director_Resident; service=(null);
[1594229784] wproc:   early_timeout=1; exited_ok=0; wait_status=0; error_code=62;
[1594229784] Warning: Check of host 'Director_Resident' timed out after 30.03 seconds
[1594229785] wproc: Core Worker 22690: job 580625 (pid=32746): Dormant child reaped
[1594230024] wproc: Core Worker 22691: job 580632 (pid=431) timed out. Killing it
[1594230024] wproc: CHECK job 580632 from worker Core Worker 22691 timed out after 30.01s
[1594230024] wproc:   host=Director_Bldg; service=(null);
[1594230024] wproc:   early_timeout=1; exited_ok=0; wait_status=0; error_code=62;
[1594230024] Warning: Check of host 'Director_Bldg' timed out after 30.01 seconds
[1594230024] wproc: Core Worker 22691: job 580632 (pid=431): Dormant child reaped
[1594230084] wproc: Core Worker 22689: job 580635 (pid=620) timed out. Killing it
[1594230084] wproc: CHECK job 580635 from worker Core Worker 22689 timed out after 30.01s
[1594230084] wproc:   host=Director_Resident; service=(null);
[1594230084] wproc:   early_timeout=1; exited_ok=0; wait_status=0; error_code=62;
[1594230084] Warning: Check of host 'Director_Resident' timed out after 30.01 seconds
[1594230085] wproc: Core Worker 22689: job 580635 (pid=620): Dormant child reaped
[1594230324] wproc: Core Worker 22691: job 580642 (pid=711) timed out. Killing it
[1594230324] wproc: CHECK job 580642 from worker Core Worker 22691 timed out after 30.03s
[1594230324] wproc:   host=Director_Bldg; service=(null);
[1594230324] wproc:   early_timeout=1; exited_ok=0; wait_status=0; error_code=62;
[1594230324] Warning: Check of host 'Director_Bldg' timed out after 30.03 seconds
[1594230324] wproc: Core Worker 22691: job 580642 (pid=711): Dormant child reaped
[1594230385] wproc: Core Worker 22690: job 580644 (pid=890) timed out. Killing it
[1594230385] wproc: CHECK job 580644 from worker Core Worker 22690 timed out after 30.01s
[1594230385] wproc:   host=Director_Resident; service=(null);
[1594230385] wproc:   early_timeout=1; exited_ok=0; wait_status=0; error_code=62;
[1594230385] Warning: Check of host 'Director_Resident' timed out after 30.01 seconds
[1594230385] wproc: Core Worker 22690: job 580644 (pid=890): Dormant child reaped
[1594230624] wproc: Core Worker 22691: job 580651 (pid=1025) timed out. Killing it
[1594230624] wproc: CHECK job 580651 from worker Core Worker 22691 timed out after 30.01s
[1594230624] wproc:   host=Director_Bldg; service=(null);
[1594230624] wproc:   early_timeout=1; exited_ok=0; wait_status=0; error_code=62;
[1594230624] Warning: Check of host 'Director_Bldg' timed out after 30.01 seconds
[1594230624] HOST NOTIFICATION: nagiosadmin;Director_Bldg;DOWN;notify-host-by-email;(Host check timed out after 30.01 seconds)
[1594230624] wproc: Core Worker 22691: job 580651 (pid=1025): Dormant child reaped
[1594230684] wproc: Core Worker 22690: job 580654 (pid=1208) timed out. Killing it
[1594230684] wproc: CHECK job 580654 from worker Core Worker 22690 timed out after 30.03s
[1594230684] wproc:   host=Director_Resident; service=(null);
[1594230684] wproc:   early_timeout=1; exited_ok=0; wait_status=0; error_code=62;
[1594230684] Warning: Check of host 'Director_Resident' timed out after 30.03 seconds
[1594230684] HOST NOTIFICATION: nagiosadmin;Director_Resident;DOWN;notify-host-by-email;(Host check timed out after 30.03 seconds)
[1594230684] wproc: Core Worker 22690: job 580654 (pid=1208): Dormant child reaped
[1594230924] wproc: Core Worker 22689: job 580662 (pid=1306) timed out. Killing it
[1594230924] wproc: CHECK job 580662 from worker Core Worker 22689 timed out after 30.02s
[1594230924] wproc:   host=Director_Bldg; service=(null);
[1594230924] wproc:   early_timeout=1; exited_ok=0; wait_status=0; error_code=62;
[1594230924] Warning: Check of host 'Director_Bldg' timed out after 30.02 seconds
[1594230924] wproc: Core Worker 22689: job 580662 (pid=1306): Dormant child reaped
[1594230984] wproc: Core Worker 22692: job 580663 (pid=1468) timed out. Killing it
[1594230984] wproc: CHECK job 580663 from worker Core Worker 22692 timed out after 30.03s
[1594230984] wproc:   host=Director_Resident; service=(null);
[1594230984] wproc:   early_timeout=1; exited_ok=0; wait_status=0; error_code=62;
[1594230984] Warning: Check of host 'Director_Resident' timed out after 30.03 seconds
[1594230984] wproc: Core Worker 22692: job 580663 (pid=1468): Dormant child reaped
[1594231224] wproc: Core Worker 22689: job 580671 (pid=1556) timed out. Killing it
[1594231224] wproc: CHECK job 580671 from worker Core Worker 22689 timed out after 30.01s
[1594231224] wproc:   host=Director_Bldg; service=(null);
[1594231224] wproc:   early_timeout=1; exited_ok=0; wait_status=0; error_code=62;
[1594231224] Warning: Check of host 'Director_Bldg' timed out after 30.01 seconds
[1594231224] wproc: Core Worker 22689: job 580671 (pid=1556): Dormant child reaped
[1594231284] wproc: Core Worker 22691: job 580673 (pid=1732) timed out. Killing it
[1594231284] wproc: CHECK job 580673 from worker Core Worker 22691 timed out after 30.01s
[1594231284] wproc:   host=Director_Resident; service=(null);
[1594231284] wproc:   early_timeout=1; exited_ok=0; wait_status=0; error_code=62;
[1594231284] Warning: Check of host 'Director_Resident' timed out after 30.01 seconds
[1594231284] wproc: Core Worker 22691: job 580673 (pid=1732): Dormant child reaped
[1594231524] wproc: Core Worker 22689: job 580681 (pid=1822) timed out. Killing it
[1594231524] wproc: CHECK job 580681 from worker Core Worker 22689 timed out after 30.01s
[1594231524] wproc:   host=Director_Bldg; service=(null);
[1594231524] wproc:   early_timeout=1; exited_ok=0; wait_status=0; error_code=62;
[1594231524] Warning: Check of host 'Director_Bldg' timed out after 30.01 seconds
[1594231524] wproc: Core Worker 22689: job 580681 (pid=1822): Dormant child reaped
[1594231584] wproc: Core Worker 22692: job 580682 (pid=1988) timed out. Killing it
[1594231584] wproc: CHECK job 580682 from worker Core Worker 22692 timed out after 30.00s
[1594231584] wproc:   host=Director_Resident; service=(null);
[1594231584] wproc:   early_timeout=1; exited_ok=0; wait_status=0; error_code=62;
[1594231584] Warning: Check of host 'Director_Resident' timed out after 30.00 seconds
[1594231584] wproc: Core Worker 22692: job 580682 (pid=1988): Dormant child reaped
[1594231685] Auto-save of retention data completed successfully.
[1594231824] wproc: Core Worker 22689: job 580690 (pid=2076) timed out. Killing it
[1594231824] wproc: CHECK job 580690 from worker Core Worker 22689 timed out after 30.02s
[1594231824] wproc:   host=Director_Bldg; service=(null);
[1594231824] wproc:   early_timeout=1; exited_ok=0; wait_status=0; error_code=62;
[1594231824] Warning: Check of host 'Director_Bldg' timed out after 30.02 seconds
[1594231824] wproc: Core Worker 22689: job 580690 (pid=2076): Dormant child reaped
[1594231884] wproc: Core Worker 22691: job 580692 (pid=2244) timed out. Killing it
[1594231884] wproc: CHECK job 580692 from worker Core Worker 22691 timed out after 30.00s
[1594231884] wproc:   host=Director_Resident; service=(null);
[1594231884] wproc:   early_timeout=1; exited_ok=0; wait_status=0; error_code=62;
[1594231884] Warning: Check of host 'Director_Resident' timed out after 30.00 seconds
[1594231884] wproc: Core Worker 22691: job 580692 (pid=2244): Dormant child reaped
[1594232124] wproc: Core Worker 22689: job 580700 (pid=2331) timed out. Killing it
[1594232124] wproc: CHECK job 580700 from worker Core Worker 22689 timed out after 30.03s
[1594232124] wproc:   host=Director_Bldg; service=(null);
[1594232124] wproc:   early_timeout=1; exited_ok=0; wait_status=0; error_code=62;
[1594232124] Warning: Check of host 'Director_Bldg' timed out after 30.03 seconds
[1594232124] wproc: Core Worker 22689: job 580700 (pid=2331): Dormant child reaped
[1594232184] wproc: Core Worker 22692: job 580701 (pid=2491) timed out. Killing it
[1594232184] wproc: CHECK job 580701 from worker Core Worker 22692 timed out after 30.03s
[1594232184] wproc:   host=Director_Resident; service=(null);
[1594232184] wproc:   early_timeout=1; exited_ok=0; wait_status=0; error_code=62;
[1594232184] Warning: Check of host 'Director_Resident' timed out after 30.03 seconds
[1594232184] wproc: Core Worker 22692: job 580701 (pid=2491): Dormant child reaped
[1594232424] wproc: Core Worker 22689: job 580709 (pid=2578) timed out. Killing it
[1594232424] wproc: CHECK job 580709 from worker Core Worker 22689 timed out after 30.01s
[1594232424] wproc:   host=Director_Bldg; service=(null);
[1594232424] wproc:   early_timeout=1; exited_ok=0; wait_status=0; error_code=62;
[1594232424] Warning: Check of host 'Director_Bldg' timed out after 30.01 seconds
[1594232424] HOST NOTIFICATION: nagiosadmin;Director_Bldg;DOWN;notify-host-by-email;(Host check timed out after 30.01 seconds)
[1594232424] wproc: Core Worker 22689: job 580709 (pid=2578): Dormant child reaped
[1594232484] wproc: Core Worker 22692: job 580711 (pid=2756) timed out. Killing it
[1594232484] wproc: CHECK job 580711 from worker Core Worker 22692 timed out after 30.01s
[1594232484] wproc:   host=Director_Resident; service=(null);
[1594232484] wproc:   early_timeout=1; exited_ok=0; wait_status=0; error_code=62;
[1594232484] Warning: Check of host 'Director_Resident' timed out after 30.01 seconds
[1594232484] HOST NOTIFICATION: nagiosadmin;Director_Resident;DOWN;notify-host-by-email;(Host check timed out after 30.01 seconds)
[1594232484] wproc: Core Worker 22692: job 580711 (pid=2756): Dormant child reaped
[1594232724] wproc: Core Worker 22691: job 580719 (pid=2871) timed out. Killing it
[1594232724] wproc: CHECK job 580719 from worker Core Worker 22691 timed out after 30.03s
[1594232724] wproc:   host=Director_Bldg; service=(null);
[1594232724] wproc:   early_timeout=1; exited_ok=0; wait_status=0; error_code=62;
[1594232724] Warning: Check of host 'Director_Bldg' timed out after 30.03 seconds
[1594232724] wproc: Core Worker 22691: job 580719 (pid=2871): Dormant child reaped
[1594232784] wproc: Core Worker 22690: job 580721 (pid=3030) timed out. Killing it
[1594232784] wproc: CHECK job 580721 from worker Core Worker 22690 timed out after 30.03s
[1594232784] wproc:   host=Director_Resident; service=(null);
[1594232784] wproc:   early_timeout=1; exited_ok=0; wait_status=0; error_code=62;
[1594232784] Warning: Check of host 'Director_Resident' timed out after 30.03 seconds
[1594232784] wproc: Core Worker 22690: job 580721 (pid=3030): Dormant child reaped
