[1572201000] LOG ROTATION: DAILY
[1572201000] LOG VERSION: 2.0
[1572201000] CURRENT HOST STATE: AP_Main_Bldg;UP;HARD;1;PING OK - Packet loss = 0%, RTA = 0.79 ms
[1572201000] CURRENT HOST STATE: Director_Bldg;UP;HARD;1;PING OK - Packet loss = 0%, RTA = 0.64 ms
[1572201000] CURRENT HOST STATE: Director_Resident;UP;HARD;1;PING OK - Packet loss = 0%, RTA = 0.60 ms
[1572201000] CURRENT HOST STATE: esxi01;UP;HARD;1;PING OK - Packet loss = 20%, RTA = 0.50 ms
[1572201000] CURRENT HOST STATE: esxi02;UP;HARD;1;PING OK - Packet loss = 0%, RTA = 0.57 ms
[1572201000] CURRENT HOST STATE: esxi03;UP;HARD;1;PING OK - Packet loss = 0%, RTA = 0.72 ms
[1572201000] CURRENT HOST STATE: esxi04;UP;HARD;1;PING OK - Packet loss = 0%, RTA = 0.47 ms
[1572201000] CURRENT HOST STATE: esxi05;UP;HARD;1;PING OK - Packet loss = 0%, RTA = 0.39 ms
[1572201000] CURRENT HOST STATE: esxi06;UP;HARD;1;PING OK - Packet loss = 0%, RTA = 0.49 ms
[1572201000] CURRENT HOST STATE: esxi07;UP;HARD;1;PING OK - Packet loss = 0%, RTA = 0.49 ms
[1572201000] CURRENT HOST STATE: esxi08;UP;HARD;1;PING OK - Packet loss = 0%, RTA = 0.38 ms
[1572201000] CURRENT HOST STATE: esxi09;UP;HARD;1;PING OK - Packet loss = 0%, RTA = 0.53 ms
[1572201000] CURRENT HOST STATE: localhost;UP;HARD;1;PING OK - Packet loss = 0%, RTA = 0.04 ms
[1572201000] CURRENT HOST STATE: vmware10gswitch;UP;HARD;1;PING OK - Packet loss = 0%, RTA = 1.25 ms
[1572201000] CURRENT HOST STATE: vmwaremgmtswitch;UP;HARD;1;PING OK - Packet loss = 0%, RTA = 1.86 ms
[1572201000] CURRENT SERVICE STATE: AP_Main_Bldg;check-host-alive;OK;HARD;1;PING OK - Packet loss = 0%, RTA = 3.07 ms
[1572201000] CURRENT SERVICE STATE: Director_Bldg;check-host-alive;OK;HARD;1;PING OK - Packet loss = 0%, RTA = 0.64 ms
[1572201000] CURRENT SERVICE STATE: Director_Resident;check-host-alive;OK;HARD;1;PING OK - Packet loss = 0%, RTA = 0.64 ms
[1572201000] CURRENT SERVICE STATE: esxi01;ESXi Hardware Check;OK;HARD;1;OK - Server: Cisco Systems Inc UCSC-C220-M4S s/n: FCH22157EQH Chassis S/N: FCH2216V0WN  System BIOS: C220M4.3.0.4a.0.0226182253 2018-02-26
[1572201000] CURRENT SERVICE STATE: esxi01;PING;OK;HARD;1;PING OK - Packet loss = 0%, RTA = 0.50 ms
[1572201000] CURRENT SERVICE STATE: esxi02;ESXi Hardware Check;OK;HARD;1;OK - Server: Cisco Systems Inc UCSC-C220-M4S s/n: FCH22157E1D Chassis S/N: FCH2216V0Y6  System BIOS: C220M4.3.0.4a.0.0226182253 2018-02-26
[1572201000] CURRENT SERVICE STATE: esxi02;PING;OK;HARD;1;PING OK - Packet loss = 0%, RTA = 0.52 ms
[1572201000] CURRENT SERVICE STATE: esxi03;ESXi Hardware Check;OK;HARD;1;OK - Server: Cisco Systems Inc UCSC-C220-M4S s/n: FCH22157ESB Chassis S/N: FCH2216V0TW  System BIOS: C220M4.3.0.4a.0.0226182253 2018-02-26
[1572201000] CURRENT SERVICE STATE: esxi03;PING;OK;HARD;1;PING OK - Packet loss = 0%, RTA = 0.52 ms
[1572201000] CURRENT SERVICE STATE: esxi04;ESXi Hardware Check;OK;HARD;1;OK - Server: Cisco Systems Inc UCSC-C220-M4S s/n: FCH22137QKB Chassis S/N: FCH2216V0YZ  System BIOS: C220M4.3.0.4a.0.0226182253 2018-02-26
[1572201000] CURRENT SERVICE STATE: esxi04;PING;OK;HARD;1;PING OK - Packet loss = 0%, RTA = 0.43 ms
[1572201000] CURRENT SERVICE STATE: esxi05;ESXi Hardware Check;OK;HARD;1;OK - Server: Cisco Systems Inc UCSC-C220-M4S s/n: FCH22157EPD Chassis S/N: FCH2216V0Z0  System BIOS: C220M4.3.0.4a.0.0226182253 2018-02-26
[1572201000] CURRENT SERVICE STATE: esxi05;PING;OK;HARD;1;PING OK - Packet loss = 0%, RTA = 0.48 ms
[1572201000] CURRENT SERVICE STATE: esxi06;ESXi Haradware Check;OK;HARD;1;OK - Server: Cisco Systems Inc UCSC-C220-M4S s/n: FCH22157ERW Chassis S/N: FCH2216V0X8  System BIOS: C220M4.3.0.4a.0.0226182253 2018-02-26
[1572201000] CURRENT SERVICE STATE: esxi06;PING;OK;HARD;1;PING OK - Packet loss = 0%, RTA = 0.45 ms
[1572201000] CURRENT SERVICE STATE: esxi07;ESXi Hardware Check;OK;HARD;1;OK - Server: Cisco Systems Inc UCSC-C220-M4S s/n: FCH22157EV7 Chassis S/N: FCH2216V0Y8  System BIOS: C220M4.3.0.4a.0.0226182253 2018-02-26
[1572201000] CURRENT SERVICE STATE: esxi07;PING;OK;HARD;1;PING OK - Packet loss = 0%, RTA = 0.55 ms
[1572201000] CURRENT SERVICE STATE: esxi08;ESXi Hardware Check;OK;HARD;1;OK - Server: Cisco Systems Inc UCSC-C220-M4S s/n: FCH22137QJN Chassis S/N: FCH2216V0YV  System BIOS: C220M4.3.0.4a.0.0226182253 2018-02-26
[1572201000] CURRENT SERVICE STATE: esxi08;PING;OK;HARD;1;PING OK - Packet loss = 0%, RTA = 0.41 ms
[1572201000] CURRENT SERVICE STATE: esxi09;ESXi Hardware Check;OK;HARD;1;OK - Server: Cisco Systems Inc UCSC-C220-M4S s/n: FCH22157ERY Chassis S/N: FCH2216V0YN  System BIOS: C220M4.3.0.4a.0.0226182253 2018-02-26
[1572201000] CURRENT SERVICE STATE: esxi09;PING;OK;HARD;1;PING OK - Packet loss = 0%, RTA = 0.80 ms
[1572201000] CURRENT SERVICE STATE: localhost;Current Load;OK;HARD;1;OK - load average: 0.00, 0.03, 0.05
[1572201000] CURRENT SERVICE STATE: localhost;Current Users;OK;HARD;1;USERS OK - 0 users currently logged in
[1572201000] CURRENT SERVICE STATE: localhost;PING;OK;HARD;1;PING OK - Packet loss = 0%, RTA = 0.04 ms
[1572201000] CURRENT SERVICE STATE: localhost;Root Partition;OK;HARD;1;DISK OK - free space: / 42812 MB (83.65% inode=99%):
[1572201000] CURRENT SERVICE STATE: localhost;SSH;OK;HARD;1;SSH OK - OpenSSH_7.4 (protocol 2.0)
[1572201000] CURRENT SERVICE STATE: localhost;Swap Usage;OK;HARD;1;SWAP OK - 100% free (3967 MB out of 3967 MB)
[1572201000] CURRENT SERVICE STATE: localhost;Total Processes;OK;HARD;1;PROCS OK: 76 processes with STATE = RSZDT
[1572201000] CURRENT SERVICE STATE: vmware10gswitch;check-host-alive;OK;HARD;1;PING OK - Packet loss = 0%, RTA = 2.38 ms
[1572201000] CURRENT SERVICE STATE: vmwaremgmtswitch;check-host-alive;OK;HARD;1;PING OK - Packet loss = 0%, RTA = 2.62 ms
[1572201620] Auto-save of retention data completed successfully.
[1572204010] SERVICE ALERT: esxi01;PING;WARNING;SOFT;1;PING WARNING - Packet loss = 20%, RTA = 0.49 ms
[1572204074] SERVICE ALERT: esxi01;PING;OK;SOFT;2;PING OK - Packet loss = 0%, RTA = 0.42 ms
[1572205220] Auto-save of retention data completed successfully.
[1572207613] SERVICE ALERT: esxi06;PING;WARNING;SOFT;1;PING WARNING - Packet loss = 20%, RTA = 0.54 ms
[1572207677] SERVICE ALERT: esxi06;PING;OK;SOFT;2;PING OK - Packet loss = 0%, RTA = 0.56 ms
[1572208820] Auto-save of retention data completed successfully.
[1572212420] Auto-save of retention data completed successfully.
[1572212839] SERVICE ALERT: esxi01;PING;WARNING;SOFT;1;PING WARNING - Packet loss = 20%, RTA = 0.53 ms
[1572212903] SERVICE ALERT: esxi01;PING;OK;SOFT;2;PING OK - Packet loss = 0%, RTA = 0.51 ms
[1572213742] SERVICE ALERT: esxi06;PING;WARNING;SOFT;1;PING WARNING - Packet loss = 40%, RTA = 0.44 ms
[1572213806] SERVICE ALERT: esxi06;PING;OK;SOFT;2;PING OK - Packet loss = 0%, RTA = 0.60 ms
[1572216020] Auto-save of retention data completed successfully.
[1572218068] SERVICE ALERT: esxi01;PING;WARNING;SOFT;1;PING WARNING - Packet loss = 20%, RTA = 0.60 ms
[1572218132] SERVICE ALERT: esxi01;PING;OK;SOFT;2;PING OK - Packet loss = 0%, RTA = 0.51 ms
[1572219620] Auto-save of retention data completed successfully.
[1572221071] SERVICE ALERT: esxi06;PING;WARNING;SOFT;1;PING WARNING - Packet loss = 20%, RTA = 0.43 ms
[1572221135] SERVICE ALERT: esxi06;PING;OK;SOFT;2;PING OK - Packet loss = 0%, RTA = 0.56 ms
[1572221200] SERVICE ALERT: esxi06;PING;WARNING;SOFT;1;PING WARNING - Packet loss = 20%, RTA = 0.50 ms
[1572221264] SERVICE ALERT: esxi06;PING;OK;SOFT;2;PING OK - Packet loss = 0%, RTA = 0.47 ms
[1572223220] Auto-save of retention data completed successfully.
[1572226820] Auto-save of retention data completed successfully.
[1572230420] Auto-save of retention data completed successfully.
[1572234020] Auto-save of retention data completed successfully.
[1572237620] Auto-save of retention data completed successfully.
[1572241220] Auto-save of retention data completed successfully.
[1572244820] Auto-save of retention data completed successfully.
[1572248420] Auto-save of retention data completed successfully.
[1572252020] Auto-save of retention data completed successfully.
[1572255620] Auto-save of retention data completed successfully.
[1572259220] Auto-save of retention data completed successfully.
[1572262820] Auto-save of retention data completed successfully.
[1572266420] Auto-save of retention data completed successfully.
[1572270020] Auto-save of retention data completed successfully.
[1572273620] Auto-save of retention data completed successfully.
[1572277220] Auto-save of retention data completed successfully.
[1572280820] Auto-save of retention data completed successfully.
[1572284420] Auto-save of retention data completed successfully.
