[1587666600] LOG ROTATION: DAILY
[1587666600] LOG VERSION: 2.0
[1587666600] CURRENT HOST STATE: AP_Main_Bldg;UP;HARD;1;PING OK - Packet loss = 0%, RTA = 0.74 ms
[1587666600] CURRENT HOST STATE: Director_Bldg;UP;HARD;1;PING OK - Packet loss = 0%, RTA = 0.59 ms
[1587666600] CURRENT HOST STATE: Director_Resident;UP;HARD;1;PING OK - Packet loss = 0%, RTA = 0.86 ms
[1587666600] CURRENT HOST STATE: esxi01;UP;HARD;1;PING OK - Packet loss = 0%, RTA = 0.37 ms
[1587666600] CURRENT HOST STATE: esxi02;UP;HARD;1;PING OK - Packet loss = 0%, RTA = 0.40 ms
[1587666600] CURRENT HOST STATE: esxi03;UP;HARD;1;PING OK - Packet loss = 0%, RTA = 0.31 ms
[1587666600] CURRENT HOST STATE: esxi04;UP;HARD;1;PING OK - Packet loss = 0%, RTA = 0.56 ms
[1587666600] CURRENT HOST STATE: esxi05;UP;HARD;1;PING OK - Packet loss = 0%, RTA = 0.44 ms
[1587666600] CURRENT HOST STATE: esxi06;UP;HARD;1;PING OK - Packet loss = 0%, RTA = 1.55 ms
[1587666600] CURRENT HOST STATE: esxi07;UP;HARD;1;PING OK - Packet loss = 0%, RTA = 0.92 ms
[1587666600] CURRENT HOST STATE: esxi08;UP;HARD;1;PING OK - Packet loss = 0%, RTA = 1.23 ms
[1587666600] CURRENT HOST STATE: esxi09;UP;HARD;1;PING OK - Packet loss = 0%, RTA = 0.46 ms
[1587666600] CURRENT HOST STATE: localhost;UP;HARD;1;PING OK - Packet loss = 0%, RTA = 0.05 ms
[1587666600] CURRENT HOST STATE: vmware10gswitch;UP;HARD;1;PING OK - Packet loss = 0%, RTA = 1.39 ms
[1587666600] CURRENT HOST STATE: vmwaremgmtswitch;UP;HARD;1;PING OK - Packet loss = 0%, RTA = 0.82 ms
[1587666600] CURRENT SERVICE STATE: AP_Main_Bldg;check-host-alive;OK;HARD;1;PING OK - Packet loss = 0%, RTA = 1.06 ms
[1587666600] CURRENT SERVICE STATE: Director_Bldg;check-host-alive;OK;HARD;1;PING OK - Packet loss = 0%, RTA = 0.58 ms
[1587666600] CURRENT SERVICE STATE: Director_Resident;check-host-alive;OK;HARD;1;PING OK - Packet loss = 0%, RTA = 0.63 ms
[1587666600] CURRENT SERVICE STATE: esxi01;ESXi Hardware Check;OK;HARD;1;OK - Server: Cisco Systems Inc UCSC-C220-M4S s/n: FCH22157EQH Chassis S/N: FCH2216V0WN  System BIOS: C220M4.3.0.4a.0.0226182253 2018-02-26
[1587666600] CURRENT SERVICE STATE: esxi01;PING;OK;HARD;1;PING OK - Packet loss = 0%, RTA = 0.52 ms
[1587666600] CURRENT SERVICE STATE: esxi02;ESXi Hardware Check;OK;HARD;1;OK - Server: Cisco Systems Inc UCSC-C220-M4S s/n: FCH22157E1D Chassis S/N: FCH2216V0Y6  System BIOS: C220M4.3.0.4a.0.0226182253 2018-02-26
[1587666600] CURRENT SERVICE STATE: esxi02;PING;OK;HARD;1;PING OK - Packet loss = 0%, RTA = 0.50 ms
[1587666600] CURRENT SERVICE STATE: esxi03;ESXi Hardware Check;OK;HARD;1;OK - Server: Cisco Systems Inc UCSC-C220-M4S s/n: FCH22157ESB Chassis S/N: FCH2216V0TW  System BIOS: C220M4.3.0.4a.0.0226182253 2018-02-26
[1587666600] CURRENT SERVICE STATE: esxi03;PING;OK;HARD;1;PING OK - Packet loss = 0%, RTA = 0.44 ms
[1587666600] CURRENT SERVICE STATE: esxi04;ESXi Hardware Check;OK;HARD;1;OK - Server: Cisco Systems Inc UCSC-C220-M4S s/n: FCH22137QKB Chassis S/N: FCH2216V0YZ  System BIOS: C220M4.3.0.4a.0.0226182253 2018-02-26
[1587666600] CURRENT SERVICE STATE: esxi04;PING;OK;HARD;1;PING OK - Packet loss = 0%, RTA = 0.58 ms
[1587666600] CURRENT SERVICE STATE: esxi05;ESXi Hardware Check;OK;HARD;1;OK - Server: Cisco Systems Inc UCSC-C220-M4S s/n: FCH22157EPD Chassis S/N: FCH2216V0Z0  System BIOS: C220M4.3.0.4a.0.0226182253 2018-02-26
[1587666600] CURRENT SERVICE STATE: esxi05;PING;OK;HARD;1;PING OK - Packet loss = 0%, RTA = 0.47 ms
[1587666600] CURRENT SERVICE STATE: esxi06;ESXi Haradware Check;OK;HARD;1;OK - Server: Cisco Systems Inc UCSC-C220-M4S s/n: FCH22157ERW Chassis S/N: FCH2216V0X8  System BIOS: C220M4.3.0.4a.0.0226182253 2018-02-26
[1587666600] CURRENT SERVICE STATE: esxi06;PING;OK;HARD;1;PING OK - Packet loss = 0%, RTA = 0.54 ms
[1587666600] CURRENT SERVICE STATE: esxi07;ESXi Hardware Check;OK;HARD;1;OK - Server: Cisco Systems Inc UCSC-C220-M4S s/n: FCH22157EV7 Chassis S/N: FCH2216V0Y8  System BIOS: C220M4.3.0.4a.0.0226182253 2018-02-26
[1587666600] CURRENT SERVICE STATE: esxi07;PING;OK;HARD;1;PING OK - Packet loss = 0%, RTA = 0.50 ms
[1587666600] CURRENT SERVICE STATE: esxi08;ESXi Hardware Check;OK;HARD;1;OK - Server: Cisco Systems Inc UCSC-C220-M4S s/n: FCH22137QJN Chassis S/N: FCH2216V0YV  System BIOS: C220M4.3.0.4a.0.0226182253 2018-02-26
[1587666600] CURRENT SERVICE STATE: esxi08;PING;OK;HARD;1;PING OK - Packet loss = 0%, RTA = 0.52 ms
[1587666600] CURRENT SERVICE STATE: esxi09;ESXi Hardware Check;OK;HARD;1;OK - Server: Cisco Systems Inc UCSC-C220-M4S s/n: FCH22157ERY Chassis S/N: FCH2216V0YN  System BIOS: C220M4.3.0.4a.0.0226182253 2018-02-26
[1587666600] CURRENT SERVICE STATE: esxi09;PING;OK;HARD;1;PING OK - Packet loss = 0%, RTA = 0.38 ms
[1587666600] CURRENT SERVICE STATE: localhost;Current Load;OK;HARD;1;OK - load average: 0.03, 0.06, 0.05
[1587666600] CURRENT SERVICE STATE: localhost;Current Users;OK;HARD;1;USERS OK - 0 users currently logged in
[1587666600] CURRENT SERVICE STATE: localhost;PING;OK;HARD;1;PING OK - Packet loss = 0%, RTA = 0.02 ms
[1587666600] CURRENT SERVICE STATE: localhost;Root Partition;OK;HARD;1;DISK OK - free space: / 42836 MB (83.70% inode=99%):
[1587666600] CURRENT SERVICE STATE: localhost;SSH;OK;HARD;1;SSH OK - OpenSSH_7.4 (protocol 2.0)
[1587666600] CURRENT SERVICE STATE: localhost;Swap Usage;OK;HARD;1;SWAP OK - 100% free (3967 MB out of 3967 MB)
[1587666600] CURRENT SERVICE STATE: localhost;Total Processes;OK;HARD;1;PROCS OK: 88 processes with STATE = RSZDT
[1587666600] CURRENT SERVICE STATE: vmware10gswitch;check-host-alive;OK;HARD;1;PING OK - Packet loss = 0%, RTA = 1.35 ms
[1587666600] CURRENT SERVICE STATE: vmwaremgmtswitch;check-host-alive;OK;HARD;1;PING OK - Packet loss = 0%, RTA = 0.80 ms
[1587668885] Auto-save of retention data completed successfully.
[1587672485] Auto-save of retention data completed successfully.
[1587676085] Auto-save of retention data completed successfully.
[1587679685] Auto-save of retention data completed successfully.
[1587683285] Auto-save of retention data completed successfully.
[1587686885] Auto-save of retention data completed successfully.
[1587690485] Auto-save of retention data completed successfully.
[1587694085] Auto-save of retention data completed successfully.
[1587697685] Auto-save of retention data completed successfully.
[1587701285] Auto-save of retention data completed successfully.
[1587704885] Auto-save of retention data completed successfully.
[1587707637] wproc: Core Worker 22690: job 373853 (pid=30285) timed out. Killing it
[1587707637] wproc: CHECK job 373853 from worker Core Worker 22690 timed out after 30.03s
[1587707637] wproc:   host=Director_Resident; service=(null);
[1587707637] wproc:   early_timeout=1; exited_ok=0; wait_status=0; error_code=62;
[1587707637] Warning: Check of host 'Director_Resident' timed out after 30.03 seconds
[1587707637] HOST ALERT: Director_Resident;DOWN;SOFT;1;(Host check timed out after 30.03 seconds)
[1587707638] wproc: Core Worker 22690: job 373853 (pid=30285): Dormant child reaped
[1587707649] wproc: Core Worker 22691: job 373853 (pid=30287) timed out. Killing it
[1587707649] wproc: CHECK job 373853 from worker Core Worker 22691 timed out after 30.03s
[1587707649] wproc:   host=Director_Bldg; service=(null);
[1587707649] wproc:   early_timeout=1; exited_ok=0; wait_status=0; error_code=62;
[1587707649] Warning: Check of host 'Director_Bldg' timed out after 30.03 seconds
[1587707649] HOST ALERT: Director_Bldg;DOWN;SOFT;1;(Host check timed out after 30.03 seconds)
[1587707649] wproc: Core Worker 22691: job 373853 (pid=30287): Dormant child reaped
[1587707727] wproc: Core Worker 22692: job 373855 (pid=30313) timed out. Killing it
[1587707727] wproc: CHECK job 373855 from worker Core Worker 22692 timed out after 30.03s
[1587707727] wproc:   host=Director_Resident; service=(null);
[1587707727] wproc:   early_timeout=1; exited_ok=0; wait_status=0; error_code=62;
[1587707727] Warning: Check of host 'Director_Resident' timed out after 30.03 seconds
[1587707727] HOST ALERT: Director_Resident;DOWN;SOFT;2;(Host check timed out after 30.03 seconds)
[1587707728] wproc: Core Worker 22692: job 373855 (pid=30313): Dormant child reaped
[1587707739] wproc: Core Worker 22690: job 373856 (pid=30460) timed out. Killing it
[1587707739] wproc: CHECK job 373856 from worker Core Worker 22690 timed out after 30.01s
[1587707739] wproc:   host=Director_Bldg; service=(null);
[1587707739] wproc:   early_timeout=1; exited_ok=0; wait_status=0; error_code=62;
[1587707739] Warning: Check of host 'Director_Bldg' timed out after 30.01 seconds
[1587707739] HOST ALERT: Director_Bldg;DOWN;SOFT;2;(Host check timed out after 30.01 seconds)
[1587707739] wproc: Core Worker 22690: job 373856 (pid=30460): Dormant child reaped
[1587707817] wproc: Core Worker 22691: job 373857 (pid=30478) timed out. Killing it
[1587707817] wproc: CHECK job 373857 from worker Core Worker 22691 timed out after 30.00s
[1587707817] wproc:   host=Director_Resident; service=(null);
[1587707817] wproc:   early_timeout=1; exited_ok=0; wait_status=0; error_code=62;
[1587707817] Warning: Check of host 'Director_Resident' timed out after 30.00 seconds
[1587707817] HOST ALERT: Director_Resident;DOWN;SOFT;3;(Host check timed out after 30.00 seconds)
[1587707818] wproc: Core Worker 22691: job 373857 (pid=30478): Dormant child reaped
[1587707829] wproc: Core Worker 22690: job 373858 (pid=30483) timed out. Killing it
[1587707829] wproc: CHECK job 373858 from worker Core Worker 22690 timed out after 30.01s
[1587707829] wproc:   host=Director_Bldg; service=(null);
[1587707829] wproc:   early_timeout=1; exited_ok=0; wait_status=0; error_code=62;
[1587707829] Warning: Check of host 'Director_Bldg' timed out after 30.01 seconds
[1587707829] HOST ALERT: Director_Bldg;DOWN;SOFT;3;(Host check timed out after 30.01 seconds)
[1587707829] wproc: Core Worker 22690: job 373858 (pid=30483): Dormant child reaped
[1587707834] SERVICE ALERT: Director_Bldg;check-host-alive;CRITICAL;HARD;1;CRITICAL - Plugin timed out
[1587707882] SERVICE ALERT: Director_Resident;check-host-alive;CRITICAL;HARD;1;CRITICAL - Plugin timed out
[1587707908] wproc: Core Worker 22689: job 373863 (pid=30528) timed out. Killing it
[1587707908] wproc: CHECK job 373863 from worker Core Worker 22689 timed out after 30.03s
[1587707908] wproc:   host=Director_Resident; service=(null);
[1587707908] wproc:   early_timeout=1; exited_ok=0; wait_status=0; error_code=62;
[1587707908] Warning: Check of host 'Director_Resident' timed out after 30.03 seconds
[1587707908] HOST ALERT: Director_Resident;DOWN;SOFT;4;(Host check timed out after 30.03 seconds)
[1587707908] wproc: Core Worker 22689: job 373863 (pid=30528): Dormant child reaped
[1587707919] wproc: Core Worker 22690: job 373863 (pid=30538) timed out. Killing it
[1587707919] wproc: CHECK job 373863 from worker Core Worker 22690 timed out after 30.03s
[1587707919] wproc:   host=Director_Bldg; service=(null);
[1587707919] wproc:   early_timeout=1; exited_ok=0; wait_status=0; error_code=62;
[1587707919] Warning: Check of host 'Director_Bldg' timed out after 30.03 seconds
[1587707919] HOST ALERT: Director_Bldg;DOWN;SOFT;4;(Host check timed out after 30.03 seconds)
[1587707919] wproc: Core Worker 22690: job 373863 (pid=30538): Dormant child reaped
[1587707998] wproc: Core Worker 22689: job 373865 (pid=30561) timed out. Killing it
[1587707998] wproc: CHECK job 373865 from worker Core Worker 22689 timed out after 30.01s
[1587707998] wproc:   host=Director_Resident; service=(null);
[1587707998] wproc:   early_timeout=1; exited_ok=0; wait_status=0; error_code=62;
[1587707998] Warning: Check of host 'Director_Resident' timed out after 30.01 seconds
[1587707998] HOST ALERT: Director_Resident;DOWN;SOFT;5;(Host check timed out after 30.01 seconds)
[1587707998] wproc: Core Worker 22689: job 373865 (pid=30561): Dormant child reaped
[1587708009] wproc: Core Worker 22691: job 373865 (pid=30565) timed out. Killing it
[1587708009] wproc: CHECK job 373865 from worker Core Worker 22691 timed out after 30.01s
[1587708009] wproc:   host=Director_Bldg; service=(null);
[1587708009] wproc:   early_timeout=1; exited_ok=0; wait_status=0; error_code=62;
[1587708009] Warning: Check of host 'Director_Bldg' timed out after 30.01 seconds
[1587708009] HOST ALERT: Director_Bldg;DOWN;SOFT;5;(Host check timed out after 30.01 seconds)
[1587708009] wproc: Core Worker 22691: job 373865 (pid=30565): Dormant child reaped
[1587708073] HOST ALERT: Director_Bldg;UP;SOFT;1;PING OK - Packet loss = 0%, RTA = 0.60 ms
[1587708088] wproc: Core Worker 22689: job 373868 (pid=30734) timed out. Killing it
[1587708088] wproc: CHECK job 373868 from worker Core Worker 22689 timed out after 30.01s
[1587708088] wproc:   host=Director_Resident; service=(null);
[1587708088] wproc:   early_timeout=1; exited_ok=0; wait_status=0; error_code=62;
[1587708088] Warning: Check of host 'Director_Resident' timed out after 30.01 seconds
[1587708088] HOST ALERT: Director_Resident;DOWN;SOFT;6;(Host check timed out after 30.01 seconds)
[1587708088] wproc: Core Worker 22689: job 373868 (pid=30734): Dormant child reaped
[1587708152] HOST ALERT: Director_Resident;UP;SOFT;1;PING OK - Packet loss = 0%, RTA = 0.67 ms
[1587708407] SERVICE ALERT: Director_Bldg;check-host-alive;OK;SOFT;1;PING OK - Packet loss = 0%, RTA = 0.58 ms
[1587708455] SERVICE ALERT: Director_Resident;check-host-alive;OK;SOFT;1;PING OK - Packet loss = 0%, RTA = 0.97 ms
[1587708485] Auto-save of retention data completed successfully.
[1587712085] Auto-save of retention data completed successfully.
[1587715685] Auto-save of retention data completed successfully.
[1587716789] SERVICE ALERT: esxi01;PING;WARNING;SOFT;1;PING WARNING - Packet loss = 20%, RTA = 0.49 ms
[1587716853] SERVICE ALERT: esxi01;PING;OK;SOFT;2;PING OK - Packet loss = 0%, RTA = 0.35 ms
[1587719285] Auto-save of retention data completed successfully.
[1587722885] Auto-save of retention data completed successfully.
[1587726485] Auto-save of retention data completed successfully.
[1587730085] Auto-save of retention data completed successfully.
[1587733685] Auto-save of retention data completed successfully.
[1587737285] Auto-save of retention data completed successfully.
[1587740885] Auto-save of retention data completed successfully.
[1587744485] Auto-save of retention data completed successfully.
[1587748085] Auto-save of retention data completed successfully.
[1587751685] Auto-save of retention data completed successfully.
