[1591813800] LOG ROTATION: DAILY
[1591813800] LOG VERSION: 2.0
[1591813800] CURRENT HOST STATE: AP_Main_Bldg;UP;HARD;1;PING OK - Packet loss = 0%, RTA = 0.72 ms
[1591813800] CURRENT HOST STATE: Director_Bldg;UP;HARD;1;PING OK - Packet loss = 0%, RTA = 0.85 ms
[1591813800] CURRENT HOST STATE: Director_Resident;UP;HARD;1;PING OK - Packet loss = 0%, RTA = 1.27 ms
[1591813800] CURRENT HOST STATE: esxi01;UP;HARD;1;PING OK - Packet loss = 0%, RTA = 0.45 ms
[1591813800] CURRENT HOST STATE: esxi02;UP;HARD;1;PING OK - Packet loss = 0%, RTA = 0.37 ms
[1591813800] CURRENT HOST STATE: esxi03;UP;HARD;1;PING OK - Packet loss = 0%, RTA = 0.37 ms
[1591813800] CURRENT HOST STATE: esxi04;UP;HARD;1;PING OK - Packet loss = 0%, RTA = 0.52 ms
[1591813800] CURRENT HOST STATE: esxi05;UP;HARD;1;PING OK - Packet loss = 20%, RTA = 0.44 ms
[1591813800] CURRENT HOST STATE: esxi06;UP;HARD;1;PING OK - Packet loss = 0%, RTA = 0.37 ms
[1591813800] CURRENT HOST STATE: esxi07;UP;HARD;1;PING OK - Packet loss = 0%, RTA = 0.86 ms
[1591813800] CURRENT HOST STATE: esxi08;UP;HARD;1;PING OK - Packet loss = 0%, RTA = 0.50 ms
[1591813800] CURRENT HOST STATE: esxi09;UP;HARD;1;PING OK - Packet loss = 0%, RTA = 0.78 ms
[1591813800] CURRENT HOST STATE: localhost;UP;HARD;1;PING OK - Packet loss = 0%, RTA = 0.04 ms
[1591813800] CURRENT HOST STATE: vmware10gswitch;UP;HARD;1;PING OK - Packet loss = 0%, RTA = 1.54 ms
[1591813800] CURRENT HOST STATE: vmwaremgmtswitch;UP;HARD;1;PING OK - Packet loss = 0%, RTA = 0.82 ms
[1591813800] CURRENT SERVICE STATE: AP_Main_Bldg;check-host-alive;OK;HARD;1;PING OK - Packet loss = 0%, RTA = 0.81 ms
[1591813800] CURRENT SERVICE STATE: Director_Bldg;check-host-alive;OK;HARD;1;PING OK - Packet loss = 0%, RTA = 0.62 ms
[1591813800] CURRENT SERVICE STATE: Director_Resident;check-host-alive;OK;HARD;1;PING OK - Packet loss = 0%, RTA = 0.73 ms
[1591813800] CURRENT SERVICE STATE: esxi01;ESXi Hardware Check;OK;HARD;1;OK - Server: Cisco Systems Inc UCSC-C220-M4S s/n: FCH22157EQH Chassis S/N: FCH2216V0WN  System BIOS: C220M4.3.0.4a.0.0226182253 2018-02-26
[1591813800] CURRENT SERVICE STATE: esxi01;PING;OK;HARD;1;PING OK - Packet loss = 0%, RTA = 0.41 ms
[1591813800] CURRENT SERVICE STATE: esxi02;ESXi Hardware Check;OK;HARD;1;OK - Server: Cisco Systems Inc UCSC-C220-M4S s/n: FCH22157E1D Chassis S/N: FCH2216V0Y6  System BIOS: C220M4.3.0.4a.0.0226182253 2018-02-26
[1591813800] CURRENT SERVICE STATE: esxi02;PING;OK;HARD;1;PING OK - Packet loss = 0%, RTA = 0.34 ms
[1591813800] CURRENT SERVICE STATE: esxi03;ESXi Hardware Check;OK;HARD;1;OK - Server: Cisco Systems Inc UCSC-C220-M4S s/n: FCH22157ESB Chassis S/N: FCH2216V0TW  System BIOS: C220M4.3.0.4a.0.0226182253 2018-02-26
[1591813800] CURRENT SERVICE STATE: esxi03;PING;OK;HARD;1;PING OK - Packet loss = 0%, RTA = 0.29 ms
[1591813800] CURRENT SERVICE STATE: esxi04;ESXi Hardware Check;OK;HARD;1;OK - Server: Cisco Systems Inc UCSC-C220-M4S s/n: FCH22137QKB Chassis S/N: FCH2216V0YZ  System BIOS: C220M4.3.0.4a.0.0226182253 2018-02-26
[1591813800] CURRENT SERVICE STATE: esxi04;PING;OK;HARD;1;PING OK - Packet loss = 0%, RTA = 0.49 ms
[1591813800] CURRENT SERVICE STATE: esxi05;ESXi Hardware Check;OK;HARD;1;OK - Server: Cisco Systems Inc UCSC-C220-M4S s/n: FCH22157EPD Chassis S/N: FCH2216V0Z0  System BIOS: C220M4.3.0.4a.0.0226182253 2018-02-26
[1591813800] CURRENT SERVICE STATE: esxi05;PING;OK;HARD;1;PING OK - Packet loss = 0%, RTA = 0.35 ms
[1591813800] CURRENT SERVICE STATE: esxi06;ESXi Haradware Check;OK;HARD;1;OK - Server: Cisco Systems Inc UCSC-C220-M4S s/n: FCH22157ERW Chassis S/N: FCH2216V0X8  System BIOS: C220M4.3.0.4a.0.0226182253 2018-02-26
[1591813800] CURRENT SERVICE STATE: esxi06;PING;OK;HARD;1;PING OK - Packet loss = 0%, RTA = 0.45 ms
[1591813800] CURRENT SERVICE STATE: esxi07;ESXi Hardware Check;OK;HARD;1;OK - Server: Cisco Systems Inc UCSC-C220-M4S s/n: FCH22157EV7 Chassis S/N: FCH2216V0Y8  System BIOS: C220M4.3.0.4a.0.0226182253 2018-02-26
[1591813800] CURRENT SERVICE STATE: esxi07;PING;OK;HARD;1;PING OK - Packet loss = 0%, RTA = 0.53 ms
[1591813800] CURRENT SERVICE STATE: esxi08;ESXi Hardware Check;OK;HARD;1;OK - Server: Cisco Systems Inc UCSC-C220-M4S s/n: FCH22137QJN Chassis S/N: FCH2216V0YV  System BIOS: C220M4.3.0.4a.0.0226182253 2018-02-26
[1591813800] CURRENT SERVICE STATE: esxi08;PING;OK;HARD;1;PING OK - Packet loss = 0%, RTA = 0.40 ms
[1591813800] CURRENT SERVICE STATE: esxi09;ESXi Hardware Check;OK;HARD;1;OK - Server: Cisco Systems Inc UCSC-C220-M4S s/n: FCH22157ERY Chassis S/N: FCH2216V0YN  System BIOS: C220M4.3.0.4a.0.0226182253 2018-02-26
[1591813800] CURRENT SERVICE STATE: esxi09;PING;OK;HARD;1;PING OK - Packet loss = 0%, RTA = 0.40 ms
[1591813800] CURRENT SERVICE STATE: localhost;Current Load;OK;HARD;1;OK - load average: 0.08, 0.06, 0.05
[1591813800] CURRENT SERVICE STATE: localhost;Current Users;OK;HARD;1;USERS OK - 0 users currently logged in
[1591813800] CURRENT SERVICE STATE: localhost;PING;OK;HARD;1;PING OK - Packet loss = 0%, RTA = 0.04 ms
[1591813800] CURRENT SERVICE STATE: localhost;Root Partition;OK;HARD;1;DISK OK - free space: / 42836 MB (83.70% inode=99%):
[1591813800] CURRENT SERVICE STATE: localhost;SSH;OK;HARD;1;SSH OK - OpenSSH_7.4 (protocol 2.0)
[1591813800] CURRENT SERVICE STATE: localhost;Swap Usage;OK;HARD;1;SWAP OK - 100% free (3967 MB out of 3967 MB)
[1591813800] CURRENT SERVICE STATE: localhost;Total Processes;OK;HARD;1;PROCS OK: 82 processes with STATE = RSZDT
[1591813800] CURRENT SERVICE STATE: vmware10gswitch;check-host-alive;OK;HARD;1;PING OK - Packet loss = 0%, RTA = 1.33 ms
[1591813800] CURRENT SERVICE STATE: vmwaremgmtswitch;check-host-alive;OK;HARD;1;PING OK - Packet loss = 0%, RTA = 1.05 ms
[1591816085] Auto-save of retention data completed successfully.
[1591819685] Auto-save of retention data completed successfully.
[1591823285] Auto-save of retention data completed successfully.
[1591826885] Auto-save of retention data completed successfully.
[1591830485] Auto-save of retention data completed successfully.
[1591834085] Auto-save of retention data completed successfully.
[1591837685] Auto-save of retention data completed successfully.
[1591841285] Auto-save of retention data completed successfully.
[1591844885] Auto-save of retention data completed successfully.
[1591848485] Auto-save of retention data completed successfully.
[1591852085] Auto-save of retention data completed successfully.
[1591855685] Auto-save of retention data completed successfully.
[1591859285] Auto-save of retention data completed successfully.
[1591862885] Auto-save of retention data completed successfully.
[1591866485] Auto-save of retention data completed successfully.
[1591870085] Auto-save of retention data completed successfully.
[1591873685] Auto-save of retention data completed successfully.
[1591877285] Auto-save of retention data completed successfully.
[1591879953] SERVICE ALERT: esxi09;PING;WARNING;SOFT;1;PING WARNING - Packet loss = 20%, RTA = 4.44 ms
[1591880017] SERVICE ALERT: esxi09;PING;OK;SOFT;2;PING OK - Packet loss = 0%, RTA = 0.33 ms
[1591880885] Auto-save of retention data completed successfully.
[1591884485] Auto-save of retention data completed successfully.
[1591886521] wproc: Core Worker 22692: job 506322 (pid=6451) timed out. Killing it
[1591886521] wproc: CHECK job 506322 from worker Core Worker 22692 timed out after 30.03s
[1591886521] wproc:   host=Director_Resident; service=(null);
[1591886521] wproc:   early_timeout=1; exited_ok=0; wait_status=0; error_code=62;
[1591886521] Warning: Check of host 'Director_Resident' timed out after 30.03 seconds
[1591886521] HOST ALERT: Director_Resident;DOWN;SOFT;1;(Host check timed out after 30.03 seconds)
[1591886521] wproc: Core Worker 22692: job 506322 (pid=6451): Dormant child reaped
[1591886611] wproc: Core Worker 22690: job 506327 (pid=6504) timed out. Killing it
[1591886611] wproc: CHECK job 506327 from worker Core Worker 22690 timed out after 30.01s
[1591886611] wproc:   host=Director_Resident; service=(null);
[1591886611] wproc:   early_timeout=1; exited_ok=0; wait_status=0; error_code=62;
[1591886611] Warning: Check of host 'Director_Resident' timed out after 30.01 seconds
[1591886611] HOST ALERT: Director_Resident;DOWN;SOFT;2;(Host check timed out after 30.01 seconds)
[1591886611] wproc: Core Worker 22690: job 506327 (pid=6504): Dormant child reaped
[1591886626] SERVICE ALERT: Director_Bldg;check-host-alive;CRITICAL;SOFT;1;CRITICAL - Plugin timed out
[1591886656] wproc: Core Worker 22690: job 506328 (pid=6512) timed out. Killing it
[1591886656] wproc: CHECK job 506328 from worker Core Worker 22690 timed out after 30.01s
[1591886656] wproc:   host=Director_Bldg; service=(null);
[1591886656] wproc:   early_timeout=1; exited_ok=0; wait_status=0; error_code=62;
[1591886656] Warning: Check of host 'Director_Bldg' timed out after 30.01 seconds
[1591886656] HOST ALERT: Director_Bldg;DOWN;SOFT;1;(Host check timed out after 30.01 seconds)
[1591886656] wproc: Core Worker 22690: job 506328 (pid=6512): Dormant child reaped
[1591886676] HOST ALERT: Director_Resident;UP;SOFT;1;PING OK - Packet loss = 20%, RTA = 0.66 ms
[1591886746] wproc: Core Worker 22691: job 506330 (pid=6683) timed out. Killing it
[1591886746] wproc: CHECK job 506330 from worker Core Worker 22691 timed out after 30.02s
[1591886746] wproc:   host=Director_Bldg; service=(null);
[1591886746] wproc:   early_timeout=1; exited_ok=0; wait_status=0; error_code=62;
[1591886746] Warning: Check of host 'Director_Bldg' timed out after 30.02 seconds
[1591886746] HOST ALERT: Director_Bldg;DOWN;SOFT;2;(Host check timed out after 30.02 seconds)
[1591886746] wproc: Core Worker 22691: job 506330 (pid=6683): Dormant child reaped
[1591886777] SERVICE ALERT: Director_Bldg;check-host-alive;CRITICAL;HARD;3;CRITICAL - Plugin timed out
[1591886836] wproc: Core Worker 22689: job 506333 (pid=6713) timed out. Killing it
[1591886836] wproc: CHECK job 506333 from worker Core Worker 22689 timed out after 30.03s
[1591886836] wproc:   host=Director_Bldg; service=(null);
[1591886836] wproc:   early_timeout=1; exited_ok=0; wait_status=0; error_code=62;
[1591886836] Warning: Check of host 'Director_Bldg' timed out after 30.03 seconds
[1591886836] HOST ALERT: Director_Bldg;DOWN;SOFT;3;(Host check timed out after 30.03 seconds)
[1591886836] wproc: Core Worker 22689: job 506333 (pid=6713): Dormant child reaped
[1591886900] HOST ALERT: Director_Bldg;UP;SOFT;1;PING OK - Packet loss = 0%, RTA = 0.61 ms
[1591887350] SERVICE ALERT: Director_Bldg;check-host-alive;OK;HARD;3;PING OK - Packet loss = 0%, RTA = 0.54 ms
[1591888085] Auto-save of retention data completed successfully.
[1591891685] Auto-save of retention data completed successfully.
[1591895285] Auto-save of retention data completed successfully.
[1591898885] Auto-save of retention data completed successfully.
