[1544121000] LOG ROTATION: DAILY
[1544121000] LOG VERSION: 2.0
[1544121000] CURRENT HOST STATE: esxi01;UP;HARD;1;PING OK - Packet loss = 0%, RTA = 0.57 ms
[1544121000] CURRENT HOST STATE: esxi02;UP;HARD;1;PING OK - Packet loss = 0%, RTA = 0.45 ms
[1544121000] CURRENT HOST STATE: localhost;UP;HARD;1;PING OK - Packet loss = 0%, RTA = 0.04 ms
[1544121000] CURRENT HOST STATE: localhost.localdomain;DOWN;HARD;10;CRITICAL - Host Unreachable (10.5.5.15)
[1544121000] CURRENT HOST STATE: router1;UP;HARD;1;PING OK - Packet loss = 0%, RTA = 0.58 ms
[1544121000] CURRENT HOST STATE: router2;UP;HARD;1;PING OK - Packet loss = 0%, RTA = 0.83 ms
[1544121000] CURRENT HOST STATE: router3;UP;HARD;1;PING OK - Packet loss = 0%, RTA = 0.68 ms
[1544121000] CURRENT SERVICE STATE: esxi01;ESXi Hardware Check;OK;HARD;1;OK - Server: Cisco Systems Inc UCSC-C220-M4S s/n: FCH22157E1D Chassis S/N: FCH2216V0Y6  System BIOS: C220M4.3.0.4a.0.0226182253 2018-02-26
[1544121000] CURRENT SERVICE STATE: esxi01;PING;OK;HARD;1;PING OK - Packet loss = 0%, RTA = 0.54 ms
[1544121000] CURRENT SERVICE STATE: esxi02;ESXi Hardware Check;OK;HARD;1;OK - Server: Cisco Systems Inc UCSC-C220-M4S s/n: FCH22157ESB Chassis S/N: FCH2216V0TW  System BIOS: C220M4.3.0.4a.0.0226182253 2018-02-26
[1544121000] CURRENT SERVICE STATE: esxi02;PING;OK;HARD;1;PING OK - Packet loss = 0%, RTA = 0.39 ms
[1544121000] CURRENT SERVICE STATE: localhost;Current Load;OK;HARD;1;OK - load average: 0.00, 0.02, 0.05
[1544121000] CURRENT SERVICE STATE: localhost;Current Users;OK;HARD;1;USERS OK - 0 users currently logged in
[1544121000] CURRENT SERVICE STATE: localhost;HTTP;WARNING;HARD;4;HTTP WARNING: HTTP/1.1 403 Forbidden - 5179 bytes in 0.001 second response time
[1544121000] CURRENT SERVICE STATE: localhost;PING;OK;HARD;1;PING OK - Packet loss = 0%, RTA = 0.04 ms
[1544121000] CURRENT SERVICE STATE: localhost;Root Partition;OK;HARD;1;DISK OK - free space: / 44743 MB (87.43% inode=99%):
[1544121000] CURRENT SERVICE STATE: localhost;SSH;OK;HARD;1;SSH OK - OpenSSH_7.4 (protocol 2.0)
[1544121000] CURRENT SERVICE STATE: localhost;Swap Usage;OK;HARD;1;SWAP OK - 100% free (3967 MB out of 3967 MB)
[1544121000] CURRENT SERVICE STATE: localhost;Total Processes;OK;HARD;1;PROCS OK: 79 processes with STATE = RSZDT
[1544121000] CURRENT SERVICE STATE: localhost.localdomain;Current Load;OK;HARD;1;OK - load average: 0.00, 0.04, 0.20
[1544121000] CURRENT SERVICE STATE: localhost.localdomain;Current Users;OK;HARD;1;USERS OK - 2 users currently logged in
[1544121000] CURRENT SERVICE STATE: localhost.localdomain;HTTP;CRITICAL;HARD;4;connect to address 10.5.5.15 and port 80: No route to host
[1544121000] CURRENT SERVICE STATE: localhost.localdomain;PING;CRITICAL;HARD;4;CRITICAL - Host Unreachable (10.5.5.15)
[1544121000] CURRENT SERVICE STATE: localhost.localdomain;Root Partition;OK;HARD;1;DISK OK - free space: / 44743 MB (87.43% inode=99%):
[1544121000] CURRENT SERVICE STATE: localhost.localdomain;SSH;CRITICAL;HARD;4;connect to address 10.5.5.15 and port 22: No route to host
[1544121000] CURRENT SERVICE STATE: localhost.localdomain;Swap Usage;OK;HARD;1;SWAP OK - 100% free (3967 MB out of 3967 MB)
[1544121000] CURRENT SERVICE STATE: localhost.localdomain;Total Processes;OK;HARD;1;PROCS OK: 83 processes with STATE = RSZDT
[1544121000] CURRENT SERVICE STATE: router1;check-host-alive;OK;HARD;1;PING OK - Packet loss = 0%, RTA = 0.62 ms
[1544121000] CURRENT SERVICE STATE: router2;check-host-alive;OK;HARD;1;PING OK - Packet loss = 0%, RTA = 0.81 ms
[1544121000] CURRENT SERVICE STATE: router3;check-host-alive;OK;HARD;1;PING OK - Packet loss = 0%, RTA = 1.24 ms
[1544122938] Auto-save of retention data completed successfully.
[1544126538] Auto-save of retention data completed successfully.
[1544130138] Auto-save of retention data completed successfully.
[1544133738] Auto-save of retention data completed successfully.
[1544137338] Auto-save of retention data completed successfully.
[1544140938] Auto-save of retention data completed successfully.
[1544144538] Auto-save of retention data completed successfully.
[1544148138] Auto-save of retention data completed successfully.
[1544151738] Auto-save of retention data completed successfully.
[1544155338] Auto-save of retention data completed successfully.
[1544158938] Auto-save of retention data completed successfully.
[1544162538] Auto-save of retention data completed successfully.
[1544166138] Auto-save of retention data completed successfully.
[1544169738] Auto-save of retention data completed successfully.
[1544173338] Auto-save of retention data completed successfully.
[1544176938] Auto-save of retention data completed successfully.
[1544180538] Auto-save of retention data completed successfully.
[1544184138] Auto-save of retention data completed successfully.
[1544187738] Auto-save of retention data completed successfully.
[1544191338] Auto-save of retention data completed successfully.
[1544194938] Auto-save of retention data completed successfully.
[1544198538] Auto-save of retention data completed successfully.
[1544202138] Auto-save of retention data completed successfully.
[1544205738] Auto-save of retention data completed successfully.
