[1542738600] LOG ROTATION: DAILY
[1542738600] LOG VERSION: 2.0
[1542738600] CURRENT HOST STATE: localhost;UP;HARD;1;PING OK - Packet loss = 0%, RTA = 0.03 ms
[1542738600] CURRENT HOST STATE: localhost.localdomain;DOWN;HARD;10;CRITICAL - Host Unreachable (10.5.5.15)
[1542738600] CURRENT HOST STATE: router1;UP;HARD;1;PING OK - Packet loss = 0%, RTA = 0.69 ms
[1542738600] CURRENT HOST STATE: router2;UP;HARD;1;PING OK - Packet loss = 0%, RTA = 0.78 ms
[1542738600] CURRENT HOST STATE: router3;UP;HARD;1;PING OK - Packet loss = 0%, RTA = 0.73 ms
[1542738600] CURRENT SERVICE STATE: localhost;Current Load;OK;HARD;1;OK - load average: 0.00, 0.01, 0.05
[1542738600] CURRENT SERVICE STATE: localhost;Current Users;OK;HARD;1;USERS OK - 0 users currently logged in
[1542738600] CURRENT SERVICE STATE: localhost;HTTP;WARNING;HARD;4;HTTP WARNING: HTTP/1.1 403 Forbidden - 5179 bytes in 0.001 second response time
[1542738600] CURRENT SERVICE STATE: localhost;PING;OK;HARD;1;PING OK - Packet loss = 0%, RTA = 0.03 ms
[1542738600] CURRENT SERVICE STATE: localhost;Root Partition;OK;HARD;1;DISK OK - free space: / 45538 MB (88.98% inode=99%):
[1542738600] CURRENT SERVICE STATE: localhost;SSH;OK;HARD;1;SSH OK - OpenSSH_7.4 (protocol 2.0)
[1542738600] CURRENT SERVICE STATE: localhost;Swap Usage;OK;HARD;1;SWAP OK - 100% free (3967 MB out of 3967 MB)
[1542738600] CURRENT SERVICE STATE: localhost;Total Processes;OK;HARD;1;PROCS OK: 81 processes with STATE = RSZDT
[1542738600] CURRENT SERVICE STATE: localhost.localdomain;Current Load;OK;HARD;1;OK - load average: 0.00, 0.04, 0.20
[1542738600] CURRENT SERVICE STATE: localhost.localdomain;Current Users;OK;HARD;1;USERS OK - 2 users currently logged in
[1542738600] CURRENT SERVICE STATE: localhost.localdomain;HTTP;CRITICAL;HARD;4;connect to address 10.5.5.15 and port 80: No route to host
[1542738600] CURRENT SERVICE STATE: localhost.localdomain;PING;CRITICAL;HARD;4;CRITICAL - Host Unreachable (10.5.5.15)
[1542738600] CURRENT SERVICE STATE: localhost.localdomain;Root Partition;OK;HARD;1;DISK OK - free space: / 45538 MB (88.98% inode=99%):
[1542738600] CURRENT SERVICE STATE: localhost.localdomain;SSH;CRITICAL;HARD;4;connect to address 10.5.5.15 and port 22: No route to host
[1542738600] CURRENT SERVICE STATE: localhost.localdomain;Swap Usage;OK;HARD;1;SWAP OK - 100% free (3967 MB out of 3967 MB)
[1542738600] CURRENT SERVICE STATE: localhost.localdomain;Total Processes;OK;HARD;1;PROCS OK: 81 processes with STATE = RSZDT
[1542738600] CURRENT SERVICE STATE: router1;check-host-alive;OK;HARD;1;PING OK - Packet loss = 0%, RTA = 0.66 ms
[1542738600] CURRENT SERVICE STATE: router2;check-host-alive;OK;HARD;1;PING OK - Packet loss = 0%, RTA = 0.80 ms
[1542738600] CURRENT SERVICE STATE: router3;check-host-alive;OK;HARD;1;PING OK - Packet loss = 0%, RTA = 0.75 ms
[1542740931] Auto-save of retention data completed successfully.
[1542744531] Auto-save of retention data completed successfully.
[1542748131] Auto-save of retention data completed successfully.
[1542751731] Auto-save of retention data completed successfully.
[1542755331] Auto-save of retention data completed successfully.
[1542758931] Auto-save of retention data completed successfully.
[1542762531] Auto-save of retention data completed successfully.
[1542766131] Auto-save of retention data completed successfully.
[1542769731] Auto-save of retention data completed successfully.
[1542773331] Auto-save of retention data completed successfully.
[1542776931] Auto-save of retention data completed successfully.
[1542780531] Auto-save of retention data completed successfully.
[1542784131] Auto-save of retention data completed successfully.
[1542787731] Auto-save of retention data completed successfully.
[1542791331] Auto-save of retention data completed successfully.
[1542794931] Auto-save of retention data completed successfully.
[1542798531] Auto-save of retention data completed successfully.
[1542802131] Auto-save of retention data completed successfully.
[1542805731] Auto-save of retention data completed successfully.
[1542809331] Auto-save of retention data completed successfully.
[1542812931] Auto-save of retention data completed successfully.
[1542816531] Auto-save of retention data completed successfully.
[1542820131] Auto-save of retention data completed successfully.
[1542823731] Auto-save of retention data completed successfully.
