[1584556200] LOG ROTATION: DAILY
[1584556200] LOG VERSION: 2.0
[1584556200] CURRENT HOST STATE: AP_Main_Bldg;UP;HARD;1;PING OK - Packet loss = 0%, RTA = 0.76 ms
[1584556200] CURRENT HOST STATE: Director_Bldg;UP;HARD;1;PING OK - Packet loss = 0%, RTA = 0.60 ms
[1584556200] CURRENT HOST STATE: Director_Resident;UP;HARD;1;PING OK - Packet loss = 0%, RTA = 0.68 ms
[1584556200] CURRENT HOST STATE: esxi01;UP;HARD;1;PING OK - Packet loss = 0%, RTA = 0.37 ms
[1584556200] CURRENT HOST STATE: esxi02;UP;HARD;1;PING OK - Packet loss = 0%, RTA = 0.66 ms
[1584556200] CURRENT HOST STATE: esxi03;UP;HARD;1;PING OK - Packet loss = 0%, RTA = 0.37 ms
[1584556200] CURRENT HOST STATE: esxi04;UP;HARD;1;PING OK - Packet loss = 0%, RTA = 0.45 ms
[1584556200] CURRENT HOST STATE: esxi05;UP;HARD;1;PING OK - Packet loss = 0%, RTA = 0.49 ms
[1584556200] CURRENT HOST STATE: esxi06;UP;HARD;1;PING OK - Packet loss = 0%, RTA = 0.37 ms
[1584556200] CURRENT HOST STATE: esxi07;UP;HARD;1;PING OK - Packet loss = 0%, RTA = 0.56 ms
[1584556200] CURRENT HOST STATE: esxi08;UP;HARD;1;PING OK - Packet loss = 0%, RTA = 0.35 ms
[1584556200] CURRENT HOST STATE: esxi09;UP;HARD;1;PING OK - Packet loss = 0%, RTA = 0.37 ms
[1584556200] CURRENT HOST STATE: localhost;UP;HARD;1;PING OK - Packet loss = 0%, RTA = 0.06 ms
[1584556200] CURRENT HOST STATE: vmware10gswitch;UP;HARD;1;PING OK - Packet loss = 0%, RTA = 1.33 ms
[1584556200] CURRENT HOST STATE: vmwaremgmtswitch;UP;HARD;1;PING OK - Packet loss = 0%, RTA = 4.07 ms
[1584556200] CURRENT SERVICE STATE: AP_Main_Bldg;check-host-alive;OK;HARD;1;PING OK - Packet loss = 0%, RTA = 0.97 ms
[1584556200] CURRENT SERVICE STATE: Director_Bldg;check-host-alive;OK;HARD;1;PING OK - Packet loss = 0%, RTA = 0.58 ms
[1584556200] CURRENT SERVICE STATE: Director_Resident;check-host-alive;OK;HARD;1;PING OK - Packet loss = 0%, RTA = 0.62 ms
[1584556200] CURRENT SERVICE STATE: esxi01;ESXi Hardware Check;OK;HARD;1;OK - Server: Cisco Systems Inc UCSC-C220-M4S s/n: FCH22157EQH Chassis S/N: FCH2216V0WN  System BIOS: C220M4.3.0.4a.0.0226182253 2018-02-26
[1584556200] CURRENT SERVICE STATE: esxi01;PING;OK;HARD;1;PING OK - Packet loss = 0%, RTA = 0.43 ms
[1584556200] CURRENT SERVICE STATE: esxi02;ESXi Hardware Check;OK;HARD;1;OK - Server: Cisco Systems Inc UCSC-C220-M4S s/n: FCH22157E1D Chassis S/N: FCH2216V0Y6  System BIOS: C220M4.3.0.4a.0.0226182253 2018-02-26
[1584556200] CURRENT SERVICE STATE: esxi02;PING;OK;HARD;1;PING OK - Packet loss = 0%, RTA = 0.42 ms
[1584556200] CURRENT SERVICE STATE: esxi03;ESXi Hardware Check;OK;HARD;1;OK - Server: Cisco Systems Inc UCSC-C220-M4S s/n: FCH22157ESB Chassis S/N: FCH2216V0TW  System BIOS: C220M4.3.0.4a.0.0226182253 2018-02-26
[1584556200] CURRENT SERVICE STATE: esxi03;PING;OK;HARD;1;PING OK - Packet loss = 0%, RTA = 0.40 ms
[1584556200] CURRENT SERVICE STATE: esxi04;ESXi Hardware Check;OK;HARD;1;OK - Server: Cisco Systems Inc UCSC-C220-M4S s/n: FCH22137QKB Chassis S/N: FCH2216V0YZ  System BIOS: C220M4.3.0.4a.0.0226182253 2018-02-26
[1584556200] CURRENT SERVICE STATE: esxi04;PING;OK;HARD;1;PING OK - Packet loss = 0%, RTA = 0.42 ms
[1584556200] CURRENT SERVICE STATE: esxi05;ESXi Hardware Check;OK;HARD;1;OK - Server: Cisco Systems Inc UCSC-C220-M4S s/n: FCH22157EPD Chassis S/N: FCH2216V0Z0  System BIOS: C220M4.3.0.4a.0.0226182253 2018-02-26
[1584556200] CURRENT SERVICE STATE: esxi05;PING;OK;HARD;1;PING OK - Packet loss = 0%, RTA = 0.46 ms
[1584556200] CURRENT SERVICE STATE: esxi06;ESXi Haradware Check;OK;HARD;1;OK - Server: Cisco Systems Inc UCSC-C220-M4S s/n: FCH22157ERW Chassis S/N: FCH2216V0X8  System BIOS: C220M4.3.0.4a.0.0226182253 2018-02-26
[1584556200] CURRENT SERVICE STATE: esxi06;PING;OK;HARD;1;PING OK - Packet loss = 0%, RTA = 0.35 ms
[1584556200] CURRENT SERVICE STATE: esxi07;ESXi Hardware Check;OK;HARD;1;OK - Server: Cisco Systems Inc UCSC-C220-M4S s/n: FCH22157EV7 Chassis S/N: FCH2216V0Y8  System BIOS: C220M4.3.0.4a.0.0226182253 2018-02-26
[1584556200] CURRENT SERVICE STATE: esxi07;PING;OK;HARD;1;PING OK - Packet loss = 0%, RTA = 0.46 ms
[1584556200] CURRENT SERVICE STATE: esxi08;ESXi Hardware Check;OK;HARD;1;OK - Server: Cisco Systems Inc UCSC-C220-M4S s/n: FCH22137QJN Chassis S/N: FCH2216V0YV  System BIOS: C220M4.3.0.4a.0.0226182253 2018-02-26
[1584556200] CURRENT SERVICE STATE: esxi08;PING;OK;HARD;1;PING OK - Packet loss = 0%, RTA = 0.43 ms
[1584556200] CURRENT SERVICE STATE: esxi09;ESXi Hardware Check;OK;HARD;1;OK - Server: Cisco Systems Inc UCSC-C220-M4S s/n: FCH22157ERY Chassis S/N: FCH2216V0YN  System BIOS: C220M4.3.0.4a.0.0226182253 2018-02-26
[1584556200] CURRENT SERVICE STATE: esxi09;PING;OK;HARD;1;PING OK - Packet loss = 0%, RTA = 0.44 ms
[1584556200] CURRENT SERVICE STATE: localhost;Current Load;OK;HARD;1;OK - load average: 0.01, 0.03, 0.05
[1584556200] CURRENT SERVICE STATE: localhost;Current Users;OK;HARD;1;USERS OK - 0 users currently logged in
[1584556200] CURRENT SERVICE STATE: localhost;PING;OK;HARD;1;PING OK - Packet loss = 0%, RTA = 0.04 ms
[1584556200] CURRENT SERVICE STATE: localhost;Root Partition;OK;HARD;1;DISK OK - free space: / 42830 MB (83.69% inode=99%):
[1584556200] CURRENT SERVICE STATE: localhost;SSH;OK;HARD;1;SSH OK - OpenSSH_7.4 (protocol 2.0)
[1584556200] CURRENT SERVICE STATE: localhost;Swap Usage;OK;HARD;1;SWAP OK - 100% free (3967 MB out of 3967 MB)
[1584556200] CURRENT SERVICE STATE: localhost;Total Processes;OK;HARD;1;PROCS OK: 83 processes with STATE = RSZDT
[1584556200] CURRENT SERVICE STATE: vmware10gswitch;check-host-alive;OK;HARD;1;PING OK - Packet loss = 0%, RTA = 1.39 ms
[1584556200] CURRENT SERVICE STATE: vmwaremgmtswitch;check-host-alive;OK;HARD;1;PING OK - Packet loss = 0%, RTA = 0.82 ms
[1584558485] Auto-save of retention data completed successfully.
[1584562085] Auto-save of retention data completed successfully.
[1584565685] Auto-save of retention data completed successfully.
[1584569285] Auto-save of retention data completed successfully.
[1584572885] Auto-save of retention data completed successfully.
[1584576485] Auto-save of retention data completed successfully.
[1584580085] Auto-save of retention data completed successfully.
[1584583685] Auto-save of retention data completed successfully.
[1584587285] Auto-save of retention data completed successfully.
[1584590885] Auto-save of retention data completed successfully.
[1584594485] Auto-save of retention data completed successfully.
[1584598085] Auto-save of retention data completed successfully.
[1584601685] Auto-save of retention data completed successfully.
[1584605285] Auto-save of retention data completed successfully.
[1584608885] Auto-save of retention data completed successfully.
[1584612485] Auto-save of retention data completed successfully.
[1584616085] Auto-save of retention data completed successfully.
[1584619685] Auto-save of retention data completed successfully.
[1584623285] Auto-save of retention data completed successfully.
[1584626885] Auto-save of retention data completed successfully.
[1584630485] Auto-save of retention data completed successfully.
[1584634085] Auto-save of retention data completed successfully.
[1584637685] Auto-save of retention data completed successfully.
[1584638455] wproc: Core Worker 22689: job 277914 (pid=30835) timed out. Killing it
[1584638455] wproc: CHECK job 277914 from worker Core Worker 22689 timed out after 60.00s
[1584638455] wproc:   host=esxi04; service=ESXi Hardware Check;
[1584638455] wproc:   early_timeout=1; exited_ok=0; wait_status=0; error_code=62;
[1584638455] Warning: Check of service 'ESXi Hardware Check' on host 'esxi04' timed out after 60.005s!
[1584638455] SERVICE ALERT: esxi04;ESXi Hardware Check;CRITICAL;SOFT;1;(Service check timed out after 60.00 seconds)
[1584638455] wproc: Core Worker 22689: job 277914 (pid=30835): Dormant child reaped
[1584638635] wproc: Core Worker 22691: job 277920 (pid=31047) timed out. Killing it
[1584638635] wproc: CHECK job 277920 from worker Core Worker 22691 timed out after 60.04s
[1584638635] wproc:   host=esxi04; service=ESXi Hardware Check;
[1584638635] wproc:   early_timeout=1; exited_ok=0; wait_status=0; error_code=62;
[1584638635] Warning: Check of service 'ESXi Hardware Check' on host 'esxi04' timed out after 60.043s!
[1584638635] SERVICE ALERT: esxi04;ESXi Hardware Check;CRITICAL;SOFT;2;(Service check timed out after 60.04 seconds)
[1584638635] wproc: Core Worker 22691: job 277920 (pid=31047): Dormant child reaped
[1584638815] wproc: Core Worker 22689: job 277925 (pid=31243) timed out. Killing it
[1584638815] wproc: CHECK job 277925 from worker Core Worker 22689 timed out after 60.01s
[1584638815] wproc:   host=esxi04; service=ESXi Hardware Check;
[1584638815] wproc:   early_timeout=1; exited_ok=0; wait_status=0; error_code=62;
[1584638815] Warning: Check of service 'ESXi Hardware Check' on host 'esxi04' timed out after 60.005s!
[1584638815] SERVICE NOTIFICATION: nagiosadmin;esxi04;ESXi Hardware Check;CRITICAL;notify-service-by-email;(Service check timed out after 60.01 seconds)
[1584638815] SERVICE ALERT: esxi04;ESXi Hardware Check;CRITICAL;HARD;3;(Service check timed out after 60.01 seconds)
[1584638815] wproc: Core Worker 22689: job 277925 (pid=31243): Dormant child reaped
[1584639475] wproc: Core Worker 22690: job 277945 (pid=31809) timed out. Killing it
[1584639475] wproc: CHECK job 277945 from worker Core Worker 22690 timed out after 60.02s
[1584639475] wproc:   host=esxi04; service=ESXi Hardware Check;
[1584639475] wproc:   early_timeout=1; exited_ok=0; wait_status=0; error_code=62;
[1584639475] Warning: Check of service 'ESXi Hardware Check' on host 'esxi04' timed out after 60.023s!
[1584639475] wproc: Core Worker 22690: job 277945 (pid=31809): Dormant child reaped
[1584640075] wproc: Core Worker 22690: job 277964 (pid=32319) timed out. Killing it
[1584640075] wproc: CHECK job 277964 from worker Core Worker 22690 timed out after 60.02s
[1584640075] wproc:   host=esxi04; service=ESXi Hardware Check;
[1584640075] wproc:   early_timeout=1; exited_ok=0; wait_status=0; error_code=62;
[1584640075] Warning: Check of service 'ESXi Hardware Check' on host 'esxi04' timed out after 60.023s!
[1584640075] wproc: Core Worker 22690: job 277964 (pid=32319): Dormant child reaped
[1584640675] wproc: Core Worker 22690: job 277983 (pid=364) timed out. Killing it
[1584640675] wproc: CHECK job 277983 from worker Core Worker 22690 timed out after 60.01s
[1584640675] wproc:   host=esxi04; service=ESXi Hardware Check;
[1584640675] wproc:   early_timeout=1; exited_ok=0; wait_status=0; error_code=62;
[1584640675] Warning: Check of service 'ESXi Hardware Check' on host 'esxi04' timed out after 60.008s!
[1584640675] wproc: Core Worker 22690: job 277983 (pid=364): Dormant child reaped
[1584641275] wproc: Core Worker 22690: job 278002 (pid=1012) timed out. Killing it
[1584641275] wproc: CHECK job 278002 from worker Core Worker 22690 timed out after 60.01s
[1584641275] wproc:   host=esxi04; service=ESXi Hardware Check;
[1584641275] wproc:   early_timeout=1; exited_ok=0; wait_status=0; error_code=62;
[1584641275] Warning: Check of service 'ESXi Hardware Check' on host 'esxi04' timed out after 60.008s!
[1584641275] wproc: Core Worker 22690: job 278002 (pid=1012): Dormant child reaped
[1584641285] Auto-save of retention data completed successfully.
[1584641875] wproc: Core Worker 22690: job 278021 (pid=1538) timed out. Killing it
[1584641875] wproc: CHECK job 278021 from worker Core Worker 22690 timed out after 60.02s
[1584641875] wproc:   host=esxi04; service=ESXi Hardware Check;
[1584641875] wproc:   early_timeout=1; exited_ok=0; wait_status=0; error_code=62;
[1584641875] Warning: Check of service 'ESXi Hardware Check' on host 'esxi04' timed out after 60.023s!
[1584641875] wproc: Core Worker 22690: job 278021 (pid=1538): Dormant child reaped
[1584642475] wproc: Core Worker 22690: job 278040 (pid=2071) timed out. Killing it
[1584642475] wproc: CHECK job 278040 from worker Core Worker 22690 timed out after 60.01s
[1584642475] wproc:   host=esxi04; service=ESXi Hardware Check;
[1584642475] wproc:   early_timeout=1; exited_ok=0; wait_status=0; error_code=62;
[1584642475] Warning: Check of service 'ESXi Hardware Check' on host 'esxi04' timed out after 60.009s!
[1584642475] SERVICE NOTIFICATION: nagiosadmin;esxi04;ESXi Hardware Check;CRITICAL;notify-service-by-email;(Service check timed out after 60.01 seconds)
[1584642475] wproc: Core Worker 22690: job 278040 (pid=2071): Dormant child reaped
