[1565893800] LOG ROTATION: DAILY
[1565893800] LOG VERSION: 2.0
[1565893800] CURRENT HOST STATE: AP_Main_Bldg;UP;HARD;1;PING OK - Packet loss = 0%, RTA = 0.70 ms
[1565893800] CURRENT HOST STATE: Director_Bldg;UP;HARD;1;PING OK - Packet loss = 0%, RTA = 0.62 ms
[1565893800] CURRENT HOST STATE: Director_Resident;UP;HARD;1;PING OK - Packet loss = 0%, RTA = 0.91 ms
[1565893800] CURRENT HOST STATE: esxi01;UP;HARD;1;PING OK - Packet loss = 0%, RTA = 0.52 ms
[1565893800] CURRENT HOST STATE: esxi02;UP;HARD;1;PING OK - Packet loss = 0%, RTA = 0.44 ms
[1565893800] CURRENT HOST STATE: esxi03;UP;HARD;1;PING OK - Packet loss = 0%, RTA = 0.57 ms
[1565893800] CURRENT HOST STATE: esxi04;UP;HARD;1;PING OK - Packet loss = 0%, RTA = 0.31 ms
[1565893800] CURRENT HOST STATE: esxi05;UP;HARD;1;PING OK - Packet loss = 0%, RTA = 0.32 ms
[1565893800] CURRENT HOST STATE: esxi06;UP;HARD;1;PING OK - Packet loss = 0%, RTA = 0.83 ms
[1565893800] CURRENT HOST STATE: esxi07;UP;HARD;1;PING OK - Packet loss = 0%, RTA = 0.51 ms
[1565893800] CURRENT HOST STATE: esxi08;UP;HARD;1;PING OK - Packet loss = 0%, RTA = 0.41 ms
[1565893800] CURRENT HOST STATE: esxi09;UP;HARD;1;PING OK - Packet loss = 0%, RTA = 0.35 ms
[1565893800] CURRENT HOST STATE: localhost;UP;HARD;1;PING OK - Packet loss = 0%, RTA = 0.05 ms
[1565893800] CURRENT HOST STATE: vmware10gswitch;UP;HARD;1;PING OK - Packet loss = 0%, RTA = 1.34 ms
[1565893800] CURRENT HOST STATE: vmwaremgmtswitch;UP;HARD;1;PING OK - Packet loss = 0%, RTA = 0.88 ms
[1565893800] CURRENT SERVICE STATE: AP_Main_Bldg;check-host-alive;OK;HARD;1;PING OK - Packet loss = 0%, RTA = 4.73 ms
[1565893800] CURRENT SERVICE STATE: Director_Bldg;check-host-alive;OK;HARD;1;PING OK - Packet loss = 0%, RTA = 5.65 ms
[1565893800] CURRENT SERVICE STATE: Director_Resident;check-host-alive;OK;HARD;1;PING OK - Packet loss = 0%, RTA = 5.06 ms
[1565893800] CURRENT SERVICE STATE: esxi01;ESXi Hardware Check;OK;HARD;1;OK - Server: Cisco Systems Inc UCSC-C220-M4S s/n: FCH22157EQH Chassis S/N: FCH2216V0WN  System BIOS: C220M4.3.0.4a.0.0226182253 2018-02-26
[1565893800] CURRENT SERVICE STATE: esxi01;PING;OK;HARD;1;PING OK - Packet loss = 0%, RTA = 0.53 ms
[1565893800] CURRENT SERVICE STATE: esxi02;ESXi Hardware Check;OK;HARD;1;OK - Server: Cisco Systems Inc UCSC-C220-M4S s/n: FCH22157E1D Chassis S/N: FCH2216V0Y6  System BIOS: C220M4.3.0.4a.0.0226182253 2018-02-26
[1565893800] CURRENT SERVICE STATE: esxi02;PING;OK;HARD;1;PING OK - Packet loss = 0%, RTA = 0.46 ms
[1565893800] CURRENT SERVICE STATE: esxi03;ESXi Hardware Check;OK;HARD;1;OK - Server: Cisco Systems Inc UCSC-C220-M4S s/n: FCH22157ESB Chassis S/N: FCH2216V0TW  System BIOS: C220M4.3.0.4a.0.0226182253 2018-02-26
[1565893800] CURRENT SERVICE STATE: esxi03;PING;OK;HARD;1;PING OK - Packet loss = 0%, RTA = 0.45 ms
[1565893800] CURRENT SERVICE STATE: esxi04;ESXi Hardware Check;OK;HARD;1;OK - Server: Cisco Systems Inc UCSC-C220-M4S s/n: FCH22137QKB Chassis S/N: FCH2216V0YZ  System BIOS: C220M4.3.0.4a.0.0226182253 2018-02-26
[1565893800] CURRENT SERVICE STATE: esxi04;PING;OK;HARD;1;PING OK - Packet loss = 0%, RTA = 0.45 ms
[1565893800] CURRENT SERVICE STATE: esxi05;ESXi Hardware Check;OK;HARD;1;OK - Server: Cisco Systems Inc UCSC-C220-M4S s/n: FCH22157EPD Chassis S/N: FCH2216V0Z0  System BIOS: C220M4.3.0.4a.0.0226182253 2018-02-26
[1565893800] CURRENT SERVICE STATE: esxi05;PING;OK;HARD;1;PING OK - Packet loss = 0%, RTA = 0.62 ms
[1565893800] CURRENT SERVICE STATE: esxi06;ESXi Haradware Check;OK;HARD;1;OK - Server: Cisco Systems Inc UCSC-C220-M4S s/n: FCH22157ERW Chassis S/N: FCH2216V0X8  System BIOS: C220M4.3.0.4a.0.0226182253 2018-02-26
[1565893800] CURRENT SERVICE STATE: esxi06;PING;OK;HARD;1;PING OK - Packet loss = 0%, RTA = 0.47 ms
[1565893800] CURRENT SERVICE STATE: esxi07;ESXi Hardware Check;OK;HARD;1;OK - Server: Cisco Systems Inc UCSC-C220-M4S s/n: FCH22157EV7 Chassis S/N: FCH2216V0Y8  System BIOS: C220M4.3.0.4a.0.0226182253 2018-02-26
[1565893800] CURRENT SERVICE STATE: esxi07;PING;OK;HARD;1;PING OK - Packet loss = 0%, RTA = 0.52 ms
[1565893800] CURRENT SERVICE STATE: esxi08;ESXi Hardware Check;OK;HARD;1;OK - Server: Cisco Systems Inc UCSC-C220-M4S s/n: FCH22137QJN Chassis S/N: FCH2216V0YV  System BIOS: C220M4.3.0.4a.0.0226182253 2018-02-26
[1565893800] CURRENT SERVICE STATE: esxi08;PING;OK;HARD;1;PING OK - Packet loss = 0%, RTA = 0.38 ms
[1565893800] CURRENT SERVICE STATE: esxi09;ESXi Hardware Check;OK;HARD;1;OK - Server: Cisco Systems Inc UCSC-C220-M4S s/n: FCH22157ERY Chassis S/N: FCH2216V0YN  System BIOS: C220M4.3.0.4a.0.0226182253 2018-02-26
[1565893800] CURRENT SERVICE STATE: esxi09;PING;OK;HARD;1;PING OK - Packet loss = 0%, RTA = 0.54 ms
[1565893800] CURRENT SERVICE STATE: localhost;Current Load;OK;HARD;1;OK - load average: 0.01, 0.02, 0.05
[1565893800] CURRENT SERVICE STATE: localhost;Current Users;OK;HARD;1;USERS OK - 3 users currently logged in
[1565893800] CURRENT SERVICE STATE: localhost;PING;OK;HARD;1;PING OK - Packet loss = 0%, RTA = 0.05 ms
[1565893800] CURRENT SERVICE STATE: localhost;Root Partition;OK;HARD;1;DISK OK - free space: / 43086 MB (84.19% inode=99%):
[1565893800] CURRENT SERVICE STATE: localhost;SSH;OK;HARD;1;SSH OK - OpenSSH_7.4 (protocol 2.0)
[1565893800] CURRENT SERVICE STATE: localhost;Swap Usage;OK;HARD;1;SWAP OK - 100% free (3950 MB out of 3967 MB)
[1565893800] CURRENT SERVICE STATE: localhost;Total Processes;OK;HARD;1;PROCS OK: 89 processes with STATE = RSZDT
[1565893800] CURRENT SERVICE STATE: vmware10gswitch;check-host-alive;OK;HARD;1;PING OK - Packet loss = 0%, RTA = 1.48 ms
[1565893800] CURRENT SERVICE STATE: vmwaremgmtswitch;check-host-alive;OK;HARD;1;PING OK - Packet loss = 0%, RTA = 5.51 ms
[1565897259] Auto-save of retention data completed successfully.
[1565900859] Auto-save of retention data completed successfully.
[1565904459] Auto-save of retention data completed successfully.
[1565908059] Auto-save of retention data completed successfully.
[1565911659] Auto-save of retention data completed successfully.
[1565915259] Auto-save of retention data completed successfully.
[1565918859] Auto-save of retention data completed successfully.
[1565922459] Auto-save of retention data completed successfully.
[1565926059] Auto-save of retention data completed successfully.
[1565929659] Auto-save of retention data completed successfully.
[1565933259] Auto-save of retention data completed successfully.
[1565935307] SERVICE ALERT: esxi04;PING;WARNING;SOFT;1;PING WARNING - Packet loss = 20%, RTA = 0.57 ms
[1565935371] SERVICE ALERT: esxi04;PING;OK;SOFT;2;PING OK - Packet loss = 0%, RTA = 0.39 ms
[1565936859] Auto-save of retention data completed successfully.
[1565938606] SERVICE ALERT: esxi03;PING;WARNING;SOFT;1;PING WARNING - Packet loss = 20%, RTA = 0.36 ms
[1565938670] SERVICE ALERT: esxi03;PING;OK;SOFT;2;PING OK - Packet loss = 0%, RTA = 0.42 ms
[1565939036] SERVICE ALERT: esxi04;PING;WARNING;SOFT;1;PING WARNING - Packet loss = 20%, RTA = 0.55 ms
[1565939100] SERVICE ALERT: esxi04;PING;OK;SOFT;2;PING OK - Packet loss = 0%, RTA = 0.45 ms
[1565940459] Auto-save of retention data completed successfully.
[1565940541] SERVICE ALERT: esxi01;PING;CRITICAL;SOFT;1;PING CRITICAL - Packet loss = 60%, RTA = 0.38 ms
[1565940605] SERVICE ALERT: esxi01;PING;OK;SOFT;2;PING OK - Packet loss = 0%, RTA = 0.49 ms
[1565944059] Auto-save of retention data completed successfully.
[1565944135] SERVICE ALERT: esxi03;PING;WARNING;SOFT;1;PING WARNING - Packet loss = 20%, RTA = 0.42 ms
[1565944199] SERVICE ALERT: esxi03;PING;OK;SOFT;2;PING OK - Packet loss = 0%, RTA = 0.51 ms
[1565944564] SERVICE ALERT: esxi03;PING;WARNING;SOFT;1;PING WARNING - Packet loss = 20%, RTA = 0.38 ms
[1565944628] SERVICE ALERT: esxi03;PING;OK;SOFT;2;PING OK - Packet loss = 0%, RTA = 0.46 ms
[1565947659] Auto-save of retention data completed successfully.
[1565950393] SERVICE ALERT: esxi03;PING;WARNING;SOFT;1;PING WARNING - Packet loss = 20%, RTA = 0.47 ms
[1565950457] SERVICE ALERT: esxi03;PING;OK;SOFT;2;PING OK - Packet loss = 0%, RTA = 0.43 ms
[1565951259] Auto-save of retention data completed successfully.
[1565952322] SERVICE ALERT: esxi03;PING;WARNING;SOFT;1;PING WARNING - Packet loss = 20%, RTA = 0.38 ms
[1565952386] SERVICE ALERT: esxi03;PING;OK;SOFT;2;PING OK - Packet loss = 0%, RTA = 0.41 ms
[1565954859] Auto-save of retention data completed successfully.
[1565958459] Auto-save of retention data completed successfully.
[1565958751] SERVICE ALERT: esxi03;PING;WARNING;SOFT;1;PING WARNING - Packet loss = 20%, RTA = 0.43 ms
[1565958815] SERVICE ALERT: esxi03;PING;OK;SOFT;2;PING OK - Packet loss = 0%, RTA = 0.41 ms
[1565961370] SERVICE ALERT: esxi01;PING;WARNING;SOFT;1;PING WARNING - Packet loss = 20%, RTA = 0.49 ms
[1565961434] SERVICE ALERT: esxi01;PING;OK;SOFT;2;PING OK - Packet loss = 0%, RTA = 0.44 ms
[1565962059] Auto-save of retention data completed successfully.
[1565965659] Auto-save of retention data completed successfully.
[1565968180] SERVICE ALERT: esxi03;PING;WARNING;SOFT;1;PING WARNING - Packet loss = 20%, RTA = 0.37 ms
[1565968244] SERVICE ALERT: esxi03;PING;OK;SOFT;2;PING OK - Packet loss = 0%, RTA = 0.50 ms
[1565969259] Auto-save of retention data completed successfully.
[1565972859] Auto-save of retention data completed successfully.
[1565976459] Auto-save of retention data completed successfully.
[1565980059] Auto-save of retention data completed successfully.
