[1649788200] LOG ROTATION: DAILY
[1649788200] LOG VERSION: 2.0
[1649788200] CURRENT HOST STATE: AP_Main_Bldg;DOWN;HARD;10;CRITICAL - Host Unreachable (10.3.1.25)
[1649788200] CURRENT HOST STATE: Director_Bldg;UP;HARD;1;PING OK - Packet loss = 0%, RTA = 0.66 ms
[1649788200] CURRENT HOST STATE: Director_Resident;UP;HARD;1;PING OK - Packet loss = 0%, RTA = 0.38 ms
[1649788200] CURRENT HOST STATE: Switch_29;UP;HARD;1;PING OK - Packet loss = 0%, RTA = 2.79 ms
[1649788200] CURRENT HOST STATE: Switch_30;UP;HARD;1;PING OK - Packet loss = 0%, RTA = 3.46 ms
[1649788200] CURRENT HOST STATE: Switch_31;UP;HARD;1;PING OK - Packet loss = 0%, RTA = 1.92 ms
[1649788200] CURRENT HOST STATE: Switch_32;UP;HARD;1;PING OK - Packet loss = 0%, RTA = 1.78 ms
[1649788200] CURRENT HOST STATE: Switch_33;UP;HARD;1;PING OK - Packet loss = 0%, RTA = 16.08 ms
[1649788200] CURRENT HOST STATE: Switch_34;UP;HARD;1;PING OK - Packet loss = 0%, RTA = 4.94 ms
[1649788200] CURRENT HOST STATE: esxi01;UP;HARD;1;PING OK - Packet loss = 0%, RTA = 0.70 ms
[1649788200] CURRENT HOST STATE: esxi02;UP;HARD;1;PING OK - Packet loss = 0%, RTA = 0.46 ms
[1649788200] CURRENT HOST STATE: esxi03;UP;HARD;1;PING OK - Packet loss = 0%, RTA = 0.46 ms
[1649788200] CURRENT HOST STATE: esxi04;UP;HARD;1;PING OK - Packet loss = 0%, RTA = 0.48 ms
[1649788200] CURRENT HOST STATE: esxi05;UP;HARD;1;PING OK - Packet loss = 0%, RTA = 0.55 ms
[1649788200] CURRENT HOST STATE: esxi06;UP;HARD;1;PING OK - Packet loss = 0%, RTA = 0.51 ms
[1649788200] CURRENT HOST STATE: esxi07;UP;HARD;1;PING OK - Packet loss = 0%, RTA = 0.47 ms
[1649788200] CURRENT HOST STATE: esxi08;UP;HARD;1;PING OK - Packet loss = 0%, RTA = 0.55 ms
[1649788200] CURRENT HOST STATE: esxi09;UP;HARD;1;PING OK - Packet loss = 0%, RTA = 0.52 ms
[1649788200] CURRENT HOST STATE: localhost;UP;HARD;1;PING OK - Packet loss = 0%, RTA = 0.04 ms
[1649788200] CURRENT HOST STATE: vmware10gswitch;UP;HARD;1;PING OK - Packet loss = 0%, RTA = 1.36 ms
[1649788200] CURRENT HOST STATE: vmwaremgmtswitch;UP;HARD;1;PING OK - Packet loss = 0%, RTA = 4.40 ms
[1649788200] CURRENT SERVICE STATE: AP_Main_Bldg;check-host-alive;CRITICAL;HARD;3;CRITICAL - Host Unreachable (10.3.1.25)
[1649788200] CURRENT SERVICE STATE: Director_Bldg;check-host-alive;OK;HARD;1;PING OK - Packet loss = 0%, RTA = 0.54 ms
[1649788200] CURRENT SERVICE STATE: Director_Resident;check-host-alive;OK;HARD;1;PING OK - Packet loss = 0%, RTA = 0.33 ms
[1649788200] CURRENT SERVICE STATE: Switch_29;check-host-alive;OK;HARD;1;PING OK - Packet loss = 0%, RTA = 3.04 ms
[1649788200] CURRENT SERVICE STATE: Switch_30;check-host-alive;OK;HARD;1;PING OK - Packet loss = 0%, RTA = 1.47 ms
[1649788200] CURRENT SERVICE STATE: Switch_31;check-host-alive;OK;HARD;1;PING OK - Packet loss = 0%, RTA = 1.65 ms
[1649788200] CURRENT SERVICE STATE: Switch_32;check-host-alive;OK;HARD;1;PING OK - Packet loss = 0%, RTA = 7.87 ms
[1649788200] CURRENT SERVICE STATE: Switch_33;check-host-alive;OK;HARD;1;PING OK - Packet loss = 0%, RTA = 0.76 ms
[1649788200] CURRENT SERVICE STATE: Switch_34;check-host-alive;OK;HARD;1;PING OK - Packet loss = 0%, RTA = 0.77 ms
[1649788200] CURRENT SERVICE STATE: esxi01;ESXi Hardware Check;UNKNOWN;HARD;3;UNKNOWN:
[1649788200] CURRENT SERVICE STATE: esxi01;PING;OK;HARD;1;PING OK - Packet loss = 0%, RTA = 0.45 ms
[1649788200] CURRENT SERVICE STATE: esxi02;ESXi Hardware Check;OK;HARD;1;OK - Server: Cisco Systems Inc UCSC-C220-M4S s/n: FCH22157E1D Chassis S/N: FCH2216V0Y6  System BIOS: C220M4.3.0.4a.0.0226182253 2018-02-26
[1649788200] CURRENT SERVICE STATE: esxi02;PING;OK;HARD;1;PING OK - Packet loss = 0%, RTA = 0.51 ms
[1649788200] CURRENT SERVICE STATE: esxi03;ESXi Hardware Check;OK;HARD;1;OK - Server: Cisco Systems Inc UCSC-C220-M4S s/n: FCH22157ESB Chassis S/N: FCH2216V0TW  System BIOS: C220M4.4.1.2c.0.0202211901 2021-02-02
[1649788200] CURRENT SERVICE STATE: esxi03;PING;OK;HARD;1;PING OK - Packet loss = 0%, RTA = 0.50 ms
[1649788200] CURRENT SERVICE STATE: esxi04;ESXi Hardware Check;OK;HARD;1;OK - Server: Cisco Systems Inc UCSC-C220-M4S s/n: FCH22137QKB Chassis S/N: FCH2216V0YZ  System BIOS: C220M4.3.0.4a.0.0226182253 2018-02-26
[1649788200] CURRENT SERVICE STATE: esxi04;PING;OK;HARD;1;PING OK - Packet loss = 0%, RTA = 0.59 ms
[1649788200] CURRENT SERVICE STATE: esxi05;ESXi Hardware Check;UNKNOWN;HARD;3;UNKNOWN:
[1649788200] CURRENT SERVICE STATE: esxi05;PING;OK;HARD;1;PING OK - Packet loss = 0%, RTA = 0.51 ms
[1649788200] CURRENT SERVICE STATE: esxi06;ESXi Haradware Check;UNKNOWN;HARD;3;UNKNOWN:
[1649788200] CURRENT SERVICE STATE: esxi06;PING;OK;HARD;1;PING OK - Packet loss = 0%, RTA = 0.58 ms
[1649788200] CURRENT SERVICE STATE: esxi07;ESXi Hardware Check;OK;HARD;1;OK - Server: Cisco Systems Inc UCSC-C220-M4S s/n: FCH22157EV7 Chassis S/N: FCH2216V0Y8  System BIOS: C220M4.4.1.2c.0.0202211901 2021-02-02
[1649788200] CURRENT SERVICE STATE: esxi07;PING;OK;HARD;1;PING OK - Packet loss = 0%, RTA = 0.53 ms
[1649788200] CURRENT SERVICE STATE: esxi08;ESXi Hardware Check;CRITICAL;HARD;3;(Service check timed out after 60.03 seconds)
[1649788200] CURRENT SERVICE STATE: esxi08;PING;OK;HARD;1;PING OK - Packet loss = 0%, RTA = 0.53 ms
[1649788200] CURRENT SERVICE STATE: esxi09;ESXi Hardware Check;CRITICAL;HARD;3;(Service check timed out after 60.04 seconds)
[1649788200] CURRENT SERVICE STATE: esxi09;PING;OK;HARD;1;PING OK - Packet loss = 0%, RTA = 0.54 ms
[1649788200] CURRENT SERVICE STATE: localhost;Current Load;OK;HARD;1;OK - load average: 0.00, 0.03, 0.00
[1649788200] CURRENT SERVICE STATE: localhost;Current Users;OK;HARD;1;USERS OK - 0 users currently logged in
[1649788200] CURRENT SERVICE STATE: localhost;PING;OK;HARD;1;PING OK - Packet loss = 0%, RTA = 0.06 ms
[1649788200] CURRENT SERVICE STATE: localhost;Root Partition;OK;HARD;1;DISK OK - free space: / 42463 MB (82.97% inode=99%):
[1649788200] CURRENT SERVICE STATE: localhost;SSH;OK;HARD;1;SSH OK - OpenSSH_7.4 (protocol 2.0)
[1649788200] CURRENT SERVICE STATE: localhost;Swap Usage;OK;HARD;1;SWAP OK - 100% free (3967 MB out of 3967 MB)
[1649788200] CURRENT SERVICE STATE: localhost;Total Processes;OK;HARD;1;PROCS OK: 107 processes with STATE = RSZDT
[1649788200] CURRENT SERVICE STATE: vmware10gswitch;check-host-alive;OK;HARD;1;PING OK - Packet loss = 0%, RTA = 1.24 ms
[1649788200] CURRENT SERVICE STATE: vmwaremgmtswitch;check-host-alive;OK;HARD;1;PING OK - Packet loss = 0%, RTA = 0.82 ms
[1649788305] SERVICE NOTIFICATION: nagiosadmin;esxi01;ESXi Hardware Check;UNKNOWN;notify-service-by-email;UNKNOWN:
[1649788397] wproc: Core Worker 1356: job 30406 (pid=24015) timed out. Killing it
[1649788397] wproc: CHECK job 30406 from worker Core Worker 1356 timed out after 60.02s
[1649788397] wproc:   host=esxi08; service=ESXi Hardware Check;
[1649788397] wproc:   early_timeout=1; exited_ok=0; wait_status=0; error_code=62;
[1649788397] Warning: Check of service 'ESXi Hardware Check' on host 'esxi08' timed out after 60.020s!
[1649788397] wproc: Core Worker 1356: job 30406 (pid=24015): Dormant child reaped
[1649788398] wproc: Core Worker 1353: job 30407 (pid=24018) timed out. Killing it
[1649788398] wproc: CHECK job 30407 from worker Core Worker 1353 timed out after 60.04s
[1649788398] wproc:   host=esxi09; service=ESXi Hardware Check;
[1649788398] wproc:   early_timeout=1; exited_ok=0; wait_status=0; error_code=62;
[1649788398] Warning: Check of service 'ESXi Hardware Check' on host 'esxi09' timed out after 60.044s!
[1649788399] wproc: Core Worker 1353: job 30407 (pid=24018): Dormant child reaped
[1649788504] Auto-save of retention data completed successfully.
[1649788997] wproc: Core Worker 1356: job 30429 (pid=24564) timed out. Killing it
[1649788997] wproc: CHECK job 30429 from worker Core Worker 1356 timed out after 60.02s
[1649788997] wproc:   host=esxi08; service=ESXi Hardware Check;
[1649788997] wproc:   early_timeout=1; exited_ok=0; wait_status=0; error_code=62;
[1649788997] Warning: Check of service 'ESXi Hardware Check' on host 'esxi08' timed out after 60.018s!
[1649788997] wproc: Core Worker 1356: job 30429 (pid=24564): Dormant child reaped
[1649788998] wproc: Core Worker 1353: job 30430 (pid=24567) timed out. Killing it
[1649788998] wproc: CHECK job 30430 from worker Core Worker 1353 timed out after 60.02s
[1649788998] wproc:   host=esxi09; service=ESXi Hardware Check;
[1649788998] wproc:   early_timeout=1; exited_ok=0; wait_status=0; error_code=62;
[1649788998] Warning: Check of service 'ESXi Hardware Check' on host 'esxi09' timed out after 60.019s!
[1649788999] wproc: Core Worker 1353: job 30430 (pid=24567): Dormant child reaped
[1649789485] SERVICE NOTIFICATION: nagiosadmin;esxi06;ESXi Haradware Check;UNKNOWN;notify-service-by-email;UNKNOWN:
[1649789597] wproc: Core Worker 1354: job 30452 (pid=25117) timed out. Killing it
[1649789597] wproc: CHECK job 30452 from worker Core Worker 1354 timed out after 60.04s
[1649789597] wproc:   host=esxi08; service=ESXi Hardware Check;
[1649789597] wproc:   early_timeout=1; exited_ok=0; wait_status=0; error_code=62;
[1649789597] Warning: Check of service 'ESXi Hardware Check' on host 'esxi08' timed out after 60.038s!
[1649789597] SERVICE NOTIFICATION: nagiosadmin;esxi08;ESXi Hardware Check;CRITICAL;notify-service-by-email;(Service check timed out after 60.04 seconds)
[1649789597] wproc: Core Worker 1354: job 30452 (pid=25117): Dormant child reaped
[1649789599] wproc: Core Worker 1355: job 30453 (pid=25120) timed out. Killing it
[1649789599] wproc: CHECK job 30453 from worker Core Worker 1355 timed out after 60.03s
[1649789599] wproc:   host=esxi09; service=ESXi Hardware Check;
[1649789599] wproc:   early_timeout=1; exited_ok=0; wait_status=0; error_code=62;
[1649789599] Warning: Check of service 'ESXi Hardware Check' on host 'esxi09' timed out after 60.033s!
[1649789599] SERVICE NOTIFICATION: nagiosadmin;esxi09;ESXi Hardware Check;CRITICAL;notify-service-by-email;(Service check timed out after 60.03 seconds)
[1649789599] wproc: Core Worker 1355: job 30453 (pid=25120): Dormant child reaped
[1649790197] wproc: Core Worker 1355: job 30476 (pid=25674) timed out. Killing it
[1649790197] wproc: CHECK job 30476 from worker Core Worker 1355 timed out after 60.03s
[1649790197] wproc:   host=esxi08; service=ESXi Hardware Check;
[1649790197] wproc:   early_timeout=1; exited_ok=0; wait_status=0; error_code=62;
[1649790197] Warning: Check of service 'ESXi Hardware Check' on host 'esxi08' timed out after 60.026s!
[1649790197] wproc: Core Worker 1355: job 30476 (pid=25674): Dormant child reaped
[1649790198] wproc: Core Worker 1356: job 30476 (pid=25675) timed out. Killing it
[1649790198] wproc: CHECK job 30476 from worker Core Worker 1356 timed out after 60.06s
[1649790198] wproc:   host=esxi09; service=ESXi Hardware Check;
[1649790198] wproc:   early_timeout=1; exited_ok=0; wait_status=0; error_code=62;
[1649790198] Warning: Check of service 'ESXi Hardware Check' on host 'esxi09' timed out after 60.062s!
[1649790198] wproc: Core Worker 1356: job 30476 (pid=25675): Dormant child reaped
[1649790273] SERVICE NOTIFICATION: nagiosadmin;esxi05;ESXi Hardware Check;UNKNOWN;notify-service-by-email;UNKNOWN:
[1649790797] wproc: Core Worker 1356: job 30499 (pid=26225) timed out. Killing it
[1649790797] wproc: CHECK job 30499 from worker Core Worker 1356 timed out after 60.06s
[1649790797] wproc:   host=esxi08; service=ESXi Hardware Check;
[1649790797] wproc:   early_timeout=1; exited_ok=0; wait_status=0; error_code=62;
[1649790797] Warning: Check of service 'ESXi Hardware Check' on host 'esxi08' timed out after 60.065s!
[1649790797] wproc: Core Worker 1356: job 30499 (pid=26225): Dormant child reaped
[1649790798] wproc: Core Worker 1354: job 30499 (pid=26226) timed out. Killing it
[1649790798] wproc: CHECK job 30499 from worker Core Worker 1354 timed out after 60.06s
[1649790798] wproc:   host=esxi09; service=ESXi Hardware Check;
[1649790798] wproc:   early_timeout=1; exited_ok=0; wait_status=0; error_code=62;
[1649790798] Warning: Check of service 'ESXi Hardware Check' on host 'esxi09' timed out after 60.057s!
[1649790798] wproc: Core Worker 1354: job 30499 (pid=26226): Dormant child reaped
[1649791397] wproc: Core Worker 1356: job 30522 (pid=26770) timed out. Killing it
[1649791397] wproc: CHECK job 30522 from worker Core Worker 1356 timed out after 60.06s
[1649791397] wproc:   host=esxi08; service=ESXi Hardware Check;
[1649791397] wproc:   early_timeout=1; exited_ok=0; wait_status=0; error_code=62;
[1649791397] Warning: Check of service 'ESXi Hardware Check' on host 'esxi08' timed out after 60.056s!
[1649791397] wproc: Core Worker 1356: job 30522 (pid=26770): Dormant child reaped
[1649791398] wproc: Core Worker 1354: job 30522 (pid=26771) timed out. Killing it
[1649791398] wproc: CHECK job 30522 from worker Core Worker 1354 timed out after 60.06s
[1649791398] wproc:   host=esxi09; service=ESXi Hardware Check;
[1649791398] wproc:   early_timeout=1; exited_ok=0; wait_status=0; error_code=62;
[1649791398] Warning: Check of service 'ESXi Hardware Check' on host 'esxi09' timed out after 60.064s!
[1649791398] wproc: Core Worker 1354: job 30522 (pid=26771): Dormant child reaped
[1649791997] wproc: Core Worker 1356: job 30545 (pid=27352) timed out. Killing it
[1649791997] wproc: CHECK job 30545 from worker Core Worker 1356 timed out after 60.05s
[1649791997] wproc:   host=esxi08; service=ESXi Hardware Check;
[1649791997] wproc:   early_timeout=1; exited_ok=0; wait_status=0; error_code=62;
[1649791997] Warning: Check of service 'ESXi Hardware Check' on host 'esxi08' timed out after 60.054s!
[1649791998] wproc: Core Worker 1356: job 30545 (pid=27352): Dormant child reaped
[1649791998] wproc: Core Worker 1353: job 30546 (pid=27355) timed out. Killing it
[1649791998] wproc: CHECK job 30546 from worker Core Worker 1353 timed out after 60.03s
[1649791998] wproc:   host=esxi09; service=ESXi Hardware Check;
[1649791998] wproc:   early_timeout=1; exited_ok=0; wait_status=0; error_code=62;
[1649791998] Warning: Check of service 'ESXi Hardware Check' on host 'esxi09' timed out after 60.034s!
[1649791998] wproc: Core Worker 1353: job 30546 (pid=27355): Dormant child reaped
[1649792104] Auto-save of retention data completed successfully.
[1649792505] SERVICE NOTIFICATION: nagiosadmin;esxi01;ESXi Hardware Check;UNKNOWN;notify-service-by-email;UNKNOWN:
[1649792597] wproc: Core Worker 1354: job 30568 (pid=27907) timed out. Killing it
[1649792597] wproc: CHECK job 30568 from worker Core Worker 1354 timed out after 60.01s
[1649792597] wproc:   host=esxi08; service=ESXi Hardware Check;
[1649792597] wproc:   early_timeout=1; exited_ok=0; wait_status=0; error_code=62;
[1649792597] Warning: Check of service 'ESXi Hardware Check' on host 'esxi08' timed out after 60.007s!
[1649792598] wproc: Core Worker 1354: job 30568 (pid=27907): Dormant child reaped
[1649792598] wproc: Core Worker 1353: job 30569 (pid=27908) timed out. Killing it
[1649792598] wproc: CHECK job 30569 from worker Core Worker 1353 timed out after 60.03s
[1649792598] wproc:   host=esxi09; service=ESXi Hardware Check;
[1649792598] wproc:   early_timeout=1; exited_ok=0; wait_status=0; error_code=62;
[1649792598] Warning: Check of service 'ESXi Hardware Check' on host 'esxi09' timed out after 60.034s!
[1649792598] wproc: Core Worker 1353: job 30569 (pid=27908): Dormant child reaped
[1649793086] SERVICE NOTIFICATION: nagiosadmin;esxi06;ESXi Haradware Check;UNKNOWN;notify-service-by-email;UNKNOWN:
[1649793197] wproc: Core Worker 1353: job 30592 (pid=28457) timed out. Killing it
[1649793197] wproc: CHECK job 30592 from worker Core Worker 1353 timed out after 60.05s
[1649793197] wproc:   host=esxi08; service=ESXi Hardware Check;
[1649793197] wproc:   early_timeout=1; exited_ok=0; wait_status=0; error_code=62;
[1649793197] Warning: Check of service 'ESXi Hardware Check' on host 'esxi08' timed out after 60.049s!
[1649793197] SERVICE NOTIFICATION: nagiosadmin;esxi08;ESXi Hardware Check;CRITICAL;notify-service-by-email;(Service check timed out after 60.05 seconds)
[1649793198] wproc: Core Worker 1353: job 30592 (pid=28457): Dormant child reaped
[1649793198] wproc: Core Worker 1355: job 30592 (pid=28458) timed out. Killing it
[1649793198] wproc: CHECK job 30592 from worker Core Worker 1355 timed out after 60.06s
[1649793198] wproc:   host=esxi09; service=ESXi Hardware Check;
[1649793198] wproc:   early_timeout=1; exited_ok=0; wait_status=0; error_code=62;
[1649793198] Warning: Check of service 'ESXi Hardware Check' on host 'esxi09' timed out after 60.061s!
[1649793198] wproc: Core Worker 1355: job 30592 (pid=28458): Dormant child reaped
[1649793797] wproc: Core Worker 1355: job 30615 (pid=29014) timed out. Killing it
[1649793797] wproc: CHECK job 30615 from worker Core Worker 1355 timed out after 60.06s
[1649793797] wproc:   host=esxi08; service=ESXi Hardware Check;
[1649793797] wproc:   early_timeout=1; exited_ok=0; wait_status=0; error_code=62;
[1649793797] Warning: Check of service 'ESXi Hardware Check' on host 'esxi08' timed out after 60.061s!
[1649793798] wproc: Core Worker 1355: job 30615 (pid=29014): Dormant child reaped
[1649793798] wproc: Core Worker 1356: job 30615 (pid=29015) timed out. Killing it
[1649793798] wproc: CHECK job 30615 from worker Core Worker 1356 timed out after 60.03s
[1649793798] wproc:   host=esxi09; service=ESXi Hardware Check;
[1649793798] wproc:   early_timeout=1; exited_ok=0; wait_status=0; error_code=62;
[1649793798] Warning: Check of service 'ESXi Hardware Check' on host 'esxi09' timed out after 60.030s!
[1649793798] SERVICE NOTIFICATION: nagiosadmin;esxi09;ESXi Hardware Check;CRITICAL;notify-service-by-email;(Service check timed out after 60.03 seconds)
[1649793798] wproc: Core Worker 1356: job 30615 (pid=29015): Dormant child reaped
[1649793873] SERVICE NOTIFICATION: nagiosadmin;esxi05;ESXi Hardware Check;UNKNOWN;notify-service-by-email;UNKNOWN:
[1649794397] wproc: Core Worker 1354: job 30638 (pid=29571) timed out. Killing it
[1649794397] wproc: CHECK job 30638 from worker Core Worker 1354 timed out after 60.02s
[1649794397] wproc:   host=esxi08; service=ESXi Hardware Check;
[1649794397] wproc:   early_timeout=1; exited_ok=0; wait_status=0; error_code=62;
[1649794397] Warning: Check of service 'ESXi Hardware Check' on host 'esxi08' timed out after 60.016s!
[1649794398] wproc: Core Worker 1354: job 30638 (pid=29571): Dormant child reaped
[1649794398] wproc: Core Worker 1353: job 30639 (pid=29572) timed out. Killing it
[1649794398] wproc: CHECK job 30639 from worker Core Worker 1353 timed out after 60.06s
[1649794398] wproc:   host=esxi09; service=ESXi Hardware Check;
[1649794398] wproc:   early_timeout=1; exited_ok=0; wait_status=0; error_code=62;
[1649794398] Warning: Check of service 'ESXi Hardware Check' on host 'esxi09' timed out after 60.065s!
[1649794398] wproc: Core Worker 1353: job 30639 (pid=29572): Dormant child reaped
[1649794998] wproc: Core Worker 1354: job 30661 (pid=30123) timed out. Killing it
[1649794998] wproc: CHECK job 30661 from worker Core Worker 1354 timed out after 60.05s
[1649794998] wproc:   host=esxi08; service=ESXi Hardware Check;
[1649794998] wproc:   early_timeout=1; exited_ok=0; wait_status=0; error_code=62;
[1649794998] Warning: Check of service 'ESXi Hardware Check' on host 'esxi08' timed out after 60.055s!
[1649794998] wproc: Core Worker 1354: job 30661 (pid=30123): Dormant child reaped
[1649794998] wproc: Core Worker 1355: job 30662 (pid=30126) timed out. Killing it
[1649794998] wproc: CHECK job 30662 from worker Core Worker 1355 timed out after 60.06s
[1649794998] wproc:   host=esxi09; service=ESXi Hardware Check;
[1649794998] wproc:   early_timeout=1; exited_ok=0; wait_status=0; error_code=62;
[1649794998] Warning: Check of service 'ESXi Hardware Check' on host 'esxi09' timed out after 60.062s!
[1649794998] wproc: Core Worker 1355: job 30662 (pid=30126): Dormant child reaped
[1649795597] wproc: Core Worker 1354: job 30684 (pid=30704) timed out. Killing it
[1649795597] wproc: CHECK job 30684 from worker Core Worker 1354 timed out after 60.03s
[1649795597] wproc:   host=esxi08; service=ESXi Hardware Check;
[1649795597] wproc:   early_timeout=1; exited_ok=0; wait_status=0; error_code=62;
[1649795597] Warning: Check of service 'ESXi Hardware Check' on host 'esxi08' timed out after 60.027s!
[1649795597] wproc: Core Worker 1354: job 30684 (pid=30704): Dormant child reaped
[1649795598] wproc: Core Worker 1355: job 30685 (pid=30707) timed out. Killing it
[1649795598] wproc: CHECK job 30685 from worker Core Worker 1355 timed out after 60.06s
[1649795598] wproc:   host=esxi09; service=ESXi Hardware Check;
[1649795598] wproc:   early_timeout=1; exited_ok=0; wait_status=0; error_code=62;
[1649795598] Warning: Check of service 'ESXi Hardware Check' on host 'esxi09' timed out after 60.065s!
[1649795598] wproc: Core Worker 1355: job 30685 (pid=30707): Dormant child reaped
[1649795704] Auto-save of retention data completed successfully.
[1649796197] wproc: Core Worker 1354: job 30707 (pid=31251) timed out. Killing it
[1649796197] wproc: CHECK job 30707 from worker Core Worker 1354 timed out after 60.06s
[1649796197] wproc:   host=esxi08; service=ESXi Hardware Check;
[1649796197] wproc:   early_timeout=1; exited_ok=0; wait_status=0; error_code=62;
[1649796197] Warning: Check of service 'ESXi Hardware Check' on host 'esxi08' timed out after 60.061s!
[1649796197] wproc: Core Worker 1354: job 30707 (pid=31251): Dormant child reaped
[1649796198] wproc: Core Worker 1355: job 30708 (pid=31254) timed out. Killing it
[1649796198] wproc: CHECK job 30708 from worker Core Worker 1355 timed out after 60.06s
[1649796198] wproc:   host=esxi09; service=ESXi Hardware Check;
[1649796198] wproc:   early_timeout=1; exited_ok=0; wait_status=0; error_code=62;
[1649796198] Warning: Check of service 'ESXi Hardware Check' on host 'esxi09' timed out after 60.064s!
[1649796198] wproc: Core Worker 1355: job 30708 (pid=31254): Dormant child reaped
[1649796704] SERVICE NOTIFICATION: nagiosadmin;esxi01;ESXi Hardware Check;UNKNOWN;notify-service-by-email;UNKNOWN:
[1649796797] wproc: Core Worker 1353: job 30731 (pid=31808) timed out. Killing it
[1649796797] wproc: CHECK job 30731 from worker Core Worker 1353 timed out after 60.04s
[1649796797] wproc:   host=esxi08; service=ESXi Hardware Check;
[1649796797] wproc:   early_timeout=1; exited_ok=0; wait_status=0; error_code=62;
[1649796797] Warning: Check of service 'ESXi Hardware Check' on host 'esxi08' timed out after 60.037s!
[1649796797] SERVICE NOTIFICATION: nagiosadmin;esxi08;ESXi Hardware Check;CRITICAL;notify-service-by-email;(Service check timed out after 60.04 seconds)
[1649796797] wproc: Core Worker 1353: job 30731 (pid=31808): Dormant child reaped
[1649796798] wproc: Core Worker 1355: job 30731 (pid=31809) timed out. Killing it
[1649796798] wproc: CHECK job 30731 from worker Core Worker 1355 timed out after 60.04s
[1649796798] wproc:   host=esxi09; service=ESXi Hardware Check;
[1649796798] wproc:   early_timeout=1; exited_ok=0; wait_status=0; error_code=62;
[1649796798] Warning: Check of service 'ESXi Hardware Check' on host 'esxi09' timed out after 60.037s!
[1649796798] wproc: Core Worker 1355: job 30731 (pid=31809): Dormant child reaped
[1649797285] SERVICE NOTIFICATION: nagiosadmin;esxi06;ESXi Haradware Check;UNKNOWN;notify-service-by-email;UNKNOWN:
[1649797397] wproc: Core Worker 1356: job 30754 (pid=32362) timed out. Killing it
[1649797397] wproc: CHECK job 30754 from worker Core Worker 1356 timed out after 60.06s
[1649797397] wproc:   host=esxi08; service=ESXi Hardware Check;
[1649797397] wproc:   early_timeout=1; exited_ok=0; wait_status=0; error_code=62;
[1649797397] Warning: Check of service 'ESXi Hardware Check' on host 'esxi08' timed out after 60.065s!
[1649797397] wproc: Core Worker 1356: job 30754 (pid=32362): Dormant child reaped
[1649797398] wproc: Core Worker 1354: job 30754 (pid=32363) timed out. Killing it
[1649797398] wproc: CHECK job 30754 from worker Core Worker 1354 timed out after 60.00s
[1649797398] wproc:   host=esxi09; service=ESXi Hardware Check;
[1649797398] wproc:   early_timeout=1; exited_ok=0; wait_status=0; error_code=62;
[1649797398] Warning: Check of service 'ESXi Hardware Check' on host 'esxi09' timed out after 60.005s!
[1649797398] SERVICE NOTIFICATION: nagiosadmin;esxi09;ESXi Hardware Check;CRITICAL;notify-service-by-email;(Service check timed out after 60.00 seconds)
[1649797398] wproc: Core Worker 1354: job 30754 (pid=32363): Dormant child reaped
[1649797997] wproc: Core Worker 1354: job 30777 (pid=525) timed out. Killing it
[1649797997] wproc: CHECK job 30777 from worker Core Worker 1354 timed out after 60.03s
[1649797997] wproc:   host=esxi08; service=ESXi Hardware Check;
[1649797997] wproc:   early_timeout=1; exited_ok=0; wait_status=0; error_code=62;
[1649797997] Warning: Check of service 'ESXi Hardware Check' on host 'esxi08' timed out after 60.032s!
[1649797997] wproc: Core Worker 1354: job 30777 (pid=525): Dormant child reaped
[1649797998] wproc: Core Worker 1355: job 30778 (pid=528) timed out. Killing it
[1649797998] wproc: CHECK job 30778 from worker Core Worker 1355 timed out after 60.03s
[1649797998] wproc:   host=esxi09; service=ESXi Hardware Check;
[1649797998] wproc:   early_timeout=1; exited_ok=0; wait_status=0; error_code=62;
[1649797998] Warning: Check of service 'ESXi Hardware Check' on host 'esxi09' timed out after 60.028s!
[1649797998] wproc: Core Worker 1355: job 30778 (pid=528): Dormant child reaped
[1649798073] SERVICE NOTIFICATION: nagiosadmin;esxi05;ESXi Hardware Check;UNKNOWN;notify-service-by-email;UNKNOWN:
[1649798597] wproc: Core Worker 1353: job 30801 (pid=1162) timed out. Killing it
[1649798597] wproc: CHECK job 30801 from worker Core Worker 1353 timed out after 60.03s
[1649798597] wproc:   host=esxi08; service=ESXi Hardware Check;
[1649798597] wproc:   early_timeout=1; exited_ok=0; wait_status=0; error_code=62;
[1649798597] Warning: Check of service 'ESXi Hardware Check' on host 'esxi08' timed out after 60.028s!
[1649798597] wproc: Core Worker 1353: job 30801 (pid=1162): Dormant child reaped
[1649798598] wproc: Core Worker 1356: job 30801 (pid=1165) timed out. Killing it
[1649798598] wproc: CHECK job 30801 from worker Core Worker 1356 timed out after 60.03s
[1649798598] wproc:   host=esxi09; service=ESXi Hardware Check;
[1649798598] wproc:   early_timeout=1; exited_ok=0; wait_status=0; error_code=62;
[1649798598] Warning: Check of service 'ESXi Hardware Check' on host 'esxi09' timed out after 60.028s!
[1649798599] wproc: Core Worker 1356: job 30801 (pid=1165): Dormant child reaped
[1649799197] wproc: Core Worker 1353: job 30824 (pid=1891) timed out. Killing it
[1649799197] wproc: CHECK job 30824 from worker Core Worker 1353 timed out after 60.01s
[1649799197] wproc:   host=esxi08; service=ESXi Hardware Check;
[1649799197] wproc:   early_timeout=1; exited_ok=0; wait_status=0; error_code=62;
[1649799197] Warning: Check of service 'ESXi Hardware Check' on host 'esxi08' timed out after 60.007s!
[1649799197] wproc: Core Worker 1353: job 30824 (pid=1891): Dormant child reaped
[1649799198] wproc: Core Worker 1356: job 30824 (pid=1894) timed out. Killing it
[1649799198] wproc: CHECK job 30824 from worker Core Worker 1356 timed out after 60.01s
[1649799198] wproc:   host=esxi09; service=ESXi Hardware Check;
[1649799198] wproc:   early_timeout=1; exited_ok=0; wait_status=0; error_code=62;
[1649799198] Warning: Check of service 'ESXi Hardware Check' on host 'esxi09' timed out after 60.013s!
[1649799199] wproc: Core Worker 1356: job 30824 (pid=1894): Dormant child reaped
[1649799304] Auto-save of retention data completed successfully.
[1649799797] wproc: Core Worker 1353: job 30847 (pid=2481) timed out. Killing it
[1649799797] wproc: CHECK job 30847 from worker Core Worker 1353 timed out after 60.05s
[1649799797] wproc:   host=esxi08; service=ESXi Hardware Check;
[1649799797] wproc:   early_timeout=1; exited_ok=0; wait_status=0; error_code=62;
[1649799797] Warning: Check of service 'ESXi Hardware Check' on host 'esxi08' timed out after 60.048s!
[1649799797] wproc: Core Worker 1353: job 30847 (pid=2481): Dormant child reaped
[1649799798] wproc: Core Worker 1356: job 30847 (pid=2484) timed out. Killing it
[1649799798] wproc: CHECK job 30847 from worker Core Worker 1356 timed out after 60.06s
[1649799798] wproc:   host=esxi09; service=ESXi Hardware Check;
[1649799798] wproc:   early_timeout=1; exited_ok=0; wait_status=0; error_code=62;
[1649799798] Warning: Check of service 'ESXi Hardware Check' on host 'esxi09' timed out after 60.065s!
[1649799799] wproc: Core Worker 1356: job 30847 (pid=2484): Dormant child reaped
[1649800304] SERVICE NOTIFICATION: nagiosadmin;esxi01;ESXi Hardware Check;UNKNOWN;notify-service-by-email;UNKNOWN:
[1649800397] wproc: Core Worker 1355: job 30870 (pid=3032) timed out. Killing it
[1649800397] wproc: CHECK job 30870 from worker Core Worker 1355 timed out after 60.03s
[1649800397] wproc:   host=esxi08; service=ESXi Hardware Check;
[1649800397] wproc:   early_timeout=1; exited_ok=0; wait_status=0; error_code=62;
[1649800397] Warning: Check of service 'ESXi Hardware Check' on host 'esxi08' timed out after 60.031s!
[1649800397] SERVICE NOTIFICATION: nagiosadmin;esxi08;ESXi Hardware Check;CRITICAL;notify-service-by-email;(Service check timed out after 60.03 seconds)
[1649800397] wproc: Core Worker 1355: job 30870 (pid=3032): Dormant child reaped
[1649800398] wproc: Core Worker 1356: job 30870 (pid=3033) timed out. Killing it
[1649800398] wproc: CHECK job 30870 from worker Core Worker 1356 timed out after 60.04s
[1649800398] wproc:   host=esxi09; service=ESXi Hardware Check;
[1649800398] wproc:   early_timeout=1; exited_ok=0; wait_status=0; error_code=62;
[1649800398] Warning: Check of service 'ESXi Hardware Check' on host 'esxi09' timed out after 60.045s!
[1649800399] wproc: Core Worker 1356: job 30870 (pid=3033): Dormant child reaped
[1649800886] SERVICE NOTIFICATION: nagiosadmin;esxi06;ESXi Haradware Check;UNKNOWN;notify-service-by-email;UNKNOWN:
[1649800997] wproc: Core Worker 1354: job 30893 (pid=3587) timed out. Killing it
[1649800997] wproc: CHECK job 30893 from worker Core Worker 1354 timed out after 60.06s
[1649800997] wproc:   host=esxi08; service=ESXi Hardware Check;
[1649800997] wproc:   early_timeout=1; exited_ok=0; wait_status=0; error_code=62;
[1649800997] Warning: Check of service 'ESXi Hardware Check' on host 'esxi08' timed out after 60.061s!
[1649800997] wproc: Core Worker 1354: job 30893 (pid=3587): Dormant child reaped
[1649800998] wproc: Core Worker 1355: job 30894 (pid=3590) timed out. Killing it
[1649800998] wproc: CHECK job 30894 from worker Core Worker 1355 timed out after 60.06s
[1649800998] wproc:   host=esxi09; service=ESXi Hardware Check;
[1649800998] wproc:   early_timeout=1; exited_ok=0; wait_status=0; error_code=62;
[1649800998] Warning: Check of service 'ESXi Hardware Check' on host 'esxi09' timed out after 60.064s!
[1649800998] SERVICE NOTIFICATION: nagiosadmin;esxi09;ESXi Hardware Check;CRITICAL;notify-service-by-email;(Service check timed out after 60.06 seconds)
[1649800999] wproc: Core Worker 1355: job 30894 (pid=3590): Dormant child reaped
[1649801597] wproc: Core Worker 1353: job 30917 (pid=4145) timed out. Killing it
[1649801597] wproc: CHECK job 30917 from worker Core Worker 1353 timed out after 60.06s
[1649801597] wproc:   host=esxi08; service=ESXi Hardware Check;
[1649801597] wproc:   early_timeout=1; exited_ok=0; wait_status=0; error_code=62;
[1649801597] Warning: Check of service 'ESXi Hardware Check' on host 'esxi08' timed out after 60.065s!
[1649801597] wproc: Core Worker 1353: job 30917 (pid=4145): Dormant child reaped
[1649801599] wproc: Core Worker 1356: job 30917 (pid=4148) timed out. Killing it
[1649801599] wproc: CHECK job 30917 from worker Core Worker 1356 timed out after 60.06s
[1649801599] wproc:   host=esxi09; service=ESXi Hardware Check;
[1649801599] wproc:   early_timeout=1; exited_ok=0; wait_status=0; error_code=62;
[1649801599] Warning: Check of service 'ESXi Hardware Check' on host 'esxi09' timed out after 60.062s!
[1649801599] wproc: Core Worker 1356: job 30917 (pid=4148): Dormant child reaped
[1649801673] SERVICE NOTIFICATION: nagiosadmin;esxi05;ESXi Hardware Check;UNKNOWN;notify-service-by-email;UNKNOWN:
[1649802197] wproc: Core Worker 1355: job 30940 (pid=4693) timed out. Killing it
[1649802197] wproc: CHECK job 30940 from worker Core Worker 1355 timed out after 60.03s
[1649802197] wproc:   host=esxi08; service=ESXi Hardware Check;
[1649802197] wproc:   early_timeout=1; exited_ok=0; wait_status=0; error_code=62;
[1649802197] Warning: Check of service 'ESXi Hardware Check' on host 'esxi08' timed out after 60.033s!
[1649802197] wproc: Core Worker 1355: job 30940 (pid=4693): Dormant child reaped
[1649802198] wproc: Core Worker 1356: job 30940 (pid=4694) timed out. Killing it
[1649802198] wproc: CHECK job 30940 from worker Core Worker 1356 timed out after 60.03s
[1649802198] wproc:   host=esxi09; service=ESXi Hardware Check;
[1649802198] wproc:   early_timeout=1; exited_ok=0; wait_status=0; error_code=62;
[1649802198] Warning: Check of service 'ESXi Hardware Check' on host 'esxi09' timed out after 60.026s!
[1649802198] wproc: Core Worker 1356: job 30940 (pid=4694): Dormant child reaped
[1649802797] wproc: Core Worker 1355: job 30963 (pid=5272) timed out. Killing it
[1649802797] wproc: CHECK job 30963 from worker Core Worker 1355 timed out after 60.02s
[1649802797] wproc:   host=esxi08; service=ESXi Hardware Check;
[1649802797] wproc:   early_timeout=1; exited_ok=0; wait_status=0; error_code=62;
[1649802797] Warning: Check of service 'ESXi Hardware Check' on host 'esxi08' timed out after 60.023s!
[1649802797] wproc: Core Worker 1355: job 30963 (pid=5272): Dormant child reaped
[1649802798] wproc: Core Worker 1356: job 30963 (pid=5273) timed out. Killing it
[1649802798] wproc: CHECK job 30963 from worker Core Worker 1356 timed out after 60.06s
[1649802798] wproc:   host=esxi09; service=ESXi Hardware Check;
[1649802798] wproc:   early_timeout=1; exited_ok=0; wait_status=0; error_code=62;
[1649802798] Warning: Check of service 'ESXi Hardware Check' on host 'esxi09' timed out after 60.062s!
[1649802798] wproc: Core Worker 1356: job 30963 (pid=5273): Dormant child reaped
[1649802904] Auto-save of retention data completed successfully.
[1649803397] wproc: Core Worker 1355: job 30986 (pid=5825) timed out. Killing it
[1649803397] wproc: CHECK job 30986 from worker Core Worker 1355 timed out after 60.03s
[1649803397] wproc:   host=esxi08; service=ESXi Hardware Check;
[1649803397] wproc:   early_timeout=1; exited_ok=0; wait_status=0; error_code=62;
[1649803397] Warning: Check of service 'ESXi Hardware Check' on host 'esxi08' timed out after 60.025s!
[1649803397] wproc: Core Worker 1355: job 30986 (pid=5825): Dormant child reaped
[1649803398] wproc: Core Worker 1356: job 30986 (pid=5826) timed out. Killing it
[1649803398] wproc: CHECK job 30986 from worker Core Worker 1356 timed out after 60.04s
[1649803398] wproc:   host=esxi09; service=ESXi Hardware Check;
[1649803398] wproc:   early_timeout=1; exited_ok=0; wait_status=0; error_code=62;
[1649803398] Warning: Check of service 'ESXi Hardware Check' on host 'esxi09' timed out after 60.040s!
[1649803398] wproc: Core Worker 1356: job 30986 (pid=5826): Dormant child reaped
[1649803905] SERVICE NOTIFICATION: nagiosadmin;esxi01;ESXi Hardware Check;UNKNOWN;notify-service-by-email;UNKNOWN:
[1649803997] wproc: Core Worker 1356: job 31009 (pid=6380) timed out. Killing it
[1649803997] wproc: CHECK job 31009 from worker Core Worker 1356 timed out after 60.03s
[1649803997] wproc:   host=esxi08; service=ESXi Hardware Check;
[1649803997] wproc:   early_timeout=1; exited_ok=0; wait_status=0; error_code=62;
[1649803997] Warning: Check of service 'ESXi Hardware Check' on host 'esxi08' timed out after 60.026s!
[1649803997] SERVICE NOTIFICATION: nagiosadmin;esxi08;ESXi Hardware Check;CRITICAL;notify-service-by-email;(Service check timed out after 60.03 seconds)
[1649803997] wproc: Core Worker 1356: job 31009 (pid=6380): Dormant child reaped
[1649803998] wproc: Core Worker 1353: job 31010 (pid=6383) timed out. Killing it
[1649803998] wproc: CHECK job 31010 from worker Core Worker 1353 timed out after 60.02s
[1649803998] wproc:   host=esxi09; service=ESXi Hardware Check;
[1649803998] wproc:   early_timeout=1; exited_ok=0; wait_status=0; error_code=62;
[1649803998] Warning: Check of service 'ESXi Hardware Check' on host 'esxi09' timed out after 60.023s!
[1649803998] wproc: Core Worker 1353: job 31010 (pid=6383): Dormant child reaped
[1649804597] wproc: Core Worker 1354: job 31032 (pid=6931) timed out. Killing it
[1649804597] wproc: CHECK job 31032 from worker Core Worker 1354 timed out after 60.03s
[1649804597] wproc:   host=esxi08; service=ESXi Hardware Check;
[1649804597] wproc:   early_timeout=1; exited_ok=0; wait_status=0; error_code=62;
[1649804597] Warning: Check of service 'ESXi Hardware Check' on host 'esxi08' timed out after 60.033s!
[1649804597] wproc: Core Worker 1354: job 31032 (pid=6931): Dormant child reaped
[1649804598] wproc: Core Worker 1353: job 31033 (pid=6932) timed out. Killing it
[1649804598] wproc: CHECK job 31033 from worker Core Worker 1353 timed out after 60.03s
[1649804598] wproc:   host=esxi09; service=ESXi Hardware Check;
[1649804598] wproc:   early_timeout=1; exited_ok=0; wait_status=0; error_code=62;
[1649804598] Warning: Check of service 'ESXi Hardware Check' on host 'esxi09' timed out after 60.026s!
[1649804598] SERVICE NOTIFICATION: nagiosadmin;esxi09;ESXi Hardware Check;CRITICAL;notify-service-by-email;(Service check timed out after 60.03 seconds)
[1649804598] wproc: Core Worker 1353: job 31033 (pid=6932): Dormant child reaped
[1649805086] SERVICE NOTIFICATION: nagiosadmin;esxi06;ESXi Haradware Check;UNKNOWN;notify-service-by-email;UNKNOWN:
[1649805197] wproc: Core Worker 1355: job 31056 (pid=7495) timed out. Killing it
[1649805197] wproc: CHECK job 31056 from worker Core Worker 1355 timed out after 60.06s
[1649805197] wproc:   host=esxi08; service=ESXi Hardware Check;
[1649805197] wproc:   early_timeout=1; exited_ok=0; wait_status=0; error_code=62;
[1649805197] Warning: Check of service 'ESXi Hardware Check' on host 'esxi08' timed out after 60.063s!
[1649805197] wproc: Core Worker 1355: job 31056 (pid=7495): Dormant child reaped
[1649805198] wproc: Core Worker 1356: job 31056 (pid=7496) timed out. Killing it
[1649805198] wproc: CHECK job 31056 from worker Core Worker 1356 timed out after 60.03s
[1649805198] wproc:   host=esxi09; service=ESXi Hardware Check;
[1649805198] wproc:   early_timeout=1; exited_ok=0; wait_status=0; error_code=62;
[1649805198] Warning: Check of service 'ESXi Hardware Check' on host 'esxi09' timed out after 60.028s!
[1649805198] wproc: Core Worker 1356: job 31056 (pid=7496): Dormant child reaped
[1649805273] SERVICE NOTIFICATION: nagiosadmin;esxi05;ESXi Hardware Check;UNKNOWN;notify-service-by-email;UNKNOWN:
[1649805797] wproc: Core Worker 1356: job 31079 (pid=8053) timed out. Killing it
[1649805797] wproc: CHECK job 31079 from worker Core Worker 1356 timed out after 60.06s
[1649805797] wproc:   host=esxi08; service=ESXi Hardware Check;
[1649805797] wproc:   early_timeout=1; exited_ok=0; wait_status=0; error_code=62;
[1649805797] Warning: Check of service 'ESXi Hardware Check' on host 'esxi08' timed out after 60.057s!
[1649805798] wproc: Core Worker 1356: job 31079 (pid=8053): Dormant child reaped
[1649805798] wproc: Core Worker 1354: job 31079 (pid=8054) timed out. Killing it
[1649805798] wproc: CHECK job 31079 from worker Core Worker 1354 timed out after 60.01s
[1649805798] wproc:   host=esxi09; service=ESXi Hardware Check;
[1649805798] wproc:   early_timeout=1; exited_ok=0; wait_status=0; error_code=62;
[1649805798] Warning: Check of service 'ESXi Hardware Check' on host 'esxi09' timed out after 60.012s!
[1649805798] wproc: Core Worker 1354: job 31079 (pid=8054): Dormant child reaped
[1649806397] wproc: Core Worker 1356: job 31102 (pid=8632) timed out. Killing it
[1649806397] wproc: CHECK job 31102 from worker Core Worker 1356 timed out after 60.03s
[1649806397] wproc:   host=esxi08; service=ESXi Hardware Check;
[1649806397] wproc:   early_timeout=1; exited_ok=0; wait_status=0; error_code=62;
[1649806397] Warning: Check of service 'ESXi Hardware Check' on host 'esxi08' timed out after 60.033s!
[1649806398] wproc: Core Worker 1356: job 31102 (pid=8632): Dormant child reaped
[1649806398] wproc: Core Worker 1354: job 31102 (pid=8633) timed out. Killing it
[1649806398] wproc: CHECK job 31102 from worker Core Worker 1354 timed out after 60.06s
[1649806398] wproc:   host=esxi09; service=ESXi Hardware Check;
[1649806398] wproc:   early_timeout=1; exited_ok=0; wait_status=0; error_code=62;
[1649806398] Warning: Check of service 'ESXi Hardware Check' on host 'esxi09' timed out after 60.064s!
[1649806398] wproc: Core Worker 1354: job 31102 (pid=8633): Dormant child reaped
[1649806504] Auto-save of retention data completed successfully.
[1649806997] wproc: Core Worker 1356: job 31125 (pid=9180) timed out. Killing it
[1649806997] wproc: CHECK job 31125 from worker Core Worker 1356 timed out after 60.03s
[1649806997] wproc:   host=esxi08; service=ESXi Hardware Check;
[1649806997] wproc:   early_timeout=1; exited_ok=0; wait_status=0; error_code=62;
[1649806997] Warning: Check of service 'ESXi Hardware Check' on host 'esxi08' timed out after 60.029s!
[1649806998] wproc: Core Worker 1356: job 31125 (pid=9180): Dormant child reaped
[1649806998] wproc: Core Worker 1353: job 31126 (pid=9183) timed out. Killing it
[1649806998] wproc: CHECK job 31126 from worker Core Worker 1353 timed out after 60.05s
[1649806998] wproc:   host=esxi09; service=ESXi Hardware Check;
[1649806998] wproc:   early_timeout=1; exited_ok=0; wait_status=0; error_code=62;
[1649806998] Warning: Check of service 'ESXi Hardware Check' on host 'esxi09' timed out after 60.046s!
[1649806998] wproc: Core Worker 1353: job 31126 (pid=9183): Dormant child reaped
[1649807505] SERVICE NOTIFICATION: nagiosadmin;esxi01;ESXi Hardware Check;UNKNOWN;notify-service-by-email;UNKNOWN:
[1649807597] wproc: Core Worker 1354: job 31148 (pid=9730) timed out. Killing it
[1649807597] wproc: CHECK job 31148 from worker Core Worker 1354 timed out after 60.06s
[1649807597] wproc:   host=esxi08; service=ESXi Hardware Check;
[1649807597] wproc:   early_timeout=1; exited_ok=0; wait_status=0; error_code=62;
[1649807597] Warning: Check of service 'ESXi Hardware Check' on host 'esxi08' timed out after 60.064s!
[1649807597] SERVICE NOTIFICATION: nagiosadmin;esxi08;ESXi Hardware Check;CRITICAL;notify-service-by-email;(Service check timed out after 60.06 seconds)
[1649807598] wproc: Core Worker 1354: job 31148 (pid=9730): Dormant child reaped
[1649807598] wproc: Core Worker 1355: job 31149 (pid=9733) timed out. Killing it
[1649807598] wproc: CHECK job 31149 from worker Core Worker 1355 timed out after 60.03s
[1649807598] wproc:   host=esxi09; service=ESXi Hardware Check;
[1649807598] wproc:   early_timeout=1; exited_ok=0; wait_status=0; error_code=62;
[1649807598] Warning: Check of service 'ESXi Hardware Check' on host 'esxi09' timed out after 60.027s!
[1649807598] wproc: Core Worker 1355: job 31149 (pid=9733): Dormant child reaped
[1649808197] wproc: Core Worker 1353: job 31172 (pid=10284) timed out. Killing it
[1649808197] wproc: CHECK job 31172 from worker Core Worker 1353 timed out after 60.04s
[1649808197] wproc:   host=esxi08; service=ESXi Hardware Check;
[1649808197] wproc:   early_timeout=1; exited_ok=0; wait_status=0; error_code=62;
[1649808197] Warning: Check of service 'ESXi Hardware Check' on host 'esxi08' timed out after 60.037s!
[1649808198] wproc: Core Worker 1353: job 31172 (pid=10284): Dormant child reaped
[1649808198] wproc: Core Worker 1355: job 31172 (pid=10285) timed out. Killing it
[1649808198] wproc: CHECK job 31172 from worker Core Worker 1355 timed out after 60.02s
[1649808198] wproc:   host=esxi09; service=ESXi Hardware Check;
[1649808198] wproc:   early_timeout=1; exited_ok=0; wait_status=0; error_code=62;
[1649808198] Warning: Check of service 'ESXi Hardware Check' on host 'esxi09' timed out after 60.019s!
[1649808198] SERVICE NOTIFICATION: nagiosadmin;esxi09;ESXi Hardware Check;CRITICAL;notify-service-by-email;(Service check timed out after 60.02 seconds)
[1649808198] wproc: Core Worker 1355: job 31172 (pid=10285): Dormant child reaped
[1649808686] SERVICE NOTIFICATION: nagiosadmin;esxi06;ESXi Haradware Check;UNKNOWN;notify-service-by-email;UNKNOWN:
[1649808798] wproc: Core Worker 1356: job 31195 (pid=10845) timed out. Killing it
[1649808798] wproc: CHECK job 31195 from worker Core Worker 1356 timed out after 60.06s
[1649808798] wproc:   host=esxi08; service=ESXi Hardware Check;
[1649808798] wproc:   early_timeout=1; exited_ok=0; wait_status=0; error_code=62;
[1649808798] Warning: Check of service 'ESXi Hardware Check' on host 'esxi08' timed out after 60.065s!
[1649808798] wproc: Core Worker 1356: job 31195 (pid=10845): Dormant child reaped
[1649808798] wproc: Core Worker 1354: job 31195 (pid=10846) timed out. Killing it
[1649808798] wproc: CHECK job 31195 from worker Core Worker 1354 timed out after 60.01s
[1649808798] wproc:   host=esxi09; service=ESXi Hardware Check;
[1649808798] wproc:   early_timeout=1; exited_ok=0; wait_status=0; error_code=62;
[1649808798] Warning: Check of service 'ESXi Hardware Check' on host 'esxi09' timed out after 60.007s!
[1649808798] wproc: Core Worker 1354: job 31195 (pid=10846): Dormant child reaped
[1649809397] wproc: Core Worker 1356: job 31218 (pid=11391) timed out. Killing it
[1649809397] wproc: CHECK job 31218 from worker Core Worker 1356 timed out after 60.05s
[1649809397] wproc:   host=esxi08; service=ESXi Hardware Check;
[1649809397] wproc:   early_timeout=1; exited_ok=0; wait_status=0; error_code=62;
[1649809397] Warning: Check of service 'ESXi Hardware Check' on host 'esxi08' timed out after 60.048s!
[1649809397] wproc: Core Worker 1356: job 31218 (pid=11391): Dormant child reaped
[1649809398] wproc: Core Worker 1354: job 31218 (pid=11392) timed out. Killing it
[1649809398] wproc: CHECK job 31218 from worker Core Worker 1354 timed out after 60.04s
[1649809398] wproc:   host=esxi09; service=ESXi Hardware Check;
[1649809398] wproc:   early_timeout=1; exited_ok=0; wait_status=0; error_code=62;
[1649809398] Warning: Check of service 'ESXi Hardware Check' on host 'esxi09' timed out after 60.035s!
[1649809398] wproc: Core Worker 1354: job 31218 (pid=11392): Dormant child reaped
[1649809472] SERVICE NOTIFICATION: nagiosadmin;esxi05;ESXi Hardware Check;UNKNOWN;notify-service-by-email;UNKNOWN:
[1649809997] wproc: Core Worker 1354: job 31241 (pid=11973) timed out. Killing it
[1649809997] wproc: CHECK job 31241 from worker Core Worker 1354 timed out after 60.06s
[1649809997] wproc:   host=esxi08; service=ESXi Hardware Check;
[1649809997] wproc:   early_timeout=1; exited_ok=0; wait_status=0; error_code=62;
[1649809997] Warning: Check of service 'ESXi Hardware Check' on host 'esxi08' timed out after 60.064s!
[1649809997] wproc: Core Worker 1354: job 31241 (pid=11973): Dormant child reaped
[1649809998] wproc: Core Worker 1355: job 31242 (pid=11976) timed out. Killing it
[1649809998] wproc: CHECK job 31242 from worker Core Worker 1355 timed out after 60.02s
[1649809998] wproc:   host=esxi09; service=ESXi Hardware Check;
[1649809998] wproc:   early_timeout=1; exited_ok=0; wait_status=0; error_code=62;
[1649809998] Warning: Check of service 'ESXi Hardware Check' on host 'esxi09' timed out after 60.019s!
[1649809998] wproc: Core Worker 1355: job 31242 (pid=11976): Dormant child reaped
[1649810104] Auto-save of retention data completed successfully.
[1649810597] wproc: Core Worker 1354: job 31264 (pid=12520) timed out. Killing it
[1649810597] wproc: CHECK job 31264 from worker Core Worker 1354 timed out after 60.04s
[1649810597] wproc:   host=esxi08; service=ESXi Hardware Check;
[1649810597] wproc:   early_timeout=1; exited_ok=0; wait_status=0; error_code=62;
[1649810597] Warning: Check of service 'ESXi Hardware Check' on host 'esxi08' timed out after 60.041s!
[1649810597] wproc: Core Worker 1354: job 31264 (pid=12520): Dormant child reaped
[1649810598] wproc: Core Worker 1355: job 31265 (pid=12523) timed out. Killing it
[1649810598] wproc: CHECK job 31265 from worker Core Worker 1355 timed out after 60.01s
[1649810598] wproc:   host=esxi09; service=ESXi Hardware Check;
[1649810598] wproc:   early_timeout=1; exited_ok=0; wait_status=0; error_code=62;
[1649810598] Warning: Check of service 'ESXi Hardware Check' on host 'esxi09' timed out after 60.008s!
[1649810598] wproc: Core Worker 1355: job 31265 (pid=12523): Dormant child reaped
[1649811197] wproc: Core Worker 1354: job 31287 (pid=13074) timed out. Killing it
[1649811197] wproc: CHECK job 31287 from worker Core Worker 1354 timed out after 60.05s
[1649811197] wproc:   host=esxi08; service=ESXi Hardware Check;
[1649811197] wproc:   early_timeout=1; exited_ok=0; wait_status=0; error_code=62;
[1649811197] Warning: Check of service 'ESXi Hardware Check' on host 'esxi08' timed out after 60.050s!
[1649811197] SERVICE NOTIFICATION: nagiosadmin;esxi08;ESXi Hardware Check;CRITICAL;notify-service-by-email;(Service check timed out after 60.05 seconds)
[1649811197] wproc: Core Worker 1354: job 31287 (pid=13074): Dormant child reaped
[1649811198] wproc: Core Worker 1355: job 31288 (pid=13077) timed out. Killing it
[1649811198] wproc: CHECK job 31288 from worker Core Worker 1355 timed out after 60.06s
[1649811198] wproc:   host=esxi09; service=ESXi Hardware Check;
[1649811198] wproc:   early_timeout=1; exited_ok=0; wait_status=0; error_code=62;
[1649811198] Warning: Check of service 'ESXi Hardware Check' on host 'esxi09' timed out after 60.059s!
[1649811198] wproc: Core Worker 1355: job 31288 (pid=13077): Dormant child reaped
[1649811704] SERVICE NOTIFICATION: nagiosadmin;esxi01;ESXi Hardware Check;UNKNOWN;notify-service-by-email;UNKNOWN:
[1649811797] wproc: Core Worker 1355: job 31311 (pid=13636) timed out. Killing it
[1649811797] wproc: CHECK job 31311 from worker Core Worker 1355 timed out after 60.05s
[1649811797] wproc:   host=esxi08; service=ESXi Hardware Check;
[1649811797] wproc:   early_timeout=1; exited_ok=0; wait_status=0; error_code=62;
[1649811797] Warning: Check of service 'ESXi Hardware Check' on host 'esxi08' timed out after 60.053s!
[1649811797] wproc: Core Worker 1355: job 31311 (pid=13636): Dormant child reaped
[1649811798] wproc: Core Worker 1356: job 31311 (pid=13637) timed out. Killing it
[1649811798] wproc: CHECK job 31311 from worker Core Worker 1356 timed out after 60.06s
[1649811798] wproc:   host=esxi09; service=ESXi Hardware Check;
[1649811798] wproc:   early_timeout=1; exited_ok=0; wait_status=0; error_code=62;
[1649811798] Warning: Check of service 'ESXi Hardware Check' on host 'esxi09' timed out after 60.062s!
[1649811798] SERVICE NOTIFICATION: nagiosadmin;esxi09;ESXi Hardware Check;CRITICAL;notify-service-by-email;(Service check timed out after 60.06 seconds)
[1649811798] wproc: Core Worker 1356: job 31311 (pid=13637): Dormant child reaped
[1649812287] SERVICE NOTIFICATION: nagiosadmin;esxi06;ESXi Haradware Check;UNKNOWN;notify-service-by-email;UNKNOWN:
[1649812397] wproc: Core Worker 1354: job 31334 (pid=14192) timed out. Killing it
[1649812397] wproc: CHECK job 31334 from worker Core Worker 1354 timed out after 60.06s
[1649812397] wproc:   host=esxi08; service=ESXi Hardware Check;
[1649812397] wproc:   early_timeout=1; exited_ok=0; wait_status=0; error_code=62;
[1649812397] Warning: Check of service 'ESXi Hardware Check' on host 'esxi08' timed out after 60.065s!
[1649812397] wproc: Core Worker 1354: job 31334 (pid=14192): Dormant child reaped
[1649812398] wproc: Core Worker 1353: job 31335 (pid=14193) timed out. Killing it
[1649812398] wproc: CHECK job 31335 from worker Core Worker 1353 timed out after 60.06s
[1649812398] wproc:   host=esxi09; service=ESXi Hardware Check;
[1649812398] wproc:   early_timeout=1; exited_ok=0; wait_status=0; error_code=62;
[1649812398] Warning: Check of service 'ESXi Hardware Check' on host 'esxi09' timed out after 60.062s!
[1649812398] wproc: Core Worker 1353: job 31335 (pid=14193): Dormant child reaped
[1649812997] wproc: Core Worker 1354: job 31357 (pid=14746) timed out. Killing it
[1649812997] wproc: CHECK job 31357 from worker Core Worker 1354 timed out after 60.06s
[1649812997] wproc:   host=esxi08; service=ESXi Hardware Check;
[1649812997] wproc:   early_timeout=1; exited_ok=0; wait_status=0; error_code=62;
[1649812997] Warning: Check of service 'ESXi Hardware Check' on host 'esxi08' timed out after 60.061s!
[1649812997] wproc: Core Worker 1354: job 31357 (pid=14746): Dormant child reaped
[1649812998] wproc: Core Worker 1355: job 31358 (pid=14749) timed out. Killing it
[1649812998] wproc: CHECK job 31358 from worker Core Worker 1355 timed out after 60.06s
[1649812998] wproc:   host=esxi09; service=ESXi Hardware Check;
[1649812998] wproc:   early_timeout=1; exited_ok=0; wait_status=0; error_code=62;
[1649812998] Warning: Check of service 'ESXi Hardware Check' on host 'esxi09' timed out after 60.065s!
[1649812999] wproc: Core Worker 1355: job 31358 (pid=14749): Dormant child reaped
[1649813072] SERVICE NOTIFICATION: nagiosadmin;esxi05;ESXi Hardware Check;UNKNOWN;notify-service-by-email;UNKNOWN:
[1649813597] wproc: Core Worker 1353: job 31381 (pid=15326) timed out. Killing it
[1649813597] wproc: CHECK job 31381 from worker Core Worker 1353 timed out after 60.06s
[1649813597] wproc:   host=esxi08; service=ESXi Hardware Check;
[1649813597] wproc:   early_timeout=1; exited_ok=0; wait_status=0; error_code=62;
[1649813597] Warning: Check of service 'ESXi Hardware Check' on host 'esxi08' timed out after 60.065s!
[1649813597] wproc: Core Worker 1353: job 31381 (pid=15326): Dormant child reaped
[1649813598] wproc: Core Worker 1356: job 31381 (pid=15329) timed out. Killing it
[1649813598] wproc: CHECK job 31381 from worker Core Worker 1356 timed out after 60.03s
[1649813598] wproc:   host=esxi09; service=ESXi Hardware Check;
[1649813598] wproc:   early_timeout=1; exited_ok=0; wait_status=0; error_code=62;
[1649813598] Warning: Check of service 'ESXi Hardware Check' on host 'esxi09' timed out after 60.029s!
[1649813599] wproc: Core Worker 1356: job 31381 (pid=15329): Dormant child reaped
[1649813704] Auto-save of retention data completed successfully.
[1649814197] wproc: Core Worker 1353: job 31404 (pid=15877) timed out. Killing it
[1649814197] wproc: CHECK job 31404 from worker Core Worker 1353 timed out after 60.01s
[1649814197] wproc:   host=esxi08; service=ESXi Hardware Check;
[1649814197] wproc:   early_timeout=1; exited_ok=0; wait_status=0; error_code=62;
[1649814197] Warning: Check of service 'ESXi Hardware Check' on host 'esxi08' timed out after 60.006s!
[1649814197] wproc: Core Worker 1353: job 31404 (pid=15877): Dormant child reaped
[1649814198] wproc: Core Worker 1356: job 31404 (pid=15880) timed out. Killing it
[1649814198] wproc: CHECK job 31404 from worker Core Worker 1356 timed out after 60.06s
[1649814198] wproc:   host=esxi09; service=ESXi Hardware Check;
[1649814198] wproc:   early_timeout=1; exited_ok=0; wait_status=0; error_code=62;
[1649814198] Warning: Check of service 'ESXi Hardware Check' on host 'esxi09' timed out after 60.059s!
[1649814199] wproc: Core Worker 1356: job 31404 (pid=15880): Dormant child reaped
[1649814797] wproc: Core Worker 1353: job 31427 (pid=16420) timed out. Killing it
[1649814797] wproc: CHECK job 31427 from worker Core Worker 1353 timed out after 60.06s
[1649814797] wproc:   host=esxi08; service=ESXi Hardware Check;
[1649814797] wproc:   early_timeout=1; exited_ok=0; wait_status=0; error_code=62;
[1649814797] Warning: Check of service 'ESXi Hardware Check' on host 'esxi08' timed out after 60.061s!
[1649814797] SERVICE NOTIFICATION: nagiosadmin;esxi08;ESXi Hardware Check;CRITICAL;notify-service-by-email;(Service check timed out after 60.06 seconds)
[1649814797] wproc: Core Worker 1353: job 31427 (pid=16420): Dormant child reaped
[1649814798] wproc: Core Worker 1356: job 31427 (pid=16423) timed out. Killing it
[1649814798] wproc: CHECK job 31427 from worker Core Worker 1356 timed out after 60.05s
[1649814798] wproc:   host=esxi09; service=ESXi Hardware Check;
[1649814798] wproc:   early_timeout=1; exited_ok=0; wait_status=0; error_code=62;
[1649814798] Warning: Check of service 'ESXi Hardware Check' on host 'esxi09' timed out after 60.052s!
[1649814799] wproc: Core Worker 1356: job 31427 (pid=16423): Dormant child reaped
[1649815304] SERVICE NOTIFICATION: nagiosadmin;esxi01;ESXi Hardware Check;UNKNOWN;notify-service-by-email;UNKNOWN:
[1649815397] wproc: Core Worker 1356: job 31450 (pid=16976) timed out. Killing it
[1649815397] wproc: CHECK job 31450 from worker Core Worker 1356 timed out after 60.01s
[1649815397] wproc:   host=esxi08; service=ESXi Hardware Check;
[1649815397] wproc:   early_timeout=1; exited_ok=0; wait_status=0; error_code=62;
[1649815397] Warning: Check of service 'ESXi Hardware Check' on host 'esxi08' timed out after 60.009s!
[1649815397] wproc: Core Worker 1356: job 31450 (pid=16976): Dormant child reaped
[1649815398] wproc: Core Worker 1353: job 31451 (pid=16979) timed out. Killing it
[1649815398] wproc: CHECK job 31451 from worker Core Worker 1353 timed out after 60.06s
[1649815398] wproc:   host=esxi09; service=ESXi Hardware Check;
[1649815398] wproc:   early_timeout=1; exited_ok=0; wait_status=0; error_code=62;
[1649815398] Warning: Check of service 'ESXi Hardware Check' on host 'esxi09' timed out after 60.060s!
[1649815398] SERVICE NOTIFICATION: nagiosadmin;esxi09;ESXi Hardware Check;CRITICAL;notify-service-by-email;(Service check timed out after 60.06 seconds)
[1649815399] wproc: Core Worker 1353: job 31451 (pid=16979): Dormant child reaped
[1649815997] wproc: Core Worker 1354: job 31473 (pid=17533) timed out. Killing it
[1649815997] wproc: CHECK job 31473 from worker Core Worker 1354 timed out after 60.02s
[1649815997] wproc:   host=esxi08; service=ESXi Hardware Check;
[1649815997] wproc:   early_timeout=1; exited_ok=0; wait_status=0; error_code=62;
[1649815997] Warning: Check of service 'ESXi Hardware Check' on host 'esxi08' timed out after 60.020s!
[1649815997] wproc: Core Worker 1354: job 31473 (pid=17533): Dormant child reaped
[1649815999] wproc: Core Worker 1355: job 31474 (pid=17536) timed out. Killing it
[1649815999] wproc: CHECK job 31474 from worker Core Worker 1355 timed out after 60.06s
[1649815999] wproc:   host=esxi09; service=ESXi Hardware Check;
[1649815999] wproc:   early_timeout=1; exited_ok=0; wait_status=0; error_code=62;
[1649815999] Warning: Check of service 'ESXi Hardware Check' on host 'esxi09' timed out after 60.058s!
[1649815999] wproc: Core Worker 1355: job 31474 (pid=17536): Dormant child reaped
[1649816487] SERVICE NOTIFICATION: nagiosadmin;esxi06;ESXi Haradware Check;UNKNOWN;notify-service-by-email;UNKNOWN:
[1649816597] wproc: Core Worker 1353: job 31497 (pid=18084) timed out. Killing it
[1649816597] wproc: CHECK job 31497 from worker Core Worker 1353 timed out after 60.06s
[1649816597] wproc:   host=esxi08; service=ESXi Hardware Check;
[1649816597] wproc:   early_timeout=1; exited_ok=0; wait_status=0; error_code=62;
[1649816597] Warning: Check of service 'ESXi Hardware Check' on host 'esxi08' timed out after 60.065s!
[1649816597] wproc: Core Worker 1353: job 31497 (pid=18084): Dormant child reaped
[1649816598] wproc: Core Worker 1355: job 31497 (pid=18085) timed out. Killing it
[1649816598] wproc: CHECK job 31497 from worker Core Worker 1355 timed out after 60.04s
[1649816598] wproc:   host=esxi09; service=ESXi Hardware Check;
[1649816598] wproc:   early_timeout=1; exited_ok=0; wait_status=0; error_code=62;
[1649816598] Warning: Check of service 'ESXi Hardware Check' on host 'esxi09' timed out after 60.042s!
[1649816598] wproc: Core Worker 1355: job 31497 (pid=18085): Dormant child reaped
[1649816672] SERVICE NOTIFICATION: nagiosadmin;esxi05;ESXi Hardware Check;UNKNOWN;notify-service-by-email;UNKNOWN:
[1649817197] wproc: Core Worker 1355: job 31520 (pid=18675) timed out. Killing it
[1649817197] wproc: CHECK job 31520 from worker Core Worker 1355 timed out after 60.03s
[1649817197] wproc:   host=esxi08; service=ESXi Hardware Check;
[1649817197] wproc:   early_timeout=1; exited_ok=0; wait_status=0; error_code=62;
[1649817197] Warning: Check of service 'ESXi Hardware Check' on host 'esxi08' timed out after 60.027s!
[1649817197] wproc: Core Worker 1355: job 31520 (pid=18675): Dormant child reaped
[1649817198] wproc: Core Worker 1356: job 31520 (pid=18676) timed out. Killing it
[1649817198] wproc: CHECK job 31520 from worker Core Worker 1356 timed out after 60.06s
[1649817198] wproc:   host=esxi09; service=ESXi Hardware Check;
[1649817198] wproc:   early_timeout=1; exited_ok=0; wait_status=0; error_code=62;
[1649817198] Warning: Check of service 'ESXi Hardware Check' on host 'esxi09' timed out after 60.065s!
[1649817198] wproc: Core Worker 1356: job 31520 (pid=18676): Dormant child reaped
[1649817304] Auto-save of retention data completed successfully.
[1649817717] SERVICE ALERT: esxi01;PING;WARNING;SOFT;1;PING WARNING - Packet loss = 20%, RTA = 0.60 ms
[1649817781] SERVICE ALERT: esxi01;PING;OK;SOFT;2;PING OK - Packet loss = 0%, RTA = 0.49 ms
[1649817797] wproc: Core Worker 1356: job 31543 (pid=19226) timed out. Killing it
[1649817797] wproc: CHECK job 31543 from worker Core Worker 1356 timed out after 60.02s
[1649817797] wproc:   host=esxi08; service=ESXi Hardware Check;
[1649817797] wproc:   early_timeout=1; exited_ok=0; wait_status=0; error_code=62;
[1649817797] Warning: Check of service 'ESXi Hardware Check' on host 'esxi08' timed out after 60.015s!
[1649817797] wproc: Core Worker 1356: job 31543 (pid=19226): Dormant child reaped
[1649817798] wproc: Core Worker 1354: job 31543 (pid=19227) timed out. Killing it
[1649817798] wproc: CHECK job 31543 from worker Core Worker 1354 timed out after 60.05s
[1649817798] wproc:   host=esxi09; service=ESXi Hardware Check;
[1649817798] wproc:   early_timeout=1; exited_ok=0; wait_status=0; error_code=62;
[1649817798] Warning: Check of service 'ESXi Hardware Check' on host 'esxi09' timed out after 60.050s!
[1649817798] wproc: Core Worker 1354: job 31543 (pid=19227): Dormant child reaped
[1649818397] wproc: Core Worker 1354: job 31566 (pid=19776) timed out. Killing it
[1649818397] wproc: CHECK job 31566 from worker Core Worker 1354 timed out after 60.06s
[1649818397] wproc:   host=esxi08; service=ESXi Hardware Check;
[1649818397] wproc:   early_timeout=1; exited_ok=0; wait_status=0; error_code=62;
[1649818397] Warning: Check of service 'ESXi Hardware Check' on host 'esxi08' timed out after 60.065s!
[1649818397] SERVICE NOTIFICATION: nagiosadmin;esxi08;ESXi Hardware Check;CRITICAL;notify-service-by-email;(Service check timed out after 60.06 seconds)
[1649818398] wproc: Core Worker 1354: job 31566 (pid=19776): Dormant child reaped
[1649818398] wproc: Core Worker 1353: job 31567 (pid=19777) timed out. Killing it
[1649818398] wproc: CHECK job 31567 from worker Core Worker 1353 timed out after 60.02s
[1649818398] wproc:   host=esxi09; service=ESXi Hardware Check;
[1649818398] wproc:   early_timeout=1; exited_ok=0; wait_status=0; error_code=62;
[1649818398] Warning: Check of service 'ESXi Hardware Check' on host 'esxi09' timed out after 60.023s!
[1649818398] wproc: Core Worker 1353: job 31567 (pid=19777): Dormant child reaped
[1649818905] SERVICE NOTIFICATION: nagiosadmin;esxi01;ESXi Hardware Check;UNKNOWN;notify-service-by-email;UNKNOWN:
[1649818997] wproc: Core Worker 1355: job 31590 (pid=20336) timed out. Killing it
[1649818997] wproc: CHECK job 31590 from worker Core Worker 1355 timed out after 60.01s
[1649818997] wproc:   host=esxi08; service=ESXi Hardware Check;
[1649818997] wproc:   early_timeout=1; exited_ok=0; wait_status=0; error_code=62;
[1649818997] Warning: Check of service 'ESXi Hardware Check' on host 'esxi08' timed out after 60.010s!
[1649818998] wproc: Core Worker 1355: job 31590 (pid=20336): Dormant child reaped
[1649818998] wproc: Core Worker 1354: job 31590 (pid=20339) timed out. Killing it
[1649818998] wproc: CHECK job 31590 from worker Core Worker 1354 timed out after 60.05s
[1649818998] wproc:   host=esxi09; service=ESXi Hardware Check;
[1649818998] wproc:   early_timeout=1; exited_ok=0; wait_status=0; error_code=62;
[1649818998] Warning: Check of service 'ESXi Hardware Check' on host 'esxi09' timed out after 60.052s!
[1649818998] SERVICE NOTIFICATION: nagiosadmin;esxi09;ESXi Hardware Check;CRITICAL;notify-service-by-email;(Service check timed out after 60.05 seconds)
[1649818998] wproc: Core Worker 1354: job 31590 (pid=20339): Dormant child reaped
[1649819597] wproc: Core Worker 1356: job 31613 (pid=20901) timed out. Killing it
[1649819597] wproc: CHECK job 31613 from worker Core Worker 1356 timed out after 60.05s
[1649819597] wproc:   host=esxi08; service=ESXi Hardware Check;
[1649819597] wproc:   early_timeout=1; exited_ok=0; wait_status=0; error_code=62;
[1649819597] Warning: Check of service 'ESXi Hardware Check' on host 'esxi08' timed out after 60.047s!
[1649819598] wproc: Core Worker 1356: job 31613 (pid=20901): Dormant child reaped
[1649819598] wproc: Core Worker 1354: job 31613 (pid=20902) timed out. Killing it
[1649819598] wproc: CHECK job 31613 from worker Core Worker 1354 timed out after 60.03s
[1649819598] wproc:   host=esxi09; service=ESXi Hardware Check;
[1649819598] wproc:   early_timeout=1; exited_ok=0; wait_status=0; error_code=62;
[1649819598] Warning: Check of service 'ESXi Hardware Check' on host 'esxi09' timed out after 60.028s!
[1649819598] wproc: Core Worker 1354: job 31613 (pid=20902): Dormant child reaped
[1649820087] SERVICE NOTIFICATION: nagiosadmin;esxi06;ESXi Haradware Check;UNKNOWN;notify-service-by-email;UNKNOWN:
[1649820197] wproc: Core Worker 1354: job 31636 (pid=21452) timed out. Killing it
[1649820197] wproc: CHECK job 31636 from worker Core Worker 1354 timed out after 60.03s
[1649820197] wproc:   host=esxi08; service=ESXi Hardware Check;
[1649820197] wproc:   early_timeout=1; exited_ok=0; wait_status=0; error_code=62;
[1649820197] Warning: Check of service 'ESXi Hardware Check' on host 'esxi08' timed out after 60.027s!
[1649820198] wproc: Core Worker 1354: job 31636 (pid=21452): Dormant child reaped
[1649820198] wproc: Core Worker 1353: job 31637 (pid=21453) timed out. Killing it
[1649820198] wproc: CHECK job 31637 from worker Core Worker 1353 timed out after 60.02s
[1649820198] wproc:   host=esxi09; service=ESXi Hardware Check;
[1649820198] wproc:   early_timeout=1; exited_ok=0; wait_status=0; error_code=62;
[1649820198] Warning: Check of service 'ESXi Hardware Check' on host 'esxi09' timed out after 60.021s!
[1649820198] wproc: Core Worker 1353: job 31637 (pid=21453): Dormant child reaped
[1649820272] SERVICE NOTIFICATION: nagiosadmin;esxi05;ESXi Hardware Check;UNKNOWN;notify-service-by-email;UNKNOWN:
[1649820797] wproc: Core Worker 1353: job 31660 (pid=22026) timed out. Killing it
[1649820797] wproc: CHECK job 31660 from worker Core Worker 1353 timed out after 60.06s
[1649820797] wproc:   host=esxi08; service=ESXi Hardware Check;
[1649820797] wproc:   early_timeout=1; exited_ok=0; wait_status=0; error_code=62;
[1649820797] Warning: Check of service 'ESXi Hardware Check' on host 'esxi08' timed out after 60.061s!
[1649820798] wproc: Core Worker 1353: job 31660 (pid=22026): Dormant child reaped
[1649820798] wproc: Core Worker 1355: job 31660 (pid=22027) timed out. Killing it
[1649820798] wproc: CHECK job 31660 from worker Core Worker 1355 timed out after 60.03s
[1649820798] wproc:   host=esxi09; service=ESXi Hardware Check;
[1649820798] wproc:   early_timeout=1; exited_ok=0; wait_status=0; error_code=62;
[1649820798] Warning: Check of service 'ESXi Hardware Check' on host 'esxi09' timed out after 60.028s!
[1649820798] wproc: Core Worker 1355: job 31660 (pid=22027): Dormant child reaped
[1649820904] Auto-save of retention data completed successfully.
[1649821398] wproc: Core Worker 1353: job 31683 (pid=22569) timed out. Killing it
[1649821398] wproc: CHECK job 31683 from worker Core Worker 1353 timed out after 60.06s
[1649821398] wproc:   host=esxi08; service=ESXi Hardware Check;
[1649821398] wproc:   early_timeout=1; exited_ok=0; wait_status=0; error_code=62;
[1649821398] Warning: Check of service 'ESXi Hardware Check' on host 'esxi08' timed out after 60.065s!
[1649821398] wproc: Core Worker 1353: job 31683 (pid=22569): Dormant child reaped
[1649821398] wproc: Core Worker 1355: job 31683 (pid=22570) timed out. Killing it
[1649821398] wproc: CHECK job 31683 from worker Core Worker 1355 timed out after 60.04s
[1649821398] wproc:   host=esxi09; service=ESXi Hardware Check;
[1649821398] wproc:   early_timeout=1; exited_ok=0; wait_status=0; error_code=62;
[1649821398] Warning: Check of service 'ESXi Hardware Check' on host 'esxi09' timed out after 60.037s!
[1649821398] wproc: Core Worker 1355: job 31683 (pid=22570): Dormant child reaped
[1649821997] wproc: Core Worker 1353: job 31706 (pid=23117) timed out. Killing it
[1649821997] wproc: CHECK job 31706 from worker Core Worker 1353 timed out after 60.03s
[1649821997] wproc:   host=esxi08; service=ESXi Hardware Check;
[1649821997] wproc:   early_timeout=1; exited_ok=0; wait_status=0; error_code=62;
[1649821997] Warning: Check of service 'ESXi Hardware Check' on host 'esxi08' timed out after 60.029s!
[1649821997] SERVICE NOTIFICATION: nagiosadmin;esxi08;ESXi Hardware Check;CRITICAL;notify-service-by-email;(Service check timed out after 60.03 seconds)
[1649821997] wproc: Core Worker 1353: job 31706 (pid=23117): Dormant child reaped
[1649821998] wproc: Core Worker 1356: job 31706 (pid=23120) timed out. Killing it
[1649821998] wproc: CHECK job 31706 from worker Core Worker 1356 timed out after 60.06s
[1649821998] wproc:   host=esxi09; service=ESXi Hardware Check;
[1649821998] wproc:   early_timeout=1; exited_ok=0; wait_status=0; error_code=62;
[1649821998] Warning: Check of service 'ESXi Hardware Check' on host 'esxi09' timed out after 60.060s!
[1649821998] wproc: Core Worker 1356: job 31706 (pid=23120): Dormant child reaped
[1649822505] SERVICE NOTIFICATION: nagiosadmin;esxi01;ESXi Hardware Check;UNKNOWN;notify-service-by-email;UNKNOWN:
[1649822597] wproc: Core Worker 1356: job 31729 (pid=23676) timed out. Killing it
[1649822597] wproc: CHECK job 31729 from worker Core Worker 1356 timed out after 60.06s
[1649822597] wproc:   host=esxi08; service=ESXi Hardware Check;
[1649822597] wproc:   early_timeout=1; exited_ok=0; wait_status=0; error_code=62;
[1649822597] Warning: Check of service 'ESXi Hardware Check' on host 'esxi08' timed out after 60.059s!
[1649822597] wproc: Core Worker 1356: job 31729 (pid=23676): Dormant child reaped
[1649822598] wproc: Core Worker 1353: job 31730 (pid=23679) timed out. Killing it
[1649822598] wproc: CHECK job 31730 from worker Core Worker 1353 timed out after 60.02s
[1649822598] wproc:   host=esxi09; service=ESXi Hardware Check;
[1649822598] wproc:   early_timeout=1; exited_ok=0; wait_status=0; error_code=62;
[1649822598] Warning: Check of service 'ESXi Hardware Check' on host 'esxi09' timed out after 60.020s!
[1649822598] SERVICE NOTIFICATION: nagiosadmin;esxi09;ESXi Hardware Check;CRITICAL;notify-service-by-email;(Service check timed out after 60.02 seconds)
[1649822598] wproc: Core Worker 1353: job 31730 (pid=23679): Dormant child reaped
[1649823197] wproc: Core Worker 1354: job 31752 (pid=24228) timed out. Killing it
[1649823197] wproc: CHECK job 31752 from worker Core Worker 1354 timed out after 60.04s
[1649823197] wproc:   host=esxi08; service=ESXi Hardware Check;
[1649823197] wproc:   early_timeout=1; exited_ok=0; wait_status=0; error_code=62;
[1649823197] Warning: Check of service 'ESXi Hardware Check' on host 'esxi08' timed out after 60.038s!
[1649823197] wproc: Core Worker 1354: job 31752 (pid=24228): Dormant child reaped
[1649823198] wproc: Core Worker 1355: job 31753 (pid=24231) timed out. Killing it
[1649823198] wproc: CHECK job 31753 from worker Core Worker 1355 timed out after 60.06s
[1649823198] wproc:   host=esxi09; service=ESXi Hardware Check;
[1649823198] wproc:   early_timeout=1; exited_ok=0; wait_status=0; error_code=62;
[1649823198] Warning: Check of service 'ESXi Hardware Check' on host 'esxi09' timed out after 60.065s!
[1649823198] wproc: Core Worker 1355: job 31753 (pid=24231): Dormant child reaped
[1649823797] wproc: Core Worker 1354: job 31775 (pid=24773) timed out. Killing it
[1649823797] wproc: CHECK job 31775 from worker Core Worker 1354 timed out after 60.06s
[1649823797] wproc:   host=esxi08; service=ESXi Hardware Check;
[1649823797] wproc:   early_timeout=1; exited_ok=0; wait_status=0; error_code=62;
[1649823797] Warning: Check of service 'ESXi Hardware Check' on host 'esxi08' timed out after 60.057s!
[1649823797] wproc: Core Worker 1354: job 31775 (pid=24773): Dormant child reaped
[1649823798] wproc: Core Worker 1353: job 31776 (pid=24774) timed out. Killing it
[1649823798] wproc: CHECK job 31776 from worker Core Worker 1353 timed out after 60.05s
[1649823798] wproc:   host=esxi09; service=ESXi Hardware Check;
[1649823798] wproc:   early_timeout=1; exited_ok=0; wait_status=0; error_code=62;
[1649823798] Warning: Check of service 'ESXi Hardware Check' on host 'esxi09' timed out after 60.046s!
[1649823798] wproc: Core Worker 1353: job 31776 (pid=24774): Dormant child reaped
[1649823872] SERVICE NOTIFICATION: nagiosadmin;esxi05;ESXi Hardware Check;UNKNOWN;notify-service-by-email;UNKNOWN:
[1649824286] SERVICE NOTIFICATION: nagiosadmin;esxi06;ESXi Haradware Check;UNKNOWN;notify-service-by-email;UNKNOWN:
[1649824397] wproc: Core Worker 1355: job 31799 (pid=25358) timed out. Killing it
[1649824397] wproc: CHECK job 31799 from worker Core Worker 1355 timed out after 60.02s
[1649824397] wproc:   host=esxi08; service=ESXi Hardware Check;
[1649824397] wproc:   early_timeout=1; exited_ok=0; wait_status=0; error_code=62;
[1649824397] Warning: Check of service 'ESXi Hardware Check' on host 'esxi08' timed out after 60.023s!
[1649824397] wproc: Core Worker 1355: job 31799 (pid=25358): Dormant child reaped
[1649824398] wproc: Core Worker 1356: job 31799 (pid=25359) timed out. Killing it
[1649824398] wproc: CHECK job 31799 from worker Core Worker 1356 timed out after 60.02s
[1649824398] wproc:   host=esxi09; service=ESXi Hardware Check;
[1649824398] wproc:   early_timeout=1; exited_ok=0; wait_status=0; error_code=62;
[1649824398] Warning: Check of service 'ESXi Hardware Check' on host 'esxi09' timed out after 60.018s!
[1649824398] wproc: Core Worker 1356: job 31799 (pid=25359): Dormant child reaped
[1649824504] Auto-save of retention data completed successfully.
[1649824997] wproc: Core Worker 1355: job 31822 (pid=25907) timed out. Killing it
[1649824997] wproc: CHECK job 31822 from worker Core Worker 1355 timed out after 60.04s
[1649824997] wproc:   host=esxi08; service=ESXi Hardware Check;
[1649824997] wproc:   early_timeout=1; exited_ok=0; wait_status=0; error_code=62;
[1649824997] Warning: Check of service 'ESXi Hardware Check' on host 'esxi08' timed out after 60.044s!
[1649824997] wproc: Core Worker 1355: job 31822 (pid=25907): Dormant child reaped
[1649824998] wproc: Core Worker 1354: job 31822 (pid=25910) timed out. Killing it
[1649824998] wproc: CHECK job 31822 from worker Core Worker 1354 timed out after 60.03s
[1649824998] wproc:   host=esxi09; service=ESXi Hardware Check;
[1649824998] wproc:   early_timeout=1; exited_ok=0; wait_status=0; error_code=62;
[1649824998] Warning: Check of service 'ESXi Hardware Check' on host 'esxi09' timed out after 60.030s!
[1649824998] wproc: Core Worker 1354: job 31822 (pid=25910): Dormant child reaped
[1649825597] wproc: Core Worker 1355: job 31845 (pid=26461) timed out. Killing it
[1649825597] wproc: CHECK job 31845 from worker Core Worker 1355 timed out after 60.06s
[1649825597] wproc:   host=esxi08; service=ESXi Hardware Check;
[1649825597] wproc:   early_timeout=1; exited_ok=0; wait_status=0; error_code=62;
[1649825597] Warning: Check of service 'ESXi Hardware Check' on host 'esxi08' timed out after 60.065s!
[1649825597] SERVICE NOTIFICATION: nagiosadmin;esxi08;ESXi Hardware Check;CRITICAL;notify-service-by-email;(Service check timed out after 60.06 seconds)
[1649825597] wproc: Core Worker 1355: job 31845 (pid=26461): Dormant child reaped
[1649825598] wproc: Core Worker 1354: job 31845 (pid=26464) timed out. Killing it
[1649825598] wproc: CHECK job 31845 from worker Core Worker 1354 timed out after 60.05s
[1649825598] wproc:   host=esxi09; service=ESXi Hardware Check;
[1649825598] wproc:   early_timeout=1; exited_ok=0; wait_status=0; error_code=62;
[1649825598] Warning: Check of service 'ESXi Hardware Check' on host 'esxi09' timed out after 60.053s!
[1649825598] wproc: Core Worker 1354: job 31845 (pid=26464): Dormant child reaped
[1649826197] wproc: Core Worker 1356: job 31868 (pid=27014) timed out. Killing it
[1649826197] wproc: CHECK job 31868 from worker Core Worker 1356 timed out after 60.04s
[1649826197] wproc:   host=esxi08; service=ESXi Hardware Check;
[1649826197] wproc:   early_timeout=1; exited_ok=0; wait_status=0; error_code=62;
[1649826197] Warning: Check of service 'ESXi Hardware Check' on host 'esxi08' timed out after 60.041s!
[1649826197] wproc: Core Worker 1356: job 31868 (pid=27014): Dormant child reaped
[1649826198] wproc: Core Worker 1353: job 31869 (pid=27017) timed out. Killing it
[1649826198] wproc: CHECK job 31869 from worker Core Worker 1353 timed out after 60.05s
[1649826198] wproc:   host=esxi09; service=ESXi Hardware Check;
[1649826198] wproc:   early_timeout=1; exited_ok=0; wait_status=0; error_code=62;
[1649826198] Warning: Check of service 'ESXi Hardware Check' on host 'esxi09' timed out after 60.047s!
[1649826198] SERVICE NOTIFICATION: nagiosadmin;esxi09;ESXi Hardware Check;CRITICAL;notify-service-by-email;(Service check timed out after 60.05 seconds)
[1649826199] wproc: Core Worker 1353: job 31869 (pid=27017): Dormant child reaped
[1649826705] SERVICE NOTIFICATION: nagiosadmin;esxi01;ESXi Hardware Check;UNKNOWN;notify-service-by-email;UNKNOWN:
[1649826797] wproc: Core Worker 1353: job 31892 (pid=27625) timed out. Killing it
[1649826797] wproc: CHECK job 31892 from worker Core Worker 1353 timed out after 60.03s
[1649826797] wproc:   host=esxi08; service=ESXi Hardware Check;
[1649826797] wproc:   early_timeout=1; exited_ok=0; wait_status=0; error_code=62;
[1649826797] Warning: Check of service 'ESXi Hardware Check' on host 'esxi08' timed out after 60.031s!
[1649826797] wproc: Core Worker 1353: job 31892 (pid=27625): Dormant child reaped
[1649826798] wproc: Core Worker 1356: job 31892 (pid=27628) timed out. Killing it
[1649826798] wproc: CHECK job 31892 from worker Core Worker 1356 timed out after 60.06s
[1649826798] wproc:   host=esxi09; service=ESXi Hardware Check;
[1649826798] wproc:   early_timeout=1; exited_ok=0; wait_status=0; error_code=62;
[1649826798] Warning: Check of service 'ESXi Hardware Check' on host 'esxi09' timed out after 60.058s!
[1649826799] wproc: Core Worker 1356: job 31892 (pid=27628): Dormant child reaped
[1649827076] EXTERNAL COMMAND: SCHEDULE_FORCED_SVC_CHECK;esxi08;ESXi Hardware Check;1649827070
[1649827136] wproc: Core Worker 1355: job 31905 (pid=27964) timed out. Killing it
[1649827136] wproc: CHECK job 31905 from worker Core Worker 1355 timed out after 60.00s
[1649827136] wproc:   host=esxi08; service=ESXi Hardware Check;
[1649827136] wproc:   early_timeout=1; exited_ok=0; wait_status=0; error_code=62;
[1649827136] Warning: Check of service 'ESXi Hardware Check' on host 'esxi08' timed out after 60.005s!
[1649827136] wproc: Core Worker 1355: job 31905 (pid=27964): Dormant child reaped
[1649827348] EXTERNAL COMMAND: SCHEDULE_FORCED_SVC_CHECK;esxi08;ESXi Hardware Check;1649827343
[1649827396] EXTERNAL COMMAND: SCHEDULE_FORCED_SVC_CHECK;esxi08;ESXi Hardware Check;1649827506
[1649827398] wproc: Core Worker 1355: job 31915 (pid=28244) timed out. Killing it
[1649827398] wproc: CHECK job 31915 from worker Core Worker 1355 timed out after 60.03s
[1649827398] wproc:   host=esxi09; service=ESXi Hardware Check;
[1649827398] wproc:   early_timeout=1; exited_ok=0; wait_status=0; error_code=62;
[1649827398] Warning: Check of service 'ESXi Hardware Check' on host 'esxi09' timed out after 60.029s!
[1649827399] wproc: Core Worker 1355: job 31915 (pid=28244): Dormant child reaped
[1649827408] wproc: Core Worker 1354: job 31915 (pid=28249) timed out. Killing it
[1649827408] wproc: CHECK job 31915 from worker Core Worker 1354 timed out after 60.01s
[1649827408] wproc:   host=esxi08; service=ESXi Hardware Check;
[1649827408] wproc:   early_timeout=1; exited_ok=0; wait_status=0; error_code=62;
[1649827408] Warning: Check of service 'ESXi Hardware Check' on host 'esxi08' timed out after 60.015s!
[1649827408] wproc: Core Worker 1354: job 31915 (pid=28249): Dormant child reaped
[1649827472] SERVICE NOTIFICATION: nagiosadmin;esxi05;ESXi Hardware Check;UNKNOWN;notify-service-by-email;UNKNOWN:
[1649827566] wproc: Core Worker 1353: job 31925 (pid=28394) timed out. Killing it
[1649827566] wproc: CHECK job 31925 from worker Core Worker 1353 timed out after 60.00s
[1649827566] wproc:   host=esxi08; service=ESXi Hardware Check;
[1649827566] wproc:   early_timeout=1; exited_ok=0; wait_status=0; error_code=62;
[1649827566] Warning: Check of service 'ESXi Hardware Check' on host 'esxi08' timed out after 60.005s!
[1649827566] wproc: Core Worker 1353: job 31925 (pid=28394): Dormant child reaped
[1649827617] Caught SIGTERM, shutting down...
[1649827617] Caught SIGTERM, shutting down...
[1649827617] Successfully shutdown... (PID=1350)
[1649827657] Nagios 4.4.4 starting... (PID=1313)
[1649827657] Local time is Wed Apr 13 10:57:37 IST 2022
[1649827657] LOG VERSION: 2.0
[1649827657] qh: Socket '/usr/local/nagios/var/rw/nagios.qh' successfully initialized
[1649827657] qh: core query handler registered
[1649827657] qh: echo service query handler registered
[1649827657] qh: help for the query handler registered
[1649827657] wproc: Successfully registered manager as @wproc with query handler
[1649827657] wproc: Registry request: name=Core Worker 1314;pid=1314
[1649827657] wproc: Registry request: name=Core Worker 1316;pid=1316
[1649827657] wproc: Registry request: name=Core Worker 1317;pid=1317
[1649827657] wproc: Registry request: name=Core Worker 1315;pid=1315
[1649827657] Successfully launched command file worker with pid 1318
[1649827689] Caught SIGTERM, shutting down...
[1649827689] Successfully shutdown... (PID=1313)
[1649827724] Nagios 4.4.4 starting... (PID=1295)
[1649827724] Local time is Wed Apr 13 10:58:44 IST 2022
[1649827724] LOG VERSION: 2.0
[1649827724] qh: Socket '/usr/local/nagios/var/rw/nagios.qh' successfully initialized
[1649827724] qh: core query handler registered
[1649827724] qh: echo service query handler registered
[1649827724] qh: help for the query handler registered
[1649827724] wproc: Successfully registered manager as @wproc with query handler
[1649827724] wproc: Registry request: name=Core Worker 1300;pid=1300
[1649827724] wproc: Registry request: name=Core Worker 1303;pid=1303
[1649827724] wproc: Registry request: name=Core Worker 1301;pid=1301
[1649827724] wproc: Registry request: name=Core Worker 1302;pid=1302
[1649827724] Successfully launched command file worker with pid 1327
[1649827729] SERVICE ALERT: esxi08;PING;WARNING;SOFT;1;PING WARNING - Packet loss = 20%, RTA = 1.32 ms
[1649827793] SERVICE ALERT: esxi08;PING;OK;SOFT;2;PING OK - Packet loss = 0%, RTA = 0.54 ms
[1649827888] EXTERNAL COMMAND: SCHEDULE_FORCED_SVC_CHECK;esxi08;ESXi Hardware Check;1649827999
[1649827998] wproc: Core Worker 1301: job 9 (pid=2141) timed out. Killing it
[1649827998] wproc: CHECK job 9 from worker Core Worker 1301 timed out after 60.02s
[1649827998] wproc:   host=esxi09; service=ESXi Hardware Check;
[1649827998] wproc:   early_timeout=1; exited_ok=0; wait_status=0; error_code=62;
[1649827998] Warning: Check of service 'ESXi Hardware Check' on host 'esxi09' timed out after 60.015s!
[1649827998] wproc: Core Worker 1301: job 9 (pid=2141): Dormant child reaped
[1649828059] wproc: Core Worker 1302: job 10 (pid=2159) timed out. Killing it
[1649828059] wproc: CHECK job 10 from worker Core Worker 1302 timed out after 60.02s
[1649828059] wproc:   host=esxi08; service=ESXi Hardware Check;
[1649828059] wproc:   early_timeout=1; exited_ok=0; wait_status=0; error_code=62;
[1649828059] Warning: Check of service 'ESXi Hardware Check' on host 'esxi08' timed out after 60.023s!
[1649828059] wproc: Core Worker 1302: job 10 (pid=2159): Dormant child reaped
[1649828074] SERVICE ALERT: esxi09;PING;CRITICAL;SOFT;1;CRITICAL - Plugin timed out
[1649828104] wproc: Core Worker 1300: job 14 (pid=2193) timed out. Killing it
[1649828104] wproc: CHECK job 14 from worker Core Worker 1300 timed out after 30.00s
[1649828104] wproc:   host=esxi09; service=(null);
[1649828104] wproc:   early_timeout=1; exited_ok=0; wait_status=0; error_code=62;
[1649828104] Warning: Check of host 'esxi09' timed out after 30.00 seconds
[1649828104] HOST ALERT: esxi09;DOWN;SOFT;1;(Host check timed out after 30.00 seconds)
[1649828104] wproc: Core Worker 1300: job 14 (pid=2193): Dormant child reaped
[1649828145] SERVICE ALERT: esxi09;PING;CRITICAL;HARD;4;CRITICAL - Plugin timed out
[1649828182] wproc: Core Worker 1301: job 20 (pid=2403) timed out. Killing it
[1649828182] wproc: Core Worker 1301: job 25107536 with pid 2403 reaped at timeout. timeouts=1; started=22
[1649828194] wproc: Core Worker 1301: job 21 (pid=2411) timed out. Killing it
[1649828194] wproc: CHECK job 21 from worker Core Worker 1301 timed out after 30.00s
[1649828194] wproc:   host=esxi09; service=(null);
[1649828194] wproc:   early_timeout=1; exited_ok=0; wait_status=0; error_code=62;
[1649828194] Warning: Check of host 'esxi09' timed out after 30.00 seconds
[1649828194] HOST ALERT: esxi09;DOWN;SOFT;2;(Host check timed out after 30.00 seconds)
[1649828194] wproc: Core Worker 1301: job 21 (pid=2411): Dormant child reaped
[1649828284] wproc: Core Worker 1303: job 23 (pid=2450) timed out. Killing it
[1649828284] wproc: CHECK job 23 from worker Core Worker 1303 timed out after 30.03s
[1649828284] wproc:   host=esxi09; service=(null);
[1649828284] wproc:   early_timeout=1; exited_ok=0; wait_status=0; error_code=62;
[1649828284] Warning: Check of host 'esxi09' timed out after 30.03 seconds
[1649828284] HOST ALERT: esxi09;DOWN;SOFT;3;(Host check timed out after 30.03 seconds)
[1649828284] wproc: Core Worker 1303: job 23 (pid=2450): Dormant child reaped
[1649828346] HOST ALERT: esxi09;DOWN;SOFT;4;CRITICAL - Host Unreachable (10.5.5.59)
[1649828401] EXTERNAL COMMAND: SCHEDULE_FORCED_HOST_CHECK;esxi09;1649828514
[1649828437] EXTERNAL COMMAND: SCHEDULE_HOST_SVC_CHECKS;esxi09;1649828437
[1649828438] SERVICE ALERT: esxi09;PING;OK;HARD;4;PING OK - Packet loss = 0%, RTA = 0.42 ms
[1649828447] SERVICE NOTIFICATION: nagiosadmin;esxi09;ESXi Hardware Check;OK;notify-service-by-email;OK - Server: Cisco Systems Inc UCSC-C220-M4S s/n: FCH22157ERY Chassis S/N: FCH2216V0YN  System BIOS: C220M4.3.0.4a.0.0226182253 2018-02-26
[1649828447] SERVICE ALERT: esxi09;ESXi Hardware Check;OK;HARD;3;OK - Server: Cisco Systems Inc UCSC-C220-M4S s/n: FCH22157ERY Chassis S/N: FCH2216V0YN  System BIOS: C220M4.3.0.4a.0.0226182253 2018-02-26
[1649828486] SERVICE NOTIFICATION: nagiosadmin;esxi06;ESXi Haradware Check;UNKNOWN;notify-service-by-email;UNKNOWN:
[1649828519] HOST ALERT: esxi09;UP;SOFT;1;PING OK - Packet loss = 0%, RTA = 0.50 ms
[1649828543] EXTERNAL COMMAND: SCHEDULE_FORCED_HOST_CHECK;esxi09;1649828593
[1649828593] EXTERNAL COMMAND: SCHEDULE_FORCED_HOST_CHECK;esxi01;1649828675
[1649828630] EXTERNAL COMMAND: SCHEDULE_FORCED_SVC_CHECK;esxi08;ESXi Hardware Check;1649828678
[1649828659] wproc: Core Worker 1302: job 35 (pid=2858) timed out. Killing it
[1649828659] wproc: CHECK job 35 from worker Core Worker 1302 timed out after 60.02s
[1649828659] wproc:   host=esxi08; service=ESXi Hardware Check;
[1649828659] wproc:   early_timeout=1; exited_ok=0; wait_status=0; error_code=62;
[1649828659] Warning: Check of service 'ESXi Hardware Check' on host 'esxi08' timed out after 60.022s!
[1649828659] wproc: Core Worker 1302: job 35 (pid=2858): Dormant child reaped
[1649828661] EXTERNAL COMMAND: ACKNOWLEDGE_SVC_PROBLEM;esxi08;ESXi Hardware Check;2;1;0;Nagios Admin;ok
[1649828661] SERVICE NOTIFICATION: nagiosadmin;esxi08;ESXi Hardware Check;ACKNOWLEDGEMENT (CRITICAL);notify-service-by-email;(Service check timed out after 60.02 seconds);Nagios Admin;ok
[1649828705] EXTERNAL COMMAND: DEL_SVC_COMMENT;149
[1649828738] wproc: Core Worker 1303: job 39 (pid=2934) timed out. Killing it
[1649828738] wproc: CHECK job 39 from worker Core Worker 1303 timed out after 60.01s
[1649828738] wproc:   host=esxi08; service=ESXi Hardware Check;
[1649828738] wproc:   early_timeout=1; exited_ok=0; wait_status=0; error_code=62;
[1649828738] Warning: Check of service 'ESXi Hardware Check' on host 'esxi08' timed out after 60.009s!
[1649828738] wproc: Core Worker 1303: job 39 (pid=2934): Dormant child reaped
[1649828762] EXTERNAL COMMAND: SCHEDULE_FORCED_SVC_CHECK;esxi08;ESXi Hardware Check;1649828874
[1649828934] wproc: Core Worker 1301: job 48 (pid=3224) timed out. Killing it
[1649828934] wproc: CHECK job 48 from worker Core Worker 1301 timed out after 60.00s
[1649828934] wproc:   host=esxi08; service=ESXi Hardware Check;
[1649828934] wproc:   early_timeout=1; exited_ok=0; wait_status=0; error_code=62;
[1649828934] Warning: Check of service 'ESXi Hardware Check' on host 'esxi08' timed out after 60.004s!
[1649828934] wproc: Core Worker 1301: job 48 (pid=3224): Dormant child reaped
[1649829534] wproc: Core Worker 1301: job 71 (pid=3781) timed out. Killing it
[1649829534] wproc: CHECK job 71 from worker Core Worker 1301 timed out after 60.01s
[1649829534] wproc:   host=esxi08; service=ESXi Hardware Check;
[1649829534] wproc:   early_timeout=1; exited_ok=0; wait_status=0; error_code=62;
[1649829534] Warning: Check of service 'ESXi Hardware Check' on host 'esxi08' timed out after 60.006s!
[1649829534] wproc: Core Worker 1301: job 71 (pid=3781): Dormant child reaped
[1649830084] SERVICE NOTIFICATION: nagiosadmin;esxi08;ESXi Hardware Check;OK;notify-service-by-email;OK - Server: Cisco Systems Inc UCSC-C220-M4S s/n: FCH22137QJN Chassis S/N: FCH2216V0YV  System BIOS: C220M4.3.0.4a.0.0226182253 2018-02-26
[1649830084] SERVICE ALERT: esxi08;ESXi Hardware Check;OK;HARD;3;OK - Server: Cisco Systems Inc UCSC-C220-M4S s/n: FCH22137QJN Chassis S/N: FCH2216V0YV  System BIOS: C220M4.3.0.4a.0.0226182253 2018-02-26
[1649830305] SERVICE NOTIFICATION: nagiosadmin;esxi01;ESXi Hardware Check;UNKNOWN;notify-service-by-email;UNKNOWN:
[1649830451] SERVICE NOTIFICATION: nagiosadmin;esxi05;ESXi Hardware Check;OK;notify-service-by-email;OK - Server: Cisco Systems Inc UCSC-C220-M4S s/n: FCH22157EPD Chassis S/N: FCH2216V0Z0  System BIOS: C220M4.3.0.4a.0.0226182253 2018-02-26
[1649830451] SERVICE ALERT: esxi05;ESXi Hardware Check;OK;HARD;3;OK - Server: Cisco Systems Inc UCSC-C220-M4S s/n: FCH22157EPD Chassis S/N: FCH2216V0Z0  System BIOS: C220M4.3.0.4a.0.0226182253 2018-02-26
[1649830865] SERVICE NOTIFICATION: nagiosadmin;esxi06;ESXi Haradware Check;OK;notify-service-by-email;OK - Server: Cisco Systems Inc UCSC-C220-M4S s/n: FCH22157ERW Chassis S/N: FCH2216V0X8  System BIOS: C220M4.3.0.4a.0.0226182253 2018-02-26
[1649830865] SERVICE ALERT: esxi06;ESXi Haradware Check;OK;HARD;3;OK - Server: Cisco Systems Inc UCSC-C220-M4S s/n: FCH22157ERW Chassis S/N: FCH2216V0X8  System BIOS: C220M4.3.0.4a.0.0226182253 2018-02-26
[1649830882] SERVICE NOTIFICATION: nagiosadmin;esxi01;ESXi Hardware Check;OK;notify-service-by-email;OK - Server: Cisco Systems Inc UCSC-C220-M4S s/n: FCH22157EQH Chassis S/N: FCH2216V0WN  System BIOS: C220M4.3.0.4a.0.0226182253 2018-02-26
[1649830882] SERVICE ALERT: esxi01;ESXi Hardware Check;OK;HARD;3;OK - Server: Cisco Systems Inc UCSC-C220-M4S s/n: FCH22157EQH Chassis S/N: FCH2216V0WN  System BIOS: C220M4.3.0.4a.0.0226182253 2018-02-26
[1649831324] Auto-save of retention data completed successfully.
[1649834924] Auto-save of retention data completed successfully.
[1649838524] Auto-save of retention data completed successfully.
[1649842124] Auto-save of retention data completed successfully.
[1649842446] SERVICE ALERT: esxi01;PING;WARNING;SOFT;1;PING WARNING - Packet loss = 20%, RTA = 0.57 ms
[1649842510] SERVICE ALERT: esxi01;PING;OK;SOFT;2;PING OK - Packet loss = 0%, RTA = 0.49 ms
[1649844975] SERVICE ALERT: esxi01;PING;WARNING;SOFT;1;PING WARNING - Packet loss = 20%, RTA = 0.54 ms
[1649845039] SERVICE ALERT: esxi01;PING;OK;SOFT;2;PING OK - Packet loss = 0%, RTA = 0.60 ms
[1649845724] Auto-save of retention data completed successfully.
[1649849324] Auto-save of retention data completed successfully.
[1649852924] Auto-save of retention data completed successfully.
[1649856524] Auto-save of retention data completed successfully.
[1649860124] Auto-save of retention data completed successfully.
[1649863724] Auto-save of retention data completed successfully.
[1649867324] Auto-save of retention data completed successfully.
[1649870924] Auto-save of retention data completed successfully.
[1649874524] Auto-save of retention data completed successfully.
